2022-08-25 14:29:57.982 *** Start program *** Start program
2022-08-25 14:30:10.904 *** Open case *** /Users/zhihuang/Downloads/S-demo-4304
2022-08-25 14:30:14.560 *** Open processed data
2022-08-25 14:30:14.561 *** Preload all statistics at once.
2022-08-25 14:30:16.316 *** Nuclei stat data loaded, took 1.76 seconds. Total number of nuclei: 1002261
2022-08-25 14:30:22.536 *** Mouse movement (LeftButton) ***  Mouse coords: (559, 218) (52932, 16641)
2022-08-25 14:30:22.601 *** Mouse movement (LeftButton) ***  Mouse coords: (656, 233) (68452, 19041)
2022-08-25 14:30:22.625 *** Mouse movement (LeftButton) ***  Mouse coords: (697, 248) (59491, 19040)
2022-08-25 14:30:22.655 *** Mouse movement (LeftButton) ***  Mouse coords: (711, 253) (55171, 17440)
2022-08-25 14:30:22.677 *** Mouse movement (LeftButton) ***  Mouse coords: (745, 266) (58371, 18721)
2022-08-25 14:30:22.700 *** Mouse movement (LeftButton) ***  Mouse coords: (752, 269) (54052, 17121)
2022-08-25 14:30:22.720 *** Mouse movement (LeftButton) ***  Mouse coords: (753, 270) (53091, 16800)
2022-08-25 14:30:22.740 *** Mouse movement (LeftButton) ***  Mouse coords: (753, 270) (52931, 16640)
2022-08-25 14:30:22.761 *** Mouse movement (LeftButton) ***  Mouse coords: (753, 270) (52931, 16640)
2022-08-25 14:30:22.807 *** Mouse movement (LeftButton) ***  Mouse coords: (753, 270) (52931, 16640)
2022-08-25 14:30:24.546 *** Mouse movement (LeftButton) ***  Mouse coords: (48, 19) (-67432, -54335)
2022-08-25 14:30:35.297 *** Keyboard input *** key pressed: key: 66; text: "b"
2022-08-25 14:30:35.586 *** Keyboard input *** key pressed: key: 66; text: "b"
2022-08-25 14:30:35.940 *** Keyboard input *** key pressed: key: 66; text: "b"
2022-08-25 14:30:36.129 *** Keyboard input *** key pressed: key: 66; text: "b"
2022-08-25 14:30:37.019 *** Program closed.
