2022-11-13 11:12:14.328 *** Start program *** Start program
2022-11-13 11:12:38.729 *** Open case *** /Users/zhihuang/Desktop/S4325
2022-11-13 11:12:47.460 *** Open case *** /Users/zhihuang/Desktop/S3254
2022-11-13 11:12:55.753 *** Open case *** /Users/zhihuang/Desktop/S0354
2022-11-13 11:12:59.898 *** Open processed data
2022-11-13 11:12:59.900 *** Preload all statistics at once.
2022-11-13 11:13:02.019 *** Nuclei stat data loaded, took 2.12 seconds. Total number of nuclei: 1088486
2022-11-13 11:13:08.164 *** Mouse movement (LeftButton) ***  Mouse coords: (298, 469) (20136, 41555)
2022-11-13 11:13:08.285 *** Mouse movement (LeftButton) ***  Mouse coords: (298, 469) (20136, 41555)
2022-11-13 11:13:08.319 *** Mouse movement (LeftButton) ***  Mouse coords: (308, 469) (21736, 41555)
2022-11-13 11:13:08.344 *** Mouse movement (LeftButton) ***  Mouse coords: (315, 469) (21255, 41555)
2022-11-13 11:13:08.396 *** Mouse movement (LeftButton) ***  Mouse coords: (322, 469) (21255, 41555)
2022-11-13 11:13:08.424 *** Mouse movement (LeftButton) ***  Mouse coords: (323, 469) (20295, 41555)
2022-11-13 11:13:13.202 *** Open processed data
2022-11-13 11:13:13.203 *** Preload all statistics at once.
2022-11-13 11:13:13.803 *** Nuclei stat data loaded, took 0.60 seconds. Total number of nuclei: 471151
2022-11-13 11:13:19.049 *** Open processed data
2022-11-13 11:13:19.051 *** Preload all statistics at once.
2022-11-13 11:13:20.003 *** Nuclei stat data loaded, took 0.95 seconds. Total number of nuclei: 686936
2022-11-13 11:13:24.582 *** Mouse movement (LeftButton) ***  Mouse coords: (560, 538) (50770, 49035)
2022-11-13 11:13:24.763 *** Mouse movement (LeftButton) ***  Mouse coords: (560, 538) (50770, 49035)
2022-11-13 11:13:24.806 *** Mouse movement (LeftButton) ***  Mouse coords: (560, 536) (50770, 48781)
2022-11-13 11:13:24.830 *** Mouse movement (LeftButton) ***  Mouse coords: (560, 536) (50770, 49035)
2022-11-13 11:13:24.851 *** Mouse movement (LeftButton) ***  Mouse coords: (560, 534) (50770, 48780)
2022-11-13 11:13:24.870 *** Mouse movement (LeftButton) ***  Mouse coords: (560, 532) (50770, 48781)
2022-11-13 11:13:24.892 *** Mouse movement (LeftButton) ***  Mouse coords: (560, 530) (50770, 48780)
2022-11-13 11:13:24.911 *** Mouse movement (LeftButton) ***  Mouse coords: (559, 526) (50643, 48526)
2022-11-13 11:13:24.931 *** Mouse movement (LeftButton) ***  Mouse coords: (558, 521) (50643, 48399)
2022-11-13 11:13:24.951 *** Mouse movement (LeftButton) ***  Mouse coords: (557, 518) (50642, 48653)
2022-11-13 11:13:24.971 *** Mouse movement (LeftButton) ***  Mouse coords: (555, 513) (50516, 48398)
2022-11-13 11:13:24.991 *** Mouse movement (LeftButton) ***  Mouse coords: (554, 510) (50643, 48654)
2022-11-13 11:13:25.011 *** Mouse movement (LeftButton) ***  Mouse coords: (552, 505) (50515, 48398)
2022-11-13 11:13:25.030 *** Mouse movement (LeftButton) ***  Mouse coords: (551, 501) (50643, 48526)
2022-11-13 11:13:25.053 *** Mouse movement (LeftButton) ***  Mouse coords: (549, 496) (50515, 48399)
2022-11-13 11:13:25.073 *** Mouse movement (LeftButton) ***  Mouse coords: (547, 491) (50516, 48398)
2022-11-13 11:13:25.098 *** Mouse movement (LeftButton) ***  Mouse coords: (546, 487) (50642, 48526)
2022-11-13 11:13:25.153 *** Mouse movement (LeftButton) ***  Mouse coords: (545, 485) (50643, 48781)
2022-11-13 11:13:25.193 *** Mouse movement (LeftButton) ***  Mouse coords: (545, 484) (50770, 48907)
2022-11-13 11:13:25.220 *** Mouse movement (LeftButton) ***  Mouse coords: (545, 483) (50770, 48908)
2022-11-13 11:13:25.240 *** Mouse movement (LeftButton) ***  Mouse coords: (545, 482) (50770, 48908)
2022-11-13 11:13:25.259 *** Mouse movement (LeftButton) ***  Mouse coords: (545, 482) (50770, 49035)
2022-11-13 11:13:25.279 *** Mouse movement (LeftButton) ***  Mouse coords: (545, 481) (50770, 48907)
2022-11-13 11:13:25.299 *** Mouse movement (LeftButton) ***  Mouse coords: (545, 479) (50770, 48781)
2022-11-13 11:13:25.318 *** Mouse movement (LeftButton) ***  Mouse coords: (544, 477) (50643, 48780)
2022-11-13 11:13:25.339 *** Mouse movement (LeftButton) ***  Mouse coords: (543, 473) (50642, 48526)
2022-11-13 11:13:25.359 *** Mouse movement (LeftButton) ***  Mouse coords: (540, 459) (50389, 47253)
2022-11-13 11:13:25.379 *** Mouse movement (LeftButton) ***  Mouse coords: (535, 441) (50133, 46744)
2022-11-13 11:13:25.399 *** Mouse movement (LeftButton) ***  Mouse coords: (531, 426) (50261, 47126)
2022-11-13 11:13:25.418 *** Mouse movement (LeftButton) ***  Mouse coords: (526, 410) (50134, 46999)
2022-11-13 11:13:25.438 *** Mouse movement (LeftButton) ***  Mouse coords: (518, 388) (49751, 46235)
2022-11-13 11:13:25.461 *** Mouse movement (LeftButton) ***  Mouse coords: (515, 379) (50389, 47889)
2022-11-13 11:13:25.481 *** Mouse movement (LeftButton) ***  Mouse coords: (512, 369) (50388, 47762)
2022-11-13 11:13:25.505 *** Mouse movement (LeftButton) ***  Mouse coords: (511, 366) (50643, 48653)
2022-11-13 11:13:25.562 *** Mouse movement (LeftButton) ***  Mouse coords: (511, 366) (50770, 49035)
2022-11-13 11:13:28.109 *** Open processed data
2022-11-13 11:13:28.111 *** Preload all statistics at once.
2022-11-13 11:13:28.780 *** Nuclei stat data loaded, took 0.67 seconds. Total number of nuclei: 441310
2022-11-13 11:13:34.231 *** Mouse movement (LeftButton) ***  Mouse coords: (1038, 369) (97344, 32732)
2022-11-13 11:13:34.310 *** Mouse movement (LeftButton) ***  Mouse coords: (1038, 368) (97344, 32687)
2022-11-13 11:13:34.345 *** Mouse movement (LeftButton) ***  Mouse coords: (1004, 380) (95826, 33268)
2022-11-13 11:13:34.368 *** Mouse movement (LeftButton) ***  Mouse coords: (976, 395) (96095, 33402)
2022-11-13 11:13:34.389 *** Mouse movement (LeftButton) ***  Mouse coords: (958, 406) (96540, 33223)
2022-11-13 11:13:34.414 *** Mouse movement (LeftButton) ***  Mouse coords: (928, 426) (96005, 33624)
2022-11-13 11:13:34.433 *** Mouse movement (LeftButton) ***  Mouse coords: (897, 449) (95961, 33759)
2022-11-13 11:13:34.453 *** Mouse movement (LeftButton) ***  Mouse coords: (872, 470) (96228, 33669)
2022-11-13 11:13:34.472 *** Mouse movement (LeftButton) ***  Mouse coords: (863, 479) (96942, 33134)
2022-11-13 11:13:34.496 *** Mouse movement (LeftButton) ***  Mouse coords: (858, 485) (97121, 33000)
2022-11-13 11:13:34.515 *** Mouse movement (LeftButton) ***  Mouse coords: (853, 490) (97121, 32955)
2022-11-13 11:13:34.535 *** Mouse movement (LeftButton) ***  Mouse coords: (850, 494) (97210, 32910)
2022-11-13 11:13:34.555 *** Mouse movement (LeftButton) ***  Mouse coords: (848, 497) (97255, 32866)
2022-11-13 11:13:34.580 *** Mouse movement (LeftButton) ***  Mouse coords: (847, 499) (97299, 32822)
2022-11-13 11:13:34.600 *** Mouse movement (LeftButton) ***  Mouse coords: (846, 501) (97299, 32821)
2022-11-13 11:13:34.619 *** Mouse movement (LeftButton) ***  Mouse coords: (846, 502) (97344, 32776)
2022-11-13 11:13:34.641 *** Mouse movement (LeftButton) ***  Mouse coords: (846, 502) (97344, 32732)
2022-11-13 11:13:34.661 *** Mouse movement (LeftButton) ***  Mouse coords: (846, 502) (97344, 32732)
2022-11-13 11:13:36.243 *** Mouse movement (LeftButton) ***  Mouse coords: (810, 455) (94141, 31936)
2022-11-13 11:13:36.279 *** Mouse movement (LeftButton) ***  Mouse coords: (796, 455) (93930, 31936)
2022-11-13 11:13:36.306 *** Mouse movement (LeftButton) ***  Mouse coords: (778, 459) (93869, 31996)
2022-11-13 11:13:36.327 *** Mouse movement (LeftButton) ***  Mouse coords: (757, 466) (93825, 32042)
2022-11-13 11:13:36.348 *** Mouse movement (LeftButton) ***  Mouse coords: (748, 469) (94005, 31981)
2022-11-13 11:13:36.368 *** Mouse movement (LeftButton) ***  Mouse coords: (731, 475) (93885, 32027)
2022-11-13 11:13:36.390 *** Mouse movement (LeftButton) ***  Mouse coords: (707, 483) (93779, 32056)
2022-11-13 11:13:36.409 *** Mouse movement (LeftButton) ***  Mouse coords: (698, 485) (94006, 31966)
2022-11-13 11:13:36.428 *** Mouse movement (LeftButton) ***  Mouse coords: (692, 487) (94050, 31966)
2022-11-13 11:13:36.452 *** Mouse movement (LeftButton) ***  Mouse coords: (687, 488) (94066, 31952)
2022-11-13 11:13:36.471 *** Mouse movement (LeftButton) ***  Mouse coords: (686, 488) (94126, 31936)
2022-11-13 11:13:36.493 *** Mouse movement (LeftButton) ***  Mouse coords: (686, 488) (94141, 31936)
2022-11-13 11:13:36.512 *** Mouse movement (LeftButton) ***  Mouse coords: (685, 488) (94126, 31936)
2022-11-13 11:13:36.549 *** Mouse movement (LeftButton) ***  Mouse coords: (685, 488) (94141, 31936)
2022-11-13 11:13:45.928 *** Open processed data
2022-11-13 11:13:45.931 *** Preload all statistics at once.
2022-11-13 11:13:46.195 *** Nuclei stat data loaded, took 0.26 seconds. Total number of nuclei: 319957
2022-11-13 11:13:48.751 *** Mouse movement (LeftButton) ***  Mouse coords: (215, 548) (21715, 38057)
2022-11-13 11:13:48.787 *** Mouse movement (LeftButton) ***  Mouse coords: (223, 548) (22704, 38057)
2022-11-13 11:13:48.825 *** Mouse movement (LeftButton) ***  Mouse coords: (306, 548) (33314, 38057)
2022-11-13 11:13:48.853 *** Mouse movement (LeftButton) ***  Mouse coords: (403, 548) (35294, 38057)
2022-11-13 11:13:48.883 *** Mouse movement (LeftButton) ***  Mouse coords: (438, 548) (26524, 38057)
2022-11-13 11:13:48.910 *** Mouse movement (LeftButton) ***  Mouse coords: (556, 548) (38265, 38057)
2022-11-13 11:13:48.930 *** Mouse movement (LeftButton) ***  Mouse coords: (562, 548) (22422, 38057)
2022-11-13 11:13:48.962 *** Mouse movement (LeftButton) ***  Mouse coords: (572, 548) (22987, 38057)
2022-11-13 11:13:48.981 *** Mouse movement (LeftButton) ***  Mouse coords: (579, 548) (22564, 38057)
2022-11-13 11:13:49.000 *** Mouse movement (LeftButton) ***  Mouse coords: (580, 548) (21714, 38057)
2022-11-13 11:13:49.029 *** Mouse movement (LeftButton) ***  Mouse coords: (580, 548) (21573, 38057)
2022-11-13 11:13:49.049 *** Mouse movement (LeftButton) ***  Mouse coords: (580, 548) (21573, 38057)
2022-11-13 11:13:54.458 *** Open processed data
2022-11-13 11:13:54.460 *** Preload all statistics at once.
2022-11-13 11:13:55.719 *** Nuclei stat data loaded, took 1.26 seconds. Total number of nuclei: 793467
2022-11-13 11:13:59.602 *** Mouse movement (LeftButton) ***  Mouse coords: (749, 450) (35871, 24410)
2022-11-13 11:13:59.726 *** Mouse movement (LeftButton) ***  Mouse coords: (749, 450) (35871, 24410)
2022-11-13 11:13:59.753 *** Mouse movement (LeftButton) ***  Mouse coords: (742, 450) (34909, 24410)
2022-11-13 11:13:59.782 *** Mouse movement (LeftButton) ***  Mouse coords: (721, 450) (32987, 24410)
2022-11-13 11:13:59.812 *** Mouse movement (LeftButton) ***  Mouse coords: (696, 447) (32437, 23997)
2022-11-13 11:13:59.835 *** Mouse movement (LeftButton) ***  Mouse coords: (687, 446) (34634, 24273)
2022-11-13 11:13:59.871 *** Mouse movement (LeftButton) ***  Mouse coords: (670, 442) (33536, 23861)
2022-11-13 11:13:59.893 *** Mouse movement (LeftButton) ***  Mouse coords: (659, 441) (34361, 24272)
2022-11-13 11:13:59.918 *** Mouse movement (LeftButton) ***  Mouse coords: (657, 441) (35596, 24410)
2022-11-13 11:13:59.960 *** Mouse movement (LeftButton) ***  Mouse coords: (656, 441) (35733, 24410)
2022-11-13 11:14:03.777 *** Mouse movement (LeftButton) ***  Mouse coords: (990, 441) (71186, 24624)
2022-11-13 11:14:03.885 *** Mouse movement (LeftButton) ***  Mouse coords: (989, 441) (71092, 24624)
2022-11-13 11:14:03.921 *** Mouse movement (LeftButton) ***  Mouse coords: (913, 412) (63996, 21881)
2022-11-13 11:14:03.941 *** Mouse movement (LeftButton) ***  Mouse coords: (821, 365) (62483, 20178)
2022-11-13 11:14:03.962 *** Mouse movement (LeftButton) ***  Mouse coords: (678, 292) (57659, 17718)
2022-11-13 11:14:04.004 *** Mouse movement (LeftButton) ***  Mouse coords: (585, 256) (62389, 21219)
2022-11-13 11:14:04.023 *** Mouse movement (LeftButton) ***  Mouse coords: (544, 245) (67307, 23583)
2022-11-13 11:14:04.042 *** Mouse movement (LeftButton) ***  Mouse coords: (523, 242) (69200, 24340)
2022-11-13 11:14:04.067 *** Mouse movement (LeftButton) ***  Mouse coords: (510, 240) (69956, 24435)
2022-11-13 11:14:04.090 *** Mouse movement (LeftButton) ***  Mouse coords: (501, 240) (70335, 24624)
2022-11-13 11:14:04.109 *** Mouse movement (LeftButton) ***  Mouse coords: (500, 240) (71091, 24624)
2022-11-13 11:14:04.127 *** Mouse movement (LeftButton) ***  Mouse coords: (499, 240) (71091, 24624)
2022-11-13 11:14:04.147 *** Mouse movement (LeftButton) ***  Mouse coords: (498, 240) (71092, 24624)
2022-11-13 11:30:17.083 *** Program closed.
