2022-08-13 20:44:20.481 *** Start program *** Start program
2022-08-13 20:44:25.440 *** Open case *** /media/zhihuang/Drive14/Google_Colon_lnm_pos_2015_slides/slides/S0425
2022-08-13 20:44:27.397 *** Open processed data
2022-08-13 20:44:27.398 *** Preload all statistics at once.
2022-08-13 20:44:28.216 *** Nuclei stat data loaded, took 0.82 seconds. Total number of nuclei: 954361
2022-08-13 20:44:32.708 *** Process image overlay spent 0.00 seconds.
2022-08-13 20:44:32.711 *** Get cell color spent 0.00 seconds.
2022-08-13 20:44:33.202 *** Mouse movement (LeftButton) ***  Mouse coords: (532, 170) (46502, 38820)
2022-08-13 20:44:33.212 *** Mouse movement (LeftButton) ***  Mouse coords: (533, 173) (46505, 38824)
2022-08-13 20:44:33.231 *** Mouse movement (LeftButton) ***  Mouse coords: (541, 193) (46528, 38878)
2022-08-13 20:44:33.247 *** Mouse movement (LeftButton) ***  Mouse coords: (562, 237) (46568, 38954)
2022-08-13 20:44:33.264 *** Mouse movement (LeftButton) ***  Mouse coords: (603, 325) (46633, 39094)
2022-08-13 20:44:33.280 *** Mouse movement (LeftButton) ***  Mouse coords: (636, 379) (46607, 38986)
2022-08-13 20:44:33.297 *** Mouse movement (LeftButton) ***  Mouse coords: (650, 402) (46547, 38887)
2022-08-13 20:44:33.313 *** Mouse movement (LeftButton) ***  Mouse coords: (667, 421) (46556, 38874)
2022-08-13 20:44:33.330 *** Mouse movement (LeftButton) ***  Mouse coords: (679, 432) (46540, 38849)
2022-08-13 20:44:33.347 *** Mouse movement (LeftButton) ***  Mouse coords: (681, 432) (46508, 38814)
2022-08-13 20:44:33.393 *** Process image overlay spent 0.00 seconds.
2022-08-13 20:44:33.396 *** Get cell color spent 0.00 seconds.
2022-08-13 20:44:33.913 *** Process image overlay spent 0.00 seconds.
2022-08-13 20:44:33.915 *** Get cell color spent 0.00 seconds.
2022-08-13 20:44:35.153 *** Mouse movement (LeftButton) ***  Mouse coords: (599, 376) (46306, 38727)
2022-08-13 20:44:35.398 *** Mouse movement (LeftButton) ***  Mouse coords: (516, 537) (46155, 39020)
2022-08-13 20:44:35.414 *** Mouse movement (LeftButton) ***  Mouse coords: (524, 548) (46169, 39040)
2022-08-13 20:44:35.431 *** Mouse movement (LeftButton) ***  Mouse coords: (547, 570) (46211, 39080)
2022-08-13 20:44:35.447 *** Mouse movement (LeftButton) ***  Mouse coords: (565, 584) (46244, 39105)
2022-08-13 20:44:35.464 *** Mouse movement (LeftButton) ***  Mouse coords: (577, 590) (46266, 39116)
2022-08-13 20:44:35.481 *** Mouse movement (LeftButton) ***  Mouse coords: (594, 597) (46297, 39129)
2022-08-13 20:44:35.497 *** Mouse movement (LeftButton) ***  Mouse coords: (613, 603) (46331, 39140)
2022-08-13 20:44:35.514 *** Mouse movement (LeftButton) ***  Mouse coords: (615, 604) (46335, 39142)
2022-08-13 20:44:35.664 *** Mouse movement (LeftButton) ***  Mouse coords: (777, 603) (46630, 39140)
2022-08-13 20:44:35.690 *** Mouse movement (LeftButton) ***  Mouse coords: (799, 589) (46670, 39114)
2022-08-13 20:44:35.703 *** Mouse movement (LeftButton) ***  Mouse coords: (816, 566) (46701, 39072)
2022-08-13 20:44:35.714 *** Mouse movement (LeftButton) ***  Mouse coords: (824, 550) (46715, 39043)
2022-08-13 20:44:35.730 *** Mouse movement (LeftButton) ***  Mouse coords: (835, 522) (46735, 38992)
2022-08-13 20:44:35.830 *** Mouse movement (LeftButton) ***  Mouse coords: (884, 331) (46824, 38645)
2022-08-13 20:44:35.846 *** Mouse movement (LeftButton) ***  Mouse coords: (885, 330) (46826, 38643)
2022-08-13 20:44:35.863 *** Mouse movement (LeftButton) ***  Mouse coords: (885, 327) (46826, 38638)
2022-08-13 20:44:35.880 *** Mouse movement (LeftButton) ***  Mouse coords: (882, 318) (46821, 38621)
2022-08-13 20:44:35.896 *** Mouse movement (LeftButton) ***  Mouse coords: (879, 312) (46815, 38610)
2022-08-13 20:44:35.913 *** Mouse movement (LeftButton) ***  Mouse coords: (875, 301) (46808, 38590)
2022-08-13 20:44:36.022 *** Mouse movement (LeftButton) ***  Mouse coords: (766, 198) (46610, 38403)
2022-08-13 20:44:36.032 *** Mouse movement (LeftButton) ***  Mouse coords: (758, 195) (46595, 38398)
2022-08-13 20:44:36.047 *** Mouse movement (LeftButton) ***  Mouse coords: (757, 195) (46593, 38398)
2022-08-13 20:44:37.503 *** Interactive label *** Apply to case start.
2022-08-13 20:44:40.239 *** Interactive label *** Apply to case done.
2022-08-13 20:44:40.360 *** Interactive label *** Apply to case finish overlay create.
2022-08-13 20:44:40.364 *** Process image overlay spent 0.00 seconds.
2022-08-13 20:44:40.366 *** Get cell color spent 0.00 seconds.
2022-08-13 20:44:41.206 *** Process image overlay spent 0.00 seconds.
2022-08-13 20:44:41.210 *** Get cell color spent 0.00 seconds.
2022-08-13 20:44:41.932 *** Process image overlay spent 0.00 seconds.
2022-08-13 20:44:41.936 *** Get cell color spent 0.00 seconds.
2022-08-13 20:44:43.931 *** Mouse movement (LeftButton) ***  Mouse coords: (350, 298) (40261, 35298)
2022-08-13 20:44:45.358 *** Process image overlay spent 0.00 seconds.
2022-08-13 20:44:45.363 *** Get cell color spent 0.00 seconds.
2022-08-13 20:44:46.010 *** Process image overlay spent 0.00 seconds.
2022-08-13 20:44:46.012 *** Get cell color spent 0.00 seconds.
2022-08-13 20:44:48.315 *** Process image overlay spent 0.00 seconds.
2022-08-13 20:44:48.324 *** Get cell color spent 0.01 seconds.
2022-08-13 20:44:48.896 *** Process image overlay spent 0.00 seconds.
2022-08-13 20:44:48.899 *** Get cell color spent 0.00 seconds.
2022-08-13 20:44:49.980 *** Mouse movement (LeftButton) ***  Mouse coords: (560, 213) (40100, 35009)
2022-08-13 20:44:50.016 *** Mouse movement (LeftButton) ***  Mouse coords: (561, 210) (40103, 35000)
2022-08-13 20:44:50.243 *** Mouse movement (LeftButton) ***  Mouse coords: (593, 179) (40205, 34901)
2022-08-13 20:44:50.281 *** Mouse movement (LeftButton) ***  Mouse coords: (597, 180) (40218, 34904)
2022-08-13 20:44:50.434 *** Mouse movement (LeftButton) ***  Mouse coords: (643, 186) (40364, 34923)
2022-08-13 20:44:50.512 *** Mouse movement (LeftButton) ***  Mouse coords: (643, 187) (40364, 34926)
2022-08-13 20:44:50.534 *** Mouse movement (LeftButton) ***  Mouse coords: (646, 190) (40374, 34936)
2022-08-13 20:44:50.554 *** Mouse movement (LeftButton) ***  Mouse coords: (647, 191) (40377, 34939)
2022-08-13 20:44:50.668 *** Mouse movement (LeftButton) ***  Mouse coords: (662, 203) (40425, 34977)
2022-08-13 20:44:50.680 *** Mouse movement (LeftButton) ***  Mouse coords: (662, 205) (40425, 34984)
2022-08-13 20:44:50.697 *** Mouse movement (LeftButton) ***  Mouse coords: (662, 207) (40425, 34990)
2022-08-13 20:44:50.725 *** Mouse movement (LeftButton) ***  Mouse coords: (662, 213) (40425, 35009)
2022-08-13 20:44:50.742 *** Mouse movement (LeftButton) ***  Mouse coords: (662, 219) (40425, 35028)
2022-08-13 20:44:50.753 *** Mouse movement (LeftButton) ***  Mouse coords: (662, 224) (40425, 35044)
2022-08-13 20:44:50.764 *** Mouse movement (LeftButton) ***  Mouse coords: (662, 225) (40425, 35047)
2022-08-13 20:44:50.780 *** Mouse movement (LeftButton) ***  Mouse coords: (660, 231) (40418, 35066)
2022-08-13 20:44:52.335 *** Mouse movement (LeftButton) ***  Mouse coords: (830, 201) (40960, 34971)
2022-08-13 20:44:52.346 *** Mouse movement (LeftButton) ***  Mouse coords: (830, 203) (40960, 34977)
2022-08-13 20:44:52.362 *** Mouse movement (LeftButton) ***  Mouse coords: (828, 208) (40953, 34993)
2022-08-13 20:44:52.379 *** Mouse movement (LeftButton) ***  Mouse coords: (824, 216) (40940, 35019)
2022-08-13 20:44:52.396 *** Mouse movement (LeftButton) ***  Mouse coords: (815, 231) (40912, 35066)
2022-08-13 20:44:52.412 *** Mouse movement (LeftButton) ***  Mouse coords: (807, 245) (40886, 35111)
2022-08-13 20:44:52.429 *** Mouse movement (LeftButton) ***  Mouse coords: (800, 251) (40864, 35130)
2022-08-13 20:44:52.446 *** Mouse movement (LeftButton) ***  Mouse coords: (796, 255) (40851, 35143)
2022-08-13 20:44:52.462 *** Mouse movement (LeftButton) ***  Mouse coords: (794, 258) (40845, 35152)
2022-08-13 20:44:52.479 *** Mouse movement (LeftButton) ***  Mouse coords: (793, 260) (40842, 35159)
2022-08-13 20:44:52.496 *** Mouse movement (LeftButton) ***  Mouse coords: (792, 263) (40839, 35168)
2022-08-13 20:44:52.512 *** Mouse movement (LeftButton) ***  Mouse coords: (791, 265) (40835, 35175)
2022-08-13 20:44:52.529 *** Mouse movement (LeftButton) ***  Mouse coords: (790, 267) (40832, 35181)
2022-08-13 20:44:52.546 *** Mouse movement (LeftButton) ***  Mouse coords: (788, 269) (40826, 35187)
2022-08-13 20:44:52.605 *** Mouse movement (LeftButton) ***  Mouse coords: (788, 270) (40826, 35191)
2022-08-13 20:44:57.777 *** Process image overlay spent 0.00 seconds.
2022-08-13 20:44:57.779 *** Get cell color spent 0.00 seconds.
2022-08-13 20:44:58.620 *** Mouse movement (LeftButton) ***  Mouse coords: (578, 133) (40266, 34925)
2022-08-13 20:44:58.631 *** Mouse movement (LeftButton) ***  Mouse coords: (577, 133) (40264, 34925)
2022-08-13 20:44:58.648 *** Mouse movement (LeftButton) ***  Mouse coords: (574, 134) (40258, 34927)
2022-08-13 20:44:58.664 *** Mouse movement (LeftButton) ***  Mouse coords: (570, 135) (40251, 34929)
2022-08-13 20:44:58.681 *** Mouse movement (LeftButton) ***  Mouse coords: (566, 136) (40244, 34930)
2022-08-13 20:44:58.780 *** Mouse movement (LeftButton) ***  Mouse coords: (521, 169) (40162, 34990)
2022-08-13 20:44:58.796 *** Mouse movement (LeftButton) ***  Mouse coords: (517, 175) (40155, 35001)
2022-08-13 20:44:58.813 *** Mouse movement (LeftButton) ***  Mouse coords: (513, 179) (40147, 35009)
2022-08-13 20:44:58.830 *** Mouse movement (LeftButton) ***  Mouse coords: (510, 184) (40142, 35018)
2022-08-13 20:44:58.846 *** Mouse movement (LeftButton) ***  Mouse coords: (507, 186) (40137, 35021)
2022-08-13 20:44:58.865 *** Mouse movement (LeftButton) ***  Mouse coords: (506, 188) (40135, 35025)
2022-08-13 20:44:58.980 *** Mouse movement (LeftButton) ***  Mouse coords: (466, 214) (40062, 35072)
2022-08-13 20:44:58.996 *** Mouse movement (LeftButton) ***  Mouse coords: (456, 218) (40044, 35079)
2022-08-13 20:44:59.013 *** Mouse movement (LeftButton) ***  Mouse coords: (449, 222) (40031, 35087)
2022-08-13 20:44:59.030 *** Mouse movement (LeftButton) ***  Mouse coords: (444, 224) (40022, 35090)
2022-08-13 20:44:59.046 *** Mouse movement (LeftButton) ***  Mouse coords: (438, 227) (40011, 35096)
2022-08-13 20:44:59.063 *** Mouse movement (LeftButton) ***  Mouse coords: (427, 232) (39991, 35105)
2022-08-13 20:44:59.080 *** Mouse movement (LeftButton) ***  Mouse coords: (425, 233) (39987, 35107)
2022-08-13 20:44:59.188 *** Mouse movement (LeftButton) ***  Mouse coords: (395, 257) (39933, 35150)
2022-08-13 20:44:59.198 *** Mouse movement (LeftButton) ***  Mouse coords: (390, 261) (39924, 35158)
2022-08-13 20:44:59.213 *** Mouse movement (LeftButton) ***  Mouse coords: (388, 263) (39920, 35161)
2022-08-13 20:44:59.230 *** Mouse movement (LeftButton) ***  Mouse coords: (387, 265) (39918, 35165)
2022-08-13 20:44:59.246 *** Mouse movement (LeftButton) ***  Mouse coords: (386, 267) (39916, 35169)
2022-08-13 20:44:59.263 *** Mouse movement (LeftButton) ***  Mouse coords: (386, 268) (39916, 35170)
2022-08-13 20:44:59.372 *** Mouse movement (LeftButton) ***  Mouse coords: (384, 291) (39913, 35212)
2022-08-13 20:44:59.382 *** Mouse movement (LeftButton) ***  Mouse coords: (384, 294) (39913, 35218)
2022-08-13 20:44:59.397 *** Mouse movement (LeftButton) ***  Mouse coords: (385, 295) (39915, 35220)
2022-08-13 20:44:59.413 *** Mouse movement (LeftButton) ***  Mouse coords: (387, 295) (39918, 35220)
2022-08-13 20:44:59.430 *** Mouse movement (LeftButton) ***  Mouse coords: (395, 296) (39933, 35221)
2022-08-13 20:44:59.446 *** Mouse movement (LeftButton) ***  Mouse coords: (413, 297) (39966, 35223)
2022-08-13 20:44:59.463 *** Mouse movement (LeftButton) ***  Mouse coords: (421, 298) (39980, 35225)
2022-08-13 20:44:59.563 *** Mouse movement (LeftButton) ***  Mouse coords: (481, 292) (40089, 35214)
2022-08-13 20:44:59.580 *** Mouse movement (LeftButton) ***  Mouse coords: (483, 290) (40093, 35210)
2022-08-13 20:44:59.596 *** Mouse movement (LeftButton) ***  Mouse coords: (488, 288) (40102, 35207)
2022-08-13 20:44:59.613 *** Mouse movement (LeftButton) ***  Mouse coords: (495, 286) (40115, 35203)
2022-08-13 20:44:59.630 *** Mouse movement (LeftButton) ***  Mouse coords: (504, 284) (40131, 35200)
2022-08-13 20:44:59.646 *** Mouse movement (LeftButton) ***  Mouse coords: (512, 283) (40146, 35198)
2022-08-13 20:44:59.663 *** Mouse movement (LeftButton) ***  Mouse coords: (524, 282) (40167, 35196)
2022-08-13 20:44:59.780 *** Mouse movement (LeftButton) ***  Mouse coords: (574, 278) (40258, 35189)
2022-08-13 20:44:59.796 *** Mouse movement (LeftButton) ***  Mouse coords: (575, 277) (40260, 35187)
2022-08-13 20:44:59.813 *** Mouse movement (LeftButton) ***  Mouse coords: (578, 276) (40266, 35185)
2022-08-13 20:44:59.830 *** Mouse movement (LeftButton) ***  Mouse coords: (580, 274) (40269, 35181)
2022-08-13 20:44:59.846 *** Mouse movement (LeftButton) ***  Mouse coords: (586, 272) (40280, 35178)
2022-08-13 20:44:59.863 *** Mouse movement (LeftButton) ***  Mouse coords: (596, 267) (40298, 35169)
2022-08-13 20:44:59.880 *** Mouse movement (LeftButton) ***  Mouse coords: (608, 260) (40320, 35156)
2022-08-13 20:44:59.980 *** Mouse movement (LeftButton) ***  Mouse coords: (630, 247) (40360, 35132)
2022-08-13 20:44:59.996 *** Mouse movement (LeftButton) ***  Mouse coords: (631, 245) (40362, 35129)
2022-08-13 20:45:00.013 *** Mouse movement (LeftButton) ***  Mouse coords: (634, 244) (40368, 35127)
2022-08-13 20:45:00.030 *** Mouse movement (LeftButton) ***  Mouse coords: (640, 243) (40378, 35125)
2022-08-13 20:45:00.046 *** Mouse movement (LeftButton) ***  Mouse coords: (653, 240) (40402, 35119)
2022-08-13 20:45:00.063 *** Mouse movement (LeftButton) ***  Mouse coords: (669, 237) (40431, 35114)
2022-08-13 20:45:00.080 *** Mouse movement (LeftButton) ***  Mouse coords: (674, 235) (40440, 35110)
2022-08-13 20:45:00.195 *** Mouse movement (LeftButton) ***  Mouse coords: (708, 220) (40502, 35083)
2022-08-13 20:45:00.204 *** Mouse movement (LeftButton) ***  Mouse coords: (708, 219) (40502, 35081)
2022-08-13 20:45:00.214 *** Mouse movement (LeftButton) ***  Mouse coords: (709, 218) (40504, 35079)
2022-08-13 20:45:00.230 *** Mouse movement (LeftButton) ***  Mouse coords: (710, 216) (40506, 35076)
2022-08-13 20:45:00.246 *** Mouse movement (LeftButton) ***  Mouse coords: (712, 213) (40509, 35070)
2022-08-13 20:45:00.263 *** Mouse movement (LeftButton) ***  Mouse coords: (715, 209) (40515, 35063)
2022-08-13 20:45:00.280 *** Mouse movement (LeftButton) ***  Mouse coords: (717, 202) (40519, 35050)
2022-08-13 20:45:00.396 *** Mouse movement (LeftButton) ***  Mouse coords: (724, 172) (40531, 34996)
2022-08-13 20:45:00.420 *** Mouse movement (LeftButton) ***  Mouse coords: (724, 171) (40531, 34994)
2022-08-13 20:45:00.442 *** Mouse movement (LeftButton) ***  Mouse coords: (725, 169) (40533, 34990)
2022-08-13 20:45:00.452 *** Mouse movement (LeftButton) ***  Mouse coords: (725, 168) (40533, 34989)
2022-08-13 20:45:00.464 *** Mouse movement (LeftButton) ***  Mouse coords: (725, 167) (40533, 34987)
2022-08-13 20:45:00.480 *** Mouse movement (LeftButton) ***  Mouse coords: (725, 163) (40533, 34979)
2022-08-13 20:45:00.496 *** Mouse movement (LeftButton) ***  Mouse coords: (725, 152) (40533, 34959)
2022-08-13 20:45:00.513 *** Mouse movement (LeftButton) ***  Mouse coords: (724, 146) (40531, 34949)
2022-08-13 20:45:00.705 *** Mouse movement (LeftButton) ***  Mouse coords: (725, 97) (40533, 34859)
2022-08-13 20:45:00.719 *** Mouse movement (LeftButton) ***  Mouse coords: (725, 96) (40533, 34858)
2022-08-13 20:45:02.255 *** Interactive label *** Apply to case start.
2022-08-13 20:45:04.808 *** Interactive label *** Apply to case done.
2022-08-13 20:45:06.839 *** Interactive label *** Apply to case finish overlay create.
2022-08-13 20:45:06.843 *** Process image overlay spent 0.00 seconds.
2022-08-13 20:45:06.845 *** Get cell color spent 0.00 seconds.
2022-08-13 20:45:07.682 *** Process image overlay spent 0.00 seconds.
2022-08-13 20:45:07.685 *** Get cell color spent 0.00 seconds.
2022-08-13 20:45:08.318 *** Process image overlay spent 0.00 seconds.
2022-08-13 20:45:08.327 *** Get cell color spent 0.01 seconds.
2022-08-13 20:45:09.011 *** Process image overlay spent 0.00 seconds.
2022-08-13 20:45:09.014 *** Get cell color spent 0.00 seconds.
2022-08-13 20:45:13.658 *** Mouse movement (LeftButton) ***  Mouse coords: (807, 418) (53686, 43782)
2022-08-13 20:45:13.685 *** Mouse movement (LeftButton) ***  Mouse coords: (803, 418) (53413, 43782)
2022-08-13 20:45:13.700 *** Mouse movement (LeftButton) ***  Mouse coords: (794, 415) (52955, 43508)
2022-08-13 20:45:13.712 *** Mouse movement (LeftButton) ***  Mouse coords: (778, 410) (52315, 43325)
2022-08-13 20:45:13.729 *** Mouse movement (LeftButton) ***  Mouse coords: (760, 404) (52132, 43233)
2022-08-13 20:45:13.746 *** Mouse movement (LeftButton) ***  Mouse coords: (739, 398) (51858, 43234)
2022-08-13 20:45:13.762 *** Mouse movement (LeftButton) ***  Mouse coords: (703, 388) (50487, 42867)
2022-08-13 20:45:13.779 *** Mouse movement (LeftButton) ***  Mouse coords: (693, 386) (52864, 43599)
2022-08-13 20:45:13.796 *** Mouse movement (LeftButton) ***  Mouse coords: (681, 381) (52680, 43325)
2022-08-13 20:45:13.812 *** Mouse movement (LeftButton) ***  Mouse coords: (673, 377) (53047, 43417)
2022-08-13 20:45:13.829 *** Mouse movement (LeftButton) ***  Mouse coords: (667, 374) (53229, 43507)
2022-08-13 20:45:13.846 *** Mouse movement (LeftButton) ***  Mouse coords: (664, 372) (53504, 43599)
2022-08-13 20:45:13.862 *** Mouse movement (LeftButton) ***  Mouse coords: (662, 371) (53595, 43691)
2022-08-13 20:45:14.918 *** Mouse movement (LeftButton) ***  Mouse coords: (700, 360) (62227, 40650)
2022-08-13 20:45:14.930 *** Mouse movement (LeftButton) ***  Mouse coords: (699, 360) (62228, 40787)
2022-08-13 20:45:14.946 *** Mouse movement (LeftButton) ***  Mouse coords: (695, 358) (61817, 40514)
2022-08-13 20:45:14.962 *** Mouse movement (LeftButton) ***  Mouse coords: (675, 354) (59631, 40240)
2022-08-13 20:45:14.981 *** Mouse movement (LeftButton) ***  Mouse coords: (666, 350) (61134, 40240)
2022-08-13 20:45:14.996 *** Mouse movement (LeftButton) ***  Mouse coords: (641, 345) (58948, 40104)
2022-08-13 20:45:15.013 *** Mouse movement (LeftButton) ***  Mouse coords: (617, 338) (59084, 39830)
2022-08-13 20:45:15.029 *** Mouse movement (LeftButton) ***  Mouse coords: (591, 332) (58811, 39967)
2022-08-13 20:45:15.046 *** Mouse movement (LeftButton) ***  Mouse coords: (555, 326) (57444, 39968)
2022-08-13 20:45:15.063 *** Mouse movement (LeftButton) ***  Mouse coords: (536, 321) (59767, 40103)
2022-08-13 20:45:15.079 *** Mouse movement (LeftButton) ***  Mouse coords: (527, 321) (61134, 40787)
2022-08-13 20:45:15.097 *** Mouse movement (LeftButton) ***  Mouse coords: (526, 321) (62228, 40787)
2022-08-13 20:45:15.172 *** Mouse movement (LeftButton) ***  Mouse coords: (526, 322) (62364, 40924)
2022-08-13 20:45:16.454 *** Process image overlay spent 0.00 seconds.
2022-08-13 20:45:16.486 *** Get cell color spent 0.03 seconds.
2022-08-13 20:45:17.113 *** Process image overlay spent 0.00 seconds.
2022-08-13 20:45:17.117 *** Get cell color spent 0.00 seconds.
2022-08-13 20:45:17.818 *** Process image overlay spent 0.00 seconds.
2022-08-13 20:45:17.820 *** Get cell color spent 0.00 seconds.
2022-08-13 20:45:17.920 *** Process image overlay spent 0.01 seconds.
2022-08-13 20:45:17.921 *** Get cell color spent 0.00 seconds.
2022-08-13 20:45:17.946 *** Process image overlay spent 0.00 seconds.
2022-08-13 20:45:17.947 *** Get cell color spent 0.00 seconds.
2022-08-13 20:45:18.108 *** Process image overlay spent 0.00 seconds.
2022-08-13 20:45:18.110 *** Get cell color spent 0.00 seconds.
2022-08-13 20:45:18.600 *** Mouse movement (LeftButton) ***  Mouse coords: (736, 167) (40570, 34879)
2022-08-13 20:45:18.613 *** Mouse movement (LeftButton) ***  Mouse coords: (735, 168) (40569, 34880)
2022-08-13 20:45:18.629 *** Mouse movement (LeftButton) ***  Mouse coords: (731, 172) (40564, 34884)
2022-08-13 20:45:18.646 *** Mouse movement (LeftButton) ***  Mouse coords: (719, 189) (40551, 34905)
2022-08-13 20:45:18.664 *** Mouse movement (LeftButton) ***  Mouse coords: (707, 202) (40551, 34898)
2022-08-13 20:45:18.679 *** Mouse movement (LeftButton) ***  Mouse coords: (702, 207) (40563, 34886)
2022-08-13 20:45:18.696 *** Mouse movement (LeftButton) ***  Mouse coords: (692, 219) (40554, 34896)
2022-08-13 20:45:18.714 *** Mouse movement (LeftButton) ***  Mouse coords: (685, 227) (40559, 34891)
2022-08-13 20:45:18.729 *** Mouse movement (LeftButton) ***  Mouse coords: (683, 229) (40567, 34881)
2022-08-13 20:45:18.746 *** Mouse movement (LeftButton) ***  Mouse coords: (682, 230) (40568, 34879)
2022-08-13 20:45:18.764 *** Mouse movement (LeftButton) ***  Mouse coords: (682, 231) (40570, 34880)
2022-08-13 20:45:18.779 *** Mouse movement (LeftButton) ***  Mouse coords: (682, 232) (40570, 34879)
2022-08-13 20:45:18.796 *** Mouse movement (LeftButton) ***  Mouse coords: (682, 233) (40570, 34880)
2022-08-13 20:45:18.813 *** Mouse movement (LeftButton) ***  Mouse coords: (681, 233) (40569, 34878)
2022-08-13 20:45:18.988 *** Process image overlay spent 0.00 seconds.
2022-08-13 20:45:18.990 *** Get cell color spent 0.00 seconds.
2022-08-13 20:45:19.782 *** Process image overlay spent 0.00 seconds.
2022-08-13 20:45:19.784 *** Get cell color spent 0.00 seconds.
2022-08-13 20:45:19.807 *** Process image overlay spent 0.00 seconds.
2022-08-13 20:45:19.808 *** Get cell color spent 0.00 seconds.
2022-08-13 20:45:20.542 *** Mouse movement (LeftButton) ***  Mouse coords: (655, 224) (40562, 34916)
2022-08-13 20:45:20.553 *** Process image overlay spent 0.00 seconds.
2022-08-13 20:45:20.554 *** Get cell color spent 0.00 seconds.
2022-08-13 20:45:20.568 *** Mouse movement (LeftButton) ***  Mouse coords: (654, 224) (40561, 34915)
2022-08-13 20:45:20.573 *** Process image overlay spent 0.00 seconds.
2022-08-13 20:45:20.574 *** Get cell color spent 0.00 seconds.
2022-08-13 20:45:20.600 *** Process image overlay spent 0.00 seconds.
2022-08-13 20:45:20.601 *** Get cell color spent 0.00 seconds.
2022-08-13 20:45:20.695 *** Interactive label *** (double click) click on screen. screen: (654, 224); slide: (40562, 34915). case_id: S0425, slide_id: A9, Nuclei index selected: 188931
2022-08-13 20:45:20.729 *** Interactive label *** Apply to case start.
2022-08-13 20:45:23.251 *** Interactive label *** Apply to case done.
2022-08-13 20:45:25.177 *** Interactive label *** Apply to case finish overlay create.
2022-08-13 20:45:25.182 *** Process image overlay spent 0.00 seconds.
2022-08-13 20:45:25.183 *** Get cell color spent 0.00 seconds.
2022-08-13 20:45:26.370 *** Mouse movement (LeftButton) ***  Mouse coords: (710, 242) (40611, 34931)
2022-08-13 20:45:26.379 *** Process image overlay spent 0.00 seconds.
2022-08-13 20:45:26.381 *** Get cell color spent 0.00 seconds.
2022-08-13 20:45:26.394 *** Mouse movement (LeftButton) ***  Mouse coords: (710, 248) (40611, 34935)
2022-08-13 20:45:26.400 *** Process image overlay spent 0.00 seconds.
2022-08-13 20:45:26.401 *** Get cell color spent 0.00 seconds.
2022-08-13 20:45:26.416 *** Mouse movement (LeftButton) ***  Mouse coords: (711, 254) (40612, 34935)
2022-08-13 20:45:26.422 *** Process image overlay spent 0.00 seconds.
2022-08-13 20:45:26.423 *** Get cell color spent 0.00 seconds.
2022-08-13 20:45:26.438 *** Mouse movement (LeftButton) ***  Mouse coords: (712, 264) (40612, 34939)
2022-08-13 20:45:26.444 *** Process image overlay spent 0.00 seconds.
2022-08-13 20:45:26.446 *** Get cell color spent 0.00 seconds.
2022-08-13 20:45:26.461 *** Mouse movement (LeftButton) ***  Mouse coords: (713, 274) (40612, 34939)
2022-08-13 20:45:26.466 *** Process image overlay spent 0.00 seconds.
2022-08-13 20:45:26.468 *** Get cell color spent 0.00 seconds.
2022-08-13 20:45:26.483 *** Mouse movement (LeftButton) ***  Mouse coords: (714, 282) (40612, 34937)
2022-08-13 20:45:26.488 *** Process image overlay spent 0.00 seconds.
2022-08-13 20:45:26.489 *** Get cell color spent 0.00 seconds.
2022-08-13 20:45:26.504 *** Mouse movement (LeftButton) ***  Mouse coords: (714, 286) (40611, 34934)
2022-08-13 20:45:26.510 *** Process image overlay spent 0.00 seconds.
2022-08-13 20:45:26.511 *** Get cell color spent 0.00 seconds.
2022-08-13 20:45:26.526 *** Mouse movement (LeftButton) ***  Mouse coords: (715, 292) (40612, 34935)
2022-08-13 20:45:26.532 *** Process image overlay spent 0.00 seconds.
2022-08-13 20:45:26.533 *** Get cell color spent 0.00 seconds.
2022-08-13 20:45:26.549 *** Mouse movement (LeftButton) ***  Mouse coords: (715, 295) (40611, 34933)
2022-08-13 20:45:26.554 *** Process image overlay spent 0.00 seconds.
2022-08-13 20:45:26.555 *** Get cell color spent 0.00 seconds.
2022-08-13 20:45:26.570 *** Mouse movement (LeftButton) ***  Mouse coords: (715, 297) (40611, 34932)
2022-08-13 20:45:26.576 *** Process image overlay spent 0.00 seconds.
2022-08-13 20:45:26.578 *** Get cell color spent 0.00 seconds.
2022-08-13 20:45:26.592 *** Mouse movement (LeftButton) ***  Mouse coords: (716, 299) (40612, 34931)
2022-08-13 20:45:26.598 *** Process image overlay spent 0.00 seconds.
2022-08-13 20:45:26.599 *** Get cell color spent 0.00 seconds.
2022-08-13 20:45:26.624 *** Process image overlay spent 0.00 seconds.
2022-08-13 20:45:26.625 *** Get cell color spent 0.00 seconds.
2022-08-13 20:45:27.693 *** Process image overlay spent 0.00 seconds.
2022-08-13 20:45:27.695 *** Get cell color spent 0.00 seconds.
2022-08-13 20:45:28.455 *** Process image overlay spent 0.00 seconds.
2022-08-13 20:45:28.456 *** Get cell color spent 0.00 seconds.
2022-08-13 20:45:29.881 *** Process image overlay spent 0.00 seconds.
2022-08-13 20:45:29.883 *** Get cell color spent 0.00 seconds.
2022-08-13 20:45:29.979 *** Process image overlay spent 0.00 seconds.
2022-08-13 20:45:29.983 *** Get cell color spent 0.00 seconds.
2022-08-13 20:45:30.505 *** Process image overlay spent 0.00 seconds.
2022-08-13 20:45:30.536 *** Get cell color spent 0.03 seconds.
2022-08-13 20:45:32.239 *** Process image overlay spent 0.00 seconds.
2022-08-13 20:45:32.271 *** Get cell color spent 0.03 seconds.
2022-08-13 20:45:32.667 *** Process image overlay spent 0.00 seconds.
2022-08-13 20:45:32.675 *** Get cell color spent 0.01 seconds.
2022-08-13 20:45:32.966 *** Process image overlay spent 0.00 seconds.
2022-08-13 20:45:32.999 *** Get cell color spent 0.03 seconds.
2022-08-13 20:45:33.967 *** Mouse movement (LeftButton) ***  Mouse coords: (434, 418) (36433, 35844)
2022-08-13 20:45:33.979 *** Mouse movement (LeftButton) ***  Mouse coords: (437, 417) (36462, 35843)
2022-08-13 20:45:33.996 *** Mouse movement (LeftButton) ***  Mouse coords: (445, 414) (36534, 35815)
2022-08-13 20:45:34.013 *** Mouse movement (LeftButton) ***  Mouse coords: (465, 407) (36710, 35756)
2022-08-13 20:45:34.030 *** Mouse movement (LeftButton) ***  Mouse coords: (489, 398) (36767, 35726)
2022-08-13 20:45:34.046 *** Mouse movement (LeftButton) ***  Mouse coords: (522, 384) (36899, 35654)
2022-08-13 20:45:34.063 *** Mouse movement (LeftButton) ***  Mouse coords: (556, 365) (36914, 35582)
2022-08-13 20:45:34.079 *** Mouse movement (LeftButton) ***  Mouse coords: (583, 349) (36811, 35624)
2022-08-13 20:45:34.096 *** Mouse movement (LeftButton) ***  Mouse coords: (629, 321) (37088, 35450)
2022-08-13 20:45:34.113 *** Mouse movement (LeftButton) ***  Mouse coords: (650, 307) (36724, 35654)
2022-08-13 20:45:34.130 *** Mouse movement (LeftButton) ***  Mouse coords: (661, 301) (36579, 35771)
2022-08-13 20:45:34.146 *** Mouse movement (LeftButton) ***  Mouse coords: (667, 298) (36505, 35814)
2022-08-13 20:45:34.163 *** Mouse movement (LeftButton) ***  Mouse coords: (668, 297) (36433, 35844)
2022-08-13 20:45:34.244 *** Process image overlay spent 0.00 seconds.
2022-08-13 20:45:34.301 *** Get cell color spent 0.06 seconds.
2022-08-13 20:45:34.733 *** Mouse movement (LeftButton) ***  Mouse coords: (510, 443) (34115, 37985)
2022-08-13 20:45:34.746 *** Mouse movement (LeftButton) ***  Mouse coords: (511, 442) (34087, 38029)
2022-08-13 20:45:34.763 *** Mouse movement (LeftButton) ***  Mouse coords: (526, 428) (34290, 37839)
2022-08-13 20:45:34.780 *** Mouse movement (LeftButton) ***  Mouse coords: (539, 415) (34262, 37853)
2022-08-13 20:45:34.796 *** Mouse movement (LeftButton) ***  Mouse coords: (560, 394) (34378, 37737)
2022-08-13 20:45:34.813 *** Mouse movement (LeftButton) ***  Mouse coords: (585, 365) (34436, 37621)
2022-08-13 20:45:34.829 *** Mouse movement (LeftButton) ***  Mouse coords: (602, 346) (34320, 37766)
2022-08-13 20:45:34.846 *** Mouse movement (LeftButton) ***  Mouse coords: (626, 322) (34422, 37693)
2022-08-13 20:45:34.863 *** Mouse movement (LeftButton) ***  Mouse coords: (638, 315) (34246, 37941)
2022-08-13 20:45:34.879 *** Mouse movement (LeftButton) ***  Mouse coords: (639, 314) (34087, 38028)
2022-08-13 20:45:34.934 *** Process image overlay spent 0.00 seconds.
2022-08-13 20:45:35.009 *** Get cell color spent 0.08 seconds.
2022-08-13 20:45:35.341 *** Mouse movement (LeftButton) ***  Mouse coords: (544, 432) (32688, 39763)
2022-08-13 20:45:35.363 *** Mouse movement (LeftButton) ***  Mouse coords: (552, 424) (32804, 39660)
2022-08-13 20:45:35.379 *** Mouse movement (LeftButton) ***  Mouse coords: (562, 414) (32834, 39632)
2022-08-13 20:45:35.396 *** Mouse movement (LeftButton) ***  Mouse coords: (584, 392) (33009, 39456)
2022-08-13 20:45:35.413 *** Mouse movement (LeftButton) ***  Mouse coords: (609, 364) (33052, 39369)
2022-08-13 20:45:35.429 *** Mouse movement (LeftButton) ***  Mouse coords: (636, 337) (33081, 39384)
2022-08-13 20:45:35.446 *** Mouse movement (LeftButton) ***  Mouse coords: (690, 280) (33475, 38946)
2022-08-13 20:45:35.463 *** Mouse movement (LeftButton) ***  Mouse coords: (718, 254) (33096, 39398)
2022-08-13 20:45:35.479 *** Mouse movement (LeftButton) ***  Mouse coords: (733, 244) (32907, 39631)
2022-08-13 20:45:35.496 *** Mouse movement (LeftButton) ***  Mouse coords: (738, 242) (32760, 39748)
2022-08-13 20:45:35.512 *** Mouse movement (LeftButton) ***  Mouse coords: (739, 242) (32703, 39777)
2022-08-13 20:45:35.569 *** Process image overlay spent 0.00 seconds.
2022-08-13 20:45:35.655 *** Get cell color spent 0.09 seconds.
2022-08-13 20:45:36.188 *** Mouse movement (LeftButton) ***  Mouse coords: (547, 437) (29890, 42619)
2022-08-13 20:45:36.212 *** Mouse movement (LeftButton) ***  Mouse coords: (551, 436) (29935, 42604)
2022-08-13 20:45:36.229 *** Mouse movement (LeftButton) ***  Mouse coords: (555, 436) (29934, 42619)
2022-08-13 20:45:36.246 *** Mouse movement (LeftButton) ***  Mouse coords: (561, 435) (29963, 42605)
2022-08-13 20:45:36.263 *** Mouse movement (LeftButton) ***  Mouse coords: (572, 433) (30037, 42589)
2022-08-13 20:45:36.279 *** Mouse movement (LeftButton) ***  Mouse coords: (582, 432) (30021, 42605)
2022-08-13 20:45:36.296 *** Mouse movement (LeftButton) ***  Mouse coords: (595, 429) (30066, 42575)
2022-08-13 20:45:36.313 *** Mouse movement (LeftButton) ***  Mouse coords: (610, 427) (30094, 42590)
2022-08-13 20:45:36.329 *** Mouse movement (LeftButton) ***  Mouse coords: (626, 424) (30110, 42575)
2022-08-13 20:45:36.346 *** Mouse movement (LeftButton) ***  Mouse coords: (647, 420) (30182, 42561)
2022-08-13 20:45:36.363 *** Mouse movement (LeftButton) ***  Mouse coords: (661, 419) (30080, 42604)
2022-08-13 20:45:36.379 *** Mouse movement (LeftButton) ***  Mouse coords: (670, 419) (30007, 42619)
2022-08-13 20:45:36.396 *** Mouse movement (LeftButton) ***  Mouse coords: (674, 419) (29934, 42619)
2022-08-13 20:45:36.413 *** Mouse movement (LeftButton) ***  Mouse coords: (677, 419) (29920, 42619)
2022-08-13 20:45:36.468 *** Process image overlay spent 0.00 seconds.
2022-08-13 20:45:36.561 *** Get cell color spent 0.09 seconds.
2022-08-13 20:45:37.313 *** Mouse movement (LeftButton) ***  Mouse coords: (577, 418) (28419, 42605)
2022-08-13 20:45:37.329 *** Mouse movement (LeftButton) ***  Mouse coords: (587, 410) (28549, 42488)
2022-08-13 20:45:37.346 *** Mouse movement (LeftButton) ***  Mouse coords: (605, 399) (28667, 42445)
2022-08-13 20:45:37.363 *** Mouse movement (LeftButton) ***  Mouse coords: (630, 380) (28768, 42328)
2022-08-13 20:45:37.379 *** Mouse movement (LeftButton) ***  Mouse coords: (658, 359) (28812, 42299)
2022-08-13 20:45:37.396 *** Mouse movement (LeftButton) ***  Mouse coords: (721, 319) (29322, 42022)
2022-08-13 20:45:37.413 *** Mouse movement (LeftButton) ***  Mouse coords: (763, 294) (29016, 42241)
2022-08-13 20:45:37.429 *** Mouse movement (LeftButton) ***  Mouse coords: (799, 276) (28928, 42343)
2022-08-13 20:45:37.446 *** Mouse movement (LeftButton) ***  Mouse coords: (834, 263) (28914, 42415)
2022-08-13 20:45:37.463 *** Mouse movement (LeftButton) ***  Mouse coords: (874, 255) (28987, 42489)
2022-08-13 20:45:37.479 *** Mouse movement (LeftButton) ***  Mouse coords: (883, 253) (28535, 42576)
2022-08-13 20:45:37.535 *** Process image overlay spent 0.00 seconds.
2022-08-13 20:45:37.619 *** Get cell color spent 0.08 seconds.
2022-08-13 20:45:38.183 *** Process image overlay spent 0.00 seconds.
2022-08-13 20:45:38.189 *** Get cell color spent 0.01 seconds.
2022-08-13 20:45:38.620 *** Process image overlay spent 0.00 seconds.
2022-08-13 20:45:38.623 *** Get cell color spent 0.00 seconds.
2022-08-13 20:45:42.547 *** Mouse movement (LeftButton) ***  Mouse coords: (313, 637) (23157, 45418)
2022-08-13 20:45:42.564 *** Mouse movement (LeftButton) ***  Mouse coords: (313, 638) (23157, 45421)
2022-08-13 20:45:42.580 *** Mouse movement (LeftButton) ***  Mouse coords: (313, 639) (23157, 45424)
2022-08-13 20:45:42.608 *** Mouse movement (LeftButton) ***  Mouse coords: (313, 640) (23157, 45426)
2022-08-13 20:45:42.617 *** Mouse movement (LeftButton) ***  Mouse coords: (315, 642) (23163, 45432)
2022-08-13 20:45:42.823 *** Mouse movement (LeftButton) ***  Mouse coords: (546, 670) (23791, 45508)
2022-08-13 20:45:42.833 *** Mouse movement (LeftButton) ***  Mouse coords: (556, 672) (23818, 45513)
2022-08-13 20:45:42.847 *** Mouse movement (LeftButton) ***  Mouse coords: (558, 672) (23823, 45513)
2022-08-13 20:45:42.864 *** Mouse movement (LeftButton) ***  Mouse coords: (562, 673) (23834, 45516)
2022-08-13 20:45:42.885 *** Mouse movement (LeftButton) ***  Mouse coords: (565, 673) (23842, 45516)
2022-08-13 20:45:42.897 *** Mouse movement (LeftButton) ***  Mouse coords: (572, 674) (23861, 45519)
2022-08-13 20:45:42.914 *** Mouse movement (LeftButton) ***  Mouse coords: (578, 675) (23878, 45521)
2022-08-13 20:45:43.080 *** Mouse movement (LeftButton) ***  Mouse coords: (713, 679) (24245, 45532)
2022-08-13 20:45:43.097 *** Mouse movement (LeftButton) ***  Mouse coords: (714, 679) (24247, 45532)
2022-08-13 20:45:43.114 *** Mouse movement (LeftButton) ***  Mouse coords: (717, 678) (24256, 45530)
2022-08-13 20:45:43.131 *** Mouse movement (LeftButton) ***  Mouse coords: (720, 677) (24264, 45527)
2022-08-13 20:45:43.147 *** Mouse movement (LeftButton) ***  Mouse coords: (726, 675) (24280, 45521)
2022-08-13 20:45:43.164 *** Mouse movement (LeftButton) ***  Mouse coords: (737, 670) (24310, 45508)
2022-08-13 20:45:43.181 *** Mouse movement (LeftButton) ***  Mouse coords: (743, 665) (24326, 45494)
2022-08-13 20:45:45.057 *** Mouse movement (LeftButton) ***  Mouse coords: (727, 476) (24283, 44980)
2022-08-13 20:45:45.067 *** Mouse movement (LeftButton) ***  Mouse coords: (726, 477) (24280, 44983)
2022-08-13 20:45:45.080 *** Mouse movement (LeftButton) ***  Mouse coords: (724, 479) (24275, 44989)
2022-08-13 20:45:45.097 *** Mouse movement (LeftButton) ***  Mouse coords: (723, 481) (24272, 44994)
2022-08-13 20:45:45.114 *** Mouse movement (LeftButton) ***  Mouse coords: (722, 482) (24269, 44997)
2022-08-13 20:45:45.525 *** Mouse movement (LeftButton) ***  Mouse coords: (761, 459) (24375, 44934)
2022-08-13 20:45:45.786 *** Mouse movement (LeftButton) ***  Mouse coords: (812, 459) (24514, 44934)
2022-08-13 20:45:45.840 *** Mouse movement (LeftButton) ***  Mouse coords: (813, 459) (24517, 44934)
2022-08-13 20:45:45.850 *** Mouse movement (LeftButton) ***  Mouse coords: (814, 459) (24519, 44934)
2022-08-13 20:45:45.864 *** Mouse movement (LeftButton) ***  Mouse coords: (818, 458) (24530, 44931)
2022-08-13 20:45:46.020 *** Mouse movement (LeftButton) ***  Mouse coords: (835, 457) (24576, 44929)
2022-08-13 20:45:46.031 *** Mouse movement (LeftButton) ***  Mouse coords: (836, 457) (24579, 44929)
2022-08-13 20:45:46.047 *** Mouse movement (LeftButton) ***  Mouse coords: (837, 457) (24582, 44929)
2022-08-13 20:45:46.064 *** Mouse movement (LeftButton) ***  Mouse coords: (839, 458) (24587, 44931)
2022-08-13 20:45:46.081 *** Mouse movement (LeftButton) ***  Mouse coords: (842, 459) (24595, 44934)
2022-08-13 20:45:46.097 *** Mouse movement (LeftButton) ***  Mouse coords: (849, 460) (24615, 44937)
2022-08-13 20:45:46.114 *** Mouse movement (LeftButton) ***  Mouse coords: (854, 460) (24628, 44937)
2022-08-13 20:45:46.241 *** Mouse movement (LeftButton) ***  Mouse coords: (906, 465) (24769, 44950)
2022-08-13 20:45:46.252 *** Mouse movement (LeftButton) ***  Mouse coords: (911, 467) (24783, 44956)
2022-08-13 20:45:46.264 *** Mouse movement (LeftButton) ***  Mouse coords: (916, 468) (24797, 44959)
2022-08-13 20:45:46.281 *** Mouse movement (LeftButton) ***  Mouse coords: (920, 469) (24808, 44961)
2022-08-13 20:45:46.297 *** Mouse movement (LeftButton) ***  Mouse coords: (926, 470) (24824, 44964)
2022-08-13 20:45:46.314 *** Mouse movement (LeftButton) ***  Mouse coords: (928, 471) (24829, 44967)
2022-08-13 20:45:46.447 *** Mouse movement (LeftButton) ***  Mouse coords: (960, 460) (24916, 44937)
2022-08-13 20:45:46.464 *** Mouse movement (LeftButton) ***  Mouse coords: (964, 456) (24927, 44926)
2022-08-13 20:45:46.481 *** Mouse movement (LeftButton) ***  Mouse coords: (966, 453) (24933, 44918)
2022-08-13 20:45:46.497 *** Mouse movement (LeftButton) ***  Mouse coords: (969, 449) (24941, 44907)
2022-08-13 20:45:46.514 *** Mouse movement (LeftButton) ***  Mouse coords: (971, 444) (24946, 44893)
2022-08-13 20:45:46.531 *** Mouse movement (LeftButton) ***  Mouse coords: (973, 438) (24952, 44877)
2022-08-13 20:45:46.647 *** Mouse movement (LeftButton) ***  Mouse coords: (989, 335) (24995, 44597)
2022-08-13 20:45:46.718 *** Mouse movement (LeftButton) ***  Mouse coords: (989, 334) (24995, 44594)
2022-08-13 20:45:50.906 *** Interactive label *** Apply to case start.
2022-08-13 20:45:53.507 *** Interactive label *** Apply to case done.
2022-08-13 20:45:57.551 *** Interactive label *** Apply to case finish overlay create.
2022-08-13 20:45:57.555 *** Process image overlay spent 0.00 seconds.
2022-08-13 20:45:57.558 *** Get cell color spent 0.00 seconds.
2022-08-13 20:46:49.685 *** Process image overlay spent 0.00 seconds.
2022-08-13 20:46:49.692 *** Get cell color spent 0.01 seconds.
2022-08-13 20:46:50.606 *** Process image overlay spent 0.00 seconds.
2022-08-13 20:46:50.608 *** Get cell color spent 0.00 seconds.
2022-08-13 20:46:51.631 *** Process image overlay spent 0.00 seconds.
2022-08-13 20:46:51.638 *** Get cell color spent 0.01 seconds.
2022-08-13 20:46:53.723 *** Process image overlay spent 0.00 seconds.
2022-08-13 20:46:53.725 *** Get cell color spent 0.00 seconds.
2022-08-13 20:46:54.158 *** Process image overlay spent 0.00 seconds.
2022-08-13 20:46:54.165 *** Get cell color spent 0.01 seconds.
2022-08-13 20:46:54.443 *** Process image overlay spent 0.00 seconds.
2022-08-13 20:46:54.468 *** Get cell color spent 0.02 seconds.
2022-08-13 20:46:55.256 *** Process image overlay spent 0.00 seconds.
2022-08-13 20:46:55.259 *** Get cell color spent 0.00 seconds.
2022-08-13 20:46:58.025 *** Mouse movement (LeftButton) ***  Mouse coords: (200, 365) (22880, 44725)
2022-08-13 20:46:58.432 *** Mouse movement (LeftButton) ***  Mouse coords: (230, 560) (22962, 45255)
2022-08-13 20:46:58.493 *** Mouse movement (LeftButton) ***  Mouse coords: (230, 561) (22962, 45257)
2022-08-13 20:46:58.503 *** Mouse movement (LeftButton) ***  Mouse coords: (230, 562) (22962, 45260)
2022-08-13 20:46:58.515 *** Mouse movement (LeftButton) ***  Mouse coords: (231, 564) (22964, 45266)
2022-08-13 20:46:59.153 *** Mouse movement (LeftButton) ***  Mouse coords: (376, 665) (23359, 45540)
2022-08-13 20:46:59.497 *** Mouse movement (LeftButton) ***  Mouse coords: (585, 666) (23927, 45543)
2022-08-13 20:46:59.514 *** Mouse movement (LeftButton) ***  Mouse coords: (587, 666) (23932, 45543)
2022-08-13 20:46:59.531 *** Mouse movement (LeftButton) ***  Mouse coords: (589, 666) (23938, 45543)
2022-08-13 20:46:59.547 *** Mouse movement (LeftButton) ***  Mouse coords: (591, 667) (23943, 45546)
2022-08-13 20:46:59.564 *** Mouse movement (LeftButton) ***  Mouse coords: (598, 668) (23962, 45548)
2022-08-13 20:46:59.581 *** Mouse movement (LeftButton) ***  Mouse coords: (601, 669) (23970, 45551)
2022-08-13 20:46:59.881 *** Mouse movement (LeftButton) ***  Mouse coords: (703, 659) (24248, 45524)
2022-08-13 20:46:59.897 *** Mouse movement (LeftButton) ***  Mouse coords: (704, 659) (24250, 45524)
2022-08-13 20:46:59.956 *** Mouse movement (LeftButton) ***  Mouse coords: (705, 659) (24253, 45524)
2022-08-13 20:46:59.965 *** Mouse movement (LeftButton) ***  Mouse coords: (706, 659) (24256, 45524)
2022-08-13 20:47:03.091 *** Mouse movement (LeftButton) ***  Mouse coords: (782, 440) (24462, 44928)
2022-08-13 20:47:03.118 *** Mouse movement (LeftButton) ***  Mouse coords: (785, 440) (24471, 44928)
2022-08-13 20:47:03.134 *** Mouse movement (LeftButton) ***  Mouse coords: (788, 440) (24479, 44928)
2022-08-13 20:47:03.676 *** Mouse movement (LeftButton) ***  Mouse coords: (866, 456) (24691, 44972)
2022-08-13 20:47:03.686 *** Mouse movement (LeftButton) ***  Mouse coords: (867, 457) (24693, 44975)
2022-08-13 20:47:03.698 *** Mouse movement (LeftButton) ***  Mouse coords: (869, 458) (24699, 44977)
2022-08-13 20:47:03.714 *** Mouse movement (LeftButton) ***  Mouse coords: (872, 461) (24707, 44986)
2022-08-13 20:47:03.870 *** Mouse movement (LeftButton) ***  Mouse coords: (910, 486) (24810, 45054)
2022-08-13 20:47:03.881 *** Mouse movement (LeftButton) ***  Mouse coords: (915, 487) (24824, 45056)
2022-08-13 20:47:03.898 *** Mouse movement (LeftButton) ***  Mouse coords: (917, 487) (24829, 45056)
2022-08-13 20:47:03.915 *** Mouse movement (LeftButton) ***  Mouse coords: (922, 488) (24843, 45059)
2022-08-13 20:47:03.934 *** Mouse movement (LeftButton) ***  Mouse coords: (928, 487) (24859, 45056)
2022-08-13 20:47:03.948 *** Mouse movement (LeftButton) ***  Mouse coords: (931, 486) (24867, 45054)
2022-08-13 20:47:04.086 *** Mouse movement (LeftButton) ***  Mouse coords: (953, 466) (24927, 44999)
2022-08-13 20:47:04.098 *** Mouse movement (LeftButton) ***  Mouse coords: (954, 465) (24930, 44996)
2022-08-13 20:47:04.115 *** Mouse movement (LeftButton) ***  Mouse coords: (956, 462) (24935, 44988)
2022-08-13 20:47:04.136 *** Mouse movement (LeftButton) ***  Mouse coords: (960, 457) (24946, 44975)
2022-08-13 20:47:04.149 *** Mouse movement (LeftButton) ***  Mouse coords: (964, 452) (24957, 44961)
2022-08-13 20:47:04.366 *** Mouse movement (LeftButton) ***  Mouse coords: (1019, 353) (25107, 44692)
2022-08-13 20:47:04.615 *** Mouse movement (LeftButton) ***  Mouse coords: (962, 280) (24952, 44493)
2022-08-13 20:47:04.666 *** Mouse movement (LeftButton) ***  Mouse coords: (962, 279) (24952, 44491)
2022-08-13 20:47:04.679 *** Mouse movement (LeftButton) ***  Mouse coords: (960, 278) (24946, 44488)
2022-08-13 20:47:06.594 *** Interactive label *** Apply to case start.
2022-08-13 20:47:09.206 *** Interactive label *** Apply to case done.
2022-08-13 20:47:09.794 *** Interactive label *** Apply to case finish overlay create.
2022-08-13 20:47:09.799 *** Process image overlay spent 0.00 seconds.
2022-08-13 20:47:09.801 *** Get cell color spent 0.00 seconds.
2022-08-13 20:47:11.295 *** Process image overlay spent 0.00 seconds.
2022-08-13 20:47:11.302 *** Get cell color spent 0.01 seconds.
2022-08-13 20:47:12.240 *** Process image overlay spent 0.00 seconds.
2022-08-13 20:47:12.267 *** Get cell color spent 0.03 seconds.
2022-08-13 20:47:13.668 *** Process image overlay spent 0.00 seconds.
2022-08-13 20:47:13.755 *** Get cell color spent 0.09 seconds.
2022-08-13 20:47:15.614 *** Process image overlay spent 0.00 seconds.
2022-08-13 20:47:15.702 *** Get cell color spent 0.09 seconds.
2022-08-13 20:47:18.034 *** Process image overlay spent 0.00 seconds.
2022-08-13 20:47:18.107 *** Get cell color spent 0.07 seconds.
2022-08-13 20:47:18.441 *** Process image overlay spent 0.00 seconds.
2022-08-13 20:47:18.470 *** Get cell color spent 0.03 seconds.
2022-08-13 20:47:20.049 *** Process image overlay spent 0.00 seconds.
2022-08-13 20:47:20.053 *** Get cell color spent 0.00 seconds.
2022-08-13 20:47:20.475 *** Process image overlay spent 0.00 seconds.
2022-08-13 20:47:20.477 *** Get cell color spent 0.00 seconds.
2022-08-13 20:47:20.619 *** Process image overlay spent 0.00 seconds.
2022-08-13 20:47:20.620 *** Get cell color spent 0.00 seconds.
2022-08-13 20:47:21.159 *** Process image overlay spent 0.00 seconds.
2022-08-13 20:47:21.164 *** Get cell color spent 0.00 seconds.
2022-08-13 20:47:21.717 *** Process image overlay spent 0.00 seconds.
2022-08-13 20:47:21.719 *** Get cell color spent 0.00 seconds.
2022-08-13 20:47:23.791 *** Mouse movement (LeftButton) ***  Mouse coords: (504, 317) (16436, 42337)
2022-08-13 20:47:24.723 *** Mouse movement (LeftButton) ***  Mouse coords: (445, 454) (16344, 42550)
2022-08-13 20:47:24.803 *** Mouse movement (LeftButton) ***  Mouse coords: (445, 455) (16344, 42552)
2022-08-13 20:47:24.815 *** Mouse movement (LeftButton) ***  Mouse coords: (445, 456) (16344, 42553)
2022-08-13 20:47:24.830 *** Mouse movement (LeftButton) ***  Mouse coords: (445, 458) (16344, 42557)
2022-08-13 20:47:25.298 *** Mouse movement (LeftButton) ***  Mouse coords: (439, 579) (16335, 42744)
2022-08-13 20:47:25.313 *** Mouse movement (LeftButton) ***  Mouse coords: (439, 580) (16335, 42746)
2022-08-13 20:47:26.161 *** Mouse movement (LeftButton) ***  Mouse coords: (550, 645) (16507, 42847)
2022-08-13 20:47:26.199 *** Mouse movement (LeftButton) ***  Mouse coords: (552, 644) (16510, 42845)
2022-08-13 20:47:26.439 *** Mouse movement (LeftButton) ***  Mouse coords: (588, 642) (16566, 42842)
2022-08-13 20:47:26.477 *** Mouse movement (LeftButton) ***  Mouse coords: (592, 640) (16573, 42839)
2022-08-13 20:47:26.716 *** Mouse movement (LeftButton) ***  Mouse coords: (626, 628) (16625, 42821)
2022-08-13 20:47:26.743 *** Mouse movement (LeftButton) ***  Mouse coords: (629, 624) (16630, 42814)
2022-08-13 20:47:26.763 *** Mouse movement (LeftButton) ***  Mouse coords: (630, 623) (16632, 42813)
2022-08-13 20:47:27.158 *** Mouse movement (LeftButton) ***  Mouse coords: (650, 598) (16663, 42774)
2022-08-13 20:47:27.168 *** Mouse movement (LeftButton) ***  Mouse coords: (651, 598) (16664, 42774)
2022-08-13 20:47:27.181 *** Mouse movement (LeftButton) ***  Mouse coords: (651, 596) (16664, 42771)
2022-08-13 20:47:27.197 *** Mouse movement (LeftButton) ***  Mouse coords: (652, 594) (16666, 42768)
2022-08-13 20:47:27.214 *** Mouse movement (LeftButton) ***  Mouse coords: (653, 591) (16667, 42763)
2022-08-13 20:47:27.414 *** Mouse movement (LeftButton) ***  Mouse coords: (677, 560) (16705, 42715)
2022-08-13 20:47:27.431 *** Mouse movement (LeftButton) ***  Mouse coords: (677, 559) (16705, 42713)
2022-08-13 20:47:27.448 *** Mouse movement (LeftButton) ***  Mouse coords: (678, 558) (16706, 42712)
2022-08-13 20:47:27.464 *** Mouse movement (LeftButton) ***  Mouse coords: (680, 556) (16709, 42709)
2022-08-13 20:47:27.481 *** Mouse movement (LeftButton) ***  Mouse coords: (684, 550) (16716, 42699)
2022-08-13 20:47:27.497 *** Mouse movement (LeftButton) ***  Mouse coords: (686, 547) (16719, 42695)
2022-08-13 20:47:27.653 *** Mouse movement (LeftButton) ***  Mouse coords: (698, 521) (16737, 42654)
2022-08-13 20:47:27.663 *** Mouse movement (LeftButton) ***  Mouse coords: (699, 521) (16739, 42654)
2022-08-13 20:47:27.681 *** Mouse movement (LeftButton) ***  Mouse coords: (699, 519) (16739, 42651)
2022-08-13 20:47:27.698 *** Mouse movement (LeftButton) ***  Mouse coords: (700, 517) (16740, 42648)
2022-08-13 20:47:27.714 *** Mouse movement (LeftButton) ***  Mouse coords: (702, 513) (16744, 42642)
2022-08-13 20:47:27.931 *** Mouse movement (LeftButton) ***  Mouse coords: (705, 504) (16748, 42628)
2022-08-13 20:47:28.674 *** Mouse movement (LeftButton) ***  Mouse coords: (738, 429) (16799, 42511)
2022-08-13 20:47:28.703 *** Mouse movement (LeftButton) ***  Mouse coords: (739, 425) (16801, 42505)
2022-08-13 20:47:28.719 *** Mouse movement (LeftButton) ***  Mouse coords: (741, 418) (16804, 42494)
2022-08-13 20:47:28.731 *** Mouse movement (LeftButton) ***  Mouse coords: (742, 415) (16806, 42490)
2022-08-13 20:47:28.748 *** Mouse movement (LeftButton) ***  Mouse coords: (744, 412) (16809, 42485)
2022-08-13 20:47:29.551 *** Mouse movement (LeftButton) ***  Mouse coords: (737, 327) (16798, 42353)
2022-08-13 20:47:33.246 *** Interactive label *** Apply to case start.
2022-08-13 20:47:35.903 *** Interactive label *** Apply to case done.
2022-08-13 20:47:36.609 *** Interactive label *** Apply to case finish overlay create.
2022-08-13 20:47:36.613 *** Process image overlay spent 0.00 seconds.
2022-08-13 20:47:36.615 *** Get cell color spent 0.00 seconds.
2022-08-13 20:47:42.556 *** Mouse movement (LeftButton) ***  Mouse coords: (810, 375) (16911, 42428)
2022-08-13 20:47:42.581 *** Mouse movement (LeftButton) ***  Mouse coords: (809, 378) (16912, 42432)
2022-08-13 20:47:42.613 *** Mouse movement (LeftButton) ***  Mouse coords: (800, 392) (16899, 42450)
2022-08-13 20:47:42.631 *** Mouse movement (LeftButton) ***  Mouse coords: (795, 400) (16905, 42440)
2022-08-13 20:47:42.646 *** Mouse movement (LeftButton) ***  Mouse coords: (781, 413) (16891, 42449)
2022-08-13 20:47:42.663 *** Mouse movement (LeftButton) ***  Mouse coords: (777, 417) (16907, 42434)
2022-08-13 20:47:42.681 *** Mouse movement (LeftButton) ***  Mouse coords: (772, 422) (16905, 42436)
2022-08-13 20:47:42.703 *** Mouse movement (LeftButton) ***  Mouse coords: (766, 427) (16904, 42435)
2022-08-13 20:47:42.713 *** Mouse movement (LeftButton) ***  Mouse coords: (765, 428) (16911, 42430)
2022-08-13 20:47:42.802 *** Process image overlay spent 0.00 seconds.
2022-08-13 20:47:42.805 *** Get cell color spent 0.00 seconds.
2022-08-13 20:47:43.317 *** Process image overlay spent 0.00 seconds.
2022-08-13 20:47:43.321 *** Get cell color spent 0.00 seconds.
2022-08-13 20:47:43.846 *** Process image overlay spent 0.00 seconds.
2022-08-13 20:47:43.853 *** Get cell color spent 0.01 seconds.
2022-08-13 20:47:44.416 *** Process image overlay spent 0.00 seconds.
2022-08-13 20:47:44.458 *** Get cell color spent 0.04 seconds.
2022-08-13 20:47:45.061 *** Mouse movement (LeftButton) ***  Mouse coords: (807, 453) (18260, 42204)
2022-08-13 20:47:45.080 *** Mouse movement (LeftButton) ***  Mouse coords: (806, 451) (18245, 42189)
2022-08-13 20:47:45.096 *** Mouse movement (LeftButton) ***  Mouse coords: (797, 446) (18129, 42145)
2022-08-13 20:47:45.113 *** Mouse movement (LeftButton) ***  Mouse coords: (775, 436) (17940, 42072)
2022-08-13 20:47:45.130 *** Mouse movement (LeftButton) ***  Mouse coords: (717, 415) (17414, 41912)
2022-08-13 20:47:45.146 *** Mouse movement (LeftButton) ***  Mouse coords: (678, 401) (17692, 42014)
2022-08-13 20:47:45.163 *** Mouse movement (LeftButton) ***  Mouse coords: (616, 384) (17357, 41970)
2022-08-13 20:47:45.180 *** Mouse movement (LeftButton) ***  Mouse coords: (565, 376) (17517, 42102)
2022-08-13 20:47:45.196 *** Mouse movement (LeftButton) ***  Mouse coords: (514, 372) (17517, 42160)
2022-08-13 20:47:45.214 *** Mouse movement (LeftButton) ***  Mouse coords: (503, 371) (18099, 42203)
2022-08-13 20:47:45.230 *** Mouse movement (LeftButton) ***  Mouse coords: (495, 371) (18144, 42218)
2022-08-13 20:47:45.286 *** Process image overlay spent 0.00 seconds.
2022-08-13 20:47:45.347 *** Get cell color spent 0.06 seconds.
2022-08-13 20:47:45.469 *** Mouse movement (LeftButton) ***  Mouse coords: (500, 372) (18333, 42233)
2022-08-13 20:47:45.526 *** Process image overlay spent 0.00 seconds.
2022-08-13 20:47:45.586 *** Get cell color spent 0.06 seconds.
2022-08-13 20:47:46.128 *** Process image overlay spent 0.00 seconds.
2022-08-13 20:47:46.133 *** Get cell color spent 0.01 seconds.
2022-08-13 20:47:46.808 *** Mouse movement (LeftButton) ***  Mouse coords: (358, 207) (16594, 42587)
2022-08-13 20:47:46.830 *** Mouse movement (LeftButton) ***  Mouse coords: (370, 230) (16623, 42645)
2022-08-13 20:47:46.847 *** Mouse movement (LeftButton) ***  Mouse coords: (398, 276) (16667, 42707)
2022-08-13 20:47:46.863 *** Mouse movement (LeftButton) ***  Mouse coords: (427, 312) (16670, 42679)
2022-08-13 20:47:46.880 *** Mouse movement (LeftButton) ***  Mouse coords: (460, 344) (16681, 42669)
2022-08-13 20:47:46.896 *** Mouse movement (LeftButton) ***  Mouse coords: (477, 360) (16637, 42626)
2022-08-13 20:47:46.913 *** Mouse movement (LeftButton) ***  Mouse coords: (516, 394) (16697, 42674)
2022-08-13 20:47:46.930 *** Mouse movement (LeftButton) ***  Mouse coords: (533, 406) (16637, 42615)
2022-08-13 20:47:46.946 *** Mouse movement (LeftButton) ***  Mouse coords: (537, 410) (16602, 42593)
2022-08-13 20:47:46.963 *** Mouse movement (LeftButton) ***  Mouse coords: (540, 412) (16599, 42587)
2022-08-13 20:47:47.022 *** Process image overlay spent 0.00 seconds.
2022-08-13 20:47:47.026 *** Get cell color spent 0.00 seconds.
2022-08-13 20:47:47.667 *** Process image overlay spent 0.00 seconds.
2022-08-13 20:47:47.720 *** Get cell color spent 0.05 seconds.
2022-08-13 20:47:50.392 *** Process image overlay spent 0.00 seconds.
2022-08-13 20:47:50.410 *** Get cell color spent 0.02 seconds.
2022-08-13 20:47:50.904 *** Mouse movement (LeftButton) ***  Mouse coords: (382, 538) (17150, 41521)
2022-08-13 20:47:50.934 *** Mouse movement (LeftButton) ***  Mouse coords: (395, 521) (17259, 41387)
2022-08-13 20:47:50.947 *** Mouse movement (LeftButton) ***  Mouse coords: (402, 511) (17208, 41446)
2022-08-13 20:47:50.963 *** Mouse movement (LeftButton) ***  Mouse coords: (423, 488) (17325, 41337)
2022-08-13 20:47:50.980 *** Mouse movement (LeftButton) ***  Mouse coords: (448, 456) (17358, 41263)
2022-08-13 20:47:50.996 *** Mouse movement (LeftButton) ***  Mouse coords: (474, 414) (17366, 41179)
2022-08-13 20:47:51.013 *** Mouse movement (LeftButton) ***  Mouse coords: (491, 388) (17292, 41313)
2022-08-13 20:47:51.030 *** Mouse movement (LeftButton) ***  Mouse coords: (516, 347) (17358, 41187)
2022-08-13 20:47:51.046 *** Mouse movement (LeftButton) ***  Mouse coords: (544, 315) (17383, 41263)
2022-08-13 20:47:51.063 *** Mouse movement (LeftButton) ***  Mouse coords: (553, 302) (17225, 41421)
2022-08-13 20:47:51.080 *** Mouse movement (LeftButton) ***  Mouse coords: (561, 290) (17217, 41429)
2022-08-13 20:47:51.096 *** Mouse movement (LeftButton) ***  Mouse coords: (565, 283) (17183, 41470)
2022-08-13 20:47:51.113 *** Mouse movement (LeftButton) ***  Mouse coords: (566, 282) (17158, 41521)
2022-08-13 20:47:51.250 *** Process image overlay spent 0.00 seconds.
2022-08-13 20:47:51.272 *** Get cell color spent 0.02 seconds.
2022-08-13 20:47:51.635 *** Process image overlay spent 0.00 seconds.
2022-08-13 20:47:51.640 *** Get cell color spent 0.01 seconds.
2022-08-13 20:47:53.326 *** Process image overlay spent 0.00 seconds.
2022-08-13 20:47:53.328 *** Get cell color spent 0.00 seconds.
2022-08-13 20:47:53.364 *** Process image overlay spent 0.00 seconds.
2022-08-13 20:47:53.366 *** Get cell color spent 0.00 seconds.
2022-08-13 20:47:53.545 *** Process image overlay spent 0.00 seconds.
2022-08-13 20:47:53.548 *** Get cell color spent 0.00 seconds.
2022-08-13 20:47:53.837 *** Mouse movement (LeftButton) ***  Mouse coords: (467, 200) (16653, 42456)
2022-08-13 20:47:53.864 *** Mouse movement (LeftButton) ***  Mouse coords: (495, 238) (16694, 42510)
2022-08-13 20:47:53.881 *** Mouse movement (LeftButton) ***  Mouse coords: (535, 275) (16712, 42508)
2022-08-13 20:47:53.898 *** Mouse movement (LeftButton) ***  Mouse coords: (574, 302) (16711, 42493)
2022-08-13 20:47:53.914 *** Mouse movement (LeftButton) ***  Mouse coords: (608, 322) (16702, 42482)
2022-08-13 20:47:53.931 *** Mouse movement (LeftButton) ***  Mouse coords: (638, 335) (16697, 42471)
2022-08-13 20:47:53.949 *** Mouse movement (LeftButton) ***  Mouse coords: (671, 346) (16701, 42469)
2022-08-13 20:47:53.964 *** Mouse movement (LeftButton) ***  Mouse coords: (693, 349) (16685, 42455)
2022-08-13 20:47:53.981 *** Mouse movement (LeftButton) ***  Mouse coords: (699, 350) (16659, 42453)
2022-08-13 20:47:54.079 *** Process image overlay spent 0.00 seconds.
2022-08-13 20:47:54.082 *** Get cell color spent 0.00 seconds.
2022-08-13 20:47:54.649 *** Process image overlay spent 0.00 seconds.
2022-08-13 20:47:54.651 *** Get cell color spent 0.00 seconds.
2022-08-13 20:47:54.679 *** Process image overlay spent 0.00 seconds.
2022-08-13 20:47:54.681 *** Get cell color spent 0.00 seconds.
2022-08-13 20:47:55.768 *** Process image overlay spent 0.00 seconds.
2022-08-13 20:47:55.771 *** Get cell color spent 0.00 seconds.
2022-08-13 20:47:55.861 *** Process image overlay spent 0.00 seconds.
2022-08-13 20:47:55.865 *** Get cell color spent 0.00 seconds.
2022-08-13 20:47:56.012 *** Process image overlay spent 0.00 seconds.
2022-08-13 20:47:56.020 *** Get cell color spent 0.01 seconds.
2022-08-13 20:47:57.061 *** Mouse movement (LeftButton) ***  Mouse coords: (863, 403) (25647, 42447)
2022-08-13 20:47:57.082 *** Mouse movement (LeftButton) ***  Mouse coords: (859, 399) (25469, 42312)
2022-08-13 20:47:57.114 *** Mouse movement (LeftButton) ***  Mouse coords: (821, 375) (23951, 41420)
2022-08-13 20:47:57.131 *** Mouse movement (LeftButton) ***  Mouse coords: (782, 354) (23907, 41554)
2022-08-13 20:47:57.148 *** Mouse movement (LeftButton) ***  Mouse coords: (743, 331) (23906, 41465)
2022-08-13 20:47:57.164 *** Mouse movement (LeftButton) ***  Mouse coords: (687, 299) (23148, 41063)
2022-08-13 20:47:57.181 *** Mouse movement (LeftButton) ***  Mouse coords: (605, 252) (21988, 40394)
2022-08-13 20:47:57.198 *** Mouse movement (LeftButton) ***  Mouse coords: (573, 234) (24219, 41688)
2022-08-13 20:47:57.214 *** Mouse movement (LeftButton) ***  Mouse coords: (541, 218) (24219, 41777)
2022-08-13 20:47:57.231 *** Mouse movement (LeftButton) ***  Mouse coords: (527, 212) (25023, 42223)
2022-08-13 20:47:57.248 *** Mouse movement (LeftButton) ***  Mouse coords: (522, 210) (25424, 42402)
2022-08-13 20:48:00.677 *** Process image overlay spent 0.00 seconds.
2022-08-13 20:48:00.684 *** Get cell color spent 0.01 seconds.
2022-08-13 20:48:01.463 *** Mouse movement (LeftButton) ***  Mouse coords: (658, 190) (37345, 56229)
2022-08-13 20:48:01.482 *** Mouse movement (LeftButton) ***  Mouse coords: (655, 214) (37331, 56291)
2022-08-13 20:48:01.498 *** Mouse movement (LeftButton) ***  Mouse coords: (652, 235) (37331, 56277)
2022-08-13 20:48:01.514 *** Mouse movement (LeftButton) ***  Mouse coords: (645, 274) (37311, 56363)
2022-08-13 20:48:01.531 *** Mouse movement (LeftButton) ***  Mouse coords: (638, 328) (37312, 56433)
2022-08-13 20:48:01.548 *** Mouse movement (LeftButton) ***  Mouse coords: (627, 390) (37293, 56472)
2022-08-13 20:48:01.564 *** Mouse movement (LeftButton) ***  Mouse coords: (619, 427) (37307, 56353)
2022-08-13 20:48:01.582 *** Mouse movement (LeftButton) ***  Mouse coords: (613, 451) (37316, 56292)
2022-08-13 20:48:01.598 *** Mouse movement (LeftButton) ***  Mouse coords: (610, 460) (37331, 56220)
2022-08-13 20:48:01.614 *** Mouse movement (LeftButton) ***  Mouse coords: (609, 465) (37340, 56200)
2022-08-13 20:48:01.679 *** Process image overlay spent 0.00 seconds.
2022-08-13 20:48:01.683 *** Get cell color spent 0.00 seconds.
2022-08-13 20:48:03.896 *** Process image overlay spent 0.00 seconds.
2022-08-13 20:48:03.917 *** Get cell color spent 0.02 seconds.
2022-08-13 20:48:04.569 *** Mouse movement (LeftButton) ***  Mouse coords: (744, 442) (71430, 56317)
2022-08-13 20:48:04.582 *** Mouse movement (LeftButton) ***  Mouse coords: (741, 442) (71473, 56331)
2022-08-13 20:48:04.599 *** Mouse movement (LeftButton) ***  Mouse coords: (723, 442) (71255, 56331)
2022-08-13 20:48:04.614 *** Mouse movement (LeftButton) ***  Mouse coords: (714, 444) (71386, 56360)
2022-08-13 20:48:04.631 *** Mouse movement (LeftButton) ***  Mouse coords: (707, 446) (71415, 56360)
2022-08-13 20:48:04.648 *** Mouse movement (LeftButton) ***  Mouse coords: (701, 447) (71429, 56345)
2022-08-13 20:48:04.665 *** Mouse movement (LeftButton) ***  Mouse coords: (689, 448) (71343, 56346)
2022-08-13 20:48:04.681 *** Mouse movement (LeftButton) ***  Mouse coords: (674, 449) (71298, 56346)
2022-08-13 20:48:04.698 *** Mouse movement (LeftButton) ***  Mouse coords: (667, 450) (71415, 56345)
2022-08-13 20:48:04.714 *** Mouse movement (LeftButton) ***  Mouse coords: (661, 451) (71430, 56346)
2022-08-13 20:48:04.731 *** Mouse movement (LeftButton) ***  Mouse coords: (656, 451) (71444, 56331)
2022-08-13 20:48:04.748 *** Mouse movement (LeftButton) ***  Mouse coords: (656, 452) (71517, 56345)
2022-08-13 20:48:04.834 *** Process image overlay spent 0.00 seconds.
2022-08-13 20:48:04.854 *** Get cell color spent 0.02 seconds.
2022-08-13 20:48:05.208 *** Process image overlay spent 0.00 seconds.
2022-08-13 20:48:05.211 *** Get cell color spent 0.00 seconds.
2022-08-13 20:48:05.386 *** Process image overlay spent 0.00 seconds.
2022-08-13 20:48:05.390 *** Get cell color spent 0.00 seconds.
2022-08-13 20:48:05.896 *** Mouse movement (LeftButton) ***  Mouse coords: (813, 272) (73001, 55146)
2022-08-13 20:48:05.914 *** Mouse movement (LeftButton) ***  Mouse coords: (809, 278) (72986, 55170)
2022-08-13 20:48:05.931 *** Mouse movement (LeftButton) ***  Mouse coords: (800, 289) (72962, 55193)
2022-08-13 20:48:05.948 *** Mouse movement (LeftButton) ***  Mouse coords: (794, 297) (72976, 55179)
2022-08-13 20:48:05.964 *** Mouse movement (LeftButton) ***  Mouse coords: (772, 317) (72900, 55236)
2022-08-13 20:48:05.981 *** Mouse movement (LeftButton) ***  Mouse coords: (757, 331) (72934, 55208)
2022-08-13 20:48:05.998 *** Mouse movement (LeftButton) ***  Mouse coords: (749, 336) (72967, 55165)
2022-08-13 20:48:06.014 *** Mouse movement (LeftButton) ***  Mouse coords: (741, 345) (72967, 55183)
2022-08-13 20:48:06.031 *** Mouse movement (LeftButton) ***  Mouse coords: (732, 356) (72962, 55194)
2022-08-13 20:48:06.048 *** Mouse movement (LeftButton) ***  Mouse coords: (730, 360) (72996, 55160)
2022-08-13 20:48:06.064 *** Mouse movement (LeftButton) ***  Mouse coords: (729, 361) (73000, 55145)
2022-08-13 20:48:06.132 *** Process image overlay spent 0.00 seconds.
2022-08-13 20:48:06.136 *** Get cell color spent 0.00 seconds.
2022-08-13 20:48:06.662 *** Process image overlay spent 0.00 seconds.
2022-08-13 20:48:06.664 *** Get cell color spent 0.00 seconds.
2022-08-13 20:48:10.830 *** Mouse movement (LeftButton) ***  Mouse coords: (726, 188) (73270, 55062)
2022-08-13 20:48:11.199 *** Mouse movement (LeftButton) ***  Mouse coords: (584, 334) (73049, 55289)
2022-08-13 20:48:11.228 *** Mouse movement (LeftButton) ***  Mouse coords: (583, 334) (73048, 55289)
2022-08-13 20:48:11.238 *** Mouse movement (LeftButton) ***  Mouse coords: (583, 335) (73048, 55290)
2022-08-13 20:48:11.448 *** Mouse movement (LeftButton) ***  Mouse coords: (510, 371) (72934, 55346)
2022-08-13 20:48:11.461 *** Mouse movement (LeftButton) ***  Mouse coords: (505, 383) (72926, 55365)
2022-08-13 20:48:11.471 *** Mouse movement (LeftButton) ***  Mouse coords: (505, 385) (72926, 55368)
2022-08-13 20:48:11.481 *** Mouse movement (LeftButton) ***  Mouse coords: (504, 386) (72925, 55370)
2022-08-13 20:48:11.498 *** Mouse movement (LeftButton) ***  Mouse coords: (504, 392) (72925, 55379)
2022-08-13 20:48:11.514 *** Mouse movement (LeftButton) ***  Mouse coords: (506, 412) (72928, 55410)
2022-08-13 20:48:11.531 *** Mouse movement (LeftButton) ***  Mouse coords: (511, 428) (72936, 55435)
2022-08-13 20:48:11.548 *** Mouse movement (LeftButton) ***  Mouse coords: (516, 444) (72944, 55460)
2022-08-13 20:48:11.564 *** Mouse movement (LeftButton) ***  Mouse coords: (518, 450) (72947, 55469)
2022-08-13 20:48:11.658 *** Mouse movement (LeftButton) ***  Mouse coords: (566, 542) (73021, 55612)
2022-08-13 20:48:11.667 *** Mouse movement (LeftButton) ***  Mouse coords: (573, 554) (73032, 55631)
2022-08-13 20:48:11.681 *** Mouse movement (LeftButton) ***  Mouse coords: (576, 560) (73037, 55640)
2022-08-13 20:48:11.698 *** Mouse movement (LeftButton) ***  Mouse coords: (579, 565) (73041, 55648)
2022-08-13 20:48:11.714 *** Mouse movement (LeftButton) ***  Mouse coords: (589, 579) (73057, 55669)
2022-08-13 20:48:11.731 *** Mouse movement (LeftButton) ***  Mouse coords: (613, 608) (73094, 55715)
2022-08-13 20:48:11.748 *** Mouse movement (LeftButton) ***  Mouse coords: (626, 619) (73114, 55732)
2022-08-13 20:48:11.765 *** Mouse movement (LeftButton) ***  Mouse coords: (633, 625) (73125, 55741)
2022-08-13 20:48:11.864 *** Mouse movement (LeftButton) ***  Mouse coords: (685, 661) (73206, 55797)
2022-08-13 20:48:11.881 *** Mouse movement (LeftButton) ***  Mouse coords: (699, 669) (73228, 55809)
2022-08-13 20:48:11.898 *** Mouse movement (LeftButton) ***  Mouse coords: (710, 670) (73245, 55811)
2022-08-13 20:48:11.914 *** Mouse movement (LeftButton) ***  Mouse coords: (722, 670) (73264, 55811)
2022-08-13 20:48:11.931 *** Mouse movement (LeftButton) ***  Mouse coords: (733, 670) (73281, 55811)
2022-08-13 20:48:12.031 *** Mouse movement (LeftButton) ***  Mouse coords: (843, 615) (73452, 55725)
2022-08-13 20:48:12.048 *** Mouse movement (LeftButton) ***  Mouse coords: (845, 611) (73455, 55719)
2022-08-13 20:48:12.065 *** Mouse movement (LeftButton) ***  Mouse coords: (848, 605) (73459, 55710)
2022-08-13 20:48:12.081 *** Mouse movement (LeftButton) ***  Mouse coords: (850, 600) (73462, 55702)
2022-08-13 20:48:12.098 *** Mouse movement (LeftButton) ***  Mouse coords: (862, 574) (73481, 55662)
2022-08-13 20:48:12.115 *** Mouse movement (LeftButton) ***  Mouse coords: (874, 550) (73500, 55624)
2022-08-13 20:48:12.131 *** Mouse movement (LeftButton) ***  Mouse coords: (887, 525) (73520, 55586)
2022-08-13 20:48:12.231 *** Mouse movement (LeftButton) ***  Mouse coords: (938, 430) (73599, 55438)
2022-08-13 20:48:12.248 *** Mouse movement (LeftButton) ***  Mouse coords: (937, 426) (73598, 55432)
2022-08-13 20:48:12.264 *** Mouse movement (LeftButton) ***  Mouse coords: (936, 420) (73596, 55422)
2022-08-13 20:48:12.281 *** Mouse movement (LeftButton) ***  Mouse coords: (936, 415) (73596, 55415)
2022-08-13 20:48:12.298 *** Mouse movement (LeftButton) ***  Mouse coords: (936, 413) (73596, 55412)
2022-08-13 20:48:12.315 *** Mouse movement (LeftButton) ***  Mouse coords: (935, 407) (73594, 55402)
2022-08-13 20:48:12.331 *** Mouse movement (LeftButton) ***  Mouse coords: (931, 397) (73588, 55387)
2022-08-13 20:48:12.348 *** Mouse movement (LeftButton) ***  Mouse coords: (928, 390) (73584, 55376)
2022-08-13 20:48:12.492 *** Mouse movement (LeftButton) ***  Mouse coords: (873, 296) (73498, 55230)
2022-08-13 20:48:12.502 *** Mouse movement (LeftButton) ***  Mouse coords: (866, 289) (73487, 55219)
2022-08-13 20:48:12.514 *** Mouse movement (LeftButton) ***  Mouse coords: (859, 284) (73476, 55211)
2022-08-13 20:48:12.531 *** Mouse movement (LeftButton) ***  Mouse coords: (851, 277) (73464, 55200)
2022-08-13 20:48:12.548 *** Mouse movement (LeftButton) ***  Mouse coords: (849, 274) (73461, 55196)
2022-08-13 20:48:12.564 *** Mouse movement (LeftButton) ***  Mouse coords: (844, 267) (73453, 55185)
2022-08-13 20:48:12.581 *** Mouse movement (LeftButton) ***  Mouse coords: (841, 262) (73448, 55177)
2022-08-13 20:48:12.825 *** Mouse movement (LeftButton) ***  Mouse coords: (788, 191) (73366, 55067)
2022-08-13 20:48:12.835 *** Mouse movement (LeftButton) ***  Mouse coords: (784, 187) (73360, 55060)
2022-08-13 20:48:12.848 *** Mouse movement (LeftButton) ***  Mouse coords: (784, 186) (73360, 55059)
2022-08-13 20:48:12.864 *** Mouse movement (LeftButton) ***  Mouse coords: (782, 184) (73357, 55056)
2022-08-13 20:48:12.881 *** Mouse movement (LeftButton) ***  Mouse coords: (781, 182) (73355, 55053)
2022-08-13 20:48:12.898 *** Mouse movement (LeftButton) ***  Mouse coords: (779, 181) (73352, 55051)
2022-08-13 20:48:12.915 *** Mouse movement (LeftButton) ***  Mouse coords: (778, 177) (73351, 55045)
2022-08-13 20:48:14.043 *** Interactive label *** Apply to case start.
2022-08-13 20:48:16.734 *** Interactive label *** Apply to case done.
2022-08-13 20:48:17.406 *** Interactive label *** Apply to case finish overlay create.
2022-08-13 20:48:17.411 *** Process image overlay spent 0.00 seconds.
2022-08-13 20:48:17.412 *** Get cell color spent 0.00 seconds.
2022-08-13 20:48:20.597 *** Process image overlay spent 0.00 seconds.
2022-08-13 20:48:20.605 *** Get cell color spent 0.01 seconds.
2022-08-13 20:48:21.353 *** Process image overlay spent 0.00 seconds.
2022-08-13 20:48:21.372 *** Get cell color spent 0.02 seconds.
2022-08-13 20:48:22.154 *** Process image overlay spent 0.00 seconds.
2022-08-13 20:48:22.174 *** Get cell color spent 0.02 seconds.
2022-08-13 20:48:23.259 *** Mouse movement (LeftButton) ***  Mouse coords: (562, 316) (66315, 51250)
2022-08-13 20:48:23.280 *** Mouse movement (LeftButton) ***  Mouse coords: (565, 320) (66449, 51383)
2022-08-13 20:48:23.297 *** Mouse movement (LeftButton) ***  Mouse coords: (587, 335) (67297, 51874)
2022-08-13 20:48:23.313 *** Mouse movement (LeftButton) ***  Mouse coords: (613, 349) (67475, 51830)
2022-08-13 20:48:23.330 *** Mouse movement (LeftButton) ***  Mouse coords: (656, 366) (68234, 51964)
2022-08-13 20:48:23.347 *** Mouse movement (LeftButton) ***  Mouse coords: (695, 378) (68055, 51740)
2022-08-13 20:48:23.363 *** Mouse movement (LeftButton) ***  Mouse coords: (727, 387) (67743, 51607)
2022-08-13 20:48:23.380 *** Mouse movement (LeftButton) ***  Mouse coords: (790, 403) (69127, 51919)
2022-08-13 20:48:23.397 *** Mouse movement (LeftButton) ***  Mouse coords: (819, 410) (67609, 51517)
2022-08-13 20:48:23.413 *** Mouse movement (LeftButton) ***  Mouse coords: (846, 419) (67519, 51607)
2022-08-13 20:48:23.430 *** Mouse movement (LeftButton) ***  Mouse coords: (875, 425) (67610, 51473)
2022-08-13 20:48:23.447 *** Mouse movement (LeftButton) ***  Mouse coords: (895, 431) (67207, 51472)
2022-08-13 20:48:23.463 *** Mouse movement (LeftButton) ***  Mouse coords: (898, 431) (66449, 51205)
2022-08-13 20:48:26.222 *** Mouse movement (LeftButton) ***  Mouse coords: (638, 273) (49793, 38599)
2022-08-13 20:48:26.246 *** Mouse movement (LeftButton) ***  Mouse coords: (644, 273) (50184, 38677)
2022-08-13 20:48:26.263 *** Mouse movement (LeftButton) ***  Mouse coords: (652, 273) (50339, 38677)
2022-08-13 20:48:26.280 *** Mouse movement (LeftButton) ***  Mouse coords: (663, 271) (50574, 38521)
2022-08-13 20:48:26.297 *** Mouse movement (LeftButton) ***  Mouse coords: (679, 269) (50965, 38521)
2022-08-13 20:48:26.313 *** Mouse movement (LeftButton) ***  Mouse coords: (694, 267) (50886, 38521)
2022-08-13 20:48:26.330 *** Mouse movement (LeftButton) ***  Mouse coords: (704, 265) (50496, 38520)
2022-08-13 20:48:26.347 *** Mouse movement (LeftButton) ***  Mouse coords: (710, 264) (50184, 38599)
2022-08-13 20:48:26.363 *** Mouse movement (LeftButton) ***  Mouse coords: (717, 263) (50261, 38599)
2022-08-13 20:48:26.380 *** Mouse movement (LeftButton) ***  Mouse coords: (721, 261) (50028, 38521)
2022-08-13 20:48:26.396 *** Mouse movement (LeftButton) ***  Mouse coords: (722, 260) (49793, 38599)
2022-08-13 20:48:26.413 *** Mouse movement (LeftButton) ***  Mouse coords: (723, 259) (49793, 38599)
2022-08-13 20:48:26.430 *** Mouse movement (LeftButton) ***  Mouse coords: (724, 257) (49793, 38521)
2022-08-13 20:48:26.446 *** Mouse movement (LeftButton) ***  Mouse coords: (725, 256) (49793, 38599)
2022-08-13 20:48:26.468 *** Mouse movement (LeftButton) ***  Mouse coords: (725, 255) (49715, 38599)
2022-08-13 20:48:26.483 *** Mouse movement (LeftButton) ***  Mouse coords: (726, 255) (49793, 38677)
2022-08-13 20:48:27.422 *** Mouse movement (LeftButton) ***  Mouse coords: (725, 300) (49637, 42191)
2022-08-13 20:48:27.448 *** Mouse movement (LeftButton) ***  Mouse coords: (721, 295) (49325, 41878)
2022-08-13 20:48:27.464 *** Mouse movement (LeftButton) ***  Mouse coords: (710, 285) (48778, 41488)
2022-08-13 20:48:27.480 *** Mouse movement (LeftButton) ***  Mouse coords: (697, 276) (48622, 41566)
2022-08-13 20:48:27.497 *** Mouse movement (LeftButton) ***  Mouse coords: (672, 256) (47684, 40708)
2022-08-13 20:48:27.513 *** Mouse movement (LeftButton) ***  Mouse coords: (662, 246) (48856, 41488)
2022-08-13 20:48:27.530 *** Mouse movement (LeftButton) ***  Mouse coords: (656, 240) (49169, 41800)
2022-08-13 20:48:27.547 *** Mouse movement (LeftButton) ***  Mouse coords: (655, 238) (49559, 42113)
2022-08-13 20:48:27.563 *** Mouse movement (LeftButton) ***  Mouse coords: (654, 236) (49559, 42113)
2022-08-13 20:48:31.059 *** Mouse movement (LeftButton) ***  Mouse coords: (655, 233) (49715, 42035)
2022-08-13 20:48:31.080 *** Mouse movement (LeftButton) ***  Mouse coords: (657, 240) (49871, 42502)
2022-08-13 20:48:31.097 *** Mouse movement (LeftButton) ***  Mouse coords: (665, 271) (50340, 44377)
2022-08-13 20:48:31.114 *** Mouse movement (LeftButton) ***  Mouse coords: (669, 290) (50027, 43440)
2022-08-13 20:48:31.130 *** Mouse movement (LeftButton) ***  Mouse coords: (674, 312) (50105, 43674)
2022-08-13 20:48:31.147 *** Mouse movement (LeftButton) ***  Mouse coords: (680, 334) (50184, 43674)
2022-08-13 20:48:31.163 *** Mouse movement (LeftButton) ***  Mouse coords: (682, 350) (49871, 43205)
2022-08-13 20:48:31.180 *** Mouse movement (LeftButton) ***  Mouse coords: (685, 363) (49949, 42971)
2022-08-13 20:48:31.197 *** Mouse movement (LeftButton) ***  Mouse coords: (685, 366) (49715, 42191)
2022-08-13 20:48:31.213 *** Mouse movement (LeftButton) ***  Mouse coords: (686, 368) (49794, 42112)
2022-08-13 20:48:32.441 *** Process image overlay spent 0.00 seconds.
2022-08-13 20:48:32.470 *** Get cell color spent 0.03 seconds.
2022-08-13 20:48:37.087 *** Process image overlay spent 0.00 seconds.
2022-08-13 20:48:37.095 *** Get cell color spent 0.01 seconds.
2022-08-13 20:48:37.910 *** Process image overlay spent 0.00 seconds.
2022-08-13 20:48:37.939 *** Get cell color spent 0.03 seconds.
2022-08-13 20:48:41.769 *** Mouse movement (LeftButton) ***  Mouse coords: (875, 374) (80341, 42035)
2022-08-13 20:48:41.782 *** Mouse movement (LeftButton) ***  Mouse coords: (873, 374) (80203, 42035)
2022-08-13 20:48:41.798 *** Mouse movement (LeftButton) ***  Mouse coords: (858, 375) (78427, 42172)
2022-08-13 20:48:41.814 *** Mouse movement (LeftButton) ***  Mouse coords: (830, 376) (76651, 42171)
2022-08-13 20:48:41.831 *** Mouse movement (LeftButton) ***  Mouse coords: (793, 378) (75421, 42309)
2022-08-13 20:48:41.848 *** Mouse movement (LeftButton) ***  Mouse coords: (748, 379) (74327, 42171)
2022-08-13 20:48:41.865 *** Mouse movement (LeftButton) ***  Mouse coords: (711, 380) (75421, 42172)
2022-08-13 20:48:41.881 *** Mouse movement (LeftButton) ***  Mouse coords: (646, 382) (71594, 42308)
2022-08-13 20:48:41.898 *** Mouse movement (LeftButton) ***  Mouse coords: (607, 382) (75147, 42035)
2022-08-13 20:48:41.914 *** Mouse movement (LeftButton) ***  Mouse coords: (584, 382) (77334, 42035)
2022-08-13 20:48:41.931 *** Mouse movement (LeftButton) ***  Mouse coords: (565, 382) (77880, 42035)
2022-08-13 20:48:41.948 *** Mouse movement (LeftButton) ***  Mouse coords: (562, 383) (80068, 42172)
2022-08-13 20:48:42.384 *** Mouse movement (LeftButton) ***  Mouse coords: (471, 387) (68041, 42582)
2022-08-13 20:48:42.399 *** Mouse movement (LeftButton) ***  Mouse coords: (474, 388) (68177, 42718)
2022-08-13 20:48:42.415 *** Mouse movement (LeftButton) ***  Mouse coords: (485, 388) (69270, 42582)
2022-08-13 20:48:42.431 *** Mouse movement (LeftButton) ***  Mouse coords: (507, 388) (70773, 42582)
2022-08-13 20:48:42.448 *** Mouse movement (LeftButton) ***  Mouse coords: (537, 385) (71867, 42172)
2022-08-13 20:48:42.464 *** Mouse movement (LeftButton) ***  Mouse coords: (565, 384) (71593, 42446)
2022-08-13 20:48:42.481 *** Mouse movement (LeftButton) ***  Mouse coords: (620, 377) (75284, 41625)
2022-08-13 20:48:42.499 *** Mouse movement (LeftButton) ***  Mouse coords: (654, 373) (72413, 42035)
2022-08-13 20:48:42.522 *** Mouse movement (LeftButton) ***  Mouse coords: (698, 370) (73780, 42172)
2022-08-13 20:48:42.535 *** Mouse movement (LeftButton) ***  Mouse coords: (723, 370) (71183, 42582)
2022-08-13 20:48:42.548 *** Mouse movement (LeftButton) ***  Mouse coords: (733, 370) (69134, 42582)
2022-08-13 20:48:42.564 *** Mouse movement (LeftButton) ***  Mouse coords: (742, 370) (68997, 42582)
2022-08-13 20:48:42.581 *** Mouse movement (LeftButton) ***  Mouse coords: (743, 370) (67904, 42582)
2022-08-13 20:48:45.127 *** Process image overlay spent 0.00 seconds.
2022-08-13 20:48:45.165 *** Get cell color spent 0.04 seconds.
2022-08-13 20:48:47.259 *** Mouse movement (LeftButton) ***  Mouse coords: (974, 480) (63071, 48863)
2022-08-13 20:48:47.297 *** Mouse movement (LeftButton) ***  Mouse coords: (944, 474) (59560, 48278)
2022-08-13 20:48:47.314 *** Mouse movement (LeftButton) ***  Mouse coords: (913, 472) (59443, 48746)
2022-08-13 20:48:47.331 *** Mouse movement (LeftButton) ***  Mouse coords: (885, 474) (59795, 49214)
2022-08-13 20:48:47.348 *** Mouse movement (LeftButton) ***  Mouse coords: (860, 477) (60145, 49331)
2022-08-13 20:48:47.365 *** Mouse movement (LeftButton) ***  Mouse coords: (816, 481) (57922, 49448)
2022-08-13 20:48:47.381 *** Mouse movement (LeftButton) ***  Mouse coords: (789, 483) (59911, 49214)
2022-08-13 20:48:47.398 *** Mouse movement (LeftButton) ***  Mouse coords: (780, 483) (62018, 48980)
2022-08-13 20:48:47.414 *** Mouse movement (LeftButton) ***  Mouse coords: (771, 483) (62018, 48980)
2022-08-13 20:48:47.514 *** Mouse movement (LeftButton) ***  Mouse coords: (771, 484) (63071, 49097)
2022-08-13 20:48:48.786 *** Process image overlay spent 0.00 seconds.
2022-08-13 20:48:48.794 *** Get cell color spent 0.01 seconds.
2022-08-13 20:48:49.376 *** Process image overlay spent 0.00 seconds.
2022-08-13 20:48:49.380 *** Get cell color spent 0.00 seconds.
2022-08-13 20:48:50.124 *** Process image overlay spent 0.00 seconds.
2022-08-13 20:48:50.132 *** Get cell color spent 0.01 seconds.
2022-08-13 20:48:50.562 *** Process image overlay spent 0.00 seconds.
2022-08-13 20:48:50.567 *** Get cell color spent 0.00 seconds.
2022-08-13 20:48:50.962 *** Process image overlay spent 0.00 seconds.
2022-08-13 20:48:50.965 *** Get cell color spent 0.00 seconds.
2022-08-13 20:48:51.843 *** Process image overlay spent 0.00 seconds.
2022-08-13 20:48:51.847 *** Get cell color spent 0.00 seconds.
2022-08-13 20:48:52.674 *** Process image overlay spent 0.00 seconds.
2022-08-13 20:48:52.694 *** Get cell color spent 0.02 seconds.
2022-08-13 20:48:53.904 *** Mouse movement (LeftButton) ***  Mouse coords: (703, 274) (59994, 48550)
2022-08-13 20:48:53.930 *** Mouse movement (LeftButton) ***  Mouse coords: (719, 307) (61063, 50623)
2022-08-13 20:48:53.965 *** Mouse movement (LeftButton) ***  Mouse coords: (797, 406) (65210, 55036)
2022-08-13 20:48:53.981 *** Mouse movement (LeftButton) ***  Mouse coords: (839, 439) (62803, 50623)
2022-08-13 20:48:53.998 *** Mouse movement (LeftButton) ***  Mouse coords: (875, 463) (62401, 50021)
2022-08-13 20:48:54.015 *** Mouse movement (LeftButton) ***  Mouse coords: (907, 483) (62134, 49753)
2022-08-13 20:48:54.031 *** Mouse movement (LeftButton) ***  Mouse coords: (961, 512) (63605, 50355)
2022-08-13 20:48:54.048 *** Mouse movement (LeftButton) ***  Mouse coords: (979, 520) (61198, 48951)
2022-08-13 20:48:54.065 *** Mouse movement (LeftButton) ***  Mouse coords: (988, 523) (60596, 48617)
2022-08-13 20:48:54.081 *** Mouse movement (LeftButton) ***  Mouse coords: (991, 525) (60195, 48550)
2022-08-13 20:48:54.105 *** Mouse movement (LeftButton) ***  Mouse coords: (991, 526) (59994, 48482)
2022-08-13 20:48:56.273 *** Process image overlay spent 0.00 seconds.
2022-08-13 20:48:56.367 *** Get cell color spent 0.09 seconds.
2022-08-13 20:48:56.699 *** Process image overlay spent 0.00 seconds.
2022-08-13 20:48:56.723 *** Get cell color spent 0.02 seconds.
2022-08-13 20:48:57.306 *** Process image overlay spent 0.00 seconds.
2022-08-13 20:48:57.313 *** Get cell color spent 0.01 seconds.
2022-08-13 20:48:58.329 *** Mouse movement (LeftButton) ***  Mouse coords: (522, 242) (23445, 44757)
2022-08-13 20:48:58.347 *** Mouse movement (LeftButton) ***  Mouse coords: (525, 247) (23457, 44768)
2022-08-13 20:48:58.365 *** Mouse movement (LeftButton) ***  Mouse coords: (539, 270) (23502, 44842)
2022-08-13 20:48:58.381 *** Mouse movement (LeftButton) ***  Mouse coords: (567, 311) (23560, 44915)
2022-08-13 20:48:58.398 *** Mouse movement (LeftButton) ***  Mouse coords: (582, 330) (23506, 44825)
2022-08-13 20:48:58.415 *** Mouse movement (LeftButton) ***  Mouse coords: (595, 347) (23498, 44817)
2022-08-13 20:48:58.431 *** Mouse movement (LeftButton) ***  Mouse coords: (608, 360) (23498, 44801)
2022-08-13 20:48:58.448 *** Mouse movement (LeftButton) ***  Mouse coords: (615, 367) (23473, 44777)
2022-08-13 20:48:58.465 *** Mouse movement (LeftButton) ***  Mouse coords: (617, 368) (23453, 44752)
2022-08-13 20:48:58.529 *** Process image overlay spent 0.00 seconds.
2022-08-13 20:48:58.536 *** Get cell color spent 0.01 seconds.
2022-08-13 20:48:59.132 *** Mouse movement (LeftButton) ***  Mouse coords: (690, 353) (23743, 44687)
2022-08-13 20:48:59.147 *** Mouse movement (LeftButton) ***  Mouse coords: (694, 370) (23759, 44752)
2022-08-13 20:48:59.165 *** Mouse movement (LeftButton) ***  Mouse coords: (698, 389) (23759, 44760)
2022-08-13 20:48:59.182 *** Mouse movement (LeftButton) ***  Mouse coords: (701, 410) (23756, 44769)
2022-08-13 20:48:59.198 *** Mouse movement (LeftButton) ***  Mouse coords: (703, 425) (23751, 44744)
2022-08-13 20:48:59.215 *** Mouse movement (LeftButton) ***  Mouse coords: (703, 437) (23743, 44732)
2022-08-13 20:48:59.231 *** Mouse movement (LeftButton) ***  Mouse coords: (704, 443) (23747, 44707)
2022-08-13 20:48:59.248 *** Mouse movement (LeftButton) ***  Mouse coords: (704, 446) (23743, 44696)
2022-08-13 20:48:59.265 *** Mouse movement (LeftButton) ***  Mouse coords: (704, 448) (23743, 44691)
2022-08-13 20:48:59.281 *** Mouse movement (LeftButton) ***  Mouse coords: (705, 448) (23747, 44683)
2022-08-13 20:48:59.298 *** Mouse movement (LeftButton) ***  Mouse coords: (705, 449) (23743, 44687)
2022-08-13 20:48:59.368 *** Process image overlay spent 0.00 seconds.
2022-08-13 20:48:59.375 *** Get cell color spent 0.01 seconds.
2022-08-13 20:49:34.823 *** Process image overlay spent 0.00 seconds.
2022-08-13 20:49:34.849 *** Get cell color spent 0.03 seconds.
2022-08-13 20:49:35.975 *** Process image overlay spent 0.00 seconds.
2022-08-13 20:49:36.059 *** Get cell color spent 0.08 seconds.
2022-08-13 20:49:36.746 *** Process image overlay spent 0.00 seconds.
2022-08-13 20:49:36.772 *** Get cell color spent 0.03 seconds.
2022-08-13 20:49:37.225 *** Process image overlay spent 0.00 seconds.
2022-08-13 20:49:37.232 *** Get cell color spent 0.01 seconds.
2022-08-13 20:49:38.005 *** Process image overlay spent 0.00 seconds.
2022-08-13 20:49:38.007 *** Get cell color spent 0.00 seconds.
2022-08-13 20:49:38.496 *** Process image overlay spent 0.00 seconds.
2022-08-13 20:49:38.503 *** Get cell color spent 0.01 seconds.
2022-08-13 20:49:42.089 *** Program closed.
