2022-08-13 22:10:08.220 *** Start program *** Start program
2022-08-13 22:10:16.625 *** Open case *** /media/zhihuang/Drive14/Google_Colon_lnm_pos_2015_slides/slides/S0425
2022-08-13 22:10:18.820 *** Open processed data
2022-08-13 22:10:18.821 *** Preload all statistics at once.
2022-08-13 22:10:19.655 *** Nuclei stat data loaded, took 0.83 seconds. Total number of nuclei: 954361
2022-08-13 22:10:24.082 *** Keyboard input *** key pressed: key: 66; text: "b"
2022-08-13 22:10:24.477 *** Keyboard input *** key pressed: key: 66; text: "b"
2022-08-13 22:10:26.211 *** Keyboard input *** key pressed: key: 66; text: "b"
2022-08-13 22:10:26.439 *** Keyboard input *** key pressed: key: 66; text: "b"
2022-08-13 22:10:26.665 *** Keyboard input *** key pressed: key: 66; text: "b"
2022-08-13 22:10:26.883 *** Keyboard input *** key pressed: key: 66; text: "b"
2022-08-13 22:10:27.071 *** Keyboard input *** key pressed: key: 66; text: "b"
2022-08-13 22:10:27.280 *** Keyboard input *** key pressed: key: 66; text: "b"
2022-08-13 22:10:27.497 *** Keyboard input *** key pressed: key: 66; text: "b"
2022-08-13 22:10:27.707 *** Keyboard input *** key pressed: key: 66; text: "b"
2022-08-13 22:10:27.921 *** Keyboard input *** key pressed: key: 66; text: "b"
2022-08-13 22:10:28.137 *** Keyboard input *** key pressed: key: 66; text: "b"
2022-08-13 22:10:28.335 *** Keyboard input *** key pressed: key: 66; text: "b"
2022-08-13 22:10:28.607 *** Keyboard input *** key pressed: key: 66; text: "b"
2022-08-13 22:10:28.911 *** Keyboard input *** key pressed: key: 66; text: "b"
2022-08-13 22:10:29.151 *** Keyboard input *** key pressed: key: 66; text: "b"
2022-08-13 22:10:29.351 *** Keyboard input *** key pressed: key: 66; text: "b"
2022-08-13 22:10:29.541 *** Keyboard input *** key pressed: key: 66; text: "b"
2022-08-13 22:10:30.345 *** Program closed.
