2022-08-12 10:45:56.948 *** Start program *** Start program
2022-08-12 10:46:07.432 *** Open case *** /media/zhihuang/Drive14/Google_Colon_lnm_pos_2015_slides/slides/S0425
2022-08-12 10:46:09.396 *** Open processed data
2022-08-12 10:46:09.397 *** Preload all statistics at once.
2022-08-12 10:46:10.218 *** Nuclei stat data loaded, took 0.82 seconds. Total number of nuclei: 954361
2022-08-12 10:46:14.022 *** Process image overlay spent 0.00 seconds.
2022-08-12 10:46:14.055 *** Get cell color spent 0.03 seconds.
2022-08-12 10:46:14.092 *** Process image overlay spent 0.00 seconds.
2022-08-12 10:46:14.099 *** Get cell color spent 0.01 seconds.
2022-08-12 10:46:14.120 *** Process image overlay spent 0.00 seconds.
2022-08-12 10:46:14.122 *** Get cell color spent 0.00 seconds.
2022-08-12 10:46:14.162 *** Process image overlay spent 0.00 seconds.
2022-08-12 10:46:14.165 *** Get cell color spent 0.00 seconds.
2022-08-12 10:46:14.204 *** Process image overlay spent 0.00 seconds.
2022-08-12 10:46:14.206 *** Get cell color spent 0.00 seconds.
2022-08-12 10:46:14.545 *** Process image overlay spent 0.00 seconds.
2022-08-12 10:46:14.547 *** Get cell color spent 0.00 seconds.
2022-08-12 10:46:14.573 *** Process image overlay spent 0.00 seconds.
2022-08-12 10:46:14.574 *** Get cell color spent 0.00 seconds.
2022-08-12 10:46:14.685 *** Process image overlay spent 0.01 seconds.
2022-08-12 10:46:14.686 *** Get cell color spent 0.00 seconds.
2022-08-12 10:46:15.707 *** Process image overlay spent 0.01 seconds.
2022-08-12 10:46:15.708 *** Get cell color spent 0.00 seconds.
2022-08-12 10:46:15.747 *** Process image overlay spent 0.00 seconds.
2022-08-12 10:46:15.748 *** Get cell color spent 0.00 seconds.
2022-08-12 10:46:16.071 *** Process image overlay spent 0.00 seconds.
2022-08-12 10:46:16.072 *** Get cell color spent 0.00 seconds.
2022-08-12 10:46:16.139 *** Process image overlay spent 0.01 seconds.
2022-08-12 10:46:16.140 *** Get cell color spent 0.00 seconds.
2022-08-12 10:46:16.953 *** Process image overlay spent 0.00 seconds.
2022-08-12 10:46:16.954 *** Get cell color spent 0.00 seconds.
2022-08-12 10:46:17.173 *** Process image overlay spent 0.01 seconds.
2022-08-12 10:46:17.174 *** Get cell color spent 0.00 seconds.
2022-08-12 10:46:17.375 *** Process image overlay spent 0.01 seconds.
2022-08-12 10:46:17.377 *** Get cell color spent 0.00 seconds.
2022-08-12 10:46:17.478 *** Process image overlay spent 0.01 seconds.
2022-08-12 10:46:17.480 *** Get cell color spent 0.00 seconds.
2022-08-12 10:46:18.967 *** Program closed.
