2022-08-12 14:32:17.157 *** Start program *** Start program
2022-08-12 14:32:20.567 *** starting thread (client mode): 0x4012c550
2022-08-12 14:32:20.568 *** Local version/idstring: SSH-2.0-paramiko_2.11.0
2022-08-12 14:32:20.590 *** Remote version/idstring: SSH-2.0-OpenSSH_5.3
2022-08-12 14:32:20.591 *** Connected (version 2.0, client OpenSSH_5.3)
2022-08-12 14:32:20.608 *** === Key exchange possibilities ===
2022-08-12 14:32:20.608 *** kex algos: diffie-hellman-group-exchange-sha256, diffie-hellman-group-exchange-sha1, diffie-hellman-group14-sha1, diffie-hellman-group1-sha1
2022-08-12 14:32:20.608 *** server key: ssh-rsa, ssh-rsa-cert-v01@openssh.com, ssh-dss
2022-08-12 14:32:20.608 *** client encrypt: aes128-ctr, aes192-ctr, aes256-ctr, arcfour256, arcfour128, aes128-cbc, 3des-cbc, blowfish-cbc, cast128-cbc, aes192-cbc, aes256-cbc, arcfour, rijndael-cbc@lysator.liu.se
2022-08-12 14:32:20.608 *** server encrypt: aes128-ctr, aes192-ctr, aes256-ctr, arcfour256, arcfour128, aes128-cbc, 3des-cbc, blowfish-cbc, cast128-cbc, aes192-cbc, aes256-cbc, arcfour, rijndael-cbc@lysator.liu.se
2022-08-12 14:32:20.608 *** client mac: hmac-md5, hmac-sha1, umac-64@openssh.com, hmac-sha2-256, hmac-sha2-512, hmac-ripemd160, hmac-ripemd160@openssh.com, hmac-sha1-96, hmac-md5-96
2022-08-12 14:32:20.608 *** server mac: hmac-md5, hmac-sha1, umac-64@openssh.com, hmac-sha2-256, hmac-sha2-512, hmac-ripemd160, hmac-ripemd160@openssh.com, hmac-sha1-96, hmac-md5-96
2022-08-12 14:32:20.608 *** client compress: none, zlib@openssh.com
2022-08-12 14:32:20.608 *** server compress: none, zlib@openssh.com
2022-08-12 14:32:20.608 *** client lang: <none>
2022-08-12 14:32:20.608 *** server lang: <none>
2022-08-12 14:32:20.608 *** kex follows: False
2022-08-12 14:32:20.608 *** === Key exchange agreements ===
2022-08-12 14:32:20.608 *** Kex: diffie-hellman-group-exchange-sha256
2022-08-12 14:32:20.608 *** HostKey: ssh-rsa
2022-08-12 14:32:20.608 *** Cipher: aes128-ctr
2022-08-12 14:32:20.608 *** MAC: hmac-sha2-256
2022-08-12 14:32:20.608 *** Compression: none
2022-08-12 14:32:20.608 *** === End of kex handshake ===
2022-08-12 14:32:20.670 *** Got server p (2048 bits)
2022-08-12 14:32:20.771 *** kex engine KexGexSHA256 specified hash_algo <built-in function openssl_sha256>
2022-08-12 14:32:20.772 *** Switch to new keys ...
2022-08-12 14:32:20.772 *** Adding ssh-rsa host key for 173.201.181.247: b'cca345f774a2d98448d0bcc78f04075d'
2022-08-12 14:32:20.846 *** userauth is OK
2022-08-12 14:32:20.869 *** Authentication (password) successful!
2022-08-12 14:32:20.870 *** [chan 0] Max packet in: 32768 bytes
2022-08-12 14:32:20.888 *** [chan 0] Max packet out: 32768 bytes
2022-08-12 14:32:20.888 *** Secsh channel 0 opened.
2022-08-12 14:32:20.907 *** [chan 0] Sesch channel 0 request ok
2022-08-12 14:32:20.924 *** [chan 0] Opened sftp connection (server version 3)
2022-08-12 14:32:20.928 *** [chan 0] stat(b'/home/b6o162rzivzp/NucFinder_DB/05313943FB3B68B7/interactive_nuclei_dict.pickle')
2022-08-12 14:32:20.946 *** [chan 0] open(b'/home/b6o162rzivzp/NucFinder_DB/05313943FB3B68B7/interactive_nuclei_dict.pickle', 'rb')
2022-08-12 14:32:20.964 *** [chan 0] open(b'/home/b6o162rzivzp/NucFinder_DB/05313943FB3B68B7/interactive_nuclei_dict.pickle', 'rb') -> 00000000
2022-08-12 14:32:25.707 *** [chan 0] close(00000000)
2022-08-12 14:32:51.868 *** Program closed.
2022-08-12 14:32:51.876 *** EOF in transport thread
