2022-09-23 02:35:32.110 *** Start program *** Start program
2022-09-23 02:35:53.705 *** Open case *** /Users/zhihuang/Downloads/S-demo-4304
2022-09-23 02:35:56.597 *** Open processed data
2022-09-23 02:35:56.598 *** Preload all statistics at once.
2022-09-23 02:35:58.270 *** Nuclei stat data loaded, took 1.67 seconds. Total number of nuclei: 1002261
2022-09-23 02:36:03.301 *** Mouse movement (LeftButton) ***  Mouse coords: (473, 263) (39172, 23841)
2022-09-23 02:36:08.529 *** Mouse movement (LeftButton) ***  Mouse coords: (290, 327) (39619, 27440)
2022-09-23 02:36:08.556 *** Mouse movement (LeftButton) ***  Mouse coords: (301, 334) (39640, 27453)
2022-09-23 02:36:08.579 *** Mouse movement (LeftButton) ***  Mouse coords: (314, 346) (39664, 27476)
2022-09-23 02:36:08.599 *** Mouse movement (LeftButton) ***  Mouse coords: (321, 354) (39677, 27491)
2022-09-23 02:36:08.617 *** Mouse movement (LeftButton) ***  Mouse coords: (337, 368) (39707, 27517)
2022-09-23 02:36:08.634 *** Mouse movement (LeftButton) ***  Mouse coords: (349, 381) (39730, 27541)
2022-09-23 02:36:08.652 *** Mouse movement (LeftButton) ***  Mouse coords: (367, 397) (39763, 27571)
2022-09-23 02:36:08.670 *** Mouse movement (LeftButton) ***  Mouse coords: (372, 401) (39773, 27579)
2022-09-23 02:36:08.688 *** Mouse movement (LeftButton) ***  Mouse coords: (374, 402) (39776, 27581)
2022-09-23 02:36:08.705 *** Mouse movement (LeftButton) ***  Mouse coords: (376, 404) (39780, 27584)
2022-09-23 02:36:08.722 *** Mouse movement (LeftButton) ***  Mouse coords: (378, 405) (39784, 27586)
2022-09-23 02:36:08.739 *** Mouse movement (LeftButton) ***  Mouse coords: (380, 407) (39788, 27590)
2022-09-23 02:36:08.757 *** Mouse movement (LeftButton) ***  Mouse coords: (385, 411) (39797, 27598)
2022-09-23 02:36:08.774 *** Mouse movement (LeftButton) ***  Mouse coords: (390, 414) (39807, 27603)
2022-09-23 02:36:08.791 *** Mouse movement (LeftButton) ***  Mouse coords: (396, 418) (39818, 27611)
2022-09-23 02:36:08.810 *** Mouse movement (LeftButton) ***  Mouse coords: (399, 420) (39823, 27614)
2022-09-23 02:36:08.827 *** Mouse movement (LeftButton) ***  Mouse coords: (402, 422) (39829, 27618)
2022-09-23 02:36:08.844 *** Mouse movement (LeftButton) ***  Mouse coords: (403, 423) (39831, 27620)
2022-09-23 02:36:08.862 *** Mouse movement (LeftButton) ***  Mouse coords: (405, 424) (39835, 27622)
2022-09-23 02:36:08.879 *** Mouse movement (LeftButton) ***  Mouse coords: (409, 427) (39842, 27628)
2022-09-23 02:36:08.896 *** Mouse movement (LeftButton) ***  Mouse coords: (412, 429) (39848, 27631)
2022-09-23 02:36:08.914 *** Mouse movement (LeftButton) ***  Mouse coords: (415, 432) (39853, 27637)
2022-09-23 02:36:08.932 *** Mouse movement (LeftButton) ***  Mouse coords: (418, 435) (39859, 27643)
2022-09-23 02:36:08.949 *** Mouse movement (LeftButton) ***  Mouse coords: (423, 439) (39868, 27650)
2022-09-23 02:36:08.967 *** Mouse movement (LeftButton) ***  Mouse coords: (432, 448) (39885, 27667)
2022-09-23 02:36:08.985 *** Mouse movement (LeftButton) ***  Mouse coords: (435, 451) (39891, 27673)
2022-09-23 02:36:09.002 *** Mouse movement (LeftButton) ***  Mouse coords: (437, 454) (39895, 27678)
2022-09-23 02:36:09.019 *** Mouse movement (LeftButton) ***  Mouse coords: (438, 455) (39897, 27680)
2022-09-23 02:36:09.036 *** Mouse movement (LeftButton) ***  Mouse coords: (438, 455) (39897, 27680)
2022-09-23 02:36:09.051 *** Mouse movement (LeftButton) ***  Mouse coords: (438, 455) (39897, 27680)
2022-09-23 02:36:15.748 *** Mouse movement (LeftButton) ***  Mouse coords: (287, 314) (39613, 27416)
2022-09-23 02:36:15.803 *** Mouse movement (LeftButton) ***  Mouse coords: (311, 341) (39658, 27466)
2022-09-23 02:36:15.825 *** Mouse movement (LeftButton) ***  Mouse coords: (320, 349) (39675, 27481)
2022-09-23 02:36:15.843 *** Mouse movement (LeftButton) ***  Mouse coords: (343, 368) (39718, 27517)
2022-09-23 02:36:15.860 *** Mouse movement (LeftButton) ***  Mouse coords: (363, 384) (39756, 27547)
2022-09-23 02:36:15.878 *** Mouse movement (LeftButton) ***  Mouse coords: (384, 402) (39795, 27581)
2022-09-23 02:36:15.895 *** Mouse movement (LeftButton) ***  Mouse coords: (403, 417) (39831, 27609)
2022-09-23 02:36:15.913 *** Mouse movement (LeftButton) ***  Mouse coords: (415, 427) (39853, 27628)
2022-09-23 02:36:15.930 *** Mouse movement (LeftButton) ***  Mouse coords: (426, 436) (39874, 27644)
2022-09-23 02:36:15.947 *** Mouse movement (LeftButton) ***  Mouse coords: (431, 442) (39883, 27656)
2022-09-23 02:36:15.965 *** Mouse movement (LeftButton) ***  Mouse coords: (438, 449) (39897, 27669)
2022-09-23 02:36:15.983 *** Mouse movement (LeftButton) ***  Mouse coords: (439, 450) (39898, 27671)
2022-09-23 02:36:15.999 *** Mouse movement (LeftButton) ***  Mouse coords: (440, 451) (39900, 27673)
2022-09-23 02:36:16.017 *** Mouse movement (LeftButton) ***  Mouse coords: (440, 451) (39900, 27673)
2022-09-23 02:36:16.033 *** Mouse movement (LeftButton) ***  Mouse coords: (440, 452) (39900, 27674)
2022-09-23 02:36:17.539 *** Interactive label *** Apply to case start.
2022-09-23 02:36:18.496 *** Mouse movement (LeftButton) ***  Mouse coords: (927, 94) (40814, 27003)
2022-09-23 02:36:18.527 *** Mouse movement (LeftButton) ***  Mouse coords: (942, 114) (40842, 27041)
2022-09-23 02:36:18.548 *** Mouse movement (LeftButton) ***  Mouse coords: (966, 151) (40887, 27110)
2022-09-23 02:36:18.566 *** Mouse movement (LeftButton) ***  Mouse coords: (977, 166) (40907, 27138)
2022-09-23 02:36:18.586 *** Mouse movement (LeftButton) ***  Mouse coords: (992, 186) (40936, 27176)
2022-09-23 02:36:18.605 *** Mouse movement (LeftButton) ***  Mouse coords: (999, 194) (40949, 27191)
2022-09-23 02:36:18.623 *** Mouse movement (LeftButton) ***  Mouse coords: (1012, 208) (40973, 27217)
2022-09-23 02:36:18.641 *** Mouse movement (LeftButton) ***  Mouse coords: (1021, 217) (40990, 27234)
2022-09-23 02:36:18.660 *** Mouse movement (LeftButton) ***  Mouse coords: (1026, 222) (40999, 27243)
2022-09-23 02:36:18.679 *** Mouse movement (LeftButton) ***  Mouse coords: (1029, 225) (41005, 27249)
2022-09-23 02:36:18.696 *** Mouse movement (LeftButton) ***  Mouse coords: (1031, 226) (41009, 27251)
2022-09-23 02:36:18.714 *** Mouse movement (LeftButton) ***  Mouse coords: (1031, 226) (41009, 27251)
2022-09-23 02:36:18.729 *** Mouse movement (LeftButton) ***  Mouse coords: (1031, 226) (41009, 27251)
2022-09-23 02:36:18.905 *** Mouse movement (LeftButton) ***  Mouse coords: (1031, 226) (41009, 27251)
2022-09-23 02:36:18.932 *** Mouse movement (LeftButton) ***  Mouse coords: (1033, 226) (41013, 27251)
2022-09-23 02:36:18.953 *** Mouse movement (LeftButton) ***  Mouse coords: (1037, 224) (41020, 27247)
2022-09-23 02:36:18.972 *** Mouse movement (LeftButton) ***  Mouse coords: (1043, 220) (41031, 27239)
2022-09-23 02:36:18.989 *** Mouse movement (LeftButton) ***  Mouse coords: (1047, 216) (41039, 27232)
2022-09-23 02:36:19.007 *** Mouse movement (LeftButton) ***  Mouse coords: (1052, 214) (41048, 27228)
2022-09-23 02:36:19.026 *** Mouse movement (LeftButton) ***  Mouse coords: (1055, 212) (41054, 27224)
2022-09-23 02:36:19.043 *** Mouse movement (LeftButton) ***  Mouse coords: (1058, 210) (41059, 27221)
2022-09-23 02:36:19.061 *** Mouse movement (LeftButton) ***  Mouse coords: (1060, 210) (41063, 27221)
2022-09-23 02:36:19.078 *** Mouse movement (LeftButton) ***  Mouse coords: (1061, 209) (41065, 27219)
2022-09-23 02:36:19.096 *** Mouse movement (LeftButton) ***  Mouse coords: (1062, 209) (41067, 27219)
2022-09-23 02:36:19.113 *** Mouse movement (LeftButton) ***  Mouse coords: (1063, 209) (41069, 27219)
2022-09-23 02:36:19.130 *** Mouse movement (LeftButton) ***  Mouse coords: (1063, 209) (41069, 27219)
2022-09-23 02:36:19.146 *** Mouse movement (LeftButton) ***  Mouse coords: (1064, 209) (41071, 27219)
2022-09-23 02:36:19.163 *** Mouse movement (LeftButton) ***  Mouse coords: (1064, 209) (41071, 27219)
2022-09-23 02:36:19.178 *** Mouse movement (LeftButton) ***  Mouse coords: (1065, 209) (41073, 27219)
2022-09-23 02:36:19.194 *** Mouse movement (LeftButton) ***  Mouse coords: (1065, 209) (41073, 27219)
2022-09-23 02:36:19.210 *** Mouse movement (LeftButton) ***  Mouse coords: (1065, 209) (41073, 27219)
2022-09-23 02:36:19.225 *** Mouse movement (LeftButton) ***  Mouse coords: (1066, 209) (41074, 27219)
2022-09-23 02:36:19.242 *** Mouse movement (LeftButton) ***  Mouse coords: (1066, 209) (41074, 27219)
2022-09-23 02:36:19.287 *** Mouse movement (LeftButton) ***  Mouse coords: (1066, 209) (41074, 27219)
2022-09-23 02:36:19.303 *** Mouse movement (LeftButton) ***  Mouse coords: (1066, 209) (41074, 27219)
2022-09-23 02:36:19.319 *** Mouse movement (LeftButton) ***  Mouse coords: (1067, 209) (41076, 27219)
2022-09-23 02:36:19.336 *** Mouse movement (LeftButton) ***  Mouse coords: (1067, 209) (41076, 27219)
2022-09-23 02:36:19.350 *** Mouse movement (LeftButton) ***  Mouse coords: (1068, 209) (41078, 27219)
2022-09-23 02:36:19.368 *** Mouse movement (LeftButton) ***  Mouse coords: (1071, 210) (41084, 27221)
2022-09-23 02:36:19.385 *** Mouse movement (LeftButton) ***  Mouse coords: (1073, 212) (41088, 27224)
2022-09-23 02:36:19.402 *** Mouse movement (LeftButton) ***  Mouse coords: (1075, 214) (41091, 27228)
2022-09-23 02:36:19.419 *** Mouse movement (LeftButton) ***  Mouse coords: (1076, 214) (41093, 27228)
2022-09-23 02:36:19.436 *** Mouse movement (LeftButton) ***  Mouse coords: (1077, 215) (41095, 27230)
2022-09-23 02:36:19.453 *** Mouse movement (LeftButton) ***  Mouse coords: (1078, 215) (41097, 27230)
2022-09-23 02:36:20.467 *** Interactive label *** Apply to case start.
2022-09-23 02:36:23.563 *** Mouse movement (LeftButton) ***  Mouse coords: (1034, 260) (41281, 27276)
2022-09-23 02:36:23.601 *** Mouse movement (LeftButton) ***  Mouse coords: (1034, 271) (41281, 27297)
2022-09-23 02:36:23.626 *** Mouse movement (LeftButton) ***  Mouse coords: (1036, 281) (41284, 27295)
2022-09-23 02:36:23.648 *** Mouse movement (LeftButton) ***  Mouse coords: (1039, 290) (41287, 27293)
2022-09-23 02:36:23.667 *** Mouse movement (LeftButton) ***  Mouse coords: (1039, 293) (41281, 27281)
2022-09-23 02:36:23.688 *** Mouse movement (LeftButton) ***  Mouse coords: (1041, 296) (41285, 27282)
2022-09-23 02:36:23.708 *** Mouse movement (LeftButton) ***  Mouse coords: (1041, 297) (41281, 27278)
2022-09-23 02:36:23.734 *** Mouse movement (LeftButton) ***  Mouse coords: (1043, 300) (41284, 27281)
2022-09-23 02:36:23.757 *** Mouse movement (LeftButton) ***  Mouse coords: (1045, 304) (41285, 27284)
2022-09-23 02:36:23.779 *** Mouse movement (LeftButton) ***  Mouse coords: (1049, 308) (41289, 27283)
2022-09-23 02:36:23.803 *** Mouse movement (LeftButton) ***  Mouse coords: (1052, 311) (41286, 27282)
2022-09-23 02:36:23.821 *** Mouse movement (LeftButton) ***  Mouse coords: (1054, 313) (41285, 27280)
2022-09-23 02:36:23.841 *** Mouse movement (LeftButton) ***  Mouse coords: (1054, 313) (41281, 27276)
2022-09-23 02:36:23.869 *** Mouse movement (LeftButton) ***  Mouse coords: (1054, 313) (41281, 27276)
2022-09-23 02:36:47.824 *** Mouse movement (LeftButton) ***  Mouse coords: (632, 414) (40490, 27465)
2022-09-23 02:36:47.897 *** Mouse movement (LeftButton) ***  Mouse coords: (632, 435) (40490, 27503)
2022-09-23 02:36:47.940 *** Mouse movement (LeftButton) ***  Mouse coords: (630, 442) (40486, 27476)
2022-09-23 02:36:47.963 *** Mouse movement (LeftButton) ***  Mouse coords: (628, 445) (40486, 27468)
2022-09-23 02:36:47.987 *** Mouse movement (LeftButton) ***  Mouse coords: (628, 446) (40490, 27465)
2022-09-23 02:36:48.006 *** Mouse movement (LeftButton) ***  Mouse coords: (628, 446) (40490, 27463)
2022-09-23 02:36:48.060 *** Mouse movement (LeftButton) ***  Mouse coords: (627, 447) (40488, 27465)
2022-09-23 02:36:48.115 *** Mouse movement (LeftButton) ***  Mouse coords: (627, 447) (40490, 27463)
2022-09-23 02:37:19.763 *** Program closed.
