2022-08-11 14:32:50.056 *** Start program *** Start program
2022-08-11 14:33:01.411 *** Open case *** /media/zhihuang/Drive14/Google_Colon_lnm_pos_2015_slides/slides/S1054
2022-08-11 14:33:03.134 *** Open processed data
2022-08-11 14:33:03.135 *** Preload all statistics at once.
2022-08-11 14:33:03.360 *** Nuclei stat data loaded, took 0.23 seconds. Total number of nuclei: 230851
2022-08-11 14:33:05.786 *** Process image overlay spent 0.00 seconds.
2022-08-11 14:33:05.788 *** Get cell color spent 0.00 seconds.
2022-08-11 14:33:05.842 *** Process image overlay spent 0.00 seconds.
2022-08-11 14:33:05.844 *** Get cell color spent 0.00 seconds.
2022-08-11 14:33:05.868 *** Process image overlay spent 0.00 seconds.
2022-08-11 14:33:05.870 *** Get cell color spent 0.00 seconds.
2022-08-11 14:33:06.173 *** Mouse movement (LeftButton) ***  Mouse coords: (1006, 392) (63917, 51799)
2022-08-11 14:33:06.200 *** Mouse movement (LeftButton) ***  Mouse coords: (990, 397) (63872, 51812)
2022-08-11 14:33:06.216 *** Mouse movement (LeftButton) ***  Mouse coords: (956, 410) (63814, 51838)
2022-08-11 14:33:06.233 *** Mouse movement (LeftButton) ***  Mouse coords: (883, 438) (63691, 51885)
2022-08-11 14:33:06.249 *** Mouse movement (LeftButton) ***  Mouse coords: (839, 459) (63783, 51863)
2022-08-11 14:33:06.266 *** Mouse movement (LeftButton) ***  Mouse coords: (784, 488) (63748, 51888)
2022-08-11 14:33:06.283 *** Mouse movement (LeftButton) ***  Mouse coords: (718, 526) (63713, 51917)
2022-08-11 14:33:06.300 *** Mouse movement (LeftButton) ***  Mouse coords: (652, 559) (63713, 51901)
2022-08-11 14:33:06.316 *** Mouse movement (LeftButton) ***  Mouse coords: (568, 598) (63655, 51920)
2022-08-11 14:33:06.333 *** Mouse movement (LeftButton) ***  Mouse coords: (510, 623) (63739, 51876)
2022-08-11 14:33:06.350 *** Mouse movement (LeftButton) ***  Mouse coords: (457, 641) (63754, 51853)
2022-08-11 14:33:06.366 *** Mouse movement (LeftButton) ***  Mouse coords: (431, 650) (63840, 51825)
2022-08-11 14:33:06.383 *** Mouse movement (LeftButton) ***  Mouse coords: (387, 660) (63783, 51828)
2022-08-11 14:33:06.400 *** Mouse movement (LeftButton) ***  Mouse coords: (383, 660) (63910, 51796)
2022-08-11 14:33:06.418 *** Process image overlay spent 0.00 seconds.
2022-08-11 14:33:06.422 *** Get cell color spent 0.00 seconds.
2022-08-11 14:33:06.481 *** Process image overlay spent 0.00 seconds.
2022-08-11 14:33:06.484 *** Get cell color spent 0.00 seconds.
2022-08-11 14:33:06.789 *** Process image overlay spent 0.00 seconds.
2022-08-11 14:33:06.791 *** Get cell color spent 0.00 seconds.
2022-08-11 14:33:06.891 *** Process image overlay spent 0.00 seconds.
2022-08-11 14:33:06.893 *** Get cell color spent 0.00 seconds.
2022-08-11 14:33:06.918 *** Process image overlay spent 0.00 seconds.
2022-08-11 14:33:06.920 *** Get cell color spent 0.00 seconds.
2022-08-11 14:33:08.460 *** Mouse movement (LeftButton) ***  Mouse coords: (759, 343) (65165, 50973)
2022-08-11 14:33:08.482 *** Mouse movement (LeftButton) ***  Mouse coords: (755, 345) (65162, 50975)
2022-08-11 14:33:08.500 *** Mouse movement (LeftButton) ***  Mouse coords: (744, 352) (65154, 50980)
2022-08-11 14:33:08.516 *** Mouse movement (LeftButton) ***  Mouse coords: (734, 357) (65156, 50978)
2022-08-11 14:33:08.533 *** Mouse movement (LeftButton) ***  Mouse coords: (726, 362) (65158, 50978)
2022-08-11 14:33:08.550 *** Mouse movement (LeftButton) ***  Mouse coords: (711, 371) (65150, 50983)
2022-08-11 14:33:08.566 *** Mouse movement (LeftButton) ***  Mouse coords: (698, 377) (65152, 50979)
2022-08-11 14:33:08.583 *** Mouse movement (LeftButton) ***  Mouse coords: (682, 386) (65150, 50982)
2022-08-11 14:33:08.599 *** Mouse movement (LeftButton) ***  Mouse coords: (676, 389) (65160, 50976)
2022-08-11 14:33:08.616 *** Mouse movement (LeftButton) ***  Mouse coords: (672, 391) (65161, 50975)
2022-08-11 14:33:08.633 *** Mouse movement (LeftButton) ***  Mouse coords: (670, 392) (65164, 50974)
2022-08-11 14:33:08.651 *** Process image overlay spent 0.00 seconds.
2022-08-11 14:33:08.653 *** Get cell color spent 0.00 seconds.
2022-08-11 14:33:08.680 *** Process image overlay spent 0.00 seconds.
2022-08-11 14:33:08.681 *** Get cell color spent 0.00 seconds.
2022-08-11 14:33:09.241 *** Mouse movement (LeftButton) ***  Mouse coords: (704, 391) (65202, 50972)
2022-08-11 14:33:09.268 *** Process image overlay spent 0.00 seconds.
2022-08-11 14:33:09.270 *** Get cell color spent 0.00 seconds.
2022-08-11 14:33:09.296 *** Process image overlay spent 0.00 seconds.
2022-08-11 14:33:09.297 *** Get cell color spent 0.00 seconds.
2022-08-11 14:33:09.332 *** Interactive label *** (double click) click on screen. screen: (704, 391); slide: (65202, 50973). case_id: S1054, slide_id: E52, Nuclei index selected: 130308
2022-08-11 14:33:11.038 *** Interactive label *** (double click) click on screen. screen: (731, 354); slide: (65230, 50935). case_id: S1054, slide_id: E52, Nuclei index selected: 130767
2022-08-11 14:33:12.418 *** Interactive label *** (double click) click on screen. screen: (764, 354); slide: (65264, 50935). case_id: S1054, slide_id: E52, Nuclei index selected: 129966
2022-08-11 14:33:13.123 *** Interactive label *** (double click) click on screen. screen: (764, 354); slide: (65264, 50935). case_id: S1054, slide_id: E52, Nuclei index selected: 129966
2022-08-11 14:33:42.771 *** Program closed.
