2022-09-23 16:13:40.266 *** Start program *** Start program
2022-09-23 16:13:45.355 *** Open case *** /Applications/XAMPP/xamppfiles/htdocs/20220722_Eric_Yang
2022-09-23 16:13:49.713 *** Open processed data
2022-09-23 16:13:49.714 *** Preload all statistics at once.
2022-09-23 16:13:50.987 *** Nuclei stat data loaded, took 1.27 seconds. Total number of nuclei: 604435
2022-09-23 16:13:59.404 *** starting thread (client mode): 0x6d1be610
2022-09-23 16:13:59.406 *** Local version/idstring: SSH-2.0-paramiko_2.11.0
2022-09-23 16:13:59.429 *** Remote version/idstring: SSH-2.0-OpenSSH_5.3
2022-09-23 16:13:59.429 *** Connected (version 2.0, client OpenSSH_5.3)
2022-09-23 16:13:59.450 *** === Key exchange possibilities ===
2022-09-23 16:13:59.450 *** kex algos: diffie-hellman-group-exchange-sha256, diffie-hellman-group-exchange-sha1, diffie-hellman-group14-sha1, diffie-hellman-group1-sha1
2022-09-23 16:13:59.450 *** server key: ssh-rsa, ssh-rsa-cert-v01@openssh.com, ssh-dss
2022-09-23 16:13:59.451 *** client encrypt: aes128-ctr, aes192-ctr, aes256-ctr, arcfour256, arcfour128, aes128-cbc, 3des-cbc, blowfish-cbc, cast128-cbc, aes192-cbc, aes256-cbc, arcfour, rijndael-cbc@lysator.liu.se
2022-09-23 16:13:59.451 *** server encrypt: aes128-ctr, aes192-ctr, aes256-ctr, arcfour256, arcfour128, aes128-cbc, 3des-cbc, blowfish-cbc, cast128-cbc, aes192-cbc, aes256-cbc, arcfour, rijndael-cbc@lysator.liu.se
2022-09-23 16:13:59.451 *** client mac: hmac-md5, hmac-sha1, umac-64@openssh.com, hmac-sha2-256, hmac-sha2-512, hmac-ripemd160, hmac-ripemd160@openssh.com, hmac-sha1-96, hmac-md5-96
2022-09-23 16:13:59.451 *** server mac: hmac-md5, hmac-sha1, umac-64@openssh.com, hmac-sha2-256, hmac-sha2-512, hmac-ripemd160, hmac-ripemd160@openssh.com, hmac-sha1-96, hmac-md5-96
2022-09-23 16:13:59.451 *** client compress: none, zlib@openssh.com
2022-09-23 16:13:59.451 *** server compress: none, zlib@openssh.com
2022-09-23 16:13:59.451 *** client lang: <none>
2022-09-23 16:13:59.451 *** server lang: <none>
2022-09-23 16:13:59.451 *** kex follows: False
2022-09-23 16:13:59.451 *** === Key exchange agreements ===
2022-09-23 16:13:59.452 *** Kex: diffie-hellman-group-exchange-sha256
2022-09-23 16:13:59.452 *** HostKey: ssh-rsa
2022-09-23 16:13:59.452 *** Cipher: aes128-ctr
2022-09-23 16:13:59.452 *** MAC: hmac-sha2-256
2022-09-23 16:13:59.452 *** Compression: none
2022-09-23 16:13:59.452 *** === End of kex handshake ===
2022-09-23 16:13:59.513 *** Got server p (2048 bits)
2022-09-23 16:13:59.622 *** kex engine KexGexSHA256 specified hash_algo <built-in function openssl_sha256>
2022-09-23 16:13:59.624 *** Switch to new keys ...
2022-09-23 16:13:59.624 *** Adding ssh-rsa host key for 173.201.181.247: b'cca345f774a2d98448d0bcc78f04075d'
2022-09-23 16:13:59.702 *** userauth is OK
2022-09-23 16:13:59.728 *** Authentication (password) successful!
2022-09-23 16:13:59.729 *** [chan 0] Max packet in: 32768 bytes
2022-09-23 16:13:59.750 *** [chan 0] Max packet out: 32768 bytes
2022-09-23 16:13:59.750 *** Secsh channel 0 opened.
2022-09-23 16:13:59.771 *** [chan 0] Sesch channel 0 request ok
2022-09-23 16:13:59.792 *** [chan 0] Opened sftp connection (server version 3)
2022-09-23 16:13:59.793 *** [chan 0] stat(b'/home/b6o162rzivzp/NucFinder_DB/3E4F1863BEC8CC26/interactive_nuclei_dict.pickle')
2022-09-23 16:13:59.816 *** [chan 0] stat(b'/home/b6o162rzivzp/NucFinder_DB/3E4F1863BEC8CC26/model.pickle')
2022-09-23 16:13:59.837 *** [chan 0] open(b'/home/b6o162rzivzp/NucFinder_DB/3E4F1863BEC8CC26/model.pickle', 'rb')
2022-09-23 16:13:59.859 *** [chan 0] open(b'/home/b6o162rzivzp/NucFinder_DB/3E4F1863BEC8CC26/model.pickle', 'rb') -> 00000000
2022-09-23 16:14:01.836 *** [chan 0] close(00000000)
2022-09-23 16:14:01.926 *** Interactive label *** Apply to case start.
2022-09-23 16:14:06.383 *** Interactive label *** Apply to case done.
2022-09-23 16:14:06.527 *** Interactive label *** Apply to case finish overlay create.
2022-09-23 16:14:11.234 *** Keyboard input *** key pressed: key: 90; text: "z"
2022-09-23 16:14:11.740 *** Keyboard input *** key pressed: key: 90; text: "z"
2022-09-23 16:14:12.597 *** Keyboard input *** key pressed: key: 90; text: "z"
2022-09-23 16:14:20.051 *** Keyboard input *** key pressed: key: 90; text: "z"
2022-09-23 16:14:20.639 *** Keyboard input *** key pressed: key: 90; text: "z"
2022-09-23 16:14:21.484 *** Keyboard input *** key pressed: key: 88; text: "x"
2022-09-23 16:14:22.930 *** Mouse movement (LeftButton) ***  Mouse coords: (483, 450) (40269, 25664)
2022-09-23 16:14:22.971 *** Mouse movement (LeftButton) ***  Mouse coords: (485, 450) (40344, 25664)
2022-09-23 16:14:22.999 *** Mouse movement (LeftButton) ***  Mouse coords: (545, 450) (42517, 25664)
2022-09-23 16:14:23.022 *** Mouse movement (LeftButton) ***  Mouse coords: (579, 450) (41544, 25664)
2022-09-23 16:14:23.045 *** Mouse movement (LeftButton) ***  Mouse coords: (678, 450) (43979, 25664)
2022-09-23 16:14:23.070 *** Mouse movement (LeftButton) ***  Mouse coords: (753, 450) (43080, 25664)
2022-09-23 16:14:23.093 *** Mouse movement (LeftButton) ***  Mouse coords: (804, 450) (42180, 25664)
2022-09-23 16:14:23.115 *** Mouse movement (LeftButton) ***  Mouse coords: (838, 450) (41543, 25664)
2022-09-23 16:14:23.142 *** Mouse movement (LeftButton) ***  Mouse coords: (854, 450) (40869, 25664)
2022-09-23 16:14:23.163 *** Mouse movement (LeftButton) ***  Mouse coords: (859, 450) (40456, 25664)
2022-09-23 16:14:23.185 *** Mouse movement (LeftButton) ***  Mouse coords: (859, 450) (40269, 25664)
2022-09-23 16:14:24.259 *** Process image overlay spent 0.00 seconds.
2022-09-23 16:14:24.284 *** Get cell color spent 0.02 seconds.
2022-09-23 16:14:24.418 *** Process image overlay spent 0.00 seconds.
2022-09-23 16:14:24.433 *** Get cell color spent 0.01 seconds.
2022-09-23 16:14:25.442 *** Mouse movement (LeftButton) ***  Mouse coords: (103, 91) (25996, 23842)
2022-09-23 16:14:25.486 *** Process image overlay spent 0.00 seconds.
2022-09-23 16:14:25.518 *** Get cell color spent 0.03 seconds.
2022-09-23 16:14:26.029 *** Process image overlay spent 0.00 seconds.
2022-09-23 16:14:26.061 *** Get cell color spent 0.03 seconds.
2022-09-23 16:14:26.741 *** Keyboard input *** key pressed: key: 90; text: "z"
2022-09-23 16:14:27.000 *** Keyboard input *** key pressed: key: 90; text: "z"
2022-09-23 16:14:27.006 *** Process image overlay spent 0.00 seconds.
2022-09-23 16:14:27.057 *** Get cell color spent 0.05 seconds.
2022-09-23 16:14:28.180 *** Process image overlay spent 0.00 seconds.
2022-09-23 16:14:28.187 *** Get cell color spent 0.01 seconds.
2022-09-23 16:14:28.425 *** Mouse movement (LeftButton) ***  Mouse coords: (627, 181) (33585, 21408)
2022-09-23 16:14:28.483 *** Mouse movement (LeftButton) ***  Mouse coords: (627, 181) (33585, 21408)
2022-09-23 16:14:28.511 *** Mouse movement (LeftButton) ***  Mouse coords: (651, 183) (33702, 21418)
2022-09-23 16:14:28.535 *** Mouse movement (LeftButton) ***  Mouse coords: (744, 223) (34036, 21602)
2022-09-23 16:14:28.557 *** Mouse movement (LeftButton) ***  Mouse coords: (840, 274) (34050, 21656)
2022-09-23 16:14:28.581 *** Mouse movement (LeftButton) ***  Mouse coords: (871, 292) (33736, 21495)
2022-09-23 16:14:28.608 *** Mouse movement (LeftButton) ***  Mouse coords: (915, 318) (33798, 21534)
2022-09-23 16:14:28.633 *** Mouse movement (LeftButton) ***  Mouse coords: (949, 337) (33750, 21500)
2022-09-23 16:14:28.655 *** Mouse movement (LeftButton) ***  Mouse coords: (953, 338) (33604, 21413)
2022-09-23 16:14:28.677 *** Mouse movement (LeftButton) ***  Mouse coords: (953, 338) (33585, 21408)
2022-09-23 16:14:28.700 *** Mouse movement (LeftButton) ***  Mouse coords: (952, 338) (33581, 21408)
2022-09-23 16:14:28.727 *** Mouse movement (LeftButton) ***  Mouse coords: (952, 338) (33585, 21408)
2022-09-23 16:14:29.538 *** Mouse movement (LeftButton) ***  Mouse coords: (672, 489) (32226, 22141)
2022-09-23 16:14:29.600 *** Mouse movement (LeftButton) ***  Mouse coords: (673, 490) (32227, 22140)
2022-09-23 16:14:29.630 *** Mouse movement (LeftButton) ***  Mouse coords: (673, 445) (32222, 21918)
2022-09-23 16:14:29.675 *** Mouse movement (LeftButton) ***  Mouse coords: (673, 314) (32222, 21501)
2022-09-23 16:14:29.698 *** Mouse movement (LeftButton) ***  Mouse coords: (673, 234) (32222, 21748)
2022-09-23 16:14:29.726 *** Mouse movement (LeftButton) ***  Mouse coords: (673, 198) (32222, 21961)
2022-09-23 16:14:29.747 *** Mouse movement (LeftButton) ***  Mouse coords: (673, 192) (32222, 22107)
2022-09-23 16:14:29.855 *** Process image overlay spent 0.00 seconds.
2022-09-23 16:14:29.865 *** Get cell color spent 0.01 seconds.
2022-09-23 16:14:30.524 *** Process image overlay spent 0.00 seconds.
2022-09-23 16:14:30.527 *** Get cell color spent 0.00 seconds.
2022-09-23 16:14:30.629 *** Process image overlay spent 0.00 seconds.
2022-09-23 16:14:30.631 *** Get cell color spent 0.00 seconds.
2022-09-23 16:14:30.899 *** Process image overlay spent 0.00 seconds.
2022-09-23 16:14:30.902 *** Get cell color spent 0.00 seconds.
2022-09-23 16:14:31.085 *** Mouse movement (LeftButton) ***  Mouse coords: (550, 451) (33523, 23174)
2022-09-23 16:14:31.133 *** Mouse movement (LeftButton) ***  Mouse coords: (550, 450) (33525, 23171)
2022-09-23 16:14:31.161 *** Mouse movement (LeftButton) ***  Mouse coords: (566, 446) (33563, 23165)
2022-09-23 16:14:31.182 *** Mouse movement (LeftButton) ***  Mouse coords: (587, 437) (33574, 23153)
2022-09-23 16:14:31.204 *** Mouse movement (LeftButton) ***  Mouse coords: (611, 426) (33582, 23148)
2022-09-23 16:14:31.228 *** Mouse movement (LeftButton) ***  Mouse coords: (744, 371) (33840, 23043)
2022-09-23 16:14:31.252 *** Mouse movement (LeftButton) ***  Mouse coords: (866, 329) (33813, 23075)
2022-09-23 16:14:31.285 *** Mouse movement (LeftButton) ***  Mouse coords: (1037, 287) (33929, 23075)
2022-09-23 16:14:31.315 *** Mouse movement (LeftButton) ***  Mouse coords: (1125, 277) (33734, 23150)
2022-09-23 16:14:31.337 *** Mouse movement (LeftButton) ***  Mouse coords: (1148, 276) (33579, 23172)
2022-09-23 16:14:31.358 *** Mouse movement (LeftButton) ***  Mouse coords: (1149, 276) (33527, 23174)
2022-09-23 16:14:31.408 *** Mouse movement (LeftButton) ***  Mouse coords: (1149, 276) (33525, 23174)
2022-09-23 16:14:31.437 *** Mouse movement (LeftButton) ***  Mouse coords: (1149, 276) (33525, 23174)
2022-09-23 16:14:31.637 *** Process image overlay spent 0.00 seconds.
2022-09-23 16:14:31.641 *** Get cell color spent 0.00 seconds.
2022-09-23 16:14:32.680 *** Process image overlay spent 0.00 seconds.
2022-09-23 16:14:32.681 *** Get cell color spent 0.00 seconds.
2022-09-23 16:14:32.808 *** Process image overlay spent 0.00 seconds.
2022-09-23 16:14:32.809 *** Get cell color spent 0.00 seconds.
2022-09-23 16:14:33.189 *** Mouse movement (LeftButton) ***  Mouse coords: (636, 204) (34282, 23417)
2022-09-23 16:14:33.245 *** Mouse movement (LeftButton) ***  Mouse coords: (636, 203) (34284, 23416)
2022-09-23 16:14:33.276 *** Mouse movement (LeftButton) ***  Mouse coords: (737, 241) (34405, 23462)
2022-09-23 16:14:33.323 *** Mouse movement (LeftButton) ***  Mouse coords: (937, 330) (34522, 23523)
2022-09-23 16:14:33.349 *** Mouse movement (LeftButton) ***  Mouse coords: (1085, 381) (34460, 23478)
2022-09-23 16:14:33.371 *** Mouse movement (LeftButton) ***  Mouse coords: (1183, 401) (34401, 23440)
2022-09-23 16:14:33.396 *** Mouse movement (LeftButton) ***  Mouse coords: (1217, 404) (34324, 23421)
2022-09-23 16:14:33.418 *** Mouse movement (LeftButton) ***  Mouse coords: (1252, 406) (34326, 23419)
2022-09-23 16:14:33.444 *** Mouse movement (LeftButton) ***  Mouse coords: (1266, 406) (34300, 23417)
2022-09-23 16:14:33.466 *** Mouse movement (LeftButton) ***  Mouse coords: (1269, 406) (34288, 23417)
2022-09-23 16:14:33.540 *** Process image overlay spent 0.00 seconds.
2022-09-23 16:14:33.541 *** Get cell color spent 0.00 seconds.
2022-09-23 16:14:33.923 *** Mouse movement (LeftButton) ***  Mouse coords: (582, 215) (33466, 23190)
2022-09-23 16:14:33.991 *** Mouse movement (LeftButton) ***  Mouse coords: (583, 215) (33467, 23190)
2022-09-23 16:14:34.024 *** Mouse movement (LeftButton) ***  Mouse coords: (602, 215) (33489, 23190)
2022-09-23 16:14:34.046 *** Mouse movement (LeftButton) ***  Mouse coords: (623, 215) (33491, 23190)
2022-09-23 16:14:34.073 *** Mouse movement (LeftButton) ***  Mouse coords: (679, 215) (33533, 23190)
2022-09-23 16:14:34.095 *** Mouse movement (LeftButton) ***  Mouse coords: (807, 215) (33618, 23190)
2022-09-23 16:14:34.124 *** Mouse movement (LeftButton) ***  Mouse coords: (922, 215) (33603, 23190)
2022-09-23 16:14:34.153 *** Mouse movement (LeftButton) ***  Mouse coords: (1053, 215) (33622, 23190)
2022-09-23 16:14:34.178 *** Mouse movement (LeftButton) ***  Mouse coords: (1063, 215) (33478, 23190)
2022-09-23 16:14:34.200 *** Mouse movement (LeftButton) ***  Mouse coords: (1078, 215) (33484, 23190)
2022-09-23 16:14:34.230 *** Mouse movement (LeftButton) ***  Mouse coords: (1083, 215) (33472, 23190)
2022-09-23 16:14:34.260 *** Mouse movement (LeftButton) ***  Mouse coords: (1084, 215) (33467, 23190)
2022-09-23 16:14:34.338 *** Process image overlay spent 0.00 seconds.
2022-09-23 16:14:34.340 *** Get cell color spent 0.00 seconds.
2022-09-23 16:14:34.603 *** Mouse movement (LeftButton) ***  Mouse coords: (793, 225) (33119, 23202)
2022-09-23 16:14:34.683 *** Mouse movement (LeftButton) ***  Mouse coords: (794, 225) (33121, 23202)
2022-09-23 16:14:34.724 *** Mouse movement (LeftButton) ***  Mouse coords: (837, 225) (33170, 23202)
2022-09-23 16:14:34.752 *** Mouse movement (LeftButton) ***  Mouse coords: (914, 225) (33210, 23202)
2022-09-23 16:14:34.777 *** Mouse movement (LeftButton) ***  Mouse coords: (934, 225) (33143, 23202)
2022-09-23 16:14:34.798 *** Mouse movement (LeftButton) ***  Mouse coords: (951, 225) (33139, 23202)
2022-09-23 16:14:34.822 *** Mouse movement (LeftButton) ***  Mouse coords: (975, 225) (33148, 23202)
2022-09-23 16:14:34.850 *** Mouse movement (LeftButton) ***  Mouse coords: (975, 225) (33119, 23202)
2022-09-23 16:14:34.958 *** Keyboard input *** key pressed: key: 90; text: "z"
2022-09-23 16:14:35.318 *** Keyboard input *** key pressed: key: 90; text: "z"
2022-09-23 16:14:35.324 *** Process image overlay spent 0.00 seconds.
2022-09-23 16:14:35.328 *** Get cell color spent 0.00 seconds.
2022-09-23 16:14:35.667 *** Keyboard input *** key pressed: key: 90; text: "z"
2022-09-23 16:14:37.964 *** Mouse movement (LeftButton) ***  Mouse coords: (626, 257) (33475, 23348)
2022-09-23 16:14:38.030 *** Mouse movement (LeftButton) ***  Mouse coords: (626, 258) (33475, 23349)
2022-09-23 16:14:38.102 *** Mouse movement (LeftButton) ***  Mouse coords: (694, 258) (33513, 23348)
2022-09-23 16:14:38.137 *** Mouse movement (LeftButton) ***  Mouse coords: (866, 258) (33573, 23348)
2022-09-23 16:14:38.180 *** Mouse movement (LeftButton) ***  Mouse coords: (1143, 258) (33632, 23348)
2022-09-23 16:14:38.210 *** Mouse movement (LeftButton) ***  Mouse coords: (1233, 258) (33526, 23348)
2022-09-23 16:14:38.262 *** Mouse movement (LeftButton) ***  Mouse coords: (1320, 258) (33525, 23348)
2022-09-23 16:14:38.309 *** Mouse movement (LeftButton) ***  Mouse coords: (1357, 262) (33496, 23350)
2022-09-23 16:14:38.356 *** Mouse movement (LeftButton) ***  Mouse coords: (1364, 266) (33479, 23350)
2022-09-23 16:14:38.720 *** Mouse movement (LeftButton) ***  Mouse coords: (853, 215) (33185, 23319)
2022-09-23 16:14:38.793 *** Mouse movement (LeftButton) ***  Mouse coords: (854, 214) (33185, 23319)
2022-09-23 16:14:38.835 *** Mouse movement (LeftButton) ***  Mouse coords: (945, 214) (33237, 23319)
2022-09-23 16:14:38.885 *** Mouse movement (LeftButton) ***  Mouse coords: (1077, 215) (33260, 23319)
2022-09-23 16:14:38.914 *** Mouse movement (LeftButton) ***  Mouse coords: (1209, 217) (33260, 23321)
2022-09-23 16:14:38.965 *** Mouse movement (LeftButton) ***  Mouse coords: (1381, 219) (33283, 23320)
2022-09-23 16:14:39.010 *** Mouse movement (LeftButton) ***  Mouse coords: (1404, 219) (33198, 23319)
2022-09-23 16:14:48.855 *** Keyboard input *** key pressed: key: 90; text: "z"
2022-09-23 16:14:48.859 *** Process image overlay spent 0.00 seconds.
2022-09-23 16:14:48.863 *** Get cell color spent 0.00 seconds.
2022-09-23 16:14:50.719 *** Keyboard input *** key pressed: key: 90; text: "z"
2022-09-23 16:14:51.980 *** Keyboard input *** key pressed: key: 90; text: "z"
2022-09-23 16:14:51.987 *** Process image overlay spent 0.00 seconds.
2022-09-23 16:14:51.990 *** Get cell color spent 0.00 seconds.
2022-09-23 16:14:52.325 *** Keyboard input *** key pressed: key: 90; text: "z"
2022-09-23 16:14:54.463 *** Mouse movement (LeftButton) ***  Mouse coords: (589, 366) (34215, 23951)
2022-09-23 16:14:54.511 *** Mouse movement (LeftButton) ***  Mouse coords: (590, 366) (34219, 23951)
2022-09-23 16:14:54.536 *** Mouse movement (LeftButton) ***  Mouse coords: (625, 366) (34277, 23951)
2022-09-23 16:14:54.559 *** Mouse movement (LeftButton) ***  Mouse coords: (773, 366) (34473, 23951)
2022-09-23 16:14:54.585 *** Mouse movement (LeftButton) ***  Mouse coords: (965, 366) (34548, 23951)
2022-09-23 16:14:54.632 *** Mouse movement (LeftButton) ***  Mouse coords: (1214, 366) (34647, 23951)
2022-09-23 16:14:54.654 *** Mouse movement (LeftButton) ***  Mouse coords: (1372, 366) (34490, 23951)
2022-09-23 16:14:54.676 *** Mouse movement (LeftButton) ***  Mouse coords: (1410, 366) (34283, 23951)
2022-09-23 16:14:54.700 *** Mouse movement (LeftButton) ***  Mouse coords: (1424, 366) (34241, 23951)
2022-09-23 16:14:54.740 *** Mouse movement (LeftButton) ***  Mouse coords: (1426, 366) (34221, 23951)
2022-09-23 16:14:57.162 *** Mouse movement (LeftButton) ***  Mouse coords: (563, 146) (57448, 29975)
2022-09-23 16:14:57.209 *** Mouse movement (LeftButton) ***  Mouse coords: (563, 146) (57448, 29975)
2022-09-23 16:14:57.234 *** Mouse movement (LeftButton) ***  Mouse coords: (577, 165) (58026, 30759)
2022-09-23 16:14:57.258 *** Mouse movement (LeftButton) ***  Mouse coords: (602, 197) (58479, 31295)
2022-09-23 16:14:57.280 *** Mouse movement (LeftButton) ***  Mouse coords: (628, 229) (58521, 31295)
2022-09-23 16:14:57.308 *** Mouse movement (LeftButton) ***  Mouse coords: (686, 302) (59841, 32987)
2022-09-23 16:14:57.331 *** Mouse movement (LeftButton) ***  Mouse coords: (807, 474) (62440, 37071)
2022-09-23 16:14:57.354 *** Mouse movement (LeftButton) ***  Mouse coords: (859, 547) (59593, 32986)
2022-09-23 16:14:57.377 *** Mouse movement (LeftButton) ***  Mouse coords: (905, 607) (59346, 32451)
2022-09-23 16:14:57.408 *** Mouse movement (LeftButton) ***  Mouse coords: (929, 634) (58438, 31089)
2022-09-23 16:14:57.430 *** Mouse movement (LeftButton) ***  Mouse coords: (940, 645) (57902, 30428)
2022-09-23 16:14:57.452 *** Mouse movement (LeftButton) ***  Mouse coords: (941, 646) (57489, 30017)
2022-09-23 16:14:57.476 *** Mouse movement (LeftButton) ***  Mouse coords: (941, 647) (57448, 30016)
2022-09-23 16:14:57.502 *** Mouse movement (LeftButton) ***  Mouse coords: (941, 649) (57448, 30057)
2022-09-23 16:14:57.524 *** Mouse movement (LeftButton) ***  Mouse coords: (941, 650) (57448, 30017)
2022-09-23 16:15:00.146 *** Mouse movement (LeftButton) ***  Mouse coords: (353, 159) (81042, 40645)
2022-09-23 16:15:00.208 *** Mouse movement (LeftButton) ***  Mouse coords: (354, 159) (81042, 40645)
2022-09-23 16:15:00.238 *** Mouse movement (LeftButton) ***  Mouse coords: (370, 176) (82044, 41781)
2022-09-23 16:15:00.290 *** Mouse movement (LeftButton) ***  Mouse coords: (450, 269) (86322, 46861)
2022-09-23 16:15:00.327 *** Mouse movement (LeftButton) ***  Mouse coords: (512, 337) (85119, 45190)
2022-09-23 16:15:00.350 *** Mouse movement (LeftButton) ***  Mouse coords: (591, 408) (86255, 45390)
2022-09-23 16:15:00.388 *** Mouse movement (LeftButton) ***  Mouse coords: (627, 439) (83381, 42717)
2022-09-23 16:15:00.436 *** Mouse movement (LeftButton) ***  Mouse coords: (700, 511) (85854, 45457)
2022-09-23 16:15:00.460 *** Mouse movement (LeftButton) ***  Mouse coords: (737, 532) (83448, 42049)
2022-09-23 16:15:00.482 *** Mouse movement (LeftButton) ***  Mouse coords: (768, 545) (83047, 41514)
2022-09-23 16:15:00.517 *** Mouse movement (LeftButton) ***  Mouse coords: (787, 552) (82245, 41113)
2022-09-23 16:15:00.539 *** Mouse movement (LeftButton) ***  Mouse coords: (798, 556) (81710, 40912)
2022-09-23 16:15:00.561 *** Mouse movement (LeftButton) ***  Mouse coords: (799, 556) (81042, 40645)
2022-09-23 16:15:00.582 *** Mouse movement (LeftButton) ***  Mouse coords: (800, 556) (81042, 40645)
2022-09-23 16:15:00.636 *** Mouse movement (LeftButton) ***  Mouse coords: (801, 556) (81042, 40645)
2022-09-23 16:15:01.070 *** Mouse movement (LeftButton) ***  Mouse coords: (676, 320) (72620, 24871)
2022-09-23 16:15:01.133 *** Mouse movement (LeftButton) ***  Mouse coords: (676, 320) (72620, 24871)
2022-09-23 16:15:01.173 *** Mouse movement (LeftButton) ***  Mouse coords: (694, 324) (73823, 25139)
2022-09-23 16:15:01.204 *** Mouse movement (LeftButton) ***  Mouse coords: (729, 342) (74960, 26074)
2022-09-23 16:15:01.227 *** Mouse movement (LeftButton) ***  Mouse coords: (745, 351) (73689, 25472)
2022-09-23 16:15:01.249 *** Mouse movement (LeftButton) ***  Mouse coords: (843, 398) (79170, 28013)
2022-09-23 16:15:01.271 *** Mouse movement (LeftButton) ***  Mouse coords: (952, 445) (79905, 28012)
2022-09-23 16:15:01.306 *** Mouse movement (LeftButton) ***  Mouse coords: (1018, 468) (77032, 26408)
2022-09-23 16:15:01.328 *** Mouse movement (LeftButton) ***  Mouse coords: (1112, 500) (78902, 27010)
2022-09-23 16:15:01.350 *** Mouse movement (LeftButton) ***  Mouse coords: (1153, 514) (75361, 25807)
2022-09-23 16:15:01.373 *** Mouse movement (LeftButton) ***  Mouse coords: (1172, 520) (73890, 25272)
2022-09-23 16:15:01.395 *** Mouse movement (LeftButton) ***  Mouse coords: (1178, 522) (73021, 25005)
2022-09-23 16:15:01.430 *** Mouse movement (LeftButton) ***  Mouse coords: (1180, 523) (72753, 24937)
2022-09-23 16:15:01.459 *** Mouse movement (LeftButton) ***  Mouse coords: (1181, 523) (72687, 24871)
2022-09-23 16:15:01.480 *** Mouse movement (LeftButton) ***  Mouse coords: (1181, 523) (72620, 24871)
2022-09-23 16:15:01.502 *** Mouse movement (LeftButton) ***  Mouse coords: (1181, 522) (72620, 24805)
2022-09-23 16:15:02.079 *** Mouse movement (LeftButton) ***  Mouse coords: (1070, 527) (65201, 25205)
2022-09-23 16:15:02.183 *** Mouse movement (LeftButton) ***  Mouse coords: (1069, 527) (65201, 25205)
2022-09-23 16:15:02.211 *** Mouse movement (LeftButton) ***  Mouse coords: (1069, 525) (65268, 25071)
2022-09-23 16:15:02.233 *** Mouse movement (LeftButton) ***  Mouse coords: (1069, 520) (65268, 24871)
2022-09-23 16:15:02.262 *** Mouse movement (LeftButton) ***  Mouse coords: (1069, 518) (65268, 25071)
2022-09-23 16:15:02.298 *** Mouse movement (LeftButton) ***  Mouse coords: (1069, 509) (65268, 24604)
2022-09-23 16:15:02.326 *** Mouse movement (LeftButton) ***  Mouse coords: (1069, 506) (65268, 25004)
2022-09-23 16:15:02.348 *** Mouse movement (LeftButton) ***  Mouse coords: (1069, 506) (65268, 25205)
2022-09-23 16:15:58.545 *** Mouse movement (LeftButton) ***  Mouse coords: (838, 437) (49829, 20593)
2022-09-23 16:15:58.666 *** Mouse movement (LeftButton) ***  Mouse coords: (837, 437) (49762, 20593)
2022-09-23 16:15:58.698 *** Mouse movement (LeftButton) ***  Mouse coords: (832, 437) (49495, 20593)
2022-09-23 16:15:58.720 *** Mouse movement (LeftButton) ***  Mouse coords: (829, 437) (49628, 20593)
2022-09-23 16:15:58.743 *** Mouse movement (LeftButton) ***  Mouse coords: (820, 437) (49228, 20593)
2022-09-23 16:15:58.783 *** Mouse movement (LeftButton) ***  Mouse coords: (812, 437) (49294, 20593)
2022-09-23 16:15:58.809 *** Mouse movement (LeftButton) ***  Mouse coords: (801, 437) (49094, 20593)
2022-09-23 16:15:58.845 *** Mouse movement (LeftButton) ***  Mouse coords: (795, 437) (49428, 20593)
2022-09-23 16:15:58.867 *** Mouse movement (LeftButton) ***  Mouse coords: (792, 436) (49628, 20527)
2022-09-23 16:15:58.889 *** Mouse movement (LeftButton) ***  Mouse coords: (792, 436) (49829, 20593)
2022-09-23 16:15:58.911 *** Mouse movement (LeftButton) ***  Mouse coords: (791, 436) (49763, 20593)
2022-09-23 16:16:09.055 *** Mouse movement (LeftButton) ***  Mouse coords: (897, 314) (56913, 12438)
2022-09-23 16:16:09.124 *** Mouse movement (LeftButton) ***  Mouse coords: (896, 314) (56779, 12505)
2022-09-23 16:16:09.151 *** Mouse movement (LeftButton) ***  Mouse coords: (878, 314) (55643, 12505)
2022-09-23 16:16:09.173 *** Mouse movement (LeftButton) ***  Mouse coords: (848, 314) (54841, 12505)
2022-09-23 16:16:09.196 *** Mouse movement (LeftButton) ***  Mouse coords: (832, 312) (55777, 12372)
2022-09-23 16:16:09.235 *** Mouse movement (LeftButton) ***  Mouse coords: (785, 302) (53704, 11836)
2022-09-23 16:16:09.268 *** Mouse movement (LeftButton) ***  Mouse coords: (759, 293) (55109, 11904)
2022-09-23 16:16:09.290 *** Mouse movement (LeftButton) ***  Mouse coords: (758, 293) (56779, 12505)
2022-09-23 16:16:09.351 *** Mouse movement (LeftButton) ***  Mouse coords: (757, 293) (56779, 12505)
2022-09-23 16:17:40.143 *** Program closed.
2022-09-23 16:17:40.189 *** EOF in transport thread
