2022-09-20 14:31:33.623 *** Start program *** Start program
2022-09-20 14:31:50.257 *** Open case *** /Applications/XAMPP/xamppfiles/htdocs/20220722_Eric_Yang
2022-09-20 14:32:11.140 *** starting thread (client mode): 0x4b6f4880
2022-09-20 14:32:11.141 *** Local version/idstring: SSH-2.0-paramiko_2.11.0
2022-09-20 14:32:11.164 *** Remote version/idstring: SSH-2.0-OpenSSH_5.3
2022-09-20 14:32:11.164 *** Connected (version 2.0, client OpenSSH_5.3)
2022-09-20 14:32:11.182 *** === Key exchange possibilities ===
2022-09-20 14:32:11.182 *** kex algos: diffie-hellman-group-exchange-sha256, diffie-hellman-group-exchange-sha1, diffie-hellman-group14-sha1, diffie-hellman-group1-sha1
2022-09-20 14:32:11.182 *** server key: ssh-rsa, ssh-rsa-cert-v01@openssh.com, ssh-dss
2022-09-20 14:32:11.182 *** client encrypt: aes128-ctr, aes192-ctr, aes256-ctr, arcfour256, arcfour128, aes128-cbc, 3des-cbc, blowfish-cbc, cast128-cbc, aes192-cbc, aes256-cbc, arcfour, rijndael-cbc@lysator.liu.se
2022-09-20 14:32:11.182 *** server encrypt: aes128-ctr, aes192-ctr, aes256-ctr, arcfour256, arcfour128, aes128-cbc, 3des-cbc, blowfish-cbc, cast128-cbc, aes192-cbc, aes256-cbc, arcfour, rijndael-cbc@lysator.liu.se
2022-09-20 14:32:11.182 *** client mac: hmac-md5, hmac-sha1, umac-64@openssh.com, hmac-sha2-256, hmac-sha2-512, hmac-ripemd160, hmac-ripemd160@openssh.com, hmac-sha1-96, hmac-md5-96
2022-09-20 14:32:11.182 *** server mac: hmac-md5, hmac-sha1, umac-64@openssh.com, hmac-sha2-256, hmac-sha2-512, hmac-ripemd160, hmac-ripemd160@openssh.com, hmac-sha1-96, hmac-md5-96
2022-09-20 14:32:11.183 *** client compress: none, zlib@openssh.com
2022-09-20 14:32:11.183 *** server compress: none, zlib@openssh.com
2022-09-20 14:32:11.183 *** client lang: <none>
2022-09-20 14:32:11.183 *** server lang: <none>
2022-09-20 14:32:11.183 *** kex follows: False
2022-09-20 14:32:11.183 *** === Key exchange agreements ===
2022-09-20 14:32:11.183 *** Kex: diffie-hellman-group-exchange-sha256
2022-09-20 14:32:11.183 *** HostKey: ssh-rsa
2022-09-20 14:32:11.183 *** Cipher: aes128-ctr
2022-09-20 14:32:11.183 *** MAC: hmac-sha2-256
2022-09-20 14:32:11.183 *** Compression: none
2022-09-20 14:32:11.183 *** === End of kex handshake ===
2022-09-20 14:32:11.242 *** Got server p (2048 bits)
2022-09-20 14:32:11.339 *** kex engine KexGexSHA256 specified hash_algo <built-in function openssl_sha256>
2022-09-20 14:32:11.340 *** Switch to new keys ...
2022-09-20 14:32:11.340 *** Adding ssh-rsa host key for 173.201.181.247: b'cca345f774a2d98448d0bcc78f04075d'
2022-09-20 14:32:11.416 *** userauth is OK
2022-09-20 14:32:11.439 *** Authentication (password) successful!
2022-09-20 14:32:11.439 *** [chan 0] Max packet in: 32768 bytes
2022-09-20 14:32:11.458 *** [chan 0] Max packet out: 32768 bytes
2022-09-20 14:32:11.458 *** Secsh channel 0 opened.
2022-09-20 14:32:11.478 *** [chan 0] Sesch channel 0 request ok
2022-09-20 14:32:11.497 *** [chan 0] Opened sftp connection (server version 3)
2022-09-20 14:32:11.498 *** [chan 0] stat(b'/home/b6o162rzivzp/NucFinder_DB/9C54712DC0597C9F/interactive_nuclei_dict.pickle')
2022-09-20 14:32:11.517 *** [chan 0] open(b'/home/b6o162rzivzp/NucFinder_DB/9C54712DC0597C9F/interactive_nuclei_dict.pickle', 'rb')
2022-09-20 14:32:11.535 *** [chan 0] open(b'/home/b6o162rzivzp/NucFinder_DB/9C54712DC0597C9F/interactive_nuclei_dict.pickle', 'rb') -> 00000000
2022-09-20 14:32:11.877 *** [chan 0] close(00000000)
2022-09-20 14:32:12.321 *** Keyboard input *** key pressed: key: 16777249; text: ""
2022-09-20 14:32:29.670 *** starting thread (client mode): 0xaff83640
2022-09-20 14:32:29.672 *** Local version/idstring: SSH-2.0-paramiko_2.11.0
2022-09-20 14:32:29.694 *** Remote version/idstring: SSH-2.0-OpenSSH_5.3
2022-09-20 14:32:29.694 *** Connected (version 2.0, client OpenSSH_5.3)
2022-09-20 14:32:29.712 *** === Key exchange possibilities ===
2022-09-20 14:32:29.712 *** kex algos: diffie-hellman-group-exchange-sha256, diffie-hellman-group-exchange-sha1, diffie-hellman-group14-sha1, diffie-hellman-group1-sha1
2022-09-20 14:32:29.712 *** server key: ssh-rsa, ssh-rsa-cert-v01@openssh.com, ssh-dss
2022-09-20 14:32:29.712 *** client encrypt: aes128-ctr, aes192-ctr, aes256-ctr, arcfour256, arcfour128, aes128-cbc, 3des-cbc, blowfish-cbc, cast128-cbc, aes192-cbc, aes256-cbc, arcfour, rijndael-cbc@lysator.liu.se
2022-09-20 14:32:29.712 *** server encrypt: aes128-ctr, aes192-ctr, aes256-ctr, arcfour256, arcfour128, aes128-cbc, 3des-cbc, blowfish-cbc, cast128-cbc, aes192-cbc, aes256-cbc, arcfour, rijndael-cbc@lysator.liu.se
2022-09-20 14:32:29.712 *** client mac: hmac-md5, hmac-sha1, umac-64@openssh.com, hmac-sha2-256, hmac-sha2-512, hmac-ripemd160, hmac-ripemd160@openssh.com, hmac-sha1-96, hmac-md5-96
2022-09-20 14:32:29.712 *** server mac: hmac-md5, hmac-sha1, umac-64@openssh.com, hmac-sha2-256, hmac-sha2-512, hmac-ripemd160, hmac-ripemd160@openssh.com, hmac-sha1-96, hmac-md5-96
2022-09-20 14:32:29.712 *** client compress: none, zlib@openssh.com
2022-09-20 14:32:29.712 *** server compress: none, zlib@openssh.com
2022-09-20 14:32:29.713 *** client lang: <none>
2022-09-20 14:32:29.713 *** server lang: <none>
2022-09-20 14:32:29.713 *** kex follows: False
2022-09-20 14:32:29.713 *** === Key exchange agreements ===
2022-09-20 14:32:29.713 *** Kex: diffie-hellman-group-exchange-sha256
2022-09-20 14:32:29.713 *** HostKey: ssh-rsa
2022-09-20 14:32:29.713 *** Cipher: aes128-ctr
2022-09-20 14:32:29.713 *** MAC: hmac-sha2-256
2022-09-20 14:32:29.713 *** Compression: none
2022-09-20 14:32:29.713 *** === End of kex handshake ===
2022-09-20 14:32:29.773 *** Got server p (2048 bits)
2022-09-20 14:32:29.858 *** kex engine KexGexSHA256 specified hash_algo <built-in function openssl_sha256>
2022-09-20 14:32:29.859 *** Switch to new keys ...
2022-09-20 14:32:29.859 *** Adding ssh-rsa host key for 173.201.181.247: b'cca345f774a2d98448d0bcc78f04075d'
2022-09-20 14:32:29.934 *** userauth is OK
2022-09-20 14:32:29.957 *** Authentication (password) successful!
2022-09-20 14:32:29.958 *** [chan 0] Max packet in: 32768 bytes
2022-09-20 14:32:29.977 *** [chan 0] Max packet out: 32768 bytes
2022-09-20 14:32:29.977 *** Secsh channel 0 opened.
2022-09-20 14:32:29.997 *** [chan 0] Sesch channel 0 request ok
2022-09-20 14:32:30.016 *** [chan 0] Opened sftp connection (server version 3)
2022-09-20 14:32:30.017 *** [chan 0] stat(b'/home/b6o162rzivzp/NucFinder_DB/A562F9C5E2D9823A/interactive_nuclei_dict.pickle')
2022-09-20 14:32:30.036 *** [chan 0] stat(b'/home/b6o162rzivzp/NucFinder_DB/A562F9C5E2D9823A/model.pickle')
2022-09-20 14:32:30.055 *** [chan 0] open(b'/home/b6o162rzivzp/NucFinder_DB/A562F9C5E2D9823A/model.pickle', 'rb')
2022-09-20 14:32:30.074 *** [chan 0] open(b'/home/b6o162rzivzp/NucFinder_DB/A562F9C5E2D9823A/model.pickle', 'rb') -> 00000000
2022-09-20 14:32:30.805 *** [chan 0] close(00000000)
2022-09-20 14:32:39.505 *** Open processed data
2022-09-20 14:32:39.506 *** Preload all statistics at once.
2022-09-20 14:32:40.543 *** Nuclei stat data loaded, took 1.04 seconds. Total number of nuclei: 459202
2022-09-20 14:32:42.051 *** Interactive label *** Apply to case start.
2022-09-20 14:32:45.924 *** Interactive label *** Apply to case done.
2022-09-20 14:32:46.064 *** Interactive label *** Apply to case finish overlay create.
2022-09-20 14:32:48.169 *** Mouse movement (LeftButton) ***  Mouse coords: (388, 449) (25860, 29659)
2022-09-20 14:32:48.772 *** Mouse movement (LeftButton) ***  Mouse coords: (404, 425) (28420, 25819)
2022-09-20 14:32:48.842 *** Mouse movement (LeftButton) ***  Mouse coords: (404, 425) (28420, 25819)
2022-09-20 14:32:48.876 *** Mouse movement (LeftButton) ***  Mouse coords: (422, 425) (31300, 25819)
2022-09-20 14:32:48.909 *** Mouse movement (LeftButton) ***  Mouse coords: (459, 425) (34339, 25819)
2022-09-20 14:32:48.935 *** Mouse movement (LeftButton) ***  Mouse coords: (469, 425) (30019, 25819)
2022-09-20 14:32:48.961 *** Mouse movement (LeftButton) ***  Mouse coords: (500, 428) (33379, 26299)
2022-09-20 14:32:48.985 *** Mouse movement (LeftButton) ***  Mouse coords: (525, 430) (32419, 26139)
2022-09-20 14:32:49.008 *** Mouse movement (LeftButton) ***  Mouse coords: (537, 431) (30340, 25979)
2022-09-20 14:32:49.034 *** Mouse movement (LeftButton) ***  Mouse coords: (542, 431) (29220, 25819)
2022-09-20 14:32:49.056 *** Mouse movement (LeftButton) ***  Mouse coords: (543, 431) (28580, 25819)
2022-09-20 14:32:49.937 *** Keyboard input *** key pressed: key: 90; text: "z"
2022-09-20 14:32:50.409 *** Keyboard input *** key pressed: key: 90; text: "z"
2022-09-20 14:32:50.691 *** Keyboard input *** key pressed: key: 90; text: "z"
2022-09-20 14:32:50.993 *** Keyboard input *** key pressed: key: 90; text: "z"
2022-09-20 14:32:51.268 *** Keyboard input *** key pressed: key: 90; text: "z"
2022-09-20 14:32:51.533 *** Keyboard input *** key pressed: key: 90; text: "z"
2022-09-20 14:32:53.854 *** Mouse movement (LeftButton) ***  Mouse coords: (651, 100) (36693, 41858)
2022-09-20 14:32:53.901 *** Mouse movement (LeftButton) ***  Mouse coords: (651, 138) (36693, 42122)
2022-09-20 14:32:53.925 *** Mouse movement (LeftButton) ***  Mouse coords: (651, 179) (36693, 42144)
2022-09-20 14:32:53.948 *** Mouse movement (LeftButton) ***  Mouse coords: (651, 206) (36693, 42042)
2022-09-20 14:32:53.970 *** Mouse movement (LeftButton) ***  Mouse coords: (651, 266) (36693, 42284)
2022-09-20 14:32:53.994 *** Mouse movement (LeftButton) ***  Mouse coords: (651, 316) (36693, 42210)
2022-09-20 14:32:54.024 *** Mouse movement (LeftButton) ***  Mouse coords: (651, 347) (36693, 42071)
2022-09-20 14:32:54.056 *** Mouse movement (LeftButton) ***  Mouse coords: (651, 358) (36693, 41924)
2022-09-20 14:32:54.079 *** Mouse movement (LeftButton) ***  Mouse coords: (651, 359) (36693, 41850)
2022-09-20 14:32:54.100 *** Mouse movement (LeftButton) ***  Mouse coords: (651, 359) (36693, 41843)
2022-09-20 14:32:54.132 *** Mouse movement (LeftButton) ***  Mouse coords: (651, 360) (36693, 41850)
2022-09-20 14:32:55.485 *** Keyboard input *** key pressed: key: 90; text: "z"
2022-09-20 14:32:55.494 *** Process image overlay spent 0.00 seconds.
2022-09-20 14:32:55.499 *** Get cell color spent 0.01 seconds.
2022-09-20 14:32:55.918 *** Keyboard input *** key pressed: key: 90; text: "z"
2022-09-20 14:32:56.785 *** Keyboard input *** key pressed: key: 90; text: "z"
2022-09-20 14:32:56.790 *** Process image overlay spent 0.00 seconds.
2022-09-20 14:32:56.794 *** Get cell color spent 0.00 seconds.
2022-09-20 14:32:57.256 *** Keyboard input *** key pressed: key: 90; text: "z"
2022-09-20 14:32:57.773 *** Mouse movement (LeftButton) ***  Mouse coords: (568, 211) (36673, 41573)
2022-09-20 14:32:57.835 *** Mouse movement (LeftButton) ***  Mouse coords: (570, 211) (36675, 41573)
2022-09-20 14:32:57.862 *** Mouse movement (LeftButton) ***  Mouse coords: (601, 211) (36698, 41573)
2022-09-20 14:32:57.907 *** Mouse movement (LeftButton) ***  Mouse coords: (689, 211) (36745, 41573)
2022-09-20 14:32:57.943 *** Mouse movement (LeftButton) ***  Mouse coords: (823, 211) (36782, 41573)
2022-09-20 14:32:57.988 *** Mouse movement (LeftButton) ***  Mouse coords: (995, 211) (36813, 41573)
2022-09-20 14:32:58.016 *** Mouse movement (LeftButton) ***  Mouse coords: (1036, 211) (36706, 41573)
2022-09-20 14:32:58.046 *** Mouse movement (LeftButton) ***  Mouse coords: (1050, 211) (36685, 41573)
2022-09-20 14:32:58.073 *** Mouse movement (LeftButton) ***  Mouse coords: (1053, 211) (36675, 41573)
2022-09-20 14:32:58.108 *** Mouse movement (LeftButton) ***  Mouse coords: (1054, 211) (36674, 41573)
2022-09-20 14:32:58.155 *** Mouse movement (LeftButton) ***  Mouse coords: (1054, 212) (36673, 41574)
2022-09-20 14:32:58.309 *** Keyboard input *** key pressed: key: 90; text: "z"
2022-09-20 14:32:58.311 *** Process image overlay spent 0.00 seconds.
2022-09-20 14:32:58.313 *** Get cell color spent 0.00 seconds.
2022-09-20 14:32:58.652 *** Keyboard input *** key pressed: key: 90; text: "z"
2022-09-20 14:32:59.176 *** Keyboard input *** key pressed: key: 90; text: "z"
2022-09-20 14:32:59.180 *** Process image overlay spent 0.00 seconds.
2022-09-20 14:32:59.184 *** Get cell color spent 0.00 seconds.
2022-09-20 14:32:59.454 *** Keyboard input *** key pressed: key: 90; text: "z"
2022-09-20 14:32:59.947 *** Keyboard input *** key pressed: key: 90; text: "z"
2022-09-20 14:32:59.952 *** Process image overlay spent 0.00 seconds.
2022-09-20 14:32:59.956 *** Get cell color spent 0.00 seconds.
2022-09-20 14:33:00.242 *** Keyboard input *** key pressed: key: 90; text: "z"
2022-09-20 14:33:01.327 *** Keyboard input *** key pressed: key: 90; text: "z"
2022-09-20 14:33:01.330 *** Process image overlay spent 0.00 seconds.
2022-09-20 14:33:01.333 *** Get cell color spent 0.00 seconds.
2022-09-20 14:33:01.601 *** Keyboard input *** key pressed: key: 90; text: "z"
2022-09-20 14:33:02.305 *** Keyboard input *** key pressed: key: 90; text: "z"
2022-09-20 14:33:02.310 *** Process image overlay spent 0.00 seconds.
2022-09-20 14:33:02.314 *** Get cell color spent 0.00 seconds.
2022-09-20 14:33:02.601 *** Keyboard input *** key pressed: key: 90; text: "z"
2022-09-20 14:33:03.003 *** Keyboard input *** key pressed: key: 90; text: "z"
2022-09-20 14:33:03.008 *** Process image overlay spent 0.00 seconds.
2022-09-20 14:33:03.011 *** Get cell color spent 0.00 seconds.
2022-09-20 14:33:03.301 *** Keyboard input *** key pressed: key: 90; text: "z"
2022-09-20 14:33:03.651 *** Keyboard input *** key pressed: key: 90; text: "z"
2022-09-20 14:33:03.656 *** Process image overlay spent 0.00 seconds.
2022-09-20 14:33:03.659 *** Get cell color spent 0.00 seconds.
2022-09-20 14:33:03.941 *** Keyboard input *** key pressed: key: 90; text: "z"
2022-09-20 14:33:04.264 *** Keyboard input *** key pressed: key: 90; text: "z"
2022-09-20 14:33:04.270 *** Process image overlay spent 0.00 seconds.
2022-09-20 14:33:04.273 *** Get cell color spent 0.00 seconds.
2022-09-20 14:33:04.728 *** Keyboard input *** key pressed: key: 90; text: "z"
2022-09-20 14:33:05.387 *** Keyboard input *** key pressed: key: 90; text: "z"
2022-09-20 14:33:05.393 *** Process image overlay spent 0.00 seconds.
2022-09-20 14:33:05.397 *** Get cell color spent 0.00 seconds.
2022-09-20 14:33:05.635 *** Keyboard input *** key pressed: key: 90; text: "z"
2022-09-20 14:33:05.936 *** Keyboard input *** key pressed: key: 90; text: "z"
2022-09-20 14:33:05.941 *** Process image overlay spent 0.00 seconds.
2022-09-20 14:33:05.945 *** Get cell color spent 0.00 seconds.
2022-09-20 14:33:06.226 *** Keyboard input *** key pressed: key: 90; text: "z"
2022-09-20 14:33:06.580 *** Mouse movement (LeftButton) ***  Mouse coords: (544, 471) (36258, 41783)
2022-09-20 14:33:06.676 *** Mouse movement (LeftButton) ***  Mouse coords: (545, 471) (36258, 41783)
2022-09-20 14:33:06.720 *** Mouse movement (LeftButton) ***  Mouse coords: (552, 471) (36264, 41783)
2022-09-20 14:33:06.745 *** Mouse movement (LeftButton) ***  Mouse coords: (562, 471) (36266, 41783)
2022-09-20 14:33:06.789 *** Mouse movement (LeftButton) ***  Mouse coords: (592, 471) (36283, 41783)
2022-09-20 14:33:06.814 *** Mouse movement (LeftButton) ***  Mouse coords: (613, 471) (36275, 41783)
2022-09-20 14:33:06.840 *** Mouse movement (LeftButton) ***  Mouse coords: (655, 471) (36292, 41783)
2022-09-20 14:33:06.870 *** Mouse movement (LeftButton) ***  Mouse coords: (690, 471) (36287, 41783)
2022-09-20 14:33:06.914 *** Mouse movement (LeftButton) ***  Mouse coords: (727, 471) (36288, 41783)
2022-09-20 14:33:06.944 *** Mouse movement (LeftButton) ***  Mouse coords: (735, 471) (36264, 41783)
2022-09-20 14:33:06.969 *** Mouse movement (LeftButton) ***  Mouse coords: (737, 471) (36260, 41783)
2022-09-20 14:33:06.996 *** Mouse movement (LeftButton) ***  Mouse coords: (738, 471) (36259, 41783)
2022-09-20 14:33:07.117 *** Keyboard input *** key pressed: key: 90; text: "z"
2022-09-20 14:33:07.120 *** Process image overlay spent 0.00 seconds.
2022-09-20 14:33:07.122 *** Get cell color spent 0.00 seconds.
2022-09-20 14:33:07.452 *** Keyboard input *** key pressed: key: 90; text: "z"
2022-09-20 14:33:07.824 *** Keyboard input *** key pressed: key: 90; text: "z"
2022-09-20 14:33:07.829 *** Process image overlay spent 0.00 seconds.
2022-09-20 14:33:07.833 *** Get cell color spent 0.00 seconds.
2022-09-20 14:33:08.158 *** Keyboard input *** key pressed: key: 90; text: "z"
2022-09-20 14:33:10.559 *** Mouse movement (LeftButton) ***  Mouse coords: (640, 330) (36178, 41669)
2022-09-20 14:33:10.627 *** Mouse movement (LeftButton) ***  Mouse coords: (682, 337) (36212, 41674)
2022-09-20 14:33:10.653 *** Mouse movement (LeftButton) ***  Mouse coords: (723, 352) (36211, 41682)
2022-09-20 14:33:10.705 *** Mouse movement (LeftButton) ***  Mouse coords: (762, 372) (36210, 41685)
2022-09-20 14:33:10.747 *** Mouse movement (LeftButton) ***  Mouse coords: (863, 433) (36260, 41718)
2022-09-20 14:33:10.774 *** Mouse movement (LeftButton) ***  Mouse coords: (892, 454) (36202, 41687)
2022-09-20 14:33:10.803 *** Mouse movement (LeftButton) ***  Mouse coords: (923, 474) (36203, 41685)
2022-09-20 14:33:10.837 *** Mouse movement (LeftButton) ***  Mouse coords: (940, 487) (36192, 41679)
2022-09-20 14:33:10.880 *** Mouse movement (LeftButton) ***  Mouse coords: (945, 491) (36182, 41673)
2022-09-20 14:33:10.912 *** Mouse movement (LeftButton) ***  Mouse coords: (945, 491) (36178, 41669)
2022-09-20 14:33:10.938 *** Mouse movement (LeftButton) ***  Mouse coords: (945, 492) (36178, 41669)
2022-09-20 14:33:11.223 *** Keyboard input *** key pressed: key: 90; text: "z"
2022-09-20 14:33:11.228 *** Process image overlay spent 0.00 seconds.
2022-09-20 14:33:11.231 *** Get cell color spent 0.00 seconds.
2022-09-20 14:33:11.523 *** Keyboard input *** key pressed: key: 90; text: "z"
2022-09-20 14:33:12.194 *** Mouse movement (LeftButton) ***  Mouse coords: (956, 258) (36187, 41479)
2022-09-20 14:33:12.261 *** Mouse movement (LeftButton) ***  Mouse coords: (956, 388) (36187, 41585)
2022-09-20 14:33:12.287 *** Mouse movement (LeftButton) ***  Mouse coords: (960, 480) (36190, 41554)
2022-09-20 14:33:12.321 *** Mouse movement (LeftButton) ***  Mouse coords: (966, 539) (36192, 41527)
2022-09-20 14:33:12.365 *** Mouse movement (LeftButton) ***  Mouse coords: (971, 588) (36191, 41519)
2022-09-20 14:33:12.391 *** Mouse movement (LeftButton) ***  Mouse coords: (972, 599) (36188, 41488)
2022-09-20 14:33:12.418 *** Mouse movement (LeftButton) ***  Mouse coords: (973, 604) (36188, 41483)
2022-09-20 14:33:12.455 *** Mouse movement (LeftButton) ***  Mouse coords: (973, 606) (36187, 41480)
2022-09-20 14:33:12.694 *** Keyboard input *** key pressed: key: 90; text: "z"
2022-09-20 14:33:12.700 *** Process image overlay spent 0.00 seconds.
2022-09-20 14:33:12.703 *** Get cell color spent 0.00 seconds.
2022-09-20 14:33:13.010 *** Keyboard input *** key pressed: key: 90; text: "z"
2022-09-20 14:33:14.316 *** Keyboard input *** key pressed: key: 90; text: "z"
2022-09-20 14:33:14.321 *** Process image overlay spent 0.00 seconds.
2022-09-20 14:33:14.325 *** Get cell color spent 0.00 seconds.
2022-09-20 14:33:14.689 *** Keyboard input *** key pressed: key: 90; text: "z"
2022-09-20 14:33:15.513 *** Keyboard input *** key pressed: key: 90; text: "z"
2022-09-20 14:33:15.516 *** Process image overlay spent 0.00 seconds.
2022-09-20 14:33:15.518 *** Get cell color spent 0.00 seconds.
2022-09-20 14:33:15.811 *** Keyboard input *** key pressed: key: 90; text: "z"
2022-09-20 14:33:16.125 *** Keyboard input *** key pressed: key: 90; text: "z"
2022-09-20 14:33:16.127 *** Process image overlay spent 0.00 seconds.
2022-09-20 14:33:16.130 *** Get cell color spent 0.00 seconds.
2022-09-20 14:33:16.409 *** Keyboard input *** key pressed: key: 90; text: "z"
2022-09-20 14:33:22.867 *** Open processed data
2022-09-20 14:33:22.869 *** Preload all statistics at once.
2022-09-20 14:33:24.066 *** Nuclei stat data loaded, took 1.20 seconds. Total number of nuclei: 527412
2022-09-20 14:33:25.803 *** Interactive label *** Apply to case start.
2022-09-20 14:33:28.236 *** Interactive label *** Apply to case done.
2022-09-20 14:33:28.374 *** Interactive label *** Apply to case finish overlay create.
2022-09-20 14:33:30.601 *** Keyboard input *** key pressed: key: 90; text: "z"
2022-09-20 14:33:31.014 *** Keyboard input *** key pressed: key: 90; text: "z"
2022-09-20 14:33:31.301 *** Keyboard input *** key pressed: key: 90; text: "z"
2022-09-20 14:33:31.597 *** Keyboard input *** key pressed: key: 90; text: "z"
2022-09-20 14:33:33.033 *** Open processed data
2022-09-20 14:33:33.034 *** Preload all statistics at once.
2022-09-20 14:33:33.386 *** Nuclei stat data loaded, took 0.35 seconds. Total number of nuclei: 209087
2022-09-20 14:33:34.052 *** Interactive label *** Apply to case start.
2022-09-20 14:33:34.950 *** Interactive label *** Apply to case done.
2022-09-20 14:33:35.253 *** Interactive label *** Apply to case finish overlay create.
2022-09-20 14:33:36.596 *** Mouse movement (LeftButton) ***  Mouse coords: (451, 280) (24048, 8063)
2022-09-20 14:33:36.667 *** Mouse movement (LeftButton) ***  Mouse coords: (452, 280) (24156, 8171)
2022-09-20 14:33:36.697 *** Mouse movement (LeftButton) ***  Mouse coords: (469, 281) (25883, 8279)
2022-09-20 14:33:36.721 *** Mouse movement (LeftButton) ***  Mouse coords: (531, 307) (30742, 10978)
2022-09-20 14:33:36.745 *** Mouse movement (LeftButton) ***  Mouse coords: (602, 337) (31713, 11410)
2022-09-20 14:33:36.771 *** Mouse movement (LeftButton) ***  Mouse coords: (642, 359) (28367, 10546)
2022-09-20 14:33:36.798 *** Mouse movement (LeftButton) ***  Mouse coords: (660, 370) (25992, 9359)
2022-09-20 14:33:36.848 *** Mouse movement (LeftButton) ***  Mouse coords: (662, 371) (24263, 8279)
2022-09-20 14:33:36.890 *** Mouse movement (LeftButton) ***  Mouse coords: (664, 373) (24264, 8387)
2022-09-20 14:33:37.128 *** Keyboard input *** key pressed: key: 90; text: "z"
2022-09-20 14:33:37.510 *** Keyboard input *** key pressed: key: 90; text: "z"
2022-09-20 14:33:37.738 *** Keyboard input *** key pressed: key: 90; text: "z"
2022-09-20 14:33:37.976 *** Keyboard input *** key pressed: key: 90; text: "z"
2022-09-20 14:33:41.277 *** Mouse movement (LeftButton) ***  Mouse coords: (532, 356) (22599, 7601)
2022-09-20 14:33:41.313 *** Mouse movement (LeftButton) ***  Mouse coords: (551, 356) (22715, 7601)
2022-09-20 14:33:41.337 *** Mouse movement (LeftButton) ***  Mouse coords: (588, 357) (22824, 7607)
2022-09-20 14:33:41.360 *** Mouse movement (LeftButton) ***  Mouse coords: (634, 371) (22880, 7686)
2022-09-20 14:33:41.383 *** Mouse movement (LeftButton) ***  Mouse coords: (670, 385) (22818, 7686)
2022-09-20 14:33:41.404 *** Mouse movement (LeftButton) ***  Mouse coords: (751, 428) (23093, 7864)
2022-09-20 14:33:41.432 *** Mouse movement (LeftButton) ***  Mouse coords: (791, 450) (22843, 7735)
2022-09-20 14:33:41.474 *** Mouse movement (LeftButton) ***  Mouse coords: (836, 478) (22874, 7772)
2022-09-20 14:33:41.500 *** Mouse movement (LeftButton) ***  Mouse coords: (873, 497) (22824, 7716)
2022-09-20 14:33:41.522 *** Mouse movement (LeftButton) ***  Mouse coords: (882, 500) (22654, 7620)
2022-09-20 14:33:41.544 *** Mouse movement (LeftButton) ***  Mouse coords: (885, 502) (22617, 7613)
2022-09-20 14:33:41.565 *** Mouse movement (LeftButton) ***  Mouse coords: (887, 503) (22612, 7607)
2022-09-20 14:33:41.588 *** Mouse movement (LeftButton) ***  Mouse coords: (888, 503) (22605, 7601)
2022-09-20 14:33:41.612 *** Mouse movement (LeftButton) ***  Mouse coords: (888, 503) (22599, 7601)
2022-09-20 14:33:42.822 *** Keyboard input *** key pressed: key: 90; text: "z"
2022-09-20 14:33:42.826 *** Process image overlay spent 0.00 seconds.
2022-09-20 14:33:42.834 *** Get cell color spent 0.01 seconds.
2022-09-20 14:33:43.308 *** Keyboard input *** key pressed: key: 90; text: "z"
2022-09-20 14:33:43.695 *** Mouse movement (LeftButton) ***  Mouse coords: (560, 427) (22053, 7471)
2022-09-20 14:33:43.767 *** Mouse movement (LeftButton) ***  Mouse coords: (560, 428) (22053, 7474)
2022-09-20 14:33:43.803 *** Mouse movement (LeftButton) ***  Mouse coords: (595, 426) (22131, 7466)
2022-09-20 14:33:43.847 *** Mouse movement (LeftButton) ***  Mouse coords: (664, 404) (22207, 7422)
2022-09-20 14:33:43.869 *** Mouse movement (LeftButton) ***  Mouse coords: (748, 369) (22240, 7393)
2022-09-20 14:33:43.891 *** Mouse movement (LeftButton) ***  Mouse coords: (841, 330) (22261, 7384)
2022-09-20 14:33:43.914 *** Mouse movement (LeftButton) ***  Mouse coords: (894, 308) (22171, 7422)
2022-09-20 14:33:43.936 *** Mouse movement (LeftButton) ***  Mouse coords: (911, 302) (22091, 7458)
2022-09-20 14:33:43.961 *** Mouse movement (LeftButton) ***  Mouse coords: (977, 285) (22200, 7433)
2022-09-20 14:33:43.985 *** Mouse movement (LeftButton) ***  Mouse coords: (990, 285) (22082, 7471)
2022-09-20 14:33:44.015 *** Mouse movement (LeftButton) ***  Mouse coords: (994, 284) (22062, 7469)
2022-09-20 14:33:44.045 *** Mouse movement (LeftButton) ***  Mouse coords: (996, 283) (22057, 7468)
2022-09-20 14:33:44.068 *** Mouse movement (LeftButton) ***  Mouse coords: (996, 282) (22053, 7469)
2022-09-20 14:33:45.209 *** Keyboard input *** key pressed: key: 90; text: "z"
2022-09-20 14:33:45.212 *** Process image overlay spent 0.00 seconds.
2022-09-20 14:33:45.216 *** Get cell color spent 0.00 seconds.
2022-09-20 14:33:45.747 *** Keyboard input *** key pressed: key: 90; text: "z"
2022-09-20 14:33:46.284 *** Mouse movement (LeftButton) ***  Mouse coords: (577, 530) (21786, 7522)
2022-09-20 14:33:46.327 *** Mouse movement (LeftButton) ***  Mouse coords: (632, 501) (21850, 7488)
2022-09-20 14:33:46.371 *** Mouse movement (LeftButton) ***  Mouse coords: (723, 447) (21891, 7459)
2022-09-20 14:33:46.395 *** Mouse movement (LeftButton) ***  Mouse coords: (799, 404) (21874, 7472)
2022-09-20 14:33:46.424 *** Mouse movement (LeftButton) ***  Mouse coords: (874, 366) (21872, 7477)
2022-09-20 14:33:46.446 *** Mouse movement (LeftButton) ***  Mouse coords: (941, 341) (21863, 7493)
2022-09-20 14:33:46.472 *** Mouse movement (LeftButton) ***  Mouse coords: (957, 338) (21804, 7518)
2022-09-20 14:33:46.497 *** Mouse movement (LeftButton) ***  Mouse coords: (971, 336) (21801, 7520)
2022-09-20 14:33:46.523 *** Mouse movement (LeftButton) ***  Mouse coords: (980, 335) (21796, 7521)
2022-09-20 14:33:46.548 *** Mouse movement (LeftButton) ***  Mouse coords: (986, 333) (21792, 7520)
2022-09-20 14:33:46.572 *** Mouse movement (LeftButton) ***  Mouse coords: (990, 330) (21790, 7518)
2022-09-20 14:33:46.598 *** Mouse movement (LeftButton) ***  Mouse coords: (995, 327) (21790, 7519)
2022-09-20 14:33:46.623 *** Mouse movement (LeftButton) ***  Mouse coords: (997, 324) (21788, 7518)
2022-09-20 14:33:46.646 *** Mouse movement (LeftButton) ***  Mouse coords: (997, 323) (21785, 7521)
2022-09-20 14:33:46.890 *** Keyboard input *** key pressed: key: 90; text: "z"
2022-09-20 14:33:46.892 *** Process image overlay spent 0.00 seconds.
2022-09-20 14:33:46.895 *** Get cell color spent 0.00 seconds.
2022-09-20 14:33:47.345 *** Keyboard input *** key pressed: key: 90; text: "z"
2022-09-20 14:33:47.787 *** Mouse movement (LeftButton) ***  Mouse coords: (576, 519) (21293, 7751)
2022-09-20 14:33:47.842 *** Mouse movement (LeftButton) ***  Mouse coords: (576, 519) (21293, 7751)
2022-09-20 14:33:47.873 *** Mouse movement (LeftButton) ***  Mouse coords: (578, 519) (21296, 7751)
2022-09-20 14:33:47.896 *** Mouse movement (LeftButton) ***  Mouse coords: (591, 519) (21308, 7751)
2022-09-20 14:33:47.919 *** Mouse movement (LeftButton) ***  Mouse coords: (617, 519) (21323, 7751)
2022-09-20 14:33:47.940 *** Mouse movement (LeftButton) ***  Mouse coords: (755, 511) (21454, 7741)
2022-09-20 14:33:47.984 *** Mouse movement (LeftButton) ***  Mouse coords: (868, 497) (21425, 7735)
2022-09-20 14:33:48.006 *** Mouse movement (LeftButton) ***  Mouse coords: (930, 492) (21366, 7745)
2022-09-20 14:33:48.035 *** Mouse movement (LeftButton) ***  Mouse coords: (980, 491) (21351, 7750)
2022-09-20 14:33:48.057 *** Mouse movement (LeftButton) ***  Mouse coords: (997, 491) (21313, 7751)
2022-09-20 14:33:48.079 *** Mouse movement (LeftButton) ***  Mouse coords: (1002, 491) (21299, 7751)
2022-09-20 14:33:48.107 *** Mouse movement (LeftButton) ***  Mouse coords: (1003, 491) (21294, 7751)
2022-09-20 14:33:48.128 *** Mouse movement (LeftButton) ***  Mouse coords: (1004, 491) (21294, 7751)
2022-09-20 14:33:48.177 *** Mouse movement (LeftButton) ***  Mouse coords: (1004, 491) (21293, 7751)
2022-09-20 14:33:48.198 *** Mouse movement (LeftButton) ***  Mouse coords: (1004, 490) (21293, 7750)
2022-09-20 14:33:49.071 *** Keyboard input *** key pressed: key: 90; text: "z"
2022-09-20 14:33:49.074 *** Process image overlay spent 0.00 seconds.
2022-09-20 14:33:49.079 *** Get cell color spent 0.00 seconds.
2022-09-20 14:33:49.492 *** Keyboard input *** key pressed: key: 90; text: "z"
2022-09-20 14:33:49.822 *** Keyboard input *** key pressed: key: 90; text: "z"
2022-09-20 14:33:49.825 *** Process image overlay spent 0.00 seconds.
2022-09-20 14:33:49.830 *** Get cell color spent 0.00 seconds.
2022-09-20 14:33:50.153 *** Keyboard input *** key pressed: key: 90; text: "z"
2022-09-20 14:33:50.730 *** Mouse movement (LeftButton) ***  Mouse coords: (611, 459) (20834, 7715)
2022-09-20 14:33:50.809 *** Mouse movement (LeftButton) ***  Mouse coords: (610, 459) (20833, 7714)
2022-09-20 14:33:50.859 *** Mouse movement (LeftButton) ***  Mouse coords: (624, 459) (20850, 7714)
2022-09-20 14:33:50.883 *** Mouse movement (LeftButton) ***  Mouse coords: (656, 466) (20872, 7722)
2022-09-20 14:33:50.905 *** Mouse movement (LeftButton) ***  Mouse coords: (686, 472) (20869, 7721)
2022-09-20 14:33:50.928 *** Mouse movement (LeftButton) ***  Mouse coords: (708, 476) (20859, 7719)
2022-09-20 14:33:50.952 *** Mouse movement (LeftButton) ***  Mouse coords: (733, 479) (20864, 7717)
2022-09-20 14:33:50.980 *** Mouse movement (LeftButton) ***  Mouse coords: (743, 479) (20845, 7714)
2022-09-20 14:33:51.002 *** Mouse movement (LeftButton) ***  Mouse coords: (748, 479) (20840, 7714)
2022-09-20 14:33:51.024 *** Mouse movement (LeftButton) ***  Mouse coords: (748, 479) (20834, 7714)
2022-09-20 14:33:51.245 *** Keyboard input *** key pressed: key: 90; text: "z"
2022-09-20 14:33:51.247 *** Process image overlay spent 0.00 seconds.
2022-09-20 14:33:51.250 *** Get cell color spent 0.00 seconds.
2022-09-20 14:33:51.686 *** Keyboard input *** key pressed: key: 90; text: "z"
2022-09-20 14:33:51.957 *** Keyboard input *** key pressed: key: 90; text: "z"
2022-09-20 14:33:51.961 *** Process image overlay spent 0.00 seconds.
2022-09-20 14:33:51.965 *** Get cell color spent 0.00 seconds.
2022-09-20 14:33:52.229 *** Keyboard input *** key pressed: key: 90; text: "z"
2022-09-20 14:33:52.508 *** Keyboard input *** key pressed: key: 90; text: "z"
2022-09-20 14:33:52.512 *** Process image overlay spent 0.00 seconds.
2022-09-20 14:33:52.517 *** Get cell color spent 0.00 seconds.
2022-09-20 14:33:52.772 *** Keyboard input *** key pressed: key: 90; text: "z"
2022-09-20 14:33:53.050 *** Keyboard input *** key pressed: key: 90; text: "z"
2022-09-20 14:33:53.052 *** Process image overlay spent 0.00 seconds.
2022-09-20 14:33:53.054 *** Get cell color spent 0.00 seconds.
2022-09-20 14:33:53.353 *** Keyboard input *** key pressed: key: 90; text: "z"
2022-09-20 14:33:54.764 *** Keyboard input *** key pressed: key: 90; text: "z"
2022-09-20 14:33:54.765 *** Process image overlay spent 0.00 seconds.
2022-09-20 14:33:54.767 *** Get cell color spent 0.00 seconds.
2022-09-20 14:33:55.066 *** Keyboard input *** key pressed: key: 90; text: "z"
2022-09-20 14:33:55.719 *** Keyboard input *** key pressed: key: 90; text: "z"
2022-09-20 14:33:55.721 *** Process image overlay spent 0.00 seconds.
2022-09-20 14:33:55.726 *** Get cell color spent 0.00 seconds.
2022-09-20 14:33:56.102 *** Keyboard input *** key pressed: key: 90; text: "z"
2022-09-20 14:33:56.374 *** Keyboard input *** key pressed: key: 90; text: "z"
2022-09-20 14:33:56.379 *** Process image overlay spent 0.00 seconds.
2022-09-20 14:33:56.383 *** Get cell color spent 0.00 seconds.
2022-09-20 14:33:56.679 *** Keyboard input *** key pressed: key: 90; text: "z"
2022-09-20 14:33:57.341 *** Keyboard input *** key pressed: key: 90; text: "z"
2022-09-20 14:33:57.345 *** Process image overlay spent 0.00 seconds.
2022-09-20 14:33:57.350 *** Get cell color spent 0.00 seconds.
2022-09-20 14:33:57.651 *** Keyboard input *** key pressed: key: 90; text: "z"
2022-09-20 14:33:57.954 *** Keyboard input *** key pressed: key: 90; text: "z"
2022-09-20 14:33:57.958 *** Process image overlay spent 0.00 seconds.
2022-09-20 14:33:57.963 *** Get cell color spent 0.00 seconds.
2022-09-20 14:33:58.306 *** Keyboard input *** key pressed: key: 90; text: "z"
2022-09-20 14:33:58.723 *** Keyboard input *** key pressed: key: 90; text: "z"
2022-09-20 14:33:58.727 *** Process image overlay spent 0.00 seconds.
2022-09-20 14:33:58.732 *** Get cell color spent 0.00 seconds.
2022-09-20 14:33:58.967 *** Keyboard input *** key pressed: key: 90; text: "z"
2022-09-20 14:34:03.493 *** Open processed data
2022-09-20 14:34:03.494 *** Preload all statistics at once.
2022-09-20 14:34:05.231 *** Nuclei stat data loaded, took 1.74 seconds. Total number of nuclei: 803016
2022-09-20 14:34:07.891 *** Interactive label *** Apply to case start.
2022-09-20 14:34:11.782 *** Interactive label *** Apply to case done.
2022-09-20 14:34:12.060 *** Interactive label *** Apply to case finish overlay create.
2022-09-20 14:34:13.711 *** Mouse movement (LeftButton) ***  Mouse coords: (918, 638) (37100, 29739)
2022-09-20 14:34:13.859 *** Mouse movement (LeftButton) ***  Mouse coords: (917, 638) (37100, 29739)
2022-09-20 14:34:13.890 *** Mouse movement (LeftButton) ***  Mouse coords: (908, 638) (35949, 29739)
2022-09-20 14:34:13.913 *** Mouse movement (LeftButton) ***  Mouse coords: (890, 638) (34653, 29739)
2022-09-20 14:34:13.939 *** Mouse movement (LeftButton) ***  Mouse coords: (873, 638) (34796, 29739)
2022-09-20 14:34:13.997 *** Mouse movement (LeftButton) ***  Mouse coords: (858, 638) (35085, 29739)
2022-09-20 14:34:14.023 *** Mouse movement (LeftButton) ***  Mouse coords: (847, 638) (35661, 29739)
2022-09-20 14:34:14.065 *** Mouse movement (LeftButton) ***  Mouse coords: (845, 638) (36956, 29739)
2022-09-20 14:34:14.095 *** Mouse movement (LeftButton) ***  Mouse coords: (844, 638) (37100, 29739)
2022-09-20 14:34:14.248 *** Keyboard input *** key pressed: key: 90; text: "z"
2022-09-20 14:34:14.642 *** Keyboard input *** key pressed: key: 90; text: "z"
2022-09-20 14:34:15.030 *** Keyboard input *** key pressed: key: 90; text: "z"
2022-09-20 14:34:15.330 *** Keyboard input *** key pressed: key: 90; text: "z"
2022-09-20 14:34:15.587 *** Keyboard input *** key pressed: key: 90; text: "z"
2022-09-20 14:34:15.805 *** Keyboard input *** key pressed: key: 90; text: "z"
2022-09-20 14:34:16.507 *** Keyboard input *** key pressed: key: 90; text: "z"
2022-09-20 14:34:18.551 *** Open processed data
2022-09-20 14:34:18.552 *** Preload all statistics at once.
2022-09-20 14:34:18.818 *** Nuclei stat data loaded, took 0.27 seconds. Total number of nuclei: 169921
2022-09-20 14:34:19.390 *** Interactive label *** Apply to case start.
2022-09-20 14:34:20.082 *** Interactive label *** Apply to case done.
2022-09-20 14:34:20.469 *** Interactive label *** Apply to case finish overlay create.
2022-09-20 14:34:21.618 *** Mouse movement (LeftButton) ***  Mouse coords: (549, 393) (12856, 21026)
2022-09-20 14:34:21.662 *** Mouse movement (LeftButton) ***  Mouse coords: (571, 425) (14939, 24056)
2022-09-20 14:34:21.690 *** Mouse movement (LeftButton) ***  Mouse coords: (595, 468) (15129, 25099)
2022-09-20 14:34:21.713 *** Mouse movement (LeftButton) ***  Mouse coords: (614, 508) (14655, 24814)
2022-09-20 14:34:21.738 *** Mouse movement (LeftButton) ***  Mouse coords: (629, 535) (14277, 23583)
2022-09-20 14:34:21.763 *** Mouse movement (LeftButton) ***  Mouse coords: (637, 551) (13614, 22541)
2022-09-20 14:34:21.820 *** Mouse movement (LeftButton) ***  Mouse coords: (639, 556) (13045, 21500)
2022-09-20 14:34:21.844 *** Mouse movement (LeftButton) ***  Mouse coords: (639, 556) (12856, 21026)
2022-09-20 14:34:22.180 *** Keyboard input *** key pressed: key: 90; text: "z"
2022-09-20 14:34:22.480 *** Keyboard input *** key pressed: key: 90; text: "z"
2022-09-20 14:34:22.779 *** Keyboard input *** key pressed: key: 90; text: "z"
2022-09-20 14:34:23.964 *** Mouse movement (LeftButton) ***  Mouse coords: (663, 156) (9860, 14083)
2022-09-20 14:34:24.042 *** Mouse movement (LeftButton) ***  Mouse coords: (663, 156) (9860, 14083)
2022-09-20 14:34:24.082 *** Mouse movement (LeftButton) ***  Mouse coords: (679, 210) (10197, 15223)
2022-09-20 14:34:24.112 *** Mouse movement (LeftButton) ***  Mouse coords: (715, 360) (10620, 17248)
2022-09-20 14:34:24.135 *** Mouse movement (LeftButton) ***  Mouse coords: (733, 435) (10240, 15666)
2022-09-20 14:34:24.158 *** Mouse movement (LeftButton) ***  Mouse coords: (801, 686) (11295, 19380)
2022-09-20 14:34:24.187 *** Mouse movement (LeftButton) ***  Mouse coords: (851, 857) (10915, 17691)
2022-09-20 14:34:24.210 *** Mouse movement (LeftButton) ***  Mouse coords: (880, 953) (10472, 16109)
2022-09-20 14:34:24.261 *** Mouse movement (LeftButton) ***  Mouse coords: (899, 1012) (10261, 15328)
2022-09-20 14:34:24.304 *** Mouse movement (LeftButton) ***  Mouse coords: (900, 1014) (9881, 14125)
2022-09-20 14:34:24.331 *** Mouse movement (LeftButton) ***  Mouse coords: (900, 1014) (9860, 14083)
2022-09-20 14:34:25.047 *** Mouse movement (LeftButton) ***  Mouse coords: (688, 680) (5386, 7035)
2022-09-20 14:34:25.134 *** Mouse movement (LeftButton) ***  Mouse coords: (687, 680) (5365, 7035)
2022-09-20 14:34:25.170 *** Mouse movement (LeftButton) ***  Mouse coords: (704, 643) (5745, 6254)
2022-09-20 14:34:25.193 *** Mouse movement (LeftButton) ***  Mouse coords: (726, 592) (5850, 5959)
2022-09-20 14:34:25.239 *** Mouse movement (LeftButton) ***  Mouse coords: (737, 560) (5618, 6360)
2022-09-20 14:34:25.264 *** Mouse movement (LeftButton) ***  Mouse coords: (739, 551) (5429, 6845)
2022-09-20 14:34:25.286 *** Mouse movement (LeftButton) ***  Mouse coords: (740, 546) (5407, 6929)
2022-09-20 14:34:25.556 *** Keyboard input *** key pressed: key: 90; text: "z"
2022-09-20 14:34:25.868 *** Keyboard input *** key pressed: key: 90; text: "z"
2022-09-20 14:34:26.989 *** Keyboard input *** key pressed: key: 90; text: "z"
2022-09-20 14:34:26.992 *** Process image overlay spent 0.00 seconds.
2022-09-20 14:34:27.015 *** Get cell color spent 0.02 seconds.
2022-09-20 14:34:27.313 *** Keyboard input *** key pressed: key: 90; text: "z"
2022-09-20 14:34:28.191 *** Keyboard input *** key pressed: key: 90; text: "z"
2022-09-20 14:34:28.193 *** Process image overlay spent 0.00 seconds.
2022-09-20 14:34:28.197 *** Get cell color spent 0.00 seconds.
2022-09-20 14:34:28.653 *** Keyboard input *** key pressed: key: 90; text: "z"
2022-09-20 14:34:29.019 *** Mouse movement (LeftButton) ***  Mouse coords: (652, 628) (5091, 7224)
2022-09-20 14:34:29.071 *** Mouse movement (LeftButton) ***  Mouse coords: (677, 596) (5142, 7158)
2022-09-20 14:34:29.097 *** Mouse movement (LeftButton) ***  Mouse coords: (703, 562) (5145, 7154)
2022-09-20 14:34:29.121 *** Mouse movement (LeftButton) ***  Mouse coords: (737, 514) (5161, 7125)
2022-09-20 14:34:29.143 *** Mouse movement (LeftButton) ***  Mouse coords: (771, 465) (5162, 7123)
2022-09-20 14:34:29.165 *** Mouse movement (LeftButton) ***  Mouse coords: (787, 443) (5124, 7178)
2022-09-20 14:34:29.187 *** Mouse movement (LeftButton) ***  Mouse coords: (800, 426) (5117, 7189)
2022-09-20 14:34:29.218 *** Mouse movement (LeftButton) ***  Mouse coords: (806, 420) (5104, 7212)
2022-09-20 14:34:29.265 *** Mouse movement (LeftButton) ***  Mouse coords: (808, 418) (5095, 7220)
2022-09-20 14:34:29.289 *** Mouse movement (LeftButton) ***  Mouse coords: (808, 418) (5091, 7224)
2022-09-20 14:34:30.154 *** Keyboard input *** key pressed: key: 90; text: "z"
2022-09-20 14:34:30.155 *** Process image overlay spent 0.00 seconds.
2022-09-20 14:34:30.157 *** Get cell color spent 0.00 seconds.
2022-09-20 14:34:30.617 *** Keyboard input *** key pressed: key: 90; text: "z"
2022-09-20 14:34:30.929 *** Keyboard input *** key pressed: key: 90; text: "z"
2022-09-20 14:34:30.932 *** Process image overlay spent 0.00 seconds.
2022-09-20 14:34:30.937 *** Get cell color spent 0.00 seconds.
2022-09-20 14:34:31.149 *** Keyboard input *** key pressed: key: 90; text: "z"
2022-09-20 14:34:32.634 *** Keyboard input *** key pressed: key: 90; text: "z"
2022-09-20 14:34:33.036 *** Keyboard input *** key pressed: key: 90; text: "z"
2022-09-20 14:34:34.848 *** Mouse movement (LeftButton) ***  Mouse coords: (1074, 450) (13406, 7617)
2022-09-20 14:34:35.001 *** Mouse movement (LeftButton) ***  Mouse coords: (1073, 450) (13374, 7617)
2022-09-20 14:34:35.047 *** Mouse movement (LeftButton) ***  Mouse coords: (1020, 433) (11720, 7076)
2022-09-20 14:34:35.082 *** Mouse movement (LeftButton) ***  Mouse coords: (936, 396) (10733, 6440)
2022-09-20 14:34:35.108 *** Mouse movement (LeftButton) ***  Mouse coords: (886, 376) (11815, 6981)
2022-09-20 14:34:35.135 *** Mouse movement (LeftButton) ***  Mouse coords: (829, 359) (11592, 7076)
2022-09-20 14:34:35.161 *** Mouse movement (LeftButton) ***  Mouse coords: (795, 354) (12325, 7458)
2022-09-20 14:34:35.186 *** Mouse movement (LeftButton) ***  Mouse coords: (776, 352) (12801, 7553)
2022-09-20 14:34:35.209 *** Mouse movement (LeftButton) ***  Mouse coords: (768, 350) (13152, 7553)
2022-09-20 14:34:35.237 *** Mouse movement (LeftButton) ***  Mouse coords: (766, 349) (13342, 7586)
2022-09-20 14:34:35.262 *** Mouse movement (LeftButton) ***  Mouse coords: (766, 347) (13406, 7553)
2022-09-20 14:34:39.517 *** Mouse movement (LeftButton) ***  Mouse coords: (894, 418) (18766, 25994)
2022-09-20 14:34:39.557 *** Mouse movement (LeftButton) ***  Mouse coords: (879, 438) (18289, 26630)
2022-09-20 14:34:39.582 *** Mouse movement (LeftButton) ***  Mouse coords: (856, 460) (18034, 26694)
2022-09-20 14:34:39.605 *** Mouse movement (LeftButton) ***  Mouse coords: (831, 481) (17970, 26662)
2022-09-20 14:34:39.634 *** Mouse movement (LeftButton) ***  Mouse coords: (812, 498) (18162, 26535)
2022-09-20 14:34:39.658 *** Mouse movement (LeftButton) ***  Mouse coords: (810, 501) (18702, 26090)
2022-09-20 14:34:39.682 *** Mouse movement (LeftButton) ***  Mouse coords: (804, 509) (18575, 26248)
2022-09-20 14:34:39.704 *** Mouse movement (LeftButton) ***  Mouse coords: (803, 512) (18735, 26090)
2022-09-20 14:34:39.733 *** Mouse movement (LeftButton) ***  Mouse coords: (803, 513) (18766, 26025)
2022-09-20 14:34:39.765 *** Mouse movement (LeftButton) ***  Mouse coords: (802, 513) (18734, 25994)
2022-09-20 14:34:39.787 *** Mouse movement (LeftButton) ***  Mouse coords: (801, 512) (18734, 25963)
2022-09-20 14:34:39.815 *** Mouse movement (LeftButton) ***  Mouse coords: (801, 511) (18766, 25962)
2022-09-20 14:34:39.958 *** Keyboard input *** key pressed: key: 90; text: "z"
2022-09-20 14:34:40.305 *** Keyboard input *** key pressed: key: 90; text: "z"
2022-09-20 14:34:40.555 *** Keyboard input *** key pressed: key: 90; text: "z"
2022-09-20 14:34:40.816 *** Keyboard input *** key pressed: key: 90; text: "z"
2022-09-20 14:34:41.136 *** Keyboard input *** key pressed: key: 90; text: "z"
2022-09-20 14:34:41.353 *** Keyboard input *** key pressed: key: 90; text: "z"
2022-09-20 14:34:42.447 *** Mouse movement (LeftButton) ***  Mouse coords: (1064, 249) (8370, 4914)
2022-09-20 14:34:42.557 *** Mouse movement (LeftButton) ***  Mouse coords: (1061, 249) (8114, 4850)
2022-09-20 14:34:42.582 *** Mouse movement (LeftButton) ***  Mouse coords: (1019, 249) (5610, 4850)
2022-09-20 14:34:42.606 *** Mouse movement (LeftButton) ***  Mouse coords: (1000, 249) (7087, 4850)
2022-09-20 14:34:42.635 *** Mouse movement (LeftButton) ***  Mouse coords: (934, 249) (4071, 4850)
2022-09-20 14:34:42.658 *** Mouse movement (LeftButton) ***  Mouse coords: (815, 249) (669, 4850)
2022-09-20 14:34:42.688 *** Mouse movement (LeftButton) ***  Mouse coords: (741, 249) (3558, 4850)
2022-09-20 14:34:42.724 *** Mouse movement (LeftButton) ***  Mouse coords: (668, 249) (3621, 4850)
2022-09-20 14:34:42.766 *** Mouse movement (LeftButton) ***  Mouse coords: (652, 248) (7280, 4786)
2022-09-20 14:34:42.788 *** Mouse movement (LeftButton) ***  Mouse coords: (648, 246) (8049, 4721)
2022-09-20 14:34:42.811 *** Mouse movement (LeftButton) ***  Mouse coords: (647, 245) (8242, 4786)
2022-09-20 14:34:42.843 *** Mouse movement (LeftButton) ***  Mouse coords: (646, 244) (8242, 4786)
2022-09-20 14:34:42.872 *** Mouse movement (LeftButton) ***  Mouse coords: (646, 243) (8306, 4786)
2022-09-20 14:35:44.852 *** Interactive label *** Review annotations/active learning start.
2022-09-20 14:36:27.662 *** Interactive label: Review annotations finished.
2022-09-20 14:36:27.691 *** Interactive label *** Apply to case start.
2022-09-20 14:36:27.705 *** Interactive label *** Apply to case finish overlay create.
2022-09-20 14:36:28.137 *** Mouse movement (LeftButton) ***  Mouse coords: (675, 532) (8297, 8616)
2022-09-20 14:36:28.258 *** Mouse movement (LeftButton) ***  Mouse coords: (675, 532) (8297, 8622)
2022-09-20 14:36:28.289 *** Mouse movement (LeftButton) ***  Mouse coords: (696, 532) (8418, 8622)
2022-09-20 14:36:28.341 *** Mouse movement (LeftButton) ***  Mouse coords: (767, 562) (8706, 8795)
2022-09-20 14:36:28.363 *** Mouse movement (LeftButton) ***  Mouse coords: (803, 585) (8504, 8754)
2022-09-20 14:36:28.400 *** Mouse movement (LeftButton) ***  Mouse coords: (824, 600) (8418, 8708)
2022-09-20 14:36:28.430 *** Mouse movement (LeftButton) ***  Mouse coords: (825, 600) (8303, 8622)
2022-09-20 14:36:28.459 *** Mouse movement (LeftButton) ***  Mouse coords: (825, 601) (8297, 8628)
2022-09-20 14:36:28.482 *** Mouse movement (LeftButton) ***  Mouse coords: (825, 602) (8297, 8628)
2022-09-20 14:36:28.508 *** Mouse movement (LeftButton) ***  Mouse coords: (826, 604) (8302, 8633)
2022-09-20 14:36:28.538 *** Mouse movement (LeftButton) ***  Mouse coords: (827, 605) (8303, 8628)
2022-09-20 14:36:28.569 *** Mouse movement (LeftButton) ***  Mouse coords: (827, 606) (8297, 8628)
2022-09-20 14:36:31.113 *** Mouse movement (LeftButton) ***  Mouse coords: (838, 293) (6173, 4519)
2022-09-20 14:36:31.192 *** Mouse movement (LeftButton) ***  Mouse coords: (838, 293) (6173, 4473)
2022-09-20 14:36:31.225 *** Mouse movement (LeftButton) ***  Mouse coords: (831, 293) (5850, 4473)
2022-09-20 14:36:31.270 *** Mouse movement (LeftButton) ***  Mouse coords: (726, 281) (1325, 3919)
2022-09-20 14:36:31.294 *** Mouse movement (LeftButton) ***  Mouse coords: (669, 263) (3541, 3642)
2022-09-20 14:36:31.340 *** Mouse movement (LeftButton) ***  Mouse coords: (634, 247) (4557, 3734)
2022-09-20 14:36:31.365 *** Mouse movement (LeftButton) ***  Mouse coords: (624, 243) (5712, 4288)
2022-09-20 14:36:31.392 *** Mouse movement (LeftButton) ***  Mouse coords: (621, 242) (6034, 4427)
2022-09-20 14:36:31.453 *** Mouse movement (LeftButton) ***  Mouse coords: (621, 242) (6173, 4473)
2022-09-20 14:36:31.500 *** Mouse movement (LeftButton) ***  Mouse coords: (619, 242) (6081, 4473)
2022-09-20 14:36:31.524 *** Mouse movement (LeftButton) ***  Mouse coords: (617, 242) (6081, 4473)
2022-09-20 14:36:38.529 *** Mouse movement (LeftButton) ***  Mouse coords: (791, 560) (11676, 14709)
2022-09-20 14:36:38.608 *** Mouse movement (LeftButton) ***  Mouse coords: (791, 560) (11676, 14709)
2022-09-20 14:36:38.642 *** Mouse movement (LeftButton) ***  Mouse coords: (791, 540) (11676, 14085)
2022-09-20 14:36:38.666 *** Mouse movement (LeftButton) ***  Mouse coords: (791, 534) (11676, 14521)
2022-09-20 14:36:38.696 *** Mouse movement (LeftButton) ***  Mouse coords: (791, 496) (11676, 13524)
2022-09-20 14:36:38.720 *** Mouse movement (LeftButton) ***  Mouse coords: (791, 464) (11676, 13711)
2022-09-20 14:36:38.745 *** Mouse movement (LeftButton) ***  Mouse coords: (789, 437) (11613, 13866)
2022-09-20 14:36:38.791 *** Mouse movement (LeftButton) ***  Mouse coords: (788, 416) (11645, 14054)
2022-09-20 14:36:38.816 *** Mouse movement (LeftButton) ***  Mouse coords: (788, 415) (11676, 14678)
2022-09-20 14:36:38.844 *** Mouse movement (LeftButton) ***  Mouse coords: (788, 415) (11676, 14709)
2022-09-20 14:36:38.873 *** Mouse movement (LeftButton) ***  Mouse coords: (788, 414) (11676, 14678)
2022-09-20 14:36:38.897 *** Mouse movement (LeftButton) ***  Mouse coords: (788, 414) (11676, 14709)
2022-09-20 14:36:47.387 *** Mouse movement (LeftButton) ***  Mouse coords: (763, 474) (13219, 17845)
2022-09-20 14:36:47.491 *** Mouse movement (LeftButton) ***  Mouse coords: (763, 474) (13219, 17845)
2022-09-20 14:36:47.522 *** Mouse movement (LeftButton) ***  Mouse coords: (758, 474) (13168, 17845)
2022-09-20 14:36:47.546 *** Mouse movement (LeftButton) ***  Mouse coords: (749, 473) (13127, 17834)
2022-09-20 14:36:47.594 *** Mouse movement (LeftButton) ***  Mouse coords: (741, 465) (13137, 17764)
2022-09-20 14:36:47.623 *** Mouse movement (LeftButton) ***  Mouse coords: (737, 457) (13179, 17763)
2022-09-20 14:36:47.647 *** Mouse movement (LeftButton) ***  Mouse coords: (736, 456) (13208, 17835)
2022-09-20 14:36:47.668 *** Mouse movement (LeftButton) ***  Mouse coords: (736, 453) (13219, 17814)
2022-09-20 14:36:47.695 *** Mouse movement (LeftButton) ***  Mouse coords: (736, 451) (13219, 17824)
2022-09-20 14:36:47.720 *** Mouse movement (LeftButton) ***  Mouse coords: (736, 449) (13219, 17825)
2022-09-20 14:36:47.745 *** Mouse movement (LeftButton) ***  Mouse coords: (736, 448) (13219, 17835)
2022-09-20 14:36:48.388 *** Keyboard input *** key pressed: key: 90; text: "z"
2022-09-20 14:36:48.391 *** Process image overlay spent 0.00 seconds.
2022-09-20 14:36:48.438 *** Get cell color spent 0.05 seconds.
2022-09-20 14:36:51.996 *** Process image overlay spent 0.00 seconds.
2022-09-20 14:36:52.004 *** Get cell color spent 0.01 seconds.
2022-09-20 14:36:52.324 *** Process image overlay spent 0.00 seconds.
2022-09-20 14:36:52.329 *** Get cell color spent 0.00 seconds.
2022-09-20 14:36:52.698 *** Mouse movement (LeftButton) ***  Mouse coords: (508, 252) (12827, 16926)
2022-09-20 14:36:52.750 *** Mouse movement (LeftButton) ***  Mouse coords: (508, 253) (12827, 16928)
2022-09-20 14:36:52.780 *** Mouse movement (LeftButton) ***  Mouse coords: (508, 273) (12827, 16979)
2022-09-20 14:36:52.822 *** Mouse movement (LeftButton) ***  Mouse coords: (511, 322) (12834, 17055)
2022-09-20 14:36:52.845 *** Mouse movement (LeftButton) ***  Mouse coords: (515, 349) (12838, 16997)
2022-09-20 14:36:52.869 *** Mouse movement (LeftButton) ***  Mouse coords: (522, 381) (12846, 17011)
2022-09-20 14:36:52.890 *** Mouse movement (LeftButton) ***  Mouse coords: (527, 398) (12840, 16971)
2022-09-20 14:36:52.915 *** Mouse movement (LeftButton) ***  Mouse coords: (532, 409) (12839, 16955)
2022-09-20 14:36:52.939 *** Mouse movement (LeftButton) ***  Mouse coords: (536, 419) (12836, 16952)
2022-09-20 14:36:52.962 *** Mouse movement (LeftButton) ***  Mouse coords: (538, 422) (12832, 16934)
2022-09-20 14:36:52.984 *** Mouse movement (LeftButton) ***  Mouse coords: (540, 425) (12831, 16934)
2022-09-20 14:36:53.025 *** Mouse movement (LeftButton) ***  Mouse coords: (540, 426) (12826, 16928)
2022-09-20 14:36:53.073 *** Process image overlay spent 0.00 seconds.
2022-09-20 14:36:53.077 *** Get cell color spent 0.00 seconds.
2022-09-20 14:36:53.818 *** Process image overlay spent 0.00 seconds.
2022-09-20 14:36:53.820 *** Get cell color spent 0.00 seconds.
2022-09-20 14:36:54.187 *** Mouse movement (LeftButton) ***  Mouse coords: (513, 538) (12638, 16851)
2022-09-20 14:36:54.242 *** Mouse movement (LeftButton) ***  Mouse coords: (513, 538) (12638, 16851)
2022-09-20 14:36:54.271 *** Mouse movement (LeftButton) ***  Mouse coords: (513, 529) (12638, 16839)
2022-09-20 14:36:54.297 *** Mouse movement (LeftButton) ***  Mouse coords: (513, 517) (12638, 16836)
2022-09-20 14:36:54.318 *** Mouse movement (LeftButton) ***  Mouse coords: (513, 486) (12638, 16810)
2022-09-20 14:36:54.340 *** Mouse movement (LeftButton) ***  Mouse coords: (513, 430) (12638, 16779)
2022-09-20 14:36:54.370 *** Mouse movement (LeftButton) ***  Mouse coords: (513, 387) (12638, 16795)
2022-09-20 14:36:54.407 *** Mouse movement (LeftButton) ***  Mouse coords: (513, 343) (12638, 16793)
2022-09-20 14:36:54.437 *** Mouse movement (LeftButton) ***  Mouse coords: (513, 337) (12638, 16844)
2022-09-20 14:36:54.466 *** Mouse movement (LeftButton) ***  Mouse coords: (513, 337) (12638, 16851)
2022-09-20 14:36:54.488 *** Mouse movement (LeftButton) ***  Mouse coords: (513, 335) (12638, 16848)
2022-09-20 14:36:54.510 *** Mouse movement (LeftButton) ***  Mouse coords: (513, 335) (12638, 16851)
2022-09-20 14:36:54.534 *** Mouse movement (LeftButton) ***  Mouse coords: (513, 334) (12638, 16850)
2022-09-20 14:36:54.561 *** Mouse movement (LeftButton) ***  Mouse coords: (513, 333) (12638, 16849)
2022-09-20 14:36:54.582 *** Mouse movement (LeftButton) ***  Mouse coords: (513, 333) (12638, 16851)
2022-09-20 14:36:54.676 *** Process image overlay spent 0.00 seconds.
2022-09-20 14:36:54.678 *** Get cell color spent 0.00 seconds.
2022-09-20 14:36:54.838 *** Keyboard input *** key pressed: key: 90; text: "z"
2022-09-20 14:36:56.347 *** Mouse movement (LeftButton) ***  Mouse coords: (606, 555) (12610, 16827)
2022-09-20 14:36:56.406 *** Mouse movement (LeftButton) ***  Mouse coords: (606, 553) (12610, 16826)
2022-09-20 14:36:56.435 *** Mouse movement (LeftButton) ***  Mouse coords: (606, 547) (12610, 16824)
2022-09-20 14:36:56.482 *** Mouse movement (LeftButton) ***  Mouse coords: (606, 477) (12610, 16789)
2022-09-20 14:36:56.528 *** Mouse movement (LeftButton) ***  Mouse coords: (606, 392) (12610, 16780)
2022-09-20 14:36:56.574 *** Mouse movement (LeftButton) ***  Mouse coords: (606, 343) (12610, 16800)
2022-09-20 14:36:56.601 *** Mouse movement (LeftButton) ***  Mouse coords: (606, 315) (12610, 16812)
2022-09-20 14:36:56.631 *** Mouse movement (LeftButton) ***  Mouse coords: (603, 296) (12609, 16816)
2022-09-20 14:36:56.678 *** Mouse movement (LeftButton) ***  Mouse coords: (592, 280) (12603, 16818)
2022-09-20 14:36:56.724 *** Mouse movement (LeftButton) ***  Mouse coords: (584, 275) (12606, 16825)
2022-09-20 14:36:56.770 *** Mouse movement (LeftButton) ***  Mouse coords: (581, 274) (12608, 16826)
2022-09-20 14:36:56.999 *** Keyboard input *** key pressed: key: 90; text: "z"
2022-09-20 14:36:57.001 *** Process image overlay spent 0.00 seconds.
2022-09-20 14:36:57.004 *** Get cell color spent 0.00 seconds.
2022-09-20 14:36:57.964 *** Keyboard input *** key pressed: key: 90; text: "z"
2022-09-20 14:36:58.568 *** Keyboard input *** key pressed: key: 90; text: "z"
2022-09-20 14:36:58.571 *** Process image overlay spent 0.00 seconds.
2022-09-20 14:36:58.574 *** Get cell color spent 0.00 seconds.
2022-09-20 14:36:58.875 *** Keyboard input *** key pressed: key: 90; text: "z"
2022-09-20 14:37:00.462 *** Keyboard input *** key pressed: key: 90; text: "z"
2022-09-20 14:37:00.466 *** Process image overlay spent 0.00 seconds.
2022-09-20 14:37:00.478 *** Get cell color spent 0.01 seconds.
2022-09-20 14:37:01.005 *** Keyboard input *** key pressed: key: 90; text: "z"
2022-09-20 14:37:02.297 *** Keyboard input *** key pressed: key: 90; text: "z"
2022-09-20 14:37:03.075 *** Mouse movement (LeftButton) ***  Mouse coords: (749, 417) (14334, 13451)
2022-09-20 14:37:03.121 *** Mouse movement (LeftButton) ***  Mouse coords: (749, 324) (14334, 11707)
2022-09-20 14:37:03.147 *** Mouse movement (LeftButton) ***  Mouse coords: (746, 233) (14277, 11744)
2022-09-20 14:37:03.170 *** Mouse movement (LeftButton) ***  Mouse coords: (745, 168) (14316, 12233)
2022-09-20 14:37:03.212 *** Mouse movement (LeftButton) ***  Mouse coords: (745, 124) (14334, 12626)
2022-09-20 14:37:03.237 *** Mouse movement (LeftButton) ***  Mouse coords: (745, 113) (14334, 13244)
2022-09-20 14:37:03.265 *** Mouse movement (LeftButton) ***  Mouse coords: (745, 106) (14334, 13320)
2022-09-20 14:37:03.286 *** Mouse movement (LeftButton) ***  Mouse coords: (745, 105) (14334, 13432)
2022-09-20 14:37:03.329 *** Mouse movement (LeftButton) ***  Mouse coords: (745, 106) (14334, 13470)
2022-09-20 14:37:03.356 *** Mouse movement (LeftButton) ***  Mouse coords: (744, 110) (14315, 13526)
2022-09-20 14:37:03.725 *** Keyboard input *** key pressed: key: 90; text: "z"
2022-09-20 14:37:04.036 *** Keyboard input *** key pressed: key: 90; text: "z"
2022-09-20 14:37:05.576 *** Keyboard input *** key pressed: key: 90; text: "z"
2022-09-20 14:37:05.964 *** Keyboard input *** key pressed: key: 90; text: "z"
2022-09-20 14:37:11.447 *** Mouse movement (LeftButton) ***  Mouse coords: (479, 123) (6596, 8248)
2022-09-20 14:37:11.542 *** Mouse movement (LeftButton) ***  Mouse coords: (479, 124) (6596, 8283)
2022-09-20 14:37:11.579 *** Mouse movement (LeftButton) ***  Mouse coords: (479, 154) (6596, 9269)
2022-09-20 14:37:11.602 *** Mouse movement (LeftButton) ***  Mouse coords: (479, 208) (6596, 10087)
2022-09-20 14:37:11.647 *** Mouse movement (LeftButton) ***  Mouse coords: (479, 280) (6596, 10699)
2022-09-20 14:37:11.672 *** Mouse movement (LeftButton) ***  Mouse coords: (479, 333) (6596, 10053)
2022-09-20 14:37:11.695 *** Mouse movement (LeftButton) ***  Mouse coords: (480, 414) (6631, 11006)
2022-09-20 14:37:11.726 *** Mouse movement (LeftButton) ***  Mouse coords: (483, 443) (6698, 9235)
2022-09-20 14:37:11.760 *** Mouse movement (LeftButton) ***  Mouse coords: (490, 474) (6834, 9304)
2022-09-20 14:37:11.782 *** Mouse movement (LeftButton) ***  Mouse coords: (490, 476) (6596, 8316)
2022-09-20 14:37:11.815 *** Mouse movement (LeftButton) ***  Mouse coords: (492, 478) (6664, 8316)
2022-09-20 14:37:11.847 *** Mouse movement (LeftButton) ***  Mouse coords: (497, 487) (6766, 8554)
2022-09-20 14:37:11.872 *** Mouse movement (LeftButton) ***  Mouse coords: (498, 489) (6630, 8316)
2022-09-20 14:37:11.900 *** Mouse movement (LeftButton) ***  Mouse coords: (499, 491) (6630, 8317)
2022-09-20 14:37:12.270 *** Keyboard input *** key pressed: key: 90; text: "z"
2022-09-20 14:37:12.575 *** Keyboard input *** key pressed: key: 90; text: "z"
2022-09-20 14:37:13.649 *** Process image overlay spent 0.00 seconds.
2022-09-20 14:37:13.678 *** Get cell color spent 0.03 seconds.
2022-09-20 14:37:14.333 *** Process image overlay spent 0.00 seconds.
2022-09-20 14:37:14.361 *** Get cell color spent 0.03 seconds.
2022-09-20 14:37:14.888 *** Process image overlay spent 0.00 seconds.
2022-09-20 14:37:14.895 *** Get cell color spent 0.01 seconds.
2022-09-20 14:37:15.125 *** Mouse movement (LeftButton) ***  Mouse coords: (458, 405) (5913, 8055)
2022-09-20 14:37:15.175 *** Mouse movement (LeftButton) ***  Mouse coords: (458, 405) (5913, 8058)
2022-09-20 14:37:15.204 *** Mouse movement (LeftButton) ***  Mouse coords: (467, 406) (5945, 8061)
2022-09-20 14:37:15.227 *** Mouse movement (LeftButton) ***  Mouse coords: (475, 409) (5941, 8069)
2022-09-20 14:37:15.250 *** Mouse movement (LeftButton) ***  Mouse coords: (499, 423) (5999, 8107)
2022-09-20 14:37:15.278 *** Mouse movement (LeftButton) ***  Mouse coords: (543, 457) (6069, 8179)
2022-09-20 14:37:15.301 *** Mouse movement (LeftButton) ***  Mouse coords: (584, 495) (6058, 8193)
2022-09-20 14:37:15.327 *** Mouse movement (LeftButton) ***  Mouse coords: (630, 536) (6076, 8203)
2022-09-20 14:37:15.349 *** Mouse movement (LeftButton) ***  Mouse coords: (679, 576) (6087, 8200)
2022-09-20 14:37:15.375 *** Mouse movement (LeftButton) ***  Mouse coords: (729, 614) (6091, 8193)
2022-09-20 14:37:15.396 *** Mouse movement (LeftButton) ***  Mouse coords: (753, 633) (5998, 8126)
2022-09-20 14:37:15.421 *** Mouse movement (LeftButton) ***  Mouse coords: (790, 659) (6044, 8150)
2022-09-20 14:37:15.444 *** Mouse movement (LeftButton) ***  Mouse coords: (813, 674) (5995, 8111)
2022-09-20 14:37:15.470 *** Mouse movement (LeftButton) ***  Mouse coords: (829, 684) (5970, 8094)
2022-09-20 14:37:15.493 *** Mouse movement (LeftButton) ***  Mouse coords: (840, 692) (5952, 8086)
2022-09-20 14:37:15.517 *** Mouse movement (LeftButton) ***  Mouse coords: (858, 700) (5976, 8086)
2022-09-20 14:37:15.613 *** Process image overlay spent 0.00 seconds.
2022-09-20 14:37:15.621 *** Get cell color spent 0.01 seconds.
2022-09-20 14:37:16.803 *** Process image overlay spent 0.00 seconds.
2022-09-20 14:37:16.806 *** Get cell color spent 0.00 seconds.
2022-09-20 14:37:17.128 *** Mouse movement (LeftButton) ***  Mouse coords: (452, 318) (5722, 7890)
2022-09-20 14:37:17.208 *** Mouse movement (LeftButton) ***  Mouse coords: (452, 318) (5722, 7890)
2022-09-20 14:37:17.248 *** Mouse movement (LeftButton) ***  Mouse coords: (490, 391) (5769, 7979)
2022-09-20 14:37:17.277 *** Mouse movement (LeftButton) ***  Mouse coords: (554, 514) (5800, 8040)
2022-09-20 14:37:17.303 *** Mouse movement (LeftButton) ***  Mouse coords: (569, 546) (5740, 7929)
2022-09-20 14:37:17.326 *** Mouse movement (LeftButton) ***  Mouse coords: (626, 651) (5792, 8018)
2022-09-20 14:37:17.354 *** Mouse movement (LeftButton) ***  Mouse coords: (656, 698) (5758, 7947)
2022-09-20 14:37:17.377 *** Mouse movement (LeftButton) ***  Mouse coords: (673, 721) (5743, 7918)
2022-09-20 14:37:17.400 *** Mouse movement (LeftButton) ***  Mouse coords: (681, 732) (5732, 7904)
2022-09-20 14:37:17.422 *** Mouse movement (LeftButton) ***  Mouse coords: (683, 735) (5724, 7894)
2022-09-20 14:37:17.452 *** Mouse movement (LeftButton) ***  Mouse coords: (684, 736) (5724, 7891)
2022-09-20 14:37:17.475 *** Mouse movement (LeftButton) ***  Mouse coords: (684, 736) (5722, 7890)
2022-09-20 14:37:17.521 *** Mouse movement (LeftButton) ***  Mouse coords: (684, 736) (5722, 7890)
2022-09-20 14:37:17.751 *** Keyboard input *** key pressed: key: 90; text: "z"
2022-09-20 14:37:18.165 *** Keyboard input *** key pressed: key: 90; text: "z"
2022-09-20 14:37:18.168 *** Process image overlay spent 0.00 seconds.
2022-09-20 14:37:18.173 *** Get cell color spent 0.00 seconds.
2022-09-20 14:37:18.625 *** Keyboard input *** key pressed: key: 90; text: "z"
2022-09-20 14:37:18.947 *** Keyboard input *** key pressed: key: 90; text: "z"
2022-09-20 14:37:18.950 *** Process image overlay spent 0.00 seconds.
2022-09-20 14:37:18.952 *** Get cell color spent 0.00 seconds.
2022-09-20 14:37:19.270 *** Keyboard input *** key pressed: key: 90; text: "z"
2022-09-20 14:37:19.592 *** Keyboard input *** key pressed: key: 90; text: "z"
2022-09-20 14:37:19.598 *** Process image overlay spent 0.00 seconds.
2022-09-20 14:37:19.602 *** Get cell color spent 0.00 seconds.
2022-09-20 14:37:20.029 *** Keyboard input *** key pressed: key: 90; text: "z"
2022-09-20 14:37:20.784 *** Keyboard input *** key pressed: key: 90; text: "z"
2022-09-20 14:37:20.787 *** Process image overlay spent 0.00 seconds.
2022-09-20 14:37:20.792 *** Get cell color spent 0.00 seconds.
2022-09-20 14:37:23.176 *** Keyboard input *** key pressed: key: 90; text: "z"
2022-09-20 14:37:23.682 *** Keyboard input *** key pressed: key: 90; text: "z"
2022-09-20 14:37:23.686 *** Process image overlay spent 0.00 seconds.
2022-09-20 14:37:23.692 *** Get cell color spent 0.00 seconds.
2022-09-20 14:37:24.002 *** Keyboard input *** key pressed: key: 90; text: "z"
2022-09-20 14:37:27.270 *** Mouse movement (LeftButton) ***  Mouse coords: (811, 407) (7803, 6897)
2022-09-20 14:37:27.367 *** Mouse movement (LeftButton) ***  Mouse coords: (805, 407) (7721, 6911)
2022-09-20 14:37:27.390 *** Mouse movement (LeftButton) ***  Mouse coords: (786, 407) (7541, 6911)
2022-09-20 14:37:27.414 *** Mouse movement (LeftButton) ***  Mouse coords: (773, 407) (7623, 6911)
2022-09-20 14:37:27.439 *** Mouse movement (LeftButton) ***  Mouse coords: (722, 408) (7100, 6925)
2022-09-20 14:37:27.463 *** Mouse movement (LeftButton) ***  Mouse coords: (683, 415) (7266, 7007)
2022-09-20 14:37:27.485 *** Mouse movement (LeftButton) ***  Mouse coords: (644, 424) (7265, 7035)
2022-09-20 14:37:27.510 *** Mouse movement (LeftButton) ***  Mouse coords: (625, 428) (7541, 6967)
2022-09-20 14:37:27.534 *** Mouse movement (LeftButton) ***  Mouse coords: (620, 429) (7734, 6924)
2022-09-20 14:37:27.559 *** Mouse movement (LeftButton) ***  Mouse coords: (620, 429) (7803, 6911)
2022-09-20 14:37:27.599 *** Mouse movement (LeftButton) ***  Mouse coords: (620, 429) (7803, 6911)
2022-09-20 14:37:27.621 *** Mouse movement (LeftButton) ***  Mouse coords: (620, 429) (7803, 6911)
2022-09-20 14:37:27.659 *** Mouse movement (LeftButton) ***  Mouse coords: (620, 430) (7803, 6925)
2022-09-20 14:37:27.687 *** Mouse movement (LeftButton) ***  Mouse coords: (621, 430) (7817, 6911)
2022-09-20 14:37:27.712 *** Mouse movement (LeftButton) ***  Mouse coords: (623, 431) (7831, 6925)
2022-09-20 14:37:27.753 *** Mouse movement (LeftButton) ***  Mouse coords: (623, 431) (7803, 6911)
2022-09-20 14:37:29.663 *** Keyboard input *** key pressed: key: 90; text: "z"
2022-09-20 14:37:29.668 *** Process image overlay spent 0.00 seconds.
2022-09-20 14:37:29.707 *** Get cell color spent 0.04 seconds.
2022-09-20 14:37:41.087 *** Mouse movement (LeftButton) ***  Mouse coords: (605, 267) (7555, 4650)
2022-09-20 14:37:42.323 *** Keyboard input *** key pressed: key: 90; text: "z"
2022-09-20 14:37:42.668 *** Keyboard input *** key pressed: key: 90; text: "z"
2022-09-20 14:54:03.393 *** Mouse movement (LeftButton) ***  Mouse coords: (430, 354) (3294, 6532)
2022-09-20 14:54:05.682 *** Process image overlay spent 0.00 seconds.
2022-09-20 14:54:05.703 *** Get cell color spent 0.02 seconds.
2022-09-20 14:54:06.088 *** Process image overlay spent 0.00 seconds.
2022-09-20 14:54:06.093 *** Get cell color spent 0.01 seconds.
2022-09-20 14:54:07.876 *** Process image overlay spent 0.00 seconds.
2022-09-20 14:54:07.879 *** Get cell color spent 0.00 seconds.
2022-09-20 14:54:08.609 *** Process image overlay spent 0.00 seconds.
2022-09-20 14:54:08.611 *** Get cell color spent 0.00 seconds.
2022-09-20 14:54:29.996 *** Process image overlay spent 0.00 seconds.
2022-09-20 14:54:29.997 *** Get cell color spent 0.00 seconds.
2022-09-20 14:54:35.863 *** Keyboard input *** key pressed: key: 90; text: "z"
2022-09-20 14:54:36.755 *** Interactive label *** (double click) click on screen. screen: (1136, 323); slide: (6723, 7882). case_id: 20220722_Eric_Yang, slide_id: A_Train_07.svs, Nuclei index selected: 27954
2022-09-20 14:54:36.864 *** Interactive label *** Apply to case start.
2022-09-20 14:54:39.144 *** Interactive label *** Apply to case done.
2022-09-20 14:54:39.208 *** Interactive label *** Apply to case finish overlay create.
2022-09-20 14:54:39.236 *** Mouse movement (LeftButton) ***  Mouse coords: (1073, 357) (6654, 7919)
2022-09-20 14:54:39.274 *** Mouse movement (LeftButton) ***  Mouse coords: (999, 368) (6573, 7931)
2022-09-20 14:54:39.802 *** Keyboard input *** key pressed: key: 90; text: "z"
2022-09-20 14:54:39.803 *** Process image overlay spent 0.00 seconds.
2022-09-20 14:54:39.805 *** Get cell color spent 0.00 seconds.
2022-09-20 14:54:40.044 *** Keyboard input *** key pressed: key: 90; text: "z"
2022-09-20 14:54:40.392 *** Keyboard input *** key pressed: key: 90; text: "z"
2022-09-20 14:54:40.395 *** Process image overlay spent 0.00 seconds.
2022-09-20 14:54:40.399 *** Get cell color spent 0.00 seconds.
2022-09-20 14:54:41.777 *** Keyboard input *** key pressed: key: 90; text: "z"
2022-09-20 14:54:42.443 *** Keyboard input *** key pressed: key: 90; text: "z"
2022-09-20 14:54:42.446 *** Process image overlay spent 0.00 seconds.
2022-09-20 14:54:42.450 *** Get cell color spent 0.00 seconds.
2022-09-20 14:54:43.059 *** Keyboard input *** key pressed: key: 90; text: "z"
2022-09-20 15:08:34.851 *** Program closed.
2022-09-20 15:08:34.906 *** EOF in transport thread
2022-09-20 15:08:34.915 *** EOF in transport thread
