2022-08-12 17:08:26.965 *** Start program *** Start program
2022-08-12 17:08:31.276 *** starting thread (client mode): 0x8c0c3430
2022-08-12 17:08:31.277 *** Local version/idstring: SSH-2.0-paramiko_2.11.0
2022-08-12 17:08:31.299 *** Remote version/idstring: SSH-2.0-OpenSSH_5.3
2022-08-12 17:08:31.300 *** Connected (version 2.0, client OpenSSH_5.3)
2022-08-12 17:08:31.317 *** === Key exchange possibilities ===
2022-08-12 17:08:31.318 *** kex algos: diffie-hellman-group-exchange-sha256, diffie-hellman-group-exchange-sha1, diffie-hellman-group14-sha1, diffie-hellman-group1-sha1
2022-08-12 17:08:31.318 *** server key: ssh-rsa, ssh-rsa-cert-v01@openssh.com, ssh-dss
2022-08-12 17:08:31.318 *** client encrypt: aes128-ctr, aes192-ctr, aes256-ctr, arcfour256, arcfour128, aes128-cbc, 3des-cbc, blowfish-cbc, cast128-cbc, aes192-cbc, aes256-cbc, arcfour, rijndael-cbc@lysator.liu.se
2022-08-12 17:08:31.318 *** server encrypt: aes128-ctr, aes192-ctr, aes256-ctr, arcfour256, arcfour128, aes128-cbc, 3des-cbc, blowfish-cbc, cast128-cbc, aes192-cbc, aes256-cbc, arcfour, rijndael-cbc@lysator.liu.se
2022-08-12 17:08:31.318 *** client mac: hmac-md5, hmac-sha1, umac-64@openssh.com, hmac-sha2-256, hmac-sha2-512, hmac-ripemd160, hmac-ripemd160@openssh.com, hmac-sha1-96, hmac-md5-96
2022-08-12 17:08:31.318 *** server mac: hmac-md5, hmac-sha1, umac-64@openssh.com, hmac-sha2-256, hmac-sha2-512, hmac-ripemd160, hmac-ripemd160@openssh.com, hmac-sha1-96, hmac-md5-96
2022-08-12 17:08:31.318 *** client compress: none, zlib@openssh.com
2022-08-12 17:08:31.318 *** server compress: none, zlib@openssh.com
2022-08-12 17:08:31.319 *** client lang: <none>
2022-08-12 17:08:31.319 *** server lang: <none>
2022-08-12 17:08:31.319 *** kex follows: False
2022-08-12 17:08:31.319 *** === Key exchange agreements ===
2022-08-12 17:08:31.319 *** Kex: diffie-hellman-group-exchange-sha256
2022-08-12 17:08:31.319 *** HostKey: ssh-rsa
2022-08-12 17:08:31.320 *** Cipher: aes128-ctr
2022-08-12 17:08:31.320 *** MAC: hmac-sha2-256
2022-08-12 17:08:31.320 *** Compression: none
2022-08-12 17:08:31.320 *** === End of kex handshake ===
2022-08-12 17:08:31.378 *** Got server p (2048 bits)
2022-08-12 17:08:31.441 *** kex engine KexGexSHA256 specified hash_algo <built-in function openssl_sha256>
2022-08-12 17:08:31.441 *** Switch to new keys ...
2022-08-12 17:08:31.441 *** Adding ssh-rsa host key for 173.201.181.247: b'cca345f774a2d98448d0bcc78f04075d'
2022-08-12 17:08:31.515 *** userauth is OK
2022-08-12 17:08:31.539 *** Authentication (password) successful!
2022-08-12 17:08:31.539 *** [chan 0] Max packet in: 32768 bytes
2022-08-12 17:08:31.557 *** [chan 0] Max packet out: 32768 bytes
2022-08-12 17:08:31.557 *** Secsh channel 0 opened.
2022-08-12 17:08:31.576 *** [chan 0] Sesch channel 0 request ok
2022-08-12 17:08:31.594 *** [chan 0] Opened sftp connection (server version 3)
2022-08-12 17:08:31.596 *** [chan 0] stat(b'/home/b6o162rzivzp/NucFinder_DB/05313943FB3B68B7/interactive_nuclei_dict.pickle')
2022-08-12 17:08:31.614 *** [chan 0] open(b'/home/b6o162rzivzp/NucFinder_DB/05313943FB3B68B7/interactive_nuclei_dict.pickle', 'rb')
2022-08-12 17:08:31.632 *** [chan 0] open(b'/home/b6o162rzivzp/NucFinder_DB/05313943FB3B68B7/interactive_nuclei_dict.pickle', 'rb') -> 00000000
2022-08-12 17:08:32.899 *** [chan 0] close(00000000)
2022-08-12 17:08:50.753 *** Open case *** /media/zhihuang/Drive14/Google_Colon_lnm_pos_2015_slides/slides/S1654
2022-08-12 17:08:53.172 *** Open processed data
2022-08-12 17:08:53.172 *** Preload all statistics at once.
2022-08-12 17:08:53.394 *** Nuclei stat data loaded, took 0.22 seconds. Total number of nuclei: 259792
2022-08-12 17:08:53.900 *** Interactive label *** Apply to case start.
2022-08-12 17:08:55.717 *** Interactive label *** Apply to case done.
2022-08-12 17:08:56.189 *** Interactive label *** Apply to case finish overlay create.
2022-08-12 17:08:56.190 *** Process image overlay spent 0.00 seconds.
2022-08-12 17:08:56.191 *** Get cell color spent 0.00 seconds.
2022-08-12 17:08:58.798 *** Process image overlay spent 0.00 seconds.
2022-08-12 17:08:58.814 *** Get cell color spent 0.02 seconds.
2022-08-12 17:08:59.073 *** Process image overlay spent 0.00 seconds.
2022-08-12 17:08:59.081 *** Get cell color spent 0.01 seconds.
2022-08-12 17:08:59.777 *** Process image overlay spent 0.00 seconds.
2022-08-12 17:08:59.791 *** Get cell color spent 0.01 seconds.
2022-08-12 17:09:08.715 *** Interactive label *** Apply to case done.
2022-08-12 17:09:09.766 *** Mouse movement (LeftButton) ***  Mouse coords: (985, 502) (113401, 27199)
2022-08-12 17:09:09.775 *** Mouse movement (LeftButton) ***  Mouse coords: (983, 502) (113430, 27209)
2022-08-12 17:09:09.792 *** Mouse movement (LeftButton) ***  Mouse coords: (976, 502) (113382, 27209)
2022-08-12 17:09:09.809 *** Mouse movement (LeftButton) ***  Mouse coords: (971, 502) (113401, 27209)
2022-08-12 17:09:09.825 *** Mouse movement (LeftButton) ***  Mouse coords: (967, 502) (113411, 27209)
2022-08-12 17:09:09.842 *** Mouse movement (LeftButton) ***  Mouse coords: (957, 502) (113353, 27209)
2022-08-12 17:09:09.859 *** Mouse movement (LeftButton) ***  Mouse coords: (952, 503) (113401, 27219)
2022-08-12 17:09:09.875 *** Mouse movement (LeftButton) ***  Mouse coords: (946, 504) (113392, 27219)
2022-08-12 17:09:09.892 *** Mouse movement (LeftButton) ***  Mouse coords: (939, 504) (113381, 27209)
2022-08-12 17:09:09.909 *** Mouse movement (LeftButton) ***  Mouse coords: (928, 506) (113343, 27228)
2022-08-12 17:09:09.926 *** Mouse movement (LeftButton) ***  Mouse coords: (918, 507) (113353, 27219)
2022-08-12 17:09:09.942 *** Mouse movement (LeftButton) ***  Mouse coords: (900, 510) (113274, 27238)
2022-08-12 17:09:09.959 *** Mouse movement (LeftButton) ***  Mouse coords: (888, 511) (113333, 27219)
2022-08-12 17:09:09.975 *** Mouse movement (LeftButton) ***  Mouse coords: (880, 512) (113372, 27219)
2022-08-12 17:09:09.992 *** Mouse movement (LeftButton) ***  Mouse coords: (869, 514) (113343, 27228)
2022-08-12 17:09:10.009 *** Mouse movement (LeftButton) ***  Mouse coords: (864, 515) (113401, 27219)
2022-08-12 17:09:10.032 *** Mouse movement (LeftButton) ***  Mouse coords: (859, 516) (113402, 27219)
2022-08-12 17:09:10.045 *** Mouse movement (LeftButton) ***  Mouse coords: (857, 516) (113430, 27209)
2022-08-12 17:09:10.059 *** Mouse movement (LeftButton) ***  Mouse coords: (856, 517) (113440, 27219)
2022-08-12 17:09:10.220 *** Process image overlay spent 0.00 seconds.
2022-08-12 17:09:10.238 *** Get cell color spent 0.02 seconds.
2022-08-12 17:09:11.394 *** Mouse movement (LeftButton) ***  Mouse coords: (903, 482) (113909, 26867)
2022-08-12 17:09:11.408 *** Mouse movement (LeftButton) ***  Mouse coords: (898, 483) (113869, 26877)
2022-08-12 17:09:11.425 *** Mouse movement (LeftButton) ***  Mouse coords: (893, 485) (113869, 26887)
2022-08-12 17:09:11.442 *** Mouse movement (LeftButton) ***  Mouse coords: (886, 489) (113850, 26906)
2022-08-12 17:09:11.459 *** Mouse movement (LeftButton) ***  Mouse coords: (874, 494) (113801, 26915)
2022-08-12 17:09:11.475 *** Mouse movement (LeftButton) ***  Mouse coords: (865, 500) (113830, 26926)
2022-08-12 17:09:11.492 *** Mouse movement (LeftButton) ***  Mouse coords: (856, 505) (113830, 26916)
2022-08-12 17:09:11.509 *** Mouse movement (LeftButton) ***  Mouse coords: (851, 507) (113870, 26886)
2022-08-12 17:09:11.525 *** Mouse movement (LeftButton) ***  Mouse coords: (848, 509) (113888, 26887)
2022-08-12 17:09:11.709 *** Process image overlay spent 0.00 seconds.
2022-08-12 17:09:11.728 *** Get cell color spent 0.02 seconds.
2022-08-12 17:09:13.895 *** Process image overlay spent 0.00 seconds.
2022-08-12 17:09:13.905 *** Get cell color spent 0.01 seconds.
2022-08-12 17:09:14.071 *** Process image overlay spent 0.00 seconds.
2022-08-12 17:09:14.077 *** Get cell color spent 0.01 seconds.
2022-08-12 17:09:14.367 *** Process image overlay spent 0.00 seconds.
2022-08-12 17:09:14.369 *** Get cell color spent 0.00 seconds.
2022-08-12 17:09:15.099 *** Mouse movement (LeftButton) ***  Mouse coords: (575, 204) (110904, 23719)
2022-08-12 17:09:15.107 *** Mouse movement (LeftButton) ***  Mouse coords: (576, 205) (110906, 23721)
2022-08-12 17:09:15.125 *** Mouse movement (LeftButton) ***  Mouse coords: (577, 207) (110908, 23724)
2022-08-12 17:09:15.142 *** Mouse movement (LeftButton) ***  Mouse coords: (580, 212) (110913, 23734)
2022-08-12 17:09:15.159 *** Mouse movement (LeftButton) ***  Mouse coords: (590, 225) (110931, 23757)
2022-08-12 17:09:15.176 *** Mouse movement (LeftButton) ***  Mouse coords: (598, 237) (110946, 23779)
2022-08-12 17:09:15.192 *** Mouse movement (LeftButton) ***  Mouse coords: (615, 257) (110977, 23815)
2022-08-12 17:09:15.209 *** Mouse movement (LeftButton) ***  Mouse coords: (627, 273) (110999, 23845)
2022-08-12 17:09:15.225 *** Mouse movement (LeftButton) ***  Mouse coords: (635, 284) (111013, 23865)
2022-08-12 17:09:15.242 *** Mouse movement (LeftButton) ***  Mouse coords: (642, 293) (111026, 23881)
2022-08-12 17:09:15.259 *** Mouse movement (LeftButton) ***  Mouse coords: (644, 295) (111029, 23885)
2022-08-12 17:09:15.275 *** Mouse movement (LeftButton) ***  Mouse coords: (644, 297) (111029, 23888)
2022-08-12 17:09:15.293 *** Mouse movement (LeftButton) ***  Mouse coords: (645, 298) (111031, 23890)
2022-08-12 17:09:15.459 *** Mouse movement (LeftButton) ***  Mouse coords: (645, 299) (111031, 23892)
2022-08-12 17:09:15.475 *** Mouse movement (LeftButton) ***  Mouse coords: (647, 306) (111035, 23905)
2022-08-12 17:09:15.492 *** Mouse movement (LeftButton) ***  Mouse coords: (649, 309) (111039, 23910)
2022-08-12 17:09:15.509 *** Mouse movement (LeftButton) ***  Mouse coords: (649, 312) (111039, 23915)
2022-08-12 17:09:15.525 *** Mouse movement (LeftButton) ***  Mouse coords: (650, 312) (111040, 23915)
2022-08-12 17:09:26.459 *** Program closed.
2022-08-12 17:09:26.532 *** EOF in transport thread
