2022-09-09 02:03:25.705 *** Start program *** Start program
2022-09-09 02:08:08.404 *** starting thread (client mode): 0x5d07a880
2022-09-09 02:08:08.405 *** Local version/idstring: SSH-2.0-paramiko_2.11.0
2022-09-09 02:08:08.431 *** Remote version/idstring: SSH-2.0-OpenSSH_5.3
2022-09-09 02:08:08.432 *** Connected (version 2.0, client OpenSSH_5.3)
2022-09-09 02:08:08.449 *** === Key exchange possibilities ===
2022-09-09 02:08:08.449 *** kex algos: diffie-hellman-group-exchange-sha256, diffie-hellman-group-exchange-sha1, diffie-hellman-group14-sha1, diffie-hellman-group1-sha1
2022-09-09 02:08:08.449 *** server key: ssh-rsa, ssh-rsa-cert-v01@openssh.com, ssh-dss
2022-09-09 02:08:08.449 *** client encrypt: aes128-ctr, aes192-ctr, aes256-ctr, arcfour256, arcfour128, aes128-cbc, 3des-cbc, blowfish-cbc, cast128-cbc, aes192-cbc, aes256-cbc, arcfour, rijndael-cbc@lysator.liu.se
2022-09-09 02:08:08.449 *** server encrypt: aes128-ctr, aes192-ctr, aes256-ctr, arcfour256, arcfour128, aes128-cbc, 3des-cbc, blowfish-cbc, cast128-cbc, aes192-cbc, aes256-cbc, arcfour, rijndael-cbc@lysator.liu.se
2022-09-09 02:08:08.450 *** client mac: hmac-md5, hmac-sha1, umac-64@openssh.com, hmac-sha2-256, hmac-sha2-512, hmac-ripemd160, hmac-ripemd160@openssh.com, hmac-sha1-96, hmac-md5-96
2022-09-09 02:08:08.450 *** server mac: hmac-md5, hmac-sha1, umac-64@openssh.com, hmac-sha2-256, hmac-sha2-512, hmac-ripemd160, hmac-ripemd160@openssh.com, hmac-sha1-96, hmac-md5-96
2022-09-09 02:08:08.450 *** client compress: none, zlib@openssh.com
2022-09-09 02:08:08.450 *** server compress: none, zlib@openssh.com
2022-09-09 02:08:08.450 *** client lang: <none>
2022-09-09 02:08:08.450 *** server lang: <none>
2022-09-09 02:08:08.450 *** kex follows: False
2022-09-09 02:08:08.450 *** === Key exchange agreements ===
2022-09-09 02:08:08.450 *** Kex: diffie-hellman-group-exchange-sha256
2022-09-09 02:08:08.450 *** HostKey: ssh-rsa
2022-09-09 02:08:08.450 *** Cipher: aes128-ctr
2022-09-09 02:08:08.451 *** MAC: hmac-sha2-256
2022-09-09 02:08:08.451 *** Compression: none
2022-09-09 02:08:08.451 *** === End of kex handshake ===
2022-09-09 02:08:08.510 *** Got server p (2048 bits)
2022-09-09 02:08:08.611 *** kex engine KexGexSHA256 specified hash_algo <built-in function openssl_sha256>
2022-09-09 02:08:08.611 *** Switch to new keys ...
2022-09-09 02:08:08.611 *** Adding ssh-rsa host key for 173.201.181.247: b'cca345f774a2d98448d0bcc78f04075d'
2022-09-09 02:08:08.687 *** userauth is OK
2022-09-09 02:08:08.711 *** Authentication (password) successful!
2022-09-09 02:08:08.712 *** [chan 0] Max packet in: 32768 bytes
2022-09-09 02:08:08.731 *** [chan 0] Max packet out: 32768 bytes
2022-09-09 02:08:08.731 *** Secsh channel 0 opened.
2022-09-09 02:08:08.753 *** [chan 0] Sesch channel 0 request ok
2022-09-09 02:08:08.773 *** [chan 0] Opened sftp connection (server version 3)
2022-09-09 02:08:08.774 *** [chan 0] stat(b'/home/b6o162rzivzp/NucFinder_DB/CFB1B411265361DF/interactive_nuclei_dict.pickle')
2022-09-09 02:08:08.793 *** [chan 0] stat(b'/home/b6o162rzivzp/NucFinder_DB/CFB1B411265361DF/model.pickle')
2022-09-09 02:08:08.812 *** [chan 0] open(b'/home/b6o162rzivzp/NucFinder_DB/CFB1B411265361DF/model.pickle', 'rb')
2022-09-09 02:08:08.832 *** [chan 0] open(b'/home/b6o162rzivzp/NucFinder_DB/CFB1B411265361DF/model.pickle', 'rb') -> 00000000
2022-09-09 02:08:08.980 *** [chan 0] close(00000000)
2022-09-09 02:08:13.959 *** Interactive label *** Review annotations/active learning start.
2022-09-09 02:09:16.942 *** Program closed.
2022-09-09 02:09:17.034 *** EOF in transport thread
