2022-08-11 14:38:30.735 *** Start program *** Start program
2022-08-11 14:38:42.745 *** Open case *** /media/zhihuang/Drive14/Google_Colon_lnm_pos_2015_slides/slides/S0425
2022-08-11 14:38:44.893 *** Open processed data
2022-08-11 14:38:44.893 *** Preload all statistics at once.
2022-08-11 14:38:45.694 *** Nuclei stat data loaded, took 0.80 seconds. Total number of nuclei: 954361
2022-08-11 14:38:49.756 *** Process image overlay spent 0.00 seconds.
2022-08-11 14:38:49.766 *** Get cell color spent 0.01 seconds.
2022-08-11 14:38:49.858 *** Process image overlay spent 0.00 seconds.
2022-08-11 14:38:49.862 *** Get cell color spent 0.00 seconds.
2022-08-11 14:38:49.929 *** Process image overlay spent 0.00 seconds.
2022-08-11 14:38:49.933 *** Get cell color spent 0.00 seconds.
2022-08-11 14:38:50.434 *** Process image overlay spent 0.01 seconds.
2022-08-11 14:38:50.437 *** Get cell color spent 0.00 seconds.
2022-08-11 14:38:52.407 *** Mouse movement (LeftButton) ***  Mouse coords: (586, 252) (42849, 53297)
2022-08-11 14:38:52.433 *** Mouse movement (LeftButton) ***  Mouse coords: (593, 269) (42852, 53302)
2022-08-11 14:38:52.467 *** Mouse movement (LeftButton) ***  Mouse coords: (604, 296) (42852, 53305)
2022-08-11 14:38:52.484 *** Mouse movement (LeftButton) ***  Mouse coords: (608, 303) (42851, 53298)
2022-08-11 14:38:52.501 *** Mouse movement (LeftButton) ***  Mouse coords: (611, 310) (42850, 53299)
2022-08-11 14:38:52.517 *** Mouse movement (LeftButton) ***  Mouse coords: (615, 316) (42850, 53298)
2022-08-11 14:38:52.534 *** Mouse movement (LeftButton) ***  Mouse coords: (617, 320) (42850, 53297)
2022-08-11 14:38:52.551 *** Mouse movement (LeftButton) ***  Mouse coords: (619, 324) (42850, 53297)
2022-08-11 14:38:52.574 *** Mouse movement (LeftButton) ***  Mouse coords: (620, 326) (42849, 53297)
2022-08-11 14:38:52.606 *** Process image overlay spent 0.00 seconds.
2022-08-11 14:38:52.607 *** Get cell color spent 0.00 seconds.
2022-08-11 14:38:54.419 *** Interactive label *** (double click) click on screen. screen: (463, 234); slide: (42796, 53265). case_id: S0425, slide_id: A9, Nuclei index selected: 606640
2022-08-11 14:38:55.978 *** Interactive label *** (double click) click on screen. screen: (445, 230); slide: (42789, 53264). case_id: S0425, slide_id: A9, Nuclei index selected: 606640
2022-08-11 14:38:59.038 *** Interactive label *** (double click) click on screen. screen: (511, 232); slide: (42812, 53264). case_id: S0425, slide_id: A9, Nuclei index selected: 604837
2022-08-11 14:38:59.993 *** Interactive label *** (double click) click on screen. screen: (489, 292); slide: (42804, 53285). case_id: S0425, slide_id: A9, Nuclei index selected: 606160
2022-08-11 14:39:01.133 *** Interactive label *** (double click) click on screen. screen: (633, 228); slide: (42853, 53263). case_id: S0425, slide_id: A9, Nuclei index selected: 604458
2022-08-11 14:39:02.152 *** Interactive label *** (double click) click on screen. screen: (641, 211); slide: (42856, 53257). case_id: S0425, slide_id: A9, Nuclei index selected: 604458
2022-08-11 14:39:02.938 *** Interactive label *** (double click) click on screen. screen: (626, 219); slide: (42851, 53260). case_id: S0425, slide_id: A9, Nuclei index selected: 604458
2022-08-11 14:39:03.591 *** Interactive label *** (double click) click on screen. screen: (626, 219); slide: (42851, 53260). case_id: S0425, slide_id: A9, Nuclei index selected: 604458
2022-08-11 14:39:05.293 *** Interactive label *** (double click) click on screen. screen: (456, 286); slide: (42793, 53283). case_id: S0425, slide_id: A9, Nuclei index selected: 606160
2022-08-11 14:39:05.984 *** Interactive label *** (double click) click on screen. screen: (496, 224); slide: (42807, 53261). case_id: S0425, slide_id: A9, Nuclei index selected: 604837
2022-08-11 14:39:09.531 *** Interactive label *** (double click) click on screen. screen: (772, 318); slide: (42900, 53293). case_id: S0425, slide_id: A9, Nuclei index selected: 607100
2022-08-11 14:39:10.096 *** Interactive label *** (double click) click on screen. screen: (740, 295); slide: (42890, 53286). case_id: S0425, slide_id: A9, Nuclei index selected: 607100
2022-08-11 14:39:10.659 *** Interactive label *** (double click) click on screen. screen: (823, 408); slide: (42918, 53324). case_id: S0425, slide_id: A9, Nuclei index selected: 605368
2022-08-11 14:39:11.271 *** Interactive label *** (double click) click on screen. screen: (725, 462); slide: (42884, 53342). case_id: S0425, slide_id: A9, Nuclei index selected: 605636
2022-08-11 14:39:11.924 *** Interactive label *** (double click) click on screen. screen: (706, 454); slide: (42878, 53340). case_id: S0425, slide_id: A9, Nuclei index selected: 605636
2022-08-11 14:39:13.439 *** Interactive label *** (double click) click on screen. screen: (711, 579); slide: (42880, 53382). case_id: S0425, slide_id: A9, Nuclei index selected: 608733
2022-08-11 14:39:14.923 *** Interactive label *** (double click) click on screen. screen: (805, 544); slide: (42912, 53370). case_id: S0425, slide_id: A9, Nuclei index selected: 607006
2022-08-11 14:39:15.443 *** Interactive label *** (double click) click on screen. screen: (835, 605); slide: (42922, 53391). case_id: S0425, slide_id: A9, Nuclei index selected: 605331
2022-08-11 14:39:15.837 *** Mouse movement (LeftButton) ***  Mouse coords: (754, 649) (42894, 53406)
2022-08-11 14:39:15.852 *** Mouse movement (LeftButton) ***  Mouse coords: (753, 649) (42894, 53405)
2022-08-11 14:39:16.003 *** Interactive label *** (double click) click on screen. screen: (753, 649); slide: (42894, 53405). case_id: S0425, slide_id: A9, Nuclei index selected: 604970
2022-08-11 14:39:16.707 *** Mouse movement (LeftButton) ***  Mouse coords: (755, 638) (42895, 53401)
2022-08-11 14:39:16.717 *** Mouse movement (LeftButton) ***  Mouse coords: (755, 637) (42895, 53401)
2022-08-11 14:39:16.734 *** Mouse movement (LeftButton) ***  Mouse coords: (755, 633) (42895, 53399)
2022-08-11 14:39:16.751 *** Mouse movement (LeftButton) ***  Mouse coords: (755, 629) (42895, 53400)
2022-08-11 14:39:16.768 *** Mouse movement (LeftButton) ***  Mouse coords: (755, 612) (42895, 53395)
2022-08-11 14:39:16.792 *** Mouse movement (LeftButton) ***  Mouse coords: (752, 588) (42894, 53393)
2022-08-11 14:39:16.803 *** Mouse movement (LeftButton) ***  Mouse coords: (751, 579) (42894, 53398)
2022-08-11 14:39:16.817 *** Mouse movement (LeftButton) ***  Mouse coords: (751, 570) (42895, 53398)
2022-08-11 14:39:16.834 *** Mouse movement (LeftButton) ***  Mouse coords: (751, 546) (42895, 53393)
2022-08-11 14:39:16.851 *** Mouse movement (LeftButton) ***  Mouse coords: (751, 533) (42895, 53396)
2022-08-11 14:39:16.868 *** Mouse movement (LeftButton) ***  Mouse coords: (751, 519) (42895, 53397)
2022-08-11 14:39:16.884 *** Mouse movement (LeftButton) ***  Mouse coords: (751, 507) (42895, 53397)
2022-08-11 14:39:16.901 *** Mouse movement (LeftButton) ***  Mouse coords: (751, 500) (42895, 53398)
2022-08-11 14:39:16.917 *** Mouse movement (LeftButton) ***  Mouse coords: (751, 498) (42895, 53400)
2022-08-11 14:39:16.939 *** Process image overlay spent 0.00 seconds.
2022-08-11 14:39:16.940 *** Get cell color spent 0.00 seconds.
2022-08-11 14:39:17.646 *** Interactive label *** (double click) click on screen. screen: (874, 628); slide: (42937, 53446). case_id: S0425, slide_id: A9, Nuclei index selected: 606489
2022-08-11 14:39:18.065 *** Mouse movement (LeftButton) ***  Mouse coords: (919, 575) (42952, 53428)
2022-08-11 14:39:19.063 *** Interactive label *** (double click) click on screen. screen: (910, 582); slide: (42949, 53430). case_id: S0425, slide_id: A9, Nuclei index selected: 606489
2022-08-11 14:39:19.460 *** Mouse movement (LeftButton) ***  Mouse coords: (904, 583) (42947, 53430)
2022-08-11 14:39:19.486 *** Mouse movement (LeftButton) ***  Mouse coords: (897, 583) (42946, 53430)
2022-08-11 14:39:19.518 *** Mouse movement (LeftButton) ***  Mouse coords: (878, 580) (42941, 53429)
2022-08-11 14:39:19.535 *** Mouse movement (LeftButton) ***  Mouse coords: (864, 578) (42944, 53430)
2022-08-11 14:39:19.551 *** Mouse movement (LeftButton) ***  Mouse coords: (847, 572) (42942, 53428)
2022-08-11 14:39:19.568 *** Mouse movement (LeftButton) ***  Mouse coords: (825, 567) (42940, 53428)
2022-08-11 14:39:19.584 *** Mouse movement (LeftButton) ***  Mouse coords: (816, 565) (42945, 53429)
2022-08-11 14:39:19.601 *** Mouse movement (LeftButton) ***  Mouse coords: (807, 561) (42945, 53429)
2022-08-11 14:39:19.618 *** Mouse movement (LeftButton) ***  Mouse coords: (796, 558) (42945, 53429)
2022-08-11 14:39:19.635 *** Mouse movement (LeftButton) ***  Mouse coords: (792, 557) (42946, 53430)
2022-08-11 14:39:19.657 *** Mouse movement (LeftButton) ***  Mouse coords: (785, 555) (42946, 53429)
2022-08-11 14:39:19.668 *** Mouse movement (LeftButton) ***  Mouse coords: (784, 555) (42948, 53430)
2022-08-11 14:39:19.684 *** Mouse movement (LeftButton) ***  Mouse coords: (783, 555) (42947, 53430)
2022-08-11 14:39:19.714 *** Process image overlay spent 0.01 seconds.
2022-08-11 14:39:19.717 *** Get cell color spent 0.00 seconds.
2022-08-11 14:39:20.646 *** Interactive label *** (double click) click on screen. screen: (887, 386); slide: (42983, 53372). case_id: S0425, slide_id: A9, Nuclei index selected: 606143
2022-08-11 14:39:23.999 *** Interactive label *** (double click) click on screen. screen: (895, 390); slide: (42986, 53374). case_id: S0425, slide_id: A9, Nuclei index selected: 606143
2022-08-11 14:39:25.445 *** Interactive label *** (double click) click on screen. screen: (945, 253); slide: (43003, 53327). case_id: S0425, slide_id: A9, Nuclei index selected: 606779
2022-08-11 14:39:26.375 *** Interactive label *** (double click) click on screen. screen: (960, 60); slide: (43008, 53262). case_id: S0425, slide_id: A9, Nuclei index selected: 604912
2022-08-11 14:39:28.275 *** Interactive label *** (double click) click on screen. screen: (897, 42); slide: (42987, 53256). case_id: S0425, slide_id: A9, Nuclei index selected: 604839
2022-08-11 14:39:28.677 *** Mouse movement (LeftButton) ***  Mouse coords: (782, 152) (42948, 53293)
2022-08-11 14:39:28.702 *** Mouse movement (LeftButton) ***  Mouse coords: (779, 160) (42947, 53295)
2022-08-11 14:39:28.719 *** Mouse movement (LeftButton) ***  Mouse coords: (774, 174) (42946, 53297)
2022-08-11 14:39:28.734 *** Mouse movement (LeftButton) ***  Mouse coords: (764, 198) (42945, 53300)
2022-08-11 14:39:28.751 *** Mouse movement (LeftButton) ***  Mouse coords: (755, 216) (42945, 53298)
2022-08-11 14:39:28.775 *** Mouse movement (LeftButton) ***  Mouse coords: (723, 279) (42937, 53313)
2022-08-11 14:39:28.786 *** Mouse movement (LeftButton) ***  Mouse coords: (716, 295) (42945, 53298)
2022-08-11 14:39:28.801 *** Mouse movement (LeftButton) ***  Mouse coords: (703, 317) (42944, 53299)
2022-08-11 14:39:28.818 *** Mouse movement (LeftButton) ***  Mouse coords: (688, 342) (42943, 53301)
2022-08-11 14:39:28.835 *** Mouse movement (LeftButton) ***  Mouse coords: (674, 360) (42943, 53298)
2022-08-11 14:39:28.856 *** Mouse movement (LeftButton) ***  Mouse coords: (662, 376) (42944, 53297)
2022-08-11 14:39:28.868 *** Mouse movement (LeftButton) ***  Mouse coords: (658, 382) (42947, 53294)
2022-08-11 14:39:28.884 *** Mouse movement (LeftButton) ***  Mouse coords: (656, 386) (42947, 53293)
2022-08-11 14:39:28.911 *** Process image overlay spent 0.01 seconds.
2022-08-11 14:39:28.913 *** Get cell color spent 0.00 seconds.
2022-08-11 14:39:31.228 *** Interactive label *** (double click) click on screen. screen: (819, 322); slide: (43003, 53271). case_id: S0425, slide_id: A9, Nuclei index selected: 604912
2022-08-11 14:39:33.021 *** Interactive label *** (double click) click on screen. screen: (881, 359); slide: (43024, 53283). case_id: S0425, slide_id: A9, Nuclei index selected: 606757
2022-08-11 14:39:35.714 *** Interactive label *** (double click) click on screen. screen: (865, 347); slide: (43019, 53279). case_id: S0425, slide_id: A9, Nuclei index selected: 606757
2022-08-11 14:39:48.453 *** Program closed.
