2022-08-13 05:24:12.993 *** Start program *** Start program
2022-08-13 05:24:25.964 *** Open case *** /media/zhihuang/Drive3/Google_Colon_lnm_pos_2015_slides/slides/S0425
2022-08-13 05:24:28.695 *** Open processed data
2022-08-13 05:24:28.697 *** Preload all statistics at once.
2022-08-13 05:24:29.719 *** Nuclei stat data loaded, took 1.02 seconds. Total number of nuclei: 954361
2022-08-13 05:24:38.626 *** starting thread (client mode): 0x2fd1e700
2022-08-13 05:24:38.627 *** Local version/idstring: SSH-2.0-paramiko_2.11.0
2022-08-13 05:24:38.651 *** Remote version/idstring: SSH-2.0-OpenSSH_5.3
2022-08-13 05:24:38.651 *** Connected (version 2.0, client OpenSSH_5.3)
2022-08-13 05:24:38.672 *** === Key exchange possibilities ===
2022-08-13 05:24:38.673 *** kex algos: diffie-hellman-group-exchange-sha256, diffie-hellman-group-exchange-sha1, diffie-hellman-group14-sha1, diffie-hellman-group1-sha1
2022-08-13 05:24:38.673 *** server key: ssh-rsa, ssh-rsa-cert-v01@openssh.com, ssh-dss
2022-08-13 05:24:38.673 *** client encrypt: aes128-ctr, aes192-ctr, aes256-ctr, arcfour256, arcfour128, aes128-cbc, 3des-cbc, blowfish-cbc, cast128-cbc, aes192-cbc, aes256-cbc, arcfour, rijndael-cbc@lysator.liu.se
2022-08-13 05:24:38.673 *** server encrypt: aes128-ctr, aes192-ctr, aes256-ctr, arcfour256, arcfour128, aes128-cbc, 3des-cbc, blowfish-cbc, cast128-cbc, aes192-cbc, aes256-cbc, arcfour, rijndael-cbc@lysator.liu.se
2022-08-13 05:24:38.674 *** client mac: hmac-md5, hmac-sha1, umac-64@openssh.com, hmac-sha2-256, hmac-sha2-512, hmac-ripemd160, hmac-ripemd160@openssh.com, hmac-sha1-96, hmac-md5-96
2022-08-13 05:24:38.674 *** server mac: hmac-md5, hmac-sha1, umac-64@openssh.com, hmac-sha2-256, hmac-sha2-512, hmac-ripemd160, hmac-ripemd160@openssh.com, hmac-sha1-96, hmac-md5-96
2022-08-13 05:24:38.674 *** client compress: none, zlib@openssh.com
2022-08-13 05:24:38.674 *** server compress: none, zlib@openssh.com
2022-08-13 05:24:38.675 *** client lang: <none>
2022-08-13 05:24:38.675 *** server lang: <none>
2022-08-13 05:24:38.675 *** kex follows: False
2022-08-13 05:24:38.675 *** === Key exchange agreements ===
2022-08-13 05:24:38.676 *** Kex: diffie-hellman-group-exchange-sha256
2022-08-13 05:24:38.676 *** HostKey: ssh-rsa
2022-08-13 05:24:38.677 *** Cipher: aes128-ctr
2022-08-13 05:24:38.677 *** MAC: hmac-sha2-256
2022-08-13 05:24:38.678 *** Compression: none
2022-08-13 05:24:38.678 *** === End of kex handshake ===
2022-08-13 05:24:38.736 *** Got server p (2048 bits)
2022-08-13 05:24:38.839 *** kex engine KexGexSHA256 specified hash_algo <built-in function openssl_sha256>
2022-08-13 05:24:38.840 *** Switch to new keys ...
2022-08-13 05:24:38.841 *** Adding ssh-rsa host key for 173.201.181.247: b'cca345f774a2d98448d0bcc78f04075d'
2022-08-13 05:24:38.921 *** userauth is OK
2022-08-13 05:24:38.946 *** Authentication (password) successful!
2022-08-13 05:24:38.949 *** [chan 0] Max packet in: 32768 bytes
2022-08-13 05:24:38.971 *** [chan 0] Max packet out: 32768 bytes
2022-08-13 05:24:38.972 *** Secsh channel 0 opened.
2022-08-13 05:24:38.995 *** [chan 0] Sesch channel 0 request ok
2022-08-13 05:24:39.017 *** [chan 0] Opened sftp connection (server version 3)
2022-08-13 05:24:39.019 *** [chan 0] stat(b'/home/b6o162rzivzp/NucFinder_DB/05313943FB3B68B7/interactive_nuclei_dict.pickle')
2022-08-13 05:24:39.040 *** [chan 0] open(b'/home/b6o162rzivzp/NucFinder_DB/05313943FB3B68B7/interactive_nuclei_dict.pickle', 'rb')
2022-08-13 05:24:39.062 *** [chan 0] open(b'/home/b6o162rzivzp/NucFinder_DB/05313943FB3B68B7/interactive_nuclei_dict.pickle', 'rb') -> 00000000
2022-08-13 05:24:41.660 *** [chan 0] close(00000000)
2022-08-13 05:24:41.956 *** Interactive label *** Apply to case start.
2022-08-13 05:24:48.688 *** Interactive label *** Apply to case done.
2022-08-13 05:24:50.105 *** Interactive label *** Apply to case finish overlay create.
2022-08-13 05:24:50.226 *** CACHEDIR=/home/zhihuang/.cache/matplotlib
2022-08-13 05:24:50.228 *** Using fontManager instance from /home/zhihuang/.cache/matplotlib/fontlist-v330.json
2022-08-13 05:24:50.599 *** Loaded backend qtagg version unknown.
2022-08-13 05:25:10.014 *** Process image overlay spent 0.01 seconds.
2022-08-13 05:25:10.164 *** Get cell color spent 0.15 seconds.
2022-08-13 05:25:25.098 *** Mouse movement (LeftButton) ***  Mouse coords: (566, 530) (25967, 25814)
2022-08-13 05:25:49.946 *** Mouse movement (LeftButton) ***  Mouse coords: (1539, 1215) (54500, 45931)
2022-08-13 05:25:50.007 *** Mouse movement (LeftButton) ***  Mouse coords: (1696, 1149) (58313, 44493)
2022-08-13 05:25:50.080 *** Mouse movement (LeftButton) ***  Mouse coords: (1765, 1115) (55733, 45432)
2022-08-13 05:26:09.646 *** Mouse movement (LeftButton) ***  Mouse coords: (1053, 1023) (32829, 43731)
2022-08-13 05:26:09.708 *** Mouse movement (LeftButton) ***  Mouse coords: (1119, 1074) (34736, 45227)
2022-08-13 05:26:09.779 *** Mouse movement (LeftButton) ***  Mouse coords: (1224, 1142) (35879, 45725)
2022-08-13 05:26:09.822 *** Mouse movement (LeftButton) ***  Mouse coords: (1227, 1143) (32888, 43760)
2022-08-13 05:26:09.909 *** Mouse movement (LeftButton) ***  Mouse coords: (1227, 1144) (32800, 43761)
2022-08-13 05:26:41.609 *** Mouse movement (LeftButton) ***  Mouse coords: (2027, 1106) (56260, 42616)
2022-08-13 05:26:41.659 *** Mouse movement (LeftButton) ***  Mouse coords: (2027, 1105) (56260, 42646)
2022-08-13 05:26:41.733 *** Mouse movement (LeftButton) ***  Mouse coords: (2031, 1086) (56377, 42118)
2022-08-13 05:26:41.777 *** Mouse movement (LeftButton) ***  Mouse coords: (2033, 1078) (56319, 42440)
