2022-09-09 16:33:44.325 *** Start program *** Start program
2022-09-09 16:33:50.476 *** starting thread (client mode): 0x4c8e0fd0
2022-09-09 16:33:50.477 *** Local version/idstring: SSH-2.0-paramiko_2.11.0
2022-09-09 16:33:50.500 *** Remote version/idstring: SSH-2.0-OpenSSH_5.3
2022-09-09 16:33:50.500 *** Connected (version 2.0, client OpenSSH_5.3)
2022-09-09 16:33:50.519 *** === Key exchange possibilities ===
2022-09-09 16:33:50.519 *** kex algos: diffie-hellman-group-exchange-sha256, diffie-hellman-group-exchange-sha1, diffie-hellman-group14-sha1, diffie-hellman-group1-sha1
2022-09-09 16:33:50.519 *** server key: ssh-rsa, ssh-rsa-cert-v01@openssh.com, ssh-dss
2022-09-09 16:33:50.520 *** client encrypt: aes128-ctr, aes192-ctr, aes256-ctr, arcfour256, arcfour128, aes128-cbc, 3des-cbc, blowfish-cbc, cast128-cbc, aes192-cbc, aes256-cbc, arcfour, rijndael-cbc@lysator.liu.se
2022-09-09 16:33:50.520 *** server encrypt: aes128-ctr, aes192-ctr, aes256-ctr, arcfour256, arcfour128, aes128-cbc, 3des-cbc, blowfish-cbc, cast128-cbc, aes192-cbc, aes256-cbc, arcfour, rijndael-cbc@lysator.liu.se
2022-09-09 16:33:50.520 *** client mac: hmac-md5, hmac-sha1, umac-64@openssh.com, hmac-sha2-256, hmac-sha2-512, hmac-ripemd160, hmac-ripemd160@openssh.com, hmac-sha1-96, hmac-md5-96
2022-09-09 16:33:50.520 *** server mac: hmac-md5, hmac-sha1, umac-64@openssh.com, hmac-sha2-256, hmac-sha2-512, hmac-ripemd160, hmac-ripemd160@openssh.com, hmac-sha1-96, hmac-md5-96
2022-09-09 16:33:50.521 *** client compress: none, zlib@openssh.com
2022-09-09 16:33:50.521 *** server compress: none, zlib@openssh.com
2022-09-09 16:33:50.521 *** client lang: <none>
2022-09-09 16:33:50.522 *** server lang: <none>
2022-09-09 16:33:50.522 *** kex follows: False
2022-09-09 16:33:50.522 *** === Key exchange agreements ===
2022-09-09 16:33:50.522 *** Kex: diffie-hellman-group-exchange-sha256
2022-09-09 16:33:50.523 *** HostKey: ssh-rsa
2022-09-09 16:33:50.523 *** Cipher: aes128-ctr
2022-09-09 16:33:50.524 *** MAC: hmac-sha2-256
2022-09-09 16:33:50.524 *** Compression: none
2022-09-09 16:33:50.524 *** === End of kex handshake ===
2022-09-09 16:33:50.583 *** Got server p (2048 bits)
2022-09-09 16:33:50.675 *** kex engine KexGexSHA256 specified hash_algo <built-in function openssl_sha256>
2022-09-09 16:33:50.676 *** Switch to new keys ...
2022-09-09 16:33:50.676 *** Adding ssh-rsa host key for 173.201.181.247: b'cca345f774a2d98448d0bcc78f04075d'
2022-09-09 16:33:50.752 *** userauth is OK
2022-09-09 16:33:50.775 *** Authentication (password) successful!
2022-09-09 16:33:50.778 *** [chan 0] Max packet in: 32768 bytes
2022-09-09 16:33:50.797 *** [chan 0] Max packet out: 32768 bytes
2022-09-09 16:33:50.797 *** Secsh channel 0 opened.
2022-09-09 16:33:50.819 *** [chan 0] Sesch channel 0 request ok
2022-09-09 16:33:50.840 *** [chan 0] Opened sftp connection (server version 3)
2022-09-09 16:33:50.841 *** [chan 0] stat(b'/home/b6o162rzivzp/NucFinder_DB/CFB1B411265361DF/interactive_nuclei_dict.pickle')
2022-09-09 16:33:50.862 *** [chan 0] stat(b'/home/b6o162rzivzp/NucFinder_DB/CFB1B411265361DF/model.pickle')
2022-09-09 16:33:50.883 *** [chan 0] open(b'/home/b6o162rzivzp/NucFinder_DB/CFB1B411265361DF/model.pickle', 'rb')
2022-09-09 16:33:50.902 *** [chan 0] open(b'/home/b6o162rzivzp/NucFinder_DB/CFB1B411265361DF/model.pickle', 'rb') -> 00000000
2022-09-09 16:33:51.049 *** [chan 0] close(00000000)
2022-09-09 16:33:53.967 *** Interactive label *** Review annotations/active learning start.
2022-09-09 16:33:54.910 *** CACHEDIR=/home/zhihuang/.cache/matplotlib
2022-09-09 16:33:54.912 *** Using fontManager instance from /home/zhihuang/.cache/matplotlib/fontlist-v330.json
2022-09-09 16:33:55.171 *** Loaded backend qtagg version unknown.
