2022-09-08 01:34:43.321 *** Start program *** Start program
2022-09-08 01:35:02.932 *** starting thread (client mode): 0x8c076880
2022-09-08 01:35:02.932 *** Local version/idstring: SSH-2.0-paramiko_2.11.0
2022-09-08 01:35:02.959 *** Remote version/idstring: SSH-2.0-OpenSSH_5.3
2022-09-08 01:35:02.959 *** Connected (version 2.0, client OpenSSH_5.3)
2022-09-08 01:35:02.978 *** === Key exchange possibilities ===
2022-09-08 01:35:02.978 *** kex algos: diffie-hellman-group-exchange-sha256, diffie-hellman-group-exchange-sha1, diffie-hellman-group14-sha1, diffie-hellman-group1-sha1
2022-09-08 01:35:02.978 *** server key: ssh-rsa, ssh-rsa-cert-v01@openssh.com, ssh-dss
2022-09-08 01:35:02.978 *** client encrypt: aes128-ctr, aes192-ctr, aes256-ctr, arcfour256, arcfour128, aes128-cbc, 3des-cbc, blowfish-cbc, cast128-cbc, aes192-cbc, aes256-cbc, arcfour, rijndael-cbc@lysator.liu.se
2022-09-08 01:35:02.978 *** server encrypt: aes128-ctr, aes192-ctr, aes256-ctr, arcfour256, arcfour128, aes128-cbc, 3des-cbc, blowfish-cbc, cast128-cbc, aes192-cbc, aes256-cbc, arcfour, rijndael-cbc@lysator.liu.se
2022-09-08 01:35:02.978 *** client mac: hmac-md5, hmac-sha1, umac-64@openssh.com, hmac-sha2-256, hmac-sha2-512, hmac-ripemd160, hmac-ripemd160@openssh.com, hmac-sha1-96, hmac-md5-96
2022-09-08 01:35:02.978 *** server mac: hmac-md5, hmac-sha1, umac-64@openssh.com, hmac-sha2-256, hmac-sha2-512, hmac-ripemd160, hmac-ripemd160@openssh.com, hmac-sha1-96, hmac-md5-96
2022-09-08 01:35:02.978 *** client compress: none, zlib@openssh.com
2022-09-08 01:35:02.979 *** server compress: none, zlib@openssh.com
2022-09-08 01:35:02.979 *** client lang: <none>
2022-09-08 01:35:02.979 *** server lang: <none>
2022-09-08 01:35:02.979 *** kex follows: False
2022-09-08 01:35:02.979 *** === Key exchange agreements ===
2022-09-08 01:35:02.979 *** Kex: diffie-hellman-group-exchange-sha256
2022-09-08 01:35:02.979 *** HostKey: ssh-rsa
2022-09-08 01:35:02.979 *** Cipher: aes128-ctr
2022-09-08 01:35:02.979 *** MAC: hmac-sha2-256
2022-09-08 01:35:02.979 *** Compression: none
2022-09-08 01:35:02.979 *** === End of kex handshake ===
2022-09-08 01:35:03.039 *** Got server p (2048 bits)
2022-09-08 01:35:03.130 *** kex engine KexGexSHA256 specified hash_algo <built-in function openssl_sha256>
2022-09-08 01:35:03.131 *** Switch to new keys ...
2022-09-08 01:35:03.131 *** Adding ssh-rsa host key for 173.201.181.247: b'cca345f774a2d98448d0bcc78f04075d'
2022-09-08 01:35:03.210 *** userauth is OK
2022-09-08 01:35:03.235 *** Authentication (password) successful!
2022-09-08 01:35:03.236 *** [chan 0] Max packet in: 32768 bytes
2022-09-08 01:35:03.257 *** [chan 0] Max packet out: 32768 bytes
2022-09-08 01:35:03.258 *** Secsh channel 0 opened.
2022-09-08 01:35:03.279 *** [chan 0] Sesch channel 0 request ok
2022-09-08 01:35:03.300 *** [chan 0] Opened sftp connection (server version 3)
2022-09-08 01:35:03.301 *** [chan 0] stat(b'/home/b6o162rzivzp/NucFinder_DB/CFB1B411265361DF/interactive_nuclei_dict.pickle')
2022-09-08 01:35:03.321 *** [chan 0] stat(b'/home/b6o162rzivzp/NucFinder_DB/CFB1B411265361DF/model.pickle')
2022-09-08 01:35:03.342 *** [chan 0] open(b'/home/b6o162rzivzp/NucFinder_DB/CFB1B411265361DF/model.pickle', 'rb')
2022-09-08 01:35:03.363 *** [chan 0] open(b'/home/b6o162rzivzp/NucFinder_DB/CFB1B411265361DF/model.pickle', 'rb') -> 00000000
2022-09-08 01:35:03.505 *** [chan 0] close(00000000)
2022-09-08 01:35:08.826 *** Interactive label *** Review annotations/active learning start.
2022-09-08 01:36:13.420 *** Program closed.
2022-09-08 01:36:13.436 *** EOF in transport thread
