2022-08-09 11:14:45.821 *** Start program *** Start program
2022-08-09 11:14:59.287 *** Open processed data
2022-08-09 11:14:59.288 *** Preload all statistics at once.
2022-08-09 11:15:00.428 *** Nuclei stat data loaded, took 1.14 seconds. Total number of nuclei: 1470268
2022-08-09 11:15:04.210 *** Mouse movement ***  Mouse coords: (289, 468) (29604, 57647)
2022-08-09 11:15:05.605 *** Mouse movement ***  Mouse coords: (224, 471) (29764, 59368)
2022-08-09 11:15:05.634 *** Mouse movement ***  Mouse coords: (233, 468) (30181, 59211)
2022-08-09 11:15:05.666 *** Mouse movement ***  Mouse coords: (297, 456) (33055, 58741)
2022-08-09 11:15:05.682 *** Mouse movement ***  Mouse coords: (325, 453) (31173, 59211)
2022-08-09 11:15:05.699 *** Mouse movement ***  Mouse coords: (354, 449) (31227, 59159)
2022-08-09 11:15:05.716 *** Mouse movement ***  Mouse coords: (393, 446) (31748, 59212)
2022-08-09 11:15:05.733 *** Mouse movement ***  Mouse coords: (427, 443) (31487, 59211)
2022-08-09 11:15:05.749 *** Mouse movement ***  Mouse coords: (455, 442) (31174, 59316)
2022-08-09 11:15:05.766 *** Mouse movement ***  Mouse coords: (469, 440) (30443, 59263)
2022-08-09 11:15:05.783 *** Mouse movement ***  Mouse coords: (474, 440) (29972, 59368)
2022-08-09 11:15:06.284 *** Process image overlay spent 0.01 seconds.
2022-08-09 11:15:06.372 *** Get cell color spent 0.09 seconds.
2022-08-09 11:15:07.394 *** Process image overlay spent 0.01 seconds.
2022-08-09 11:15:07.481 *** Get cell color spent 0.09 seconds.
2022-08-09 11:15:09.220 *** Mouse movement ***  Mouse coords: (568, 407) (30628, 57560)
2022-08-09 11:15:09.249 *** Mouse movement ***  Mouse coords: (564, 412) (30589, 57598)
2022-08-09 11:15:09.266 *** Mouse movement ***  Mouse coords: (558, 419) (30569, 57619)
2022-08-09 11:15:09.283 *** Mouse movement ***  Mouse coords: (547, 428) (30521, 57637)
2022-08-09 11:15:09.299 *** Mouse movement ***  Mouse coords: (532, 439) (30482, 57658)
2022-08-09 11:15:09.316 *** Mouse movement ***  Mouse coords: (516, 451) (30472, 57667)
2022-08-09 11:15:09.333 *** Mouse movement ***  Mouse coords: (489, 467) (30365, 57706)
2022-08-09 11:15:09.353 *** Mouse movement ***  Mouse coords: (463, 481) (30374, 57686)
2022-08-09 11:15:09.366 *** Mouse movement ***  Mouse coords: (444, 489) (30443, 57628)
2022-08-09 11:15:09.383 *** Mouse movement ***  Mouse coords: (432, 493) (30511, 57589)
2022-08-09 11:15:09.400 *** Mouse movement ***  Mouse coords: (412, 500) (30433, 57618)
2022-08-09 11:15:09.419 *** Mouse movement ***  Mouse coords: (402, 502) (30531, 57570)
2022-08-09 11:15:09.433 *** Mouse movement ***  Mouse coords: (397, 503) (30579, 57560)
2022-08-09 11:15:09.449 *** Mouse movement ***  Mouse coords: (394, 504) (30599, 57559)
2022-08-09 11:15:09.466 *** Mouse movement ***  Mouse coords: (393, 504) (30618, 57550)
2022-08-09 11:15:09.508 *** Process image overlay spent 0.02 seconds.
2022-08-09 11:15:09.608 *** Get cell color spent 0.10 seconds.
2022-08-09 11:15:10.666 *** Process image overlay spent 0.01 seconds.
2022-08-09 11:15:10.757 *** Get cell color spent 0.09 seconds.
2022-08-09 11:15:12.992 *** Mouse movement ***  Mouse coords: (652, 304) (33153, 55601)
2022-08-09 11:15:13.016 *** Mouse movement ***  Mouse coords: (649, 308) (33123, 55630)
2022-08-09 11:15:13.033 *** Mouse movement ***  Mouse coords: (646, 313) (33124, 55639)
2022-08-09 11:15:13.049 *** Mouse movement ***  Mouse coords: (641, 321) (33104, 55669)
2022-08-09 11:15:13.066 *** Mouse movement ***  Mouse coords: (637, 326) (33114, 55640)
2022-08-09 11:15:13.083 *** Mouse movement ***  Mouse coords: (627, 344) (33056, 55767)
2022-08-09 11:15:13.104 *** Mouse movement ***  Mouse coords: (623, 350) (33114, 55649)
2022-08-09 11:15:13.121 *** Mouse movement ***  Mouse coords: (612, 366) (33046, 55747)
2022-08-09 11:15:13.133 *** Mouse movement ***  Mouse coords: (608, 372) (33114, 55650)
2022-08-09 11:15:13.149 *** Mouse movement ***  Mouse coords: (602, 380) (33094, 55669)
2022-08-09 11:15:13.166 *** Mouse movement ***  Mouse coords: (596, 390) (33095, 55688)
2022-08-09 11:15:13.182 *** Mouse movement ***  Mouse coords: (589, 399) (33085, 55679)
2022-08-09 11:15:13.199 *** Mouse movement ***  Mouse coords: (584, 406) (33104, 55659)
2022-08-09 11:15:13.216 *** Mouse movement ***  Mouse coords: (579, 414) (33104, 55669)
2022-08-09 11:15:13.233 *** Mouse movement ***  Mouse coords: (575, 419) (33114, 55640)
2022-08-09 11:15:13.249 *** Mouse movement ***  Mouse coords: (565, 432) (33056, 55717)
2022-08-09 11:15:13.266 *** Mouse movement ***  Mouse coords: (560, 440) (33104, 55669)
2022-08-09 11:15:13.283 *** Mouse movement ***  Mouse coords: (556, 445) (33114, 55640)
2022-08-09 11:15:13.299 *** Mouse movement ***  Mouse coords: (546, 457) (33055, 55708)
2022-08-09 11:15:13.316 *** Mouse movement ***  Mouse coords: (534, 472) (33036, 55737)
2022-08-09 11:15:13.333 *** Mouse movement ***  Mouse coords: (529, 478) (33105, 55650)
2022-08-09 11:15:13.349 *** Mouse movement ***  Mouse coords: (525, 483) (33114, 55640)
2022-08-09 11:15:13.366 *** Mouse movement ***  Mouse coords: (522, 485) (33123, 55610)
2022-08-09 11:15:13.383 *** Mouse movement ***  Mouse coords: (521, 486) (33144, 55601)
2022-08-09 11:15:13.426 *** Process image overlay spent 0.02 seconds.
2022-08-09 11:15:13.527 *** Get cell color spent 0.10 seconds.
2022-08-09 11:15:14.600 *** Process image overlay spent 0.01 seconds.
2022-08-09 11:15:14.693 *** Get cell color spent 0.09 seconds.
2022-08-09 11:15:18.412 *** Program closed.
