2022-08-10 13:35:09.220 *** Start program *** Start program
2022-08-10 13:35:14.704 *** Open processed data
2022-08-10 13:35:15.944 *** Mouse movement ***  Mouse coords: (863, 434) (58587, 25680)
2022-08-10 13:35:15.970 *** Mouse movement ***  Mouse coords: (840, 436) (57931, 25740)
2022-08-10 13:35:15.985 *** Mouse movement ***  Mouse coords: (801, 436) (57452, 25680)
2022-08-10 13:35:15.997 *** Mouse movement ***  Mouse coords: (769, 437) (57662, 25709)
2022-08-10 13:35:16.013 *** Mouse movement ***  Mouse coords: (709, 437) (56826, 25680)
2022-08-10 13:35:16.030 *** Mouse movement ***  Mouse coords: (643, 438) (56646, 25710)
2022-08-10 13:35:16.050 *** Mouse movement ***  Mouse coords: (558, 449) (56080, 26009)
2022-08-10 13:35:16.063 *** Mouse movement ***  Mouse coords: (504, 462) (57005, 26068)
2022-08-10 13:35:16.080 *** Mouse movement ***  Mouse coords: (456, 476) (57184, 26098)
2022-08-10 13:35:16.097 *** Mouse movement ***  Mouse coords: (424, 487) (57661, 26008)
2022-08-10 13:35:16.113 *** Mouse movement ***  Mouse coords: (401, 495) (57931, 25919)
2022-08-10 13:35:16.130 *** Mouse movement ***  Mouse coords: (384, 504) (58109, 25949)
2022-08-10 13:35:16.147 *** Mouse movement ***  Mouse coords: (380, 506) (58498, 25739)
2022-08-10 13:35:16.183 *** Mouse movement ***  Mouse coords: (380, 505) (58617, 25651)
2022-08-10 13:35:17.106 *** Mouse movement ***  Mouse coords: (466, 458) (61728, 26200)
2022-08-10 13:35:17.129 *** Mouse movement ***  Mouse coords: (466, 455) (61728, 26190)
2022-08-10 13:35:17.147 *** Mouse movement ***  Mouse coords: (466, 453) (61728, 26194)
2022-08-10 13:35:17.163 *** Mouse movement ***  Mouse coords: (466, 451) (61728, 26195)
2022-08-10 13:35:17.180 *** Mouse movement ***  Mouse coords: (466, 448) (61728, 26190)
2022-08-10 13:35:17.196 *** Mouse movement ***  Mouse coords: (467, 446) (61733, 26194)
2022-08-10 13:35:17.213 *** Mouse movement ***  Mouse coords: (467, 445) (61728, 26201)
2022-08-10 13:35:17.230 *** Mouse movement ***  Mouse coords: (467, 443) (61728, 26195)
2022-08-10 13:35:17.246 *** Mouse movement ***  Mouse coords: (468, 441) (61734, 26195)
2022-08-10 13:35:17.263 *** Mouse movement ***  Mouse coords: (468, 438) (61728, 26189)
2022-08-10 13:35:17.280 *** Mouse movement ***  Mouse coords: (469, 432) (61733, 26172)
2022-08-10 13:35:17.296 *** Mouse movement ***  Mouse coords: (469, 428) (61728, 26184)
2022-08-10 13:35:17.313 *** Mouse movement ***  Mouse coords: (469, 425) (61728, 26189)
2022-08-10 13:35:17.330 *** Mouse movement ***  Mouse coords: (469, 422) (61728, 26190)
2022-08-10 13:35:17.346 *** Mouse movement ***  Mouse coords: (469, 420) (61728, 26195)
2022-08-10 13:35:19.049 *** Mouse movement ***  Mouse coords: (333, 381) (60971, 25988)
2022-08-10 13:35:19.057 *** Mouse movement ***  Mouse coords: (334, 382) (60976, 25994)
2022-08-10 13:35:19.064 *** Mouse movement ***  Mouse coords: (334, 383) (60976, 25999)
2022-08-10 13:35:19.100 *** Mouse movement ***  Mouse coords: (334, 384) (60976, 26005)
2022-08-10 13:35:19.108 *** Mouse movement ***  Mouse coords: (334, 385) (60976, 26011)
2022-08-10 13:35:19.115 *** Mouse movement ***  Mouse coords: (336, 388) (60987, 26027)
2022-08-10 13:35:19.131 *** Mouse movement ***  Mouse coords: (341, 394) (61015, 26061)
2022-08-10 13:35:19.148 *** Mouse movement ***  Mouse coords: (345, 399) (61038, 26089)
2022-08-10 13:35:19.164 *** Mouse movement ***  Mouse coords: (348, 403) (61054, 26111)
2022-08-10 13:35:19.181 *** Mouse movement ***  Mouse coords: (349, 404) (61060, 26116)
2022-08-10 13:35:19.366 *** Keyboard input *** key pressed: key: 16777220; text: ""
2022-08-10 13:35:19.701 *** Mouse movement ***  Mouse coords: (350, 405) (61065, 26122)
2022-08-10 13:35:19.710 *** Mouse movement ***  Mouse coords: (351, 406) (61071, 26128)
2022-08-10 13:35:19.731 *** Mouse movement ***  Mouse coords: (356, 409) (61099, 26144)
2022-08-10 13:35:19.748 *** Mouse movement ***  Mouse coords: (358, 411) (61110, 26155)
2022-08-10 13:35:19.764 *** Mouse movement ***  Mouse coords: (359, 411) (61116, 26155)
2022-08-10 13:35:21.186 *** Mouse movement ***  Mouse coords: (379, 355) (61227, 25844)
2022-08-10 13:35:21.195 *** Mouse movement ***  Mouse coords: (381, 357) (61238, 25855)
2022-08-10 13:35:21.214 *** Mouse movement ***  Mouse coords: (386, 362) (61266, 25883)
2022-08-10 13:35:21.231 *** Mouse movement ***  Mouse coords: (397, 373) (61327, 25944)
2022-08-10 13:35:21.248 *** Mouse movement ***  Mouse coords: (401, 376) (61350, 25961)
2022-08-10 13:35:21.264 *** Mouse movement ***  Mouse coords: (403, 379) (61361, 25977)
2022-08-10 13:35:21.281 *** Mouse movement ***  Mouse coords: (406, 381) (61377, 25988)
2022-08-10 13:35:21.298 *** Mouse movement ***  Mouse coords: (413, 389) (61416, 26033)
2022-08-10 13:35:21.315 *** Mouse movement ***  Mouse coords: (424, 401) (61478, 26100)
2022-08-10 13:35:21.331 *** Mouse movement ***  Mouse coords: (440, 417) (61567, 26189)
2022-08-10 13:35:21.349 *** Mouse movement ***  Mouse coords: (453, 430) (61639, 26261)
2022-08-10 13:35:21.365 *** Mouse movement ***  Mouse coords: (457, 434) (61662, 26284)
2022-08-10 13:35:21.381 *** Mouse movement ***  Mouse coords: (461, 437) (61684, 26300)
2022-08-10 13:37:39.082 *** Program closed.
