2022-08-10 15:49:40.389 *** Start program *** Start program
2022-08-10 15:49:45.102 *** Open processed data
2022-08-10 15:49:47.380 *** Mouse movement (LeftButton) ***  Mouse coords: (568, 178) (59249, 28568)
2022-08-10 15:49:47.406 *** Mouse movement (LeftButton) ***  Mouse coords: (560, 196) (59113, 28858)
2022-08-10 15:49:47.422 *** Mouse movement (LeftButton) ***  Mouse coords: (554, 209) (59146, 28773)
2022-08-10 15:49:47.439 *** Mouse movement (LeftButton) ***  Mouse coords: (546, 222) (59113, 28773)
2022-08-10 15:49:47.456 *** Mouse movement (LeftButton) ***  Mouse coords: (533, 236) (59027, 28790)
2022-08-10 15:49:47.472 *** Mouse movement (LeftButton) ***  Mouse coords: (531, 238) (59215, 28585)
2022-08-10 15:49:47.489 *** Mouse movement (LeftButton) ***  Mouse coords: (530, 240) (59232, 28585)
2022-08-10 15:50:06.227 *** Keyboard input *** key pressed: key: 16777216; text: ""
2022-08-10 15:50:06.824 *** Keyboard input *** key pressed: key: 16777216; text: ""
2022-08-10 15:50:07.085 *** Keyboard input *** key pressed: key: 16777216; text: ""
2022-08-10 15:50:07.527 *** Keyboard input *** key pressed: key: 16777216; text: ""
2022-08-10 15:50:13.029 *** Mouse movement (LeftButton) ***  Mouse coords: (572, 301) (61021, 26035)
2022-08-10 15:50:13.040 *** Mouse movement (LeftButton) ***  Mouse coords: (572, 302) (61021, 26052)
2022-08-10 15:50:13.609 *** Mouse movement (LeftButton) ***  Mouse coords: (570, 183) (60987, 24022)
2022-08-10 15:50:13.622 *** Mouse movement (LeftButton) ***  Mouse coords: (566, 176) (60919, 23902)
2022-08-10 15:50:13.639 *** Mouse movement (LeftButton) ***  Mouse coords: (563, 169) (60868, 23783)
2022-08-10 15:50:13.656 *** Mouse movement (LeftButton) ***  Mouse coords: (560, 164) (60817, 23697)
2022-08-10 15:50:13.672 *** Mouse movement (LeftButton) ***  Mouse coords: (559, 161) (60800, 23646)
2022-08-10 15:50:13.689 *** Mouse movement (LeftButton) ***  Mouse coords: (558, 161) (60782, 23646)
2022-08-10 15:50:14.009 *** Mouse movement (LeftButton) ***  Mouse coords: (554, 115) (60714, 22862)
2022-08-10 15:50:14.259 *** Mouse movement (LeftButton) ***  Mouse coords: (478, 111) (59418, 22793)
2022-08-10 15:50:14.274 *** Mouse movement (LeftButton) ***  Mouse coords: (478, 112) (59418, 22810)
2022-08-10 15:50:14.297 *** Mouse movement (LeftButton) ***  Mouse coords: (479, 112) (59435, 22810)
2022-08-10 15:50:14.306 *** Mouse movement (LeftButton) ***  Mouse coords: (479, 113) (59435, 22827)
2022-08-10 15:50:14.349 *** Mouse movement (LeftButton) ***  Mouse coords: (479, 114) (59435, 22844)
2022-08-10 15:50:14.560 *** Mouse movement (LeftButton) ***  Mouse coords: (430, 232) (58599, 24857)
2022-08-10 15:50:14.573 *** Mouse movement (LeftButton) ***  Mouse coords: (425, 243) (58514, 25045)
2022-08-10 15:50:14.589 *** Mouse movement (LeftButton) ***  Mouse coords: (423, 245) (58479, 25079)
2022-08-10 15:50:14.606 *** Mouse movement (LeftButton) ***  Mouse coords: (414, 258) (58326, 25301)
2022-08-10 15:50:14.623 *** Mouse movement (LeftButton) ***  Mouse coords: (413, 268) (58309, 25472)
2022-08-10 15:50:14.639 *** Mouse movement (LeftButton) ***  Mouse coords: (412, 270) (58292, 25506)
2022-08-10 15:50:14.656 *** Mouse movement (LeftButton) ***  Mouse coords: (412, 274) (58292, 25574)
2022-08-10 15:50:14.672 *** Mouse movement (LeftButton) ***  Mouse coords: (412, 275) (58292, 25591)
2022-08-10 15:50:30.258 *** Mouse movement (LeftButton) ***  Mouse coords: (649, 167) (62335, 23749)
2022-08-10 15:50:30.627 *** Mouse movement (LeftButton) ***  Mouse coords: (633, 129) (62062, 23100)
2022-08-10 15:50:30.640 *** Mouse movement (LeftButton) ***  Mouse coords: (629, 122) (61994, 22981)
2022-08-10 15:50:30.657 *** Mouse movement (LeftButton) ***  Mouse coords: (628, 120) (61977, 22947)
2022-08-10 15:50:30.673 *** Mouse movement (LeftButton) ***  Mouse coords: (626, 117) (61943, 22896)
2022-08-10 15:50:30.690 *** Mouse movement (LeftButton) ***  Mouse coords: (624, 115) (61908, 22862)
2022-08-10 15:50:31.022 *** Mouse movement (LeftButton) ***  Mouse coords: (596, 91) (61431, 22452)
2022-08-10 15:50:31.052 *** Mouse movement (LeftButton) ***  Mouse coords: (595, 91) (61414, 22452)
2022-08-10 15:50:31.059 *** Mouse movement (LeftButton) ***  Mouse coords: (595, 90) (61414, 22435)
2022-08-10 15:50:31.310 *** Mouse movement (LeftButton) ***  Mouse coords: (538, 83) (60441, 22316)
2022-08-10 15:50:31.322 *** Mouse movement (LeftButton) ***  Mouse coords: (533, 83) (60356, 22316)
2022-08-10 15:50:31.339 *** Mouse movement (LeftButton) ***  Mouse coords: (531, 83) (60322, 22316)
2022-08-10 15:50:31.356 *** Mouse movement (LeftButton) ***  Mouse coords: (528, 83) (60271, 22316)
2022-08-10 15:50:31.372 *** Mouse movement (LeftButton) ***  Mouse coords: (526, 83) (60237, 22316)
2022-08-10 15:50:31.389 *** Mouse movement (LeftButton) ***  Mouse coords: (525, 83) (60219, 22316)
2022-08-10 15:50:31.539 *** Mouse movement (LeftButton) ***  Mouse coords: (517, 83) (60083, 22316)
2022-08-10 15:50:31.556 *** Mouse movement (LeftButton) ***  Mouse coords: (510, 83) (59964, 22316)
2022-08-10 15:50:31.572 *** Mouse movement (LeftButton) ***  Mouse coords: (505, 84) (59878, 22333)
2022-08-10 15:50:31.589 *** Mouse movement (LeftButton) ***  Mouse coords: (501, 84) (59810, 22333)
2022-08-10 15:50:31.607 *** Mouse movement (LeftButton) ***  Mouse coords: (496, 85) (59725, 22350)
2022-08-10 15:50:31.629 *** Mouse movement (LeftButton) ***  Mouse coords: (495, 85) (59708, 22350)
2022-08-10 15:50:31.788 *** Mouse movement (LeftButton) ***  Mouse coords: (489, 86) (59605, 22367)
2022-08-10 15:50:31.942 *** Mouse movement (LeftButton) ***  Mouse coords: (463, 103) (59162, 22657)
2022-08-10 15:50:31.956 *** Mouse movement (LeftButton) ***  Mouse coords: (459, 106) (59094, 22708)
2022-08-10 15:50:31.972 *** Mouse movement (LeftButton) ***  Mouse coords: (455, 108) (59025, 22742)
2022-08-10 15:50:31.989 *** Mouse movement (LeftButton) ***  Mouse coords: (453, 110) (58991, 22776)
2022-08-10 15:50:32.006 *** Mouse movement (LeftButton) ***  Mouse coords: (451, 111) (58957, 22793)
2022-08-10 15:50:32.023 *** Mouse movement (LeftButton) ***  Mouse coords: (450, 112) (58940, 22810)
2022-08-10 15:50:32.211 *** Mouse movement (LeftButton) ***  Mouse coords: (442, 127) (58804, 23066)
2022-08-10 15:50:32.222 *** Mouse movement (LeftButton) ***  Mouse coords: (438, 133) (58735, 23169)
2022-08-10 15:50:32.239 *** Mouse movement (LeftButton) ***  Mouse coords: (436, 135) (58701, 23203)
2022-08-10 15:50:32.256 *** Mouse movement (LeftButton) ***  Mouse coords: (435, 137) (58684, 23237)
2022-08-10 15:50:32.272 *** Mouse movement (LeftButton) ***  Mouse coords: (434, 138) (58667, 23254)
2022-08-10 15:50:32.289 *** Mouse movement (LeftButton) ***  Mouse coords: (433, 139) (58650, 23271)
2022-08-10 15:50:32.406 *** Mouse movement (LeftButton) ***  Mouse coords: (425, 159) (58514, 23612)
2022-08-10 15:50:32.422 *** Mouse movement (LeftButton) ***  Mouse coords: (423, 163) (58479, 23680)
2022-08-10 15:50:32.439 *** Mouse movement (LeftButton) ***  Mouse coords: (422, 165) (58462, 23714)
2022-08-10 15:50:32.456 *** Mouse movement (LeftButton) ***  Mouse coords: (420, 170) (58428, 23800)
2022-08-10 15:50:32.472 *** Mouse movement (LeftButton) ***  Mouse coords: (419, 172) (58411, 23834)
2022-08-10 15:50:32.489 *** Mouse movement (LeftButton) ***  Mouse coords: (419, 174) (58411, 23868)
2022-08-10 15:50:32.593 *** Mouse movement (LeftButton) ***  Mouse coords: (414, 191) (58326, 24158)
2022-08-10 15:50:32.606 *** Mouse movement (LeftButton) ***  Mouse coords: (412, 200) (58292, 24312)
2022-08-10 15:50:32.623 *** Mouse movement (LeftButton) ***  Mouse coords: (411, 204) (58275, 24380)
2022-08-10 15:50:32.639 *** Mouse movement (LeftButton) ***  Mouse coords: (410, 207) (58258, 24431)
2022-08-10 15:50:32.656 *** Mouse movement (LeftButton) ***  Mouse coords: (410, 209) (58258, 24465)
2022-08-10 15:50:32.672 *** Mouse movement (LeftButton) ***  Mouse coords: (410, 210) (58258, 24482)
2022-08-10 15:50:32.772 *** Mouse movement (LeftButton) ***  Mouse coords: (409, 217) (58241, 24602)
2022-08-10 15:50:32.789 *** Mouse movement (LeftButton) ***  Mouse coords: (410, 221) (58258, 24670)
2022-08-10 15:50:32.806 *** Mouse movement (LeftButton) ***  Mouse coords: (410, 225) (58258, 24738)
2022-08-10 15:50:32.822 *** Mouse movement (LeftButton) ***  Mouse coords: (412, 230) (58292, 24823)
2022-08-10 15:50:32.839 *** Mouse movement (LeftButton) ***  Mouse coords: (413, 231) (58309, 24840)
2022-08-10 15:50:32.857 *** Mouse movement (LeftButton) ***  Mouse coords: (413, 232) (58309, 24857)
2022-08-10 15:50:32.975 *** Mouse movement (LeftButton) ***  Mouse coords: (422, 240) (58462, 24994)
2022-08-10 15:50:32.989 *** Mouse movement (LeftButton) ***  Mouse coords: (423, 242) (58479, 25028)
2022-08-10 15:50:33.006 *** Mouse movement (LeftButton) ***  Mouse coords: (424, 244) (58496, 25062)
2022-08-10 15:50:33.022 *** Mouse movement (LeftButton) ***  Mouse coords: (426, 247) (58531, 25113)
2022-08-10 15:50:33.039 *** Mouse movement (LeftButton) ***  Mouse coords: (428, 250) (58565, 25165)
2022-08-10 15:50:33.056 *** Mouse movement (LeftButton) ***  Mouse coords: (433, 254) (58650, 25233)
2022-08-10 15:50:33.172 *** Mouse movement (LeftButton) ***  Mouse coords: (464, 269) (59179, 25489)
2022-08-10 15:50:33.189 *** Mouse movement (LeftButton) ***  Mouse coords: (466, 271) (59213, 25523)
2022-08-10 15:50:33.206 *** Mouse movement (LeftButton) ***  Mouse coords: (472, 276) (59315, 25608)
2022-08-10 15:50:33.222 *** Mouse movement (LeftButton) ***  Mouse coords: (476, 278) (59384, 25642)
2022-08-10 15:50:33.239 *** Mouse movement (LeftButton) ***  Mouse coords: (481, 280) (59469, 25676)
2022-08-10 15:50:33.360 *** Mouse movement (LeftButton) ***  Mouse coords: (506, 288) (59895, 25813)
2022-08-10 15:50:33.385 *** Mouse movement (LeftButton) ***  Mouse coords: (506, 289) (59895, 25830)
2022-08-10 15:50:33.393 *** Mouse movement (LeftButton) ***  Mouse coords: (507, 290) (59912, 25847)
2022-08-10 15:50:33.406 *** Mouse movement (LeftButton) ***  Mouse coords: (509, 291) (59947, 25864)
2022-08-10 15:50:33.422 *** Mouse movement (LeftButton) ***  Mouse coords: (513, 293) (60015, 25898)
2022-08-10 15:50:33.580 *** Mouse movement (LeftButton) ***  Mouse coords: (538, 298) (60441, 25983)
2022-08-10 15:50:33.595 *** Mouse movement (LeftButton) ***  Mouse coords: (539, 298) (60458, 25983)
2022-08-10 15:50:33.606 *** Mouse movement (LeftButton) ***  Mouse coords: (540, 298) (60475, 25983)
2022-08-10 15:50:33.623 *** Mouse movement (LeftButton) ***  Mouse coords: (543, 298) (60527, 25983)
2022-08-10 15:50:34.038 *** Mouse movement (LeftButton) ***  Mouse coords: (604, 268) (61567, 25472)
2022-08-10 15:50:34.059 *** Mouse movement (LeftButton) ***  Mouse coords: (605, 266) (61584, 25437)
2022-08-10 15:50:34.078 *** Mouse movement (LeftButton) ***  Mouse coords: (607, 265) (61618, 25420)
2022-08-10 15:50:34.639 *** Mouse movement (LeftButton) ***  Mouse coords: (640, 190) (62181, 24141)
2022-08-10 15:50:34.682 *** Mouse movement (LeftButton) ***  Mouse coords: (640, 189) (62181, 24124)
2022-08-10 15:50:34.823 *** Mouse movement (LeftButton) ***  Mouse coords: (633, 154) (62062, 23527)
2022-08-10 15:50:34.839 *** Mouse movement (LeftButton) ***  Mouse coords: (631, 153) (62028, 23510)
2022-08-10 15:50:34.900 *** Mouse movement (LeftButton) ***  Mouse coords: (631, 152) (62028, 23493)
2022-08-10 15:50:35.023 *** Mouse movement (LeftButton) ***  Mouse coords: (609, 125) (61652, 23032)
2022-08-10 15:50:35.039 *** Mouse movement (LeftButton) ***  Mouse coords: (608, 123) (61635, 22998)
2022-08-10 15:50:35.056 *** Mouse movement (LeftButton) ***  Mouse coords: (607, 123) (61618, 22998)
2022-08-10 15:50:35.193 *** Mouse movement (LeftButton) ***  Mouse coords: (592, 111) (61362, 22793)
2022-08-10 15:50:35.206 *** Mouse movement (LeftButton) ***  Mouse coords: (590, 110) (61328, 22776)
2022-08-10 15:50:35.223 *** Mouse movement (LeftButton) ***  Mouse coords: (587, 109) (61277, 22759)
2022-08-10 15:50:35.377 *** Mouse movement (LeftButton) ***  Mouse coords: (562, 100) (60851, 22606)
2022-08-10 15:50:35.390 *** Mouse movement (LeftButton) ***  Mouse coords: (559, 100) (60800, 22606)
2022-08-10 15:50:35.407 *** Mouse movement (LeftButton) ***  Mouse coords: (558, 99) (60782, 22589)
2022-08-10 15:50:35.424 *** Mouse movement (LeftButton) ***  Mouse coords: (557, 99) (60765, 22589)
2022-08-10 15:50:35.545 *** Mouse movement (LeftButton) ***  Mouse coords: (537, 98) (60424, 22571)
2022-08-10 15:50:35.556 *** Mouse movement (LeftButton) ***  Mouse coords: (527, 99) (60254, 22589)
2022-08-10 15:50:35.573 *** Mouse movement (LeftButton) ***  Mouse coords: (514, 101) (60032, 22623)
2022-08-10 15:50:35.589 *** Mouse movement (LeftButton) ***  Mouse coords: (506, 101) (59895, 22623)
2022-08-10 15:50:35.606 *** Mouse movement (LeftButton) ***  Mouse coords: (498, 103) (59759, 22657)
2022-08-10 15:50:35.623 *** Mouse movement (LeftButton) ***  Mouse coords: (496, 104) (59725, 22674)
2022-08-10 15:50:35.640 *** Mouse movement (LeftButton) ***  Mouse coords: (494, 105) (59691, 22691)
2022-08-10 15:50:35.710 *** Mouse movement (LeftButton) ***  Mouse coords: (490, 109) (59622, 22759)
2022-08-10 15:50:35.722 *** Mouse movement (LeftButton) ***  Mouse coords: (488, 111) (59588, 22793)
2022-08-10 15:50:35.739 *** Mouse movement (LeftButton) ***  Mouse coords: (486, 113) (59554, 22827)
2022-08-10 15:50:35.756 *** Mouse movement (LeftButton) ***  Mouse coords: (483, 116) (59503, 22879)
2022-08-10 15:50:35.772 *** Mouse movement (LeftButton) ***  Mouse coords: (481, 118) (59469, 22913)
2022-08-10 15:50:35.789 *** Mouse movement (LeftButton) ***  Mouse coords: (477, 121) (59401, 22964)
2022-08-10 15:50:35.806 *** Mouse movement (LeftButton) ***  Mouse coords: (474, 123) (59349, 22998)
2022-08-10 15:50:35.822 *** Mouse movement (LeftButton) ***  Mouse coords: (471, 127) (59298, 23066)
2022-08-10 15:50:35.839 *** Mouse movement (LeftButton) ***  Mouse coords: (469, 128) (59264, 23083)
2022-08-10 15:50:35.976 *** Mouse movement (LeftButton) ***  Mouse coords: (456, 146) (59042, 23390)
2022-08-10 15:50:35.989 *** Mouse movement (LeftButton) ***  Mouse coords: (450, 153) (58940, 23510)
2022-08-10 15:50:36.006 *** Mouse movement (LeftButton) ***  Mouse coords: (447, 156) (58889, 23561)
2022-08-10 15:50:36.022 *** Mouse movement (LeftButton) ***  Mouse coords: (445, 158) (58855, 23595)
2022-08-10 15:50:36.039 *** Mouse movement (LeftButton) ***  Mouse coords: (444, 160) (58838, 23629)
2022-08-10 15:50:36.056 *** Mouse movement (LeftButton) ***  Mouse coords: (444, 161) (58838, 23646)
2022-08-10 15:50:36.164 *** Mouse movement (LeftButton) ***  Mouse coords: (441, 175) (58786, 23885)
2022-08-10 15:50:36.176 *** Mouse movement (LeftButton) ***  Mouse coords: (440, 185) (58769, 24056)
2022-08-10 15:50:36.189 *** Mouse movement (LeftButton) ***  Mouse coords: (440, 187) (58769, 24090)
2022-08-10 15:50:36.206 *** Mouse movement (LeftButton) ***  Mouse coords: (440, 192) (58769, 24175)
2022-08-10 15:50:36.223 *** Mouse movement (LeftButton) ***  Mouse coords: (441, 196) (58786, 24243)
2022-08-10 15:50:36.239 *** Mouse movement (LeftButton) ***  Mouse coords: (442, 199) (58804, 24295)
2022-08-10 15:50:36.256 *** Mouse movement (LeftButton) ***  Mouse coords: (443, 200) (58821, 24312)
2022-08-10 15:50:36.342 *** Mouse movement (LeftButton) ***  Mouse coords: (448, 209) (58906, 24465)
2022-08-10 15:50:36.356 *** Mouse movement (LeftButton) ***  Mouse coords: (449, 214) (58923, 24550)
2022-08-10 15:50:36.372 *** Mouse movement (LeftButton) ***  Mouse coords: (451, 218) (58957, 24619)
2022-08-10 15:50:36.389 *** Mouse movement (LeftButton) ***  Mouse coords: (453, 221) (58991, 24670)
2022-08-10 15:50:36.406 *** Mouse movement (LeftButton) ***  Mouse coords: (455, 225) (59025, 24738)
2022-08-10 15:50:36.422 *** Mouse movement (LeftButton) ***  Mouse coords: (457, 227) (59059, 24772)
2022-08-10 15:50:36.523 *** Mouse movement (LeftButton) ***  Mouse coords: (477, 238) (59401, 24960)
2022-08-10 15:50:36.545 *** Mouse movement (LeftButton) ***  Mouse coords: (478, 239) (59418, 24977)
2022-08-10 15:50:36.557 *** Mouse movement (LeftButton) ***  Mouse coords: (479, 240) (59435, 24994)
2022-08-10 15:50:36.572 *** Mouse movement (LeftButton) ***  Mouse coords: (482, 242) (59486, 25028)
2022-08-10 15:50:36.589 *** Mouse movement (LeftButton) ***  Mouse coords: (484, 244) (59520, 25062)
2022-08-10 15:50:36.606 *** Mouse movement (LeftButton) ***  Mouse coords: (487, 245) (59571, 25079)
2022-08-10 15:50:36.707 *** Mouse movement (LeftButton) ***  Mouse coords: (515, 258) (60049, 25301)
2022-08-10 15:50:36.729 *** Mouse movement (LeftButton) ***  Mouse coords: (519, 261) (60117, 25352)
2022-08-10 15:50:36.743 *** Mouse movement (LeftButton) ***  Mouse coords: (521, 263) (60151, 25386)
2022-08-10 15:50:36.756 *** Mouse movement (LeftButton) ***  Mouse coords: (524, 264) (60202, 25403)
2022-08-10 15:50:36.772 *** Mouse movement (LeftButton) ***  Mouse coords: (530, 266) (60305, 25437)
2022-08-10 15:50:39.760 *** Mouse movement (LeftButton) ***  Mouse coords: (597, 138) (61448, 23254)
2022-08-10 15:50:39.772 *** Mouse movement (LeftButton) ***  Mouse coords: (595, 137) (61414, 23237)
2022-08-10 15:50:39.789 *** Mouse movement (LeftButton) ***  Mouse coords: (594, 137) (61397, 23237)
2022-08-10 15:50:39.956 *** Mouse movement (LeftButton) ***  Mouse coords: (515, 120) (60049, 22947)
2022-08-10 15:50:39.972 *** Mouse movement (LeftButton) ***  Mouse coords: (508, 120) (59929, 22947)
2022-08-10 15:50:39.989 *** Mouse movement (LeftButton) ***  Mouse coords: (501, 120) (59810, 22947)
2022-08-10 15:50:40.006 *** Mouse movement (LeftButton) ***  Mouse coords: (495, 120) (59708, 22947)
2022-08-10 15:50:40.022 *** Mouse movement (LeftButton) ***  Mouse coords: (486, 121) (59554, 22964)
2022-08-10 15:50:40.039 *** Mouse movement (LeftButton) ***  Mouse coords: (483, 121) (59503, 22964)
2022-08-10 15:50:40.145 *** Mouse movement (LeftButton) ***  Mouse coords: (476, 132) (59384, 23152)
2022-08-10 15:50:40.157 *** Mouse movement (LeftButton) ***  Mouse coords: (476, 133) (59384, 23169)
2022-08-10 15:50:40.173 *** Mouse movement (LeftButton) ***  Mouse coords: (473, 137) (59332, 23237)
2022-08-10 15:50:40.189 *** Mouse movement (LeftButton) ***  Mouse coords: (472, 139) (59315, 23271)
2022-08-10 15:50:40.206 *** Mouse movement (LeftButton) ***  Mouse coords: (471, 141) (59298, 23305)
2022-08-10 15:50:40.223 *** Mouse movement (LeftButton) ***  Mouse coords: (470, 144) (59281, 23356)
2022-08-10 15:50:40.339 *** Mouse movement (LeftButton) ***  Mouse coords: (475, 189) (59367, 24124)
2022-08-10 15:50:40.356 *** Mouse movement (LeftButton) ***  Mouse coords: (475, 191) (59367, 24158)
2022-08-10 15:50:40.373 *** Mouse movement (LeftButton) ***  Mouse coords: (476, 193) (59384, 24192)
2022-08-10 15:50:40.389 *** Mouse movement (LeftButton) ***  Mouse coords: (476, 195) (59384, 24226)
2022-08-10 15:50:40.406 *** Mouse movement (LeftButton) ***  Mouse coords: (478, 199) (59418, 24295)
2022-08-10 15:50:40.422 *** Mouse movement (LeftButton) ***  Mouse coords: (480, 202) (59452, 24346)
2022-08-10 15:50:40.439 *** Mouse movement (LeftButton) ***  Mouse coords: (481, 204) (59469, 24380)
2022-08-10 15:50:40.526 *** Mouse movement (LeftButton) ***  Mouse coords: (498, 223) (59759, 24704)
2022-08-10 15:50:40.539 *** Mouse movement (LeftButton) ***  Mouse coords: (500, 225) (59793, 24738)
2022-08-10 15:50:40.556 *** Mouse movement (LeftButton) ***  Mouse coords: (502, 227) (59827, 24772)
2022-08-10 15:50:40.572 *** Mouse movement (LeftButton) ***  Mouse coords: (503, 228) (59844, 24789)
2022-08-10 15:50:40.589 *** Mouse movement (LeftButton) ***  Mouse coords: (506, 231) (59895, 24840)
2022-08-10 15:50:40.606 *** Mouse movement (LeftButton) ***  Mouse coords: (510, 233) (59964, 24875)
2022-08-10 15:50:40.773 *** Mouse movement (LeftButton) ***  Mouse coords: (541, 242) (60492, 25028)
2022-08-10 15:50:40.794 *** Mouse movement (LeftButton) ***  Mouse coords: (542, 242) (60510, 25028)
2022-08-10 15:50:40.929 *** Mouse movement (LeftButton) ***  Mouse coords: (569, 233) (60970, 24875)
2022-08-10 15:50:40.939 *** Mouse movement (LeftButton) ***  Mouse coords: (569, 232) (60970, 24857)
2022-08-10 15:50:40.956 *** Mouse movement (LeftButton) ***  Mouse coords: (574, 228) (61055, 24789)
2022-08-10 15:50:40.972 *** Mouse movement (LeftButton) ***  Mouse coords: (579, 225) (61141, 24738)
2022-08-10 15:50:40.990 *** Mouse movement (LeftButton) ***  Mouse coords: (581, 223) (61175, 24704)
2022-08-10 15:50:41.110 *** Mouse movement (LeftButton) ***  Mouse coords: (596, 201) (61431, 24329)
2022-08-10 15:50:41.155 *** Mouse movement (LeftButton) ***  Mouse coords: (596, 200) (61431, 24312)
2022-08-10 15:50:41.293 *** Mouse movement (LeftButton) ***  Mouse coords: (589, 167) (61311, 23749)
2022-08-10 15:50:41.306 *** Mouse movement (LeftButton) ***  Mouse coords: (589, 166) (61311, 23732)
2022-08-10 15:50:41.323 *** Mouse movement (LeftButton) ***  Mouse coords: (588, 166) (61294, 23732)
2022-08-10 15:50:41.494 *** Mouse movement (LeftButton) ***  Mouse coords: (541, 150) (60492, 23459)
2022-08-10 15:50:41.506 *** Mouse movement (LeftButton) ***  Mouse coords: (538, 150) (60441, 23459)
2022-08-10 15:50:41.523 *** Mouse movement (LeftButton) ***  Mouse coords: (527, 150) (60254, 23459)
2022-08-10 15:50:41.539 *** Mouse movement (LeftButton) ***  Mouse coords: (522, 151) (60168, 23476)
2022-08-10 15:50:41.556 *** Mouse movement (LeftButton) ***  Mouse coords: (521, 151) (60151, 23476)
2022-08-10 15:50:41.573 *** Mouse movement (LeftButton) ***  Mouse coords: (518, 152) (60100, 23493)
2022-08-10 15:50:41.676 *** Mouse movement (LeftButton) ***  Mouse coords: (517, 154) (60083, 23527)
2022-08-10 15:50:41.692 *** Mouse movement (LeftButton) ***  Mouse coords: (516, 156) (60066, 23561)
2022-08-10 15:50:41.706 *** Mouse movement (LeftButton) ***  Mouse coords: (516, 158) (60066, 23595)
2022-08-10 15:50:41.723 *** Mouse movement (LeftButton) ***  Mouse coords: (515, 158) (60049, 23595)
2022-08-10 15:50:41.739 *** Mouse movement (LeftButton) ***  Mouse coords: (513, 163) (60015, 23680)
2022-08-10 15:50:41.756 *** Mouse movement (LeftButton) ***  Mouse coords: (510, 170) (59964, 23800)
2022-08-10 15:50:41.772 *** Mouse movement (LeftButton) ***  Mouse coords: (508, 176) (59929, 23902)
2022-08-10 15:50:41.789 *** Mouse movement (LeftButton) ***  Mouse coords: (506, 180) (59895, 23970)
2022-08-10 15:50:41.806 *** Mouse movement (LeftButton) ***  Mouse coords: (506, 181) (59895, 23987)
2022-08-10 15:50:41.822 *** Mouse movement (LeftButton) ***  Mouse coords: (506, 182) (59895, 24004)
2022-08-10 15:50:41.943 *** Mouse movement (LeftButton) ***  Mouse coords: (507, 194) (59912, 24209)
2022-08-10 15:50:41.956 *** Mouse movement (LeftButton) ***  Mouse coords: (509, 200) (59947, 24312)
2022-08-10 15:50:41.973 *** Mouse movement (LeftButton) ***  Mouse coords: (515, 211) (60049, 24499)
2022-08-10 15:50:41.989 *** Mouse movement (LeftButton) ***  Mouse coords: (517, 216) (60083, 24585)
2022-08-10 15:50:42.006 *** Mouse movement (LeftButton) ***  Mouse coords: (519, 220) (60117, 24653)
2022-08-10 15:50:42.023 *** Mouse movement (LeftButton) ***  Mouse coords: (522, 223) (60168, 24704)
2022-08-10 15:50:42.040 *** Mouse movement (LeftButton) ***  Mouse coords: (523, 225) (60185, 24738)
2022-08-10 15:50:42.062 *** Mouse movement (LeftButton) ***  Mouse coords: (524, 225) (60202, 24738)
2022-08-10 15:50:42.190 *** Mouse movement (LeftButton) ***  Mouse coords: (527, 228) (60254, 24789)
2022-08-10 15:50:42.212 *** Mouse movement (LeftButton) ***  Mouse coords: (531, 228) (60322, 24789)
2022-08-10 15:50:42.385 *** Mouse movement (LeftButton) ***  Mouse coords: (544, 223) (60544, 24704)
2022-08-10 15:50:42.392 *** Mouse movement (LeftButton) ***  Mouse coords: (544, 222) (60544, 24687)
2022-08-10 15:50:42.406 *** Mouse movement (LeftButton) ***  Mouse coords: (546, 221) (60578, 24670)
2022-08-10 15:50:42.423 *** Mouse movement (LeftButton) ***  Mouse coords: (548, 218) (60612, 24619)
2022-08-10 15:50:42.909 *** Mouse movement (LeftButton) ***  Mouse coords: (556, 176) (60748, 23902)
2022-08-10 15:50:42.922 *** Mouse movement (LeftButton) ***  Mouse coords: (555, 176) (60731, 23902)
2022-08-10 15:50:42.939 *** Mouse movement (LeftButton) ***  Mouse coords: (551, 176) (60663, 23902)
2022-08-10 15:50:42.956 *** Mouse movement (LeftButton) ***  Mouse coords: (549, 176) (60629, 23902)
2022-08-10 15:50:43.126 *** Mouse movement (LeftButton) ***  Mouse coords: (539, 187) (60458, 24090)
2022-08-10 15:50:43.139 *** Mouse movement (LeftButton) ***  Mouse coords: (539, 188) (60458, 24107)
2022-08-10 15:50:43.156 *** Mouse movement (LeftButton) ***  Mouse coords: (538, 190) (60441, 24141)
2022-08-10 15:50:43.180 *** Mouse movement (LeftButton) ***  Mouse coords: (538, 191) (60441, 24158)
2022-08-10 15:50:43.195 *** Mouse movement (LeftButton) ***  Mouse coords: (538, 192) (60441, 24175)
2022-08-10 15:50:43.343 *** Mouse movement (LeftButton) ***  Mouse coords: (538, 200) (60441, 24312)
2022-08-10 15:50:43.367 *** Mouse movement (LeftButton) ***  Mouse coords: (538, 201) (60441, 24329)
2022-08-10 15:50:43.374 *** Mouse movement (LeftButton) ***  Mouse coords: (538, 202) (60441, 24346)
2022-08-10 15:50:43.389 *** Mouse movement (LeftButton) ***  Mouse coords: (538, 203) (60441, 24363)
2022-08-10 15:50:43.406 *** Mouse movement (LeftButton) ***  Mouse coords: (539, 205) (60458, 24397)
2022-08-10 15:50:43.422 *** Mouse movement (LeftButton) ***  Mouse coords: (539, 206) (60458, 24414)
2022-08-10 15:50:45.242 *** Mouse movement (LeftButton) ***  Mouse coords: (667, 673) (62642, 32381)
2022-08-10 15:50:45.250 *** Mouse movement (LeftButton) ***  Mouse coords: (668, 673) (62659, 32381)
2022-08-10 15:50:45.257 *** Mouse movement (LeftButton) ***  Mouse coords: (671, 673) (62710, 32381)
2022-08-10 15:50:45.273 *** Mouse movement (LeftButton) ***  Mouse coords: (676, 673) (62795, 32381)
2022-08-10 15:50:45.490 *** Mouse movement (LeftButton) ***  Mouse coords: (872, 617) (66139, 31425)
2022-08-10 15:50:45.506 *** Mouse movement (LeftButton) ***  Mouse coords: (884, 613) (66344, 31357)
2022-08-10 15:50:45.523 *** Mouse movement (LeftButton) ***  Mouse coords: (900, 606) (66617, 31238)
2022-08-10 15:50:45.539 *** Mouse movement (LeftButton) ***  Mouse coords: (907, 602) (66736, 31170)
2022-08-10 15:50:45.556 *** Mouse movement (LeftButton) ***  Mouse coords: (916, 596) (66890, 31067)
2022-08-10 15:50:45.752 *** Mouse movement (LeftButton) ***  Mouse coords: (1052, 488) (69210, 29225)
2022-08-10 15:50:45.760 *** Mouse movement (LeftButton) ***  Mouse coords: (1053, 487) (69227, 29208)
2022-08-10 15:50:45.773 *** Mouse movement (LeftButton) ***  Mouse coords: (1054, 485) (69244, 29174)
2022-08-10 15:50:45.989 *** Mouse movement (LeftButton) ***  Mouse coords: (1026, 260) (68766, 25335)
2022-08-10 15:50:46.006 *** Mouse movement (LeftButton) ***  Mouse coords: (1026, 259) (68766, 25318)
2022-08-10 15:50:46.022 *** Mouse movement (LeftButton) ***  Mouse coords: (1026, 256) (68766, 25267)
2022-08-10 15:50:46.039 *** Mouse movement (LeftButton) ***  Mouse coords: (1026, 250) (68766, 25165)
2022-08-10 15:50:46.056 *** Mouse movement (LeftButton) ***  Mouse coords: (1026, 248) (68766, 25130)
2022-08-10 15:50:46.260 *** Mouse movement (LeftButton) ***  Mouse coords: (993, 51) (68203, 21770)
2022-08-10 15:50:46.272 *** Mouse movement (LeftButton) ***  Mouse coords: (990, 48) (68152, 21719)
2022-08-10 15:50:46.289 *** Mouse movement (LeftButton) ***  Mouse coords: (988, 45) (68118, 21667)
2022-08-10 15:50:46.306 *** Mouse movement (LeftButton) ***  Mouse coords: (985, 42) (68067, 21616)
2022-08-10 15:50:46.322 *** Mouse movement (LeftButton) ***  Mouse coords: (980, 36) (67982, 21514)
2022-08-10 15:50:46.339 *** Mouse movement (LeftButton) ***  Mouse coords: (976, 32) (67913, 21446)
2022-08-10 15:50:46.356 *** Mouse movement (LeftButton) ***  Mouse coords: (974, 30) (67879, 21411)
2022-08-10 15:50:46.489 *** Mouse movement (LeftButton) ***  Mouse coords: (904, -2) (66685, 20866)
2022-08-10 15:50:46.506 *** Mouse movement (LeftButton) ***  Mouse coords: (901, -2) (66634, 20866)
2022-08-10 15:50:46.523 *** Mouse movement (LeftButton) ***  Mouse coords: (899, -2) (66600, 20866)
2022-08-10 15:50:46.540 *** Mouse movement (LeftButton) ***  Mouse coords: (896, 2) (66549, 20934)
2022-08-10 15:50:47.907 *** Mouse movement (LeftButton) ***  Mouse coords: (573, 282) (57801, 19342)
2022-08-10 15:50:47.923 *** Mouse movement (LeftButton) ***  Mouse coords: (571, 284) (57697, 19447)
2022-08-10 15:50:47.939 *** Mouse movement (LeftButton) ***  Mouse coords: (569, 287) (57592, 19603)
2022-08-10 15:50:47.956 *** Mouse movement (LeftButton) ***  Mouse coords: (565, 290) (57383, 19760)
2022-08-10 15:50:47.972 *** Mouse movement (LeftButton) ***  Mouse coords: (558, 296) (57017, 20073)
2022-08-10 15:50:47.992 *** Mouse movement (LeftButton) ***  Mouse coords: (552, 305) (56704, 20544)
2022-08-10 15:50:48.006 *** Mouse movement (LeftButton) ***  Mouse coords: (548, 311) (56495, 20857)
2022-08-10 15:50:48.022 *** Mouse movement (LeftButton) ***  Mouse coords: (545, 314) (56338, 21014)
2022-08-10 15:50:48.145 *** Mouse movement (LeftButton) ***  Mouse coords: (485, 387) (53204, 24828)
2022-08-10 15:50:48.156 *** Mouse movement (LeftButton) ***  Mouse coords: (480, 395) (52942, 25246)
2022-08-10 15:50:48.172 *** Mouse movement (LeftButton) ***  Mouse coords: (471, 409) (52472, 25977)
2022-08-10 15:50:48.189 *** Mouse movement (LeftButton) ***  Mouse coords: (468, 415) (52315, 26291)
2022-08-10 15:50:48.206 *** Mouse movement (LeftButton) ***  Mouse coords: (463, 423) (52054, 26709)
2022-08-10 15:50:48.223 *** Mouse movement (LeftButton) ***  Mouse coords: (462, 426) (52002, 26865)
2022-08-10 15:50:48.239 *** Mouse movement (LeftButton) ***  Mouse coords: (462, 428) (52002, 26970)
2022-08-10 15:50:48.326 *** Mouse movement (LeftButton) ***  Mouse coords: (457, 477) (51741, 29530)
2022-08-10 15:50:48.339 *** Mouse movement (LeftButton) ***  Mouse coords: (459, 496) (51845, 30522)
2022-08-10 15:50:48.356 *** Mouse movement (LeftButton) ***  Mouse coords: (464, 506) (52106, 31045)
2022-08-10 15:50:48.373 *** Mouse movement (LeftButton) ***  Mouse coords: (465, 510) (52159, 31254)
2022-08-10 15:50:48.389 *** Mouse movement (LeftButton) ***  Mouse coords: (467, 513) (52263, 31411)
2022-08-10 15:50:48.406 *** Mouse movement (LeftButton) ***  Mouse coords: (469, 516) (52368, 31567)
2022-08-10 15:50:48.422 *** Mouse movement (LeftButton) ***  Mouse coords: (473, 521) (52577, 31829)
2022-08-10 15:50:48.523 *** Mouse movement (LeftButton) ***  Mouse coords: (528, 561) (55450, 33918)
2022-08-10 15:50:48.539 *** Mouse movement (LeftButton) ***  Mouse coords: (540, 568) (56077, 34284)
2022-08-10 15:50:48.556 *** Mouse movement (LeftButton) ***  Mouse coords: (550, 571) (56600, 34441)
2022-08-10 15:50:48.572 *** Mouse movement (LeftButton) ***  Mouse coords: (559, 571) (57070, 34441)
2022-08-10 15:50:48.589 *** Mouse movement (LeftButton) ***  Mouse coords: (569, 571) (57592, 34441)
2022-08-10 15:50:48.606 *** Mouse movement (LeftButton) ***  Mouse coords: (573, 571) (57801, 34441)
2022-08-10 15:50:48.719 *** Mouse movement (LeftButton) ***  Mouse coords: (656, 564) (62137, 34075)
2022-08-10 15:50:48.729 *** Mouse movement (LeftButton) ***  Mouse coords: (659, 564) (62294, 34075)
2022-08-10 15:50:48.739 *** Mouse movement (LeftButton) ***  Mouse coords: (661, 563) (62399, 34023)
2022-08-10 15:50:48.756 *** Mouse movement (LeftButton) ***  Mouse coords: (664, 563) (62555, 34023)
2022-08-10 15:50:48.772 *** Mouse movement (LeftButton) ***  Mouse coords: (676, 563) (63182, 34023)
2022-08-10 15:50:48.789 *** Mouse movement (LeftButton) ***  Mouse coords: (686, 562) (63705, 33971)
2022-08-10 15:50:48.806 *** Mouse movement (LeftButton) ***  Mouse coords: (695, 560) (64175, 33866)
2022-08-10 15:50:48.909 *** Mouse movement (LeftButton) ***  Mouse coords: (820, 504) (70706, 30940)
2022-08-10 15:50:48.922 *** Mouse movement (LeftButton) ***  Mouse coords: (830, 500) (71228, 30731)
2022-08-10 15:50:48.939 *** Mouse movement (LeftButton) ***  Mouse coords: (838, 495) (71646, 30470)
2022-08-10 15:50:48.956 *** Mouse movement (LeftButton) ***  Mouse coords: (844, 488) (71960, 30105)
2022-08-10 15:50:48.973 *** Mouse movement (LeftButton) ***  Mouse coords: (849, 482) (72221, 29791)
2022-08-10 15:50:49.093 *** Mouse movement (LeftButton) ***  Mouse coords: (882, 368) (73945, 23835)
2022-08-10 15:50:49.106 *** Mouse movement (LeftButton) ***  Mouse coords: (882, 359) (73945, 23365)
2022-08-10 15:50:49.123 *** Mouse movement (LeftButton) ***  Mouse coords: (879, 350) (73788, 22895)
2022-08-10 15:50:49.139 *** Mouse movement (LeftButton) ***  Mouse coords: (875, 337) (73579, 22216)
2022-08-10 15:50:49.156 *** Mouse movement (LeftButton) ***  Mouse coords: (868, 316) (73213, 21118)
2022-08-10 15:50:49.172 *** Mouse movement (LeftButton) ***  Mouse coords: (860, 288) (72795, 19656)
2022-08-10 15:50:49.189 *** Mouse movement (LeftButton) ***  Mouse coords: (858, 279) (72691, 19185)
2022-08-10 15:50:49.259 *** Mouse movement (LeftButton) ***  Mouse coords: (816, 218) (70497, 15998)
2022-08-10 15:50:49.272 *** Mouse movement (LeftButton) ***  Mouse coords: (810, 214) (70183, 15789)
2022-08-10 15:50:49.289 *** Mouse movement (LeftButton) ***  Mouse coords: (801, 210) (69713, 15580)
2022-08-10 15:50:49.306 *** Mouse movement (LeftButton) ***  Mouse coords: (792, 207) (69243, 15424)
2022-08-10 15:50:49.322 *** Mouse movement (LeftButton) ***  Mouse coords: (781, 203) (68668, 15215)
2022-08-10 15:50:49.339 *** Mouse movement (LeftButton) ***  Mouse coords: (764, 198) (67780, 14953)
2022-08-10 15:50:49.356 *** Mouse movement (LeftButton) ***  Mouse coords: (754, 195) (67257, 14797)
2022-08-10 15:50:49.442 *** Mouse movement (LeftButton) ***  Mouse coords: (617, 164) (60100, 13177)
2022-08-10 15:50:49.456 *** Mouse movement (LeftButton) ***  Mouse coords: (597, 166) (59055, 13282)
2022-08-10 15:50:49.472 *** Mouse movement (LeftButton) ***  Mouse coords: (574, 166) (57853, 13282)
2022-08-10 15:50:49.489 *** Mouse movement (LeftButton) ***  Mouse coords: (567, 166) (57488, 13282)
2022-08-10 15:50:49.506 *** Mouse movement (LeftButton) ***  Mouse coords: (559, 166) (57070, 13282)
2022-08-10 15:50:49.522 *** Mouse movement (LeftButton) ***  Mouse coords: (548, 166) (56495, 13282)
2022-08-10 15:50:49.539 *** Mouse movement (LeftButton) ***  Mouse coords: (539, 168) (56025, 13386)
2022-08-10 15:50:49.556 *** Mouse movement (LeftButton) ***  Mouse coords: (526, 174) (55346, 13700)
2022-08-10 15:50:49.572 *** Mouse movement (LeftButton) ***  Mouse coords: (521, 179) (55084, 13961)
2022-08-10 15:50:49.589 *** Mouse movement (LeftButton) ***  Mouse coords: (508, 193) (54405, 14692)
2022-08-10 15:50:49.606 *** Mouse movement (LeftButton) ***  Mouse coords: (503, 197) (54144, 14901)
2022-08-10 15:50:49.622 *** Mouse movement (LeftButton) ***  Mouse coords: (499, 200) (53935, 15058)
2022-08-10 15:50:49.693 *** Mouse movement (LeftButton) ***  Mouse coords: (447, 242) (51218, 17252)
2022-08-10 15:50:49.706 *** Mouse movement (LeftButton) ***  Mouse coords: (428, 263) (50226, 18349)
2022-08-10 15:50:49.723 *** Mouse movement (LeftButton) ***  Mouse coords: (410, 282) (49285, 19342)
2022-08-10 15:50:49.739 *** Mouse movement (LeftButton) ***  Mouse coords: (394, 301) (48449, 20335)
2022-08-10 15:50:49.756 *** Mouse movement (LeftButton) ***  Mouse coords: (387, 312) (48084, 20909)
2022-08-10 15:50:49.772 *** Mouse movement (LeftButton) ***  Mouse coords: (379, 328) (47666, 21745)
2022-08-10 15:50:49.789 *** Mouse movement (LeftButton) ***  Mouse coords: (370, 349) (47195, 22842)
2022-08-10 15:50:49.806 *** Mouse movement (LeftButton) ***  Mouse coords: (369, 356) (47143, 23208)
2022-08-10 15:50:49.907 *** Mouse movement (LeftButton) ***  Mouse coords: (356, 460) (46464, 28642)
2022-08-10 15:50:49.929 *** Mouse movement (LeftButton) ***  Mouse coords: (356, 476) (46464, 29478)
2022-08-10 15:50:49.944 *** Mouse movement (LeftButton) ***  Mouse coords: (358, 492) (46569, 30313)
2022-08-10 15:50:49.956 *** Mouse movement (LeftButton) ***  Mouse coords: (361, 502) (46725, 30836)
2022-08-10 15:50:49.973 *** Mouse movement (LeftButton) ***  Mouse coords: (369, 521) (47143, 31829)
2022-08-10 15:50:50.094 *** Mouse movement (LeftButton) ***  Mouse coords: (436, 600) (50644, 35956)
2022-08-10 15:50:50.106 *** Mouse movement (LeftButton) ***  Mouse coords: (447, 607) (51218, 36322)
2022-08-10 15:50:50.122 *** Mouse movement (LeftButton) ***  Mouse coords: (459, 613) (51845, 36635)
2022-08-10 15:50:50.139 *** Mouse movement (LeftButton) ***  Mouse coords: (466, 616) (52211, 36792)
2022-08-10 15:50:50.156 *** Mouse movement (LeftButton) ***  Mouse coords: (492, 622) (53569, 37105)
2022-08-10 15:50:50.277 *** Mouse movement (LeftButton) ***  Mouse coords: (652, 638) (61929, 37941)
2022-08-10 15:50:50.289 *** Mouse movement (LeftButton) ***  Mouse coords: (680, 643) (63391, 38202)
2022-08-10 15:50:50.306 *** Mouse movement (LeftButton) ***  Mouse coords: (700, 645) (64436, 38307)
2022-08-10 15:50:50.323 *** Mouse movement (LeftButton) ***  Mouse coords: (712, 645) (65063, 38307)
2022-08-10 15:50:50.339 *** Mouse movement (LeftButton) ***  Mouse coords: (724, 644) (65690, 38255)
2022-08-10 15:50:50.356 *** Mouse movement (LeftButton) ***  Mouse coords: (733, 642) (66160, 38150)
2022-08-10 15:50:50.372 *** Mouse movement (LeftButton) ***  Mouse coords: (748, 636) (66944, 37837)
2022-08-10 15:50:50.389 *** Mouse movement (LeftButton) ***  Mouse coords: (756, 631) (67362, 37576)
2022-08-10 15:50:50.521 *** Mouse movement (LeftButton) ***  Mouse coords: (934, 544) (76662, 33030)
2022-08-10 15:50:50.537 *** Mouse movement (LeftButton) ***  Mouse coords: (952, 532) (77602, 32403)
2022-08-10 15:50:50.556 *** Mouse movement (LeftButton) ***  Mouse coords: (956, 528) (77811, 32194)
2022-08-10 15:50:50.573 *** Mouse movement (LeftButton) ***  Mouse coords: (958, 525) (77915, 32038)
2022-08-10 15:50:50.589 *** Mouse movement (LeftButton) ***  Mouse coords: (960, 522) (78020, 31881)
2022-08-10 15:50:50.606 *** Mouse movement (LeftButton) ***  Mouse coords: (962, 517) (78124, 31620)
2022-08-10 15:50:50.806 *** Mouse movement (LeftButton) ***  Mouse coords: (998, 309) (80005, 20753)
2022-08-10 15:50:50.823 *** Mouse movement (LeftButton) ***  Mouse coords: (997, 304) (79953, 20491)
2022-08-10 15:50:50.839 *** Mouse movement (LeftButton) ***  Mouse coords: (997, 301) (79953, 20335)
2022-08-10 15:50:50.856 *** Mouse movement (LeftButton) ***  Mouse coords: (996, 297) (79901, 20126)
2022-08-10 15:50:50.873 *** Mouse movement (LeftButton) ***  Mouse coords: (995, 289) (79849, 19708)
2022-08-10 15:50:51.023 *** Mouse movement (LeftButton) ***  Mouse coords: (938, 145) (76871, 12185)
2022-08-10 15:50:51.040 *** Mouse movement (LeftButton) ***  Mouse coords: (934, 142) (76662, 12028)
2022-08-10 15:50:51.056 *** Mouse movement (LeftButton) ***  Mouse coords: (929, 140) (76400, 11923)
2022-08-10 15:50:51.073 *** Mouse movement (LeftButton) ***  Mouse coords: (926, 137) (76244, 11767)
2022-08-10 15:50:51.089 *** Mouse movement (LeftButton) ***  Mouse coords: (921, 134) (75982, 11610)
2022-08-10 15:50:51.243 *** Mouse movement (LeftButton) ***  Mouse coords: (699, 61) (64384, 7796)
2022-08-10 15:50:51.256 *** Mouse movement (LeftButton) ***  Mouse coords: (676, 61) (63182, 7796)
2022-08-10 15:50:51.273 *** Mouse movement (LeftButton) ***  Mouse coords: (650, 61) (61824, 7796)
2022-08-10 15:50:51.289 *** Mouse movement (LeftButton) ***  Mouse coords: (633, 61) (60936, 7796)
2022-08-10 15:50:51.306 *** Mouse movement (LeftButton) ***  Mouse coords: (614, 61) (59943, 7796)
2022-08-10 15:50:51.323 *** Mouse movement (LeftButton) ***  Mouse coords: (599, 63) (59160, 7900)
2022-08-10 15:50:51.339 *** Mouse movement (LeftButton) ***  Mouse coords: (592, 64) (58794, 7953)
2022-08-10 15:50:51.356 *** Mouse movement (LeftButton) ***  Mouse coords: (589, 65) (58637, 8005)
2022-08-10 15:50:51.489 *** Mouse movement (LeftButton) ***  Mouse coords: (434, 103) (50539, 9990)
2022-08-10 15:50:51.506 *** Mouse movement (LeftButton) ***  Mouse coords: (402, 116) (48867, 10669)
2022-08-10 15:50:51.523 *** Mouse movement (LeftButton) ***  Mouse coords: (382, 127) (47822, 11244)
2022-08-10 15:50:51.539 *** Mouse movement (LeftButton) ***  Mouse coords: (364, 139) (46882, 11871)
2022-08-10 15:50:51.556 *** Mouse movement (LeftButton) ***  Mouse coords: (357, 146) (46516, 12237)
2022-08-10 15:50:51.573 *** Mouse movement (LeftButton) ***  Mouse coords: (343, 158) (45785, 12864)
2022-08-10 15:50:51.589 *** Mouse movement (LeftButton) ***  Mouse coords: (339, 161) (45576, 13020)
2022-08-10 15:50:56.958 *** Mouse movement (LeftButton) ***  Mouse coords: (517, 293) (46287, 17584)
2022-08-10 15:50:57.160 *** Mouse movement (LeftButton) ***  Mouse coords: (518, 295) (46292, 17595)
2022-08-10 15:50:57.400 *** Mouse movement (LeftButton) ***  Mouse coords: (518, 296) (46292, 17600)
2022-08-10 15:50:57.422 *** Mouse movement (LeftButton) ***  Mouse coords: (519, 298) (46298, 17611)
2022-08-10 15:50:57.441 *** Mouse movement (LeftButton) ***  Mouse coords: (520, 299) (46303, 17617)
2022-08-10 15:50:57.458 *** Mouse movement (LeftButton) ***  Mouse coords: (522, 300) (46314, 17623)
2022-08-10 15:50:57.865 *** Mouse movement (LeftButton) ***  Mouse coords: (574, 325) (46604, 17762)
2022-08-10 15:50:57.880 *** Mouse movement (LeftButton) ***  Mouse coords: (574, 326) (46604, 17767)
2022-08-10 15:50:57.890 *** Mouse movement (LeftButton) ***  Mouse coords: (574, 327) (46604, 17773)
2022-08-10 15:50:57.907 *** Mouse movement (LeftButton) ***  Mouse coords: (575, 329) (46610, 17784)
2022-08-10 15:50:57.923 *** Mouse movement (LeftButton) ***  Mouse coords: (576, 331) (46615, 17795)
2022-08-10 15:50:57.939 *** Mouse movement (LeftButton) ***  Mouse coords: (577, 333) (46621, 17806)
2022-08-10 15:50:57.956 *** Mouse movement (LeftButton) ***  Mouse coords: (579, 334) (46632, 17812)
2022-08-10 15:50:58.307 *** Mouse movement (LeftButton) ***  Mouse coords: (593, 355) (46710, 17929)
2022-08-10 15:50:58.330 *** Mouse movement (LeftButton) ***  Mouse coords: (594, 355) (46716, 17929)
2022-08-10 15:50:58.473 *** Mouse movement (LeftButton) ***  Mouse coords: (597, 360) (46732, 17957)
2022-08-10 15:50:58.495 *** Mouse movement (LeftButton) ***  Mouse coords: (597, 361) (46732, 17962)
2022-08-10 15:50:58.640 *** Mouse movement (LeftButton) ***  Mouse coords: (599, 365) (46743, 17985)
2022-08-10 15:50:58.656 *** Mouse movement (LeftButton) ***  Mouse coords: (600, 366) (46749, 17990)
2022-08-10 15:50:58.673 *** Mouse movement (LeftButton) ***  Mouse coords: (601, 367) (46755, 17996)
2022-08-10 15:51:00.010 *** Mouse movement (LeftButton) ***  Mouse coords: (607, 369) (46788, 18007)
2022-08-10 15:51:00.265 *** Mouse movement (LeftButton) ***  Mouse coords: (607, 370) (46788, 18012)
2022-08-10 15:51:00.286 *** Mouse movement (LeftButton) ***  Mouse coords: (607, 371) (46788, 18018)
2022-08-10 15:51:00.633 *** Mouse movement (LeftButton) ***  Mouse coords: (613, 380) (46821, 18068)
2022-08-10 15:51:00.655 *** Mouse movement (LeftButton) ***  Mouse coords: (614, 380) (46827, 18068)
2022-08-10 15:51:00.700 *** Mouse movement (LeftButton) ***  Mouse coords: (615, 381) (46832, 18074)
2022-08-10 15:51:00.796 *** Mouse movement (LeftButton) ***  Mouse coords: (624, 392) (46883, 18135)
2022-08-10 15:51:00.807 *** Mouse movement (LeftButton) ***  Mouse coords: (627, 396) (46899, 18157)
2022-08-10 15:51:00.823 *** Mouse movement (LeftButton) ***  Mouse coords: (629, 399) (46910, 18174)
2022-08-10 15:51:00.840 *** Mouse movement (LeftButton) ***  Mouse coords: (631, 401) (46922, 18185)
2022-08-10 15:51:00.857 *** Mouse movement (LeftButton) ***  Mouse coords: (633, 404) (46933, 18202)
2022-08-10 15:51:00.873 *** Mouse movement (LeftButton) ***  Mouse coords: (634, 405) (46938, 18207)
2022-08-10 15:51:01.060 *** Mouse movement (LeftButton) ***  Mouse coords: (675, 470) (47167, 18569)
2022-08-10 15:51:01.073 *** Mouse movement (LeftButton) ***  Mouse coords: (681, 482) (47200, 18636)
2022-08-10 15:51:01.090 *** Mouse movement (LeftButton) ***  Mouse coords: (686, 492) (47228, 18692)
2022-08-10 15:51:01.106 *** Mouse movement (LeftButton) ***  Mouse coords: (690, 504) (47250, 18759)
2022-08-10 15:51:01.123 *** Mouse movement (LeftButton) ***  Mouse coords: (693, 513) (47267, 18809)
2022-08-10 15:51:01.139 *** Mouse movement (LeftButton) ***  Mouse coords: (697, 519) (47289, 18842)
2022-08-10 15:51:01.156 *** Mouse movement (LeftButton) ***  Mouse coords: (699, 522) (47300, 18859)
2022-08-10 15:51:01.173 *** Mouse movement (LeftButton) ***  Mouse coords: (701, 525) (47312, 18876)
2022-08-10 15:51:06.153 *** Mouse movement (LeftButton) ***  Mouse coords: (728, 453) (68883, 33860)
2022-08-10 15:51:06.176 *** Mouse movement (LeftButton) ***  Mouse coords: (728, 452) (68883, 33812)
2022-08-10 15:51:06.293 *** Mouse movement (LeftButton) ***  Mouse coords: (803, 400) (72504, 31301)
2022-08-10 15:51:06.306 *** Mouse movement (LeftButton) ***  Mouse coords: (805, 398) (72601, 31205)
2022-08-10 15:51:06.323 *** Mouse movement (LeftButton) ***  Mouse coords: (807, 396) (72697, 31108)
2022-08-10 15:51:06.340 *** Mouse movement (LeftButton) ***  Mouse coords: (809, 394) (72794, 31012)
2022-08-10 15:51:06.356 *** Mouse movement (LeftButton) ***  Mouse coords: (811, 390) (72890, 30818)
2022-08-10 15:51:06.373 *** Mouse movement (LeftButton) ***  Mouse coords: (814, 385) (73035, 30577)
2022-08-10 15:51:06.389 *** Mouse movement (LeftButton) ***  Mouse coords: (818, 379) (73228, 30287)
2022-08-10 15:51:06.523 *** Mouse movement (LeftButton) ***  Mouse coords: (853, 332) (74918, 28018)
2022-08-10 15:51:06.539 *** Mouse movement (LeftButton) ***  Mouse coords: (853, 331) (74918, 27970)
2022-08-10 15:51:06.556 *** Mouse movement (LeftButton) ***  Mouse coords: (853, 329) (74918, 27873)
2022-08-10 15:51:06.573 *** Mouse movement (LeftButton) ***  Mouse coords: (857, 321) (75111, 27487)
2022-08-10 15:51:06.589 *** Mouse movement (LeftButton) ***  Mouse coords: (858, 319) (75160, 27391)
2022-08-10 15:51:06.729 *** Mouse movement (LeftButton) ***  Mouse coords: (845, 158) (74532, 19617)
2022-08-10 15:51:06.740 *** Mouse movement (LeftButton) ***  Mouse coords: (838, 141) (74194, 18797)
2022-08-10 15:51:06.756 *** Mouse movement (LeftButton) ***  Mouse coords: (836, 135) (74097, 18507)
2022-08-10 15:51:06.773 *** Mouse movement (LeftButton) ***  Mouse coords: (830, 120) (73808, 17783)
2022-08-10 15:51:06.789 *** Mouse movement (LeftButton) ***  Mouse coords: (827, 113) (73663, 17445)
2022-08-10 15:51:06.806 *** Mouse movement (LeftButton) ***  Mouse coords: (823, 101) (73470, 16865)
2022-08-10 15:51:06.823 *** Mouse movement (LeftButton) ***  Mouse coords: (822, 92) (73421, 16431)
2022-08-10 15:51:06.956 *** Mouse movement (LeftButton) ***  Mouse coords: (731, -13) (69028, 11361)
2022-08-10 15:51:06.973 *** Mouse movement (LeftButton) ***  Mouse coords: (728, -14) (68883, 11313)
2022-08-10 15:51:06.989 *** Mouse movement (LeftButton) ***  Mouse coords: (726, -14) (68787, 11313)
2022-08-10 15:51:07.006 *** Mouse movement (LeftButton) ***  Mouse coords: (723, -15) (68642, 11265)
2022-08-10 15:51:07.023 *** Mouse movement (LeftButton) ***  Mouse coords: (715, -16) (68255, 11216)
2022-08-10 15:51:07.039 *** Mouse movement (LeftButton) ***  Mouse coords: (707, -16) (67869, 11216)
2022-08-10 15:51:07.058 *** Mouse movement (LeftButton) ***  Mouse coords: (703, -16) (67676, 11216)
2022-08-10 15:51:07.206 *** Mouse movement (LeftButton) ***  Mouse coords: (507, -6) (58213, 11699)
2022-08-10 15:51:07.223 *** Mouse movement (LeftButton) ***  Mouse coords: (495, -6) (57634, 11699)
2022-08-10 15:51:07.240 *** Mouse movement (LeftButton) ***  Mouse coords: (488, -5) (57296, 11748)
2022-08-10 15:51:07.256 *** Mouse movement (LeftButton) ***  Mouse coords: (485, -5) (57151, 11748)
2022-08-10 15:51:07.273 *** Mouse movement (LeftButton) ***  Mouse coords: (483, -5) (57054, 11748)
2022-08-10 15:51:07.289 *** Mouse movement (LeftButton) ***  Mouse coords: (481, -5) (56958, 11748)
2022-08-10 15:51:07.306 *** Mouse movement (LeftButton) ***  Mouse coords: (479, -5) (56861, 11748)
2022-08-10 15:51:07.323 *** Mouse movement (LeftButton) ***  Mouse coords: (478, -4) (56813, 11796)
2022-08-10 15:51:07.473 *** Mouse movement (LeftButton) ***  Mouse coords: (390, 31) (52564, 13486)
2022-08-10 15:51:07.489 *** Mouse movement (LeftButton) ***  Mouse coords: (384, 33) (52275, 13582)
2022-08-10 15:51:07.506 *** Mouse movement (LeftButton) ***  Mouse coords: (379, 35) (52033, 13679)
2022-08-10 15:51:07.523 *** Mouse movement (LeftButton) ***  Mouse coords: (377, 36) (51937, 13727)
2022-08-10 15:51:07.540 *** Mouse movement (LeftButton) ***  Mouse coords: (375, 37) (51840, 13775)
2022-08-10 15:51:07.556 *** Mouse movement (LeftButton) ***  Mouse coords: (374, 37) (51792, 13775)
2022-08-10 15:51:07.660 *** Mouse movement (LeftButton) ***  Mouse coords: (334, 74) (49860, 15562)
2022-08-10 15:51:07.673 *** Mouse movement (LeftButton) ***  Mouse coords: (324, 82) (49378, 15948)
2022-08-10 15:51:07.690 *** Mouse movement (LeftButton) ***  Mouse coords: (309, 99) (48653, 16769)
2022-08-10 15:51:07.706 *** Mouse movement (LeftButton) ***  Mouse coords: (301, 108) (48267, 17203)
2022-08-10 15:51:07.723 *** Mouse movement (LeftButton) ***  Mouse coords: (296, 114) (48026, 17493)
2022-08-10 15:51:07.739 *** Mouse movement (LeftButton) ***  Mouse coords: (291, 123) (47784, 17927)
2022-08-10 15:51:07.756 *** Mouse movement (LeftButton) ***  Mouse coords: (286, 135) (47543, 18507)
2022-08-10 15:51:07.773 *** Mouse movement (LeftButton) ***  Mouse coords: (285, 138) (47495, 18652)
2022-08-10 15:51:07.889 *** Mouse movement (LeftButton) ***  Mouse coords: (265, 234) (46529, 23287)
2022-08-10 15:51:07.906 *** Mouse movement (LeftButton) ***  Mouse coords: (264, 247) (46481, 23914)
2022-08-10 15:51:07.923 *** Mouse movement (LeftButton) ***  Mouse coords: (262, 263) (46384, 24687)
2022-08-10 15:51:07.939 *** Mouse movement (LeftButton) ***  Mouse coords: (263, 271) (46433, 25073)
2022-08-10 15:51:07.956 *** Mouse movement (LeftButton) ***  Mouse coords: (266, 287) (46577, 25846)
2022-08-10 15:51:07.973 *** Mouse movement (LeftButton) ***  Mouse coords: (270, 302) (46771, 26570)
2022-08-10 15:51:07.989 *** Mouse movement (LeftButton) ***  Mouse coords: (272, 310) (46867, 26956)
2022-08-10 15:51:08.089 *** Mouse movement (LeftButton) ***  Mouse coords: (296, 365) (48026, 29611)
2022-08-10 15:51:08.106 *** Mouse movement (LeftButton) ***  Mouse coords: (299, 370) (48171, 29853)
2022-08-10 15:51:08.123 *** Mouse movement (LeftButton) ***  Mouse coords: (302, 375) (48316, 30094)
2022-08-10 15:51:08.140 *** Mouse movement (LeftButton) ***  Mouse coords: (310, 386) (48702, 30625)
2022-08-10 15:51:08.156 *** Mouse movement (LeftButton) ***  Mouse coords: (315, 390) (48943, 30818)
2022-08-10 15:51:08.273 *** Mouse movement (LeftButton) ***  Mouse coords: (350, 420) (50633, 32267)
2022-08-10 15:51:08.290 *** Mouse movement (LeftButton) ***  Mouse coords: (353, 425) (50778, 32508)
2022-08-10 15:51:08.306 *** Mouse movement (LeftButton) ***  Mouse coords: (357, 432) (50971, 32846)
2022-08-10 15:51:08.323 *** Mouse movement (LeftButton) ***  Mouse coords: (360, 436) (51116, 33039)
2022-08-10 15:51:08.339 *** Mouse movement (LeftButton) ***  Mouse coords: (363, 440) (51261, 33232)
2022-08-10 15:51:08.356 *** Mouse movement (LeftButton) ***  Mouse coords: (368, 445) (51502, 33474)
2022-08-10 15:51:08.373 *** Mouse movement (LeftButton) ***  Mouse coords: (370, 447) (51599, 33570)
2022-08-10 15:51:08.473 *** Mouse movement (LeftButton) ***  Mouse coords: (400, 467) (53047, 34536)
2022-08-10 15:51:08.489 *** Mouse movement (LeftButton) ***  Mouse coords: (403, 470) (53192, 34681)
2022-08-10 15:51:08.506 *** Mouse movement (LeftButton) ***  Mouse coords: (410, 474) (53530, 34874)
2022-08-10 15:51:08.523 *** Mouse movement (LeftButton) ***  Mouse coords: (423, 479) (54157, 35115)
2022-08-10 15:51:08.539 *** Mouse movement (LeftButton) ***  Mouse coords: (426, 480) (54302, 35164)
2022-08-10 15:51:08.643 *** Mouse movement (LeftButton) ***  Mouse coords: (489, 485) (57344, 35405)
2022-08-10 15:51:08.656 *** Mouse movement (LeftButton) ***  Mouse coords: (495, 486) (57634, 35453)
2022-08-10 15:51:08.673 *** Mouse movement (LeftButton) ***  Mouse coords: (503, 486) (58020, 35453)
2022-08-10 15:51:08.689 *** Mouse movement (LeftButton) ***  Mouse coords: (509, 486) (58310, 35453)
2022-08-10 15:51:08.707 *** Mouse movement (LeftButton) ***  Mouse coords: (512, 486) (58454, 35453)
2022-08-10 15:51:08.723 *** Mouse movement (LeftButton) ***  Mouse coords: (515, 486) (58599, 35453)
2022-08-10 15:51:14.406 *** Mouse movement (LeftButton) ***  Mouse coords: (259, 453) (37703, 30021)
2022-08-10 15:51:14.423 *** Mouse movement (LeftButton) ***  Mouse coords: (259, 454) (37703, 30105)
2022-08-10 15:51:16.203 *** Mouse movement (LeftButton) ***  Mouse coords: (782, 264) (81892, 14052)
2022-08-10 15:51:16.225 *** Mouse movement (LeftButton) ***  Mouse coords: (782, 262) (81892, 13883)
2022-08-10 15:51:16.247 *** Mouse movement (LeftButton) ***  Mouse coords: (782, 261) (81892, 13799)
2022-08-10 15:51:16.256 *** Mouse movement (LeftButton) ***  Mouse coords: (780, 260) (81723, 13714)
2022-08-10 15:51:16.475 *** Mouse movement (LeftButton) ***  Mouse coords: (668, 159) (72260, 5181)
2022-08-10 15:51:16.489 *** Mouse movement (LeftButton) ***  Mouse coords: (665, 158) (72006, 5096)
2022-08-10 15:51:16.506 *** Mouse movement (LeftButton) ***  Mouse coords: (663, 158) (71837, 5096)
2022-08-10 15:51:16.776 *** Mouse movement (LeftButton) ***  Mouse coords: (439, 131) (52911, 2815)
2022-08-10 15:51:16.789 *** Mouse movement (LeftButton) ***  Mouse coords: (435, 131) (52573, 2815)
2022-08-10 15:51:16.806 *** Mouse movement (LeftButton) ***  Mouse coords: (430, 132) (52151, 2899)
2022-08-10 15:51:16.823 *** Mouse movement (LeftButton) ***  Mouse coords: (427, 133) (51897, 2984)
2022-08-10 15:51:16.839 *** Mouse movement (LeftButton) ***  Mouse coords: (424, 134) (51644, 3068)
2022-08-10 15:51:16.856 *** Mouse movement (LeftButton) ***  Mouse coords: (421, 135) (51390, 3153)
2022-08-10 15:51:16.873 *** Mouse movement (LeftButton) ***  Mouse coords: (419, 136) (51221, 3237)
2022-08-10 15:51:17.075 *** Mouse movement (LeftButton) ***  Mouse coords: (321, 192) (42941, 7969)
2022-08-10 15:51:17.089 *** Mouse movement (LeftButton) ***  Mouse coords: (311, 201) (42096, 8729)
2022-08-10 15:51:17.107 *** Mouse movement (LeftButton) ***  Mouse coords: (302, 208) (41336, 9321)
2022-08-10 15:51:17.128 *** Mouse movement (LeftButton) ***  Mouse coords: (296, 212) (40829, 9659)
2022-08-10 15:51:17.139 *** Mouse movement (LeftButton) ***  Mouse coords: (294, 214) (40660, 9828)
2022-08-10 15:51:17.156 *** Mouse movement (LeftButton) ***  Mouse coords: (290, 217) (40322, 10081)
2022-08-10 15:51:17.173 *** Mouse movement (LeftButton) ***  Mouse coords: (289, 218) (40237, 10166)
2022-08-10 15:51:17.189 *** Mouse movement (LeftButton) ***  Mouse coords: (287, 219) (40068, 10250)
2022-08-10 15:51:17.323 *** Mouse movement (LeftButton) ***  Mouse coords: (255, 269) (37365, 14475)
2022-08-10 15:51:17.339 *** Mouse movement (LeftButton) ***  Mouse coords: (253, 274) (37196, 14897)
2022-08-10 15:51:17.356 *** Mouse movement (LeftButton) ***  Mouse coords: (249, 284) (36858, 15742)
2022-08-10 15:51:17.373 *** Mouse movement (LeftButton) ***  Mouse coords: (243, 297) (36351, 16840)
2022-08-10 15:51:17.389 *** Mouse movement (LeftButton) ***  Mouse coords: (241, 302) (36182, 17263)
2022-08-10 15:51:17.406 *** Mouse movement (LeftButton) ***  Mouse coords: (238, 308) (35928, 17770)
2022-08-10 15:51:17.423 *** Mouse movement (LeftButton) ***  Mouse coords: (238, 310) (35928, 17939)
2022-08-10 15:51:17.440 *** Mouse movement (LeftButton) ***  Mouse coords: (237, 312) (35844, 18108)
2022-08-10 15:51:17.593 *** Mouse movement (LeftButton) ***  Mouse coords: (236, 359) (35759, 22079)
2022-08-10 15:51:17.606 *** Mouse movement (LeftButton) ***  Mouse coords: (239, 369) (36013, 22924)
2022-08-10 15:51:17.623 *** Mouse movement (LeftButton) ***  Mouse coords: (241, 380) (36182, 23853)
2022-08-10 15:51:17.639 *** Mouse movement (LeftButton) ***  Mouse coords: (243, 389) (36351, 24614)
2022-08-10 15:51:17.656 *** Mouse movement (LeftButton) ***  Mouse coords: (246, 400) (36604, 25543)
2022-08-10 15:51:17.673 *** Mouse movement (LeftButton) ***  Mouse coords: (249, 409) (36858, 26303)
2022-08-10 15:51:17.689 *** Mouse movement (LeftButton) ***  Mouse coords: (251, 414) (37027, 26726)
2022-08-10 15:51:17.706 *** Mouse movement (LeftButton) ***  Mouse coords: (252, 416) (37111, 26895)
2022-08-10 15:51:17.989 *** Mouse movement (LeftButton) ***  Mouse coords: (297, 479) (40913, 32218)
2022-08-10 15:51:18.010 *** Mouse movement (LeftButton) ***  Mouse coords: (298, 479) (40998, 32218)
2022-08-10 15:51:18.023 *** Mouse movement (LeftButton) ***  Mouse coords: (298, 480) (40998, 32302)
2022-08-10 15:51:18.040 *** Mouse movement (LeftButton) ***  Mouse coords: (300, 483) (41167, 32556)
2022-08-10 15:51:18.352 *** Mouse movement (LeftButton) ***  Mouse coords: (341, 536) (44631, 37034)
2022-08-10 15:51:18.362 *** Mouse movement (LeftButton) ***  Mouse coords: (343, 538) (44800, 37203)
2022-08-10 15:51:18.373 *** Mouse movement (LeftButton) ***  Mouse coords: (344, 540) (44884, 37372)
2022-08-10 15:51:18.390 *** Mouse movement (LeftButton) ***  Mouse coords: (345, 541) (44969, 37456)
2022-08-10 15:51:18.406 *** Mouse movement (LeftButton) ***  Mouse coords: (346, 543) (45053, 37625)
2022-08-10 15:51:18.423 *** Mouse movement (LeftButton) ***  Mouse coords: (348, 545) (45222, 37794)
2022-08-10 15:51:18.439 *** Mouse movement (LeftButton) ***  Mouse coords: (349, 546) (45307, 37879)
2022-08-10 15:51:18.457 *** Mouse movement (LeftButton) ***  Mouse coords: (351, 549) (45476, 38132)
2022-08-10 15:51:18.656 *** Mouse movement (LeftButton) ***  Mouse coords: (404, 592) (49954, 41765)
2022-08-10 15:51:18.673 *** Mouse movement (LeftButton) ***  Mouse coords: (408, 595) (50292, 42019)
2022-08-10 15:51:18.689 *** Mouse movement (LeftButton) ***  Mouse coords: (410, 597) (50461, 42188)
2022-08-10 15:51:18.706 *** Mouse movement (LeftButton) ***  Mouse coords: (413, 599) (50714, 42357)
2022-08-10 15:51:18.723 *** Mouse movement (LeftButton) ***  Mouse coords: (415, 601) (50883, 42526)
2022-08-10 15:51:18.739 *** Mouse movement (LeftButton) ***  Mouse coords: (417, 601) (51052, 42526)
2022-08-10 15:51:18.756 *** Mouse movement (LeftButton) ***  Mouse coords: (420, 603) (51306, 42695)
2022-08-10 15:51:18.773 *** Mouse movement (LeftButton) ***  Mouse coords: (423, 604) (51559, 42779)
2022-08-10 15:51:19.074 *** Mouse movement (LeftButton) ***  Mouse coords: (498, 632) (57896, 45145)
2022-08-10 15:51:19.089 *** Mouse movement (LeftButton) ***  Mouse coords: (500, 632) (58065, 45145)
2022-08-10 15:51:19.106 *** Mouse movement (LeftButton) ***  Mouse coords: (502, 633) (58234, 45229)
2022-08-10 15:51:19.123 *** Mouse movement (LeftButton) ***  Mouse coords: (504, 633) (58403, 45229)
2022-08-10 15:51:19.139 *** Mouse movement (LeftButton) ***  Mouse coords: (506, 634) (58572, 45314)
2022-08-10 15:51:19.157 *** Mouse movement (LeftButton) ***  Mouse coords: (511, 634) (58994, 45314)
2022-08-10 15:51:19.310 *** Mouse movement (LeftButton) ***  Mouse coords: (559, 633) (63050, 45229)
2022-08-10 15:51:19.323 *** Mouse movement (LeftButton) ***  Mouse coords: (562, 632) (63304, 45145)
2022-08-10 15:51:19.339 *** Mouse movement (LeftButton) ***  Mouse coords: (564, 632) (63472, 45145)
2022-08-10 15:51:19.356 *** Mouse movement (LeftButton) ***  Mouse coords: (568, 632) (63810, 45145)
2022-08-10 15:51:19.373 *** Mouse movement (LeftButton) ***  Mouse coords: (574, 632) (64317, 45145)
2022-08-10 15:51:19.390 *** Mouse movement (LeftButton) ***  Mouse coords: (581, 632) (64909, 45145)
2022-08-10 15:51:19.406 *** Mouse movement (LeftButton) ***  Mouse coords: (584, 632) (65162, 45145)
2022-08-10 15:51:19.544 *** Mouse movement (LeftButton) ***  Mouse coords: (664, 613) (71922, 43540)
2022-08-10 15:51:19.556 *** Mouse movement (LeftButton) ***  Mouse coords: (665, 613) (72006, 43540)
2022-08-10 15:51:19.592 *** Mouse movement (LeftButton) ***  Mouse coords: (665, 612) (72006, 43455)
2022-08-10 15:51:19.600 *** Mouse movement (LeftButton) ***  Mouse coords: (666, 612) (72091, 43455)
2022-08-10 15:51:19.607 *** Mouse movement (LeftButton) ***  Mouse coords: (668, 611) (72260, 43371)
2022-08-10 15:51:19.623 *** Mouse movement (LeftButton) ***  Mouse coords: (669, 610) (72344, 43286)
2022-08-10 15:51:19.639 *** Mouse movement (LeftButton) ***  Mouse coords: (678, 603) (73104, 42695)
2022-08-10 15:51:19.656 *** Mouse movement (LeftButton) ***  Mouse coords: (686, 595) (73780, 42019)
2022-08-10 15:51:19.860 *** Mouse movement (LeftButton) ***  Mouse coords: (774, 529) (81216, 36442)
2022-08-10 15:51:19.873 *** Mouse movement (LeftButton) ***  Mouse coords: (779, 524) (81638, 36020)
2022-08-10 15:51:19.889 *** Mouse movement (LeftButton) ***  Mouse coords: (780, 522) (81723, 35851)
2022-08-10 15:51:19.906 *** Mouse movement (LeftButton) ***  Mouse coords: (782, 519) (81892, 35597)
2022-08-10 15:51:19.923 *** Mouse movement (LeftButton) ***  Mouse coords: (783, 516) (81976, 35344)
2022-08-10 15:51:19.939 *** Mouse movement (LeftButton) ***  Mouse coords: (784, 516) (82061, 35344)
2022-08-10 15:51:19.956 *** Mouse movement (LeftButton) ***  Mouse coords: (785, 513) (82145, 35090)
2022-08-10 15:51:19.973 *** Mouse movement (LeftButton) ***  Mouse coords: (788, 509) (82399, 34752)
2022-08-10 15:51:20.227 *** Mouse movement (LeftButton) ***  Mouse coords: (825, 352) (85525, 21487)
2022-08-10 15:51:20.240 *** Mouse movement (LeftButton) ***  Mouse coords: (825, 350) (85525, 21318)
2022-08-10 15:51:20.256 *** Mouse movement (LeftButton) ***  Mouse coords: (825, 348) (85525, 21149)
2022-08-10 15:51:20.273 *** Mouse movement (LeftButton) ***  Mouse coords: (824, 346) (85440, 20980)
2022-08-10 15:51:20.290 *** Mouse movement (LeftButton) ***  Mouse coords: (824, 341) (85440, 20558)
2022-08-10 15:51:20.306 *** Mouse movement (LeftButton) ***  Mouse coords: (822, 331) (85271, 19713)
2022-08-10 15:51:20.323 *** Mouse movement (LeftButton) ***  Mouse coords: (822, 326) (85271, 19291)
2022-08-10 15:51:20.566 *** Mouse movement (LeftButton) ***  Mouse coords: (802, 240) (83581, 12024)
2022-08-10 15:51:20.587 *** Mouse movement (LeftButton) ***  Mouse coords: (801, 238) (83497, 11855)
2022-08-10 15:51:20.606 *** Mouse movement (LeftButton) ***  Mouse coords: (799, 235) (83328, 11602)
2022-08-10 15:51:20.623 *** Mouse movement (LeftButton) ***  Mouse coords: (798, 233) (83243, 11433)
2022-08-10 15:51:20.639 *** Mouse movement (LeftButton) ***  Mouse coords: (796, 231) (83074, 11264)
2022-08-10 15:51:20.656 *** Mouse movement (LeftButton) ***  Mouse coords: (796, 230) (83074, 11179)
2022-08-10 15:51:20.673 *** Mouse movement (LeftButton) ***  Mouse coords: (792, 226) (82737, 10841)
2022-08-10 15:51:20.689 *** Mouse movement (LeftButton) ***  Mouse coords: (791, 223) (82652, 10588)
2022-08-10 15:51:20.923 *** Mouse movement (LeftButton) ***  Mouse coords: (663, 138) (71837, 3406)
2022-08-10 15:51:20.940 *** Mouse movement (LeftButton) ***  Mouse coords: (658, 136) (71415, 3237)
2022-08-10 15:51:20.956 *** Mouse movement (LeftButton) ***  Mouse coords: (654, 135) (71077, 3153)
2022-08-10 15:51:20.973 *** Mouse movement (LeftButton) ***  Mouse coords: (650, 135) (70739, 3153)
2022-08-10 15:51:20.990 *** Mouse movement (LeftButton) ***  Mouse coords: (647, 134) (70485, 3068)
2022-08-10 15:51:21.211 *** Mouse movement (LeftButton) ***  Mouse coords: (518, 98) (59586, 27)
2022-08-10 15:51:21.223 *** Mouse movement (LeftButton) ***  Mouse coords: (514, 98) (59248, 27)
2022-08-10 15:51:21.239 *** Mouse movement (LeftButton) ***  Mouse coords: (510, 98) (58910, 27)
2022-08-10 15:51:21.256 *** Mouse movement (LeftButton) ***  Mouse coords: (506, 98) (58572, 27)
2022-08-10 15:51:21.273 *** Mouse movement (LeftButton) ***  Mouse coords: (499, 98) (57981, 27)
2022-08-10 15:51:21.290 *** Mouse movement (LeftButton) ***  Mouse coords: (495, 98) (57643, 27)
2022-08-10 15:51:21.306 *** Mouse movement (LeftButton) ***  Mouse coords: (491, 99) (57305, 111)
2022-08-10 15:51:21.323 *** Mouse movement (LeftButton) ***  Mouse coords: (487, 100) (56967, 196)
2022-08-10 15:51:21.339 *** Mouse movement (LeftButton) ***  Mouse coords: (482, 102) (56544, 365)
2022-08-10 15:51:21.543 *** Mouse movement (LeftButton) ***  Mouse coords: (376, 118) (47588, 1716)
2022-08-10 15:51:21.556 *** Mouse movement (LeftButton) ***  Mouse coords: (373, 119) (47335, 1801)
2022-08-10 15:51:21.573 *** Mouse movement (LeftButton) ***  Mouse coords: (368, 122) (46912, 2054)
2022-08-10 15:51:21.590 *** Mouse movement (LeftButton) ***  Mouse coords: (364, 124) (46574, 2223)
2022-08-10 15:51:21.606 *** Mouse movement (LeftButton) ***  Mouse coords: (360, 127) (46236, 2477)
2022-08-10 15:51:21.623 *** Mouse movement (LeftButton) ***  Mouse coords: (357, 128) (45983, 2561)
2022-08-10 15:51:21.640 *** Mouse movement (LeftButton) ***  Mouse coords: (355, 129) (45814, 2646)
2022-08-10 15:51:21.656 *** Mouse movement (LeftButton) ***  Mouse coords: (353, 131) (45645, 2815)
2022-08-10 15:51:21.810 *** Mouse movement (LeftButton) ***  Mouse coords: (301, 191) (41251, 7884)
2022-08-10 15:51:21.823 *** Mouse movement (LeftButton) ***  Mouse coords: (296, 200) (40829, 8645)
2022-08-10 15:51:21.839 *** Mouse movement (LeftButton) ***  Mouse coords: (293, 207) (40575, 9236)
2022-08-10 15:51:21.856 *** Mouse movement (LeftButton) ***  Mouse coords: (287, 220) (40068, 10334)
2022-08-10 15:51:21.873 *** Mouse movement (LeftButton) ***  Mouse coords: (281, 237) (39561, 11771)
2022-08-10 15:51:21.889 *** Mouse movement (LeftButton) ***  Mouse coords: (277, 246) (39223, 12531)
2022-08-10 15:51:21.907 *** Mouse movement (LeftButton) ***  Mouse coords: (275, 250) (39054, 12869)
2022-08-10 15:51:21.923 *** Mouse movement (LeftButton) ***  Mouse coords: (274, 255) (38970, 13292)
2022-08-10 15:51:21.940 *** Mouse movement (LeftButton) ***  Mouse coords: (272, 259) (38801, 13630)
2022-08-10 15:51:22.090 *** Mouse movement (LeftButton) ***  Mouse coords: (274, 357) (38970, 21910)
2022-08-10 15:51:22.106 *** Mouse movement (LeftButton) ***  Mouse coords: (274, 360) (38970, 22163)
2022-08-10 15:51:22.122 *** Mouse movement (LeftButton) ***  Mouse coords: (275, 366) (39054, 22670)
2022-08-10 15:51:22.139 *** Mouse movement (LeftButton) ***  Mouse coords: (276, 372) (39139, 23177)
2022-08-10 15:51:22.156 *** Mouse movement (LeftButton) ***  Mouse coords: (277, 378) (39223, 23684)
2022-08-10 15:51:22.173 *** Mouse movement (LeftButton) ***  Mouse coords: (277, 382) (39223, 24022)
2022-08-10 15:51:22.189 *** Mouse movement (LeftButton) ***  Mouse coords: (277, 384) (39223, 24191)
2022-08-10 15:51:22.206 *** Mouse movement (LeftButton) ***  Mouse coords: (277, 386) (39223, 24360)
2022-08-10 15:51:22.473 *** Mouse movement (LeftButton) ***  Mouse coords: (315, 467) (42434, 31204)
2022-08-10 15:51:22.489 *** Mouse movement (LeftButton) ***  Mouse coords: (317, 472) (42603, 31626)
2022-08-10 15:51:22.506 *** Mouse movement (LeftButton) ***  Mouse coords: (319, 479) (42772, 32218)
2022-08-10 15:51:22.523 *** Mouse movement (LeftButton) ***  Mouse coords: (320, 483) (42857, 32556)
2022-08-10 15:51:22.539 *** Mouse movement (LeftButton) ***  Mouse coords: (321, 486) (42941, 32809)
2022-08-10 15:51:22.556 *** Mouse movement (LeftButton) ***  Mouse coords: (322, 488) (43026, 32978)
2022-08-10 15:51:22.573 *** Mouse movement (LeftButton) ***  Mouse coords: (322, 490) (43026, 33147)
2022-08-10 15:51:22.789 *** Mouse movement (LeftButton) ***  Mouse coords: (337, 565) (44293, 39484)
2022-08-10 15:51:22.806 *** Mouse movement (LeftButton) ***  Mouse coords: (340, 578) (44546, 40582)
2022-08-10 15:51:22.823 *** Mouse movement (LeftButton) ***  Mouse coords: (342, 586) (44715, 41258)
2022-08-10 15:51:22.840 *** Mouse movement (LeftButton) ***  Mouse coords: (343, 591) (44800, 41681)
2022-08-10 15:51:22.856 *** Mouse movement (LeftButton) ***  Mouse coords: (345, 596) (44969, 42103)
2022-08-10 15:51:22.873 *** Mouse movement (LeftButton) ***  Mouse coords: (346, 598) (45053, 42272)
2022-08-10 15:51:22.889 *** Mouse movement (LeftButton) ***  Mouse coords: (347, 600) (45138, 42441)
2022-08-10 15:51:23.060 *** Mouse movement (LeftButton) ***  Mouse coords: (363, 620) (46490, 44131)
2022-08-10 15:51:23.072 *** Mouse movement (LeftButton) ***  Mouse coords: (366, 623) (46743, 44384)
2022-08-10 15:51:23.089 *** Mouse movement (LeftButton) ***  Mouse coords: (368, 624) (46912, 44469)
2022-08-10 15:51:23.106 *** Mouse movement (LeftButton) ***  Mouse coords: (369, 627) (46997, 44722)
2022-08-10 15:51:23.123 *** Mouse movement (LeftButton) ***  Mouse coords: (370, 628) (47081, 44807)
2022-08-10 15:51:23.139 *** Mouse movement (LeftButton) ***  Mouse coords: (371, 629) (47166, 44891)
2022-08-10 15:51:23.156 *** Mouse movement (LeftButton) ***  Mouse coords: (372, 629) (47250, 44891)
2022-08-10 15:51:24.627 *** Keyboard input *** key pressed: key: 16777216; text: ""
2022-08-10 15:51:26.123 *** Program closed.
