2022-09-01 12:30:59.528 *** Start program *** Start program
2022-09-01 12:31:03.594 *** Open case *** /Applications/XAMPP/xamppfiles/htdocs/20220722_Eric_Yang
2022-09-01 12:31:07.982 *** Open processed data
2022-09-01 12:31:07.982 *** Preload all statistics at once.
2022-09-01 12:31:08.529 *** Nuclei stat data loaded, took 0.55 seconds. Total number of nuclei: 670699
2022-09-01 12:31:12.949 *** Mouse movement (LeftButton) ***  Mouse coords: (444, 353) (79351, 34658)
2022-09-01 12:31:12.992 *** Mouse movement (LeftButton) ***  Mouse coords: (446, 354) (79191, 34498)
2022-09-01 12:31:30.723 *** Mouse movement (LeftButton) ***  Mouse coords: (820, 528) (89670, 35045)
2022-09-01 12:31:30.767 *** Mouse movement (LeftButton) ***  Mouse coords: (821, 524) (89664, 35033)
2022-09-01 12:31:30.769 *** Mouse movement (LeftButton) ***  Mouse coords: (821, 523) (89657, 35052)
2022-09-01 12:31:30.798 *** Mouse movement (LeftButton) ***  Mouse coords: (819, 513) (89644, 34993)
2022-09-01 12:31:30.800 *** Mouse movement (LeftButton) ***  Mouse coords: (815, 505) (89630, 35006)
2022-09-01 12:31:30.819 *** Mouse movement (LeftButton) ***  Mouse coords: (811, 498) (89631, 35013)
2022-09-01 12:31:30.837 *** Mouse movement (LeftButton) ***  Mouse coords: (804, 484) (89610, 34966)
2022-09-01 12:31:30.839 *** Mouse movement (LeftButton) ***  Mouse coords: (794, 465) (89591, 34934)
2022-09-01 12:31:30.868 *** Mouse movement (LeftButton) ***  Mouse coords: (762, 419) (89446, 34754)
2022-09-01 12:31:30.898 *** Mouse movement (LeftButton) ***  Mouse coords: (733, 377) (89465, 34782)
2022-09-01 12:31:30.917 *** Mouse movement (LeftButton) ***  Mouse coords: (726, 369) (89610, 35006)
2022-09-01 12:31:30.935 *** Mouse movement (LeftButton) ***  Mouse coords: (725, 367) (89651, 35045)
2022-09-01 12:31:30.964 *** Mouse movement (LeftButton) ***  Mouse coords: (724, 366) (89650, 35053)
2022-09-01 12:31:30.988 *** Mouse movement (LeftButton) ***  Mouse coords: (724, 366) (89657, 35059)
2022-09-01 12:31:31.143 *** Process image overlay spent 0.00 seconds.
2022-09-01 12:31:31.155 *** Get cell color spent 0.01 seconds.
2022-09-01 12:31:31.924 *** Mouse movement (LeftButton) ***  Mouse coords: (614, 415) (88930, 35383)
2022-09-01 12:31:31.989 *** Mouse movement (LeftButton) ***  Mouse coords: (614, 415) (88916, 35383)
2022-09-01 12:31:32.014 *** Mouse movement (LeftButton) ***  Mouse coords: (614, 413) (88916, 35370)
2022-09-01 12:31:32.032 *** Mouse movement (LeftButton) ***  Mouse coords: (614, 412) (88916, 35376)
2022-09-01 12:31:32.060 *** Mouse movement (LeftButton) ***  Mouse coords: (614, 399) (88916, 35297)
2022-09-01 12:31:32.081 *** Mouse movement (LeftButton) ***  Mouse coords: (611, 368) (88896, 35178)
2022-09-01 12:31:32.101 *** Mouse movement (LeftButton) ***  Mouse coords: (610, 355) (88909, 35297)
2022-09-01 12:31:32.119 *** Mouse movement (LeftButton) ***  Mouse coords: (603, 308) (88870, 35072)
2022-09-01 12:31:32.143 *** Mouse movement (LeftButton) ***  Mouse coords: (599, 267) (88889, 35112)
2022-09-01 12:31:32.165 *** Mouse movement (LeftButton) ***  Mouse coords: (597, 247) (88903, 35251)
2022-09-01 12:31:32.184 *** Mouse movement (LeftButton) ***  Mouse coords: (596, 221) (88910, 35211)
2022-09-01 12:31:32.204 *** Mouse movement (LeftButton) ***  Mouse coords: (595, 213) (88909, 35330)
2022-09-01 12:31:32.223 *** Mouse movement (LeftButton) ***  Mouse coords: (595, 212) (88916, 35376)
2022-09-01 12:31:32.332 *** Process image overlay spent 0.00 seconds.
2022-09-01 12:31:32.343 *** Get cell color spent 0.01 seconds.
2022-09-01 12:31:32.701 *** Mouse movement (LeftButton) ***  Mouse coords: (733, 569) (89829, 37745)
2022-09-01 12:31:32.743 *** Mouse movement (LeftButton) ***  Mouse coords: (733, 569) (89816, 37731)
2022-09-01 12:31:32.765 *** Mouse movement (LeftButton) ***  Mouse coords: (731, 566) (89803, 37711)
2022-09-01 12:31:32.784 *** Mouse movement (LeftButton) ***  Mouse coords: (729, 559) (89802, 37684)
2022-09-01 12:31:32.803 *** Mouse movement (LeftButton) ***  Mouse coords: (714, 528) (89717, 37526)
2022-09-01 12:31:32.827 *** Mouse movement (LeftButton) ***  Mouse coords: (663, 441) (89479, 37156)
2022-09-01 12:31:32.854 *** Mouse movement (LeftButton) ***  Mouse coords: (610, 361) (89465, 37202)
2022-09-01 12:31:32.881 *** Mouse movement (LeftButton) ***  Mouse coords: (503, 199) (89109, 36659)
2022-09-01 12:31:32.901 *** Mouse movement (LeftButton) ***  Mouse coords: (461, 140) (89538, 37341)
2022-09-01 12:31:32.920 *** Mouse movement (LeftButton) ***  Mouse coords: (430, 99) (89611, 37460)
2022-09-01 12:31:32.939 *** Mouse movement (LeftButton) ***  Mouse coords: (426, 94) (89789, 37698)
2022-09-01 12:31:32.959 *** Mouse movement (LeftButton) ***  Mouse coords: (425, 93) (89810, 37724)
2022-09-01 12:31:33.096 *** Process image overlay spent 0.00 seconds.
2022-09-01 12:31:33.108 *** Get cell color spent 0.01 seconds.
2022-09-01 12:31:33.379 *** Mouse movement (LeftButton) ***  Mouse coords: (934, 424) (93182, 39920)
2022-09-01 12:31:33.441 *** Mouse movement (LeftButton) ***  Mouse coords: (934, 424) (93182, 39920)
2022-09-01 12:31:33.478 *** Mouse movement (LeftButton) ***  Mouse coords: (934, 423) (93182, 39914)
2022-09-01 12:31:33.504 *** Mouse movement (LeftButton) ***  Mouse coords: (923, 407) (93109, 39814)
2022-09-01 12:31:33.524 *** Mouse movement (LeftButton) ***  Mouse coords: (901, 381) (93037, 39748)
2022-09-01 12:31:33.543 *** Mouse movement (LeftButton) ***  Mouse coords: (865, 343) (92944, 39669)
2022-09-01 12:31:33.564 *** Mouse movement (LeftButton) ***  Mouse coords: (751, 226) (92428, 39146)
2022-09-01 12:31:33.584 *** Mouse movement (LeftButton) ***  Mouse coords: (650, 135) (92514, 39318)
2022-09-01 12:31:33.604 *** Mouse movement (LeftButton) ***  Mouse coords: (517, 34) (92302, 39252)
2022-09-01 12:31:33.624 *** Mouse movement (LeftButton) ***  Mouse coords: (493, 17) (93023, 39808)
2022-09-01 12:31:33.645 *** Mouse movement (LeftButton) ***  Mouse coords: (462, -2) (92977, 39794)
2022-09-01 12:31:33.665 *** Mouse movement (LeftButton) ***  Mouse coords: (451, -9) (93110, 39874)
2022-09-01 12:31:33.684 *** Mouse movement (LeftButton) ***  Mouse coords: (447, -11) (93155, 39906)
2022-09-01 12:31:33.808 *** Process image overlay spent 0.00 seconds.
2022-09-01 12:31:33.816 *** Get cell color spent 0.01 seconds.
2022-09-01 12:31:34.786 *** Mouse movement (LeftButton) ***  Mouse coords: (186, 63) (104819, 34776)
2022-09-01 12:31:34.798 *** Mouse movement (LeftButton) ***  Mouse coords: (186, 63) (104819, 34776)
2022-09-01 12:31:34.866 *** Process image overlay spent 0.00 seconds.
2022-09-01 12:31:34.870 *** Get cell color spent 0.00 seconds.
2022-09-01 12:31:35.348 *** Process image overlay spent 0.00 seconds.
2022-09-01 12:31:35.354 *** Get cell color spent 0.01 seconds.
2022-09-01 12:31:35.637 *** Process image overlay spent 0.00 seconds.
2022-09-01 12:31:35.648 *** Get cell color spent 0.01 seconds.
2022-09-01 12:31:36.032 *** Process image overlay spent 0.00 seconds.
2022-09-01 12:31:36.043 *** Get cell color spent 0.01 seconds.
2022-09-01 12:31:37.451 *** Program closed.
