2022-08-31 14:05:00.396 *** Start program *** Start program
2022-08-31 14:05:08.680 *** Open case *** /Applications/XAMPP/xamppfiles/htdocs/20220722_Eric_Yang
2022-08-31 14:05:12.225 *** Open processed data
2022-08-31 14:05:12.225 *** Preload all statistics at once.
2022-08-31 14:05:12.792 *** Nuclei stat data loaded, took 0.57 seconds. Total number of nuclei: 670699
2022-08-31 14:05:20.634 *** Mouse movement (LeftButton) ***  Mouse coords: (385, 306) (93457, 41079)
2022-08-31 14:05:20.697 *** Mouse movement (LeftButton) ***  Mouse coords: (386, 306) (93459, 41079)
2022-08-31 14:05:20.719 *** Mouse movement (LeftButton) ***  Mouse coords: (387, 306) (93458, 41079)
2022-08-31 14:05:20.742 *** Mouse movement (LeftButton) ***  Mouse coords: (401, 313) (93471, 41085)
2022-08-31 14:05:20.765 *** Mouse movement (LeftButton) ***  Mouse coords: (470, 333) (93520, 41097)
2022-08-31 14:05:20.786 *** Mouse movement (LeftButton) ***  Mouse coords: (522, 344) (93504, 41089)
2022-08-31 14:05:20.808 *** Mouse movement (LeftButton) ***  Mouse coords: (712, 370) (93629, 41102)
2022-08-31 14:05:20.832 *** Mouse movement (LeftButton) ***  Mouse coords: (782, 378) (93520, 41086)
2022-08-31 14:05:20.855 *** Mouse movement (LeftButton) ***  Mouse coords: (898, 393) (93562, 41093)
2022-08-31 14:05:20.881 *** Mouse movement (LeftButton) ***  Mouse coords: (1011, 410) (93560, 41094)
2022-08-31 14:05:20.907 *** Mouse movement (LeftButton) ***  Mouse coords: (1021, 413) (93466, 41082)
2022-08-31 14:05:20.935 *** Mouse movement (LeftButton) ***  Mouse coords: (1021, 413) (93458, 41079)
2022-08-31 14:05:20.958 *** Mouse movement (LeftButton) ***  Mouse coords: (1021, 413) (93458, 41079)
2022-08-31 14:05:20.982 *** Mouse movement (LeftButton) ***  Mouse coords: (1021, 414) (93458, 41079)
2022-08-31 14:05:22.417 *** Interactive label *** (double click) click on screen. screen: (660, 248); slide: (93117, 40980). case_id: 20220722_Eric_Yang, slide_id: 3BQMJY_44661.svs, Nuclei index selected: 402678
2022-08-31 14:05:22.440 *** Interactive label *** Apply to case start.
2022-08-31 14:05:23.695 *** Interactive label *** (double click) click on screen. screen: (644, 243); slide: (93110, 40977). case_id: 20220722_Eric_Yang, slide_id: 3BQMJY_44661.svs, Nuclei index selected: 356083
2022-08-31 14:05:23.718 *** Interactive label *** Apply to case start.
2022-08-31 14:05:27.856 *** Keyboard input *** key pressed: key: 78; text: "n"
2022-08-31 14:05:28.177 *** Keyboard input *** key pressed: key: 77; text: "m"
2022-08-31 14:05:28.183 *** Process image overlay spent 0.00 seconds.
2022-08-31 14:05:28.197 *** Get cell color spent 0.00 seconds.
2022-08-31 14:05:28.799 *** Mouse movement (LeftButton) ***  Mouse coords: (675, 245) (93124, 40978)
2022-08-31 14:05:28.819 *** Process image overlay spent 0.00 seconds.
2022-08-31 14:05:28.820 *** Get cell color spent 0.00 seconds.
2022-08-31 14:05:28.851 *** Process image overlay spent 0.00 seconds.
2022-08-31 14:05:28.853 *** Get cell color spent 0.00 seconds.
2022-08-31 14:05:28.859 *** Mouse movement (LeftButton) ***  Mouse coords: (682, 255) (93128, 40982)
2022-08-31 14:05:28.878 *** Process image overlay spent 0.00 seconds.
2022-08-31 14:05:28.879 *** Get cell color spent 0.00 seconds.
2022-08-31 14:05:28.901 *** Mouse movement (LeftButton) ***  Mouse coords: (684, 258) (93124, 40978)
2022-08-31 14:05:28.905 *** Process image overlay spent 0.00 seconds.
2022-08-31 14:05:28.906 *** Get cell color spent 0.00 seconds.
2022-08-31 14:05:28.932 *** Mouse movement (LeftButton) ***  Mouse coords: (716, 323) (93139, 41008)
2022-08-31 14:05:28.935 *** Process image overlay spent 0.00 seconds.
2022-08-31 14:05:28.936 *** Get cell color spent 0.00 seconds.
2022-08-31 14:05:28.962 *** Mouse movement (LeftButton) ***  Mouse coords: (720, 331) (93126, 40980)
2022-08-31 14:05:28.966 *** Process image overlay spent 0.00 seconds.
2022-08-31 14:05:28.967 *** Get cell color spent 0.00 seconds.
2022-08-31 14:05:28.993 *** Mouse movement (LeftButton) ***  Mouse coords: (722, 335) (93125, 40979)
2022-08-31 14:05:28.996 *** Process image overlay spent 0.00 seconds.
2022-08-31 14:05:28.997 *** Get cell color spent 0.00 seconds.
2022-08-31 14:05:29.023 *** Mouse movement (LeftButton) ***  Mouse coords: (722, 336) (93124, 40978)
2022-08-31 14:05:29.026 *** Process image overlay spent 0.00 seconds.
2022-08-31 14:05:29.027 *** Get cell color spent 0.00 seconds.
2022-08-31 14:05:29.058 *** Process image overlay spent 0.00 seconds.
2022-08-31 14:05:29.059 *** Get cell color spent 0.00 seconds.
2022-08-31 14:05:29.898 *** Interactive label *** (double click) click on screen. screen: (677, 343); slide: (93103, 40980). case_id: 20220722_Eric_Yang, slide_id: 3BQMJY_44661.svs, Nuclei index selected: 402678
2022-08-31 14:05:29.910 *** Interactive label *** Apply to case start.
2022-08-31 14:05:30.571 *** Mouse movement (LeftButton) ***  Mouse coords: (772, 335) (93148, 40976)
2022-08-31 14:05:30.605 *** Process image overlay spent 0.00 seconds.
2022-08-31 14:05:30.606 *** Get cell color spent 0.00 seconds.
2022-08-31 14:05:30.643 *** Process image overlay spent 0.00 seconds.
2022-08-31 14:05:30.644 *** Get cell color spent 0.00 seconds.
2022-08-31 14:05:30.649 *** Mouse movement (LeftButton) ***  Mouse coords: (772, 335) (93148, 40977)
2022-08-31 14:05:30.669 *** Process image overlay spent 0.00 seconds.
2022-08-31 14:05:30.670 *** Get cell color spent 0.00 seconds.
2022-08-31 14:05:30.693 *** Mouse movement (LeftButton) ***  Mouse coords: (772, 335) (93148, 40977)
2022-08-31 14:05:30.697 *** Process image overlay spent 0.00 seconds.
2022-08-31 14:05:30.698 *** Get cell color spent 0.00 seconds.
2022-08-31 14:05:30.724 *** Mouse movement (LeftButton) ***  Mouse coords: (773, 335) (93148, 40977)
2022-08-31 14:05:30.727 *** Process image overlay spent 0.00 seconds.
2022-08-31 14:05:30.728 *** Get cell color spent 0.00 seconds.
2022-08-31 14:05:30.750 *** Mouse movement (LeftButton) ***  Mouse coords: (773, 334) (93148, 40977)
2022-08-31 14:05:30.754 *** Process image overlay spent 0.00 seconds.
2022-08-31 14:05:30.755 *** Get cell color spent 0.00 seconds.
2022-08-31 14:05:30.777 *** Mouse movement (LeftButton) ***  Mouse coords: (773, 334) (93148, 40977)
2022-08-31 14:05:30.780 *** Process image overlay spent 0.00 seconds.
2022-08-31 14:05:30.781 *** Get cell color spent 0.00 seconds.
2022-08-31 14:05:30.806 *** Mouse movement (LeftButton) ***  Mouse coords: (774, 333) (93149, 40976)
2022-08-31 14:05:30.809 *** Process image overlay spent 0.00 seconds.
2022-08-31 14:05:30.810 *** Get cell color spent 0.00 seconds.
2022-08-31 14:05:30.833 *** Mouse movement (LeftButton) ***  Mouse coords: (774, 333) (93148, 40977)
2022-08-31 14:05:30.836 *** Process image overlay spent 0.00 seconds.
2022-08-31 14:05:30.837 *** Get cell color spent 0.00 seconds.
2022-08-31 14:05:30.861 *** Mouse movement (LeftButton) ***  Mouse coords: (775, 332) (93148, 40977)
2022-08-31 14:05:30.864 *** Process image overlay spent 0.00 seconds.
2022-08-31 14:05:30.865 *** Get cell color spent 0.00 seconds.
2022-08-31 14:05:30.890 *** Mouse movement (LeftButton) ***  Mouse coords: (776, 331) (93149, 40976)
2022-08-31 14:05:30.893 *** Process image overlay spent 0.00 seconds.
2022-08-31 14:05:30.894 *** Get cell color spent 0.00 seconds.
2022-08-31 14:05:30.918 *** Mouse movement (LeftButton) ***  Mouse coords: (776, 331) (93148, 40977)
2022-08-31 14:05:30.922 *** Process image overlay spent 0.00 seconds.
2022-08-31 14:05:30.923 *** Get cell color spent 0.00 seconds.
2022-08-31 14:05:30.949 *** Mouse movement (LeftButton) ***  Mouse coords: (777, 330) (93148, 40977)
2022-08-31 14:05:30.952 *** Process image overlay spent 0.00 seconds.
2022-08-31 14:05:30.953 *** Get cell color spent 0.00 seconds.
2022-08-31 14:05:30.977 *** Mouse movement (LeftButton) ***  Mouse coords: (777, 330) (93148, 40977)
2022-08-31 14:05:30.980 *** Process image overlay spent 0.00 seconds.
2022-08-31 14:05:30.981 *** Get cell color spent 0.00 seconds.
2022-08-31 14:05:31.007 *** Mouse movement (LeftButton) ***  Mouse coords: (778, 329) (93148, 40976)
2022-08-31 14:05:31.010 *** Process image overlay spent 0.00 seconds.
2022-08-31 14:05:31.011 *** Get cell color spent 0.00 seconds.
2022-08-31 14:05:31.016 *** Mouse movement (LeftButton) ***  Mouse coords: (779, 329) (93149, 40977)
2022-08-31 14:05:31.035 *** Process image overlay spent 0.00 seconds.
2022-08-31 14:05:31.036 *** Get cell color spent 0.00 seconds.
2022-08-31 14:05:31.067 *** Process image overlay spent 0.00 seconds.
2022-08-31 14:05:31.068 *** Get cell color spent 0.00 seconds.
2022-08-31 14:05:32.126 *** Interactive label *** (double click) click on screen. screen: (703, 349); slide: (93112, 40987). case_id: 20220722_Eric_Yang, slide_id: 3BQMJY_44661.svs, Nuclei index selected: 402678
2022-08-31 14:05:32.150 *** Interactive label *** Apply to case start.
2022-08-31 14:05:33.328 *** Interactive label *** (double click) click on screen. screen: (686, 352); slide: (93104, 40988). case_id: 20220722_Eric_Yang, slide_id: 3BQMJY_44661.svs, Nuclei index selected: 402678
2022-08-31 14:05:33.348 *** Interactive label *** Apply to case start.
2022-08-31 14:05:34.036 *** Interactive label *** (double click) click on screen. screen: (660, 349); slide: (93092, 40987). case_id: 20220722_Eric_Yang, slide_id: 3BQMJY_44661.svs, Nuclei index selected: 402678
2022-08-31 14:05:34.057 *** Interactive label *** Apply to case start.
2022-08-31 14:05:34.766 *** Interactive label *** (double click) click on screen. screen: (661, 344); slide: (93093, 40984). case_id: 20220722_Eric_Yang, slide_id: 3BQMJY_44661.svs, Nuclei index selected: 402678
2022-08-31 14:05:34.779 *** Interactive label *** Apply to case start.
2022-08-31 14:05:35.374 *** Interactive label *** (double click) click on screen. screen: (669, 338); slide: (93096, 40982). case_id: 20220722_Eric_Yang, slide_id: 3BQMJY_44661.svs, Nuclei index selected: 402678
2022-08-31 14:05:35.396 *** Interactive label *** Apply to case start.
2022-08-31 14:05:36.131 *** Interactive label *** (double click) click on screen. screen: (655, 344); slide: (93090, 40984). case_id: 20220722_Eric_Yang, slide_id: 3BQMJY_44661.svs, Nuclei index selected: 402678
2022-08-31 14:05:36.142 *** Interactive label *** Apply to case start.
2022-08-31 14:05:36.670 *** Interactive label *** (double click) click on screen. screen: (655, 344); slide: (93090, 40984). case_id: 20220722_Eric_Yang, slide_id: 3BQMJY_44661.svs, Nuclei index selected: 402678
2022-08-31 14:05:36.696 *** Interactive label *** Apply to case start.
2022-08-31 14:05:37.433 *** Mouse movement (LeftButton) ***  Mouse coords: (685, 399) (93104, 41010)
2022-08-31 14:05:37.473 *** Process image overlay spent 0.00 seconds.
2022-08-31 14:05:37.475 *** Get cell color spent 0.00 seconds.
2022-08-31 14:05:37.509 *** Process image overlay spent 0.00 seconds.
2022-08-31 14:05:37.510 *** Get cell color spent 0.00 seconds.
2022-08-31 14:05:37.514 *** Mouse movement (LeftButton) ***  Mouse coords: (688, 401) (93104, 41011)
2022-08-31 14:05:37.534 *** Process image overlay spent 0.00 seconds.
2022-08-31 14:05:37.535 *** Get cell color spent 0.00 seconds.
2022-08-31 14:05:37.558 *** Mouse movement (LeftButton) ***  Mouse coords: (694, 406) (93106, 41012)
2022-08-31 14:05:37.562 *** Process image overlay spent 0.00 seconds.
2022-08-31 14:05:37.563 *** Get cell color spent 0.00 seconds.
2022-08-31 14:05:37.589 *** Mouse movement (LeftButton) ***  Mouse coords: (702, 411) (93107, 41013)
2022-08-31 14:05:37.592 *** Process image overlay spent 0.00 seconds.
2022-08-31 14:05:37.593 *** Get cell color spent 0.00 seconds.
2022-08-31 14:05:37.617 *** Mouse movement (LeftButton) ***  Mouse coords: (707, 416) (93105, 41012)
2022-08-31 14:05:37.621 *** Process image overlay spent 0.00 seconds.
2022-08-31 14:05:37.622 *** Get cell color spent 0.00 seconds.
2022-08-31 14:05:37.645 *** Mouse movement (LeftButton) ***  Mouse coords: (708, 417) (93104, 41011)
2022-08-31 14:05:37.648 *** Process image overlay spent 0.00 seconds.
2022-08-31 14:05:37.649 *** Get cell color spent 0.00 seconds.
2022-08-31 14:05:37.680 *** Process image overlay spent 0.00 seconds.
2022-08-31 14:05:37.681 *** Get cell color spent 0.00 seconds.
2022-08-31 14:05:38.560 *** Interactive label *** (double click) click on screen. screen: (777, 323); slide: (93135, 40966). case_id: 20220722_Eric_Yang, slide_id: 3BQMJY_44661.svs, Nuclei index selected: 403606
2022-08-31 14:05:38.584 *** Interactive label *** Apply to case start.
2022-08-31 14:05:39.581 *** Interactive label *** (double click) click on screen. screen: (780, 321); slide: (93136, 40965). case_id: 20220722_Eric_Yang, slide_id: 3BQMJY_44661.svs, Nuclei index selected: 403606
2022-08-31 14:05:39.594 *** Interactive label *** Apply to case start.
2022-08-31 14:05:40.362 *** Interactive label *** (double click) click on screen. screen: (780, 321); slide: (93136, 40965). case_id: 20220722_Eric_Yang, slide_id: 3BQMJY_44661.svs, Nuclei index selected: 403606
2022-08-31 14:05:40.384 *** Interactive label *** Apply to case start.
2022-08-31 14:05:41.400 *** Mouse movement (LeftButton) ***  Mouse coords: (803, 320) (93147, 40964)
2022-08-31 14:05:41.439 *** Process image overlay spent 0.00 seconds.
2022-08-31 14:05:41.440 *** Get cell color spent 0.00 seconds.
2022-08-31 14:05:41.467 *** Mouse movement (LeftButton) ***  Mouse coords: (801, 324) (93146, 40966)
2022-08-31 14:05:41.471 *** Process image overlay spent 0.00 seconds.
2022-08-31 14:05:41.472 *** Get cell color spent 0.00 seconds.
2022-08-31 14:05:41.497 *** Mouse movement (LeftButton) ***  Mouse coords: (796, 329) (93145, 40966)
2022-08-31 14:05:41.500 *** Process image overlay spent 0.00 seconds.
2022-08-31 14:05:41.501 *** Get cell color spent 0.00 seconds.
2022-08-31 14:05:41.528 *** Mouse movement (LeftButton) ***  Mouse coords: (795, 330) (93146, 40965)
2022-08-31 14:05:41.531 *** Process image overlay spent 0.00 seconds.
2022-08-31 14:05:41.532 *** Get cell color spent 0.00 seconds.
2022-08-31 14:05:41.557 *** Mouse movement (LeftButton) ***  Mouse coords: (790, 334) (93145, 40966)
2022-08-31 14:05:41.560 *** Process image overlay spent 0.00 seconds.
2022-08-31 14:05:41.561 *** Get cell color spent 0.00 seconds.
2022-08-31 14:05:41.586 *** Mouse movement (LeftButton) ***  Mouse coords: (787, 337) (93146, 40965)
2022-08-31 14:05:41.589 *** Process image overlay spent 0.00 seconds.
2022-08-31 14:05:41.590 *** Get cell color spent 0.00 seconds.
2022-08-31 14:05:41.616 *** Mouse movement (LeftButton) ***  Mouse coords: (787, 337) (93147, 40964)
2022-08-31 14:05:41.619 *** Process image overlay spent 0.00 seconds.
2022-08-31 14:05:41.620 *** Get cell color spent 0.00 seconds.
2022-08-31 14:05:42.189 *** Interactive label *** (double click) click on screen. screen: (760, 339); slide: (93134, 40965). case_id: 20220722_Eric_Yang, slide_id: 3BQMJY_44661.svs, Nuclei index selected: 403606
2022-08-31 14:05:42.198 *** Interactive label *** Apply to case start.
2022-08-31 14:05:42.783 *** Mouse movement (LeftButton) ***  Mouse coords: (841, 341) (93172, 40966)
2022-08-31 14:05:42.820 *** Process image overlay spent 0.00 seconds.
2022-08-31 14:05:42.821 *** Get cell color spent 0.00 seconds.
2022-08-31 14:05:42.849 *** Mouse movement (LeftButton) ***  Mouse coords: (840, 343) (93171, 40967)
2022-08-31 14:05:42.852 *** Process image overlay spent 0.00 seconds.
2022-08-31 14:05:42.853 *** Get cell color spent 0.00 seconds.
2022-08-31 14:05:42.877 *** Mouse movement (LeftButton) ***  Mouse coords: (839, 345) (93172, 40967)
2022-08-31 14:05:42.880 *** Process image overlay spent 0.00 seconds.
2022-08-31 14:05:42.881 *** Get cell color spent 0.00 seconds.
2022-08-31 14:05:42.906 *** Mouse movement (LeftButton) ***  Mouse coords: (838, 346) (93172, 40966)
2022-08-31 14:05:42.909 *** Process image overlay spent 0.00 seconds.
2022-08-31 14:05:42.910 *** Get cell color spent 0.00 seconds.
2022-08-31 14:05:42.935 *** Mouse movement (LeftButton) ***  Mouse coords: (836, 348) (93171, 40967)
2022-08-31 14:05:42.938 *** Process image overlay spent 0.00 seconds.
2022-08-31 14:05:42.939 *** Get cell color spent 0.00 seconds.
2022-08-31 14:05:42.961 *** Mouse movement (LeftButton) ***  Mouse coords: (835, 349) (93171, 40967)
2022-08-31 14:05:42.965 *** Process image overlay spent 0.00 seconds.
2022-08-31 14:05:42.966 *** Get cell color spent 0.00 seconds.
2022-08-31 14:05:42.991 *** Mouse movement (LeftButton) ***  Mouse coords: (835, 350) (93172, 40966)
2022-08-31 14:05:42.994 *** Process image overlay spent 0.00 seconds.
2022-08-31 14:05:42.995 *** Get cell color spent 0.00 seconds.
2022-08-31 14:05:43.021 *** Mouse movement (LeftButton) ***  Mouse coords: (834, 350) (93172, 40966)
2022-08-31 14:05:43.024 *** Process image overlay spent 0.00 seconds.
2022-08-31 14:05:43.025 *** Get cell color spent 0.00 seconds.
2022-08-31 14:05:43.049 *** Mouse movement (LeftButton) ***  Mouse coords: (834, 351) (93172, 40967)
2022-08-31 14:05:43.052 *** Process image overlay spent 0.00 seconds.
2022-08-31 14:05:43.053 *** Get cell color spent 0.00 seconds.
2022-08-31 14:05:43.083 *** Process image overlay spent 0.00 seconds.
2022-08-31 14:05:43.084 *** Get cell color spent 0.00 seconds.
2022-08-31 14:05:43.578 *** Interactive label *** (double click) click on screen. screen: (765, 356); slide: (93139, 40968). case_id: 20220722_Eric_Yang, slide_id: 3BQMJY_44661.svs, Nuclei index selected: 403606
2022-08-31 14:05:43.599 *** Interactive label *** Apply to case start.
2022-08-31 14:05:44.021 *** Mouse movement (LeftButton) ***  Mouse coords: (719, 393) (93118, 40985)
2022-08-31 14:05:44.056 *** Process image overlay spent 0.00 seconds.
2022-08-31 14:05:44.058 *** Get cell color spent 0.00 seconds.
2022-08-31 14:05:44.091 *** Process image overlay spent 0.00 seconds.
2022-08-31 14:05:44.092 *** Get cell color spent 0.00 seconds.
2022-08-31 14:05:44.098 *** Mouse movement (LeftButton) ***  Mouse coords: (727, 390) (93122, 40985)
2022-08-31 14:05:44.118 *** Process image overlay spent 0.00 seconds.
2022-08-31 14:05:44.119 *** Get cell color spent 0.00 seconds.
2022-08-31 14:05:44.143 *** Mouse movement (LeftButton) ***  Mouse coords: (729, 389) (93119, 40985)
2022-08-31 14:05:44.146 *** Process image overlay spent 0.00 seconds.
2022-08-31 14:05:44.147 *** Get cell color spent 0.00 seconds.
2022-08-31 14:05:44.173 *** Mouse movement (LeftButton) ***  Mouse coords: (756, 379) (93130, 40982)
2022-08-31 14:05:44.176 *** Process image overlay spent 0.00 seconds.
2022-08-31 14:05:44.178 *** Get cell color spent 0.00 seconds.
2022-08-31 14:05:44.202 *** Mouse movement (LeftButton) ***  Mouse coords: (762, 377) (93121, 40985)
2022-08-31 14:05:44.206 *** Process image overlay spent 0.00 seconds.
2022-08-31 14:05:44.207 *** Get cell color spent 0.00 seconds.
2022-08-31 14:05:44.231 *** Mouse movement (LeftButton) ***  Mouse coords: (769, 374) (93121, 40984)
2022-08-31 14:05:44.235 *** Process image overlay spent 0.00 seconds.
2022-08-31 14:05:44.235 *** Get cell color spent 0.00 seconds.
2022-08-31 14:05:44.265 *** Process image overlay spent 0.00 seconds.
2022-08-31 14:05:44.267 *** Get cell color spent 0.00 seconds.
2022-08-31 14:05:45.005 *** Interactive label *** (double click) click on screen. screen: (794, 331); slide: (93130, 40966). case_id: 20220722_Eric_Yang, slide_id: 3BQMJY_44661.svs, Nuclei index selected: 403606
2022-08-31 14:05:45.019 *** Interactive label *** Apply to case start.
2022-08-31 14:05:45.416 *** Mouse movement (LeftButton) ***  Mouse coords: (780, 405) (93123, 41001)
2022-08-31 14:05:45.454 *** Process image overlay spent 0.00 seconds.
2022-08-31 14:05:45.456 *** Get cell color spent 0.00 seconds.
2022-08-31 14:05:45.483 *** Mouse movement (LeftButton) ***  Mouse coords: (785, 400) (93126, 40999)
2022-08-31 14:05:45.487 *** Process image overlay spent 0.00 seconds.
2022-08-31 14:05:45.488 *** Get cell color spent 0.00 seconds.
2022-08-31 14:05:45.514 *** Mouse movement (LeftButton) ***  Mouse coords: (792, 393) (93126, 40997)
2022-08-31 14:05:45.517 *** Process image overlay spent 0.00 seconds.
2022-08-31 14:05:45.518 *** Get cell color spent 0.00 seconds.
2022-08-31 14:05:45.542 *** Mouse movement (LeftButton) ***  Mouse coords: (799, 387) (93126, 40999)
2022-08-31 14:05:45.545 *** Process image overlay spent 0.00 seconds.
2022-08-31 14:05:45.546 *** Get cell color spent 0.00 seconds.
2022-08-31 14:05:45.573 *** Mouse movement (LeftButton) ***  Mouse coords: (807, 381) (93127, 40998)
2022-08-31 14:05:45.577 *** Process image overlay spent 0.00 seconds.
2022-08-31 14:05:45.578 *** Get cell color spent 0.00 seconds.
2022-08-31 14:05:45.602 *** Mouse movement (LeftButton) ***  Mouse coords: (810, 379) (93124, 41000)
2022-08-31 14:05:45.605 *** Process image overlay spent 0.00 seconds.
2022-08-31 14:05:45.606 *** Get cell color spent 0.00 seconds.
2022-08-31 14:05:45.638 *** Process image overlay spent 0.00 seconds.
2022-08-31 14:05:45.639 *** Get cell color spent 0.00 seconds.
2022-08-31 14:09:30.107 *** Program closed.
