2022-09-12 13:21:15.897 *** Start program *** Start program
2022-09-12 13:21:34.292 *** starting thread (client mode): 0xc0fe5700
2022-09-12 13:21:34.294 *** Local version/idstring: SSH-2.0-paramiko_2.11.0
2022-09-12 13:21:34.315 *** Remote version/idstring: SSH-2.0-OpenSSH_5.3
2022-09-12 13:21:34.315 *** Connected (version 2.0, client OpenSSH_5.3)
2022-09-12 13:21:34.333 *** === Key exchange possibilities ===
2022-09-12 13:21:34.333 *** kex algos: diffie-hellman-group-exchange-sha256, diffie-hellman-group-exchange-sha1, diffie-hellman-group14-sha1, diffie-hellman-group1-sha1
2022-09-12 13:21:34.333 *** server key: ssh-rsa, ssh-rsa-cert-v01@openssh.com, ssh-dss
2022-09-12 13:21:34.334 *** client encrypt: aes128-ctr, aes192-ctr, aes256-ctr, arcfour256, arcfour128, aes128-cbc, 3des-cbc, blowfish-cbc, cast128-cbc, aes192-cbc, aes256-cbc, arcfour, rijndael-cbc@lysator.liu.se
2022-09-12 13:21:34.334 *** server encrypt: aes128-ctr, aes192-ctr, aes256-ctr, arcfour256, arcfour128, aes128-cbc, 3des-cbc, blowfish-cbc, cast128-cbc, aes192-cbc, aes256-cbc, arcfour, rijndael-cbc@lysator.liu.se
2022-09-12 13:21:34.334 *** client mac: hmac-md5, hmac-sha1, umac-64@openssh.com, hmac-sha2-256, hmac-sha2-512, hmac-ripemd160, hmac-ripemd160@openssh.com, hmac-sha1-96, hmac-md5-96
2022-09-12 13:21:34.334 *** server mac: hmac-md5, hmac-sha1, umac-64@openssh.com, hmac-sha2-256, hmac-sha2-512, hmac-ripemd160, hmac-ripemd160@openssh.com, hmac-sha1-96, hmac-md5-96
2022-09-12 13:21:34.334 *** client compress: none, zlib@openssh.com
2022-09-12 13:21:34.334 *** server compress: none, zlib@openssh.com
2022-09-12 13:21:34.334 *** client lang: <none>
2022-09-12 13:21:34.334 *** server lang: <none>
2022-09-12 13:21:34.334 *** kex follows: False
2022-09-12 13:21:34.334 *** === Key exchange agreements ===
2022-09-12 13:21:34.334 *** Kex: diffie-hellman-group-exchange-sha256
2022-09-12 13:21:34.334 *** HostKey: ssh-rsa
2022-09-12 13:21:34.334 *** Cipher: aes128-ctr
2022-09-12 13:21:34.334 *** MAC: hmac-sha2-256
2022-09-12 13:21:34.334 *** Compression: none
2022-09-12 13:21:34.334 *** === End of kex handshake ===
2022-09-12 13:21:34.394 *** Got server p (2048 bits)
2022-09-12 13:21:34.503 *** kex engine KexGexSHA256 specified hash_algo <built-in function openssl_sha256>
2022-09-12 13:21:34.503 *** Switch to new keys ...
2022-09-12 13:21:34.504 *** Adding ssh-rsa host key for 173.201.181.247: b'cca345f774a2d98448d0bcc78f04075d'
2022-09-12 13:21:34.582 *** userauth is OK
2022-09-12 13:21:34.606 *** Authentication (password) successful!
2022-09-12 13:21:34.606 *** [chan 0] Max packet in: 32768 bytes
2022-09-12 13:21:34.625 *** [chan 0] Max packet out: 32768 bytes
2022-09-12 13:21:34.625 *** Secsh channel 0 opened.
2022-09-12 13:21:34.645 *** [chan 0] Sesch channel 0 request ok
2022-09-12 13:21:34.665 *** [chan 0] Opened sftp connection (server version 3)
2022-09-12 13:21:34.665 *** [chan 0] stat(b'/home/b6o162rzivzp/NucFinder_DB/3E4F1863BEC8CC26/interactive_nuclei_dict.pickle')
2022-09-12 13:21:34.685 *** [chan 0] stat(b'/home/b6o162rzivzp/NucFinder_DB/3E4F1863BEC8CC26/model.pickle')
2022-09-12 13:21:34.705 *** [chan 0] open(b'/home/b6o162rzivzp/NucFinder_DB/3E4F1863BEC8CC26/model.pickle', 'rb')
2022-09-12 13:21:34.725 *** [chan 0] open(b'/home/b6o162rzivzp/NucFinder_DB/3E4F1863BEC8CC26/model.pickle', 'rb') -> 00000000
2022-09-12 13:21:35.477 *** [chan 0] close(00000000)
2022-09-12 13:21:48.773 *** Open case *** /Applications/XAMPP/xamppfiles/htdocs/20220722_Eric_Yang
2022-09-12 13:21:54.439 *** Open processed data
2022-09-12 13:21:54.443 *** Preload all statistics at once.
2022-09-12 13:21:55.268 *** Nuclei stat data loaded, took 0.82 seconds. Total number of nuclei: 459202
2022-09-12 13:21:56.728 *** Interactive label *** Apply to case start.
2022-09-12 13:22:00.209 *** Interactive label *** Apply to case done.
2022-09-12 13:22:01.182 *** Interactive label *** Apply to case finish overlay create.
2022-09-12 13:22:05.220 *** Mouse movement (LeftButton) ***  Mouse coords: (279, 99) (111832, 34652)
2022-09-12 13:22:13.214 *** Interactive label *** Review annotations/active learning start.
2022-09-12 13:36:35.514 *** Socket exception: Connection reset by peer (54)
2022-09-13 12:02:55.750 *** Program closed.
