2022-08-31 14:03:27.159 *** Start program *** Start program
2022-08-31 14:03:36.336 *** Open case *** /Applications/XAMPP/xamppfiles/htdocs/20220722_Eric_Yang
2022-08-31 14:03:40.651 *** Open processed data
2022-08-31 14:03:40.651 *** Preload all statistics at once.
2022-08-31 14:03:41.211 *** Nuclei stat data loaded, took 0.56 seconds. Total number of nuclei: 670699
2022-08-31 14:03:47.470 *** Mouse movement (LeftButton) ***  Mouse coords: (546, 227) (95287, 39248)
2022-08-31 14:03:47.511 *** Mouse movement (LeftButton) ***  Mouse coords: (547, 228) (95295, 39249)
2022-08-31 14:03:47.532 *** Mouse movement (LeftButton) ***  Mouse coords: (550, 230) (95312, 39256)
2022-08-31 14:03:47.552 *** Mouse movement (LeftButton) ***  Mouse coords: (556, 237) (95335, 39297)
2022-08-31 14:03:47.570 *** Mouse movement (LeftButton) ***  Mouse coords: (562, 240) (95336, 39264)
2022-08-31 14:03:47.590 *** Mouse movement (LeftButton) ***  Mouse coords: (576, 249) (95401, 39314)
2022-08-31 14:03:47.607 *** Mouse movement (LeftButton) ***  Mouse coords: (588, 256) (95385, 39297)
2022-08-31 14:03:47.627 *** Mouse movement (LeftButton) ***  Mouse coords: (600, 262) (95385, 39289)
2022-08-31 14:03:47.657 *** Mouse movement (LeftButton) ***  Mouse coords: (610, 268) (95368, 39289)
2022-08-31 14:03:47.679 *** Mouse movement (LeftButton) ***  Mouse coords: (619, 274) (95361, 39288)
2022-08-31 14:03:47.699 *** Mouse movement (LeftButton) ***  Mouse coords: (629, 281) (95368, 39297)
2022-08-31 14:03:47.719 *** Mouse movement (LeftButton) ***  Mouse coords: (640, 291) (95377, 39322)
2022-08-31 14:03:47.739 *** Mouse movement (LeftButton) ***  Mouse coords: (647, 299) (95344, 39305)
2022-08-31 14:03:47.758 *** Mouse movement (LeftButton) ***  Mouse coords: (650, 303) (95311, 39273)
2022-08-31 14:03:47.778 *** Mouse movement (LeftButton) ***  Mouse coords: (651, 304) (95295, 39248)
2022-08-31 14:03:54.466 *** Mouse movement (LeftButton) ***  Mouse coords: (664, 472) (88876, 39844)
2022-08-31 14:03:54.493 *** Mouse movement (LeftButton) ***  Mouse coords: (664, 471) (88876, 39842)
2022-08-31 14:03:54.511 *** Mouse movement (LeftButton) ***  Mouse coords: (663, 466) (88874, 39836)
2022-08-31 14:03:54.535 *** Mouse movement (LeftButton) ***  Mouse coords: (660, 453) (88871, 39822)
2022-08-31 14:03:54.553 *** Mouse movement (LeftButton) ***  Mouse coords: (658, 440) (88873, 39822)
2022-08-31 14:03:54.572 *** Mouse movement (LeftButton) ***  Mouse coords: (656, 431) (88873, 39829)
2022-08-31 14:03:54.590 *** Mouse movement (LeftButton) ***  Mouse coords: (650, 408) (88866, 39806)
2022-08-31 14:03:54.612 *** Mouse movement (LeftButton) ***  Mouse coords: (629, 324) (88841, 39704)
2022-08-31 14:03:54.633 *** Mouse movement (LeftButton) ***  Mouse coords: (609, 255) (88843, 39730)
2022-08-31 14:03:54.653 *** Mouse movement (LeftButton) ***  Mouse coords: (579, 164) (88826, 39692)
2022-08-31 14:03:54.674 *** Mouse movement (LeftButton) ***  Mouse coords: (551, 77) (88829, 39700)
2022-08-31 14:03:54.694 *** Mouse movement (LeftButton) ***  Mouse coords: (540, 50) (88858, 39799)
2022-08-31 14:03:54.713 *** Mouse movement (LeftButton) ***  Mouse coords: (529, 14) (88857, 39784)
2022-08-31 14:03:54.732 *** Mouse movement (LeftButton) ***  Mouse coords: (524, -5) (88868, 39812)
2022-08-31 14:03:54.752 *** Mouse movement (LeftButton) ***  Mouse coords: (524, -6) (88876, 39843)
2022-08-31 14:03:54.772 *** Mouse movement (LeftButton) ***  Mouse coords: (523, -7) (88874, 39842)
2022-08-31 14:03:55.156 *** Mouse movement (LeftButton) ***  Mouse coords: (710, 445) (89187, 40596)
2022-08-31 14:03:55.202 *** Mouse movement (LeftButton) ***  Mouse coords: (710, 443) (89187, 40592)
2022-08-31 14:03:55.223 *** Mouse movement (LeftButton) ***  Mouse coords: (709, 439) (89186, 40590)
2022-08-31 14:03:55.247 *** Mouse movement (LeftButton) ***  Mouse coords: (707, 426) (89184, 40574)
2022-08-31 14:03:55.266 *** Mouse movement (LeftButton) ***  Mouse coords: (707, 414) (89187, 40576)
2022-08-31 14:03:55.285 *** Mouse movement (LeftButton) ***  Mouse coords: (707, 403) (89187, 40578)
2022-08-31 14:03:55.304 *** Mouse movement (LeftButton) ***  Mouse coords: (707, 400) (89187, 40591)
2022-08-31 14:03:55.333 *** Mouse movement (LeftButton) ***  Mouse coords: (707, 398) (89187, 40593)
2022-08-31 14:03:56.561 *** Mouse movement (LeftButton) ***  Mouse coords: (586, 312) (89171, 40578)
2022-08-31 14:03:56.615 *** Mouse movement (LeftButton) ***  Mouse coords: (590, 313) (89172, 40578)
2022-08-31 14:03:56.636 *** Mouse movement (LeftButton) ***  Mouse coords: (592, 313) (89172, 40578)
2022-08-31 14:03:56.657 *** Mouse movement (LeftButton) ***  Mouse coords: (598, 312) (89173, 40578)
2022-08-31 14:03:56.680 *** Mouse movement (LeftButton) ***  Mouse coords: (608, 306) (89175, 40576)
2022-08-31 14:03:56.702 *** Mouse movement (LeftButton) ***  Mouse coords: (638, 285) (89181, 40571)
2022-08-31 14:03:56.725 *** Mouse movement (LeftButton) ***  Mouse coords: (658, 266) (89178, 40571)
2022-08-31 14:03:56.750 *** Mouse movement (LeftButton) ***  Mouse coords: (713, 215) (89191, 40560)
2022-08-31 14:03:56.773 *** Mouse movement (LeftButton) ***  Mouse coords: (747, 187) (89183, 40568)
2022-08-31 14:03:56.798 *** Mouse movement (LeftButton) ***  Mouse coords: (841, 147) (89204, 40564)
2022-08-31 14:03:56.823 *** Mouse movement (LeftButton) ***  Mouse coords: (868, 140) (89180, 40576)
2022-08-31 14:03:56.847 *** Mouse movement (LeftButton) ***  Mouse coords: (900, 134) (89183, 40575)
2022-08-31 14:03:56.868 *** Mouse movement (LeftButton) ***  Mouse coords: (908, 133) (89173, 40578)
2022-08-31 14:03:56.890 *** Mouse movement (LeftButton) ***  Mouse coords: (913, 133) (89173, 40578)
2022-08-31 14:03:56.915 *** Mouse movement (LeftButton) ***  Mouse coords: (913, 133) (89171, 40578)
2022-08-31 14:03:58.518 *** Keyboard input *** key pressed: key: 77; text: "m"
2022-08-31 14:03:58.523 *** Process image overlay spent 0.00 seconds.
2022-08-31 14:03:58.525 *** Get cell color spent 0.00 seconds.
2022-08-31 14:04:03.441 *** Interactive label *** (double click) click on screen. screen: (764, 491); slide: (89119, 40704). case_id: 20220722_Eric_Yang, slide_id: 3BQMJY_44661.svs, Nuclei index selected: 399312
2022-08-31 14:04:03.468 *** Interactive label *** Apply to case start.
2022-08-31 14:04:05.528 *** Mouse movement (LeftButton) ***  Mouse coords: (694, 411) (89094, 40676)
2022-08-31 14:04:05.561 *** Process image overlay spent 0.00 seconds.
2022-08-31 14:04:05.563 *** Get cell color spent 0.00 seconds.
2022-08-31 14:04:05.587 *** Mouse movement (LeftButton) ***  Mouse coords: (685, 409) (89091, 40675)
2022-08-31 14:04:05.590 *** Process image overlay spent 0.00 seconds.
2022-08-31 14:04:05.591 *** Get cell color spent 0.00 seconds.
2022-08-31 14:04:05.615 *** Mouse movement (LeftButton) ***  Mouse coords: (673, 406) (89090, 40675)
2022-08-31 14:04:05.619 *** Process image overlay spent 0.00 seconds.
2022-08-31 14:04:05.620 *** Get cell color spent 0.00 seconds.
2022-08-31 14:04:05.651 *** Process image overlay spent 0.00 seconds.
2022-08-31 14:04:05.652 *** Get cell color spent 0.00 seconds.
2022-08-31 14:04:05.655 *** Mouse movement (LeftButton) ***  Mouse coords: (655, 400) (89087, 40674)
2022-08-31 14:04:05.674 *** Process image overlay spent 0.00 seconds.
2022-08-31 14:04:05.675 *** Get cell color spent 0.00 seconds.
2022-08-31 14:04:05.698 *** Mouse movement (LeftButton) ***  Mouse coords: (642, 394) (89090, 40674)
2022-08-31 14:04:05.701 *** Process image overlay spent 0.00 seconds.
2022-08-31 14:04:05.702 *** Get cell color spent 0.00 seconds.
2022-08-31 14:04:05.726 *** Mouse movement (LeftButton) ***  Mouse coords: (636, 390) (89092, 40675)
2022-08-31 14:04:05.729 *** Process image overlay spent 0.00 seconds.
2022-08-31 14:04:05.731 *** Get cell color spent 0.00 seconds.
2022-08-31 14:04:05.757 *** Mouse movement (LeftButton) ***  Mouse coords: (635, 390) (89093, 40676)
2022-08-31 14:04:05.760 *** Process image overlay spent 0.00 seconds.
2022-08-31 14:04:05.761 *** Get cell color spent 0.00 seconds.
2022-08-31 14:04:05.791 *** Process image overlay spent 0.00 seconds.
2022-08-31 14:04:05.792 *** Get cell color spent 0.00 seconds.
2022-08-31 14:04:06.961 *** Interactive label *** (double click) click on screen. screen: (793, 457); slide: (89150, 40699). case_id: 20220722_Eric_Yang, slide_id: 3BQMJY_44661.svs, Nuclei index selected: 397749
2022-08-31 14:04:06.997 *** Interactive label *** Apply to case start.
2022-08-31 14:04:07.441 *** Mouse movement (LeftButton) ***  Mouse coords: (816, 359) (89158, 40665)
2022-08-31 14:04:07.470 *** Process image overlay spent 0.00 seconds.
2022-08-31 14:04:07.471 *** Get cell color spent 0.00 seconds.
2022-08-31 14:04:07.496 *** Mouse movement (LeftButton) ***  Mouse coords: (816, 358) (89158, 40664)
2022-08-31 14:04:07.500 *** Process image overlay spent 0.00 seconds.
2022-08-31 14:04:07.501 *** Get cell color spent 0.00 seconds.
2022-08-31 14:04:07.524 *** Mouse movement (LeftButton) ***  Mouse coords: (814, 356) (89157, 40665)
2022-08-31 14:04:07.527 *** Process image overlay spent 0.00 seconds.
2022-08-31 14:04:07.528 *** Get cell color spent 0.00 seconds.
2022-08-31 14:04:07.557 *** Process image overlay spent 0.00 seconds.
2022-08-31 14:04:07.558 *** Get cell color spent 0.00 seconds.
2022-08-31 14:04:07.562 *** Mouse movement (LeftButton) ***  Mouse coords: (811, 352) (89157, 40663)
2022-08-31 14:04:07.580 *** Process image overlay spent 0.00 seconds.
2022-08-31 14:04:07.581 *** Get cell color spent 0.00 seconds.
2022-08-31 14:04:07.602 *** Mouse movement (LeftButton) ***  Mouse coords: (809, 351) (89157, 40665)
2022-08-31 14:04:07.605 *** Process image overlay spent 0.00 seconds.
2022-08-31 14:04:07.606 *** Get cell color spent 0.00 seconds.
2022-08-31 14:04:07.630 *** Mouse movement (LeftButton) ***  Mouse coords: (804, 346) (89157, 40663)
2022-08-31 14:04:07.633 *** Process image overlay spent 0.00 seconds.
2022-08-31 14:04:07.634 *** Get cell color spent 0.00 seconds.
2022-08-31 14:04:07.657 *** Mouse movement (LeftButton) ***  Mouse coords: (800, 342) (89156, 40664)
2022-08-31 14:04:07.660 *** Process image overlay spent 0.00 seconds.
2022-08-31 14:04:07.661 *** Get cell color spent 0.00 seconds.
2022-08-31 14:04:07.684 *** Mouse movement (LeftButton) ***  Mouse coords: (800, 341) (89158, 40664)
2022-08-31 14:04:07.687 *** Process image overlay spent 0.00 seconds.
2022-08-31 14:04:07.688 *** Get cell color spent 0.00 seconds.
2022-08-31 14:04:07.712 *** Mouse movement (LeftButton) ***  Mouse coords: (800, 341) (89158, 40665)
2022-08-31 14:04:07.716 *** Process image overlay spent 0.00 seconds.
2022-08-31 14:04:07.717 *** Get cell color spent 0.00 seconds.
2022-08-31 14:04:08.514 *** Interactive label *** (double click) click on screen. screen: (711, 425); slide: (89127, 40695). case_id: 20220722_Eric_Yang, slide_id: 3BQMJY_44661.svs, Nuclei index selected: 399312
2022-08-31 14:04:08.526 *** Interactive label *** Apply to case start.
2022-08-31 14:04:09.522 *** Mouse movement (LeftButton) ***  Mouse coords: (776, 331) (89150, 40662)
2022-08-31 14:04:09.562 *** Process image overlay spent 0.00 seconds.
2022-08-31 14:04:09.563 *** Get cell color spent 0.00 seconds.
2022-08-31 14:04:09.589 *** Mouse movement (LeftButton) ***  Mouse coords: (801, 344) (89159, 40666)
2022-08-31 14:04:09.593 *** Process image overlay spent 0.00 seconds.
2022-08-31 14:04:09.594 *** Get cell color spent 0.00 seconds.
2022-08-31 14:04:09.616 *** Mouse movement (LeftButton) ***  Mouse coords: (811, 348) (89153, 40664)
2022-08-31 14:04:09.619 *** Process image overlay spent 0.00 seconds.
2022-08-31 14:04:09.620 *** Get cell color spent 0.00 seconds.
2022-08-31 14:04:09.650 *** Process image overlay spent 0.00 seconds.
2022-08-31 14:04:09.651 *** Get cell color spent 0.00 seconds.
2022-08-31 14:04:09.654 *** Mouse movement (LeftButton) ***  Mouse coords: (821, 351) (89154, 40663)
2022-08-31 14:04:09.675 *** Process image overlay spent 0.00 seconds.
2022-08-31 14:04:09.676 *** Get cell color spent 0.00 seconds.
2022-08-31 14:04:09.699 *** Mouse movement (LeftButton) ***  Mouse coords: (825, 352) (89151, 40662)
2022-08-31 14:04:09.702 *** Process image overlay spent 0.00 seconds.
2022-08-31 14:04:09.703 *** Get cell color spent 0.00 seconds.
2022-08-31 14:04:09.734 *** Process image overlay spent 0.00 seconds.
2022-08-31 14:04:09.735 *** Get cell color spent 0.00 seconds.
2022-08-31 14:04:18.411 *** Mouse movement (LeftButton) ***  Mouse coords: (810, 237) (89145, 40622)
2022-08-31 14:04:18.436 *** Process image overlay spent 0.00 seconds.
2022-08-31 14:04:18.438 *** Get cell color spent 0.00 seconds.
2022-08-31 14:04:18.466 *** Mouse movement (LeftButton) ***  Mouse coords: (809, 237) (89144, 40622)
2022-08-31 14:04:18.469 *** Process image overlay spent 0.00 seconds.
2022-08-31 14:04:18.471 *** Get cell color spent 0.00 seconds.
2022-08-31 14:04:18.500 *** Process image overlay spent 0.00 seconds.
2022-08-31 14:04:18.501 *** Get cell color spent 0.00 seconds.
2022-08-31 14:04:18.504 *** Mouse movement (LeftButton) ***  Mouse coords: (809, 237) (89145, 40622)
2022-08-31 14:04:18.525 *** Process image overlay spent 0.00 seconds.
2022-08-31 14:04:18.526 *** Get cell color spent 0.00 seconds.
2022-08-31 14:04:18.549 *** Mouse movement (LeftButton) ***  Mouse coords: (809, 237) (89145, 40622)
2022-08-31 14:04:18.552 *** Process image overlay spent 0.00 seconds.
2022-08-31 14:04:18.553 *** Get cell color spent 0.00 seconds.
2022-08-31 14:04:18.576 *** Mouse movement (LeftButton) ***  Mouse coords: (807, 236) (89145, 40621)
2022-08-31 14:04:18.579 *** Process image overlay spent 0.00 seconds.
2022-08-31 14:04:18.580 *** Get cell color spent 0.00 seconds.
2022-08-31 14:04:18.602 *** Mouse movement (LeftButton) ***  Mouse coords: (798, 234) (89142, 40622)
2022-08-31 14:04:18.607 *** Process image overlay spent 0.00 seconds.
2022-08-31 14:04:18.608 *** Get cell color spent 0.00 seconds.
2022-08-31 14:04:18.633 *** Mouse movement (LeftButton) ***  Mouse coords: (786, 233) (89140, 40621)
2022-08-31 14:04:18.636 *** Process image overlay spent 0.00 seconds.
2022-08-31 14:04:18.637 *** Get cell color spent 0.00 seconds.
2022-08-31 14:04:18.650 *** Process image overlay spent 0.00 seconds.
2022-08-31 14:04:18.651 *** Get cell color spent 0.00 seconds.
2022-08-31 14:04:18.673 *** Mouse movement (LeftButton) ***  Mouse coords: (773, 233) (89141, 40622)
2022-08-31 14:04:18.677 *** Process image overlay spent 0.00 seconds.
2022-08-31 14:04:18.678 *** Get cell color spent 0.00 seconds.
2022-08-31 14:04:18.701 *** Mouse movement (LeftButton) ***  Mouse coords: (771, 233) (89144, 40622)
2022-08-31 14:04:18.705 *** Process image overlay spent 0.00 seconds.
2022-08-31 14:04:18.706 *** Get cell color spent 0.00 seconds.
2022-08-31 14:04:18.738 *** Process image overlay spent 0.00 seconds.
2022-08-31 14:04:18.739 *** Get cell color spent 0.00 seconds.
2022-08-31 14:04:20.258 *** Interactive label *** (double click) click on screen. screen: (785, 428); slide: (89150, 40691). case_id: 20220722_Eric_Yang, slide_id: 3BQMJY_44661.svs, Nuclei index selected: 397749
2022-08-31 14:04:20.285 *** Interactive label *** Apply to case start.
2022-08-31 14:04:57.719 *** Program closed.
