2022-09-02 15:47:44.608 *** Start program *** Start program
2022-09-02 15:47:51.444 *** Open case *** /Applications/XAMPP/xamppfiles/htdocs/20220722_Eric_Yang
2022-09-02 15:47:55.899 *** Open processed data
2022-09-02 15:47:55.901 *** Preload all statistics at once.
2022-09-02 15:47:58.682 *** Nuclei stat data loaded, took 2.78 seconds. Total number of nuclei: 1781303
2022-09-02 15:59:58.419 *** Mouse movement (LeftButton) ***  Mouse coords: (707, 348) (30858, 37514)
2022-09-02 16:00:26.139 *** Mouse movement (LeftButton) ***  Mouse coords: (605, 223) (27421, 33302)
2022-09-02 16:00:29.396 *** Mouse movement (LeftButton) ***  Mouse coords: (742, 197) (27436, 33216)
2022-09-02 16:00:29.582 *** Interactive label *** (double click) click on screen. screen: (742, 197); slide: (27436, 33216). case_id: 20220722_Eric_Yang, slide_id: 3BQKJJ_44651.svs, Nuclei index selected: 682722
2022-09-02 16:00:29.624 *** Interactive label *** Apply to case start.
2022-09-02 16:00:32.005 *** Mouse movement (LeftButton) ***  Mouse coords: (797, 276) (27497, 33148)
2022-09-02 16:00:33.511 *** Keyboard input *** key pressed: key: 88; text: "x"
2022-09-02 16:00:33.995 *** Keyboard input *** key pressed: key: 90; text: "z"
2022-09-02 16:00:34.005 *** Process image overlay spent 0.01 seconds.
2022-09-02 16:00:34.008 *** Get cell color spent 0.00 seconds.
2022-09-02 16:00:34.747 *** Interactive label *** (double click) click on screen. screen: (720, 330); slide: (27441, 33188). case_id: 20220722_Eric_Yang, slide_id: 3BQKJJ_44651.svs, Nuclei index selected: 685512
2022-09-02 16:00:34.790 *** Interactive label *** Apply to case start.
2022-09-02 16:00:35.120 *** Keyboard input *** key pressed: key: 88; text: "x"
2022-09-02 16:00:35.715 *** Keyboard input *** key pressed: key: 90; text: "z"
2022-09-02 16:00:36.113 *** Keyboard input *** key pressed: key: 88; text: "x"
2022-09-02 16:00:38.571 *** Mouse movement (LeftButton) ***  Mouse coords: (985, 388) (27634, 33230)
2022-09-02 16:00:38.741 *** Interactive label *** (double click) click on screen. screen: (984, 388); slide: (27634, 33230). case_id: 20220722_Eric_Yang, slide_id: 3BQKJJ_44651.svs, Nuclei index selected: 684208
2022-09-02 16:00:38.778 *** Interactive label *** Apply to case start.
2022-09-02 16:00:44.867 *** Interactive label *** Apply to case done.
2022-09-02 16:00:45.087 *** Interactive label *** Apply to case finish overlay create.
2022-09-02 16:00:45.130 *** Interactive label *** (double click) click on screen. screen: (984, 425); slide: (27634, 33257). case_id: 20220722_Eric_Yang, slide_id: 3BQKJJ_44651.svs, Nuclei index selected: 684898
2022-09-02 16:00:45.164 *** Interactive label *** Apply to case start.
2022-09-02 16:00:50.969 *** Interactive label *** Apply to case done.
2022-09-02 16:00:51.096 *** Interactive label *** Apply to case finish overlay create.
2022-09-02 16:01:12.064 *** User Login *** id=640475916; email=zhihuang@stanford.edu; firstname=Zhi; lastname=Huang.
2022-09-02 16:01:15.662 *** Interactive label: Sync start.
2022-09-02 16:01:15.687 *** starting thread (client mode): 0x435c47c0
2022-09-02 16:01:15.687 *** Local version/idstring: SSH-2.0-paramiko_2.11.0
2022-09-02 16:01:15.712 *** Remote version/idstring: SSH-2.0-OpenSSH_5.3
2022-09-02 16:01:15.712 *** Connected (version 2.0, client OpenSSH_5.3)
2022-09-02 16:01:15.731 *** === Key exchange possibilities ===
2022-09-02 16:01:15.731 *** kex algos: diffie-hellman-group-exchange-sha256, diffie-hellman-group-exchange-sha1, diffie-hellman-group14-sha1, diffie-hellman-group1-sha1
2022-09-02 16:01:15.732 *** server key: ssh-rsa, ssh-rsa-cert-v01@openssh.com, ssh-dss
2022-09-02 16:01:15.732 *** client encrypt: aes128-ctr, aes192-ctr, aes256-ctr, arcfour256, arcfour128, aes128-cbc, 3des-cbc, blowfish-cbc, cast128-cbc, aes192-cbc, aes256-cbc, arcfour, rijndael-cbc@lysator.liu.se
2022-09-02 16:01:15.732 *** server encrypt: aes128-ctr, aes192-ctr, aes256-ctr, arcfour256, arcfour128, aes128-cbc, 3des-cbc, blowfish-cbc, cast128-cbc, aes192-cbc, aes256-cbc, arcfour, rijndael-cbc@lysator.liu.se
2022-09-02 16:01:15.732 *** client mac: hmac-md5, hmac-sha1, umac-64@openssh.com, hmac-sha2-256, hmac-sha2-512, hmac-ripemd160, hmac-ripemd160@openssh.com, hmac-sha1-96, hmac-md5-96
2022-09-02 16:01:15.732 *** server mac: hmac-md5, hmac-sha1, umac-64@openssh.com, hmac-sha2-256, hmac-sha2-512, hmac-ripemd160, hmac-ripemd160@openssh.com, hmac-sha1-96, hmac-md5-96
2022-09-02 16:01:15.732 *** client compress: none, zlib@openssh.com
2022-09-02 16:01:15.732 *** server compress: none, zlib@openssh.com
2022-09-02 16:01:15.732 *** client lang: <none>
2022-09-02 16:01:15.732 *** server lang: <none>
2022-09-02 16:01:15.732 *** kex follows: False
2022-09-02 16:01:15.732 *** === Key exchange agreements ===
2022-09-02 16:01:15.732 *** Kex: diffie-hellman-group-exchange-sha256
2022-09-02 16:01:15.732 *** HostKey: ssh-rsa
2022-09-02 16:01:15.732 *** Cipher: aes128-ctr
2022-09-02 16:01:15.732 *** MAC: hmac-sha2-256
2022-09-02 16:01:15.732 *** Compression: none
2022-09-02 16:01:15.732 *** === End of kex handshake ===
2022-09-02 16:01:15.794 *** Got server p (2048 bits)
2022-09-02 16:01:15.894 *** kex engine KexGexSHA256 specified hash_algo <built-in function openssl_sha256>
2022-09-02 16:01:15.895 *** Switch to new keys ...
2022-09-02 16:01:15.895 *** Adding ssh-rsa host key for 173.201.181.247: b'cca345f774a2d98448d0bcc78f04075d'
2022-09-02 16:01:15.974 *** userauth is OK
2022-09-02 16:01:15.998 *** Authentication (password) successful!
2022-09-02 16:01:16.001 *** [chan 0] Max packet in: 32768 bytes
2022-09-02 16:01:16.020 *** [chan 0] Max packet out: 32768 bytes
2022-09-02 16:01:16.020 *** Secsh channel 0 opened.
2022-09-02 16:01:16.043 *** [chan 0] Sesch channel 0 request ok
2022-09-02 16:01:16.048 *** [chan 0] EOF received (0)
2022-09-02 16:01:16.048 *** [chan 1] Max packet in: 32768 bytes
2022-09-02 16:01:16.049 *** [chan 0] EOF sent (0)
2022-09-02 16:01:16.069 *** [chan 1] Max packet out: 32768 bytes
2022-09-02 16:01:16.069 *** Secsh channel 1 opened.
2022-09-02 16:01:16.150 *** [chan 1] Sesch channel 1 request ok
2022-09-02 16:01:16.173 *** [chan 1] Opened sftp connection (server version 3)
2022-09-02 16:01:39.822 *** Program closed.
