2022-08-31 15:27:52.178 *** Start program *** Start program
2022-08-31 15:27:58.665 *** Open case *** /Applications/XAMPP/xamppfiles/htdocs/20220722_Eric_Yang
2022-08-31 15:28:03.885 *** Open processed data
2022-08-31 15:28:03.886 *** Preload all statistics at once.
2022-08-31 15:28:04.616 *** Nuclei stat data loaded, took 0.73 seconds. Total number of nuclei: 843996
2022-08-31 15:28:08.946 *** Mouse movement (LeftButton) ***  Mouse coords: (153, 133) (31410, 28353)
2022-08-31 15:28:09.548 *** Mouse movement (LeftButton) ***  Mouse coords: (530, 322) (91730, 58593)
2022-08-31 15:28:15.065 *** Mouse movement (LeftButton) ***  Mouse coords: (641, 394) (85777, 53005)
2022-08-31 15:28:19.911 *** Mouse movement (LeftButton) ***  Mouse coords: (778, 291) (85759, 52860)
2022-08-31 15:28:29.308 *** Mouse movement (LeftButton) ***  Mouse coords: (692, 256) (84550, 52332)
2022-08-31 15:28:29.369 *** Mouse movement (LeftButton) ***  Mouse coords: (759, 278) (84628, 52358)
2022-08-31 15:28:29.390 *** Mouse movement (LeftButton) ***  Mouse coords: (785, 288) (84580, 52343)
2022-08-31 15:28:29.411 *** Mouse movement (LeftButton) ***  Mouse coords: (794, 292) (84560, 52337)
2022-08-31 15:28:29.431 *** Mouse movement (LeftButton) ***  Mouse coords: (806, 296) (84564, 52336)
2022-08-31 15:28:29.451 *** Mouse movement (LeftButton) ***  Mouse coords: (816, 299) (84562, 52336)
2022-08-31 15:28:29.477 *** Mouse movement (LeftButton) ***  Mouse coords: (823, 302) (84558, 52335)
2022-08-31 15:28:29.496 *** Mouse movement (LeftButton) ***  Mouse coords: (826, 302) (84553, 52332)
2022-08-31 15:28:29.518 *** Mouse movement (LeftButton) ***  Mouse coords: (826, 303) (84550, 52334)
2022-08-31 15:28:29.538 *** Mouse movement (LeftButton) ***  Mouse coords: (827, 303) (84552, 52332)
2022-08-31 15:28:47.318 *** Mouse movement (LeftButton) ***  Mouse coords: (653, 270) (81643, 52864)
2022-08-31 15:28:47.357 *** Mouse movement (LeftButton) ***  Mouse coords: (653, 271) (81643, 52862)
2022-08-31 15:28:47.377 *** Mouse movement (LeftButton) ***  Mouse coords: (653, 273) (81643, 52863)
2022-08-31 15:28:47.403 *** Mouse movement (LeftButton) ***  Mouse coords: (654, 308) (81644, 52902)
2022-08-31 15:28:47.423 *** Mouse movement (LeftButton) ***  Mouse coords: (656, 319) (81645, 52873)
2022-08-31 15:28:47.445 *** Mouse movement (LeftButton) ***  Mouse coords: (660, 342) (81648, 52888)
2022-08-31 15:28:47.470 *** Mouse movement (LeftButton) ***  Mouse coords: (664, 357) (81647, 52878)
2022-08-31 15:28:47.496 *** Mouse movement (LeftButton) ***  Mouse coords: (673, 393) (81653, 52902)
2022-08-31 15:28:47.515 *** Mouse movement (LeftButton) ***  Mouse coords: (673, 395) (81643, 52864)
2022-08-31 15:28:47.536 *** Mouse movement (LeftButton) ***  Mouse coords: (673, 395) (81643, 52861)
2022-08-31 15:28:47.810 *** Mouse movement (LeftButton) ***  Mouse coords: (712, 399) (81688, 52865)
2022-08-31 15:28:47.836 *** Mouse movement (LeftButton) ***  Mouse coords: (712, 399) (81688, 52865)
2022-08-31 15:28:47.858 *** Mouse movement (LeftButton) ***  Mouse coords: (708, 412) (81684, 52880)
2022-08-31 15:28:47.879 *** Mouse movement (LeftButton) ***  Mouse coords: (701, 432) (81680, 52889)
2022-08-31 15:28:47.898 *** Mouse movement (LeftButton) ***  Mouse coords: (695, 455) (81681, 52891)
2022-08-31 15:28:47.918 *** Mouse movement (LeftButton) ***  Mouse coords: (682, 494) (81673, 52910)
2022-08-31 15:28:47.954 *** Mouse movement (LeftButton) ***  Mouse coords: (681, 503) (81687, 52876)
2022-08-31 15:28:47.973 *** Mouse movement (LeftButton) ***  Mouse coords: (681, 506) (81688, 52868)
2022-08-31 15:28:50.773 *** Keyboard input *** key pressed: key: 90; text: "z"
2022-08-31 15:28:50.780 *** Process image overlay spent 0.01 seconds.
2022-08-31 15:28:50.784 *** Get cell color spent 0.00 seconds.
2022-08-31 15:28:51.098 *** Keyboard input *** key pressed: key: 88; text: "x"
2022-08-31 15:28:51.597 *** Keyboard input *** key pressed: key: 90; text: "z"
2022-08-31 15:28:51.766 *** Keyboard input *** key pressed: key: 88; text: "x"
2022-08-31 15:28:52.431 *** Keyboard input *** key pressed: key: 88; text: "x"
2022-08-31 15:28:52.768 *** Keyboard input *** key pressed: key: 90; text: "z"
2022-08-31 15:28:52.775 *** Process image overlay spent 0.01 seconds.
2022-08-31 15:28:52.780 *** Get cell color spent 0.00 seconds.
2022-08-31 15:28:53.357 *** Keyboard input *** key pressed: key: 88; text: "x"
2022-08-31 15:28:53.777 *** Mouse movement (LeftButton) ***  Mouse coords: (784, 287) (81808, 52995)
2022-08-31 15:28:53.813 *** Mouse movement (LeftButton) ***  Mouse coords: (784, 287) (81808, 52994)
2022-08-31 15:28:53.839 *** Mouse movement (LeftButton) ***  Mouse coords: (780, 290) (81804, 52998)
2022-08-31 15:28:53.841 *** Mouse movement (LeftButton) ***  Mouse coords: (767, 302) (81792, 53008)
2022-08-31 15:28:53.863 *** Mouse movement (LeftButton) ***  Mouse coords: (756, 310) (81796, 53003)
2022-08-31 15:28:53.882 *** Mouse movement (LeftButton) ***  Mouse coords: (726, 331) (81772, 53019)
2022-08-31 15:28:53.906 *** Mouse movement (LeftButton) ***  Mouse coords: (713, 339) (81793, 53003)
2022-08-31 15:28:53.907 *** Mouse movement (LeftButton) ***  Mouse coords: (705, 344) (81799, 53000)
2022-08-31 15:28:53.926 *** Mouse movement (LeftButton) ***  Mouse coords: (702, 345) (81804, 52995)
2022-08-31 15:28:53.966 *** Keyboard input *** key pressed: key: 90; text: "z"
2022-08-31 15:28:54.820 *** Keyboard input *** key pressed: key: 88; text: "x"
2022-08-31 15:28:57.682 *** Keyboard input *** key pressed: key: 88; text: "x"
2022-08-31 15:28:58.017 *** Keyboard input *** key pressed: key: 88; text: "x"
2022-08-31 15:28:58.317 *** Keyboard input *** key pressed: key: 88; text: "x"
2022-08-31 15:28:58.597 *** Keyboard input *** key pressed: key: 88; text: "x"
2022-08-31 15:28:58.923 *** Keyboard input *** key pressed: key: 88; text: "x"
2022-08-31 15:28:59.814 *** Keyboard input *** key pressed: key: 88; text: "x"
2022-08-31 15:29:00.098 *** Keyboard input *** key pressed: key: 88; text: "x"
2022-08-31 15:29:00.357 *** Keyboard input *** key pressed: key: 88; text: "x"
2022-08-31 15:29:00.599 *** Keyboard input *** key pressed: key: 88; text: "x"
2022-08-31 15:29:00.852 *** Keyboard input *** key pressed: key: 88; text: "x"
2022-08-31 15:29:01.115 *** Keyboard input *** key pressed: key: 88; text: "x"
2022-08-31 15:29:01.344 *** Keyboard input *** key pressed: key: 88; text: "x"
2022-08-31 15:29:01.695 *** Keyboard input *** key pressed: key: 88; text: "x"
2022-08-31 15:29:01.963 *** Keyboard input *** key pressed: key: 88; text: "x"
2022-08-31 15:29:03.392 *** Keyboard input *** key pressed: key: 88; text: "x"
2022-08-31 15:29:03.688 *** Keyboard input *** key pressed: key: 88; text: "x"
2022-08-31 15:29:05.920 *** Keyboard input *** key pressed: key: 88; text: "x"
2022-08-31 15:29:06.140 *** Keyboard input *** key pressed: key: 88; text: "x"
2022-08-31 15:29:06.394 *** Keyboard input *** key pressed: key: 88; text: "x"
2022-08-31 15:29:06.612 *** Keyboard input *** key pressed: key: 88; text: "x"
2022-08-31 15:29:06.860 *** Keyboard input *** key pressed: key: 88; text: "x"
2022-08-31 15:29:07.063 *** Keyboard input *** key pressed: key: 88; text: "x"
2022-08-31 15:29:07.267 *** Keyboard input *** key pressed: key: 88; text: "x"
2022-08-31 15:29:07.460 *** Keyboard input *** key pressed: key: 88; text: "x"
2022-08-31 15:29:23.533 *** Mouse movement (LeftButton) ***  Mouse coords: (944, 379) (81345, 49797)
2022-08-31 15:29:28.327 *** Mouse movement (LeftButton) ***  Mouse coords: (486, 439) (80425, 49962)
2022-08-31 15:29:28.381 *** Mouse movement (LeftButton) ***  Mouse coords: (498, 439) (80433, 49962)
2022-08-31 15:29:28.419 *** Mouse movement (LeftButton) ***  Mouse coords: (500, 439) (80426, 49962)
2022-08-31 15:29:28.447 *** Mouse movement (LeftButton) ***  Mouse coords: (502, 439) (80426, 49962)
2022-08-31 15:29:28.483 *** Mouse movement (LeftButton) ***  Mouse coords: (504, 439) (80425, 49962)
2022-08-31 15:29:28.541 *** Mouse movement (LeftButton) ***  Mouse coords: (508, 439) (80427, 49962)
2022-08-31 15:29:28.560 *** Mouse movement (LeftButton) ***  Mouse coords: (515, 439) (80430, 49962)
2022-08-31 15:29:28.598 *** Mouse movement (LeftButton) ***  Mouse coords: (535, 439) (80440, 49962)
2022-08-31 15:29:28.620 *** Mouse movement (LeftButton) ***  Mouse coords: (559, 445) (80443, 49967)
2022-08-31 15:29:28.658 *** Mouse movement (LeftButton) ***  Mouse coords: (572, 449) (80435, 49965)
2022-08-31 15:29:28.679 *** Mouse movement (LeftButton) ***  Mouse coords: (578, 451) (80429, 49964)
2022-08-31 15:29:28.701 *** Mouse movement (LeftButton) ***  Mouse coords: (583, 453) (80428, 49964)
2022-08-31 15:29:28.720 *** Mouse movement (LeftButton) ***  Mouse coords: (586, 454) (80426, 49962)
2022-08-31 15:29:28.743 *** Mouse movement (LeftButton) ***  Mouse coords: (587, 455) (80425, 49963)
2022-08-31 15:29:28.769 *** Mouse movement (LeftButton) ***  Mouse coords: (587, 455) (80424, 49962)
2022-08-31 15:29:29.549 *** Interactive label *** (double click) click on screen. screen: (456, 438); slide: (80319, 49948). case_id: 20220722_Eric_Yang, slide_id: 3BNI3N_44662.svs, Nuclei index selected: 604002
2022-08-31 15:29:29.591 *** Interactive label *** Apply to case start.
2022-08-31 15:29:30.707 *** Mouse movement (LeftButton) ***  Mouse coords: (418, 432) (80288, 49944)
2022-08-31 15:29:30.860 *** Interactive label *** (double click) click on screen. screen: (418, 432); slide: (80288, 49944). case_id: 20220722_Eric_Yang, slide_id: 3BNI3N_44662.svs, Nuclei index selected: 602322
2022-08-31 15:29:30.894 *** Interactive label *** Apply to case start.
2022-08-31 15:29:31.524 *** Mouse movement (LeftButton) ***  Mouse coords: (390, 416) (80266, 49931)
2022-08-31 15:29:31.675 *** Interactive label *** (double click) click on screen. screen: (390, 416); slide: (80265, 49931). case_id: 20220722_Eric_Yang, slide_id: 3BNI3N_44662.svs, Nuclei index selected: 600901
2022-08-31 15:29:31.705 *** Interactive label *** Apply to case start.
2022-08-31 15:29:32.269 *** Mouse movement (LeftButton) ***  Mouse coords: (300, 383) (80193, 49904)
2022-08-31 15:29:32.409 *** Interactive label *** (double click) click on screen. screen: (300, 383); slide: (80193, 49904). case_id: 20220722_Eric_Yang, slide_id: 3BNI3N_44662.svs, Nuclei index selected: 605232
2022-08-31 15:29:32.441 *** Interactive label *** Apply to case start.
2022-08-31 15:29:33.002 *** Mouse movement (LeftButton) ***  Mouse coords: (283, 398) (80179, 49916)
2022-08-31 15:29:33.158 *** Interactive label *** (double click) click on screen. screen: (283, 399); slide: (80179, 49917). case_id: 20220722_Eric_Yang, slide_id: 3BNI3N_44662.svs, Nuclei index selected: 603720
2022-08-31 15:29:33.191 *** Interactive label *** Apply to case start.
2022-08-31 15:29:34.643 *** Mouse movement (LeftButton) ***  Mouse coords: (938, 464) (80342, 49975)
2022-08-31 15:29:34.784 *** Interactive label *** (double click) click on screen. screen: (938, 464); slide: (80342, 49975). case_id: 20220722_Eric_Yang, slide_id: 3BNI3N_44662.svs, Nuclei index selected: 603335
2022-08-31 15:29:34.817 *** Interactive label *** Apply to case start.
2022-08-31 15:29:35.209 *** Mouse movement (LeftButton) ***  Mouse coords: (970, 517) (80368, 50017)
2022-08-31 15:29:35.367 *** Interactive label *** (double click) click on screen. screen: (970, 518); slide: (80368, 50018). case_id: 20220722_Eric_Yang, slide_id: 3BNI3N_44662.svs, Nuclei index selected: 603709
2022-08-31 15:29:35.403 *** Interactive label *** Apply to case start.
2022-08-31 15:29:35.932 *** Interactive label *** (double click) click on screen. screen: (970, 502); slide: (80368, 50005). case_id: 20220722_Eric_Yang, slide_id: 3BNI3N_44662.svs, Nuclei index selected: 602718
2022-08-31 15:29:35.976 *** Interactive label *** Apply to case start.
2022-08-31 15:29:36.498 *** Mouse movement (LeftButton) ***  Mouse coords: (793, 532) (80226, 50029)
2022-08-31 15:29:36.642 *** Interactive label *** (double click) click on screen. screen: (793, 532); slide: (80226, 50029). case_id: 20220722_Eric_Yang, slide_id: 3BNI3N_44662.svs, Nuclei index selected: 603497
2022-08-31 15:29:36.676 *** Interactive label *** Apply to case start.
2022-08-31 15:29:37.060 *** Mouse movement (LeftButton) ***  Mouse coords: (829, 556) (80255, 50048)
2022-08-31 15:29:37.209 *** Interactive label *** (double click) click on screen. screen: (829, 557); slide: (80255, 50049). case_id: 20220722_Eric_Yang, slide_id: 3BNI3N_44662.svs, Nuclei index selected: 663675
2022-08-31 15:29:37.244 *** Interactive label *** Apply to case start.
2022-08-31 15:29:37.908 *** Interactive label *** (double click) click on screen. screen: (788, 520); slide: (80222, 50020). case_id: 20220722_Eric_Yang, slide_id: 3BNI3N_44662.svs, Nuclei index selected: 603784
2022-08-31 15:29:37.953 *** Interactive label *** Apply to case start.
2022-08-31 15:29:38.497 *** Interactive label *** (double click) click on screen. screen: (788, 508); slide: (80222, 50010). case_id: 20220722_Eric_Yang, slide_id: 3BNI3N_44662.svs, Nuclei index selected: 604358
2022-08-31 15:29:38.545 *** Interactive label *** Apply to case start.
2022-08-31 15:29:41.358 *** Mouse movement (LeftButton) ***  Mouse coords: (725, 513) (80172, 50014)
2022-08-31 15:29:41.509 *** Interactive label *** (double click) click on screen. screen: (725, 514); slide: (80172, 50015). case_id: 20220722_Eric_Yang, slide_id: 3BNI3N_44662.svs, Nuclei index selected: 605272
2022-08-31 15:29:41.543 *** Interactive label *** Apply to case start.
2022-08-31 15:29:43.928 *** Interactive label *** Apply to case done.
2022-08-31 15:29:46.751 *** Interactive label *** Apply to case finish overlay create.
2022-08-31 15:29:48.435 *** Interactive label *** (double click) click on screen. screen: (577, 528); slide: (80131, 49990). case_id: 20220722_Eric_Yang, slide_id: 3BNI3N_44662.svs, Nuclei index selected: 604503
2022-08-31 15:29:48.481 *** Interactive label *** Apply to case start.
2022-08-31 15:29:50.889 *** Interactive label *** Apply to case done.
2022-08-31 15:29:53.636 *** Interactive label *** Apply to case finish overlay create.
2022-08-31 15:29:54.732 *** Mouse movement (LeftButton) ***  Mouse coords: (645, 310) (80147, 49777)
2022-08-31 15:29:54.839 *** Mouse movement (LeftButton) ***  Mouse coords: (645, 310) (80147, 49776)
2022-08-31 15:29:54.889 *** Mouse movement (LeftButton) ***  Mouse coords: (645, 348) (80147, 49806)
2022-08-31 15:29:54.919 *** Mouse movement (LeftButton) ***  Mouse coords: (645, 384) (80147, 49805)
2022-08-31 15:29:54.951 *** Mouse movement (LeftButton) ***  Mouse coords: (645, 395) (80147, 49785)
2022-08-31 15:29:54.982 *** Mouse movement (LeftButton) ***  Mouse coords: (645, 415) (80147, 49792)
2022-08-31 15:29:55.013 *** Mouse movement (LeftButton) ***  Mouse coords: (645, 419) (80147, 49779)
2022-08-31 15:29:55.044 *** Mouse movement (LeftButton) ***  Mouse coords: (645, 425) (80147, 49781)
2022-08-31 15:29:55.101 *** Mouse movement (LeftButton) ***  Mouse coords: (644, 424) (80146, 49775)
2022-08-31 15:29:55.241 *** Keyboard input *** key pressed: key: 90; text: "z"
2022-08-31 15:29:55.245 *** Process image overlay spent 0.00 seconds.
2022-08-31 15:29:55.247 *** Get cell color spent 0.00 seconds.
2022-08-31 15:29:55.950 *** Keyboard input *** key pressed: key: 90; text: "z"
2022-08-31 15:29:56.274 *** Keyboard input *** key pressed: key: 90; text: "z"
2022-08-31 15:29:56.281 *** Process image overlay spent 0.01 seconds.
2022-08-31 15:29:56.286 *** Get cell color spent 0.00 seconds.
2022-08-31 15:29:56.940 *** Interactive label *** (double click) click on screen. screen: (552, 491); slide: (80074, 49830). case_id: 20220722_Eric_Yang, slide_id: 3BNI3N_44662.svs, Nuclei index selected: 598200
2022-08-31 15:29:56.993 *** Interactive label *** Apply to case start.
2022-08-31 15:29:59.386 *** Interactive label *** Apply to case done.
2022-08-31 15:30:02.093 *** Interactive label *** Apply to case finish overlay create.
2022-08-31 15:30:02.096 *** Process image overlay spent 0.00 seconds.
2022-08-31 15:30:02.097 *** Get cell color spent 0.00 seconds.
2022-08-31 15:30:02.156 *** Interactive label *** (double click) click on screen. screen: (577, 482); slide: (80094, 49823). case_id: 20220722_Eric_Yang, slide_id: 3BNI3N_44662.svs, Nuclei index selected: 603805
2022-08-31 15:30:02.193 *** Interactive label *** Apply to case start.
2022-08-31 15:30:04.615 *** Interactive label *** Apply to case done.
2022-08-31 15:30:07.310 *** Interactive label *** Apply to case finish overlay create.
2022-08-31 15:30:07.313 *** Process image overlay spent 0.00 seconds.
2022-08-31 15:30:07.315 *** Get cell color spent 0.00 seconds.
2022-08-31 15:30:07.365 *** Mouse movement (LeftButton) ***  Mouse coords: (607, 473) (80118, 49816)
2022-08-31 15:30:07.369 *** Process image overlay spent 0.00 seconds.
2022-08-31 15:30:07.370 *** Get cell color spent 0.00 seconds.
2022-08-31 15:30:07.424 *** Process image overlay spent 0.00 seconds.
2022-08-31 15:30:07.426 *** Get cell color spent 0.00 seconds.
2022-08-31 15:30:07.480 *** Mouse movement (LeftButton) ***  Mouse coords: (620, 468) (80121, 49798)
2022-08-31 15:30:07.502 *** Process image overlay spent 0.00 seconds.
2022-08-31 15:30:07.504 *** Get cell color spent 0.00 seconds.
2022-08-31 15:30:07.556 *** Process image overlay spent 0.00 seconds.
2022-08-31 15:30:07.558 *** Get cell color spent 0.00 seconds.
2022-08-31 15:30:08.554 *** Process image overlay spent 0.00 seconds.
2022-08-31 15:30:08.556 *** Get cell color spent 0.00 seconds.
2022-08-31 15:30:08.602 *** Process image overlay spent 0.00 seconds.
2022-08-31 15:30:08.603 *** Get cell color spent 0.00 seconds.
2022-08-31 15:30:08.646 *** Process image overlay spent 0.00 seconds.
2022-08-31 15:30:08.647 *** Get cell color spent 0.00 seconds.
2022-08-31 15:30:08.701 *** Process image overlay spent 0.00 seconds.
2022-08-31 15:30:08.702 *** Get cell color spent 0.00 seconds.
2022-08-31 15:30:08.744 *** Process image overlay spent 0.00 seconds.
2022-08-31 15:30:08.746 *** Get cell color spent 0.00 seconds.
2022-08-31 15:30:08.790 *** Process image overlay spent 0.00 seconds.
2022-08-31 15:30:08.792 *** Get cell color spent 0.00 seconds.
2022-08-31 15:30:08.839 *** Process image overlay spent 0.00 seconds.
2022-08-31 15:30:08.841 *** Get cell color spent 0.00 seconds.
2022-08-31 15:30:08.887 *** Process image overlay spent 0.00 seconds.
2022-08-31 15:30:08.889 *** Get cell color spent 0.00 seconds.
2022-08-31 15:30:08.941 *** Process image overlay spent 0.00 seconds.
2022-08-31 15:30:08.943 *** Get cell color spent 0.00 seconds.
2022-08-31 15:30:08.985 *** Process image overlay spent 0.00 seconds.
2022-08-31 15:30:08.986 *** Get cell color spent 0.00 seconds.
2022-08-31 15:30:09.027 *** Process image overlay spent 0.00 seconds.
2022-08-31 15:30:09.028 *** Get cell color spent 0.00 seconds.
2022-08-31 15:30:09.073 *** Process image overlay spent 0.00 seconds.
2022-08-31 15:30:09.074 *** Get cell color spent 0.00 seconds.
2022-08-31 15:30:12.299 *** Mouse movement (LeftButton) ***  Mouse coords: (586, 339) (80018, 49628)
2022-08-31 15:30:12.337 *** Mouse movement (LeftButton) ***  Mouse coords: (615, 359) (80041, 49644)
2022-08-31 15:30:12.363 *** Mouse movement (LeftButton) ***  Mouse coords: (672, 400) (80087, 49677)
2022-08-31 15:30:12.385 *** Mouse movement (LeftButton) ***  Mouse coords: (695, 417) (80105, 49690)
2022-08-31 15:30:12.407 *** Mouse movement (LeftButton) ***  Mouse coords: (724, 437) (80129, 49706)
2022-08-31 15:30:12.428 *** Mouse movement (LeftButton) ***  Mouse coords: (735, 448) (80138, 49715)
2022-08-31 15:30:12.450 *** Mouse movement (LeftButton) ***  Mouse coords: (747, 460) (80147, 49725)
2022-08-31 15:30:12.471 *** Mouse movement (LeftButton) ***  Mouse coords: (751, 465) (80150, 49729)
2022-08-31 15:30:12.492 *** Mouse movement (LeftButton) ***  Mouse coords: (759, 472) (80157, 49734)
2022-08-31 15:30:12.514 *** Mouse movement (LeftButton) ***  Mouse coords: (762, 475) (80159, 49737)
2022-08-31 15:30:12.535 *** Mouse movement (LeftButton) ***  Mouse coords: (764, 477) (80161, 49738)
2022-08-31 15:30:12.557 *** Mouse movement (LeftButton) ***  Mouse coords: (766, 478) (80162, 49739)
2022-08-31 15:30:12.577 *** Mouse movement (LeftButton) ***  Mouse coords: (767, 479) (80163, 49740)
2022-08-31 15:30:12.599 *** Mouse movement (LeftButton) ***  Mouse coords: (768, 480) (80164, 49741)
2022-08-31 15:30:12.620 *** Mouse movement (LeftButton) ***  Mouse coords: (768, 481) (80164, 49741)
2022-08-31 15:30:12.642 *** Mouse movement (LeftButton) ***  Mouse coords: (771, 486) (80166, 49746)
2022-08-31 15:30:12.663 *** Mouse movement (LeftButton) ***  Mouse coords: (773, 489) (80168, 49748)
2022-08-31 15:30:12.684 *** Mouse movement (LeftButton) ***  Mouse coords: (774, 492) (80169, 49750)
2022-08-31 15:30:12.706 *** Mouse movement (LeftButton) ***  Mouse coords: (775, 493) (80170, 49751)
2022-08-31 15:30:12.730 *** Mouse movement (LeftButton) ***  Mouse coords: (775, 493) (80170, 49751)
2022-08-31 15:30:13.774 *** Interactive label *** Apply to case start.
2022-08-31 15:30:16.266 *** Interactive label *** Apply to case done.
2022-08-31 15:30:18.392 *** Interactive label *** Apply to case finish overlay create.
2022-08-31 15:30:18.397 *** Process image overlay spent 0.00 seconds.
2022-08-31 15:30:18.398 *** Get cell color spent 0.00 seconds.
2022-08-31 15:30:19.162 *** Process image overlay spent 0.00 seconds.
2022-08-31 15:30:19.164 *** Get cell color spent 0.00 seconds.
2022-08-31 15:30:19.213 *** Process image overlay spent 0.00 seconds.
2022-08-31 15:30:19.215 *** Get cell color spent 0.00 seconds.
2022-08-31 15:30:19.262 *** Process image overlay spent 0.00 seconds.
2022-08-31 15:30:19.264 *** Get cell color spent 0.00 seconds.
2022-08-31 15:30:19.310 *** Process image overlay spent 0.00 seconds.
2022-08-31 15:30:19.312 *** Get cell color spent 0.00 seconds.
2022-08-31 15:30:19.364 *** Process image overlay spent 0.00 seconds.
2022-08-31 15:30:19.366 *** Get cell color spent 0.00 seconds.
2022-08-31 15:30:19.418 *** Process image overlay spent 0.00 seconds.
2022-08-31 15:30:19.420 *** Get cell color spent 0.00 seconds.
2022-08-31 15:30:19.469 *** Process image overlay spent 0.00 seconds.
2022-08-31 15:30:19.470 *** Get cell color spent 0.00 seconds.
2022-08-31 15:30:19.519 *** Process image overlay spent 0.00 seconds.
2022-08-31 15:30:19.520 *** Get cell color spent 0.00 seconds.
2022-08-31 15:30:19.572 *** Process image overlay spent 0.00 seconds.
2022-08-31 15:30:19.574 *** Get cell color spent 0.00 seconds.
2022-08-31 15:30:19.621 *** Process image overlay spent 0.00 seconds.
2022-08-31 15:30:19.622 *** Get cell color spent 0.00 seconds.
2022-08-31 15:30:19.677 *** Process image overlay spent 0.00 seconds.
2022-08-31 15:30:19.679 *** Get cell color spent 0.00 seconds.
2022-08-31 15:30:19.723 *** Process image overlay spent 0.00 seconds.
2022-08-31 15:30:19.724 *** Get cell color spent 0.00 seconds.
2022-08-31 15:30:19.770 *** Process image overlay spent 0.00 seconds.
2022-08-31 15:30:19.772 *** Get cell color spent 0.00 seconds.
2022-08-31 15:30:20.179 *** Process image overlay spent 0.00 seconds.
2022-08-31 15:30:20.181 *** Get cell color spent 0.00 seconds.
2022-08-31 15:30:20.246 *** Process image overlay spent 0.00 seconds.
2022-08-31 15:30:20.247 *** Get cell color spent 0.00 seconds.
2022-08-31 15:30:20.490 *** Process image overlay spent 0.00 seconds.
2022-08-31 15:30:20.493 *** Get cell color spent 0.00 seconds.
2022-08-31 15:30:25.668 *** Process image overlay spent 0.00 seconds.
2022-08-31 15:30:25.671 *** Get cell color spent 0.00 seconds.
2022-08-31 15:30:27.358 *** Mouse movement (LeftButton) ***  Mouse coords: (395, 689) (80203, 50171)
2022-08-31 15:30:27.406 *** Mouse movement (LeftButton) ***  Mouse coords: (436, 703) (80257, 50189)
2022-08-31 15:30:27.435 *** Mouse movement (LeftButton) ***  Mouse coords: (466, 715) (80297, 50205)
2022-08-31 15:30:27.459 *** Mouse movement (LeftButton) ***  Mouse coords: (497, 726) (80338, 50220)
2022-08-31 15:30:27.481 *** Mouse movement (LeftButton) ***  Mouse coords: (517, 733) (80364, 50229)
2022-08-31 15:30:27.503 *** Mouse movement (LeftButton) ***  Mouse coords: (522, 734) (80370, 50230)
2022-08-31 15:30:27.526 *** Mouse movement (LeftButton) ***  Mouse coords: (529, 737) (80380, 50234)
2022-08-31 15:30:27.550 *** Mouse movement (LeftButton) ***  Mouse coords: (532, 738) (80384, 50235)
2022-08-31 15:30:27.572 *** Mouse movement (LeftButton) ***  Mouse coords: (534, 740) (80386, 50238)
2022-08-31 15:30:27.594 *** Mouse movement (LeftButton) ***  Mouse coords: (536, 741) (80389, 50239)
2022-08-31 15:30:27.617 *** Mouse movement (LeftButton) ***  Mouse coords: (541, 744) (80395, 50243)
2022-08-31 15:30:27.639 *** Mouse movement (LeftButton) ***  Mouse coords: (552, 750) (80410, 50251)
2022-08-31 15:30:27.661 *** Mouse movement (LeftButton) ***  Mouse coords: (569, 759) (80432, 50263)
2022-08-31 15:30:27.684 *** Mouse movement (LeftButton) ***  Mouse coords: (583, 767) (80451, 50274)
2022-08-31 15:30:27.706 *** Mouse movement (LeftButton) ***  Mouse coords: (607, 781) (80482, 50292)
2022-08-31 15:30:27.728 *** Mouse movement (LeftButton) ***  Mouse coords: (628, 792) (80510, 50306)
2022-08-31 15:30:27.751 *** Mouse movement (LeftButton) ***  Mouse coords: (639, 797) (80524, 50313)
2022-08-31 15:30:27.772 *** Mouse movement (LeftButton) ***  Mouse coords: (649, 801) (80538, 50318)
2022-08-31 15:30:27.795 *** Mouse movement (LeftButton) ***  Mouse coords: (653, 802) (80543, 50320)
2022-08-31 15:30:27.817 *** Mouse movement (LeftButton) ***  Mouse coords: (654, 803) (80544, 50321)
2022-08-31 15:30:27.840 *** Mouse movement (LeftButton) ***  Mouse coords: (655, 803) (80545, 50321)
2022-08-31 15:30:27.862 *** Mouse movement (LeftButton) ***  Mouse coords: (655, 803) (80545, 50321)
2022-08-31 15:30:29.599 *** Interactive label *** Apply to case start.
2022-08-31 15:30:32.077 *** Interactive label *** Apply to case done.
2022-08-31 15:30:34.439 *** Interactive label *** Apply to case finish overlay create.
2022-08-31 15:30:34.442 *** Process image overlay spent 0.00 seconds.
2022-08-31 15:30:34.444 *** Get cell color spent 0.00 seconds.
2022-08-31 15:30:35.542 *** Process image overlay spent 0.00 seconds.
2022-08-31 15:30:35.548 *** Get cell color spent 0.01 seconds.
2022-08-31 15:30:36.749 *** Process image overlay spent 0.00 seconds.
2022-08-31 15:30:36.751 *** Get cell color spent 0.00 seconds.
2022-08-31 15:30:36.815 *** Process image overlay spent 0.00 seconds.
2022-08-31 15:30:36.817 *** Get cell color spent 0.00 seconds.
2022-08-31 15:30:36.870 *** Process image overlay spent 0.00 seconds.
2022-08-31 15:30:36.871 *** Get cell color spent 0.00 seconds.
2022-08-31 15:30:36.922 *** Process image overlay spent 0.00 seconds.
2022-08-31 15:30:36.924 *** Get cell color spent 0.00 seconds.
2022-08-31 15:30:37.783 *** Process image overlay spent 0.00 seconds.
2022-08-31 15:30:37.785 *** Get cell color spent 0.00 seconds.
2022-08-31 15:30:37.839 *** Process image overlay spent 0.00 seconds.
2022-08-31 15:30:37.840 *** Get cell color spent 0.00 seconds.
2022-08-31 15:30:37.887 *** Process image overlay spent 0.00 seconds.
2022-08-31 15:30:37.889 *** Get cell color spent 0.00 seconds.
2022-08-31 15:30:37.939 *** Process image overlay spent 0.00 seconds.
2022-08-31 15:30:37.941 *** Get cell color spent 0.00 seconds.
2022-08-31 15:30:37.988 *** Process image overlay spent 0.00 seconds.
2022-08-31 15:30:37.989 *** Get cell color spent 0.00 seconds.
2022-08-31 15:30:38.033 *** Process image overlay spent 0.00 seconds.
2022-08-31 15:30:38.034 *** Get cell color spent 0.00 seconds.
2022-08-31 15:30:38.650 *** Mouse movement (LeftButton) ***  Mouse coords: (593, 502) (80267, 50096)
2022-08-31 15:30:38.793 *** Interactive label *** (double click) click on screen. screen: (593, 502); slide: (80267, 50096). case_id: 20220722_Eric_Yang, slide_id: 3BNI3N_44662.svs, Nuclei index selected: 666130
2022-08-31 15:30:38.836 *** Interactive label *** Apply to case start.
2022-08-31 15:30:41.319 *** Interactive label *** Apply to case done.
2022-08-31 15:30:43.708 *** Interactive label *** Apply to case finish overlay create.
2022-08-31 15:30:43.711 *** Process image overlay spent 0.00 seconds.
2022-08-31 15:30:43.712 *** Get cell color spent 0.00 seconds.
2022-08-31 15:30:44.333 *** Mouse movement (LeftButton) ***  Mouse coords: (572, 461) (80253, 50069)
2022-08-31 15:30:44.376 *** Mouse movement (LeftButton) ***  Mouse coords: (582, 483) (80260, 50084)
2022-08-31 15:30:44.402 *** Mouse movement (LeftButton) ***  Mouse coords: (595, 507) (80268, 50100)
2022-08-31 15:30:44.426 *** Mouse movement (LeftButton) ***  Mouse coords: (608, 532) (80277, 50116)
2022-08-31 15:30:44.448 *** Mouse movement (LeftButton) ***  Mouse coords: (619, 553) (80284, 50130)
2022-08-31 15:30:44.470 *** Mouse movement (LeftButton) ***  Mouse coords: (622, 560) (80286, 50135)
2022-08-31 15:30:44.492 *** Mouse movement (LeftButton) ***  Mouse coords: (625, 565) (80288, 50138)
2022-08-31 15:30:44.514 *** Mouse movement (LeftButton) ***  Mouse coords: (626, 567) (80289, 50139)
2022-08-31 15:30:44.536 *** Mouse movement (LeftButton) ***  Mouse coords: (626, 567) (80289, 50139)
2022-08-31 15:30:44.557 *** Mouse movement (LeftButton) ***  Mouse coords: (628, 568) (80290, 50140)
2022-08-31 15:30:44.578 *** Mouse movement (LeftButton) ***  Mouse coords: (631, 569) (80292, 50141)
2022-08-31 15:30:44.601 *** Mouse movement (LeftButton) ***  Mouse coords: (633, 571) (80294, 50142)
2022-08-31 15:30:44.622 *** Mouse movement (LeftButton) ***  Mouse coords: (638, 572) (80297, 50143)
2022-08-31 15:30:44.644 *** Mouse movement (LeftButton) ***  Mouse coords: (641, 573) (80299, 50143)
2022-08-31 15:30:44.667 *** Mouse movement (LeftButton) ***  Mouse coords: (645, 574) (80301, 50144)
2022-08-31 15:30:44.689 *** Mouse movement (LeftButton) ***  Mouse coords: (648, 574) (80303, 50144)
2022-08-31 15:30:44.710 *** Mouse movement (LeftButton) ***  Mouse coords: (651, 572) (80305, 50143)
2022-08-31 15:30:44.733 *** Mouse movement (LeftButton) ***  Mouse coords: (652, 571) (80306, 50142)
2022-08-31 15:30:44.755 *** Mouse movement (LeftButton) ***  Mouse coords: (655, 568) (80308, 50140)
2022-08-31 15:30:44.777 *** Mouse movement (LeftButton) ***  Mouse coords: (658, 564) (80310, 50137)
2022-08-31 15:30:44.799 *** Mouse movement (LeftButton) ***  Mouse coords: (659, 561) (80311, 50135)
2022-08-31 15:30:44.821 *** Mouse movement (LeftButton) ***  Mouse coords: (661, 558) (80312, 50133)
2022-08-31 15:30:44.843 *** Mouse movement (LeftButton) ***  Mouse coords: (662, 556) (80313, 50132)
2022-08-31 15:30:44.865 *** Mouse movement (LeftButton) ***  Mouse coords: (663, 555) (80313, 50131)
2022-08-31 15:30:44.887 *** Mouse movement (LeftButton) ***  Mouse coords: (663, 555) (80313, 50131)
2022-08-31 15:30:44.907 *** Mouse movement (LeftButton) ***  Mouse coords: (663, 554) (80313, 50131)
2022-08-31 15:30:44.928 *** Mouse movement (LeftButton) ***  Mouse coords: (663, 553) (80313, 50130)
2022-08-31 15:30:44.951 *** Mouse movement (LeftButton) ***  Mouse coords: (664, 551) (80314, 50129)
2022-08-31 15:30:44.973 *** Mouse movement (LeftButton) ***  Mouse coords: (664, 547) (80314, 50126)
2022-08-31 15:30:44.995 *** Mouse movement (LeftButton) ***  Mouse coords: (664, 543) (80314, 50123)
2022-08-31 15:30:45.018 *** Mouse movement (LeftButton) ***  Mouse coords: (664, 542) (80314, 50123)
2022-08-31 15:30:45.173 *** Mouse movement (LeftButton) ***  Mouse coords: (664, 542) (80314, 50123)
2022-08-31 15:30:45.203 *** Mouse movement (LeftButton) ***  Mouse coords: (664, 542) (80314, 50123)
2022-08-31 15:30:45.225 *** Mouse movement (LeftButton) ***  Mouse coords: (664, 543) (80314, 50123)
2022-08-31 15:30:45.256 *** Mouse movement (LeftButton) ***  Mouse coords: (664, 543) (80314, 50123)
2022-08-31 15:30:45.276 *** Mouse movement (LeftButton) ***  Mouse coords: (664, 543) (80314, 50123)
2022-08-31 15:30:45.295 *** Mouse movement (LeftButton) ***  Mouse coords: (664, 543) (80314, 50123)
2022-08-31 15:30:45.315 *** Mouse movement (LeftButton) ***  Mouse coords: (664, 544) (80314, 50124)
2022-08-31 15:30:45.337 *** Mouse movement (LeftButton) ***  Mouse coords: (663, 544) (80313, 50124)
2022-08-31 15:30:45.359 *** Mouse movement (LeftButton) ***  Mouse coords: (663, 545) (80313, 50125)
2022-08-31 15:30:45.381 *** Mouse movement (LeftButton) ***  Mouse coords: (662, 545) (80313, 50125)
2022-08-31 15:30:45.402 *** Mouse movement (LeftButton) ***  Mouse coords: (662, 545) (80313, 50125)
2022-08-31 15:30:45.447 *** Mouse movement (LeftButton) ***  Mouse coords: (662, 546) (80313, 50125)
2022-08-31 15:30:45.470 *** Mouse movement (LeftButton) ***  Mouse coords: (662, 546) (80313, 50125)
2022-08-31 15:30:45.489 *** Mouse movement (LeftButton) ***  Mouse coords: (662, 546) (80313, 50125)
2022-08-31 15:30:46.450 *** Interactive label *** Apply to case start.
2022-08-31 15:30:48.941 *** Interactive label *** Apply to case done.
2022-08-31 15:30:50.877 *** Interactive label *** Apply to case finish overlay create.
2022-08-31 15:30:50.881 *** Process image overlay spent 0.00 seconds.
2022-08-31 15:30:50.883 *** Get cell color spent 0.00 seconds.
2022-08-31 15:30:51.494 *** Process image overlay spent 0.00 seconds.
2022-08-31 15:30:51.496 *** Get cell color spent 0.00 seconds.
2022-08-31 15:30:51.542 *** Process image overlay spent 0.00 seconds.
2022-08-31 15:30:51.543 *** Get cell color spent 0.00 seconds.
2022-08-31 15:30:51.592 *** Process image overlay spent 0.00 seconds.
2022-08-31 15:30:51.593 *** Get cell color spent 0.00 seconds.
2022-08-31 15:30:51.636 *** Process image overlay spent 0.00 seconds.
2022-08-31 15:30:51.637 *** Get cell color spent 0.00 seconds.
2022-08-31 15:30:51.682 *** Process image overlay spent 0.00 seconds.
2022-08-31 15:30:51.684 *** Get cell color spent 0.00 seconds.
2022-08-31 15:30:51.743 *** Process image overlay spent 0.00 seconds.
2022-08-31 15:30:51.745 *** Get cell color spent 0.00 seconds.
2022-08-31 15:30:52.777 *** Process image overlay spent 0.00 seconds.
2022-08-31 15:30:52.780 *** Get cell color spent 0.00 seconds.
2022-08-31 15:30:53.794 *** Process image overlay spent 0.00 seconds.
2022-08-31 15:30:53.799 *** Get cell color spent 0.01 seconds.
2022-08-31 15:30:54.822 *** Process image overlay spent 0.00 seconds.
2022-08-31 15:30:54.825 *** Get cell color spent 0.00 seconds.
2022-08-31 15:30:55.492 *** Mouse movement (LeftButton) ***  Mouse coords: (113, 420) (79214, 49901)
2022-08-31 15:30:55.640 *** Mouse movement (LeftButton) ***  Mouse coords: (114, 420) (79216, 49901)
2022-08-31 15:30:55.680 *** Mouse movement (LeftButton) ***  Mouse coords: (146, 434) (79270, 49925)
2022-08-31 15:30:55.706 *** Mouse movement (LeftButton) ***  Mouse coords: (161, 443) (79296, 49940)
2022-08-31 15:30:55.730 *** Mouse movement (LeftButton) ***  Mouse coords: (196, 468) (79355, 49982)
2022-08-31 15:30:55.752 *** Mouse movement (LeftButton) ***  Mouse coords: (218, 486) (79393, 50013)
2022-08-31 15:30:55.775 *** Mouse movement (LeftButton) ***  Mouse coords: (227, 493) (79408, 50025)
2022-08-31 15:30:55.797 *** Mouse movement (LeftButton) ***  Mouse coords: (232, 500) (79417, 50037)
2022-08-31 15:30:55.820 *** Mouse movement (LeftButton) ***  Mouse coords: (235, 503) (79422, 50042)
2022-08-31 15:30:55.842 *** Mouse movement (LeftButton) ***  Mouse coords: (237, 504) (79425, 50044)
2022-08-31 15:30:55.865 *** Mouse movement (LeftButton) ***  Mouse coords: (238, 507) (79427, 50049)
2022-08-31 15:30:55.887 *** Mouse movement (LeftButton) ***  Mouse coords: (241, 509) (79432, 50052)
2022-08-31 15:30:55.909 *** Mouse movement (LeftButton) ***  Mouse coords: (243, 513) (79435, 50059)
2022-08-31 15:30:55.932 *** Mouse movement (LeftButton) ***  Mouse coords: (248, 520) (79444, 50071)
2022-08-31 15:30:55.954 *** Mouse movement (LeftButton) ***  Mouse coords: (258, 532) (79461, 50091)
2022-08-31 15:30:55.977 *** Mouse movement (LeftButton) ***  Mouse coords: (264, 541) (79471, 50107)
2022-08-31 15:30:55.999 *** Mouse movement (LeftButton) ***  Mouse coords: (273, 553) (79486, 50127)
2022-08-31 15:30:56.022 *** Mouse movement (LeftButton) ***  Mouse coords: (281, 563) (79500, 50144)
2022-08-31 15:30:56.045 *** Mouse movement (LeftButton) ***  Mouse coords: (286, 571) (79508, 50158)
2022-08-31 15:30:56.068 *** Mouse movement (LeftButton) ***  Mouse coords: (289, 574) (79514, 50163)
2022-08-31 15:30:56.089 *** Mouse movement (LeftButton) ***  Mouse coords: (291, 575) (79517, 50165)
2022-08-31 15:30:56.112 *** Mouse movement (LeftButton) ***  Mouse coords: (292, 576) (79519, 50166)
2022-08-31 15:30:56.135 *** Mouse movement (LeftButton) ***  Mouse coords: (293, 577) (79520, 50168)
2022-08-31 15:30:56.157 *** Mouse movement (LeftButton) ***  Mouse coords: (296, 578) (79525, 50170)
2022-08-31 15:30:56.180 *** Mouse movement (LeftButton) ***  Mouse coords: (298, 579) (79529, 50171)
2022-08-31 15:30:56.202 *** Mouse movement (LeftButton) ***  Mouse coords: (298, 579) (79529, 50171)
2022-08-31 15:30:56.223 *** Mouse movement (LeftButton) ***  Mouse coords: (298, 579) (79529, 50171)
2022-08-31 15:30:57.181 *** Interactive label *** Apply to case start.
2022-08-31 15:30:59.647 *** Interactive label *** Apply to case done.
2022-08-31 15:31:00.674 *** Interactive label *** Apply to case finish overlay create.
2022-08-31 15:31:00.678 *** Process image overlay spent 0.00 seconds.
2022-08-31 15:31:00.682 *** Get cell color spent 0.00 seconds.
2022-08-31 15:31:01.691 *** Process image overlay spent 0.00 seconds.
2022-08-31 15:31:01.706 *** Get cell color spent 0.02 seconds.
2022-08-31 15:31:03.420 *** Process image overlay spent 0.00 seconds.
2022-08-31 15:31:03.435 *** Get cell color spent 0.01 seconds.
2022-08-31 15:31:04.144 *** Process image overlay spent 0.00 seconds.
2022-08-31 15:31:04.150 *** Get cell color spent 0.01 seconds.
2022-08-31 15:31:04.515 *** Process image overlay spent 0.00 seconds.
2022-08-31 15:31:04.519 *** Get cell color spent 0.00 seconds.
2022-08-31 15:31:05.159 *** Mouse movement (LeftButton) ***  Mouse coords: (588, 587) (79321, 50243)
2022-08-31 15:31:05.341 *** Mouse movement (LeftButton) ***  Mouse coords: (589, 587) (79323, 50243)
2022-08-31 15:31:05.382 *** Mouse movement (LeftButton) ***  Mouse coords: (595, 591) (79335, 50251)
2022-08-31 15:31:05.408 *** Mouse movement (LeftButton) ***  Mouse coords: (599, 593) (79343, 50255)
2022-08-31 15:31:05.431 *** Mouse movement (LeftButton) ***  Mouse coords: (604, 600) (79353, 50269)
2022-08-31 15:31:05.454 *** Mouse movement (LeftButton) ***  Mouse coords: (608, 606) (79360, 50281)
2022-08-31 15:31:05.476 *** Mouse movement (LeftButton) ***  Mouse coords: (613, 615) (79370, 50298)
2022-08-31 15:31:05.500 *** Mouse movement (LeftButton) ***  Mouse coords: (616, 623) (79376, 50314)
2022-08-31 15:31:05.523 *** Mouse movement (LeftButton) ***  Mouse coords: (618, 628) (79380, 50324)
2022-08-31 15:31:05.545 *** Mouse movement (LeftButton) ***  Mouse coords: (619, 629) (79382, 50326)
2022-08-31 15:31:05.568 *** Mouse movement (LeftButton) ***  Mouse coords: (620, 630) (79384, 50328)
2022-08-31 15:31:05.591 *** Mouse movement (LeftButton) ***  Mouse coords: (620, 631) (79384, 50330)
2022-08-31 15:31:05.614 *** Mouse movement (LeftButton) ***  Mouse coords: (621, 631) (79386, 50330)
2022-08-31 15:31:05.636 *** Mouse movement (LeftButton) ***  Mouse coords: (621, 632) (79386, 50332)
2022-08-31 15:31:05.658 *** Mouse movement (LeftButton) ***  Mouse coords: (621, 632) (79386, 50332)
2022-08-31 15:31:05.678 *** Mouse movement (LeftButton) ***  Mouse coords: (621, 632) (79386, 50332)
2022-08-31 15:31:05.699 *** Mouse movement (LeftButton) ***  Mouse coords: (622, 632) (79388, 50332)
2022-08-31 15:31:05.722 *** Mouse movement (LeftButton) ***  Mouse coords: (623, 633) (79390, 50334)
2022-08-31 15:31:05.744 *** Mouse movement (LeftButton) ***  Mouse coords: (624, 634) (79392, 50336)
2022-08-31 15:31:05.767 *** Mouse movement (LeftButton) ***  Mouse coords: (626, 634) (79396, 50336)
2022-08-31 15:31:05.790 *** Mouse movement (LeftButton) ***  Mouse coords: (628, 636) (79400, 50340)
2022-08-31 15:31:05.812 *** Mouse movement (LeftButton) ***  Mouse coords: (628, 636) (79400, 50340)
2022-08-31 15:31:05.833 *** Mouse movement (LeftButton) ***  Mouse coords: (629, 636) (79402, 50340)
2022-08-31 15:31:05.855 *** Mouse movement (LeftButton) ***  Mouse coords: (630, 636) (79404, 50340)
2022-08-31 15:31:05.878 *** Mouse movement (LeftButton) ***  Mouse coords: (631, 636) (79406, 50340)
2022-08-31 15:31:05.900 *** Mouse movement (LeftButton) ***  Mouse coords: (631, 636) (79406, 50340)
2022-08-31 15:31:05.921 *** Mouse movement (LeftButton) ***  Mouse coords: (632, 637) (79408, 50341)
2022-08-31 15:31:05.943 *** Mouse movement (LeftButton) ***  Mouse coords: (633, 637) (79409, 50341)
2022-08-31 15:31:05.967 *** Mouse movement (LeftButton) ***  Mouse coords: (634, 637) (79411, 50341)
2022-08-31 15:31:05.989 *** Mouse movement (LeftButton) ***  Mouse coords: (634, 637) (79411, 50341)
2022-08-31 15:31:06.010 *** Mouse movement (LeftButton) ***  Mouse coords: (634, 637) (79411, 50341)
2022-08-31 15:31:06.030 *** Mouse movement (LeftButton) ***  Mouse coords: (634, 638) (79411, 50343)
2022-08-31 15:31:07.268 *** Interactive label *** Apply to case start.
2022-08-31 15:31:09.829 *** Interactive label *** Apply to case done.
2022-08-31 15:31:11.489 *** Interactive label *** Apply to case finish overlay create.
2022-08-31 15:31:11.494 *** Process image overlay spent 0.00 seconds.
2022-08-31 15:31:11.498 *** Get cell color spent 0.00 seconds.
2022-08-31 15:31:12.443 *** Process image overlay spent 0.00 seconds.
2022-08-31 15:31:12.447 *** Get cell color spent 0.00 seconds.
2022-08-31 15:31:12.989 *** Process image overlay spent 0.00 seconds.
2022-08-31 15:31:12.993 *** Get cell color spent 0.00 seconds.
2022-08-31 15:31:13.916 *** Mouse movement (LeftButton) ***  Mouse coords: (713, 577) (78249, 49894)
2022-08-31 15:31:13.961 *** Mouse movement (LeftButton) ***  Mouse coords: (722, 593) (78267, 49925)
2022-08-31 15:31:13.988 *** Mouse movement (LeftButton) ***  Mouse coords: (738, 615) (78298, 49969)
2022-08-31 15:31:14.011 *** Mouse movement (LeftButton) ***  Mouse coords: (757, 637) (78335, 50012)
2022-08-31 15:31:14.035 *** Mouse movement (LeftButton) ***  Mouse coords: (777, 658) (78375, 50053)
2022-08-31 15:31:14.059 *** Mouse movement (LeftButton) ***  Mouse coords: (794, 675) (78408, 50086)
2022-08-31 15:31:14.081 *** Mouse movement (LeftButton) ***  Mouse coords: (804, 685) (78428, 50106)
2022-08-31 15:31:14.104 *** Mouse movement (LeftButton) ***  Mouse coords: (810, 690) (78439, 50116)
2022-08-31 15:31:14.127 *** Mouse movement (LeftButton) ***  Mouse coords: (813, 693) (78445, 50122)
2022-08-31 15:31:14.150 *** Mouse movement (LeftButton) ***  Mouse coords: (815, 693) (78449, 50122)
2022-08-31 15:31:14.188 *** Mouse movement (LeftButton) ***  Mouse coords: (815, 693) (78449, 50122)
2022-08-31 15:31:14.209 *** Mouse movement (LeftButton) ***  Mouse coords: (815, 693) (78449, 50122)
2022-08-31 15:31:14.230 *** Mouse movement (LeftButton) ***  Mouse coords: (815, 693) (78449, 50122)
2022-08-31 15:31:14.255 *** Mouse movement (LeftButton) ***  Mouse coords: (815, 692) (78449, 50120)
2022-08-31 15:31:14.277 *** Mouse movement (LeftButton) ***  Mouse coords: (815, 692) (78449, 50120)
2022-08-31 15:31:14.298 *** Mouse movement (LeftButton) ***  Mouse coords: (814, 690) (78447, 50116)
2022-08-31 15:31:14.321 *** Mouse movement (LeftButton) ***  Mouse coords: (812, 688) (78443, 50112)
2022-08-31 15:31:14.343 *** Mouse movement (LeftButton) ***  Mouse coords: (808, 681) (78436, 50098)
2022-08-31 15:31:14.366 *** Mouse movement (LeftButton) ***  Mouse coords: (803, 676) (78426, 50088)
2022-08-31 15:31:14.389 *** Mouse movement (LeftButton) ***  Mouse coords: (802, 675) (78424, 50086)
2022-08-31 15:31:14.411 *** Mouse movement (LeftButton) ***  Mouse coords: (801, 674) (78422, 50084)
2022-08-31 15:31:14.434 *** Mouse movement (LeftButton) ***  Mouse coords: (801, 674) (78422, 50084)
2022-08-31 15:31:14.453 *** Mouse movement (LeftButton) ***  Mouse coords: (801, 674) (78422, 50084)
2022-08-31 15:31:15.896 *** Interactive label *** Apply to case start.
2022-08-31 15:31:18.518 *** Interactive label *** Apply to case done.
2022-08-31 15:31:20.229 *** Interactive label *** Apply to case finish overlay create.
2022-08-31 15:31:20.233 *** Process image overlay spent 0.00 seconds.
2022-08-31 15:31:20.236 *** Get cell color spent 0.00 seconds.
2022-08-31 15:31:21.122 *** Process image overlay spent 0.00 seconds.
2022-08-31 15:31:21.131 *** Get cell color spent 0.01 seconds.
2022-08-31 15:31:21.997 *** Process image overlay spent 0.00 seconds.
2022-08-31 15:31:22.034 *** Get cell color spent 0.04 seconds.
2022-08-31 15:31:23.272 *** Process image overlay spent 0.00 seconds.
2022-08-31 15:31:23.308 *** Get cell color spent 0.04 seconds.
2022-08-31 15:31:23.404 *** Keyboard input *** key pressed: key: 88; text: "x"
2022-08-31 15:31:24.112 *** Keyboard input *** key pressed: key: 90; text: "z"
2022-08-31 15:31:24.629 *** Keyboard input *** key pressed: key: 88; text: "x"
2022-08-31 15:31:25.288 *** Keyboard input *** key pressed: key: 88; text: "x"
2022-08-31 15:31:25.541 *** Keyboard input *** key pressed: key: 88; text: "x"
2022-08-31 15:31:25.856 *** Keyboard input *** key pressed: key: 88; text: "x"
2022-08-31 15:31:26.116 *** Keyboard input *** key pressed: key: 88; text: "x"
2022-08-31 15:31:30.890 *** Keyboard input *** key pressed: key: 88; text: "x"
2022-08-31 15:31:31.437 *** Keyboard input *** key pressed: key: 90; text: "z"
2022-08-31 15:31:31.440 *** Process image overlay spent 0.00 seconds.
2022-08-31 15:31:31.445 *** Get cell color spent 0.00 seconds.
2022-08-31 15:31:32.016 *** Keyboard input *** key pressed: key: 88; text: "x"
2022-08-31 15:31:34.218 *** Process image overlay spent 0.00 seconds.
2022-08-31 15:31:34.223 *** Get cell color spent 0.01 seconds.
2022-08-31 15:31:35.074 *** Process image overlay spent 0.00 seconds.
2022-08-31 15:31:35.077 *** Get cell color spent 0.00 seconds.
2022-08-31 15:31:37.551 *** Mouse movement (LeftButton) ***  Mouse coords: (563, 473) (80395, 45417)
2022-08-31 15:31:37.639 *** Mouse movement (LeftButton) ***  Mouse coords: (563, 473) (80395, 45417)
2022-08-31 15:31:37.666 *** Mouse movement (LeftButton) ***  Mouse coords: (577, 476) (80418, 45422)
2022-08-31 15:31:37.689 *** Mouse movement (LeftButton) ***  Mouse coords: (608, 497) (80469, 45456)
2022-08-31 15:31:37.710 *** Mouse movement (LeftButton) ***  Mouse coords: (636, 517) (80515, 45489)
2022-08-31 15:31:37.732 *** Mouse movement (LeftButton) ***  Mouse coords: (669, 542) (80569, 45530)
2022-08-31 15:31:37.753 *** Mouse movement (LeftButton) ***  Mouse coords: (687, 556) (80599, 45553)
2022-08-31 15:31:37.774 *** Mouse movement (LeftButton) ***  Mouse coords: (707, 573) (80632, 45581)
2022-08-31 15:31:37.794 *** Mouse movement (LeftButton) ***  Mouse coords: (716, 583) (80646, 45598)
2022-08-31 15:31:37.815 *** Mouse movement (LeftButton) ***  Mouse coords: (723, 593) (80658, 45614)
2022-08-31 15:31:37.835 *** Mouse movement (LeftButton) ***  Mouse coords: (728, 600) (80666, 45626)
2022-08-31 15:31:37.855 *** Mouse movement (LeftButton) ***  Mouse coords: (732, 606) (80673, 45636)
2022-08-31 15:31:37.875 *** Mouse movement (LeftButton) ***  Mouse coords: (733, 609) (80674, 45640)
2022-08-31 15:31:37.894 *** Mouse movement (LeftButton) ***  Mouse coords: (737, 614) (80681, 45649)
2022-08-31 15:31:37.914 *** Mouse movement (LeftButton) ***  Mouse coords: (739, 617) (80684, 45654)
2022-08-31 15:31:37.934 *** Mouse movement (LeftButton) ***  Mouse coords: (741, 620) (80687, 45659)
2022-08-31 15:31:37.955 *** Mouse movement (LeftButton) ***  Mouse coords: (742, 621) (80689, 45660)
2022-08-31 15:31:37.974 *** Mouse movement (LeftButton) ***  Mouse coords: (743, 622) (80691, 45662)
2022-08-31 15:31:37.995 *** Mouse movement (LeftButton) ***  Mouse coords: (743, 622) (80691, 45662)
2022-08-31 15:31:38.013 *** Mouse movement (LeftButton) ***  Mouse coords: (744, 622) (80692, 45662)
2022-08-31 15:31:38.032 *** Mouse movement (LeftButton) ***  Mouse coords: (746, 625) (80696, 45667)
2022-08-31 15:31:38.051 *** Mouse movement (LeftButton) ***  Mouse coords: (747, 629) (80697, 45673)
2022-08-31 15:31:39.124 *** Interactive label *** Apply to case start.
2022-08-31 15:31:41.733 *** Interactive label *** Apply to case done.
2022-08-31 15:31:43.220 *** Interactive label *** Apply to case finish overlay create.
2022-08-31 15:31:43.225 *** Process image overlay spent 0.00 seconds.
2022-08-31 15:31:43.228 *** Get cell color spent 0.00 seconds.
2022-08-31 15:31:44.377 *** Process image overlay spent 0.00 seconds.
2022-08-31 15:31:44.380 *** Get cell color spent 0.00 seconds.
2022-08-31 15:31:45.010 *** Process image overlay spent 0.00 seconds.
2022-08-31 15:31:45.015 *** Get cell color spent 0.00 seconds.
2022-08-31 15:31:46.191 *** Mouse movement (LeftButton) ***  Mouse coords: (1054, 440) (81245, 45132)
2022-08-31 15:31:46.243 *** Mouse movement (LeftButton) ***  Mouse coords: (1067, 475) (81277, 45218)
2022-08-31 15:31:46.269 *** Mouse movement (LeftButton) ***  Mouse coords: (1075, 495) (81297, 45267)
2022-08-31 15:31:46.292 *** Mouse movement (LeftButton) ***  Mouse coords: (1087, 516) (81327, 45319)
2022-08-31 15:31:46.315 *** Mouse movement (LeftButton) ***  Mouse coords: (1097, 534) (81351, 45363)
2022-08-31 15:31:46.337 *** Mouse movement (LeftButton) ***  Mouse coords: (1101, 541) (81361, 45380)
2022-08-31 15:31:46.359 *** Mouse movement (LeftButton) ***  Mouse coords: (1107, 551) (81376, 45405)
2022-08-31 15:31:46.382 *** Mouse movement (LeftButton) ***  Mouse coords: (1112, 559) (81388, 45425)
2022-08-31 15:31:46.406 *** Mouse movement (LeftButton) ***  Mouse coords: (1118, 565) (81403, 45439)
2022-08-31 15:31:46.428 *** Mouse movement (LeftButton) ***  Mouse coords: (1120, 569) (81408, 45449)
2022-08-31 15:31:46.451 *** Mouse movement (LeftButton) ***  Mouse coords: (1126, 574) (81423, 45462)
2022-08-31 15:31:46.473 *** Mouse movement (LeftButton) ***  Mouse coords: (1130, 578) (81432, 45471)
2022-08-31 15:31:46.495 *** Mouse movement (LeftButton) ***  Mouse coords: (1133, 580) (81440, 45476)
2022-08-31 15:31:46.518 *** Mouse movement (LeftButton) ***  Mouse coords: (1137, 584) (81450, 45486)
2022-08-31 15:31:46.541 *** Mouse movement (LeftButton) ***  Mouse coords: (1139, 586) (81455, 45491)
2022-08-31 15:31:46.563 *** Mouse movement (LeftButton) ***  Mouse coords: (1140, 588) (81457, 45496)
2022-08-31 15:31:46.585 *** Mouse movement (LeftButton) ***  Mouse coords: (1141, 589) (81459, 45498)
2022-08-31 15:31:46.608 *** Mouse movement (LeftButton) ***  Mouse coords: (1142, 590) (81462, 45501)
2022-08-31 15:31:46.630 *** Mouse movement (LeftButton) ***  Mouse coords: (1144, 592) (81467, 45506)
2022-08-31 15:31:46.653 *** Mouse movement (LeftButton) ***  Mouse coords: (1147, 595) (81474, 45513)
2022-08-31 15:31:46.675 *** Mouse movement (LeftButton) ***  Mouse coords: (1148, 596) (81477, 45516)
2022-08-31 15:31:46.697 *** Mouse movement (LeftButton) ***  Mouse coords: (1149, 597) (81479, 45518)
2022-08-31 15:31:46.719 *** Mouse movement (LeftButton) ***  Mouse coords: (1151, 598) (81484, 45521)
2022-08-31 15:31:46.741 *** Mouse movement (LeftButton) ***  Mouse coords: (1152, 599) (81487, 45523)
2022-08-31 15:31:46.764 *** Mouse movement (LeftButton) ***  Mouse coords: (1153, 599) (81489, 45523)
2022-08-31 15:31:47.792 *** Interactive label *** Apply to case start.
2022-08-31 15:31:50.435 *** Interactive label *** Apply to case done.
2022-08-31 15:31:51.545 *** Interactive label *** Apply to case finish overlay create.
2022-08-31 15:31:51.548 *** Process image overlay spent 0.00 seconds.
2022-08-31 15:31:51.553 *** Get cell color spent 0.00 seconds.
2022-08-31 15:31:52.044 *** Process image overlay spent 0.00 seconds.
2022-08-31 15:31:52.050 *** Get cell color spent 0.01 seconds.
2022-08-31 15:31:52.678 *** Process image overlay spent 0.00 seconds.
2022-08-31 15:31:52.683 *** Get cell color spent 0.00 seconds.
2022-08-31 15:31:54.043 *** Mouse movement (LeftButton) ***  Mouse coords: (575, 647) (80817, 46098)
2022-08-31 15:31:54.096 *** Mouse movement (LeftButton) ***  Mouse coords: (607, 647) (80896, 46098)
2022-08-31 15:31:54.123 *** Mouse movement (LeftButton) ***  Mouse coords: (615, 647) (80916, 46098)
2022-08-31 15:31:54.145 *** Mouse movement (LeftButton) ***  Mouse coords: (641, 649) (80980, 46103)
2022-08-31 15:31:54.168 *** Mouse movement (LeftButton) ***  Mouse coords: (656, 652) (81017, 46111)
2022-08-31 15:31:54.192 *** Mouse movement (LeftButton) ***  Mouse coords: (675, 661) (81063, 46133)
2022-08-31 15:31:54.214 *** Mouse movement (LeftButton) ***  Mouse coords: (680, 664) (81076, 46140)
2022-08-31 15:31:54.237 *** Mouse movement (LeftButton) ***  Mouse coords: (681, 666) (81078, 46145)
2022-08-31 15:31:54.260 *** Mouse movement (LeftButton) ***  Mouse coords: (683, 668) (81083, 46150)
2022-08-31 15:31:54.283 *** Mouse movement (LeftButton) ***  Mouse coords: (684, 669) (81086, 46152)
2022-08-31 15:31:54.306 *** Mouse movement (LeftButton) ***  Mouse coords: (687, 672) (81093, 46160)
2022-08-31 15:31:54.328 *** Mouse movement (LeftButton) ***  Mouse coords: (689, 674) (81098, 46165)
2022-08-31 15:31:54.351 *** Mouse movement (LeftButton) ***  Mouse coords: (694, 681) (81110, 46182)
2022-08-31 15:31:54.374 *** Mouse movement (LeftButton) ***  Mouse coords: (700, 691) (81125, 46206)
2022-08-31 15:31:54.398 *** Mouse movement (LeftButton) ***  Mouse coords: (705, 699) (81137, 46226)
2022-08-31 15:31:54.421 *** Mouse movement (LeftButton) ***  Mouse coords: (707, 703) (81142, 46236)
2022-08-31 15:31:54.443 *** Mouse movement (LeftButton) ***  Mouse coords: (708, 707) (81145, 46246)
2022-08-31 15:31:54.466 *** Mouse movement (LeftButton) ***  Mouse coords: (710, 710) (81150, 46253)
2022-08-31 15:31:54.489 *** Mouse movement (LeftButton) ***  Mouse coords: (711, 712) (81152, 46258)
2022-08-31 15:31:54.512 *** Mouse movement (LeftButton) ***  Mouse coords: (712, 713) (81154, 46261)
2022-08-31 15:31:54.534 *** Mouse movement (LeftButton) ***  Mouse coords: (712, 713) (81154, 46261)
2022-08-31 15:31:54.766 *** Mouse movement (LeftButton) ***  Mouse coords: (712, 714) (81154, 46263)
2022-08-31 15:31:54.812 *** Mouse movement (LeftButton) ***  Mouse coords: (712, 714) (81154, 46263)
2022-08-31 15:31:54.836 *** Mouse movement (LeftButton) ***  Mouse coords: (713, 716) (81157, 46268)
2022-08-31 15:31:54.859 *** Mouse movement (LeftButton) ***  Mouse coords: (713, 718) (81157, 46273)
2022-08-31 15:31:54.883 *** Mouse movement (LeftButton) ***  Mouse coords: (714, 720) (81159, 46278)
2022-08-31 15:31:54.906 *** Mouse movement (LeftButton) ***  Mouse coords: (714, 720) (81159, 46278)
2022-08-31 15:31:55.990 *** Interactive label *** Apply to case start.
2022-08-31 15:31:58.699 *** Interactive label *** Apply to case done.
2022-08-31 15:31:59.723 *** Interactive label *** Apply to case finish overlay create.
2022-08-31 15:31:59.726 *** Process image overlay spent 0.00 seconds.
2022-08-31 15:31:59.732 *** Get cell color spent 0.01 seconds.
2022-08-31 15:32:01.037 *** Process image overlay spent 0.00 seconds.
2022-08-31 15:32:01.058 *** Get cell color spent 0.02 seconds.
2022-08-31 15:32:01.768 *** Process image overlay spent 0.00 seconds.
2022-08-31 15:32:01.819 *** Get cell color spent 0.05 seconds.
2022-08-31 15:32:03.226 *** Process image overlay spent 0.00 seconds.
2022-08-31 15:32:03.296 *** Get cell color spent 0.07 seconds.
2022-08-31 15:32:05.673 *** Process image overlay spent 0.00 seconds.
2022-08-31 15:32:05.714 *** Get cell color spent 0.04 seconds.
2022-08-31 15:32:08.242 *** Process image overlay spent 0.00 seconds.
2022-08-31 15:32:08.243 *** Get cell color spent 0.00 seconds.
2022-08-31 15:32:08.985 *** Process image overlay spent 0.00 seconds.
2022-08-31 15:32:09.032 *** Get cell color spent 0.05 seconds.
2022-08-31 15:32:10.351 *** Process image overlay spent 0.00 seconds.
2022-08-31 15:32:10.400 *** Get cell color spent 0.05 seconds.
2022-08-31 15:32:19.090 *** Process image overlay spent 0.00 seconds.
2022-08-31 15:32:19.099 *** Get cell color spent 0.01 seconds.
2022-08-31 15:32:19.528 *** Process image overlay spent 0.00 seconds.
2022-08-31 15:32:19.536 *** Get cell color spent 0.01 seconds.
2022-08-31 15:32:20.516 *** Process image overlay spent 0.00 seconds.
2022-08-31 15:32:20.522 *** Get cell color spent 0.01 seconds.
2022-08-31 15:32:21.510 *** Process image overlay spent 0.00 seconds.
2022-08-31 15:32:21.512 *** Get cell color spent 0.00 seconds.
2022-08-31 15:32:22.399 *** Mouse movement (LeftButton) ***  Mouse coords: (506, 468) (113760, 49413)
2022-08-31 15:32:22.445 *** Mouse movement (LeftButton) ***  Mouse coords: (535, 471) (113804, 49417)
2022-08-31 15:32:22.470 *** Mouse movement (LeftButton) ***  Mouse coords: (557, 479) (113837, 49429)
2022-08-31 15:32:22.491 *** Mouse movement (LeftButton) ***  Mouse coords: (581, 489) (113873, 49444)
2022-08-31 15:32:22.513 *** Mouse movement (LeftButton) ***  Mouse coords: (590, 492) (113887, 49449)
2022-08-31 15:32:22.534 *** Mouse movement (LeftButton) ***  Mouse coords: (593, 493) (113891, 49450)
2022-08-31 15:32:22.555 *** Mouse movement (LeftButton) ***  Mouse coords: (599, 495) (113901, 49453)
2022-08-31 15:32:22.576 *** Mouse movement (LeftButton) ***  Mouse coords: (604, 496) (113908, 49455)
2022-08-31 15:32:22.597 *** Mouse movement (LeftButton) ***  Mouse coords: (605, 497) (113910, 49457)
2022-08-31 15:32:22.618 *** Mouse movement (LeftButton) ***  Mouse coords: (607, 499) (113913, 49460)
2022-08-31 15:32:22.640 *** Mouse movement (LeftButton) ***  Mouse coords: (612, 503) (113920, 49466)
2022-08-31 15:32:22.661 *** Mouse movement (LeftButton) ***  Mouse coords: (614, 506) (113923, 49470)
2022-08-31 15:32:22.682 *** Mouse movement (LeftButton) ***  Mouse coords: (616, 509) (113926, 49475)
2022-08-31 15:32:22.703 *** Mouse movement (LeftButton) ***  Mouse coords: (617, 511) (113928, 49478)
2022-08-31 15:32:22.724 *** Mouse movement (LeftButton) ***  Mouse coords: (619, 513) (113931, 49481)
2022-08-31 15:32:22.745 *** Mouse movement (LeftButton) ***  Mouse coords: (620, 514) (113932, 49482)
2022-08-31 15:32:22.766 *** Mouse movement (LeftButton) ***  Mouse coords: (622, 516) (113935, 49485)
2022-08-31 15:32:22.787 *** Mouse movement (LeftButton) ***  Mouse coords: (624, 518) (113938, 49488)
2022-08-31 15:32:22.807 *** Mouse movement (LeftButton) ***  Mouse coords: (630, 522) (113947, 49494)
2022-08-31 15:32:22.828 *** Mouse movement (LeftButton) ***  Mouse coords: (633, 524) (113952, 49497)
2022-08-31 15:32:22.849 *** Mouse movement (LeftButton) ***  Mouse coords: (639, 526) (113961, 49500)
2022-08-31 15:32:22.870 *** Mouse movement (LeftButton) ***  Mouse coords: (642, 527) (113965, 49502)
2022-08-31 15:32:22.891 *** Mouse movement (LeftButton) ***  Mouse coords: (648, 529) (113974, 49505)
2022-08-31 15:32:22.913 *** Mouse movement (LeftButton) ***  Mouse coords: (651, 529) (113979, 49505)
2022-08-31 15:32:22.934 *** Mouse movement (LeftButton) ***  Mouse coords: (653, 529) (113982, 49505)
2022-08-31 15:32:22.955 *** Mouse movement (LeftButton) ***  Mouse coords: (657, 529) (113988, 49505)
2022-08-31 15:32:22.975 *** Mouse movement (LeftButton) ***  Mouse coords: (660, 530) (113992, 49506)
2022-08-31 15:32:22.996 *** Mouse movement (LeftButton) ***  Mouse coords: (665, 531) (114000, 49508)
2022-08-31 15:32:23.016 *** Mouse movement (LeftButton) ***  Mouse coords: (667, 532) (114003, 49509)
2022-08-31 15:32:23.036 *** Mouse movement (LeftButton) ***  Mouse coords: (672, 534) (114010, 49512)
2022-08-31 15:32:23.057 *** Mouse movement (LeftButton) ***  Mouse coords: (677, 538) (114018, 49518)
2022-08-31 15:32:23.078 *** Mouse movement (LeftButton) ***  Mouse coords: (678, 539) (114020, 49520)
2022-08-31 15:32:23.099 *** Mouse movement (LeftButton) ***  Mouse coords: (680, 540) (114023, 49521)
2022-08-31 15:32:23.120 *** Mouse movement (LeftButton) ***  Mouse coords: (681, 540) (114024, 49521)
2022-08-31 15:32:23.141 *** Mouse movement (LeftButton) ***  Mouse coords: (684, 542) (114029, 49524)
2022-08-31 15:32:23.161 *** Mouse movement (LeftButton) ***  Mouse coords: (686, 543) (114032, 49526)
2022-08-31 15:32:23.182 *** Mouse movement (LeftButton) ***  Mouse coords: (687, 544) (114033, 49527)
2022-08-31 15:32:24.719 *** Interactive label *** Apply to case start.
2022-08-31 15:32:27.393 *** Interactive label *** Apply to case done.
2022-08-31 15:32:28.659 *** Interactive label *** Apply to case finish overlay create.
2022-08-31 15:32:28.665 *** Process image overlay spent 0.00 seconds.
2022-08-31 15:32:28.667 *** Get cell color spent 0.00 seconds.
2022-08-31 15:32:29.718 *** Mouse movement (LeftButton) ***  Mouse coords: (977, 80) (114470, 48828)
2022-08-31 15:32:29.822 *** Mouse movement (LeftButton) ***  Mouse coords: (977, 81) (114470, 48830)
2022-08-31 15:32:29.850 *** Mouse movement (LeftButton) ***  Mouse coords: (983, 84) (114479, 48834)
2022-08-31 15:32:29.874 *** Mouse movement (LeftButton) ***  Mouse coords: (995, 92) (114497, 48846)
2022-08-31 15:32:29.896 *** Mouse movement (LeftButton) ***  Mouse coords: (1008, 99) (114517, 48857)
2022-08-31 15:32:29.917 *** Mouse movement (LeftButton) ***  Mouse coords: (1022, 107) (114538, 48869)
2022-08-31 15:32:29.939 *** Mouse movement (LeftButton) ***  Mouse coords: (1030, 113) (114550, 48878)
2022-08-31 15:32:29.960 *** Mouse movement (LeftButton) ***  Mouse coords: (1032, 114) (114553, 48880)
2022-08-31 15:32:29.982 *** Mouse movement (LeftButton) ***  Mouse coords: (1039, 121) (114563, 48890)
2022-08-31 15:32:30.006 *** Mouse movement (LeftButton) ***  Mouse coords: (1042, 124) (114568, 48895)
2022-08-31 15:32:30.029 *** Mouse movement (LeftButton) ***  Mouse coords: (1042, 125) (114568, 48896)
2022-08-31 15:32:30.050 *** Mouse movement (LeftButton) ***  Mouse coords: (1044, 128) (114571, 48901)
2022-08-31 15:32:30.071 *** Mouse movement (LeftButton) ***  Mouse coords: (1046, 134) (114574, 48910)
2022-08-31 15:32:30.092 *** Mouse movement (LeftButton) ***  Mouse coords: (1047, 138) (114575, 48916)
2022-08-31 15:32:30.114 *** Mouse movement (LeftButton) ***  Mouse coords: (1047, 139) (114575, 48917)
2022-08-31 15:32:30.135 *** Mouse movement (LeftButton) ***  Mouse coords: (1047, 140) (114575, 48919)
2022-08-31 15:32:30.157 *** Mouse movement (LeftButton) ***  Mouse coords: (1047, 141) (114575, 48920)
2022-08-31 15:32:30.178 *** Mouse movement (LeftButton) ***  Mouse coords: (1047, 142) (114575, 48922)
2022-08-31 15:32:30.200 *** Mouse movement (LeftButton) ***  Mouse coords: (1047, 142) (114575, 48922)
2022-08-31 15:32:30.219 *** Mouse movement (LeftButton) ***  Mouse coords: (1047, 145) (114575, 48926)
2022-08-31 15:32:30.241 *** Mouse movement (LeftButton) ***  Mouse coords: (1046, 148) (114574, 48931)
2022-08-31 15:32:30.262 *** Mouse movement (LeftButton) ***  Mouse coords: (1046, 154) (114574, 48940)
2022-08-31 15:32:30.283 *** Mouse movement (LeftButton) ***  Mouse coords: (1046, 157) (114574, 48944)
2022-08-31 15:32:30.304 *** Mouse movement (LeftButton) ***  Mouse coords: (1046, 160) (114574, 48949)
2022-08-31 15:32:30.327 *** Mouse movement (LeftButton) ***  Mouse coords: (1046, 162) (114574, 48952)
2022-08-31 15:32:30.350 *** Mouse movement (LeftButton) ***  Mouse coords: (1046, 162) (114574, 48952)
2022-08-31 15:32:30.369 *** Mouse movement (LeftButton) ***  Mouse coords: (1046, 163) (114574, 48953)
2022-08-31 15:32:30.391 *** Mouse movement (LeftButton) ***  Mouse coords: (1046, 164) (114574, 48955)
2022-08-31 15:32:30.412 *** Mouse movement (LeftButton) ***  Mouse coords: (1046, 164) (114574, 48955)
2022-08-31 15:32:30.431 *** Mouse movement (LeftButton) ***  Mouse coords: (1046, 165) (114574, 48956)
2022-08-31 15:32:30.453 *** Mouse movement (LeftButton) ***  Mouse coords: (1047, 165) (114575, 48956)
2022-08-31 15:32:30.475 *** Mouse movement (LeftButton) ***  Mouse coords: (1048, 169) (114577, 48962)
2022-08-31 15:32:30.496 *** Mouse movement (LeftButton) ***  Mouse coords: (1048, 171) (114577, 48965)
2022-08-31 15:32:31.485 *** Interactive label *** Apply to case start.
2022-08-31 15:32:34.098 *** Interactive label *** Apply to case done.
2022-08-31 15:32:35.386 *** Interactive label *** Apply to case finish overlay create.
2022-08-31 15:32:35.389 *** Process image overlay spent 0.00 seconds.
2022-08-31 15:32:35.391 *** Get cell color spent 0.00 seconds.
2022-08-31 15:32:36.305 *** Process image overlay spent 0.00 seconds.
2022-08-31 15:32:36.309 *** Get cell color spent 0.00 seconds.
2022-08-31 15:32:37.487 *** Process image overlay spent 0.00 seconds.
2022-08-31 15:32:37.490 *** Get cell color spent 0.00 seconds.
2022-08-31 15:32:37.767 *** Process image overlay spent 0.00 seconds.
2022-08-31 15:32:37.770 *** Get cell color spent 0.00 seconds.
2022-08-31 15:32:39.132 *** Mouse movement (LeftButton) ***  Mouse coords: (749, 480) (114188, 49781)
2022-08-31 15:32:39.176 *** Mouse movement (LeftButton) ***  Mouse coords: (769, 521) (114229, 49866)
2022-08-31 15:32:39.201 *** Mouse movement (LeftButton) ***  Mouse coords: (817, 598) (114328, 50025)
2022-08-31 15:32:39.222 *** Mouse movement (LeftButton) ***  Mouse coords: (851, 659) (114399, 50151)
2022-08-31 15:32:39.244 *** Mouse movement (LeftButton) ***  Mouse coords: (863, 683) (114424, 50201)
2022-08-31 15:32:39.264 *** Mouse movement (LeftButton) ***  Mouse coords: (877, 710) (114453, 50257)
2022-08-31 15:32:39.284 *** Mouse movement (LeftButton) ***  Mouse coords: (882, 718) (114463, 50273)
2022-08-31 15:32:39.304 *** Mouse movement (LeftButton) ***  Mouse coords: (883, 722) (114465, 50281)
2022-08-31 15:32:39.323 *** Mouse movement (LeftButton) ***  Mouse coords: (883, 722) (114465, 50281)
2022-08-31 15:32:39.515 *** Mouse movement (LeftButton) ***  Mouse coords: (883, 722) (114465, 50281)
2022-08-31 15:32:39.546 *** Mouse movement (LeftButton) ***  Mouse coords: (886, 727) (114471, 50292)
2022-08-31 15:32:39.569 *** Mouse movement (LeftButton) ***  Mouse coords: (896, 736) (114492, 50310)
2022-08-31 15:32:39.590 *** Mouse movement (LeftButton) ***  Mouse coords: (905, 745) (114510, 50329)
2022-08-31 15:32:39.610 *** Mouse movement (LeftButton) ***  Mouse coords: (910, 749) (114521, 50337)
2022-08-31 15:32:39.630 *** Mouse movement (LeftButton) ***  Mouse coords: (913, 750) (114527, 50339)
2022-08-31 15:32:39.649 *** Mouse movement (LeftButton) ***  Mouse coords: (913, 751) (114527, 50341)
2022-08-31 15:32:39.669 *** Mouse movement (LeftButton) ***  Mouse coords: (914, 751) (114529, 50341)
2022-08-31 15:32:39.689 *** Mouse movement (LeftButton) ***  Mouse coords: (914, 751) (114529, 50341)
2022-08-31 15:32:39.706 *** Mouse movement (LeftButton) ***  Mouse coords: (914, 751) (114529, 50341)
2022-08-31 15:32:39.724 *** Mouse movement (LeftButton) ***  Mouse coords: (914, 751) (114529, 50341)
2022-08-31 15:32:39.742 *** Mouse movement (LeftButton) ***  Mouse coords: (915, 751) (114531, 50341)
2022-08-31 15:32:39.762 *** Mouse movement (LeftButton) ***  Mouse coords: (916, 745) (114533, 50329)
2022-08-31 15:32:39.781 *** Mouse movement (LeftButton) ***  Mouse coords: (920, 736) (114541, 50310)
2022-08-31 15:32:39.801 *** Mouse movement (LeftButton) ***  Mouse coords: (931, 705) (114564, 50246)
2022-08-31 15:32:39.822 *** Mouse movement (LeftButton) ***  Mouse coords: (939, 672) (114581, 50178)
2022-08-31 15:32:39.841 *** Mouse movement (LeftButton) ***  Mouse coords: (946, 626) (114595, 50083)
2022-08-31 15:32:39.861 *** Mouse movement (LeftButton) ***  Mouse coords: (951, 556) (114605, 49938)
2022-08-31 15:32:39.881 *** Mouse movement (LeftButton) ***  Mouse coords: (951, 504) (114605, 49831)
2022-08-31 15:32:39.901 *** Mouse movement (LeftButton) ***  Mouse coords: (933, 414) (114568, 49645)
2022-08-31 15:32:39.920 *** Mouse movement (LeftButton) ***  Mouse coords: (910, 363) (114521, 49539)
2022-08-31 15:32:39.940 *** Mouse movement (LeftButton) ***  Mouse coords: (885, 322) (114469, 49454)
2022-08-31 15:32:39.959 *** Mouse movement (LeftButton) ***  Mouse coords: (853, 286) (114403, 49380)
2022-08-31 15:32:39.979 *** Mouse movement (LeftButton) ***  Mouse coords: (829, 279) (114353, 49366)
2022-08-31 15:32:39.999 *** Mouse movement (LeftButton) ***  Mouse coords: (817, 279) (114328, 49366)
2022-08-31 15:32:40.019 *** Mouse movement (LeftButton) ***  Mouse coords: (813, 279) (114320, 49366)
2022-08-31 15:32:40.038 *** Mouse movement (LeftButton) ***  Mouse coords: (811, 279) (114316, 49366)
2022-08-31 15:32:40.058 *** Mouse movement (LeftButton) ***  Mouse coords: (811, 280) (114316, 49368)
2022-08-31 15:32:40.078 *** Mouse movement (LeftButton) ***  Mouse coords: (810, 280) (114314, 49368)
2022-08-31 15:32:40.098 *** Mouse movement (LeftButton) ***  Mouse coords: (810, 280) (114314, 49368)
2022-08-31 15:32:40.114 *** Mouse movement (LeftButton) ***  Mouse coords: (810, 280) (114314, 49368)
2022-08-31 15:32:40.132 *** Mouse movement (LeftButton) ***  Mouse coords: (810, 281) (114314, 49370)
2022-08-31 15:32:40.151 *** Mouse movement (LeftButton) ***  Mouse coords: (810, 281) (114314, 49370)
2022-08-31 15:32:40.169 *** Mouse movement (LeftButton) ***  Mouse coords: (810, 281) (114314, 49370)
2022-08-31 15:32:40.186 *** Mouse movement (LeftButton) ***  Mouse coords: (810, 282) (114314, 49372)
2022-08-31 15:32:40.206 *** Mouse movement (LeftButton) ***  Mouse coords: (811, 283) (114316, 49374)
2022-08-31 15:32:40.226 *** Mouse movement (LeftButton) ***  Mouse coords: (820, 290) (114335, 49388)
2022-08-31 15:32:40.245 *** Mouse movement (LeftButton) ***  Mouse coords: (828, 298) (114351, 49405)
2022-08-31 15:32:40.265 *** Mouse movement (LeftButton) ***  Mouse coords: (836, 309) (114368, 49428)
2022-08-31 15:32:40.284 *** Mouse movement (LeftButton) ***  Mouse coords: (844, 323) (114384, 49457)
2022-08-31 15:32:40.304 *** Mouse movement (LeftButton) ***  Mouse coords: (851, 337) (114399, 49485)
2022-08-31 15:32:40.323 *** Mouse movement (LeftButton) ***  Mouse coords: (860, 353) (114417, 49519)
2022-08-31 15:32:40.343 *** Mouse movement (LeftButton) ***  Mouse coords: (867, 368) (114432, 49550)
2022-08-31 15:32:40.362 *** Mouse movement (LeftButton) ***  Mouse coords: (875, 386) (114448, 49587)
2022-08-31 15:32:40.382 *** Mouse movement (LeftButton) ***  Mouse coords: (883, 404) (114465, 49624)
2022-08-31 15:32:40.401 *** Mouse movement (LeftButton) ***  Mouse coords: (884, 408) (114467, 49632)
2022-08-31 15:32:41.597 *** Process image overlay spent 0.00 seconds.
2022-08-31 15:32:41.599 *** Get cell color spent 0.00 seconds.
2022-08-31 15:32:41.753 *** Process image overlay spent 0.00 seconds.
2022-08-31 15:32:41.755 *** Get cell color spent 0.00 seconds.
2022-08-31 15:32:43.627 *** Keyboard input *** key pressed: key: 90; text: "z"
2022-08-31 15:32:49.140 *** Program closed.
