2022-08-10 16:04:43.159 *** Start program *** Start program
2022-08-10 16:04:47.914 *** Open processed data
2022-08-10 16:04:51.017 *** Mouse movement (LeftButton) ***  Mouse coords: (559, 364) (69816, 26595)
2022-08-10 16:04:51.445 *** Mouse movement (LeftButton) ***  Mouse coords: (520, 264) (63576, 10595)
2022-08-10 16:04:51.457 *** Mouse movement (LeftButton) ***  Mouse coords: (515, 264) (62776, 10595)
2022-08-10 16:04:51.474 *** Mouse movement (LeftButton) ***  Mouse coords: (512, 264) (62296, 10595)
2022-08-10 16:04:58.792 *** Mouse movement (LeftButton) ***  Mouse coords: (514, 478) (62764, 31718)
2022-08-10 16:04:58.808 *** Mouse movement (LeftButton) ***  Mouse coords: (514, 479) (62764, 31770)
2022-08-10 16:04:58.825 *** Mouse movement (LeftButton) ***  Mouse coords: (515, 479) (62816, 31770)
2022-08-10 16:04:59.024 *** Mouse movement (LeftButton) ***  Mouse coords: (678, 449) (71332, 30203)
2022-08-10 16:04:59.041 *** Mouse movement (LeftButton) ***  Mouse coords: (680, 448) (71436, 30151)
2022-08-10 16:04:59.072 *** Mouse movement (LeftButton) ***  Mouse coords: (680, 447) (71436, 30098)
2022-08-10 16:04:59.079 *** Mouse movement (LeftButton) ***  Mouse coords: (680, 446) (71436, 30046)
2022-08-10 16:04:59.091 *** Mouse movement (LeftButton) ***  Mouse coords: (681, 445) (71489, 29994)
2022-08-10 16:04:59.244 *** Mouse movement (LeftButton) ***  Mouse coords: (696, 359) (72272, 25501)
2022-08-10 16:04:59.258 *** Mouse movement (LeftButton) ***  Mouse coords: (695, 358) (72220, 25449)
2022-08-10 16:04:59.274 *** Mouse movement (LeftButton) ***  Mouse coords: (695, 356) (72220, 25344)
2022-08-10 16:04:59.444 *** Mouse movement (LeftButton) ***  Mouse coords: (670, 310) (70914, 22941)
2022-08-10 16:04:59.457 *** Mouse movement (LeftButton) ***  Mouse coords: (669, 308) (70862, 22836)
2022-08-10 16:04:59.474 *** Mouse movement (LeftButton) ***  Mouse coords: (668, 308) (70809, 22836)
2022-08-10 16:04:59.491 *** Mouse movement (LeftButton) ***  Mouse coords: (667, 307) (70757, 22784)
2022-08-10 16:04:59.507 *** Mouse movement (LeftButton) ***  Mouse coords: (666, 304) (70705, 22627)
2022-08-10 16:04:59.644 *** Mouse movement (LeftButton) ***  Mouse coords: (637, 276) (69190, 21165)
2022-08-10 16:04:59.657 *** Mouse movement (LeftButton) ***  Mouse coords: (635, 275) (69085, 21112)
2022-08-10 16:04:59.674 *** Mouse movement (LeftButton) ***  Mouse coords: (633, 275) (68981, 21112)
2022-08-10 16:04:59.694 *** Mouse movement (LeftButton) ***  Mouse coords: (632, 275) (68929, 21112)
2022-08-10 16:04:59.708 *** Mouse movement (LeftButton) ***  Mouse coords: (631, 275) (68876, 21112)
2022-08-10 16:04:59.724 *** Mouse movement (LeftButton) ***  Mouse coords: (629, 274) (68772, 21060)
2022-08-10 16:04:59.741 *** Mouse movement (LeftButton) ***  Mouse coords: (626, 274) (68615, 21060)
2022-08-10 16:05:00.274 *** Mouse movement (LeftButton) ***  Mouse coords: (544, 301) (64331, 22471)
2022-08-10 16:05:00.291 *** Mouse movement (LeftButton) ***  Mouse coords: (543, 301) (64279, 22471)
2022-08-10 16:05:00.307 *** Mouse movement (LeftButton) ***  Mouse coords: (543, 302) (64279, 22523)
2022-08-10 16:05:00.524 *** Mouse movement (LeftButton) ***  Mouse coords: (516, 280) (62868, 21374)
2022-08-10 16:05:00.541 *** Mouse movement (LeftButton) ***  Mouse coords: (514, 279) (62764, 21321)
2022-08-10 16:05:00.557 *** Mouse movement (LeftButton) ***  Mouse coords: (513, 278) (62711, 21269)
2022-08-10 16:05:00.724 *** Mouse movement (LeftButton) ***  Mouse coords: (500, 264) (62032, 20538)
2022-08-10 16:05:09.178 *** Mouse movement (LeftButton) ***  Mouse coords: (416, 453) (60152, 26627)
2022-08-10 16:05:09.204 *** Mouse movement (LeftButton) ***  Mouse coords: (416, 454) (60152, 26657)
2022-08-10 16:05:09.212 *** Mouse movement (LeftButton) ***  Mouse coords: (417, 454) (60181, 26657)
2022-08-10 16:05:09.225 *** Mouse movement (LeftButton) ***  Mouse coords: (419, 458) (60241, 26776)
2022-08-10 16:05:09.242 *** Mouse movement (LeftButton) ***  Mouse coords: (425, 467) (60420, 27045)
2022-08-10 16:05:09.257 *** Mouse movement (LeftButton) ***  Mouse coords: (451, 488) (61197, 27672)
2022-08-10 16:05:09.274 *** Mouse movement (LeftButton) ***  Mouse coords: (472, 499) (61823, 28000)
2022-08-10 16:05:09.394 *** Mouse movement (LeftButton) ***  Mouse coords: (654, 531) (67257, 28956)
2022-08-10 16:05:09.408 *** Mouse movement (LeftButton) ***  Mouse coords: (665, 527) (67585, 28836)
2022-08-10 16:05:09.424 *** Mouse movement (LeftButton) ***  Mouse coords: (672, 522) (67794, 28687)
2022-08-10 16:05:09.441 *** Mouse movement (LeftButton) ***  Mouse coords: (680, 510) (68033, 28329)
2022-08-10 16:05:09.457 *** Mouse movement (LeftButton) ***  Mouse coords: (690, 496) (68332, 27911)
2022-08-10 16:05:09.474 *** Mouse movement (LeftButton) ***  Mouse coords: (704, 467) (68750, 27045)
2022-08-10 16:05:09.491 *** Mouse movement (LeftButton) ***  Mouse coords: (729, 417) (69496, 25552)
2022-08-10 16:05:09.508 *** Mouse movement (LeftButton) ***  Mouse coords: (738, 399) (69765, 25015)
2022-08-10 16:05:09.574 *** Mouse movement (LeftButton) ***  Mouse coords: (787, 323) (71228, 22746)
2022-08-10 16:05:09.591 *** Mouse movement (LeftButton) ***  Mouse coords: (788, 318) (71257, 22597)
2022-08-10 16:05:09.607 *** Mouse movement (LeftButton) ***  Mouse coords: (788, 316) (71257, 22537)
2022-08-10 16:05:09.624 *** Mouse movement (LeftButton) ***  Mouse coords: (788, 314) (71257, 22477)
2022-08-10 16:05:09.641 *** Mouse movement (LeftButton) ***  Mouse coords: (788, 313) (71257, 22448)
2022-08-10 16:05:09.761 *** Mouse movement (LeftButton) ***  Mouse coords: (774, 270) (70839, 21164)
2022-08-10 16:05:09.774 *** Mouse movement (LeftButton) ***  Mouse coords: (772, 267) (70780, 21074)
2022-08-10 16:05:09.791 *** Mouse movement (LeftButton) ***  Mouse coords: (770, 263) (70720, 20955)
2022-08-10 16:05:09.808 *** Mouse movement (LeftButton) ***  Mouse coords: (769, 260) (70690, 20865)
2022-08-10 16:05:09.824 *** Mouse movement (LeftButton) ***  Mouse coords: (766, 256) (70601, 20746)
2022-08-10 16:05:09.841 *** Mouse movement (LeftButton) ***  Mouse coords: (765, 252) (70571, 20626)
2022-08-10 16:05:09.858 *** Mouse movement (LeftButton) ***  Mouse coords: (760, 243) (70421, 20358)
2022-08-10 16:05:09.874 *** Mouse movement (LeftButton) ***  Mouse coords: (755, 236) (70272, 20149)
2022-08-10 16:05:09.891 *** Mouse movement (LeftButton) ***  Mouse coords: (752, 232) (70183, 20029)
2022-08-10 16:05:09.908 *** Mouse movement (LeftButton) ***  Mouse coords: (746, 224) (70004, 19790)
2022-08-10 16:05:09.924 *** Mouse movement (LeftButton) ***  Mouse coords: (741, 221) (69854, 19701)
2022-08-10 16:05:09.941 *** Mouse movement (LeftButton) ***  Mouse coords: (735, 216) (69675, 19552)
2022-08-10 16:05:09.957 *** Mouse movement (LeftButton) ***  Mouse coords: (731, 213) (69556, 19462)
2022-08-10 16:05:09.974 *** Mouse movement (LeftButton) ***  Mouse coords: (727, 211) (69436, 19402)
2022-08-10 16:05:10.074 *** Mouse movement (LeftButton) ***  Mouse coords: (697, 195) (68541, 18925)
2022-08-10 16:05:10.091 *** Mouse movement (LeftButton) ***  Mouse coords: (687, 190) (68242, 18775)
2022-08-10 16:05:10.108 *** Mouse movement (LeftButton) ***  Mouse coords: (681, 188) (68063, 18716)
2022-08-10 16:05:10.124 *** Mouse movement (LeftButton) ***  Mouse coords: (676, 186) (67914, 18656)
2022-08-10 16:05:10.141 *** Mouse movement (LeftButton) ***  Mouse coords: (673, 186) (67824, 18656)
2022-08-10 16:05:10.158 *** Mouse movement (LeftButton) ***  Mouse coords: (665, 184) (67585, 18596)
2022-08-10 16:05:10.174 *** Mouse movement (LeftButton) ***  Mouse coords: (661, 183) (67466, 18566)
2022-08-10 16:05:10.191 *** Mouse movement (LeftButton) ***  Mouse coords: (646, 181) (67018, 18507)
2022-08-10 16:05:10.208 *** Mouse movement (LeftButton) ***  Mouse coords: (638, 179) (66779, 18447)
2022-08-10 16:05:10.224 *** Mouse movement (LeftButton) ***  Mouse coords: (631, 178) (66570, 18417)
2022-08-10 16:05:10.241 *** Mouse movement (LeftButton) ***  Mouse coords: (624, 176) (66361, 18357)
2022-08-10 16:05:10.257 *** Mouse movement (LeftButton) ***  Mouse coords: (619, 176) (66212, 18357)
2022-08-10 16:05:10.274 *** Mouse movement (LeftButton) ***  Mouse coords: (614, 176) (66063, 18357)
2022-08-10 16:05:10.291 *** Mouse movement (LeftButton) ***  Mouse coords: (610, 176) (65943, 18357)
2022-08-10 16:05:10.308 *** Mouse movement (LeftButton) ***  Mouse coords: (608, 176) (65884, 18357)
2022-08-10 16:05:10.324 *** Mouse movement (LeftButton) ***  Mouse coords: (606, 176) (65824, 18357)
2022-08-10 16:05:10.341 *** Mouse movement (LeftButton) ***  Mouse coords: (605, 176) (65794, 18357)
2022-08-10 16:05:10.357 *** Mouse movement (LeftButton) ***  Mouse coords: (603, 176) (65734, 18357)
2022-08-10 16:05:10.374 *** Mouse movement (LeftButton) ***  Mouse coords: (599, 176) (65615, 18357)
2022-08-10 16:05:10.391 *** Mouse movement (LeftButton) ***  Mouse coords: (594, 176) (65466, 18357)
2022-08-10 16:05:10.408 *** Mouse movement (LeftButton) ***  Mouse coords: (589, 176) (65316, 18357)
2022-08-10 16:05:10.424 *** Mouse movement (LeftButton) ***  Mouse coords: (582, 176) (65107, 18357)
2022-08-10 16:05:10.441 *** Mouse movement (LeftButton) ***  Mouse coords: (577, 176) (64958, 18357)
2022-08-10 16:05:10.458 *** Mouse movement (LeftButton) ***  Mouse coords: (563, 177) (64540, 18387)
2022-08-10 16:05:10.474 *** Mouse movement (LeftButton) ***  Mouse coords: (559, 178) (64421, 18417)
2022-08-10 16:05:10.491 *** Mouse movement (LeftButton) ***  Mouse coords: (552, 179) (64212, 18447)
2022-08-10 16:05:10.508 *** Mouse movement (LeftButton) ***  Mouse coords: (548, 180) (64092, 18477)
2022-08-10 16:05:10.524 *** Mouse movement (LeftButton) ***  Mouse coords: (546, 180) (64033, 18477)
2022-08-10 16:05:10.541 *** Mouse movement (LeftButton) ***  Mouse coords: (543, 180) (63943, 18477)
2022-08-10 16:05:10.689 *** Mouse movement (LeftButton) ***  Mouse coords: (543, 181) (63943, 18507)
2022-08-10 16:05:10.697 *** Mouse movement (LeftButton) ***  Mouse coords: (542, 181) (63913, 18507)
2022-08-10 16:05:10.707 *** Mouse movement (LeftButton) ***  Mouse coords: (540, 182) (63854, 18537)
2022-08-10 16:05:10.724 *** Mouse movement (LeftButton) ***  Mouse coords: (537, 184) (63764, 18596)
2022-08-10 16:05:10.741 *** Mouse movement (LeftButton) ***  Mouse coords: (533, 186) (63645, 18656)
2022-08-10 16:05:10.757 *** Mouse movement (LeftButton) ***  Mouse coords: (527, 189) (63465, 18746)
2022-08-10 16:05:10.911 *** Mouse movement (LeftButton) ***  Mouse coords: (488, 225) (62301, 19820)
2022-08-10 16:05:10.925 *** Mouse movement (LeftButton) ***  Mouse coords: (487, 227) (62271, 19880)
2022-08-10 16:05:10.941 *** Mouse movement (LeftButton) ***  Mouse coords: (486, 229) (62241, 19940)
2022-08-10 16:05:10.957 *** Mouse movement (LeftButton) ***  Mouse coords: (485, 230) (62212, 19970)
2022-08-10 16:05:10.974 *** Mouse movement (LeftButton) ***  Mouse coords: (484, 231) (62182, 19999)
2022-08-10 16:05:10.991 *** Mouse movement (LeftButton) ***  Mouse coords: (484, 232) (62182, 20029)
2022-08-10 16:05:22.165 *** Mouse movement (LeftButton) ***  Mouse coords: (420, 465) (60271, 26985)
2022-08-10 16:05:22.184 *** Mouse movement (LeftButton) ***  Mouse coords: (420, 466) (60271, 27015)
2022-08-10 16:05:22.196 *** Mouse movement (LeftButton) ***  Mouse coords: (420, 468) (60271, 27075)
2022-08-10 16:05:22.208 *** Mouse movement (LeftButton) ***  Mouse coords: (420, 469) (60271, 27105)
2022-08-10 16:05:22.224 *** Mouse movement (LeftButton) ***  Mouse coords: (420, 470) (60271, 27135)
2022-08-10 16:05:25.705 *** Mouse movement (LeftButton) ***  Mouse coords: (477, 333) (61973, 23045)
2022-08-10 16:05:26.021 *** Mouse movement (LeftButton) ***  Mouse coords: (459, 395) (61435, 24896)
2022-08-10 16:05:26.424 *** Mouse movement (LeftButton) ***  Mouse coords: (506, 457) (62839, 26747)
2022-08-10 16:05:26.739 *** Mouse movement (LeftButton) ***  Mouse coords: (589, 424) (65316, 25761)
2022-08-10 16:05:26.747 *** Mouse movement (LeftButton) ***  Mouse coords: (589, 423) (65316, 25731)
2022-08-10 16:05:31.802 *** Mouse movement (LeftButton) ***  Mouse coords: (560, 371) (64451, 24179)
2022-08-10 16:05:31.816 *** Mouse movement (LeftButton) ***  Mouse coords: (558, 372) (64391, 24209)
2022-08-10 16:05:31.824 *** Mouse movement (LeftButton) ***  Mouse coords: (557, 372) (64361, 24209)
2022-08-10 16:05:31.841 *** Mouse movement (LeftButton) ***  Mouse coords: (556, 374) (64331, 24269)
2022-08-10 16:05:31.857 *** Mouse movement (LeftButton) ***  Mouse coords: (555, 375) (64301, 24298)
2022-08-10 16:05:32.091 *** Mouse movement (LeftButton) ***  Mouse coords: (514, 411) (63077, 25373)
2022-08-10 16:05:32.108 *** Mouse movement (LeftButton) ***  Mouse coords: (505, 421) (62809, 25672)
2022-08-10 16:05:32.124 *** Mouse movement (LeftButton) ***  Mouse coords: (492, 433) (62421, 26030)
2022-08-10 16:05:32.141 *** Mouse movement (LeftButton) ***  Mouse coords: (481, 442) (62092, 26299)
2022-08-10 16:05:32.158 *** Mouse movement (LeftButton) ***  Mouse coords: (470, 451) (61764, 26567)
2022-08-10 16:05:32.174 *** Mouse movement (LeftButton) ***  Mouse coords: (457, 463) (61376, 26926)
2022-08-10 16:05:32.191 *** Mouse movement (LeftButton) ***  Mouse coords: (447, 477) (61077, 27344)
2022-08-10 16:05:32.207 *** Mouse movement (LeftButton) ***  Mouse coords: (438, 488) (60808, 27672)
2022-08-10 16:05:32.224 *** Mouse movement (LeftButton) ***  Mouse coords: (433, 494) (60659, 27851)
2022-08-10 16:05:32.241 *** Mouse movement (LeftButton) ***  Mouse coords: (430, 497) (60570, 27941)
2022-08-10 16:05:32.258 *** Mouse movement (LeftButton) ***  Mouse coords: (428, 498) (60510, 27971)
2022-08-10 16:05:32.282 *** Mouse movement (LeftButton) ***  Mouse coords: (428, 499) (60510, 28000)
2022-08-10 16:05:32.458 *** Mouse movement (LeftButton) ***  Mouse coords: (485, 564) (62212, 29941)
2022-08-10 16:05:32.474 *** Mouse movement (LeftButton) ***  Mouse coords: (499, 573) (62630, 30210)
2022-08-10 16:05:32.491 *** Mouse movement (LeftButton) ***  Mouse coords: (517, 584) (63167, 30538)
2022-08-10 16:05:32.508 *** Mouse movement (LeftButton) ***  Mouse coords: (548, 595) (64092, 30866)
2022-08-10 16:05:32.529 *** Mouse movement (LeftButton) ***  Mouse coords: (559, 597) (64421, 30926)
2022-08-10 16:05:32.542 *** Mouse movement (LeftButton) ***  Mouse coords: (576, 601) (64928, 31046)
2022-08-10 16:05:32.558 *** Mouse movement (LeftButton) ***  Mouse coords: (586, 601) (65227, 31046)
2022-08-10 16:05:32.658 *** Mouse movement (LeftButton) ***  Mouse coords: (640, 598) (66839, 30956)
2022-08-10 16:05:32.674 *** Mouse movement (LeftButton) ***  Mouse coords: (641, 595) (66869, 30866)
2022-08-10 16:05:32.691 *** Mouse movement (LeftButton) ***  Mouse coords: (642, 592) (66899, 30777)
2022-08-10 16:05:32.708 *** Mouse movement (LeftButton) ***  Mouse coords: (646, 583) (67018, 30508)
2022-08-10 16:05:32.724 *** Mouse movement (LeftButton) ***  Mouse coords: (650, 573) (67138, 30210)
2022-08-10 16:05:32.841 *** Mouse movement (LeftButton) ***  Mouse coords: (722, 409) (69287, 25314)
2022-08-10 16:05:32.857 *** Mouse movement (LeftButton) ***  Mouse coords: (723, 406) (69317, 25224)
2022-08-10 16:05:32.874 *** Mouse movement (LeftButton) ***  Mouse coords: (723, 403) (69317, 25134)
2022-08-10 16:05:32.891 *** Mouse movement (LeftButton) ***  Mouse coords: (723, 395) (69317, 24896)
2022-08-10 16:05:32.907 *** Mouse movement (LeftButton) ***  Mouse coords: (722, 391) (69287, 24776)
2022-08-10 16:05:33.992 *** Mouse movement (LeftButton) ***  Mouse coords: (457, 315) (61376, 22507)
2022-08-10 16:05:34.000 *** Mouse movement (LeftButton) ***  Mouse coords: (456, 315) (61346, 22507)
2022-08-10 16:05:34.009 *** Mouse movement (LeftButton) ***  Mouse coords: (454, 315) (61286, 22507)
2022-08-10 16:05:34.025 *** Mouse movement (LeftButton) ***  Mouse coords: (447, 318) (61077, 22597)
2022-08-10 16:05:34.042 *** Mouse movement (LeftButton) ***  Mouse coords: (440, 320) (60868, 22656)
2022-08-10 16:05:34.058 *** Mouse movement (LeftButton) ***  Mouse coords: (431, 326) (60599, 22836)
2022-08-10 16:05:34.075 *** Mouse movement (LeftButton) ***  Mouse coords: (421, 333) (60301, 23045)
2022-08-10 16:05:34.091 *** Mouse movement (LeftButton) ***  Mouse coords: (418, 334) (60211, 23074)
2022-08-10 16:05:34.108 *** Mouse movement (LeftButton) ***  Mouse coords: (415, 336) (60122, 23134)
2022-08-10 16:05:34.545 *** Mouse movement (LeftButton) ***  Mouse coords: (390, 384) (59375, 24567)
2022-08-10 16:05:34.558 *** Mouse movement (LeftButton) ***  Mouse coords: (392, 392) (59435, 24806)
2022-08-10 16:05:34.575 *** Mouse movement (LeftButton) ***  Mouse coords: (395, 398) (59525, 24985)
2022-08-10 16:05:34.592 *** Mouse movement (LeftButton) ***  Mouse coords: (397, 402) (59584, 25105)
2022-08-10 16:05:34.608 *** Mouse movement (LeftButton) ***  Mouse coords: (405, 413) (59823, 25433)
2022-08-10 16:05:34.625 *** Mouse movement (LeftButton) ***  Mouse coords: (411, 419) (60002, 25612)
2022-08-10 16:05:34.641 *** Mouse movement (LeftButton) ***  Mouse coords: (414, 420) (60092, 25642)
2022-08-10 16:05:34.741 *** Mouse movement (LeftButton) ***  Mouse coords: (503, 436) (62749, 26120)
2022-08-10 16:05:34.757 *** Mouse movement (LeftButton) ***  Mouse coords: (516, 436) (63137, 26120)
2022-08-10 16:05:34.774 *** Mouse movement (LeftButton) ***  Mouse coords: (525, 436) (63406, 26120)
2022-08-10 16:05:34.791 *** Mouse movement (LeftButton) ***  Mouse coords: (535, 435) (63704, 26090)
2022-08-10 16:05:37.469 *** Mouse movement (LeftButton) ***  Mouse coords: (614, 389) (66063, 24716)
2022-08-10 16:05:37.475 *** Mouse movement (LeftButton) ***  Mouse coords: (613, 390) (66033, 24746)
2022-08-10 16:05:37.493 *** Mouse movement (LeftButton) ***  Mouse coords: (612, 392) (66003, 24806)
2022-08-10 16:05:37.510 *** Mouse movement (LeftButton) ***  Mouse coords: (611, 395) (65973, 24896)
2022-08-10 16:05:37.526 *** Mouse movement (LeftButton) ***  Mouse coords: (610, 398) (65943, 24985)
2022-08-10 16:05:37.542 *** Mouse movement (LeftButton) ***  Mouse coords: (610, 401) (65943, 25075)
2022-08-10 16:05:37.559 *** Mouse movement (LeftButton) ***  Mouse coords: (608, 406) (65884, 25224)
2022-08-10 16:05:37.575 *** Mouse movement (LeftButton) ***  Mouse coords: (608, 409) (65884, 25314)
2022-08-10 16:05:37.592 *** Mouse movement (LeftButton) ***  Mouse coords: (607, 412) (65854, 25403)
2022-08-10 16:05:37.609 *** Mouse movement (LeftButton) ***  Mouse coords: (606, 416) (65824, 25523)
2022-08-10 16:05:37.626 *** Mouse movement (LeftButton) ***  Mouse coords: (605, 417) (65794, 25552)
2022-08-10 16:05:37.642 *** Mouse movement (LeftButton) ***  Mouse coords: (605, 418) (65794, 25582)
2022-08-10 16:05:37.658 *** Mouse movement (LeftButton) ***  Mouse coords: (605, 419) (65794, 25612)
2022-08-10 16:05:39.625 *** Mouse movement (LeftButton) ***  Mouse coords: (641, 433) (69809, 27791)
2022-08-10 16:05:39.824 *** Mouse movement (LeftButton) ***  Mouse coords: (682, 357) (71033, 25522)
2022-08-10 16:05:39.850 *** Mouse movement (LeftButton) ***  Mouse coords: (682, 356) (71033, 25492)
2022-08-10 16:05:39.858 *** Mouse movement (LeftButton) ***  Mouse coords: (682, 355) (71033, 25462)
2022-08-10 16:05:39.874 *** Mouse movement (LeftButton) ***  Mouse coords: (682, 350) (71033, 25313)
2022-08-10 16:05:40.011 *** Mouse movement (LeftButton) ***  Mouse coords: (656, 257) (70257, 22536)
2022-08-10 16:05:40.024 *** Mouse movement (LeftButton) ***  Mouse coords: (654, 255) (70197, 22476)
2022-08-10 16:05:40.041 *** Mouse movement (LeftButton) ***  Mouse coords: (653, 254) (70167, 22447)
2022-08-10 16:05:41.528 *** Mouse movement (LeftButton) ***  Mouse coords: (540, 242) (68540, 17102)
2022-08-10 16:05:41.541 *** Mouse movement (LeftButton) ***  Mouse coords: (539, 242) (68510, 17102)
2022-08-10 16:05:43.743 *** Keyboard input *** key pressed: key: 16777248; text: ""
2022-08-10 16:05:43.899 *** Mouse movement (LeftButton) ***  Mouse coords: (523, 354) (68032, 20446)
2022-08-10 16:05:43.923 *** Mouse movement (LeftButton) ***  Mouse coords: (518, 359) (67913, 20565)
2022-08-10 16:05:43.942 *** Mouse movement (LeftButton) ***  Mouse coords: (516, 362) (68002, 20506)
2022-08-10 16:05:43.958 *** Mouse movement (LeftButton) ***  Mouse coords: (514, 365) (68002, 20505)
2022-08-10 16:05:43.975 *** Mouse movement (LeftButton) ***  Mouse coords: (512, 368) (68003, 20506)
2022-08-10 16:05:43.992 *** Mouse movement (LeftButton) ***  Mouse coords: (511, 369) (68032, 20446)
2022-08-10 16:05:44.049 *** Mouse movement (LeftButton) ***  Mouse coords: (511, 370) (68062, 20446)
2022-08-10 16:05:44.075 *** Mouse movement (LeftButton) ***  Mouse coords: (509, 373) (68002, 20505)
2022-08-10 16:05:44.108 *** Mouse movement (LeftButton) ***  Mouse coords: (506, 378) (67973, 20566)
2022-08-10 16:05:44.125 *** Mouse movement (LeftButton) ***  Mouse coords: (505, 379) (68032, 20445)
2022-08-10 16:05:44.158 *** Mouse movement (LeftButton) ***  Mouse coords: (505, 380) (68062, 20446)
2022-08-10 16:05:44.301 *** Mouse movement (LeftButton) ***  Mouse coords: (505, 379) (68062, 20386)
2022-08-10 16:05:44.324 *** Mouse movement (LeftButton) ***  Mouse coords: (511, 375) (68241, 20297)
2022-08-10 16:05:44.341 *** Mouse movement (LeftButton) ***  Mouse coords: (516, 373) (68211, 20356)
2022-08-10 16:05:44.358 *** Mouse movement (LeftButton) ***  Mouse coords: (526, 368) (68361, 20267)
2022-08-10 16:05:44.374 *** Mouse movement (LeftButton) ***  Mouse coords: (535, 365) (68330, 20326)
2022-08-10 16:05:44.391 *** Mouse movement (LeftButton) ***  Mouse coords: (550, 360) (68510, 20267)
2022-08-10 16:05:44.408 *** Mouse movement (LeftButton) ***  Mouse coords: (558, 357) (68301, 20327)
2022-08-10 16:05:44.425 *** Mouse movement (LeftButton) ***  Mouse coords: (564, 355) (68241, 20356)
2022-08-10 16:05:44.456 *** Mouse movement (LeftButton) ***  Mouse coords: (578, 348) (68480, 20207)
2022-08-10 16:05:44.474 *** Mouse movement (LeftButton) ***  Mouse coords: (587, 344) (68331, 20296)
2022-08-10 16:05:44.491 *** Mouse movement (LeftButton) ***  Mouse coords: (602, 339) (68510, 20267)
2022-08-10 16:05:44.508 *** Mouse movement (LeftButton) ***  Mouse coords: (619, 331) (68569, 20177)
2022-08-10 16:05:44.524 *** Mouse movement (LeftButton) ***  Mouse coords: (624, 328) (68211, 20327)
2022-08-10 16:05:44.541 *** Mouse movement (LeftButton) ***  Mouse coords: (630, 325) (68241, 20326)
2022-08-10 16:05:44.557 *** Mouse movement (LeftButton) ***  Mouse coords: (632, 324) (68122, 20386)
2022-08-10 16:05:44.574 *** Mouse movement (LeftButton) ***  Mouse coords: (635, 323) (68152, 20387)
2022-08-10 16:05:44.591 *** Mouse movement (LeftButton) ***  Mouse coords: (636, 323) (68092, 20416)
2022-08-10 16:05:45.441 *** Keyboard input *** key pressed: key: 16777248; text: ""
2022-08-10 16:05:45.558 *** Mouse movement (LeftButton) ***  Mouse coords: (487, 375) (63613, 21968)
2022-08-10 16:05:45.574 *** Mouse movement (LeftButton) ***  Mouse coords: (488, 377) (63643, 21968)
2022-08-10 16:05:45.591 *** Mouse movement (LeftButton) ***  Mouse coords: (489, 378) (63643, 21938)
2022-08-10 16:05:45.608 *** Mouse movement (LeftButton) ***  Mouse coords: (490, 379) (63643, 21937)
2022-08-10 16:05:45.624 *** Mouse movement (LeftButton) ***  Mouse coords: (491, 380) (63643, 21938)
2022-08-10 16:05:45.641 *** Mouse movement (LeftButton) ***  Mouse coords: (494, 380) (63702, 21908)
2022-08-10 16:05:45.658 *** Mouse movement (LeftButton) ***  Mouse coords: (498, 381) (63733, 21938)
2022-08-10 16:05:45.674 *** Mouse movement (LeftButton) ***  Mouse coords: (505, 383) (63822, 21968)
2022-08-10 16:05:45.691 *** Mouse movement (LeftButton) ***  Mouse coords: (512, 384) (63822, 21938)
2022-08-10 16:05:45.708 *** Mouse movement (LeftButton) ***  Mouse coords: (524, 387) (63971, 21997)
2022-08-10 16:05:45.724 *** Mouse movement (LeftButton) ***  Mouse coords: (532, 389) (63852, 21968)
2022-08-10 16:05:45.741 *** Mouse movement (LeftButton) ***  Mouse coords: (550, 395) (64150, 22087)
2022-08-10 16:05:45.758 *** Mouse movement (LeftButton) ***  Mouse coords: (559, 398) (63882, 21998)
2022-08-10 16:05:45.774 *** Mouse movement (LeftButton) ***  Mouse coords: (567, 400) (63852, 21967)
2022-08-10 16:05:45.791 *** Mouse movement (LeftButton) ***  Mouse coords: (578, 402) (63941, 21968)
2022-08-10 16:05:45.807 *** Mouse movement (LeftButton) ***  Mouse coords: (583, 404) (63762, 21968)
2022-08-10 16:05:45.824 *** Mouse movement (LeftButton) ***  Mouse coords: (586, 405) (63703, 21938)
2022-08-10 16:05:45.841 *** Mouse movement (LeftButton) ***  Mouse coords: (596, 407) (63911, 21967)
2022-08-10 16:05:45.858 *** Mouse movement (LeftButton) ***  Mouse coords: (606, 411) (63912, 22028)
2022-08-10 16:05:45.874 *** Mouse movement (LeftButton) ***  Mouse coords: (612, 412) (63792, 21938)
2022-08-10 16:05:45.891 *** Mouse movement (LeftButton) ***  Mouse coords: (617, 412) (63762, 21908)
2022-08-10 16:05:45.908 *** Mouse movement (LeftButton) ***  Mouse coords: (624, 412) (63822, 21908)
2022-08-10 16:05:45.925 *** Mouse movement (LeftButton) ***  Mouse coords: (634, 411) (63912, 21878)
2022-08-10 16:05:45.941 *** Mouse movement (LeftButton) ***  Mouse coords: (642, 409) (63852, 21848)
2022-08-10 16:05:45.958 *** Mouse movement (LeftButton) ***  Mouse coords: (650, 406) (63852, 21818)
2022-08-10 16:05:45.974 *** Mouse movement (LeftButton) ***  Mouse coords: (655, 402) (63762, 21789)
2022-08-10 16:05:45.991 *** Mouse movement (LeftButton) ***  Mouse coords: (665, 393) (63911, 21639)
2022-08-10 16:05:46.008 *** Mouse movement (LeftButton) ***  Mouse coords: (697, 365) (64569, 21072)
2022-08-10 16:05:46.024 *** Mouse movement (LeftButton) ***  Mouse coords: (717, 344) (64210, 21281)
2022-08-10 16:05:46.041 *** Mouse movement (LeftButton) ***  Mouse coords: (731, 331) (64031, 21520)
2022-08-10 16:05:46.058 *** Mouse movement (LeftButton) ***  Mouse coords: (747, 315) (64090, 21431)
2022-08-10 16:05:46.074 *** Mouse movement (LeftButton) ***  Mouse coords: (754, 307) (63822, 21669)
2022-08-10 16:05:46.091 *** Mouse movement (LeftButton) ***  Mouse coords: (756, 303) (63673, 21788)
2022-08-10 16:05:46.107 *** Mouse movement (LeftButton) ***  Mouse coords: (757, 301) (63643, 21849)
2022-08-10 16:05:46.124 *** Mouse movement (LeftButton) ***  Mouse coords: (757, 298) (63613, 21818)
2022-08-10 16:05:46.141 *** Mouse movement (LeftButton) ***  Mouse coords: (757, 296) (63613, 21848)
2022-08-10 16:05:46.157 *** Mouse movement (LeftButton) ***  Mouse coords: (757, 295) (63613, 21879)
2022-08-10 16:05:46.174 *** Mouse movement (LeftButton) ***  Mouse coords: (757, 294) (63613, 21878)
2022-08-10 16:05:46.191 *** Mouse movement (LeftButton) ***  Mouse coords: (757, 292) (63613, 21848)
2022-08-10 16:05:46.207 *** Mouse movement (LeftButton) ***  Mouse coords: (757, 290) (63613, 21848)
2022-08-10 16:05:46.224 *** Mouse movement (LeftButton) ***  Mouse coords: (757, 287) (63613, 21819)
2022-08-10 16:05:46.241 *** Mouse movement (LeftButton) ***  Mouse coords: (754, 272) (63523, 21460)
2022-08-10 16:05:46.258 *** Mouse movement (LeftButton) ***  Mouse coords: (752, 266) (63554, 21729)
2022-08-10 16:05:46.274 *** Mouse movement (LeftButton) ***  Mouse coords: (750, 257) (63553, 21639)
2022-08-10 16:05:46.291 *** Mouse movement (LeftButton) ***  Mouse coords: (748, 252) (63553, 21759)
2022-08-10 16:05:46.308 *** Mouse movement (LeftButton) ***  Mouse coords: (743, 241) (63464, 21580)
2022-08-10 16:05:46.324 *** Mouse movement (LeftButton) ***  Mouse coords: (740, 235) (63523, 21728)
2022-08-10 16:05:46.341 *** Mouse movement (LeftButton) ***  Mouse coords: (739, 232) (63584, 21819)
2022-08-10 16:05:46.358 *** Mouse movement (LeftButton) ***  Mouse coords: (738, 231) (63583, 21878)
2022-08-10 16:05:47.541 *** Keyboard input *** key pressed: key: 16777248; text: ""
2022-08-10 16:05:47.627 *** Mouse movement (LeftButton) ***  Mouse coords: (823, 477) (66150, 29252)
2022-08-10 16:05:47.640 *** Mouse movement (LeftButton) ***  Mouse coords: (822, 477) (66180, 29222)
2022-08-10 16:05:47.658 *** Mouse movement (LeftButton) ***  Mouse coords: (811, 483) (65882, 29401)
2022-08-10 16:05:47.674 *** Mouse movement (LeftButton) ***  Mouse coords: (803, 489) (65971, 29401)
2022-08-10 16:05:47.691 *** Mouse movement (LeftButton) ***  Mouse coords: (786, 501) (65703, 29581)
2022-08-10 16:05:47.708 *** Mouse movement (LeftButton) ***  Mouse coords: (772, 515) (65792, 29640)
2022-08-10 16:05:47.725 *** Mouse movement (LeftButton) ***  Mouse coords: (756, 528) (65732, 29610)
2022-08-10 16:05:47.757 *** Mouse movement (LeftButton) ***  Mouse coords: (714, 567) (64956, 30386)
2022-08-10 16:05:47.774 *** Mouse movement (LeftButton) ***  Mouse coords: (710, 572) (66091, 29371)
2022-08-10 16:05:47.791 *** Mouse movement (LeftButton) ***  Mouse coords: (692, 590) (65672, 29760)
2022-08-10 16:05:47.808 *** Mouse movement (LeftButton) ***  Mouse coords: (679, 610) (65822, 29819)
2022-08-10 16:05:47.824 *** Mouse movement (LeftButton) ***  Mouse coords: (674, 616) (66061, 29401)
2022-08-10 16:05:47.841 *** Mouse movement (LeftButton) ***  Mouse coords: (665, 626) (65941, 29520)
2022-08-10 16:05:47.857 *** Mouse movement (LeftButton) ***  Mouse coords: (655, 635) (65912, 29491)
2022-08-10 16:05:47.874 *** Mouse movement (LeftButton) ***  Mouse coords: (646, 644) (65941, 29491)
2022-08-10 16:05:47.891 *** Mouse movement (LeftButton) ***  Mouse coords: (636, 656) (65912, 29580)
2022-08-10 16:05:47.908 *** Mouse movement (LeftButton) ***  Mouse coords: (625, 667) (65881, 29550)
2022-08-10 16:05:47.924 *** Mouse movement (LeftButton) ***  Mouse coords: (619, 672) (66031, 29372)
2022-08-10 16:05:47.941 *** Mouse movement (LeftButton) ***  Mouse coords: (617, 674) (66150, 29281)
2022-08-10 16:05:47.958 *** Mouse movement (LeftButton) ***  Mouse coords: (608, 682) (65942, 29461)
2022-08-10 16:05:47.980 *** Mouse movement (LeftButton) ***  Mouse coords: (605, 683) (66120, 29252)
2022-08-10 16:05:48.441 *** Keyboard input *** key pressed: key: 16777249; text: ""
2022-08-10 16:05:48.891 *** Keyboard input *** key pressed: key: 16777249; text: ""
2022-08-10 16:05:53.814 *** Keyboard input *** key pressed: key: 16777216; text: ""
2022-08-10 16:05:58.540 *** Mouse movement (LeftButton) ***  Mouse coords: (545, 277) (61309, 29272)
2022-08-10 16:05:58.547 *** Mouse movement (LeftButton) ***  Mouse coords: (545, 279) (61309, 29369)
2022-08-10 16:05:58.559 *** Mouse movement (LeftButton) ***  Mouse coords: (546, 282) (61357, 29514)
2022-08-10 16:05:58.577 *** Mouse movement (LeftButton) ***  Mouse coords: (548, 290) (61454, 29900)
2022-08-10 16:05:58.597 *** Mouse movement (LeftButton) ***  Mouse coords: (550, 300) (61550, 30383)
2022-08-10 16:05:58.610 *** Mouse movement (LeftButton) ***  Mouse coords: (551, 306) (61598, 30672)
2022-08-10 16:05:58.626 *** Mouse movement (LeftButton) ***  Mouse coords: (551, 309) (61598, 30817)
2022-08-10 16:05:58.642 *** Mouse movement (LeftButton) ***  Mouse coords: (552, 313) (61647, 31010)
2022-08-10 16:05:58.659 *** Mouse movement (LeftButton) ***  Mouse coords: (552, 316) (61647, 31155)
2022-08-10 16:05:58.676 *** Mouse movement (LeftButton) ***  Mouse coords: (553, 318) (61695, 31252)
2022-08-10 16:05:58.773 *** Mouse movement (LeftButton) ***  Mouse coords: (553, 319) (61695, 31300)
2022-08-10 16:05:59.661 *** Mouse movement (LeftButton) ***  Mouse coords: (614, 283) (64640, 29562)
2022-08-10 16:05:59.674 *** Mouse movement (LeftButton) ***  Mouse coords: (614, 289) (64640, 29852)
2022-08-10 16:05:59.691 *** Mouse movement (LeftButton) ***  Mouse coords: (615, 292) (64688, 29996)
2022-08-10 16:05:59.708 *** Mouse movement (LeftButton) ***  Mouse coords: (615, 295) (64688, 30141)
2022-08-10 16:05:59.724 *** Mouse movement (LeftButton) ***  Mouse coords: (615, 296) (64688, 30190)
2022-08-10 16:05:59.741 *** Mouse movement (LeftButton) ***  Mouse coords: (615, 299) (64688, 30334)
2022-08-10 16:05:59.758 *** Mouse movement (LeftButton) ***  Mouse coords: (615, 301) (64688, 30431)
2022-08-10 16:05:59.774 *** Mouse movement (LeftButton) ***  Mouse coords: (615, 302) (64688, 30479)
2022-08-10 16:05:59.858 *** Mouse movement (LeftButton) ***  Mouse coords: (613, 331) (64592, 31879)
2022-08-10 16:05:59.874 *** Mouse movement (LeftButton) ***  Mouse coords: (612, 334) (64544, 32024)
2022-08-10 16:05:59.891 *** Mouse movement (LeftButton) ***  Mouse coords: (611, 339) (64495, 32266)
2022-08-10 16:05:59.907 *** Mouse movement (LeftButton) ***  Mouse coords: (610, 341) (64447, 32362)
2022-08-10 16:05:59.924 *** Mouse movement (LeftButton) ***  Mouse coords: (609, 344) (64399, 32507)
2022-08-10 16:05:59.941 *** Mouse movement (LeftButton) ***  Mouse coords: (608, 347) (64350, 32652)
2022-08-10 16:05:59.958 *** Mouse movement (LeftButton) ***  Mouse coords: (607, 351) (64302, 32845)
2022-08-10 16:06:01.211 *** Mouse movement (LeftButton) ***  Mouse coords: (834, 244) (75262, 27679)
2022-08-10 16:06:01.231 *** Mouse movement (LeftButton) ***  Mouse coords: (831, 249) (75117, 27920)
2022-08-10 16:06:01.249 *** Mouse movement (LeftButton) ***  Mouse coords: (824, 259) (74779, 28403)
2022-08-10 16:06:01.259 *** Mouse movement (LeftButton) ***  Mouse coords: (821, 263) (74634, 28596)
2022-08-10 16:06:01.274 *** Mouse movement (LeftButton) ***  Mouse coords: (817, 271) (74441, 28983)
2022-08-10 16:06:01.291 *** Mouse movement (LeftButton) ***  Mouse coords: (812, 280) (74200, 29417)
2022-08-10 16:06:01.308 *** Mouse movement (LeftButton) ***  Mouse coords: (805, 290) (73862, 29900)
2022-08-10 16:06:01.324 *** Mouse movement (LeftButton) ***  Mouse coords: (803, 292) (73765, 29996)
2022-08-10 16:06:01.341 *** Mouse movement (LeftButton) ***  Mouse coords: (803, 293) (73765, 30045)
2022-08-10 16:06:05.155 *** Mouse movement (LeftButton) ***  Mouse coords: (630, 333) (65413, 31976)
2022-08-10 16:06:05.176 *** Mouse movement (LeftButton) ***  Mouse coords: (630, 337) (65413, 32169)
2022-08-10 16:06:05.195 *** Mouse movement (LeftButton) ***  Mouse coords: (631, 342) (65461, 32410)
2022-08-10 16:06:05.210 *** Mouse movement (LeftButton) ***  Mouse coords: (632, 346) (65509, 32604)
2022-08-10 16:06:05.226 *** Mouse movement (LeftButton) ***  Mouse coords: (633, 349) (65557, 32748)
2022-08-10 16:06:05.243 *** Mouse movement (LeftButton) ***  Mouse coords: (634, 352) (65606, 32893)
2022-08-10 16:06:05.259 *** Mouse movement (LeftButton) ***  Mouse coords: (634, 354) (65606, 32990)
2022-08-10 16:06:05.277 *** Mouse movement (LeftButton) ***  Mouse coords: (635, 354) (65654, 32990)
2022-08-10 16:06:05.292 *** Mouse movement (LeftButton) ***  Mouse coords: (635, 356) (65654, 33086)
2022-08-10 16:06:05.320 *** Mouse movement (LeftButton) ***  Mouse coords: (635, 357) (65654, 33135)
2022-08-10 16:06:05.335 *** Mouse movement (LeftButton) ***  Mouse coords: (635, 358) (65654, 33183)
2022-08-10 16:06:05.380 *** Mouse movement (LeftButton) ***  Mouse coords: (635, 359) (65654, 33231)
2022-08-10 16:06:05.393 *** Mouse movement (LeftButton) ***  Mouse coords: (636, 360) (65702, 33280)
2022-08-10 16:06:05.409 *** Mouse movement (LeftButton) ***  Mouse coords: (636, 361) (65702, 33328)
2022-08-10 16:06:05.425 *** Mouse movement (LeftButton) ***  Mouse coords: (637, 363) (65751, 33424)
2022-08-10 16:06:05.442 *** Mouse movement (LeftButton) ***  Mouse coords: (637, 364) (65751, 33473)
2022-08-10 16:06:05.459 *** Mouse movement (LeftButton) ***  Mouse coords: (637, 366) (65751, 33569)
2022-08-10 16:06:13.570 *** Mouse movement (LeftButton) ***  Mouse coords: (675, 303) (67585, 30528)
2022-08-10 16:06:13.590 *** Mouse movement (LeftButton) ***  Mouse coords: (679, 310) (67778, 30816)
2022-08-10 16:06:13.607 *** Mouse movement (LeftButton) ***  Mouse coords: (681, 312) (67682, 30576)
2022-08-10 16:06:13.624 *** Mouse movement (LeftButton) ***  Mouse coords: (682, 312) (67633, 30479)
2022-08-10 16:06:13.641 *** Mouse movement (LeftButton) ***  Mouse coords: (683, 313) (67633, 30527)
2022-08-10 16:06:13.658 *** Mouse movement (LeftButton) ***  Mouse coords: (684, 314) (67634, 30528)
2022-08-10 16:06:13.681 *** Mouse movement (LeftButton) ***  Mouse coords: (686, 315) (67681, 30527)
2022-08-10 16:06:13.694 *** Mouse movement (LeftButton) ***  Mouse coords: (687, 317) (67634, 30575)
2022-08-10 16:06:13.708 *** Mouse movement (LeftButton) ***  Mouse coords: (688, 318) (67633, 30528)
2022-08-10 16:06:13.724 *** Mouse movement (LeftButton) ***  Mouse coords: (689, 319) (67633, 30527)
2022-08-10 16:06:13.741 *** Mouse movement (LeftButton) ***  Mouse coords: (690, 322) (67633, 30624)
2022-08-10 16:06:13.758 *** Mouse movement (LeftButton) ***  Mouse coords: (692, 326) (67682, 30672)
2022-08-10 16:06:13.774 *** Mouse movement (LeftButton) ***  Mouse coords: (695, 329) (67730, 30624)
2022-08-10 16:06:13.791 *** Mouse movement (LeftButton) ***  Mouse coords: (695, 331) (67585, 30575)
2022-08-10 16:06:13.808 *** Mouse movement (LeftButton) ***  Mouse coords: (696, 334) (67633, 30624)
2022-08-10 16:06:13.824 *** Mouse movement (LeftButton) ***  Mouse coords: (697, 335) (67633, 30527)
2022-08-10 16:06:13.841 *** Mouse movement (LeftButton) ***  Mouse coords: (697, 336) (67585, 30528)
2022-08-10 16:06:13.882 *** Mouse movement (LeftButton) ***  Mouse coords: (697, 338) (67585, 30575)
2022-08-10 16:06:13.909 *** Mouse movement (LeftButton) ***  Mouse coords: (703, 347) (67875, 30914)
2022-08-10 16:06:13.927 *** Mouse movement (LeftButton) ***  Mouse coords: (706, 352) (67730, 30720)
2022-08-10 16:06:13.949 *** Mouse movement (LeftButton) ***  Mouse coords: (709, 358) (67730, 30769)
2022-08-10 16:06:13.963 *** Mouse movement (LeftButton) ***  Mouse coords: (712, 362) (67730, 30672)
2022-08-10 16:06:13.974 *** Mouse movement (LeftButton) ***  Mouse coords: (712, 364) (67585, 30576)
2022-08-10 16:06:13.991 *** Mouse movement (LeftButton) ***  Mouse coords: (715, 368) (67729, 30672)
2022-08-10 16:06:14.007 *** Mouse movement (LeftButton) ***  Mouse coords: (716, 370) (67634, 30575)
2022-08-10 16:06:14.658 *** Mouse movement (LeftButton) ***  Mouse coords: (641, 343) (63964, 29176)
2022-08-10 16:06:14.673 *** Mouse movement (LeftButton) ***  Mouse coords: (642, 348) (64012, 29320)
2022-08-10 16:06:14.691 *** Mouse movement (LeftButton) ***  Mouse coords: (642, 350) (63964, 29176)
2022-08-10 16:06:14.707 *** Mouse movement (LeftButton) ***  Mouse coords: (644, 355) (64061, 29320)
2022-08-10 16:06:14.724 *** Mouse movement (LeftButton) ***  Mouse coords: (644, 356) (63964, 29127)
2022-08-10 16:06:14.741 *** Mouse movement (LeftButton) ***  Mouse coords: (645, 361) (64012, 29321)
2022-08-10 16:06:14.757 *** Mouse movement (LeftButton) ***  Mouse coords: (645, 364) (63964, 29224)
2022-08-10 16:06:14.774 *** Mouse movement (LeftButton) ***  Mouse coords: (646, 368) (64012, 29272)
2022-08-10 16:06:14.791 *** Mouse movement (LeftButton) ***  Mouse coords: (646, 370) (63964, 29175)
2022-08-10 16:06:14.807 *** Mouse movement (LeftButton) ***  Mouse coords: (646, 371) (63964, 29128)
2022-08-10 16:06:14.858 *** Mouse movement (LeftButton) ***  Mouse coords: (647, 371) (64012, 29079)
2022-08-10 16:06:14.875 *** Mouse movement (LeftButton) ***  Mouse coords: (647, 372) (63964, 29127)
2022-08-10 16:06:15.835 *** Mouse movement (LeftButton) ***  Mouse coords: (640, 273) (63585, 26657)
2022-08-10 16:06:15.857 *** Mouse movement (LeftButton) ***  Mouse coords: (643, 283) (63667, 26906)
2022-08-10 16:06:15.874 *** Mouse movement (LeftButton) ***  Mouse coords: (649, 293) (63751, 26906)
2022-08-10 16:06:15.891 *** Mouse movement (LeftButton) ***  Mouse coords: (652, 299) (63668, 26796)
2022-08-10 16:06:15.907 *** Mouse movement (LeftButton) ***  Mouse coords: (654, 304) (63640, 26768)
2022-08-10 16:06:15.924 *** Mouse movement (LeftButton) ***  Mouse coords: (657, 308) (63668, 26740)
2022-08-10 16:06:15.941 *** Mouse movement (LeftButton) ***  Mouse coords: (661, 316) (63695, 26851)
2022-08-10 16:06:15.957 *** Mouse movement (LeftButton) ***  Mouse coords: (663, 322) (63640, 26795)
2022-08-10 16:06:15.974 *** Mouse movement (LeftButton) ***  Mouse coords: (665, 325) (63640, 26713)
2022-08-10 16:06:15.991 *** Mouse movement (LeftButton) ***  Mouse coords: (665, 327) (63585, 26685)
2022-08-10 16:06:16.007 *** Mouse movement (LeftButton) ***  Mouse coords: (666, 328) (63613, 26658)
2022-08-10 16:06:16.024 *** Mouse movement (LeftButton) ***  Mouse coords: (666, 329) (63585, 26657)
2022-08-10 16:06:16.885 *** Mouse movement (LeftButton) ***  Mouse coords: (653, 336) (63439, 27474)
2022-08-10 16:06:16.909 *** Mouse movement (LeftButton) ***  Mouse coords: (652, 355) (63456, 27710)
2022-08-10 16:06:16.924 *** Mouse movement (LeftButton) ***  Mouse coords: (651, 363) (63455, 27537)
2022-08-10 16:06:16.941 *** Mouse movement (LeftButton) ***  Mouse coords: (650, 369) (63455, 27506)
2022-08-10 16:06:16.958 *** Mouse movement (LeftButton) ***  Mouse coords: (650, 373) (63471, 27474)
2022-08-10 16:06:16.975 *** Mouse movement (LeftButton) ***  Mouse coords: (650, 377) (63471, 27474)
2022-08-10 16:06:16.991 *** Mouse movement (LeftButton) ***  Mouse coords: (650, 380) (63471, 27458)
2022-08-10 16:06:18.383 *** Program closed.
