2022-08-12 13:13:45.981 *** Start program *** Start program
2022-08-12 13:13:57.165 *** Open case *** /media/zhihuang/Drive14/Google_Colon_lnm_pos_2015_slides/slides/S0425
2022-08-12 13:13:59.676 *** Open processed data
2022-08-12 13:13:59.676 *** Preload all statistics at once.
2022-08-12 13:14:00.491 *** Nuclei stat data loaded, took 0.81 seconds. Total number of nuclei: 954361
2022-08-12 13:14:05.084 *** Process image overlay spent 0.00 seconds.
2022-08-12 13:14:05.106 *** Get cell color spent 0.02 seconds.
2022-08-12 13:14:05.398 *** Process image overlay spent 0.00 seconds.
2022-08-12 13:14:05.400 *** Get cell color spent 0.00 seconds.
2022-08-12 13:14:05.438 *** Process image overlay spent 0.00 seconds.
2022-08-12 13:14:05.439 *** Get cell color spent 0.00 seconds.
2022-08-12 13:14:05.857 *** Process image overlay spent 0.00 seconds.
2022-08-12 13:14:05.859 *** Get cell color spent 0.00 seconds.
2022-08-12 13:14:10.388 *** Mouse movement (LeftButton) ***  Mouse coords: (619, 299) (29148, 49601)
2022-08-12 13:14:10.395 *** Mouse movement (LeftButton) ***  Mouse coords: (620, 300) (29149, 49602)
2022-08-12 13:14:10.409 *** Mouse movement (LeftButton) ***  Mouse coords: (623, 302) (29152, 49604)
2022-08-12 13:14:10.426 *** Mouse movement (LeftButton) ***  Mouse coords: (637, 311) (29167, 49613)
2022-08-12 13:14:10.442 *** Mouse movement (LeftButton) ***  Mouse coords: (650, 317) (29180, 49620)
2022-08-12 13:14:10.460 *** Mouse movement (LeftButton) ***  Mouse coords: (664, 324) (29195, 49627)
2022-08-12 13:14:10.477 *** Mouse movement (LeftButton) ***  Mouse coords: (674, 329) (29205, 49632)
2022-08-12 13:14:10.492 *** Mouse movement (LeftButton) ***  Mouse coords: (692, 342) (29224, 49646)
2022-08-12 13:14:10.509 *** Mouse movement (LeftButton) ***  Mouse coords: (714, 358) (29247, 49662)
2022-08-12 13:14:10.526 *** Mouse movement (LeftButton) ***  Mouse coords: (723, 366) (29256, 49670)
2022-08-12 13:14:10.542 *** Mouse movement (LeftButton) ***  Mouse coords: (729, 372) (29262, 49677)
2022-08-12 13:14:10.559 *** Mouse movement (LeftButton) ***  Mouse coords: (736, 376) (29270, 49681)
2022-08-12 13:14:10.576 *** Mouse movement (LeftButton) ***  Mouse coords: (739, 377) (29273, 49682)
2022-08-12 13:14:10.673 *** Mouse movement (LeftButton) ***  Mouse coords: (740, 378) (29274, 49683)
2022-08-12 13:14:10.690 *** Mouse movement (LeftButton) ***  Mouse coords: (741, 379) (29275, 49684)
2022-08-12 13:14:10.708 *** Mouse movement (LeftButton) ***  Mouse coords: (743, 381) (29277, 49686)
2022-08-12 13:14:10.726 *** Mouse movement (LeftButton) ***  Mouse coords: (754, 388) (29288, 49693)
2022-08-12 13:14:10.742 *** Mouse movement (LeftButton) ***  Mouse coords: (760, 390) (29295, 49695)
2022-08-12 13:14:10.759 *** Mouse movement (LeftButton) ***  Mouse coords: (766, 391) (29301, 49696)
2022-08-12 13:14:10.776 *** Mouse movement (LeftButton) ***  Mouse coords: (770, 391) (29305, 49696)
2022-08-12 13:14:10.792 *** Mouse movement (LeftButton) ***  Mouse coords: (776, 390) (29311, 49695)
2022-08-12 13:14:10.809 *** Mouse movement (LeftButton) ***  Mouse coords: (778, 389) (29313, 49694)
2022-08-12 13:14:10.826 *** Mouse movement (LeftButton) ***  Mouse coords: (779, 389) (29314, 49694)
2022-08-12 13:14:10.876 *** Mouse movement (LeftButton) ***  Mouse coords: (779, 388) (29314, 49693)
2022-08-12 13:14:12.292 *** Interactive label *** Apply to case start.
2022-08-12 13:14:12.713 *** Mouse movement (LeftButton) ***  Mouse coords: (350, 412) (28868, 49718)
2022-08-12 13:14:12.732 *** Mouse movement (LeftButton) ***  Mouse coords: (350, 415) (28868, 49721)
2022-08-12 13:14:12.749 *** Mouse movement (LeftButton) ***  Mouse coords: (351, 421) (28869, 49728)
2022-08-12 13:14:12.759 *** Mouse movement (LeftButton) ***  Mouse coords: (360, 435) (28879, 49742)
2022-08-12 13:14:12.776 *** Mouse movement (LeftButton) ***  Mouse coords: (375, 454) (28894, 49762)
2022-08-12 13:14:12.792 *** Mouse movement (LeftButton) ***  Mouse coords: (403, 479) (28924, 49788)
2022-08-12 13:14:12.809 *** Mouse movement (LeftButton) ***  Mouse coords: (423, 495) (28944, 49805)
2022-08-12 13:14:12.826 *** Mouse movement (LeftButton) ***  Mouse coords: (459, 517) (28982, 49827)
2022-08-12 13:14:12.842 *** Mouse movement (LeftButton) ***  Mouse coords: (477, 525) (29000, 49836)
2022-08-12 13:14:12.859 *** Mouse movement (LeftButton) ***  Mouse coords: (496, 535) (29020, 49846)
2022-08-12 13:14:12.876 *** Mouse movement (LeftButton) ***  Mouse coords: (509, 540) (29034, 49851)
2022-08-12 13:14:12.893 *** Mouse movement (LeftButton) ***  Mouse coords: (521, 544) (29046, 49855)
2022-08-12 13:14:13.819 *** Interactive label *** Apply to case start.
2022-08-12 13:14:16.694 *** Interactive label *** Apply to case done.
2022-08-12 13:14:21.698 *** Interactive label *** Apply to case finish overlay create.
2022-08-12 13:14:21.702 *** Process image overlay spent 0.00 seconds.
2022-08-12 13:14:21.704 *** Get cell color spent 0.00 seconds.
2022-08-12 13:16:09.034 *** Program closed.
