2022-08-11 19:09:58.533 *** Start program *** Start program
2022-08-11 19:10:13.274 *** Open case *** /media/zhihuang/Drive3/Google_Colon_lnm_pos_2015_slides/slides/S0425
2022-08-11 19:10:16.712 *** Open processed data
2022-08-11 19:10:16.712 *** Preload all statistics at once.
2022-08-11 19:10:18.064 *** Nuclei stat data loaded, took 1.35 seconds. Total number of nuclei: 954361
2022-08-11 19:10:22.823 *** Process image overlay spent 0.01 seconds.
2022-08-11 19:10:22.830 *** Get cell color spent 0.01 seconds.
2022-08-11 19:10:22.976 *** Process image overlay spent 0.01 seconds.
2022-08-11 19:10:22.983 *** Get cell color spent 0.01 seconds.
2022-08-11 19:10:23.164 *** Mouse movement (LeftButton) ***  Mouse coords: (266, 380) (33765, 45273)
2022-08-11 19:10:23.182 *** Mouse movement (LeftButton) ***  Mouse coords: (268, 379) (33769, 45272)
2022-08-11 19:10:23.198 *** Mouse movement (LeftButton) ***  Mouse coords: (273, 378) (33774, 45272)
2022-08-11 19:10:23.215 *** Mouse movement (LeftButton) ***  Mouse coords: (293, 379) (33801, 45276)
2022-08-11 19:10:23.232 *** Mouse movement (LeftButton) ***  Mouse coords: (356, 388) (33880, 45290)
2022-08-11 19:10:23.249 *** Mouse movement (LeftButton) ***  Mouse coords: (391, 393) (33828, 45283)
2022-08-11 19:10:23.266 *** Mouse movement (LeftButton) ***  Mouse coords: (436, 396) (33847, 45280)
2022-08-11 19:10:23.282 *** Mouse movement (LeftButton) ***  Mouse coords: (492, 399) (33867, 45279)
2022-08-11 19:10:23.299 *** Mouse movement (LeftButton) ***  Mouse coords: (525, 402) (33825, 45280)
2022-08-11 19:10:23.315 *** Mouse movement (LeftButton) ***  Mouse coords: (577, 405) (33860, 45279)
2022-08-11 19:10:23.332 *** Mouse movement (LeftButton) ***  Mouse coords: (584, 406) (33777, 45276)
2022-08-11 19:10:23.349 *** Mouse movement (LeftButton) ***  Mouse coords: (585, 406) (33767, 45274)
2022-08-11 19:10:23.372 *** Process image overlay spent 0.01 seconds.
2022-08-11 19:10:23.380 *** Get cell color spent 0.01 seconds.
2022-08-11 19:10:23.513 *** Process image overlay spent 0.01 seconds.
2022-08-11 19:10:23.520 *** Get cell color spent 0.01 seconds.
2022-08-11 19:10:23.750 *** Process image overlay spent 0.01 seconds.
2022-08-11 19:10:23.755 *** Get cell color spent 0.00 seconds.
2022-08-11 19:10:23.834 *** Process image overlay spent 0.01 seconds.
2022-08-11 19:10:23.837 *** Get cell color spent 0.00 seconds.
2022-08-11 19:10:27.604 *** Mouse movement (LeftButton) ***  Mouse coords: (566, 349) (33733, 45318)
2022-08-11 19:10:27.612 *** Mouse movement (LeftButton) ***  Mouse coords: (566, 350) (33733, 45319)
2022-08-11 19:10:27.632 *** Mouse movement (LeftButton) ***  Mouse coords: (565, 352) (33732, 45320)
2022-08-11 19:10:27.762 *** Mouse movement (LeftButton) ***  Mouse coords: (565, 353) (33732, 45320)
2022-08-11 19:10:27.773 *** Mouse movement (LeftButton) ***  Mouse coords: (565, 354) (33732, 45321)
2022-08-11 19:10:27.784 *** Mouse movement (LeftButton) ***  Mouse coords: (566, 357) (33733, 45323)
2022-08-11 19:10:27.799 *** Mouse movement (LeftButton) ***  Mouse coords: (569, 362) (33735, 45326)
2022-08-11 19:10:27.815 *** Mouse movement (LeftButton) ***  Mouse coords: (577, 376) (33739, 45334)
2022-08-11 19:10:27.832 *** Mouse movement (LeftButton) ***  Mouse coords: (582, 385) (33742, 45339)
2022-08-11 19:10:27.849 *** Mouse movement (LeftButton) ***  Mouse coords: (588, 392) (33746, 45344)
2022-08-11 19:10:27.865 *** Mouse movement (LeftButton) ***  Mouse coords: (594, 399) (33749, 45348)
2022-08-11 19:10:27.882 *** Mouse movement (LeftButton) ***  Mouse coords: (609, 413) (33758, 45356)
2022-08-11 19:10:27.898 *** Mouse movement (LeftButton) ***  Mouse coords: (614, 418) (33761, 45359)
2022-08-11 19:10:27.915 *** Mouse movement (LeftButton) ***  Mouse coords: (620, 422) (33765, 45361)
2022-08-11 19:10:27.932 *** Mouse movement (LeftButton) ***  Mouse coords: (624, 424) (33767, 45363)
2022-08-11 19:10:27.949 *** Mouse movement (LeftButton) ***  Mouse coords: (626, 425) (33768, 45363)
2022-08-11 19:10:27.965 *** Mouse movement (LeftButton) ***  Mouse coords: (627, 425) (33769, 45363)
2022-08-11 19:10:28.122 *** Mouse movement (LeftButton) ***  Mouse coords: (628, 425) (33770, 45363)
2022-08-11 19:10:28.138 *** Mouse movement (LeftButton) ***  Mouse coords: (629, 425) (33770, 45363)
2022-08-11 19:10:28.150 *** Mouse movement (LeftButton) ***  Mouse coords: (630, 424) (33771, 45363)
2022-08-11 19:10:28.166 *** Mouse movement (LeftButton) ***  Mouse coords: (632, 424) (33772, 45363)
2022-08-11 19:10:28.182 *** Mouse movement (LeftButton) ***  Mouse coords: (635, 424) (33774, 45363)
2022-08-11 19:10:28.199 *** Mouse movement (LeftButton) ***  Mouse coords: (637, 425) (33775, 45363)
2022-08-11 19:10:28.215 *** Mouse movement (LeftButton) ***  Mouse coords: (640, 427) (33777, 45364)
2022-08-11 19:10:28.232 *** Mouse movement (LeftButton) ***  Mouse coords: (642, 428) (33778, 45365)
2022-08-11 19:10:28.249 *** Mouse movement (LeftButton) ***  Mouse coords: (642, 429) (33778, 45365)
2022-08-11 19:10:28.271 *** Mouse movement (LeftButton) ***  Mouse coords: (643, 429) (33779, 45365)
2022-08-11 19:10:28.282 *** Mouse movement (LeftButton) ***  Mouse coords: (644, 430) (33779, 45366)
2022-08-11 19:10:28.298 *** Mouse movement (LeftButton) ***  Mouse coords: (650, 432) (33783, 45367)
2022-08-11 19:10:28.315 *** Mouse movement (LeftButton) ***  Mouse coords: (658, 434) (33787, 45368)
2022-08-11 19:10:28.332 *** Mouse movement (LeftButton) ***  Mouse coords: (667, 436) (33793, 45370)
2022-08-11 19:10:28.349 *** Mouse movement (LeftButton) ***  Mouse coords: (673, 436) (33796, 45370)
2022-08-11 19:10:28.365 *** Mouse movement (LeftButton) ***  Mouse coords: (676, 437) (33798, 45370)
2022-08-11 19:10:31.095 *** Process image overlay spent 0.01 seconds.
2022-08-11 19:10:31.101 *** Get cell color spent 0.01 seconds.
2022-08-11 19:10:31.188 *** Process image overlay spent 0.01 seconds.
2022-08-11 19:10:31.195 *** Get cell color spent 0.01 seconds.
2022-08-11 19:10:31.323 *** Process image overlay spent 0.01 seconds.
2022-08-11 19:10:31.330 *** Get cell color spent 0.01 seconds.
2022-08-11 19:10:31.992 *** Mouse movement (LeftButton) ***  Mouse coords: (207, 459) (33075, 45357)
2022-08-11 19:10:32.007 *** Mouse movement (LeftButton) ***  Mouse coords: (208, 459) (33076, 45357)
2022-08-11 19:10:32.017 *** Mouse movement (LeftButton) ***  Mouse coords: (211, 461) (33082, 45361)
2022-08-11 19:10:32.033 *** Mouse movement (LeftButton) ***  Mouse coords: (222, 474) (33102, 45385)
2022-08-11 19:10:32.049 *** Mouse movement (LeftButton) ***  Mouse coords: (244, 499) (33142, 45430)
2022-08-11 19:10:32.066 *** Mouse movement (LeftButton) ***  Mouse coords: (276, 533) (33200, 45492)
2022-08-11 19:10:32.082 *** Mouse movement (LeftButton) ***  Mouse coords: (307, 568) (33257, 45556)
2022-08-11 19:10:32.099 *** Mouse movement (LeftButton) ***  Mouse coords: (329, 593) (33297, 45601)
2022-08-11 19:10:32.115 *** Mouse movement (LeftButton) ***  Mouse coords: (344, 613) (33324, 45637)
2022-08-11 19:10:32.132 *** Mouse movement (LeftButton) ***  Mouse coords: (356, 630) (33346, 45668)
2022-08-11 19:10:32.149 *** Mouse movement (LeftButton) ***  Mouse coords: (356, 632) (33346, 45672)
2022-08-11 19:10:32.165 *** Mouse movement (LeftButton) ***  Mouse coords: (360, 647) (33353, 45699)
2022-08-11 19:10:32.182 *** Mouse movement (LeftButton) ***  Mouse coords: (361, 651) (33355, 45707)
2022-08-11 19:10:32.199 *** Mouse movement (LeftButton) ***  Mouse coords: (363, 655) (33358, 45714)
2022-08-11 19:10:32.215 *** Mouse movement (LeftButton) ***  Mouse coords: (366, 659) (33364, 45721)
2022-08-11 19:10:32.232 *** Mouse movement (LeftButton) ***  Mouse coords: (369, 662) (33369, 45727)
2022-08-11 19:10:32.249 *** Mouse movement (LeftButton) ***  Mouse coords: (369, 663) (33369, 45728)
2022-08-11 19:10:32.269 *** Mouse movement (LeftButton) ***  Mouse coords: (369, 664) (33369, 45730)
2022-08-11 19:10:32.282 *** Mouse movement (LeftButton) ***  Mouse coords: (370, 664) (33371, 45730)
2022-08-11 19:10:32.299 *** Mouse movement (LeftButton) ***  Mouse coords: (377, 674) (33384, 45748)
2022-08-11 19:10:32.316 *** Mouse movement (LeftButton) ***  Mouse coords: (394, 692) (33415, 45781)
2022-08-11 19:10:32.332 *** Mouse movement (LeftButton) ***  Mouse coords: (405, 701) (33435, 45798)
2022-08-11 19:10:32.349 *** Mouse movement (LeftButton) ***  Mouse coords: (420, 710) (33462, 45814)
2022-08-11 19:10:32.365 *** Mouse movement (LeftButton) ***  Mouse coords: (424, 713) (33469, 45819)
2022-08-11 19:10:32.382 *** Mouse movement (LeftButton) ***  Mouse coords: (426, 713) (33473, 45819)
2022-08-11 19:10:38.632 *** Process image overlay spent 0.01 seconds.
2022-08-11 19:10:38.657 *** Get cell color spent 0.02 seconds.
2022-08-11 19:10:39.056 *** Process image overlay spent 0.01 seconds.
2022-08-11 19:10:39.072 *** Get cell color spent 0.02 seconds.
2022-08-11 19:10:40.088 *** Process image overlay spent 0.01 seconds.
2022-08-11 19:10:40.189 *** Get cell color spent 0.10 seconds.
2022-08-11 19:10:40.766 *** Process image overlay spent 0.01 seconds.
2022-08-11 19:10:40.867 *** Get cell color spent 0.10 seconds.
2022-08-11 19:10:43.046 *** Mouse movement (LeftButton) ***  Mouse coords: (183, 306) (26452, 42705)
2022-08-11 19:10:43.054 *** Mouse movement (LeftButton) ***  Mouse coords: (184, 308) (26469, 42739)
2022-08-11 19:10:43.066 *** Mouse movement (LeftButton) ***  Mouse coords: (188, 312) (26537, 42808)
2022-08-11 19:10:43.082 *** Mouse movement (LeftButton) ***  Mouse coords: (201, 324) (26759, 43012)
2022-08-11 19:10:43.099 *** Mouse movement (LeftButton) ***  Mouse coords: (231, 348) (27271, 43422)
2022-08-11 19:10:43.115 *** Mouse movement (LeftButton) ***  Mouse coords: (255, 369) (27680, 43780)
2022-08-11 19:10:43.132 *** Mouse movement (LeftButton) ***  Mouse coords: (282, 393) (28141, 44190)
2022-08-11 19:10:43.149 *** Mouse movement (LeftButton) ***  Mouse coords: (301, 411) (28465, 44497)
2022-08-11 19:10:43.165 *** Mouse movement (LeftButton) ***  Mouse coords: (325, 433) (28875, 44872)
2022-08-11 19:10:43.182 *** Mouse movement (LeftButton) ***  Mouse coords: (366, 477) (29574, 45623)
2022-08-11 19:10:43.199 *** Mouse movement (LeftButton) ***  Mouse coords: (393, 505) (30035, 46100)
2022-08-11 19:10:43.216 *** Mouse movement (LeftButton) ***  Mouse coords: (406, 519) (30256, 46339)
2022-08-11 19:10:43.232 *** Mouse movement (LeftButton) ***  Mouse coords: (429, 541) (30649, 46714)
2022-08-11 19:10:43.248 *** Mouse movement (LeftButton) ***  Mouse coords: (443, 551) (30888, 46885)
2022-08-11 19:10:43.265 *** Mouse movement (LeftButton) ***  Mouse coords: (453, 560) (31058, 47039)
2022-08-11 19:10:43.282 *** Mouse movement (LeftButton) ***  Mouse coords: (457, 564) (31126, 47107)
2022-08-11 19:10:43.299 *** Mouse movement (LeftButton) ***  Mouse coords: (459, 566) (31161, 47141)
2022-08-11 19:10:43.332 *** Mouse movement (LeftButton) ***  Mouse coords: (459, 567) (31161, 47158)
2022-08-11 19:10:43.339 *** Mouse movement (LeftButton) ***  Mouse coords: (459, 568) (31161, 47175)
2022-08-11 19:10:43.349 *** Mouse movement (LeftButton) ***  Mouse coords: (461, 571) (31195, 47226)
2022-08-11 19:10:43.366 *** Mouse movement (LeftButton) ***  Mouse coords: (468, 582) (31314, 47414)
2022-08-11 19:10:43.382 *** Mouse movement (LeftButton) ***  Mouse coords: (472, 587) (31382, 47499)
2022-08-11 19:10:43.399 *** Mouse movement (LeftButton) ***  Mouse coords: (491, 606) (31706, 47823)
2022-08-11 19:10:43.416 *** Mouse movement (LeftButton) ***  Mouse coords: (500, 615) (31860, 47977)
2022-08-11 19:10:43.432 *** Mouse movement (LeftButton) ***  Mouse coords: (510, 623) (32031, 48113)
2022-08-11 19:10:43.449 *** Mouse movement (LeftButton) ***  Mouse coords: (519, 630) (32184, 48233)
2022-08-11 19:10:43.466 *** Mouse movement (LeftButton) ***  Mouse coords: (526, 635) (32304, 48318)
2022-08-11 19:10:43.483 *** Mouse movement (LeftButton) ***  Mouse coords: (527, 636) (32321, 48335)
2022-08-11 19:10:43.706 *** Mouse movement (LeftButton) ***  Mouse coords: (527, 637) (32321, 48352)
2022-08-11 19:10:43.714 *** Mouse movement (LeftButton) ***  Mouse coords: (527, 639) (32321, 48386)
2022-08-11 19:10:43.733 *** Mouse movement (LeftButton) ***  Mouse coords: (527, 643) (32321, 48454)
2022-08-11 19:10:43.750 *** Mouse movement (LeftButton) ***  Mouse coords: (526, 650) (32304, 48574)
2022-08-11 19:10:43.766 *** Mouse movement (LeftButton) ***  Mouse coords: (525, 655) (32286, 48659)
2022-08-11 19:10:43.782 *** Mouse movement (LeftButton) ***  Mouse coords: (525, 660) (32286, 48744)
2022-08-11 19:10:43.798 *** Mouse movement (LeftButton) ***  Mouse coords: (525, 662) (32286, 48779)
2022-08-11 19:10:44.127 *** Mouse movement (LeftButton) ***  Mouse coords: (524, 662) (32269, 48779)
2022-08-11 19:10:44.136 *** Mouse movement (LeftButton) ***  Mouse coords: (523, 662) (32252, 48779)
2022-08-11 19:10:44.149 *** Mouse movement (LeftButton) ***  Mouse coords: (514, 662) (32099, 48779)
2022-08-11 19:10:44.166 *** Mouse movement (LeftButton) ***  Mouse coords: (502, 659) (31894, 48727)
2022-08-11 19:10:44.182 *** Mouse movement (LeftButton) ***  Mouse coords: (494, 658) (31758, 48710)
2022-08-11 19:10:44.199 *** Mouse movement (LeftButton) ***  Mouse coords: (488, 658) (31655, 48710)
2022-08-11 19:10:44.216 *** Mouse movement (LeftButton) ***  Mouse coords: (485, 658) (31604, 48710)
2022-08-11 19:10:44.277 *** Mouse movement (LeftButton) ***  Mouse coords: (484, 658) (31587, 48710)
2022-08-11 19:10:59.989 *** Mouse movement (LeftButton) ***  Mouse coords: (205, 363) (26827, 43678)
2022-08-11 19:10:59.997 *** Mouse movement (LeftButton) ***  Mouse coords: (206, 365) (26844, 43712)
2022-08-11 19:11:00.004 *** Mouse movement (LeftButton) ***  Mouse coords: (214, 379) (26981, 43951)
2022-08-11 19:11:00.015 *** Mouse movement (LeftButton) ***  Mouse coords: (223, 392) (27135, 44172)
2022-08-11 19:11:00.032 *** Mouse movement (LeftButton) ***  Mouse coords: (244, 414) (27493, 44548)
2022-08-11 19:11:00.049 *** Mouse movement (LeftButton) ***  Mouse coords: (282, 449) (28141, 45145)
2022-08-11 19:11:00.066 *** Mouse movement (LeftButton) ***  Mouse coords: (342, 487) (29165, 45793)
2022-08-11 19:11:00.082 *** Mouse movement (LeftButton) ***  Mouse coords: (367, 498) (29591, 45981)
2022-08-11 19:11:00.099 *** Mouse movement (LeftButton) ***  Mouse coords: (391, 510) (30001, 46186)
2022-08-11 19:11:00.116 *** Mouse movement (LeftButton) ***  Mouse coords: (399, 515) (30137, 46271)
2022-08-11 19:11:00.132 *** Mouse movement (LeftButton) ***  Mouse coords: (401, 516) (30171, 46288)
2022-08-11 19:11:00.245 *** Mouse movement (LeftButton) ***  Mouse coords: (401, 517) (30171, 46305)
2022-08-11 19:11:00.258 *** Mouse movement (LeftButton) ***  Mouse coords: (401, 518) (30171, 46322)
2022-08-11 19:11:00.271 *** Mouse movement (LeftButton) ***  Mouse coords: (403, 522) (30205, 46390)
2022-08-11 19:11:00.282 *** Mouse movement (LeftButton) ***  Mouse coords: (407, 530) (30273, 46527)
2022-08-11 19:11:00.298 *** Mouse movement (LeftButton) ***  Mouse coords: (414, 544) (30393, 46766)
2022-08-11 19:11:00.316 *** Mouse movement (LeftButton) ***  Mouse coords: (427, 565) (30615, 47124)
2022-08-11 19:11:00.332 *** Mouse movement (LeftButton) ***  Mouse coords: (440, 580) (30836, 47380)
2022-08-11 19:11:00.349 *** Mouse movement (LeftButton) ***  Mouse coords: (445, 585) (30922, 47465)
2022-08-11 19:11:00.365 *** Mouse movement (LeftButton) ***  Mouse coords: (446, 585) (30939, 47465)
2022-08-11 19:11:00.537 *** Mouse movement (LeftButton) ***  Mouse coords: (446, 586) (30939, 47482)
2022-08-11 19:11:00.546 *** Mouse movement (LeftButton) ***  Mouse coords: (446, 588) (30939, 47516)
2022-08-11 19:11:00.565 *** Mouse movement (LeftButton) ***  Mouse coords: (447, 593) (30956, 47601)
2022-08-11 19:11:00.582 *** Mouse movement (LeftButton) ***  Mouse coords: (447, 597) (30956, 47670)
2022-08-11 19:11:00.598 *** Mouse movement (LeftButton) ***  Mouse coords: (447, 600) (30956, 47721)
2022-08-11 19:11:00.615 *** Mouse movement (LeftButton) ***  Mouse coords: (447, 604) (30956, 47789)
2022-08-11 19:11:00.632 *** Mouse movement (LeftButton) ***  Mouse coords: (447, 610) (30956, 47891)
2022-08-11 19:11:00.649 *** Mouse movement (LeftButton) ***  Mouse coords: (446, 621) (30939, 48079)
2022-08-11 19:11:00.665 *** Mouse movement (LeftButton) ***  Mouse coords: (445, 626) (30922, 48164)
2022-08-11 19:11:00.965 *** Mouse movement (LeftButton) ***  Mouse coords: (445, 625) (30922, 48147)
2022-08-11 19:11:00.979 *** Mouse movement (LeftButton) ***  Mouse coords: (445, 624) (30922, 48130)
2022-08-11 19:11:00.994 *** Mouse movement (LeftButton) ***  Mouse coords: (445, 623) (30922, 48113)
2022-08-11 19:11:02.704 *** Mouse movement (LeftButton) ***  Mouse coords: (191, 367) (26589, 43746)
2022-08-11 19:11:02.712 *** Mouse movement (LeftButton) ***  Mouse coords: (191, 368) (26589, 43763)
2022-08-11 19:11:02.720 *** Mouse movement (LeftButton) ***  Mouse coords: (192, 370) (26606, 43797)
2022-08-11 19:11:02.732 *** Mouse movement (LeftButton) ***  Mouse coords: (196, 376) (26674, 43900)
2022-08-11 19:11:02.749 *** Mouse movement (LeftButton) ***  Mouse coords: (203, 383) (26793, 44019)
2022-08-11 19:11:02.766 *** Mouse movement (LeftButton) ***  Mouse coords: (227, 405) (27203, 44394)
2022-08-11 19:11:02.782 *** Mouse movement (LeftButton) ***  Mouse coords: (251, 426) (27612, 44753)
2022-08-11 19:11:02.799 *** Mouse movement (LeftButton) ***  Mouse coords: (270, 440) (27936, 44991)
2022-08-11 19:11:02.816 *** Mouse movement (LeftButton) ***  Mouse coords: (297, 460) (28397, 45333)
2022-08-11 19:11:02.832 *** Mouse movement (LeftButton) ***  Mouse coords: (325, 479) (28875, 45657)
2022-08-11 19:11:02.849 *** Mouse movement (LeftButton) ***  Mouse coords: (333, 484) (29011, 45742)
2022-08-11 19:11:02.865 *** Mouse movement (LeftButton) ***  Mouse coords: (338, 489) (29096, 45827)
2022-08-11 19:11:02.882 *** Mouse movement (LeftButton) ***  Mouse coords: (341, 493) (29148, 45896)
2022-08-11 19:11:02.899 *** Mouse movement (LeftButton) ***  Mouse coords: (344, 497) (29199, 45964)
2022-08-11 19:11:02.916 *** Mouse movement (LeftButton) ***  Mouse coords: (345, 499) (29216, 45998)
2022-08-11 19:11:02.982 *** Mouse movement (LeftButton) ***  Mouse coords: (346, 500) (29233, 46015)
2022-08-11 19:11:02.993 *** Mouse movement (LeftButton) ***  Mouse coords: (347, 501) (29250, 46032)
2022-08-11 19:11:03.003 *** Mouse movement (LeftButton) ***  Mouse coords: (350, 507) (29301, 46134)
2022-08-11 19:11:03.015 *** Mouse movement (LeftButton) ***  Mouse coords: (357, 516) (29420, 46288)
2022-08-11 19:11:03.032 *** Mouse movement (LeftButton) ***  Mouse coords: (363, 521) (29523, 46373)
2022-08-11 19:11:03.049 *** Mouse movement (LeftButton) ***  Mouse coords: (364, 522) (29540, 46390)
2022-08-11 19:11:03.094 *** Mouse movement (LeftButton) ***  Mouse coords: (364, 523) (29540, 46407)
2022-08-11 19:11:03.109 *** Mouse movement (LeftButton) ***  Mouse coords: (364, 524) (29540, 46424)
2022-08-11 19:11:03.120 *** Mouse movement (LeftButton) ***  Mouse coords: (365, 525) (29557, 46441)
2022-08-11 19:11:03.133 *** Mouse movement (LeftButton) ***  Mouse coords: (366, 527) (29574, 46476)
2022-08-11 19:11:03.149 *** Mouse movement (LeftButton) ***  Mouse coords: (367, 528) (29591, 46493)
2022-08-11 19:11:03.207 *** Mouse movement (LeftButton) ***  Mouse coords: (368, 529) (29608, 46510)
2022-08-11 19:11:03.214 *** Mouse movement (LeftButton) ***  Mouse coords: (369, 530) (29625, 46527)
2022-08-11 19:11:03.232 *** Mouse movement (LeftButton) ***  Mouse coords: (371, 534) (29659, 46595)
2022-08-11 19:11:03.249 *** Mouse movement (LeftButton) ***  Mouse coords: (374, 539) (29711, 46680)
2022-08-11 19:11:03.265 *** Mouse movement (LeftButton) ***  Mouse coords: (376, 543) (29745, 46748)
2022-08-11 19:11:03.282 *** Mouse movement (LeftButton) ***  Mouse coords: (377, 546) (29762, 46800)
2022-08-11 19:11:03.299 *** Mouse movement (LeftButton) ***  Mouse coords: (377, 547) (29762, 46817)
2022-08-11 19:11:03.315 *** Mouse movement (LeftButton) ***  Mouse coords: (377, 548) (29762, 46834)
2022-08-11 19:11:03.332 *** Mouse movement (LeftButton) ***  Mouse coords: (377, 549) (29762, 46851)
2022-08-11 19:11:03.348 *** Mouse movement (LeftButton) ***  Mouse coords: (377, 551) (29762, 46885)
2022-08-11 19:11:05.712 *** Mouse movement (LeftButton) ***  Mouse coords: (158, 374) (26026, 43865)
2022-08-11 19:11:05.723 *** Mouse movement (LeftButton) ***  Mouse coords: (158, 375) (26026, 43882)
2022-08-11 19:11:05.732 *** Mouse movement (LeftButton) ***  Mouse coords: (159, 377) (26043, 43917)
2022-08-11 19:11:05.749 *** Mouse movement (LeftButton) ***  Mouse coords: (164, 383) (26128, 44019)
2022-08-11 19:11:05.765 *** Mouse movement (LeftButton) ***  Mouse coords: (190, 409) (26572, 44463)
2022-08-11 19:11:05.782 *** Mouse movement (LeftButton) ***  Mouse coords: (210, 426) (26913, 44753)
2022-08-11 19:11:05.798 *** Mouse movement (LeftButton) ***  Mouse coords: (227, 439) (27203, 44974)
2022-08-11 19:11:05.815 *** Mouse movement (LeftButton) ***  Mouse coords: (254, 455) (27663, 45247)
2022-08-11 19:11:05.832 *** Mouse movement (LeftButton) ***  Mouse coords: (272, 468) (27970, 45469)
2022-08-11 19:11:05.849 *** Mouse movement (LeftButton) ***  Mouse coords: (275, 471) (28022, 45520)
2022-08-11 19:11:05.865 *** Mouse movement (LeftButton) ***  Mouse coords: (276, 473) (28039, 45554)
2022-08-11 19:11:05.883 *** Mouse movement (LeftButton) ***  Mouse coords: (276, 475) (28039, 45588)
2022-08-11 19:11:05.907 *** Mouse movement (LeftButton) ***  Mouse coords: (276, 476) (28039, 45606)
2022-08-11 19:11:05.975 *** Mouse movement (LeftButton) ***  Mouse coords: (277, 476) (28056, 45606)
2022-08-11 19:11:05.989 *** Mouse movement (LeftButton) ***  Mouse coords: (278, 480) (28073, 45674)
2022-08-11 19:11:06.001 *** Mouse movement (LeftButton) ***  Mouse coords: (280, 483) (28107, 45725)
2022-08-11 19:11:06.016 *** Mouse movement (LeftButton) ***  Mouse coords: (284, 492) (28175, 45878)
2022-08-11 19:11:06.032 *** Mouse movement (LeftButton) ***  Mouse coords: (292, 505) (28312, 46100)
2022-08-11 19:11:06.049 *** Mouse movement (LeftButton) ***  Mouse coords: (296, 509) (28380, 46168)
2022-08-11 19:11:06.065 *** Mouse movement (LeftButton) ***  Mouse coords: (298, 511) (28414, 46203)
2022-08-11 19:11:06.082 *** Mouse movement (LeftButton) ***  Mouse coords: (299, 512) (28431, 46220)
2022-08-11 19:11:06.098 *** Mouse movement (LeftButton) ***  Mouse coords: (300, 514) (28448, 46254)
2022-08-11 19:11:06.115 *** Mouse movement (LeftButton) ***  Mouse coords: (301, 516) (28465, 46288)
2022-08-11 19:11:06.132 *** Mouse movement (LeftButton) ***  Mouse coords: (302, 517) (28482, 46305)
2022-08-11 19:11:06.229 *** Mouse movement (LeftButton) ***  Mouse coords: (303, 518) (28499, 46322)
2022-08-11 19:11:06.244 *** Mouse movement (LeftButton) ***  Mouse coords: (303, 519) (28499, 46339)
2022-08-11 19:11:06.255 *** Mouse movement (LeftButton) ***  Mouse coords: (304, 519) (28516, 46339)
2022-08-11 19:11:06.266 *** Mouse movement (LeftButton) ***  Mouse coords: (305, 520) (28533, 46356)
2022-08-11 19:11:06.282 *** Mouse movement (LeftButton) ***  Mouse coords: (311, 527) (28636, 46476)
2022-08-11 19:11:06.299 *** Mouse movement (LeftButton) ***  Mouse coords: (319, 535) (28772, 46612)
2022-08-11 19:11:06.316 *** Mouse movement (LeftButton) ***  Mouse coords: (324, 541) (28858, 46714)
2022-08-11 19:11:06.332 *** Mouse movement (LeftButton) ***  Mouse coords: (328, 545) (28926, 46783)
2022-08-11 19:11:06.349 *** Mouse movement (LeftButton) ***  Mouse coords: (330, 547) (28960, 46817)
2022-08-11 19:11:24.039 *** Program closed.
