2022-08-08 18:45:41.200 *** Start program *** Start program
2022-08-08 18:46:00.651 *** Open processed data
2022-08-08 18:46:00.653 *** Preload all statistics at once.
2022-08-08 18:46:07.568 *** Nuclei stat data loaded, took 6.91 seconds. Total number of nuclei: 2302478
2022-08-08 18:46:26.686 *** Process image overlay spent 0.03 seconds.
2022-08-08 18:46:26.783 *** Get cell color spent 0.10 seconds.
2022-08-08 18:46:26.968 *** Process image overlay spent 0.01 seconds.
2022-08-08 18:46:27.159 *** Get cell color spent 0.19 seconds.
2022-08-08 18:46:27.193 *** Process image overlay spent 0.01 seconds.
2022-08-08 18:46:27.231 *** Get cell color spent 0.04 seconds.
2022-08-08 18:46:28.501 *** Process image overlay spent 0.01 seconds.
2022-08-08 18:46:28.533 *** Get cell color spent 0.03 seconds.
2022-08-08 18:46:28.623 *** Process image overlay spent 0.01 seconds.
2022-08-08 18:46:28.638 *** Get cell color spent 0.01 seconds.
2022-08-08 18:46:29.521 *** Process image overlay spent 0.01 seconds.
2022-08-08 18:46:29.537 *** Get cell color spent 0.02 seconds.
2022-08-08 18:46:30.268 *** Process image overlay spent 0.01 seconds.
2022-08-08 18:46:30.280 *** Get cell color spent 0.01 seconds.
2022-08-08 18:46:30.845 *** Process image overlay spent 0.01 seconds.
2022-08-08 18:46:30.856 *** Get cell color spent 0.01 seconds.
2022-08-08 18:46:31.604 *** Mouse movement ***  Mouse coords: (620, 596) (71161, 40451)
2022-08-08 18:46:31.626 *** Mouse movement ***  Mouse coords: (620, 596) (71161, 40451)
2022-08-08 18:46:31.637 *** Mouse movement ***  Mouse coords: (619, 596) (71158, 40451)
2022-08-08 18:46:31.648 *** Mouse movement ***  Mouse coords: (616, 599) (71154, 40458)
2022-08-08 18:46:31.658 *** Mouse movement ***  Mouse coords: (615, 600) (71159, 40454)
2022-08-08 18:46:31.668 *** Mouse movement ***  Mouse coords: (614, 601) (71158, 40453)
2022-08-08 18:46:31.685 *** Mouse movement ***  Mouse coords: (613, 601) (71159, 40451)
2022-08-08 18:46:31.709 *** Mouse movement ***  Mouse coords: (611, 602) (71156, 40453)
2022-08-08 18:46:31.725 *** Mouse movement ***  Mouse coords: (609, 604) (71157, 40456)
2022-08-08 18:46:31.779 *** Process image overlay spent 0.01 seconds.
2022-08-08 18:46:31.790 *** Get cell color spent 0.01 seconds.
2022-08-08 18:46:32.322 *** Process image overlay spent 0.01 seconds.
2022-08-08 18:46:32.334 *** Get cell color spent 0.01 seconds.
2022-08-08 18:46:44.920 *** Program closed.
