2022-09-02 16:04:03.635 *** Start program *** Start program
2022-09-02 16:04:10.243 *** starting thread (client mode): 0x630fc0a0
2022-09-02 16:04:10.244 *** Local version/idstring: SSH-2.0-paramiko_2.11.0
2022-09-02 16:04:10.268 *** Remote version/idstring: SSH-2.0-OpenSSH_5.3
2022-09-02 16:04:10.268 *** Connected (version 2.0, client OpenSSH_5.3)
2022-09-02 16:04:10.287 *** === Key exchange possibilities ===
2022-09-02 16:04:10.287 *** kex algos: diffie-hellman-group-exchange-sha256, diffie-hellman-group-exchange-sha1, diffie-hellman-group14-sha1, diffie-hellman-group1-sha1
2022-09-02 16:04:10.287 *** server key: ssh-rsa, ssh-rsa-cert-v01@openssh.com, ssh-dss
2022-09-02 16:04:10.287 *** client encrypt: aes128-ctr, aes192-ctr, aes256-ctr, arcfour256, arcfour128, aes128-cbc, 3des-cbc, blowfish-cbc, cast128-cbc, aes192-cbc, aes256-cbc, arcfour, rijndael-cbc@lysator.liu.se
2022-09-02 16:04:10.287 *** server encrypt: aes128-ctr, aes192-ctr, aes256-ctr, arcfour256, arcfour128, aes128-cbc, 3des-cbc, blowfish-cbc, cast128-cbc, aes192-cbc, aes256-cbc, arcfour, rijndael-cbc@lysator.liu.se
2022-09-02 16:04:10.288 *** client mac: hmac-md5, hmac-sha1, umac-64@openssh.com, hmac-sha2-256, hmac-sha2-512, hmac-ripemd160, hmac-ripemd160@openssh.com, hmac-sha1-96, hmac-md5-96
2022-09-02 16:04:10.288 *** server mac: hmac-md5, hmac-sha1, umac-64@openssh.com, hmac-sha2-256, hmac-sha2-512, hmac-ripemd160, hmac-ripemd160@openssh.com, hmac-sha1-96, hmac-md5-96
2022-09-02 16:04:10.288 *** client compress: none, zlib@openssh.com
2022-09-02 16:04:10.288 *** server compress: none, zlib@openssh.com
2022-09-02 16:04:10.288 *** client lang: <none>
2022-09-02 16:04:10.288 *** server lang: <none>
2022-09-02 16:04:10.288 *** kex follows: False
2022-09-02 16:04:10.288 *** === Key exchange agreements ===
2022-09-02 16:04:10.288 *** Kex: diffie-hellman-group-exchange-sha256
2022-09-02 16:04:10.288 *** HostKey: ssh-rsa
2022-09-02 16:04:10.288 *** Cipher: aes128-ctr
2022-09-02 16:04:10.288 *** MAC: hmac-sha2-256
2022-09-02 16:04:10.288 *** Compression: none
2022-09-02 16:04:10.289 *** === End of kex handshake ===
2022-09-02 16:04:10.352 *** Got server p (2048 bits)
2022-09-02 16:04:10.455 *** kex engine KexGexSHA256 specified hash_algo <built-in function openssl_sha256>
2022-09-02 16:04:10.456 *** Switch to new keys ...
2022-09-02 16:04:10.456 *** Adding ssh-rsa host key for 173.201.181.247: b'cca345f774a2d98448d0bcc78f04075d'
2022-09-02 16:04:10.535 *** userauth is OK
2022-09-02 16:04:10.560 *** Authentication (password) successful!
2022-09-02 16:04:10.560 *** [chan 0] Max packet in: 32768 bytes
2022-09-02 16:04:10.580 *** [chan 0] Max packet out: 32768 bytes
2022-09-02 16:04:10.580 *** Secsh channel 0 opened.
2022-09-02 16:04:10.603 *** [chan 0] Sesch channel 0 request ok
2022-09-02 16:04:10.623 *** [chan 0] Opened sftp connection (server version 3)
2022-09-02 16:04:10.624 *** [chan 0] stat(b'/home/b6o162rzivzp/NucFinder_DB/EC5C572DE4D27153/interactive_nuclei_dict.pickle')
2022-09-02 16:04:10.645 *** [chan 0] stat(b'/home/b6o162rzivzp/NucFinder_DB/EC5C572DE4D27153/model.pickle')
2022-09-02 16:04:10.666 *** [chan 0] open(b'/home/b6o162rzivzp/NucFinder_DB/EC5C572DE4D27153/model.pickle', 'rb')
2022-09-02 16:04:10.688 *** [chan 0] open(b'/home/b6o162rzivzp/NucFinder_DB/EC5C572DE4D27153/model.pickle', 'rb') -> 00000000
2022-09-02 16:04:10.759 *** [chan 0] close(00000000)
2022-09-02 16:04:17.341 *** Program closed.
