2022-09-09 19:54:59.096 *** Start program *** Start program
2022-09-09 19:55:10.043 *** starting thread (client mode): 0xcfa65fa0
2022-09-09 19:55:10.044 *** Local version/idstring: SSH-2.0-paramiko_2.11.0
2022-09-09 19:55:10.060 *** Remote version/idstring: SSH-2.0-OpenSSH_5.3
2022-09-09 19:55:10.060 *** Connected (version 2.0, client OpenSSH_5.3)
2022-09-09 19:55:10.076 *** === Key exchange possibilities ===
2022-09-09 19:55:10.077 *** kex algos: diffie-hellman-group-exchange-sha256, diffie-hellman-group-exchange-sha1, diffie-hellman-group14-sha1, diffie-hellman-group1-sha1
2022-09-09 19:55:10.077 *** server key: ssh-rsa, ssh-rsa-cert-v01@openssh.com, ssh-dss
2022-09-09 19:55:10.077 *** client encrypt: aes128-ctr, aes192-ctr, aes256-ctr, arcfour256, arcfour128, aes128-cbc, 3des-cbc, blowfish-cbc, cast128-cbc, aes192-cbc, aes256-cbc, arcfour, rijndael-cbc@lysator.liu.se
2022-09-09 19:55:10.078 *** server encrypt: aes128-ctr, aes192-ctr, aes256-ctr, arcfour256, arcfour128, aes128-cbc, 3des-cbc, blowfish-cbc, cast128-cbc, aes192-cbc, aes256-cbc, arcfour, rijndael-cbc@lysator.liu.se
2022-09-09 19:55:10.078 *** client mac: hmac-md5, hmac-sha1, umac-64@openssh.com, hmac-sha2-256, hmac-sha2-512, hmac-ripemd160, hmac-ripemd160@openssh.com, hmac-sha1-96, hmac-md5-96
2022-09-09 19:55:10.078 *** server mac: hmac-md5, hmac-sha1, umac-64@openssh.com, hmac-sha2-256, hmac-sha2-512, hmac-ripemd160, hmac-ripemd160@openssh.com, hmac-sha1-96, hmac-md5-96
2022-09-09 19:55:10.079 *** client compress: none, zlib@openssh.com
2022-09-09 19:55:10.079 *** server compress: none, zlib@openssh.com
2022-09-09 19:55:10.079 *** client lang: <none>
2022-09-09 19:55:10.079 *** server lang: <none>
2022-09-09 19:55:10.080 *** kex follows: False
2022-09-09 19:55:10.080 *** === Key exchange agreements ===
2022-09-09 19:55:10.080 *** Kex: diffie-hellman-group-exchange-sha256
2022-09-09 19:55:10.081 *** HostKey: ssh-rsa
2022-09-09 19:55:10.081 *** Cipher: aes128-ctr
2022-09-09 19:55:10.082 *** MAC: hmac-sha2-256
2022-09-09 19:55:10.082 *** Compression: none
2022-09-09 19:55:10.082 *** === End of kex handshake ===
2022-09-09 19:55:10.139 *** Got server p (2048 bits)
2022-09-09 19:55:10.200 *** kex engine KexGexSHA256 specified hash_algo <built-in function openssl_sha256>
2022-09-09 19:55:10.200 *** Switch to new keys ...
2022-09-09 19:55:10.201 *** Adding ssh-rsa host key for 173.201.181.247: b'cca345f774a2d98448d0bcc78f04075d'
2022-09-09 19:55:10.274 *** userauth is OK
2022-09-09 19:55:10.296 *** Authentication (password) successful!
2022-09-09 19:55:10.299 *** [chan 0] Max packet in: 32768 bytes
2022-09-09 19:55:10.316 *** [chan 0] Max packet out: 32768 bytes
2022-09-09 19:55:10.316 *** Secsh channel 0 opened.
2022-09-09 19:55:10.336 *** [chan 0] Sesch channel 0 request ok
2022-09-09 19:55:10.356 *** [chan 0] Opened sftp connection (server version 3)
2022-09-09 19:55:10.357 *** [chan 0] stat(b'/home/b6o162rzivzp/NucFinder_DB/CFB1B411265361DF/interactive_nuclei_dict.pickle')
2022-09-09 19:55:10.376 *** [chan 0] stat(b'/home/b6o162rzivzp/NucFinder_DB/CFB1B411265361DF/model.pickle')
2022-09-09 19:55:10.394 *** [chan 0] open(b'/home/b6o162rzivzp/NucFinder_DB/CFB1B411265361DF/model.pickle', 'rb')
2022-09-09 19:55:10.412 *** [chan 0] open(b'/home/b6o162rzivzp/NucFinder_DB/CFB1B411265361DF/model.pickle', 'rb') -> 00000000
2022-09-09 19:55:10.552 *** [chan 0] close(00000000)
2022-09-09 19:55:33.461 *** Open case *** /home/zhihuang/Desktop/A14
2022-09-09 19:55:35.778 *** Open processed data
2022-09-09 19:55:35.779 *** Preload all statistics at once.
2022-09-09 19:55:36.969 *** Nuclei stat data loaded, took 1.19 seconds. Total number of nuclei: 1470268
2022-09-09 19:55:39.868 *** Interactive label *** Apply to case start.
2022-09-09 19:55:45.052 *** Interactive label *** Apply to case done.
2022-09-09 19:55:49.562 *** Interactive label *** Apply to case finish overlay create.
2022-09-09 19:56:06.666 *** Interactive label *** Review annotations/active learning start.
2022-09-09 19:56:07.346 *** CACHEDIR=/home/zhihuang/.cache/matplotlib
2022-09-09 19:56:07.347 *** Using fontManager instance from /home/zhihuang/.cache/matplotlib/fontlist-v330.json
2022-09-09 19:56:07.600 *** Loaded backend qtagg version unknown.
