2022-10-05 11:09:25.616 *** Start program *** Start program
2022-10-05 11:09:35.489 *** Open case *** /Applications/XAMPP/xamppfiles/htdocs/20220722_Eric_Yang
2022-10-05 11:09:46.929 *** Open case *** /Users/zhihuang/Desktop/S4325
2022-10-05 11:09:53.617 *** Open case *** /Users/zhihuang/Desktop/S3254
2022-10-05 11:09:56.632 *** Open processed data
2022-10-05 11:09:56.634 *** Preload all statistics at once.
2022-10-05 11:09:57.581 *** Nuclei stat data loaded, took 0.95 seconds. Total number of nuclei: 713773
2022-10-05 11:10:02.035 *** Mouse movement (LeftButton) ***  Mouse coords: (130, 89) (-30957, -24298)
2022-10-05 11:10:02.667 *** Mouse movement (LeftButton) ***  Mouse coords: (394, 488) (11282, 39541)
2022-10-05 11:10:05.958 *** Mouse movement (LeftButton) ***  Mouse coords: (565, 613) (21904, 52730)
2022-10-05 11:10:06.021 *** Mouse movement (LeftButton) ***  Mouse coords: (565, 612) (21904, 52726)
2022-10-05 11:10:06.061 *** Mouse movement (LeftButton) ***  Mouse coords: (569, 590) (21918, 52649)
2022-10-05 11:10:06.089 *** Mouse movement (LeftButton) ***  Mouse coords: (589, 546) (21978, 52567)
2022-10-05 11:10:06.113 *** Mouse movement (LeftButton) ***  Mouse coords: (598, 526) (21938, 52656)
2022-10-05 11:10:06.134 *** Mouse movement (LeftButton) ***  Mouse coords: (629, 472) (22018, 52530)
2022-10-05 11:10:06.159 *** Mouse movement (LeftButton) ***  Mouse coords: (658, 415) (22012, 52519)
2022-10-05 11:10:06.181 *** Mouse movement (LeftButton) ***  Mouse coords: (683, 368) (21996, 52556)
2022-10-05 11:10:06.206 *** Mouse movement (LeftButton) ***  Mouse coords: (689, 357) (21927, 52689)
2022-10-05 11:10:06.229 *** Mouse movement (LeftButton) ***  Mouse coords: (694, 348) (21922, 52697)
2022-10-05 11:10:06.251 *** Mouse movement (LeftButton) ***  Mouse coords: (696, 345) (21912, 52719)
2022-10-05 11:10:06.277 *** Mouse movement (LeftButton) ***  Mouse coords: (699, 342) (21915, 52719)
2022-10-05 11:10:06.298 *** Mouse movement (LeftButton) ***  Mouse coords: (701, 339) (21911, 52718)
2022-10-05 11:10:06.323 *** Mouse movement (LeftButton) ***  Mouse coords: (701, 337) (21904, 52723)
2022-10-05 11:10:06.344 *** Mouse movement (LeftButton) ***  Mouse coords: (701, 335) (21904, 52723)
2022-10-05 11:10:07.539 *** Mouse movement (LeftButton) ***  Mouse coords: (391, 537) (20769, 53529)
2022-10-05 11:10:07.590 *** Mouse movement (LeftButton) ***  Mouse coords: (434, 520) (20821, 53509)
2022-10-05 11:10:07.618 *** Mouse movement (LeftButton) ***  Mouse coords: (474, 503) (20818, 53508)
2022-10-05 11:10:07.646 *** Mouse movement (LeftButton) ***  Mouse coords: (504, 491) (20805, 53514)
2022-10-05 11:10:07.672 *** Mouse movement (LeftButton) ***  Mouse coords: (515, 486) (20783, 53523)
2022-10-05 11:10:07.693 *** Mouse movement (LeftButton) ***  Mouse coords: (539, 479) (20798, 53521)
2022-10-05 11:10:07.720 *** Mouse movement (LeftButton) ***  Mouse coords: (550, 476) (20782, 53525)
2022-10-05 11:10:07.749 *** Mouse movement (LeftButton) ***  Mouse coords: (551, 476) (20770, 53529)
2022-10-05 11:10:12.591 *** Mouse movement (LeftButton) ***  Mouse coords: (926, 409) (21166, 53638)
2022-10-05 11:10:12.654 *** Mouse movement (LeftButton) ***  Mouse coords: (926, 409) (21164, 53638)
2022-10-05 11:10:12.683 *** Mouse movement (LeftButton) ***  Mouse coords: (916, 419) (21151, 53650)
2022-10-05 11:10:12.728 *** Mouse movement (LeftButton) ***  Mouse coords: (886, 453) (21128, 53680)
2022-10-05 11:10:12.751 *** Mouse movement (LeftButton) ***  Mouse coords: (858, 481) (21130, 53672)
2022-10-05 11:10:12.778 *** Mouse movement (LeftButton) ***  Mouse coords: (839, 499) (21141, 53660)
2022-10-05 11:10:12.799 *** Mouse movement (LeftButton) ***  Mouse coords: (825, 509) (21147, 53650)
2022-10-05 11:10:12.822 *** Mouse movement (LeftButton) ***  Mouse coords: (817, 514) (21154, 53644)
2022-10-05 11:10:12.853 *** Mouse movement (LeftButton) ***  Mouse coords: (815, 515) (21161, 53639)
2022-10-05 11:10:12.879 *** Mouse movement (LeftButton) ***  Mouse coords: (815, 515) (21164, 53638)
2022-10-05 11:10:12.905 *** Mouse movement (LeftButton) ***  Mouse coords: (813, 515) (21162, 53638)
2022-10-05 11:10:12.944 *** Mouse movement (LeftButton) ***  Mouse coords: (812, 515) (21163, 53638)
2022-10-05 11:10:21.493 *** Mouse movement (LeftButton) ***  Mouse coords: (178, 1) (66817, -169)
2022-10-05 11:10:22.964 *** Mouse movement (LeftButton) ***  Mouse coords: (61, 126) (22393, 47428)
2022-10-05 11:10:31.264 *** Mouse movement (LeftButton) ***  Mouse coords: (837, 253) (21177, 53427)
2022-10-05 11:10:45.422 *** Mouse movement (LeftButton) ***  Mouse coords: (689, 247) (22686, 57665)
2022-10-05 11:10:47.501 *** Mouse movement (LeftButton) ***  Mouse coords: (497, 467) (22493, 57886)
2022-10-05 11:10:58.904 *** Mouse movement (LeftButton) ***  Mouse coords: (755, 358) (23036, 57747)
2022-10-05 11:11:01.252 *** Interactive label *** Apply to case start.
2022-10-05 11:11:04.835 *** Keyboard input *** key pressed: key: 90; text: "z"
2022-10-05 11:11:04.842 *** Process image overlay spent 0.00 seconds.
2022-10-05 11:11:04.854 *** Get cell color spent 0.01 seconds.
2022-10-05 11:11:05.308 *** Keyboard input *** key pressed: key: 88; text: "x"
2022-10-05 11:11:06.274 *** Process image overlay spent 0.00 seconds.
2022-10-05 11:11:06.276 *** Get cell color spent 0.00 seconds.
2022-10-05 11:11:09.454 *** Process image overlay spent 0.00 seconds.
2022-10-05 11:11:09.456 *** Get cell color spent 0.00 seconds.
2022-10-05 11:11:10.794 *** Process image overlay spent 0.00 seconds.
2022-10-05 11:11:10.797 *** Get cell color spent 0.00 seconds.
2022-10-05 11:11:16.347 *** Mouse movement (LeftButton) ***  Mouse coords: (483, 826) (22133, 58552)
2022-10-05 11:11:19.777 *** Process image overlay spent 0.00 seconds.
2022-10-05 11:11:19.834 *** Get cell color spent 0.06 seconds.
2022-10-05 11:11:20.107 *** Process image overlay spent 0.00 seconds.
2022-10-05 11:11:20.140 *** Get cell color spent 0.03 seconds.
2022-10-05 11:11:20.942 *** Process image overlay spent 0.00 seconds.
2022-10-05 11:11:20.951 *** Get cell color spent 0.01 seconds.
2022-10-05 11:11:21.217 *** Process image overlay spent 0.00 seconds.
2022-10-05 11:11:21.223 *** Get cell color spent 0.01 seconds.
2022-10-05 11:11:21.885 *** Process image overlay spent 0.00 seconds.
2022-10-05 11:11:21.890 *** Get cell color spent 0.01 seconds.
2022-10-05 11:11:23.095 *** Process image overlay spent 0.00 seconds.
2022-10-05 11:11:23.097 *** Get cell color spent 0.00 seconds.
2022-10-05 11:11:25.226 *** Mouse movement (LeftButton) ***  Mouse coords: (862, 800) (22493, 58640)
2022-10-05 11:11:30.935 *** Interactive label *** Apply to case start.
2022-10-05 11:11:31.999 *** Process image overlay spent 0.00 seconds.
2022-10-05 11:11:32.003 *** Get cell color spent 0.00 seconds.
2022-10-05 11:11:32.100 *** Keyboard input *** key pressed: key: 90; text: "z"
2022-10-05 11:11:32.511 *** Keyboard input *** key pressed: key: 90; text: "z"
2022-10-05 11:11:32.518 *** Process image overlay spent 0.01 seconds.
2022-10-05 11:11:32.523 *** Get cell color spent 0.00 seconds.
2022-10-05 11:11:33.800 *** Process image overlay spent 0.00 seconds.
2022-10-05 11:11:33.803 *** Get cell color spent 0.00 seconds.
2022-10-05 11:11:35.269 *** Process image overlay spent 0.00 seconds.
2022-10-05 11:11:35.271 *** Get cell color spent 0.00 seconds.
2022-10-05 11:11:37.352 *** Process image overlay spent 0.00 seconds.
2022-10-05 11:11:37.354 *** Get cell color spent 0.00 seconds.
2022-10-05 11:11:42.208 *** Mouse movement (LeftButton) ***  Mouse coords: (576, 336) (22168, 57677)
2022-10-05 11:11:43.107 *** Mouse movement (LeftButton) ***  Mouse coords: (498, 326) (22051, 57662)
2022-10-05 11:11:47.128 *** Mouse movement (LeftButton) ***  Mouse coords: (273, 226) (21710, 57510)
2022-10-05 11:11:50.942 *** Interactive label *** Apply to case start.
2022-10-05 11:11:57.989 *** Mouse movement (LeftButton) ***  Mouse coords: (542, 479) (22117, 57893)
2022-10-05 11:12:03.028 *** Mouse movement (LeftButton) ***  Mouse coords: (86, 715) (21427, 58250)
2022-10-05 11:12:04.600 *** Interactive label *** Apply to case start.
2022-10-05 11:12:05.343 *** Keyboard input *** key pressed: key: 88; text: "x"
2022-10-05 11:12:05.994 *** Keyboard input *** key pressed: key: 88; text: "x"
2022-10-05 11:12:14.786 *** Mouse movement (LeftButton) ***  Mouse coords: (829, 35) (22551, 57221)
2022-10-05 11:12:25.845 *** Process image overlay spent 0.00 seconds.
2022-10-05 11:12:25.850 *** Get cell color spent 0.00 seconds.
2022-10-05 11:12:34.609 *** Interactive label *** Apply to case start.
2022-10-05 11:12:35.387 *** Process image overlay spent 0.00 seconds.
2022-10-05 11:12:35.392 *** Get cell color spent 0.00 seconds.
2022-10-05 11:12:36.806 *** Process image overlay spent 0.00 seconds.
2022-10-05 11:12:36.808 *** Get cell color spent 0.00 seconds.
2022-10-05 11:12:37.674 *** Process image overlay spent 0.00 seconds.
2022-10-05 11:12:37.676 *** Get cell color spent 0.00 seconds.
2022-10-05 11:12:38.864 *** Process image overlay spent 0.00 seconds.
2022-10-05 11:12:38.866 *** Get cell color spent 0.00 seconds.
2022-10-05 11:12:40.034 *** Process image overlay spent 0.00 seconds.
2022-10-05 11:12:40.035 *** Get cell color spent 0.00 seconds.
2022-10-05 11:12:41.991 *** Process image overlay spent 0.00 seconds.
2022-10-05 11:12:41.993 *** Get cell color spent 0.00 seconds.
2022-10-05 11:12:42.958 *** Mouse movement (LeftButton) ***  Mouse coords: (827, 203) (23144, 57495)
2022-10-05 11:12:46.676 *** Mouse movement (LeftButton) ***  Mouse coords: (892, 535) (23215, 57857)
2022-10-05 11:12:48.231 *** Interactive label *** Apply to case start.
2022-10-05 11:12:50.278 *** Process image overlay spent 0.00 seconds.
2022-10-05 11:12:50.282 *** Get cell color spent 0.00 seconds.
2022-10-05 11:12:55.541 *** Mouse movement (LeftButton) ***  Mouse coords: (342, 383) (22187, 57717)
2022-10-05 11:12:55.653 *** Mouse movement (LeftButton) ***  Mouse coords: (343, 383) (22189, 57717)
2022-10-05 11:12:55.686 *** Mouse movement (LeftButton) ***  Mouse coords: (354, 390) (22201, 57725)
2022-10-05 11:12:55.711 *** Mouse movement (LeftButton) ***  Mouse coords: (363, 397) (22210, 57733)
2022-10-05 11:12:55.734 *** Mouse movement (LeftButton) ***  Mouse coords: (406, 432) (22257, 57771)
2022-10-05 11:12:55.757 *** Mouse movement (LeftButton) ***  Mouse coords: (438, 464) (22292, 57806)
2022-10-05 11:12:55.780 *** Mouse movement (LeftButton) ***  Mouse coords: (477, 509) (22335, 57855)
2022-10-05 11:12:55.804 *** Mouse movement (LeftButton) ***  Mouse coords: (501, 541) (22361, 57890)
2022-10-05 11:12:55.827 *** Mouse movement (LeftButton) ***  Mouse coords: (519, 566) (22381, 57917)
2022-10-05 11:12:55.850 *** Mouse movement (LeftButton) ***  Mouse coords: (522, 575) (22384, 57927)
2022-10-05 11:12:55.873 *** Mouse movement (LeftButton) ***  Mouse coords: (528, 585) (22391, 57938)
2022-10-05 11:12:55.897 *** Mouse movement (LeftButton) ***  Mouse coords: (537, 598) (22400, 57952)
2022-10-05 11:12:55.920 *** Mouse movement (LeftButton) ***  Mouse coords: (541, 604) (22405, 57959)
2022-10-05 11:12:55.943 *** Mouse movement (LeftButton) ***  Mouse coords: (544, 608) (22408, 57963)
2022-10-05 11:12:55.966 *** Mouse movement (LeftButton) ***  Mouse coords: (553, 621) (22418, 57977)
2022-10-05 11:12:55.989 *** Mouse movement (LeftButton) ***  Mouse coords: (565, 640) (22431, 57998)
2022-10-05 11:12:56.013 *** Mouse movement (LeftButton) ***  Mouse coords: (572, 653) (22439, 58012)
2022-10-05 11:12:56.036 *** Mouse movement (LeftButton) ***  Mouse coords: (576, 658) (22443, 58018)
2022-10-05 11:12:56.058 *** Mouse movement (LeftButton) ***  Mouse coords: (577, 660) (22444, 58020)
2022-10-05 11:12:56.082 *** Mouse movement (LeftButton) ***  Mouse coords: (578, 661) (22445, 58021)
2022-10-05 11:12:56.104 *** Mouse movement (LeftButton) ***  Mouse coords: (578, 662) (22445, 58022)
2022-10-05 11:12:56.128 *** Mouse movement (LeftButton) ***  Mouse coords: (578, 663) (22445, 58023)
2022-10-05 11:12:56.151 *** Mouse movement (LeftButton) ***  Mouse coords: (578, 665) (22445, 58025)
2022-10-05 11:12:56.174 *** Mouse movement (LeftButton) ***  Mouse coords: (578, 667) (22445, 58028)
2022-10-05 11:12:56.197 *** Mouse movement (LeftButton) ***  Mouse coords: (578, 670) (22445, 58031)
2022-10-05 11:12:56.220 *** Mouse movement (LeftButton) ***  Mouse coords: (578, 673) (22445, 58034)
2022-10-05 11:12:56.244 *** Mouse movement (LeftButton) ***  Mouse coords: (578, 674) (22445, 58035)
2022-10-05 11:12:56.267 *** Mouse movement (LeftButton) ***  Mouse coords: (578, 674) (22445, 58035)
2022-10-05 11:12:56.288 *** Mouse movement (LeftButton) ***  Mouse coords: (578, 674) (22445, 58035)
2022-10-05 11:12:56.309 *** Mouse movement (LeftButton) ***  Mouse coords: (578, 675) (22445, 58036)
2022-10-05 11:12:56.332 *** Mouse movement (LeftButton) ***  Mouse coords: (578, 676) (22445, 58037)
2022-10-05 11:12:56.356 *** Mouse movement (LeftButton) ***  Mouse coords: (578, 677) (22445, 58039)
2022-10-05 11:12:56.379 *** Mouse movement (LeftButton) ***  Mouse coords: (578, 677) (22445, 58039)
2022-10-05 11:12:56.399 *** Mouse movement (LeftButton) ***  Mouse coords: (578, 677) (22445, 58039)
2022-10-05 11:12:57.562 *** Interactive label *** Apply to case start.
2022-10-05 11:13:00.195 *** Interactive label *** Apply to case done.
2022-10-05 11:13:01.175 *** Interactive label *** Apply to case finish overlay create.
2022-10-05 11:13:01.177 *** Process image overlay spent 0.00 seconds.
2022-10-05 11:13:01.179 *** Get cell color spent 0.00 seconds.
2022-10-05 11:13:02.429 *** Process image overlay spent 0.00 seconds.
2022-10-05 11:13:02.431 *** Get cell color spent 0.00 seconds.
2022-10-05 11:13:04.629 *** Process image overlay spent 0.00 seconds.
2022-10-05 11:13:04.631 *** Get cell color spent 0.00 seconds.
2022-10-05 11:13:06.872 *** Mouse movement (LeftButton) ***  Mouse coords: (489, 175) (22271, 57443)
2022-10-05 11:13:06.920 *** Mouse movement (LeftButton) ***  Mouse coords: (497, 191) (22279, 57461)
2022-10-05 11:13:06.947 *** Mouse movement (LeftButton) ***  Mouse coords: (499, 196) (22281, 57466)
2022-10-05 11:13:06.971 *** Mouse movement (LeftButton) ***  Mouse coords: (503, 210) (22286, 57482)
2022-10-05 11:13:06.994 *** Mouse movement (LeftButton) ***  Mouse coords: (505, 218) (22288, 57490)
2022-10-05 11:13:07.020 *** Mouse movement (LeftButton) ***  Mouse coords: (505, 221) (22288, 57494)
2022-10-05 11:13:07.045 *** Mouse movement (LeftButton) ***  Mouse coords: (506, 223) (22289, 57496)
2022-10-05 11:13:07.068 *** Mouse movement (LeftButton) ***  Mouse coords: (509, 227) (22292, 57500)
2022-10-05 11:13:07.091 *** Mouse movement (LeftButton) ***  Mouse coords: (512, 231) (22296, 57505)
2022-10-05 11:13:07.114 *** Mouse movement (LeftButton) ***  Mouse coords: (517, 239) (22301, 57513)
2022-10-05 11:13:07.137 *** Mouse movement (LeftButton) ***  Mouse coords: (519, 244) (22303, 57519)
2022-10-05 11:13:07.160 *** Mouse movement (LeftButton) ***  Mouse coords: (521, 246) (22305, 57521)
2022-10-05 11:13:07.182 *** Mouse movement (LeftButton) ***  Mouse coords: (521, 247) (22305, 57522)
2022-10-05 11:13:07.205 *** Mouse movement (LeftButton) ***  Mouse coords: (522, 247) (22307, 57522)
2022-10-05 11:13:07.228 *** Mouse movement (LeftButton) ***  Mouse coords: (524, 249) (22309, 57524)
2022-10-05 11:13:07.251 *** Mouse movement (LeftButton) ***  Mouse coords: (529, 252) (22314, 57528)
2022-10-05 11:13:07.274 *** Mouse movement (LeftButton) ***  Mouse coords: (532, 254) (22317, 57530)
2022-10-05 11:13:07.297 *** Mouse movement (LeftButton) ***  Mouse coords: (535, 258) (22321, 57534)
2022-10-05 11:13:07.320 *** Mouse movement (LeftButton) ***  Mouse coords: (538, 260) (22324, 57536)
2022-10-05 11:13:07.343 *** Mouse movement (LeftButton) ***  Mouse coords: (539, 261) (22325, 57537)
2022-10-05 11:13:07.366 *** Mouse movement (LeftButton) ***  Mouse coords: (539, 261) (22325, 57537)
2022-10-05 11:13:07.387 *** Mouse movement (LeftButton) ***  Mouse coords: (539, 261) (22325, 57537)
2022-10-05 11:13:08.966 *** Interactive label *** Apply to case start.
2022-10-05 11:13:11.534 *** Interactive label *** Apply to case done.
2022-10-05 11:13:12.523 *** Interactive label *** Apply to case finish overlay create.
2022-10-05 11:13:12.527 *** Process image overlay spent 0.00 seconds.
2022-10-05 11:13:12.529 *** Get cell color spent 0.00 seconds.
2022-10-05 11:13:14.296 *** Mouse movement (LeftButton) ***  Mouse coords: (572, 213) (22361, 57485)
2022-10-05 11:13:14.347 *** Mouse movement (LeftButton) ***  Mouse coords: (594, 249) (22385, 57524)
2022-10-05 11:13:14.376 *** Mouse movement (LeftButton) ***  Mouse coords: (613, 279) (22406, 57557)
2022-10-05 11:13:14.402 *** Mouse movement (LeftButton) ***  Mouse coords: (631, 303) (22426, 57583)
2022-10-05 11:13:14.426 *** Mouse movement (LeftButton) ***  Mouse coords: (641, 316) (22437, 57597)
2022-10-05 11:13:14.449 *** Mouse movement (LeftButton) ***  Mouse coords: (649, 324) (22445, 57606)
2022-10-05 11:13:14.473 *** Mouse movement (LeftButton) ***  Mouse coords: (658, 332) (22455, 57615)
2022-10-05 11:13:14.497 *** Mouse movement (LeftButton) ***  Mouse coords: (668, 340) (22466, 57624)
2022-10-05 11:13:14.521 *** Mouse movement (LeftButton) ***  Mouse coords: (676, 347) (22475, 57631)
2022-10-05 11:13:14.544 *** Mouse movement (LeftButton) ***  Mouse coords: (680, 350) (22479, 57635)
2022-10-05 11:13:14.568 *** Mouse movement (LeftButton) ***  Mouse coords: (682, 352) (22481, 57637)
2022-10-05 11:13:14.591 *** Mouse movement (LeftButton) ***  Mouse coords: (685, 356) (22485, 57641)
2022-10-05 11:13:14.614 *** Mouse movement (LeftButton) ***  Mouse coords: (689, 361) (22489, 57647)
2022-10-05 11:13:14.638 *** Mouse movement (LeftButton) ***  Mouse coords: (692, 366) (22492, 57652)
2022-10-05 11:13:14.661 *** Mouse movement (LeftButton) ***  Mouse coords: (695, 371) (22496, 57658)
2022-10-05 11:13:14.684 *** Mouse movement (LeftButton) ***  Mouse coords: (697, 377) (22498, 57664)
2022-10-05 11:13:14.709 *** Mouse movement (LeftButton) ***  Mouse coords: (698, 383) (22499, 57671)
2022-10-05 11:13:14.732 *** Mouse movement (LeftButton) ***  Mouse coords: (700, 387) (22501, 57675)
2022-10-05 11:13:14.756 *** Mouse movement (LeftButton) ***  Mouse coords: (700, 390) (22501, 57678)
2022-10-05 11:13:14.779 *** Mouse movement (LeftButton) ***  Mouse coords: (701, 394) (22502, 57683)
2022-10-05 11:13:14.803 *** Mouse movement (LeftButton) ***  Mouse coords: (702, 396) (22503, 57685)
2022-10-05 11:13:14.826 *** Mouse movement (LeftButton) ***  Mouse coords: (702, 398) (22503, 57687)
2022-10-05 11:13:14.849 *** Mouse movement (LeftButton) ***  Mouse coords: (702, 399) (22503, 57688)
2022-10-05 11:13:14.871 *** Mouse movement (LeftButton) ***  Mouse coords: (702, 399) (22503, 57688)
2022-10-05 11:13:14.892 *** Mouse movement (LeftButton) ***  Mouse coords: (702, 400) (22503, 57689)
2022-10-05 11:13:14.916 *** Mouse movement (LeftButton) ***  Mouse coords: (702, 401) (22503, 57690)
2022-10-05 11:13:14.939 *** Mouse movement (LeftButton) ***  Mouse coords: (702, 402) (22503, 57691)
2022-10-05 11:13:14.964 *** Mouse movement (LeftButton) ***  Mouse coords: (702, 403) (22503, 57693)
2022-10-05 11:13:14.988 *** Mouse movement (LeftButton) ***  Mouse coords: (702, 404) (22503, 57694)
2022-10-05 11:13:15.010 *** Mouse movement (LeftButton) ***  Mouse coords: (702, 405) (22503, 57695)
2022-10-05 11:13:15.036 *** Mouse movement (LeftButton) ***  Mouse coords: (702, 405) (22503, 57695)
2022-10-05 11:13:15.057 *** Mouse movement (LeftButton) ***  Mouse coords: (702, 405) (22503, 57695)
2022-10-05 11:13:15.078 *** Mouse movement (LeftButton) ***  Mouse coords: (702, 405) (22503, 57695)
2022-10-05 11:13:15.103 *** Mouse movement (LeftButton) ***  Mouse coords: (702, 405) (22503, 57695)
2022-10-05 11:13:15.124 *** Mouse movement (LeftButton) ***  Mouse coords: (701, 406) (22502, 57696)
2022-10-05 11:13:15.147 *** Mouse movement (LeftButton) ***  Mouse coords: (701, 406) (22502, 57696)
2022-10-05 11:13:15.168 *** Mouse movement (LeftButton) ***  Mouse coords: (700, 407) (22501, 57697)
2022-10-05 11:13:15.191 *** Mouse movement (LeftButton) ***  Mouse coords: (700, 407) (22501, 57697)
2022-10-05 11:13:15.213 *** Mouse movement (LeftButton) ***  Mouse coords: (700, 407) (22501, 57697)
2022-10-05 11:13:15.286 *** Mouse movement (LeftButton) ***  Mouse coords: (700, 407) (22501, 57697)
2022-10-05 11:13:15.310 *** Mouse movement (LeftButton) ***  Mouse coords: (699, 407) (22500, 57697)
2022-10-05 11:13:16.413 *** Interactive label *** Apply to case start.
2022-10-05 11:13:18.972 *** Interactive label *** Apply to case done.
2022-10-05 11:13:19.885 *** Interactive label *** Apply to case finish overlay create.
2022-10-05 11:13:19.888 *** Process image overlay spent 0.00 seconds.
2022-10-05 11:13:19.890 *** Get cell color spent 0.00 seconds.
2022-10-05 11:13:22.402 *** Mouse movement (LeftButton) ***  Mouse coords: (136, 328) (21885, 57611)
2022-10-05 11:13:25.195 *** Mouse movement (LeftButton) ***  Mouse coords: (288, 510) (22051, 57809)
2022-10-05 11:13:25.872 *** Mouse movement (LeftButton) ***  Mouse coords: (324, 435) (22090, 57727)
2022-10-05 11:13:27.655 *** Interactive label *** Apply to case start.
2022-10-05 11:13:30.165 *** Interactive label *** Apply to case done.
2022-10-05 11:13:31.069 *** Interactive label *** Apply to case finish overlay create.
2022-10-05 11:13:31.072 *** Process image overlay spent 0.00 seconds.
2022-10-05 11:13:31.074 *** Get cell color spent 0.00 seconds.
2022-10-05 11:13:37.289 *** Mouse movement (LeftButton) ***  Mouse coords: (658, 490) (22455, 57788)
2022-10-05 11:13:38.689 *** Interactive label *** Apply to case start.
2022-10-05 11:13:41.265 *** Interactive label *** Apply to case done.
2022-10-05 11:13:42.149 *** Interactive label *** Apply to case finish overlay create.
2022-10-05 11:13:42.153 *** Process image overlay spent 0.00 seconds.
2022-10-05 11:13:42.155 *** Get cell color spent 0.00 seconds.
2022-10-05 11:13:44.904 *** Keyboard input *** key pressed: key: 16777248; text: ""
2022-10-05 11:13:44.905 *** Keyboard input *** key pressed: key: 16777249; text: ""
2022-10-05 11:14:09.615 *** Process image overlay spent 0.00 seconds.
2022-10-05 11:14:09.619 *** Get cell color spent 0.00 seconds.
2022-10-05 11:14:10.182 *** Process image overlay spent 0.00 seconds.
2022-10-05 11:14:10.187 *** Get cell color spent 0.00 seconds.
2022-10-05 11:14:10.443 *** Process image overlay spent 0.00 seconds.
2022-10-05 11:14:10.456 *** Get cell color spent 0.01 seconds.
2022-10-05 11:14:27.619 *** Mouse movement (LeftButton) ***  Mouse coords: (740, 527) (82405, 36176)
2022-10-05 11:14:27.686 *** Mouse movement (LeftButton) ***  Mouse coords: (740, 527) (82405, 36176)
2022-10-05 11:14:27.709 *** Mouse movement (LeftButton) ***  Mouse coords: (746, 528) (82504, 36193)
2022-10-05 11:14:27.731 *** Mouse movement (LeftButton) ***  Mouse coords: (751, 532) (82586, 36259)
2022-10-05 11:14:27.753 *** Mouse movement (LeftButton) ***  Mouse coords: (768, 550) (82867, 36556)
2022-10-05 11:14:27.774 *** Mouse movement (LeftButton) ***  Mouse coords: (793, 576) (83279, 36985)
2022-10-05 11:14:27.796 *** Mouse movement (LeftButton) ***  Mouse coords: (836, 623) (83988, 37760)
2022-10-05 11:14:27.817 *** Mouse movement (LeftButton) ***  Mouse coords: (864, 655) (84450, 38288)
2022-10-05 11:14:27.839 *** Mouse movement (LeftButton) ***  Mouse coords: (880, 673) (84714, 38585)
2022-10-05 11:14:27.861 *** Mouse movement (LeftButton) ***  Mouse coords: (885, 679) (84797, 38684)
2022-10-05 11:14:27.882 *** Mouse movement (LeftButton) ***  Mouse coords: (888, 682) (84846, 38733)
2022-10-05 11:14:27.904 *** Mouse movement (LeftButton) ***  Mouse coords: (890, 684) (84879, 38766)
2022-10-05 11:14:27.925 *** Mouse movement (LeftButton) ***  Mouse coords: (891, 684) (84896, 38766)
2022-10-05 11:14:27.947 *** Mouse movement (LeftButton) ***  Mouse coords: (892, 685) (84912, 38783)
2022-10-05 11:14:27.969 *** Mouse movement (LeftButton) ***  Mouse coords: (892, 685) (84912, 38783)
2022-10-05 11:14:27.989 *** Mouse movement (LeftButton) ***  Mouse coords: (892, 685) (84912, 38783)
2022-10-05 11:14:28.008 *** Mouse movement (LeftButton) ***  Mouse coords: (892, 685) (84912, 38783)
2022-10-05 11:14:28.028 *** Mouse movement (LeftButton) ***  Mouse coords: (892, 685) (84912, 38783)
2022-10-05 11:14:28.078 *** Mouse movement (LeftButton) ***  Mouse coords: (892, 685) (84912, 38783)
2022-10-05 11:14:28.098 *** Mouse movement (LeftButton) ***  Mouse coords: (892, 685) (84912, 38783)
2022-10-05 11:14:28.186 *** Mouse movement (LeftButton) ***  Mouse coords: (892, 685) (84912, 38783)
2022-10-05 11:14:28.209 *** Mouse movement (LeftButton) ***  Mouse coords: (892, 685) (84912, 38783)
2022-10-05 11:14:28.229 *** Mouse movement (LeftButton) ***  Mouse coords: (890, 684) (84879, 38766)
2022-10-05 11:14:28.251 *** Mouse movement (LeftButton) ***  Mouse coords: (887, 684) (84830, 38766)
2022-10-05 11:14:28.273 *** Mouse movement (LeftButton) ***  Mouse coords: (885, 684) (84797, 38766)
2022-10-05 11:14:28.295 *** Mouse movement (LeftButton) ***  Mouse coords: (880, 684) (84714, 38766)
2022-10-05 11:14:28.317 *** Mouse movement (LeftButton) ***  Mouse coords: (869, 684) (84533, 38766)
2022-10-05 11:14:28.339 *** Mouse movement (LeftButton) ***  Mouse coords: (853, 684) (84269, 38766)
2022-10-05 11:14:28.360 *** Mouse movement (LeftButton) ***  Mouse coords: (838, 684) (84021, 38766)
2022-10-05 11:14:28.382 *** Mouse movement (LeftButton) ***  Mouse coords: (813, 682) (83609, 38733)
2022-10-05 11:14:28.404 *** Mouse movement (LeftButton) ***  Mouse coords: (803, 679) (83444, 38684)
2022-10-05 11:14:28.425 *** Mouse movement (LeftButton) ***  Mouse coords: (793, 676) (83279, 38634)
2022-10-05 11:14:28.447 *** Mouse movement (LeftButton) ***  Mouse coords: (791, 675) (83246, 38618)
2022-10-05 11:14:28.469 *** Mouse movement (LeftButton) ***  Mouse coords: (791, 675) (83246, 38618)
2022-10-05 11:14:28.679 *** Mouse movement (LeftButton) ***  Mouse coords: (790, 675) (83229, 38618)
2022-10-05 11:14:28.718 *** Mouse movement (LeftButton) ***  Mouse coords: (789, 673) (83213, 38585)
2022-10-05 11:14:28.743 *** Mouse movement (LeftButton) ***  Mouse coords: (788, 671) (83196, 38552)
2022-10-05 11:14:28.783 *** Mouse movement (LeftButton) ***  Mouse coords: (782, 662) (83097, 38403)
2022-10-05 11:14:28.822 *** Mouse movement (LeftButton) ***  Mouse coords: (780, 656) (83064, 38304)
2022-10-05 11:14:28.845 *** Mouse movement (LeftButton) ***  Mouse coords: (779, 655) (83048, 38288)
2022-10-05 11:14:28.865 *** Mouse movement (LeftButton) ***  Mouse coords: (779, 655) (83048, 38288)
2022-10-05 11:14:29.400 *** Mouse movement (LeftButton) ***  Mouse coords: (837, 652) (84005, 38238)
2022-10-05 11:14:30.235 *** Mouse movement (LeftButton) ***  Mouse coords: (842, 561) (84087, 36737)
2022-10-05 11:14:30.693 *** Mouse movement (LeftButton) ***  Mouse coords: (805, 539) (83477, 36374)
2022-10-05 11:14:32.480 *** Interactive label *** Apply to case start.
2022-10-05 11:14:35.074 *** Interactive label *** Apply to case done.
2022-10-05 11:14:35.974 *** Interactive label *** Apply to case finish overlay create.
2022-10-05 11:14:43.270 *** Process image overlay spent 0.00 seconds.
2022-10-05 11:14:43.287 *** Get cell color spent 0.02 seconds.
2022-10-05 11:14:43.424 *** Process image overlay spent 0.00 seconds.
2022-10-05 11:14:43.440 *** Get cell color spent 0.02 seconds.
2022-10-05 11:14:44.133 *** Process image overlay spent 0.00 seconds.
2022-10-05 11:14:44.148 *** Get cell color spent 0.01 seconds.
2022-10-05 11:14:44.565 *** Process image overlay spent 0.00 seconds.
2022-10-05 11:14:44.575 *** Get cell color spent 0.01 seconds.
2022-10-05 11:14:47.823 *** Mouse movement (LeftButton) ***  Mouse coords: (328, 344) (82449, 21238)
2022-10-05 11:14:47.903 *** Mouse movement (LeftButton) ***  Mouse coords: (328, 344) (82449, 21238)
2022-10-05 11:14:47.929 *** Mouse movement (LeftButton) ***  Mouse coords: (339, 355) (82549, 21338)
2022-10-05 11:14:47.950 *** Mouse movement (LeftButton) ***  Mouse coords: (370, 387) (82830, 21628)
2022-10-05 11:14:47.971 *** Mouse movement (LeftButton) ***  Mouse coords: (429, 445) (83366, 22154)
2022-10-05 11:14:47.992 *** Mouse movement (LeftButton) ***  Mouse coords: (472, 487) (83756, 22535)
2022-10-05 11:14:48.012 *** Mouse movement (LeftButton) ***  Mouse coords: (512, 520) (84118, 22835)
2022-10-05 11:14:48.033 *** Mouse movement (LeftButton) ***  Mouse coords: (524, 529) (84227, 22916)
2022-10-05 11:14:48.053 *** Mouse movement (LeftButton) ***  Mouse coords: (532, 534) (84300, 22962)
2022-10-05 11:14:48.073 *** Mouse movement (LeftButton) ***  Mouse coords: (534, 534) (84318, 22962)
2022-10-05 11:14:48.094 *** Mouse movement (LeftButton) ***  Mouse coords: (536, 535) (84336, 22971)
2022-10-05 11:14:48.113 *** Mouse movement (LeftButton) ***  Mouse coords: (536, 535) (84336, 22971)
2022-10-05 11:14:48.177 *** Mouse movement (LeftButton) ***  Mouse coords: (536, 535) (84336, 22971)
2022-10-05 11:14:48.197 *** Mouse movement (LeftButton) ***  Mouse coords: (536, 535) (84336, 22971)
2022-10-05 11:14:48.216 *** Mouse movement (LeftButton) ***  Mouse coords: (535, 535) (84327, 22971)
2022-10-05 11:14:48.236 *** Mouse movement (LeftButton) ***  Mouse coords: (535, 535) (84327, 22971)
2022-10-05 11:14:48.254 *** Mouse movement (LeftButton) ***  Mouse coords: (535, 535) (84327, 22971)
2022-10-05 11:14:48.273 *** Mouse movement (LeftButton) ***  Mouse coords: (534, 535) (84318, 22971)
2022-10-05 11:14:48.292 *** Mouse movement (LeftButton) ***  Mouse coords: (531, 535) (84291, 22971)
2022-10-05 11:14:48.312 *** Mouse movement (LeftButton) ***  Mouse coords: (524, 534) (84227, 22962)
2022-10-05 11:14:48.332 *** Mouse movement (LeftButton) ***  Mouse coords: (507, 530) (84073, 22925)
2022-10-05 11:14:48.353 *** Mouse movement (LeftButton) ***  Mouse coords: (474, 515) (83774, 22789)
2022-10-05 11:14:48.373 *** Mouse movement (LeftButton) ***  Mouse coords: (465, 510) (83692, 22744)
2022-10-05 11:14:48.393 *** Mouse movement (LeftButton) ***  Mouse coords: (447, 497) (83529, 22626)
2022-10-05 11:14:48.412 *** Mouse movement (LeftButton) ***  Mouse coords: (438, 489) (83447, 22553)
2022-10-05 11:14:48.432 *** Mouse movement (LeftButton) ***  Mouse coords: (428, 480) (83356, 22472)
2022-10-05 11:14:48.452 *** Mouse movement (LeftButton) ***  Mouse coords: (425, 477) (83329, 22445)
2022-10-05 11:14:48.472 *** Mouse movement (LeftButton) ***  Mouse coords: (423, 476) (83311, 22435)
2022-10-05 11:14:48.492 *** Mouse movement (LeftButton) ***  Mouse coords: (423, 476) (83311, 22435)
2022-10-05 11:14:48.510 *** Mouse movement (LeftButton) ***  Mouse coords: (423, 475) (83311, 22426)
2022-10-05 11:14:48.529 *** Mouse movement (LeftButton) ***  Mouse coords: (422, 475) (83302, 22426)
2022-10-05 11:14:48.549 *** Mouse movement (LeftButton) ***  Mouse coords: (419, 473) (83275, 22408)
2022-10-05 11:14:48.570 *** Mouse movement (LeftButton) ***  Mouse coords: (409, 466) (83184, 22345)
2022-10-05 11:14:48.590 *** Mouse movement (LeftButton) ***  Mouse coords: (406, 464) (83157, 22327)
2022-10-05 11:14:48.610 *** Mouse movement (LeftButton) ***  Mouse coords: (401, 458) (83112, 22272)
2022-10-05 11:14:48.629 *** Mouse movement (LeftButton) ***  Mouse coords: (396, 452) (83066, 22218)
2022-10-05 11:14:48.648 *** Mouse movement (LeftButton) ***  Mouse coords: (392, 445) (83030, 22154)
2022-10-05 11:14:48.669 *** Mouse movement (LeftButton) ***  Mouse coords: (391, 440) (83021, 22109)
2022-10-05 11:14:48.688 *** Mouse movement (LeftButton) ***  Mouse coords: (391, 439) (83021, 22100)
2022-10-05 11:14:48.708 *** Mouse movement (LeftButton) ***  Mouse coords: (391, 439) (83021, 22100)
2022-10-05 11:14:48.726 *** Mouse movement (LeftButton) ***  Mouse coords: (391, 439) (83021, 22100)
2022-10-05 11:14:50.077 *** Process image overlay spent 0.00 seconds.
2022-10-05 11:14:50.082 *** Get cell color spent 0.00 seconds.
2022-10-05 11:14:51.959 *** Keyboard input *** key pressed: key: 90; text: "z"
2022-10-05 11:14:52.578 *** Keyboard input *** key pressed: key: 90; text: "z"
2022-10-05 11:14:52.585 *** Process image overlay spent 0.01 seconds.
2022-10-05 11:14:52.597 *** Get cell color spent 0.01 seconds.
2022-10-05 11:14:52.962 *** Keyboard input *** key pressed: key: 90; text: "z"
2022-10-05 11:14:53.465 *** Keyboard input *** key pressed: key: 90; text: "z"
2022-10-05 11:14:53.471 *** Process image overlay spent 0.00 seconds.
2022-10-05 11:14:53.482 *** Get cell color spent 0.01 seconds.
2022-10-05 11:14:54.329 *** Mouse movement (LeftButton) ***  Mouse coords: (720, 72) (82764, 21718)
2022-10-05 11:14:54.380 *** Mouse movement (LeftButton) ***  Mouse coords: (754, 82) (82885, 21754)
2022-10-05 11:14:54.408 *** Mouse movement (LeftButton) ***  Mouse coords: (800, 118) (83047, 21881)
2022-10-05 11:14:54.430 *** Mouse movement (LeftButton) ***  Mouse coords: (861, 174) (83263, 22079)
2022-10-05 11:14:54.452 *** Mouse movement (LeftButton) ***  Mouse coords: (886, 194) (83352, 22150)
2022-10-05 11:14:54.474 *** Mouse movement (LeftButton) ***  Mouse coords: (897, 201) (83391, 22175)
2022-10-05 11:14:54.497 *** Mouse movement (LeftButton) ***  Mouse coords: (906, 209) (83423, 22203)
2022-10-05 11:14:54.519 *** Mouse movement (LeftButton) ***  Mouse coords: (915, 214) (83455, 22221)
2022-10-05 11:14:54.541 *** Mouse movement (LeftButton) ***  Mouse coords: (916, 215) (83458, 22225)
2022-10-05 11:14:54.564 *** Mouse movement (LeftButton) ***  Mouse coords: (916, 215) (83458, 22225)
2022-10-05 11:14:54.584 *** Mouse movement (LeftButton) ***  Mouse coords: (917, 215) (83462, 22225)
2022-10-05 11:14:54.606 *** Mouse movement (LeftButton) ***  Mouse coords: (917, 215) (83462, 22225)
2022-10-05 11:14:54.626 *** Mouse movement (LeftButton) ***  Mouse coords: (917, 215) (83462, 22225)
2022-10-05 11:14:54.653 *** Mouse movement (LeftButton) ***  Mouse coords: (917, 215) (83462, 22225)
2022-10-05 11:14:54.673 *** Mouse movement (LeftButton) ***  Mouse coords: (917, 215) (83462, 22225)
2022-10-05 11:14:54.719 *** Mouse movement (LeftButton) ***  Mouse coords: (917, 215) (83462, 22225)
2022-10-05 11:14:54.740 *** Mouse movement (LeftButton) ***  Mouse coords: (917, 215) (83462, 22225)
2022-10-05 11:14:56.320 *** Interactive label *** Apply to case start.
2022-10-05 11:14:58.960 *** Interactive label *** Apply to case done.
2022-10-05 11:14:59.756 *** Interactive label *** Apply to case finish overlay create.
2022-10-05 11:14:59.758 *** Process image overlay spent 0.00 seconds.
2022-10-05 11:14:59.763 *** Get cell color spent 0.01 seconds.
2022-10-05 11:15:01.024 *** Process image overlay spent 0.00 seconds.
2022-10-05 11:15:01.033 *** Get cell color spent 0.01 seconds.
2022-10-05 11:15:01.877 *** Process image overlay spent 0.00 seconds.
2022-10-05 11:15:01.886 *** Get cell color spent 0.01 seconds.
2022-10-05 11:15:17.577 *** Process image overlay spent 0.00 seconds.
2022-10-05 11:15:17.635 *** Get cell color spent 0.06 seconds.
2022-10-05 11:15:20.866 *** Keyboard input *** key pressed: key: 16777249; text: ""
2022-10-05 11:15:20.890 *** Keyboard input *** key pressed: key: 16777248; text: ""
2022-10-05 20:30:44.740 *** Mouse movement (LeftButton) ***  Mouse coords: (480, 392) (29391, 47705)
2022-10-05 20:30:44.886 *** Mouse movement (LeftButton) ***  Mouse coords: (480, 392) (29391, 47705)
2022-10-05 20:30:44.920 *** Mouse movement (LeftButton) ***  Mouse coords: (486, 400) (29469, 47809)
2022-10-05 20:30:44.947 *** Mouse movement (LeftButton) ***  Mouse coords: (499, 416) (29639, 48019)
2022-10-05 20:30:44.973 *** Mouse movement (LeftButton) ***  Mouse coords: (518, 439) (29888, 48320)
2022-10-05 20:30:44.997 *** Mouse movement (LeftButton) ***  Mouse coords: (530, 454) (30045, 48516)
2022-10-05 20:30:45.021 *** Mouse movement (LeftButton) ***  Mouse coords: (538, 463) (30150, 48634)
2022-10-05 20:30:45.045 *** Mouse movement (LeftButton) ***  Mouse coords: (539, 466) (30163, 48673)
2022-10-05 20:30:45.069 *** Mouse movement (LeftButton) ***  Mouse coords: (540, 466) (30176, 48673)
2022-10-05 20:30:45.093 *** Mouse movement (LeftButton) ***  Mouse coords: (540, 466) (30176, 48673)
2022-10-05 20:30:45.115 *** Mouse movement (LeftButton) ***  Mouse coords: (540, 467) (30176, 48686)
2022-10-05 20:30:46.602 *** Program closed.
