2022-10-25 15:57:45.799 *** Start program *** Start program
2022-10-25 16:08:42.659 *** Open case *** /Users/zhihuang/Desktop/S4325
2022-10-25 16:08:45.792 *** Open processed data
2022-10-25 16:08:45.792 *** Preload all statistics at once.
2022-10-25 16:08:47.142 *** Nuclei stat data loaded, took 1.35 seconds. Total number of nuclei: 922888
2022-10-25 16:09:03.703 *** Mouse movement (LeftButton) ***  Mouse coords: (547, 249) (59912, 30958)
2022-10-25 16:09:03.807 *** Mouse movement (LeftButton) ***  Mouse coords: (547, 249) (59912, 30820)
2022-10-25 16:09:03.836 *** Mouse movement (LeftButton) ***  Mouse coords: (560, 259) (61702, 32198)
2022-10-25 16:09:03.861 *** Mouse movement (LeftButton) ***  Mouse coords: (579, 269) (62530, 32197)
2022-10-25 16:09:03.885 *** Mouse movement (LeftButton) ***  Mouse coords: (600, 281) (62805, 32474)
2022-10-25 16:09:03.910 *** Mouse movement (LeftButton) ***  Mouse coords: (610, 287) (61290, 31646)
2022-10-25 16:09:03.935 *** Mouse movement (LeftButton) ***  Mouse coords: (617, 291) (60876, 31371)
2022-10-25 16:09:03.960 *** Mouse movement (LeftButton) ***  Mouse coords: (617, 292) (59912, 30958)
2022-10-25 16:09:03.984 *** Mouse movement (LeftButton) ***  Mouse coords: (618, 292) (60050, 30820)
2022-10-25 16:09:04.011 *** Mouse movement (LeftButton) ***  Mouse coords: (618, 293) (59912, 30958)
2022-10-25 16:09:04.037 *** Mouse movement (LeftButton) ***  Mouse coords: (618, 294) (59912, 30958)
2022-10-25 16:09:04.065 *** Mouse movement (LeftButton) ***  Mouse coords: (618, 294) (59912, 30820)
2022-10-25 16:09:04.107 *** Mouse movement (LeftButton) ***  Mouse coords: (618, 294) (59912, 30820)
2022-10-25 16:09:04.141 *** Mouse movement (LeftButton) ***  Mouse coords: (618, 294) (59912, 30820)
2022-10-25 18:19:02.319 *** Program closed.
