2022-08-10 19:49:00.893 *** Start program *** Start program
2022-08-10 19:49:11.089 *** Open case *** /media/zhihuang/Drive3/Google_Colon_lnm_pos_2015_slides/slides/S1654
2022-08-10 19:49:15.395 *** Open processed data
2022-08-10 19:49:15.396 *** Preload all statistics at once.
2022-08-10 19:49:16.929 *** Nuclei stat data loaded, took 1.53 seconds. Total number of nuclei: 259792
2022-08-10 19:49:18.792 *** Mouse movement (LeftButton) ***  Mouse coords: (588, 263) (79436, 5179)
2022-08-10 19:49:18.810 *** Mouse movement (LeftButton) ***  Mouse coords: (589, 265) (79596, 5339)
2022-08-10 19:49:18.825 *** Mouse movement (LeftButton) ***  Mouse coords: (593, 274) (80076, 6459)
2022-08-10 19:49:18.842 *** Mouse movement (LeftButton) ***  Mouse coords: (599, 287) (80395, 7099)
2022-08-10 19:49:18.859 *** Mouse movement (LeftButton) ***  Mouse coords: (604, 297) (80235, 6619)
2022-08-10 19:49:18.875 *** Mouse movement (LeftButton) ***  Mouse coords: (616, 317) (81356, 8219)
2022-08-10 19:49:18.892 *** Mouse movement (LeftButton) ***  Mouse coords: (627, 332) (81196, 7419)
2022-08-10 19:49:18.909 *** Mouse movement (LeftButton) ***  Mouse coords: (635, 341) (80716, 6459)
2022-08-10 19:49:18.925 *** Mouse movement (LeftButton) ***  Mouse coords: (640, 347) (80236, 5979)
2022-08-10 19:49:18.942 *** Mouse movement (LeftButton) ***  Mouse coords: (646, 352) (80396, 5819)
2022-08-10 19:49:18.960 *** Mouse movement (LeftButton) ***  Mouse coords: (647, 354) (79595, 5339)
2022-08-10 19:49:19.632 *** Mouse movement (LeftButton) ***  Mouse coords: (831, 418) (108875, 15259)
2022-08-10 19:49:19.658 *** Mouse movement (LeftButton) ***  Mouse coords: (819, 413) (107115, 14459)
2022-08-10 19:49:19.676 *** Mouse movement (LeftButton) ***  Mouse coords: (810, 410) (107595, 14779)
2022-08-10 19:49:19.692 *** Mouse movement (LeftButton) ***  Mouse coords: (774, 396) (103275, 13019)
2022-08-10 19:49:19.709 *** Mouse movement (LeftButton) ***  Mouse coords: (746, 384) (104555, 13339)
2022-08-10 19:49:19.726 *** Mouse movement (LeftButton) ***  Mouse coords: (714, 372) (103915, 13339)
2022-08-10 19:49:19.742 *** Mouse movement (LeftButton) ***  Mouse coords: (681, 360) (103755, 13339)
2022-08-10 19:49:19.760 *** Mouse movement (LeftButton) ***  Mouse coords: (624, 339) (99916, 11899)
2022-08-10 19:49:19.776 *** Mouse movement (LeftButton) ***  Mouse coords: (590, 322) (103596, 12539)
2022-08-10 19:49:19.792 *** Mouse movement (LeftButton) ***  Mouse coords: (573, 314) (106316, 13979)
2022-08-10 19:49:19.809 *** Mouse movement (LeftButton) ***  Mouse coords: (552, 301) (105676, 13179)
2022-08-10 19:49:19.826 *** Mouse movement (LeftButton) ***  Mouse coords: (530, 286) (105516, 12859)
2022-08-10 19:49:19.842 *** Mouse movement (LeftButton) ***  Mouse coords: (512, 271) (106156, 12859)
2022-08-10 19:49:19.859 *** Mouse movement (LeftButton) ***  Mouse coords: (502, 263) (107436, 13979)
2022-08-10 19:49:19.875 *** Mouse movement (LeftButton) ***  Mouse coords: (494, 256) (107756, 14139)
2022-08-10 19:49:19.892 *** Mouse movement (LeftButton) ***  Mouse coords: (487, 251) (107915, 14459)
2022-08-10 19:49:19.909 *** Mouse movement (LeftButton) ***  Mouse coords: (480, 244) (107916, 14139)
2022-08-10 19:49:19.926 *** Mouse movement (LeftButton) ***  Mouse coords: (471, 235) (107596, 13819)
2022-08-10 19:49:19.942 *** Mouse movement (LeftButton) ***  Mouse coords: (469, 233) (108716, 14939)
2022-08-10 19:49:19.959 *** Mouse movement (LeftButton) ***  Mouse coords: (468, 232) (108876, 15099)
2022-08-10 19:49:20.532 *** Mouse movement (LeftButton) ***  Mouse coords: (691, 416) (144716, 44699)
2022-08-10 19:49:20.558 *** Mouse movement (LeftButton) ***  Mouse coords: (691, 410) (144716, 43899)
2022-08-10 19:49:20.576 *** Mouse movement (LeftButton) ***  Mouse coords: (690, 407) (144556, 44379)
2022-08-10 19:49:20.592 *** Mouse movement (LeftButton) ***  Mouse coords: (674, 388) (142156, 41819)
2022-08-10 19:49:20.609 *** Mouse movement (LeftButton) ***  Mouse coords: (653, 364) (141356, 41019)
2022-08-10 19:49:20.626 *** Mouse movement (LeftButton) ***  Mouse coords: (633, 341) (141516, 41179)
2022-08-10 19:49:20.642 *** Mouse movement (LeftButton) ***  Mouse coords: (612, 319) (141356, 41339)
2022-08-10 19:49:20.659 *** Mouse movement (LeftButton) ***  Mouse coords: (590, 292) (141196, 40539)
2022-08-10 19:49:20.676 *** Mouse movement (LeftButton) ***  Mouse coords: (585, 279) (143916, 42779)
2022-08-10 19:49:20.692 *** Mouse movement (LeftButton) ***  Mouse coords: (584, 269) (144556, 43259)
2022-08-10 19:49:20.709 *** Mouse movement (LeftButton) ***  Mouse coords: (583, 262) (144556, 43739)
2022-08-10 19:49:20.726 *** Mouse movement (LeftButton) ***  Mouse coords: (582, 249) (144556, 42779)
2022-08-10 19:49:20.742 *** Mouse movement (LeftButton) ***  Mouse coords: (578, 235) (144076, 42619)
2022-08-10 19:49:20.759 *** Mouse movement (LeftButton) ***  Mouse coords: (576, 232) (144396, 44379)
2022-08-10 19:49:20.775 *** Mouse movement (LeftButton) ***  Mouse coords: (573, 229) (144236, 44379)
2022-08-10 19:49:20.792 *** Mouse movement (LeftButton) ***  Mouse coords: (571, 227) (144396, 44539)
2022-08-10 19:49:20.809 *** Mouse movement (LeftButton) ***  Mouse coords: (567, 227) (144076, 44859)
2022-08-10 19:49:20.826 *** Mouse movement (LeftButton) ***  Mouse coords: (555, 229) (142796, 45179)
2022-08-10 19:49:20.842 *** Mouse movement (LeftButton) ***  Mouse coords: (544, 231) (142956, 45179)
2022-08-10 19:49:20.859 *** Mouse movement (LeftButton) ***  Mouse coords: (534, 233) (143116, 45179)
2022-08-10 19:49:20.876 *** Mouse movement (LeftButton) ***  Mouse coords: (516, 234) (141836, 45019)
2022-08-10 19:49:20.892 *** Mouse movement (LeftButton) ***  Mouse coords: (486, 236) (139916, 45179)
2022-08-10 19:49:20.909 *** Mouse movement (LeftButton) ***  Mouse coords: (465, 234) (141356, 44539)
2022-08-10 19:49:20.926 *** Mouse movement (LeftButton) ***  Mouse coords: (442, 233) (141036, 44699)
2022-08-10 19:49:20.942 *** Mouse movement (LeftButton) ***  Mouse coords: (423, 229) (141676, 44219)
2022-08-10 19:49:20.959 *** Mouse movement (LeftButton) ***  Mouse coords: (401, 224) (141196, 44059)
2022-08-10 19:49:20.975 *** Mouse movement (LeftButton) ***  Mouse coords: (387, 220) (142476, 44219)
2022-08-10 19:49:20.993 *** Mouse movement (LeftButton) ***  Mouse coords: (377, 215) (143116, 44059)
2022-08-10 19:49:21.009 *** Mouse movement (LeftButton) ***  Mouse coords: (363, 209) (142476, 43899)
2022-08-10 19:49:21.026 *** Mouse movement (LeftButton) ***  Mouse coords: (347, 203) (142156, 43899)
2022-08-10 19:49:21.042 *** Mouse movement (LeftButton) ***  Mouse coords: (323, 194) (140876, 43419)
2022-08-10 19:49:21.059 *** Mouse movement (LeftButton) ***  Mouse coords: (312, 189) (142956, 44059)
2022-08-10 19:49:21.075 *** Mouse movement (LeftButton) ***  Mouse coords: (304, 187) (143436, 44539)
2022-08-10 19:50:07.568 *** Program closed.
