2022-08-10 13:39:57.084 *** Start program *** Start program
2022-08-10 13:40:01.725 *** Open processed data
2022-08-10 13:40:02.980 *** Mouse movement ***  Mouse coords: (261, 342) (21336, 13155)
2022-08-10 13:40:02.997 *** Mouse movement ***  Mouse coords: (265, 348) (21976, 14115)
2022-08-10 13:40:03.014 *** Mouse movement ***  Mouse coords: (272, 356) (23096, 15395)
2022-08-10 13:40:03.032 *** Mouse movement ***  Mouse coords: (275, 360) (23576, 16035)
2022-08-10 13:40:03.048 *** Mouse movement ***  Mouse coords: (290, 374) (25976, 18275)
2022-08-10 13:40:03.065 *** Mouse movement ***  Mouse coords: (308, 389) (28856, 20675)
2022-08-10 13:40:03.082 *** Mouse movement ***  Mouse coords: (333, 407) (32856, 23555)
2022-08-10 13:40:03.098 *** Mouse movement ***  Mouse coords: (349, 418) (35416, 25315)
2022-08-10 13:40:03.115 *** Mouse movement ***  Mouse coords: (363, 423) (37656, 26115)
2022-08-10 13:40:06.265 *** Mouse movement ***  Mouse coords: (464, 537) (53816, 44355)
2022-08-10 13:40:06.273 *** Mouse movement ***  Mouse coords: (466, 539) (54136, 44675)
2022-08-10 13:40:06.282 *** Mouse movement ***  Mouse coords: (468, 542) (54456, 45155)
2022-08-10 13:40:06.298 *** Mouse movement ***  Mouse coords: (472, 546) (55096, 45795)
2022-08-10 13:40:06.315 *** Mouse movement ***  Mouse coords: (477, 550) (55896, 46435)
2022-08-10 13:40:06.332 *** Mouse movement ***  Mouse coords: (484, 556) (57016, 47395)
2022-08-10 13:40:06.349 *** Mouse movement ***  Mouse coords: (495, 565) (58776, 48835)
2022-08-10 13:40:06.365 *** Mouse movement ***  Mouse coords: (507, 571) (60696, 49795)
2022-08-10 13:40:06.382 *** Mouse movement ***  Mouse coords: (514, 575) (61816, 50435)
2022-08-10 13:40:06.398 *** Mouse movement ***  Mouse coords: (520, 578) (62776, 50915)
2022-08-10 13:40:06.415 *** Mouse movement ***  Mouse coords: (529, 582) (64216, 51555)
2022-08-10 13:40:06.432 *** Mouse movement ***  Mouse coords: (534, 586) (65016, 52195)
2022-08-10 13:40:06.449 *** Mouse movement ***  Mouse coords: (537, 588) (65496, 52515)
2022-08-10 13:40:06.465 *** Mouse movement ***  Mouse coords: (538, 588) (65656, 52515)
2022-08-10 13:40:06.489 *** Mouse movement ***  Mouse coords: (538, 589) (65656, 52675)
2022-08-10 13:40:08.808 *** Mouse movement ***  Mouse coords: (424, 374) (47416, 18275)
2022-08-10 13:40:08.823 *** Mouse movement ***  Mouse coords: (428, 383) (48056, 19715)
2022-08-10 13:40:08.825 *** Mouse movement ***  Mouse coords: (432, 386) (48696, 20195)
2022-08-10 13:40:08.839 *** Mouse movement ***  Mouse coords: (436, 392) (49336, 21155)
2022-08-10 13:40:08.849 *** Mouse movement ***  Mouse coords: (439, 396) (49816, 21795)
2022-08-10 13:40:08.865 *** Mouse movement ***  Mouse coords: (448, 406) (51256, 23395)
2022-08-10 13:40:08.882 *** Mouse movement ***  Mouse coords: (459, 416) (53016, 24995)
2022-08-10 13:40:08.898 *** Mouse movement ***  Mouse coords: (476, 430) (55736, 27235)
2022-08-10 13:40:08.915 *** Mouse movement ***  Mouse coords: (490, 441) (57976, 28995)
2022-08-10 13:40:08.932 *** Mouse movement ***  Mouse coords: (511, 455) (61336, 31235)
2022-08-10 13:40:08.949 *** Mouse movement ***  Mouse coords: (520, 460) (62776, 32035)
2022-08-10 13:40:08.965 *** Mouse movement ***  Mouse coords: (529, 464) (64216, 32675)
2022-08-10 13:40:11.125 *** Mouse movement ***  Mouse coords: (380, 499) (40376, 38275)
2022-08-10 13:40:11.140 *** Mouse movement ***  Mouse coords: (382, 502) (40696, 38755)
2022-08-10 13:40:11.148 *** Mouse movement ***  Mouse coords: (384, 505) (41016, 39235)
2022-08-10 13:40:11.165 *** Mouse movement ***  Mouse coords: (389, 513) (41816, 40515)
2022-08-10 13:40:11.182 *** Mouse movement ***  Mouse coords: (396, 521) (42936, 41795)
2022-08-10 13:40:11.199 *** Mouse movement ***  Mouse coords: (412, 536) (45496, 44195)
2022-08-10 13:40:11.215 *** Mouse movement ***  Mouse coords: (436, 556) (49336, 47395)
2022-08-10 13:40:11.232 *** Mouse movement ***  Mouse coords: (441, 560) (50136, 48035)
2022-08-10 13:40:11.249 *** Mouse movement ***  Mouse coords: (447, 563) (51096, 48515)
2022-08-10 13:40:11.265 *** Mouse movement ***  Mouse coords: (450, 565) (51576, 48835)
2022-08-10 13:40:11.282 *** Mouse movement ***  Mouse coords: (451, 565) (51736, 48835)
2022-08-10 13:40:12.941 *** Mouse movement ***  Mouse coords: (370, 396) (36719, 28378)
2022-08-10 13:40:12.949 *** Mouse movement ***  Mouse coords: (370, 397) (36719, 28470)
2022-08-10 13:40:12.965 *** Mouse movement ***  Mouse coords: (373, 401) (36993, 28835)
2022-08-10 13:40:12.982 *** Mouse movement ***  Mouse coords: (387, 421) (38273, 30664)
2022-08-10 13:40:12.998 *** Mouse movement ***  Mouse coords: (400, 439) (39462, 32310)
2022-08-10 13:40:13.015 *** Mouse movement ***  Mouse coords: (421, 459) (41382, 34138)
2022-08-10 13:40:13.032 *** Mouse movement ***  Mouse coords: (437, 472) (42845, 35327)
2022-08-10 13:40:13.048 *** Mouse movement ***  Mouse coords: (448, 483) (43850, 36332)
2022-08-10 13:40:13.065 *** Mouse movement ***  Mouse coords: (457, 488) (44673, 36790)
2022-08-10 13:40:13.082 *** Mouse movement ***  Mouse coords: (462, 493) (45130, 37247)
2022-08-10 13:40:13.099 *** Mouse movement ***  Mouse coords: (465, 495) (45405, 37430)
2022-08-10 13:40:17.582 *** Mouse movement ***  Mouse coords: (555, 326) (3897, -1894)
2022-08-10 13:40:17.597 *** Mouse movement ***  Mouse coords: (556, 328) (3898, -1892)
2022-08-10 13:40:17.602 *** Mouse movement ***  Mouse coords: (563, 336) (3905, -1884)
2022-08-10 13:40:17.615 *** Mouse movement ***  Mouse coords: (580, 354) (3922, -1866)
2022-08-10 13:40:17.632 *** Mouse movement ***  Mouse coords: (596, 370) (3938, -1850)
2022-08-10 13:40:17.649 *** Mouse movement ***  Mouse coords: (617, 385) (3959, -1835)
2022-08-10 13:40:17.665 *** Mouse movement ***  Mouse coords: (638, 401) (3980, -1819)
2022-08-10 13:40:17.687 *** Mouse movement ***  Mouse coords: (643, 404) (3985, -1816)
2022-08-10 13:40:17.699 *** Mouse movement ***  Mouse coords: (655, 412) (3997, -1808)
2022-08-10 13:40:17.715 *** Mouse movement ***  Mouse coords: (661, 417) (4003, -1803)
2022-08-10 13:40:17.732 *** Mouse movement ***  Mouse coords: (663, 419) (4005, -1801)
2022-08-10 13:40:17.749 *** Mouse movement ***  Mouse coords: (665, 420) (4007, -1800)
2022-08-10 13:40:17.765 *** Mouse movement ***  Mouse coords: (665, 421) (4007, -1799)
2022-08-10 13:40:18.887 *** Mouse movement ***  Mouse coords: (774, 377) (4116, -1843)
2022-08-10 13:40:18.895 *** Mouse movement ***  Mouse coords: (774, 378) (4116, -1842)
2022-08-10 13:40:18.902 *** Mouse movement ***  Mouse coords: (776, 380) (4118, -1840)
2022-08-10 13:40:18.915 *** Mouse movement ***  Mouse coords: (780, 384) (4122, -1836)
2022-08-10 13:40:18.931 *** Mouse movement ***  Mouse coords: (785, 388) (4127, -1832)
2022-08-10 13:40:18.948 *** Mouse movement ***  Mouse coords: (787, 390) (4129, -1830)
2022-08-10 13:40:18.965 *** Mouse movement ***  Mouse coords: (788, 390) (4130, -1830)
2022-08-10 13:40:20.513 *** Program closed.
