2022-08-10 19:53:17.160 *** Start program *** Start program
2022-08-10 19:53:30.357 *** Open case *** /media/zhihuang/Drive3/Google_Colon_lnm_pos_2015_slides/slides/S2654
2022-08-10 19:53:34.815 *** Open processed data
2022-08-10 19:53:34.816 *** Preload all statistics at once.
2022-08-10 19:54:00.505 *** Nuclei stat data loaded, took 25.69 seconds. Total number of nuclei: 4150002
2022-08-10 19:54:13.791 *** Mouse movement (LeftButton) ***  Mouse coords: (657, 434) (72548, 43361)
2022-08-10 19:54:13.808 *** Mouse movement (LeftButton) ***  Mouse coords: (659, 436) (72708, 43681)
2022-08-10 19:54:13.825 *** Mouse movement (LeftButton) ***  Mouse coords: (665, 441) (73348, 44161)
2022-08-10 19:54:13.841 *** Mouse movement (LeftButton) ***  Mouse coords: (676, 448) (74148, 44481)
2022-08-10 19:54:13.864 *** Mouse movement (LeftButton) ***  Mouse coords: (686, 453) (73987, 44161)
2022-08-10 19:54:13.877 *** Mouse movement (LeftButton) ***  Mouse coords: (695, 457) (73828, 44001)
2022-08-10 19:54:13.892 *** Mouse movement (LeftButton) ***  Mouse coords: (699, 458) (73027, 43521)
2022-08-10 19:54:13.908 *** Mouse movement (LeftButton) ***  Mouse coords: (702, 459) (72868, 43521)
2022-08-10 19:54:13.925 *** Mouse movement (LeftButton) ***  Mouse coords: (703, 459) (72548, 43361)
2022-08-10 19:54:15.192 *** Process image overlay spent 0.04 seconds.
2022-08-10 19:54:15.323 *** Get cell color spent 0.13 seconds.
2022-08-10 19:54:16.035 *** Process image overlay spent 0.03 seconds.
2022-08-10 19:54:16.132 *** Get cell color spent 0.10 seconds.
2022-08-10 19:54:17.957 *** Process image overlay spent 0.02 seconds.
2022-08-10 19:54:17.990 *** Get cell color spent 0.03 seconds.
2022-08-10 19:54:18.213 *** Process image overlay spent 0.02 seconds.
2022-08-10 19:54:18.251 *** Get cell color spent 0.04 seconds.
2022-08-10 19:54:18.503 *** Process image overlay spent 0.03 seconds.
2022-08-10 19:54:18.516 *** Get cell color spent 0.01 seconds.
2022-08-10 19:54:18.711 *** Process image overlay spent 0.02 seconds.
2022-08-10 19:54:18.723 *** Get cell color spent 0.01 seconds.
2022-08-10 19:54:19.000 *** Process image overlay spent 0.02 seconds.
2022-08-10 19:54:19.006 *** Get cell color spent 0.01 seconds.
2022-08-10 19:54:19.144 *** Process image overlay spent 0.02 seconds.
2022-08-10 19:54:19.151 *** Get cell color spent 0.01 seconds.
2022-08-10 19:54:19.766 *** Process image overlay spent 0.03 seconds.
2022-08-10 19:54:19.772 *** Get cell color spent 0.01 seconds.
2022-08-10 19:54:19.872 *** Process image overlay spent 0.02 seconds.
2022-08-10 19:54:19.877 *** Get cell color spent 0.01 seconds.
2022-08-10 19:54:20.399 *** Mouse movement (LeftButton) ***  Mouse coords: (488, 325) (71087, 48286)
2022-08-10 19:54:20.425 *** Mouse movement (LeftButton) ***  Mouse coords: (492, 331) (71090, 48290)
2022-08-10 19:54:20.442 *** Mouse movement (LeftButton) ***  Mouse coords: (509, 350) (71097, 48297)
2022-08-10 19:54:20.458 *** Mouse movement (LeftButton) ***  Mouse coords: (527, 371) (71098, 48299)
2022-08-10 19:54:20.475 *** Mouse movement (LeftButton) ***  Mouse coords: (562, 412) (71107, 48310)
2022-08-10 19:54:20.491 *** Mouse movement (LeftButton) ***  Mouse coords: (588, 437) (71103, 48301)
2022-08-10 19:54:20.508 *** Mouse movement (LeftButton) ***  Mouse coords: (626, 472) (71109, 48307)
2022-08-10 19:54:20.525 *** Mouse movement (LeftButton) ***  Mouse coords: (654, 494) (71104, 48299)
2022-08-10 19:54:20.541 *** Mouse movement (LeftButton) ***  Mouse coords: (679, 512) (71102, 48296)
2022-08-10 19:54:20.558 *** Mouse movement (LeftButton) ***  Mouse coords: (715, 537) (71108, 48301)
2022-08-10 19:54:20.574 *** Mouse movement (LeftButton) ***  Mouse coords: (731, 546) (71097, 48291)
2022-08-10 19:54:20.591 *** Mouse movement (LeftButton) ***  Mouse coords: (737, 550) (71090, 48289)
2022-08-10 19:54:20.608 *** Mouse movement (LeftButton) ***  Mouse coords: (739, 552) (71089, 48287)
2022-08-10 19:54:20.666 *** Process image overlay spent 0.02 seconds.
2022-08-10 19:54:20.669 *** Get cell color spent 0.00 seconds.
2022-08-10 19:54:21.031 *** Process image overlay spent 0.02 seconds.
2022-08-10 19:54:21.035 *** Get cell color spent 0.00 seconds.
2022-08-10 19:54:21.139 *** Process image overlay spent 0.03 seconds.
2022-08-10 19:54:21.146 *** Get cell color spent 0.01 seconds.
2022-08-10 19:54:21.265 *** Process image overlay spent 0.03 seconds.
2022-08-10 19:54:21.271 *** Get cell color spent 0.01 seconds.
2022-08-10 19:54:21.651 *** Mouse movement (LeftButton) ***  Mouse coords: (551, 325) (70865, 47870)
2022-08-10 19:54:21.675 *** Mouse movement (LeftButton) ***  Mouse coords: (554, 332) (70871, 47881)
2022-08-10 19:54:21.692 *** Mouse movement (LeftButton) ***  Mouse coords: (560, 349) (70876, 47899)
2022-08-10 19:54:21.708 *** Mouse movement (LeftButton) ***  Mouse coords: (571, 372) (70885, 47910)
2022-08-10 19:54:21.725 *** Mouse movement (LeftButton) ***  Mouse coords: (581, 394) (70883, 47908)
2022-08-10 19:54:21.741 *** Mouse movement (LeftButton) ***  Mouse coords: (595, 433) (70890, 47939)
2022-08-10 19:54:21.759 *** Mouse movement (LeftButton) ***  Mouse coords: (607, 463) (70887, 47922)
2022-08-10 19:54:21.775 *** Mouse movement (LeftButton) ***  Mouse coords: (616, 489) (70882, 47915)
2022-08-10 19:54:21.791 *** Mouse movement (LeftButton) ***  Mouse coords: (629, 521) (70888, 47927)
2022-08-10 19:54:21.808 *** Mouse movement (LeftButton) ***  Mouse coords: (643, 551) (70891, 47922)
2022-08-10 19:54:21.825 *** Mouse movement (LeftButton) ***  Mouse coords: (653, 576) (70883, 47914)
2022-08-10 19:54:21.841 *** Mouse movement (LeftButton) ***  Mouse coords: (656, 586) (70870, 47886)
2022-08-10 19:54:21.858 *** Mouse movement (LeftButton) ***  Mouse coords: (657, 591) (70867, 47877)
2022-08-10 19:54:21.875 *** Mouse movement (LeftButton) ***  Mouse coords: (657, 594) (70865, 47873)
2022-08-10 19:54:21.932 *** Process image overlay spent 0.02 seconds.
2022-08-10 19:54:21.939 *** Get cell color spent 0.01 seconds.
2022-08-10 19:54:22.076 *** Process image overlay spent 0.02 seconds.
2022-08-10 19:54:22.082 *** Get cell color spent 0.01 seconds.
2022-08-10 19:54:22.574 *** Mouse movement (LeftButton) ***  Mouse coords: (588, 322) (70740, 47374)
2022-08-10 19:54:22.592 *** Mouse movement (LeftButton) ***  Mouse coords: (588, 327) (70740, 47381)
2022-08-10 19:54:22.608 *** Mouse movement (LeftButton) ***  Mouse coords: (590, 336) (70743, 47388)
2022-08-10 19:54:22.624 *** Mouse movement (LeftButton) ***  Mouse coords: (594, 347) (70748, 47392)
2022-08-10 19:54:22.641 *** Mouse movement (LeftButton) ***  Mouse coords: (599, 370) (70749, 47414)
2022-08-10 19:54:22.658 *** Mouse movement (LeftButton) ***  Mouse coords: (602, 391) (70745, 47410)
2022-08-10 19:54:22.674 *** Mouse movement (LeftButton) ***  Mouse coords: (609, 434) (70753, 47450)
2022-08-10 19:54:22.691 *** Mouse movement (LeftButton) ***  Mouse coords: (614, 464) (70749, 47427)
2022-08-10 19:54:22.708 *** Mouse movement (LeftButton) ***  Mouse coords: (617, 488) (70745, 47416)
2022-08-10 19:54:22.725 *** Mouse movement (LeftButton) ***  Mouse coords: (622, 517) (70749, 47424)
2022-08-10 19:54:22.741 *** Mouse movement (LeftButton) ***  Mouse coords: (623, 529) (70742, 47394)
2022-08-10 19:54:22.758 *** Mouse movement (LeftButton) ***  Mouse coords: (623, 531) (70740, 47376)
2022-08-10 19:54:22.775 *** Mouse movement (LeftButton) ***  Mouse coords: (623, 535) (70740, 47379)
2022-08-10 19:54:22.816 *** Process image overlay spent 0.02 seconds.
2022-08-10 19:54:22.821 *** Get cell color spent 0.01 seconds.
2022-08-10 19:54:22.929 *** Process image overlay spent 0.02 seconds.
2022-08-10 19:54:22.935 *** Get cell color spent 0.01 seconds.
2022-08-10 19:54:23.125 *** Process image overlay spent 0.03 seconds.
2022-08-10 19:54:23.138 *** Get cell color spent 0.01 seconds.
2022-08-10 19:54:23.357 *** Process image overlay spent 0.02 seconds.
2022-08-10 19:54:23.395 *** Get cell color spent 0.04 seconds.
2022-08-10 19:54:23.644 *** Process image overlay spent 0.02 seconds.
2022-08-10 19:54:23.686 *** Get cell color spent 0.04 seconds.
2022-08-10 19:54:23.918 *** Mouse movement (LeftButton) ***  Mouse coords: (595, 322) (70528, 46106)
2022-08-10 19:54:23.926 *** Mouse movement (LeftButton) ***  Mouse coords: (601, 340) (70423, 45643)
2022-08-10 19:54:23.941 *** Mouse movement (LeftButton) ***  Mouse coords: (617, 387) (70478, 45805)
2022-08-10 19:54:23.958 *** Mouse movement (LeftButton) ***  Mouse coords: (625, 413) (70433, 45688)
2022-08-10 19:54:23.974 *** Mouse movement (LeftButton) ***  Mouse coords: (636, 448) (70450, 45738)
2022-08-10 19:54:23.991 *** Mouse movement (LeftButton) ***  Mouse coords: (646, 476) (70445, 45699)
2022-08-10 19:54:24.008 *** Mouse movement (LeftButton) ***  Mouse coords: (656, 504) (70445, 45699)
2022-08-10 19:54:24.024 *** Mouse movement (LeftButton) ***  Mouse coords: (660, 519) (70411, 45626)
2022-08-10 19:54:24.041 *** Mouse movement (LeftButton) ***  Mouse coords: (662, 526) (70400, 45582)
2022-08-10 19:54:24.058 *** Mouse movement (LeftButton) ***  Mouse coords: (663, 529) (70395, 45560)
2022-08-10 19:54:24.099 *** Process image overlay spent 0.02 seconds.
2022-08-10 19:54:24.139 *** Get cell color spent 0.04 seconds.
2022-08-10 19:54:24.411 *** Process image overlay spent 0.02 seconds.
2022-08-10 19:54:24.453 *** Get cell color spent 0.04 seconds.
2022-08-10 19:54:25.319 *** Mouse movement (LeftButton) ***  Mouse coords: (688, 238) (70528, 43922)
2022-08-10 19:54:25.342 *** Mouse movement (LeftButton) ***  Mouse coords: (690, 251) (70534, 43984)
2022-08-10 19:54:25.358 *** Mouse movement (LeftButton) ***  Mouse coords: (696, 274) (70557, 44039)
2022-08-10 19:54:25.375 *** Mouse movement (LeftButton) ***  Mouse coords: (699, 295) (70539, 44028)
2022-08-10 19:54:25.391 *** Mouse movement (LeftButton) ***  Mouse coords: (702, 324) (70540, 44072)
2022-08-10 19:54:25.408 *** Mouse movement (LeftButton) ***  Mouse coords: (703, 358) (70529, 44101)
2022-08-10 19:54:25.424 *** Mouse movement (LeftButton) ***  Mouse coords: (708, 405) (70551, 44172)
2022-08-10 19:54:25.441 *** Mouse movement (LeftButton) ***  Mouse coords: (711, 436) (70539, 44084)
2022-08-10 19:54:25.458 *** Mouse movement (LeftButton) ***  Mouse coords: (714, 464) (70540, 44067)
2022-08-10 19:54:25.474 *** Mouse movement (LeftButton) ***  Mouse coords: (715, 484) (70529, 44022)
2022-08-10 19:54:25.491 *** Mouse movement (LeftButton) ***  Mouse coords: (715, 500) (70523, 44001)
2022-08-10 19:54:25.508 *** Mouse movement (LeftButton) ***  Mouse coords: (715, 506) (70523, 43944)
2022-08-10 19:54:25.549 *** Process image overlay spent 0.02 seconds.
2022-08-10 19:54:25.594 *** Get cell color spent 0.05 seconds.
2022-08-10 19:54:25.838 *** Mouse movement (LeftButton) ***  Mouse coords: (715, 507) (70523, 43917)
2022-08-10 19:54:25.896 *** Process image overlay spent 0.03 seconds.
2022-08-10 19:54:25.937 *** Get cell color spent 0.04 seconds.
2022-08-10 19:54:26.190 *** Process image overlay spent 0.02 seconds.
2022-08-10 19:54:26.229 *** Get cell color spent 0.04 seconds.
2022-08-10 19:54:26.511 *** Mouse movement (LeftButton) ***  Mouse coords: (789, 292) (70935, 42713)
2022-08-10 19:54:26.525 *** Mouse movement (LeftButton) ***  Mouse coords: (789, 293) (70935, 42713)
2022-08-10 19:54:26.541 *** Mouse movement (LeftButton) ***  Mouse coords: (787, 295) (70924, 42718)
2022-08-10 19:54:26.558 *** Mouse movement (LeftButton) ***  Mouse coords: (782, 300) (70907, 42735)
2022-08-10 19:54:26.574 *** Mouse movement (LeftButton) ***  Mouse coords: (778, 304) (70912, 42729)
2022-08-10 19:54:26.591 *** Mouse movement (LeftButton) ***  Mouse coords: (768, 314) (70880, 42763)
2022-08-10 19:54:26.608 *** Mouse movement (LeftButton) ***  Mouse coords: (753, 325) (70851, 42768)
2022-08-10 19:54:26.624 *** Mouse movement (LeftButton) ***  Mouse coords: (736, 336) (70841, 42768)
2022-08-10 19:54:26.642 *** Mouse movement (LeftButton) ***  Mouse coords: (724, 345) (70868, 42757)
2022-08-10 19:54:26.658 *** Mouse movement (LeftButton) ***  Mouse coords: (699, 364) (70795, 42813)
2022-08-10 19:54:26.674 *** Mouse movement (LeftButton) ***  Mouse coords: (677, 381) (70813, 42802)
2022-08-10 19:54:26.691 *** Mouse movement (LeftButton) ***  Mouse coords: (632, 420) (70684, 42924)
2022-08-10 19:54:26.708 *** Mouse movement (LeftButton) ***  Mouse coords: (610, 439) (70813, 42813)
2022-08-10 19:54:26.724 *** Mouse movement (LeftButton) ***  Mouse coords: (601, 448) (70885, 42757)
2022-08-10 19:54:26.741 *** Mouse movement (LeftButton) ***  Mouse coords: (590, 458) (70873, 42763)
2022-08-10 19:54:26.758 *** Mouse movement (LeftButton) ***  Mouse coords: (585, 463) (70907, 42735)
2022-08-10 19:54:26.774 *** Mouse movement (LeftButton) ***  Mouse coords: (582, 467) (70919, 42729)
2022-08-10 19:54:26.791 *** Mouse movement (LeftButton) ***  Mouse coords: (581, 470) (70929, 42724)
2022-08-10 19:54:26.808 *** Mouse movement (LeftButton) ***  Mouse coords: (580, 472) (70930, 42718)
2022-08-10 19:54:26.825 *** Mouse movement (LeftButton) ***  Mouse coords: (580, 473) (70935, 42712)
2022-08-10 19:54:26.867 *** Process image overlay spent 0.02 seconds.
2022-08-10 19:54:26.907 *** Get cell color spent 0.04 seconds.
2022-08-10 19:54:27.140 *** Process image overlay spent 0.02 seconds.
2022-08-10 19:54:27.183 *** Get cell color spent 0.04 seconds.
2022-08-10 19:54:27.847 *** Process image overlay spent 0.03 seconds.
2022-08-10 19:54:27.858 *** Get cell color spent 0.01 seconds.
2022-08-10 19:54:28.059 *** Process image overlay spent 0.02 seconds.
2022-08-10 19:54:28.065 *** Get cell color spent 0.01 seconds.
2022-08-10 19:54:28.197 *** Process image overlay spent 0.02 seconds.
2022-08-10 19:54:28.204 *** Get cell color spent 0.01 seconds.
2022-08-10 19:54:28.747 *** Process image overlay spent 0.03 seconds.
2022-08-10 19:54:28.751 *** Get cell color spent 0.00 seconds.
2022-08-10 19:54:28.847 *** Process image overlay spent 0.02 seconds.
2022-08-10 19:54:28.849 *** Get cell color spent 0.00 seconds.
2022-08-10 19:54:29.533 *** Process image overlay spent 0.02 seconds.
2022-08-10 19:54:29.537 *** Get cell color spent 0.00 seconds.
2022-08-10 19:54:29.629 *** Process image overlay spent 0.02 seconds.
2022-08-10 19:54:29.637 *** Get cell color spent 0.01 seconds.
2022-08-10 19:54:29.752 *** Process image overlay spent 0.02 seconds.
2022-08-10 19:54:29.758 *** Get cell color spent 0.01 seconds.
2022-08-10 19:54:31.139 *** Mouse movement (LeftButton) ***  Mouse coords: (800, 109) (72256, 41427)
2022-08-10 19:54:31.158 *** Mouse movement (LeftButton) ***  Mouse coords: (794, 126) (72245, 41456)
2022-08-10 19:54:31.174 *** Mouse movement (LeftButton) ***  Mouse coords: (786, 150) (72242, 41469)
2022-08-10 19:54:31.191 *** Mouse movement (LeftButton) ***  Mouse coords: (767, 203) (72221, 41521)
2022-08-10 19:54:31.208 *** Mouse movement (LeftButton) ***  Mouse coords: (720, 293) (72171, 41589)
2022-08-10 19:54:31.225 *** Mouse movement (LeftButton) ***  Mouse coords: (695, 334) (72210, 41500)
2022-08-10 19:54:31.241 *** Mouse movement (LeftButton) ***  Mouse coords: (662, 379) (72196, 41506)
2022-08-10 19:54:31.258 *** Mouse movement (LeftButton) ***  Mouse coords: (627, 426) (72193, 41511)
2022-08-10 19:54:31.274 *** Mouse movement (LeftButton) ***  Mouse coords: (594, 471) (72196, 41507)
2022-08-10 19:54:31.291 *** Mouse movement (LeftButton) ***  Mouse coords: (574, 500) (72219, 41477)
2022-08-10 19:54:31.308 *** Mouse movement (LeftButton) ***  Mouse coords: (562, 517) (72234, 41456)
2022-08-10 19:54:31.324 *** Mouse movement (LeftButton) ***  Mouse coords: (558, 524) (72249, 41438)
2022-08-10 19:54:31.341 *** Mouse movement (LeftButton) ***  Mouse coords: (556, 531) (72252, 41438)
2022-08-10 19:54:31.382 *** Process image overlay spent 0.02 seconds.
2022-08-10 19:54:31.388 *** Get cell color spent 0.01 seconds.
2022-08-10 19:54:31.505 *** Process image overlay spent 0.02 seconds.
2022-08-10 19:54:31.511 *** Get cell color spent 0.01 seconds.
2022-08-10 19:54:31.846 *** Process image overlay spent 0.03 seconds.
2022-08-10 19:54:31.850 *** Get cell color spent 0.00 seconds.
2022-08-10 19:54:31.946 *** Process image overlay spent 0.02 seconds.
2022-08-10 19:54:31.949 *** Get cell color spent 0.00 seconds.
2022-08-10 19:54:32.501 *** Process image overlay spent 0.02 seconds.
2022-08-10 19:54:32.504 *** Get cell color spent 0.00 seconds.
2022-08-10 19:54:32.597 *** Process image overlay spent 0.02 seconds.
2022-08-10 19:54:32.602 *** Get cell color spent 0.01 seconds.
2022-08-10 19:54:32.732 *** Process image overlay spent 0.02 seconds.
2022-08-10 19:54:32.743 *** Get cell color spent 0.01 seconds.
2022-08-10 19:54:32.935 *** Process image overlay spent 0.02 seconds.
2022-08-10 19:54:32.949 *** Get cell color spent 0.01 seconds.
2022-08-10 19:54:33.122 *** Mouse movement (LeftButton) ***  Mouse coords: (690, 427) (72525, 41202)
2022-08-10 19:54:33.141 *** Mouse movement (LeftButton) ***  Mouse coords: (669, 469) (72690, 40751)
2022-08-10 19:54:33.158 *** Mouse movement (LeftButton) ***  Mouse coords: (641, 522) (72668, 40786)
2022-08-10 19:54:33.174 *** Mouse movement (LeftButton) ***  Mouse coords: (635, 533) (72738, 40652)
2022-08-10 19:54:33.191 *** Mouse movement (LeftButton) ***  Mouse coords: (629, 542) (72737, 40645)
2022-08-10 19:54:33.208 *** Mouse movement (LeftButton) ***  Mouse coords: (628, 544) (72754, 40624)
2022-08-10 19:54:33.248 *** Process image overlay spent 0.02 seconds.
2022-08-10 19:54:33.261 *** Get cell color spent 0.01 seconds.
2022-08-10 19:54:33.457 *** Process image overlay spent 0.02 seconds.
2022-08-10 19:54:33.469 *** Get cell color spent 0.01 seconds.
2022-08-10 19:54:35.819 *** Mouse movement (LeftButton) ***  Mouse coords: (773, 239) (73219, 39646)
2022-08-10 19:54:35.841 *** Mouse movement (LeftButton) ***  Mouse coords: (772, 248) (73219, 39675)
2022-08-10 19:54:35.858 *** Mouse movement (LeftButton) ***  Mouse coords: (764, 271) (73196, 39719)
2022-08-10 19:54:35.874 *** Mouse movement (LeftButton) ***  Mouse coords: (754, 295) (73190, 39722)
2022-08-10 19:54:35.891 *** Mouse movement (LeftButton) ***  Mouse coords: (742, 316) (73184, 39713)
2022-08-10 19:54:35.908 *** Mouse movement (LeftButton) ***  Mouse coords: (723, 349) (73162, 39751)
2022-08-10 19:54:35.924 *** Mouse movement (LeftButton) ***  Mouse coords: (691, 397) (73120, 39799)
2022-08-10 19:54:35.941 *** Mouse movement (LeftButton) ***  Mouse coords: (676, 421) (73174, 39722)
2022-08-10 19:54:35.958 *** Mouse movement (LeftButton) ***  Mouse coords: (655, 447) (73155, 39729)
2022-08-10 19:54:35.974 *** Mouse movement (LeftButton) ***  Mouse coords: (637, 469) (73165, 39716)
2022-08-10 19:54:35.991 *** Mouse movement (LeftButton) ***  Mouse coords: (623, 486) (73177, 39700)
2022-08-10 19:54:36.008 *** Mouse movement (LeftButton) ***  Mouse coords: (611, 500) (73184, 39691)
2022-08-10 19:54:36.024 *** Mouse movement (LeftButton) ***  Mouse coords: (607, 505) (73209, 39662)
2022-08-10 19:54:36.041 *** Mouse movement (LeftButton) ***  Mouse coords: (607, 506) (73222, 39649)
2022-08-10 19:54:36.081 *** Process image overlay spent 0.02 seconds.
2022-08-10 19:54:36.095 *** Get cell color spent 0.01 seconds.
2022-08-10 19:54:36.278 *** Process image overlay spent 0.02 seconds.
2022-08-10 19:54:36.289 *** Get cell color spent 0.01 seconds.
2022-08-10 19:54:36.516 *** Process image overlay spent 0.02 seconds.
2022-08-10 19:54:36.548 *** Get cell color spent 0.03 seconds.
2022-08-10 19:54:36.774 *** Process image overlay spent 0.02 seconds.
2022-08-10 19:54:36.806 *** Get cell color spent 0.03 seconds.
2022-08-10 19:54:37.721 *** Process image overlay spent 0.02 seconds.
2022-08-10 19:54:37.733 *** Get cell color spent 0.01 seconds.
2022-08-10 19:54:37.923 *** Process image overlay spent 0.02 seconds.
2022-08-10 19:54:37.935 *** Get cell color spent 0.01 seconds.
2022-08-10 19:54:38.356 *** Process image overlay spent 0.02 seconds.
2022-08-10 19:54:38.365 *** Get cell color spent 0.01 seconds.
2022-08-10 19:54:38.493 *** Process image overlay spent 0.03 seconds.
2022-08-10 19:54:38.499 *** Get cell color spent 0.01 seconds.
2022-08-10 19:54:39.065 *** Process image overlay spent 0.02 seconds.
2022-08-10 19:54:39.080 *** Get cell color spent 0.01 seconds.
2022-08-10 19:54:39.268 *** Process image overlay spent 0.02 seconds.
2022-08-10 19:54:39.283 *** Get cell color spent 0.01 seconds.
2022-08-10 19:54:39.510 *** Process image overlay spent 0.02 seconds.
2022-08-10 19:54:39.538 *** Get cell color spent 0.03 seconds.
2022-08-10 19:54:39.784 *** Process image overlay spent 0.03 seconds.
2022-08-10 19:54:39.798 *** Get cell color spent 0.01 seconds.
2022-08-10 19:54:39.993 *** Process image overlay spent 0.02 seconds.
2022-08-10 19:54:40.006 *** Get cell color spent 0.01 seconds.
2022-08-10 19:54:40.422 *** Process image overlay spent 0.02 seconds.
2022-08-10 19:54:40.429 *** Get cell color spent 0.01 seconds.
2022-08-10 19:54:40.576 *** Process image overlay spent 0.02 seconds.
2022-08-10 19:54:40.582 *** Get cell color spent 0.01 seconds.
2022-08-10 19:54:53.729 *** Mouse movement (LeftButton) ***  Mouse coords: (823, 240) (73716, 38991)
2022-08-10 19:54:53.747 *** Mouse movement (LeftButton) ***  Mouse coords: (822, 251) (73716, 39007)
2022-08-10 19:54:53.758 *** Mouse movement (LeftButton) ***  Mouse coords: (819, 261) (73713, 39005)
2022-08-10 19:54:53.774 *** Mouse movement (LeftButton) ***  Mouse coords: (809, 302) (73700, 39061)
2022-08-10 19:54:53.791 *** Mouse movement (LeftButton) ***  Mouse coords: (799, 334) (73699, 39046)
2022-08-10 19:54:53.808 *** Mouse movement (LeftButton) ***  Mouse coords: (790, 360) (73702, 39034)
2022-08-10 19:54:53.825 *** Mouse movement (LeftButton) ***  Mouse coords: (773, 398) (73687, 39056)
2022-08-10 19:54:53.841 *** Mouse movement (LeftButton) ***  Mouse coords: (755, 434) (73685, 39052)
2022-08-10 19:54:53.858 *** Mouse movement (LeftButton) ***  Mouse coords: (731, 476) (73675, 39064)
2022-08-10 19:54:53.874 *** Mouse movement (LeftButton) ***  Mouse coords: (711, 507) (73681, 39043)
2022-08-10 19:54:53.891 *** Mouse movement (LeftButton) ***  Mouse coords: (688, 536) (73677, 39040)
2022-08-10 19:54:53.908 *** Mouse movement (LeftButton) ***  Mouse coords: (668, 560) (73681, 39031)
2022-08-10 19:54:53.924 *** Mouse movement (LeftButton) ***  Mouse coords: (644, 587) (73675, 39036)
2022-08-10 19:54:53.941 *** Mouse movement (LeftButton) ***  Mouse coords: (633, 600) (73697, 39010)
2022-08-10 19:54:53.958 *** Mouse movement (LeftButton) ***  Mouse coords: (628, 604) (73709, 38995)
2022-08-10 19:54:53.975 *** Mouse movement (LeftButton) ***  Mouse coords: (625, 607) (73713, 38992)
2022-08-10 19:54:53.991 *** Mouse movement (LeftButton) ***  Mouse coords: (624, 609) (73716, 38991)
2022-08-10 19:54:54.031 *** Process image overlay spent 0.02 seconds.
2022-08-10 19:54:54.039 *** Get cell color spent 0.01 seconds.
2022-08-10 19:54:54.540 *** Process image overlay spent 0.02 seconds.
2022-08-10 19:54:54.548 *** Get cell color spent 0.01 seconds.
2022-08-10 19:54:56.168 *** Process image overlay spent 0.02 seconds.
2022-08-10 19:54:56.178 *** Get cell color spent 0.01 seconds.
2022-08-10 19:54:56.303 *** Process image overlay spent 0.02 seconds.
2022-08-10 19:54:56.311 *** Get cell color spent 0.01 seconds.
2022-08-10 19:54:56.797 *** Mouse movement (LeftButton) ***  Mouse coords: (699, 255) (74116, 38136)
2022-08-10 19:54:56.813 *** Mouse movement (LeftButton) ***  Mouse coords: (698, 267) (74114, 38156)
2022-08-10 19:54:56.825 *** Mouse movement (LeftButton) ***  Mouse coords: (698, 270) (74116, 38140)
2022-08-10 19:54:56.841 *** Mouse movement (LeftButton) ***  Mouse coords: (694, 297) (74108, 38183)
2022-08-10 19:54:56.858 *** Mouse movement (LeftButton) ***  Mouse coords: (684, 338) (74098, 38208)
2022-08-10 19:54:56.875 *** Mouse movement (LeftButton) ***  Mouse coords: (673, 379) (74096, 38209)
2022-08-10 19:54:56.891 *** Mouse movement (LeftButton) ***  Mouse coords: (664, 416) (74100, 38201)
2022-08-10 19:54:56.908 *** Mouse movement (LeftButton) ***  Mouse coords: (657, 443) (74103, 38183)
2022-08-10 19:54:56.925 *** Mouse movement (LeftButton) ***  Mouse coords: (645, 495) (74094, 38229)
2022-08-10 19:54:56.941 *** Mouse movement (LeftButton) ***  Mouse coords: (637, 527) (74102, 38192)
2022-08-10 19:54:56.958 *** Mouse movement (LeftButton) ***  Mouse coords: (631, 550) (74105, 38176)
2022-08-10 19:54:56.975 *** Mouse movement (LeftButton) ***  Mouse coords: (624, 579) (74103, 38187)
2022-08-10 19:54:56.991 *** Mouse movement (LeftButton) ***  Mouse coords: (613, 612) (74096, 38194)
2022-08-10 19:54:57.008 *** Mouse movement (LeftButton) ***  Mouse coords: (607, 632) (74105, 38170)
2022-08-10 19:54:57.025 *** Mouse movement (LeftButton) ***  Mouse coords: (605, 637) (74113, 38143)
2022-08-10 19:54:57.041 *** Mouse movement (LeftButton) ***  Mouse coords: (604, 644) (74114, 38147)
2022-08-10 19:54:57.058 *** Mouse movement (LeftButton) ***  Mouse coords: (603, 647) (74114, 38139)
2022-08-10 19:54:57.099 *** Process image overlay spent 0.02 seconds.
2022-08-10 19:54:57.107 *** Get cell color spent 0.01 seconds.
2022-08-10 19:54:57.229 *** Process image overlay spent 0.02 seconds.
2022-08-10 19:54:57.234 *** Get cell color spent 0.00 seconds.
2022-08-10 19:54:57.629 *** Process image overlay spent 0.03 seconds.
2022-08-10 19:54:57.646 *** Get cell color spent 0.02 seconds.
2022-08-10 19:54:57.840 *** Process image overlay spent 0.02 seconds.
2022-08-10 19:54:57.853 *** Get cell color spent 0.01 seconds.
2022-08-10 19:54:58.670 *** Process image overlay spent 0.02 seconds.
2022-08-10 19:54:58.716 *** Get cell color spent 0.05 seconds.
2022-08-10 19:54:58.961 *** Process image overlay spent 0.02 seconds.
2022-08-10 19:54:58.994 *** Get cell color spent 0.03 seconds.
2022-08-10 19:55:00.209 *** Process image overlay spent 0.02 seconds.
2022-08-10 19:55:00.308 *** Get cell color spent 0.10 seconds.
2022-08-10 19:55:00.965 *** Process image overlay spent 0.02 seconds.
2022-08-10 19:55:01.062 *** Get cell color spent 0.10 seconds.
2022-08-10 19:55:06.635 *** Process image overlay spent 0.02 seconds.
2022-08-10 19:55:06.729 *** Get cell color spent 0.09 seconds.
2022-08-10 19:55:07.339 *** Process image overlay spent 0.02 seconds.
2022-08-10 19:55:07.434 *** Get cell color spent 0.09 seconds.
2022-08-10 19:55:09.622 *** Mouse movement (LeftButton) ***  Mouse coords: (634, 512) (75079, 35677)
2022-08-10 19:55:09.642 *** Mouse movement (LeftButton) ***  Mouse coords: (634, 511) (75079, 35678)
2022-08-10 19:55:09.710 *** Process image overlay spent 0.03 seconds.
2022-08-10 19:55:09.818 *** Get cell color spent 0.11 seconds.
2022-08-10 19:55:10.426 *** Process image overlay spent 0.02 seconds.
2022-08-10 19:55:10.515 *** Get cell color spent 0.09 seconds.
2022-08-10 19:55:11.072 *** Mouse movement (LeftButton) ***  Mouse coords: (610, 471) (74845, 35297)
2022-08-10 19:55:11.117 *** Process image overlay spent 0.02 seconds.
2022-08-10 19:55:11.204 *** Get cell color spent 0.09 seconds.
2022-08-10 19:55:11.888 *** Mouse movement (LeftButton) ***  Mouse coords: (557, 504) (74612, 35569)
2022-08-10 19:55:11.908 *** Mouse movement (LeftButton) ***  Mouse coords: (554, 505) (74660, 35540)
2022-08-10 19:55:11.925 *** Mouse movement (LeftButton) ***  Mouse coords: (549, 508) (74642, 35559)
2022-08-10 19:55:11.941 *** Mouse movement (LeftButton) ***  Mouse coords: (544, 509) (74641, 35540)
2022-08-10 19:55:11.958 *** Mouse movement (LeftButton) ***  Mouse coords: (540, 511) (74651, 35550)
2022-08-10 19:55:11.975 *** Mouse movement (LeftButton) ***  Mouse coords: (536, 513) (74651, 35549)
2022-08-10 19:55:11.991 *** Mouse movement (LeftButton) ***  Mouse coords: (532, 515) (74651, 35550)
2022-08-10 19:55:12.008 *** Mouse movement (LeftButton) ***  Mouse coords: (526, 517) (74631, 35549)
2022-08-10 19:55:12.025 *** Mouse movement (LeftButton) ***  Mouse coords: (523, 519) (74661, 35550)
2022-08-10 19:55:12.041 *** Mouse movement (LeftButton) ***  Mouse coords: (519, 520) (74651, 35539)
2022-08-10 19:55:12.057 *** Mouse movement (LeftButton) ***  Mouse coords: (516, 521) (74661, 35540)
2022-08-10 19:55:12.074 *** Mouse movement (LeftButton) ***  Mouse coords: (511, 523) (74641, 35550)
2022-08-10 19:55:12.091 *** Mouse movement (LeftButton) ***  Mouse coords: (508, 524) (74661, 35539)
2022-08-10 19:55:12.108 *** Mouse movement (LeftButton) ***  Mouse coords: (506, 524) (74670, 35530)
2022-08-10 19:55:12.124 *** Mouse movement (LeftButton) ***  Mouse coords: (505, 525) (74681, 35540)
2022-08-10 19:55:12.141 *** Mouse movement (LeftButton) ***  Mouse coords: (504, 525) (74680, 35530)
2022-08-10 19:55:12.158 *** Mouse movement (LeftButton) ***  Mouse coords: (504, 526) (74690, 35540)
2022-08-10 19:55:12.197 *** Process image overlay spent 0.02 seconds.
2022-08-10 19:55:12.287 *** Get cell color spent 0.09 seconds.
2022-08-10 19:55:12.906 *** Process image overlay spent 0.02 seconds.
2022-08-10 19:55:12.998 *** Get cell color spent 0.09 seconds.
2022-08-10 19:55:17.890 *** Open processed data
2022-08-10 19:55:17.890 *** Preload all statistics at once.
2022-08-10 19:55:24.576 *** Nuclei stat data loaded, took 6.69 seconds. Total number of nuclei: 1210906
2022-08-10 19:55:37.094 *** Mouse movement (LeftButton) ***  Mouse coords: (724, 449) (85941, 13733)
2022-08-10 19:55:37.184 *** Mouse movement (LeftButton) ***  Mouse coords: (723, 454) (85802, 14567)
2022-08-10 19:55:37.208 *** Mouse movement (LeftButton) ***  Mouse coords: (715, 480) (84830, 17483)
2022-08-10 19:55:37.241 *** Mouse movement (LeftButton) ***  Mouse coords: (693, 533) (82885, 21234)
2022-08-10 19:55:37.258 *** Mouse movement (LeftButton) ***  Mouse coords: (680, 553) (84135, 16650)
2022-08-10 19:55:37.275 *** Mouse movement (LeftButton) ***  Mouse coords: (668, 562) (84274, 15122)
2022-08-10 19:55:37.291 *** Mouse movement (LeftButton) ***  Mouse coords: (663, 565) (85247, 14288)
2022-08-10 19:55:37.308 *** Mouse movement (LeftButton) ***  Mouse coords: (662, 566) (85802, 14011)
2022-08-10 19:55:38.546 *** Process image overlay spent 0.01 seconds.
2022-08-10 19:55:38.730 *** Get cell color spent 0.18 seconds.
2022-08-10 19:55:39.761 *** Process image overlay spent 0.01 seconds.
2022-08-10 19:55:39.849 *** Get cell color spent 0.09 seconds.
2022-08-10 19:55:40.424 *** Mouse movement (LeftButton) ***  Mouse coords: (608, 373) (85438, 19900)
2022-08-10 19:55:40.445 *** Mouse movement (LeftButton) ***  Mouse coords: (615, 410) (85395, 19824)
2022-08-10 19:55:40.459 *** Mouse movement (LeftButton) ***  Mouse coords: (620, 432) (85379, 19698)
2022-08-10 19:55:40.474 *** Mouse movement (LeftButton) ***  Mouse coords: (623, 450) (85361, 19663)
2022-08-10 19:55:40.491 *** Mouse movement (LeftButton) ***  Mouse coords: (627, 467) (85370, 19655)
2022-08-10 19:55:40.508 *** Mouse movement (LeftButton) ***  Mouse coords: (631, 493) (85370, 19731)
2022-08-10 19:55:40.524 *** Mouse movement (LeftButton) ***  Mouse coords: (632, 499) (85344, 19562)
2022-08-10 19:55:40.541 *** Mouse movement (LeftButton) ***  Mouse coords: (634, 506) (85353, 19570)
2022-08-10 19:55:40.558 *** Mouse movement (LeftButton) ***  Mouse coords: (635, 511) (85344, 19553)
2022-08-10 19:55:40.574 *** Mouse movement (LeftButton) ***  Mouse coords: (636, 516) (85345, 19553)
2022-08-10 19:55:40.591 *** Mouse movement (LeftButton) ***  Mouse coords: (637, 519) (85344, 19537)
2022-08-10 19:55:40.607 *** Mouse movement (LeftButton) ***  Mouse coords: (637, 521) (85336, 19528)
2022-08-10 19:55:40.624 *** Mouse movement (LeftButton) ***  Mouse coords: (637, 522) (85336, 19519)
2022-08-10 19:55:40.649 *** Process image overlay spent 0.01 seconds.
2022-08-10 19:55:40.736 *** Get cell color spent 0.09 seconds.
2022-08-10 19:55:41.295 *** Process image overlay spent 0.01 seconds.
2022-08-10 19:55:41.326 *** Get cell color spent 0.03 seconds.
2022-08-10 19:55:41.753 *** Process image overlay spent 0.01 seconds.
2022-08-10 19:55:41.781 *** Get cell color spent 0.03 seconds.
2022-08-10 19:55:42.657 *** Process image overlay spent 0.01 seconds.
2022-08-10 19:55:42.667 *** Get cell color spent 0.01 seconds.
2022-08-10 19:55:42.815 *** Process image overlay spent 0.01 seconds.
2022-08-10 19:55:42.823 *** Get cell color spent 0.01 seconds.
2022-08-10 19:59:06.996 *** Program closed.
