2022-09-01 12:29:44.813 *** Start program *** Start program
2022-09-01 12:29:48.382 *** Open case *** /Applications/XAMPP/xamppfiles/htdocs/20220722_Eric_Yang
2022-09-01 12:29:52.028 *** Open processed data
2022-09-01 12:29:52.029 *** Preload all statistics at once.
2022-09-01 12:29:54.001 *** Nuclei stat data loaded, took 1.97 seconds. Total number of nuclei: 1781303
2022-09-01 12:30:04.451 *** Mouse movement (LeftButton) ***  Mouse coords: (483, 339) (30732, 29044)
2022-09-01 12:30:04.490 *** Mouse movement (LeftButton) ***  Mouse coords: (484, 336) (30731, 28884)
2022-09-01 12:30:04.514 *** Mouse movement (LeftButton) ***  Mouse coords: (484, 336) (30571, 29363)
2022-09-01 12:30:06.707 *** Mouse movement (LeftButton) ***  Mouse coords: (476, 343) (31106, 32716)
2022-09-01 12:30:06.745 *** Mouse movement (LeftButton) ***  Mouse coords: (476, 344) (31106, 32737)
2022-09-01 12:30:06.767 *** Mouse movement (LeftButton) ***  Mouse coords: (476, 344) (31106, 32716)
2022-09-01 12:30:06.791 *** Mouse movement (LeftButton) ***  Mouse coords: (476, 348) (31106, 32797)
2022-09-01 12:30:06.809 *** Mouse movement (LeftButton) ***  Mouse coords: (476, 356) (31106, 32880)
2022-09-01 12:30:06.831 *** Mouse movement (LeftButton) ***  Mouse coords: (476, 370) (31106, 33001)
2022-09-01 12:30:06.850 *** Mouse movement (LeftButton) ***  Mouse coords: (477, 379) (31127, 32900)
2022-09-01 12:30:06.877 *** Mouse movement (LeftButton) ***  Mouse coords: (478, 384) (31126, 32818)
2022-09-01 12:30:06.896 *** Mouse movement (LeftButton) ***  Mouse coords: (479, 389) (31126, 32818)
2022-09-01 12:30:06.915 *** Mouse movement (LeftButton) ***  Mouse coords: (480, 391) (31127, 32756)
2022-09-01 12:30:06.937 *** Mouse movement (LeftButton) ***  Mouse coords: (481, 397) (31126, 32839)
2022-09-01 12:30:06.960 *** Mouse movement (LeftButton) ***  Mouse coords: (484, 405) (31167, 32879)
2022-09-01 12:30:06.987 *** Mouse movement (LeftButton) ***  Mouse coords: (484, 407) (31106, 32757)
2022-09-01 12:30:07.008 *** Mouse movement (LeftButton) ***  Mouse coords: (486, 409) (31147, 32756)
2022-09-01 12:30:07.029 *** Mouse movement (LeftButton) ***  Mouse coords: (486, 411) (31106, 32757)
2022-09-01 12:30:07.049 *** Mouse movement (LeftButton) ***  Mouse coords: (486, 411) (31106, 32716)
2022-09-01 12:30:07.068 *** Mouse movement (LeftButton) ***  Mouse coords: (487, 411) (31126, 32716)
2022-09-01 12:30:07.090 *** Mouse movement (LeftButton) ***  Mouse coords: (487, 412) (31106, 32737)
2022-09-01 12:30:07.109 *** Mouse movement (LeftButton) ***  Mouse coords: (487, 412) (31106, 32716)
2022-09-01 12:30:07.128 *** Mouse movement (LeftButton) ***  Mouse coords: (487, 413) (31106, 32736)
2022-09-01 12:30:07.147 *** Mouse movement (LeftButton) ***  Mouse coords: (487, 414) (31106, 32736)
2022-09-01 12:30:07.169 *** Mouse movement (LeftButton) ***  Mouse coords: (487, 414) (31106, 32716)
2022-09-01 12:30:07.187 *** Mouse movement (LeftButton) ***  Mouse coords: (487, 414) (31106, 32716)
2022-09-01 12:30:08.520 *** Process image overlay spent 0.01 seconds.
2022-09-01 12:30:08.597 *** Get cell color spent 0.08 seconds.
2022-09-01 12:30:08.789 *** Process image overlay spent 0.01 seconds.
2022-09-01 12:30:08.872 *** Get cell color spent 0.07 seconds.
2022-09-01 12:30:09.497 *** Process image overlay spent 0.01 seconds.
2022-09-01 12:30:09.531 *** Get cell color spent 0.03 seconds.
2022-09-01 12:30:16.576 *** Mouse movement (LeftButton) ***  Mouse coords: (229, 570) (27182, 31104)
2022-09-01 12:30:16.620 *** Mouse movement (LeftButton) ***  Mouse coords: (238, 563) (27244, 31056)
2022-09-01 12:30:16.641 *** Mouse movement (LeftButton) ***  Mouse coords: (243, 561) (27213, 31096)
2022-09-01 12:30:16.666 *** Mouse movement (LeftButton) ***  Mouse coords: (251, 558) (27236, 31087)
2022-09-01 12:30:16.684 *** Mouse movement (LeftButton) ***  Mouse coords: (258, 556) (27228, 31096)
2022-09-01 12:30:16.704 *** Mouse movement (LeftButton) ***  Mouse coords: (261, 555) (27198, 31103)
2022-09-01 12:30:16.723 *** Mouse movement (LeftButton) ***  Mouse coords: (262, 555) (27182, 31111)
2022-09-01 12:30:16.743 *** Mouse movement (LeftButton) ***  Mouse coords: (263, 554) (27181, 31103)
2022-09-01 12:30:16.762 *** Mouse movement (LeftButton) ***  Mouse coords: (263, 554) (27174, 31111)
2022-09-01 12:30:16.949 *** Process image overlay spent 0.01 seconds.
2022-09-01 12:30:16.981 *** Get cell color spent 0.03 seconds.
2022-09-01 12:30:18.309 *** Process image overlay spent 0.01 seconds.
2022-09-01 12:30:18.345 *** Get cell color spent 0.04 seconds.
2022-09-01 12:30:19.206 *** Process image overlay spent 0.01 seconds.
2022-09-01 12:30:19.237 *** Get cell color spent 0.03 seconds.
2022-09-01 12:30:19.625 *** Process image overlay spent 0.00 seconds.
2022-09-01 12:30:19.661 *** Get cell color spent 0.04 seconds.
2022-09-01 12:30:19.757 *** Mouse movement (LeftButton) ***  Mouse coords: (139, 132) (38356, 31868)
2022-09-01 12:30:19.764 *** Mouse movement (LeftButton) ***  Mouse coords: (139, 133) (38356, 31876)
2022-09-01 12:30:19.779 *** Mouse movement (LeftButton) ***  Mouse coords: (140, 135) (38364, 31892)
2022-09-01 12:30:19.791 *** Mouse movement (LeftButton) ***  Mouse coords: (141, 138) (38372, 31915)
2022-09-01 12:30:19.804 *** Mouse movement (LeftButton) ***  Mouse coords: (141, 140) (38372, 31931)
2022-09-01 12:30:19.815 *** Mouse movement (LeftButton) ***  Mouse coords: (142, 142) (38379, 31946)
2022-09-01 12:30:19.829 *** Mouse movement (LeftButton) ***  Mouse coords: (143, 145) (38387, 31969)
2022-09-01 12:30:19.839 *** Mouse movement (LeftButton) ***  Mouse coords: (143, 145) (38387, 31969)
2022-09-01 12:30:19.892 *** Process image overlay spent 0.00 seconds.
2022-09-01 12:30:19.927 *** Get cell color spent 0.03 seconds.
2022-09-01 12:30:20.797 *** Process image overlay spent 0.01 seconds.
2022-09-01 12:30:20.806 *** Get cell color spent 0.01 seconds.
2022-09-01 12:30:21.304 *** Process image overlay spent 0.00 seconds.
2022-09-01 12:30:21.305 *** Get cell color spent 0.00 seconds.
2022-09-01 12:30:21.791 *** Process image overlay spent 0.01 seconds.
2022-09-01 12:30:21.798 *** Get cell color spent 0.01 seconds.
2022-09-01 12:30:22.166 *** Process image overlay spent 0.01 seconds.
2022-09-01 12:30:22.173 *** Get cell color spent 0.01 seconds.
2022-09-01 12:30:22.681 *** Process image overlay spent 0.00 seconds.
2022-09-01 12:30:22.687 *** Get cell color spent 0.01 seconds.
2022-09-01 12:30:23.267 *** Mouse movement (LeftButton) ***  Mouse coords: (119, 155) (33916, 40892)
2022-09-01 12:30:23.321 *** Process image overlay spent 0.00 seconds.
2022-09-01 12:30:23.329 *** Get cell color spent 0.01 seconds.
2022-09-01 12:30:23.606 *** Process image overlay spent 0.01 seconds.
2022-09-01 12:30:23.613 *** Get cell color spent 0.01 seconds.
2022-09-01 12:30:23.929 *** Process image overlay spent 0.00 seconds.
2022-09-01 12:30:23.935 *** Get cell color spent 0.01 seconds.
2022-09-01 12:30:24.254 *** Process image overlay spent 0.00 seconds.
2022-09-01 12:30:24.262 *** Get cell color spent 0.01 seconds.
2022-09-01 12:30:24.518 *** Process image overlay spent 0.00 seconds.
2022-09-01 12:30:24.526 *** Get cell color spent 0.01 seconds.
2022-09-01 12:30:25.126 *** Process image overlay spent 0.00 seconds.
2022-09-01 12:30:25.133 *** Get cell color spent 0.01 seconds.
2022-09-01 12:30:25.276 *** Mouse movement (LeftButton) ***  Mouse coords: (146, 128) (42438, 32688)
2022-09-01 12:30:25.574 *** Mouse movement (LeftButton) ***  Mouse coords: (130, 123) (38324, 30799)
2022-09-01 12:30:25.587 *** Mouse movement (LeftButton) ***  Mouse coords: (128, 122) (38317, 30796)
2022-09-01 12:30:25.594 *** Mouse movement (LeftButton) ***  Mouse coords: (128, 122) (38317, 30796)
2022-09-01 12:30:25.594 *** Mouse movement (LeftButton) ***  Mouse coords: (127, 122) (38313, 30796)
2022-09-01 12:30:25.599 *** Mouse movement (LeftButton) ***  Mouse coords: (127, 122) (38313, 30796)
2022-09-01 12:30:25.605 *** Mouse movement (LeftButton) ***  Mouse coords: (126, 123) (38310, 30799)
2022-09-01 12:30:25.619 *** Process image overlay spent 0.00 seconds.
2022-09-01 12:30:25.628 *** Get cell color spent 0.01 seconds.
2022-09-01 12:30:25.808 *** Mouse movement (LeftButton) ***  Mouse coords: (117, 131) (38278, 30828)
2022-09-01 12:30:25.823 *** Mouse movement (LeftButton) ***  Mouse coords: (117, 132) (38278, 30831)
2022-09-01 12:30:25.837 *** Mouse movement (LeftButton) ***  Mouse coords: (117, 132) (38278, 30831)
2022-09-01 12:30:25.838 *** Mouse movement (LeftButton) ***  Mouse coords: (117, 133) (38278, 30835)
2022-09-01 12:30:25.848 *** Mouse movement (LeftButton) ***  Mouse coords: (117, 134) (38278, 30839)
2022-09-01 12:30:25.862 *** Mouse movement (LeftButton) ***  Mouse coords: (117, 134) (38278, 30839)
2022-09-01 12:30:25.863 *** Mouse movement (LeftButton) ***  Mouse coords: (117, 135) (38278, 30842)
2022-09-01 12:30:25.874 *** Mouse movement (LeftButton) ***  Mouse coords: (117, 136) (38278, 30846)
2022-09-01 12:30:25.886 *** Mouse movement (LeftButton) ***  Mouse coords: (117, 136) (38278, 30846)
2022-09-01 12:30:25.897 *** Mouse movement (LeftButton) ***  Mouse coords: (117, 138) (38278, 30853)
2022-09-01 12:30:25.908 *** Mouse movement (LeftButton) ***  Mouse coords: (117, 139) (38278, 30857)
2022-09-01 12:30:25.919 *** Mouse movement (LeftButton) ***  Mouse coords: (117, 140) (38278, 30860)
2022-09-01 12:30:25.931 *** Mouse movement (LeftButton) ***  Mouse coords: (117, 140) (38278, 30860)
2022-09-01 12:30:25.942 *** Mouse movement (LeftButton) ***  Mouse coords: (117, 141) (38278, 30864)
2022-09-01 12:30:25.953 *** Mouse movement (LeftButton) ***  Mouse coords: (118, 142) (38281, 30867)
2022-09-01 12:30:25.964 *** Mouse movement (LeftButton) ***  Mouse coords: (118, 142) (38281, 30867)
2022-09-01 12:30:25.975 *** Mouse movement (LeftButton) ***  Mouse coords: (118, 143) (38281, 30871)
2022-09-01 12:30:25.992 *** Mouse movement (LeftButton) ***  Mouse coords: (118, 143) (38281, 30871)
2022-09-01 12:30:25.998 *** Mouse movement (LeftButton) ***  Mouse coords: (118, 143) (38281, 30871)
2022-09-01 12:30:26.009 *** Mouse movement (LeftButton) ***  Mouse coords: (118, 144) (38281, 30874)
2022-09-01 12:30:26.023 *** Mouse movement (LeftButton) ***  Mouse coords: (119, 144) (38285, 30874)
2022-09-01 12:30:26.032 *** Mouse movement (LeftButton) ***  Mouse coords: (119, 144) (38285, 30874)
2022-09-01 12:30:26.076 *** Mouse movement (LeftButton) ***  Mouse coords: (119, 144) (38285, 30874)
2022-09-01 12:30:26.088 *** Mouse movement (LeftButton) ***  Mouse coords: (119, 144) (38285, 30874)
2022-09-01 12:30:26.295 *** Process image overlay spent 0.00 seconds.
2022-09-01 12:30:26.301 *** Get cell color spent 0.01 seconds.
2022-09-01 12:30:26.420 *** Mouse movement (LeftButton) ***  Mouse coords: (134, 148) (38026, 38372)
2022-09-01 12:30:26.501 *** Process image overlay spent 0.00 seconds.
2022-09-01 12:30:26.507 *** Get cell color spent 0.01 seconds.
2022-09-01 12:30:26.623 *** Mouse movement (LeftButton) ***  Mouse coords: (145, 152) (42123, 39634)
2022-09-01 12:30:26.709 *** Process image overlay spent 0.00 seconds.
2022-09-01 12:30:26.716 *** Get cell color spent 0.01 seconds.
2022-09-01 12:30:27.048 *** Mouse movement (LeftButton) ***  Mouse coords: (561, 248) (44234, 40289)
2022-09-01 12:30:56.863 *** Program closed.
