2022-08-31 12:15:37.096 *** Start program *** Start program
2022-08-31 12:15:43.946 *** Open case *** /Applications/XAMPP/xamppfiles/htdocs/20220722_Eric_Yang
2022-08-31 12:15:48.193 *** Open processed data
2022-08-31 12:15:48.193 *** Preload all statistics at once.
2022-08-31 12:15:48.521 *** Nuclei stat data loaded, took 0.33 seconds. Total number of nuclei: 420064
2022-08-31 12:18:01.515 *** Mouse movement (LeftButton) ***  Mouse coords: (655, 343) (61240, 22439)
2022-08-31 12:18:05.983 *** Mouse movement (LeftButton) ***  Mouse coords: (522, 200) (36625, 20155)
2022-08-31 12:18:06.071 *** Mouse movement (LeftButton) ***  Mouse coords: (522, 200) (36625, 20155)
2022-08-31 12:18:06.101 *** Mouse movement (LeftButton) ***  Mouse coords: (522, 215) (36625, 20211)
2022-08-31 12:18:06.123 *** Mouse movement (LeftButton) ***  Mouse coords: (533, 252) (36665, 20293)
2022-08-31 12:18:06.143 *** Mouse movement (LeftButton) ***  Mouse coords: (538, 272) (36644, 20229)
2022-08-31 12:18:06.181 *** Mouse movement (LeftButton) ***  Mouse coords: (543, 294) (36644, 20237)
2022-08-31 12:18:06.201 *** Mouse movement (LeftButton) ***  Mouse coords: (545, 308) (36632, 20207)
2022-08-31 12:18:06.226 *** Mouse movement (LeftButton) ***  Mouse coords: (545, 311) (36625, 20166)
2022-08-31 12:18:11.981 *** Mouse movement (LeftButton) ***  Mouse coords: (880, 353) (36514, 19923)
2022-08-31 12:18:12.046 *** Mouse movement (LeftButton) ***  Mouse coords: (878, 354) (36513, 19923)
2022-08-31 12:18:12.106 *** Mouse movement (LeftButton) ***  Mouse coords: (878, 371) (36514, 19930)
2022-08-31 12:18:12.133 *** Mouse movement (LeftButton) ***  Mouse coords: (878, 404) (36514, 19936)
2022-08-31 12:18:12.176 *** Mouse movement (LeftButton) ***  Mouse coords: (878, 436) (36514, 19936)
2022-08-31 12:18:12.221 *** Mouse movement (LeftButton) ***  Mouse coords: (878, 441) (36514, 19925)
2022-08-31 12:18:12.282 *** Mouse movement (LeftButton) ***  Mouse coords: (879, 441) (36514, 19923)
2022-08-31 12:18:22.920 *** Interactive label *** (double click) click on screen. screen: (623, 535); slide: (36412, 19961). case_id: 20220722_Eric_Yang, slide_id: 3BSAIK_44643.svs, Nuclei index selected: 127747
2022-08-31 12:18:22.948 *** Interactive label *** Apply to case start.
2022-08-31 12:18:24.615 *** Mouse movement (LeftButton) ***  Mouse coords: (657, 458) (36425, 19930)
2022-08-31 12:18:24.715 *** Mouse movement (LeftButton) ***  Mouse coords: (655, 437) (36424, 19923)
2022-08-31 12:18:24.746 *** Mouse movement (LeftButton) ***  Mouse coords: (653, 432) (36425, 19929)
2022-08-31 12:18:24.788 *** Mouse movement (LeftButton) ***  Mouse coords: (652, 430) (36424, 19930)
2022-08-31 12:18:24.831 *** Mouse movement (LeftButton) ***  Mouse coords: (652, 430) (36425, 19931)
2022-08-31 12:18:25.493 *** Mouse movement (LeftButton) ***  Mouse coords: (677, 420) (36435, 19927)
2022-08-31 12:18:25.579 *** Mouse movement (LeftButton) ***  Mouse coords: (679, 420) (36436, 19927)
2022-08-31 12:18:25.640 *** Mouse movement (LeftButton) ***  Mouse coords: (681, 417) (36436, 19926)
2022-08-31 12:18:25.667 *** Mouse movement (LeftButton) ***  Mouse coords: (683, 413) (36436, 19925)
2022-08-31 12:18:25.710 *** Mouse movement (LeftButton) ***  Mouse coords: (689, 401) (36437, 19922)
2022-08-31 12:18:25.753 *** Mouse movement (LeftButton) ***  Mouse coords: (694, 372) (36437, 19916)
2022-08-31 12:18:25.799 *** Mouse movement (LeftButton) ***  Mouse coords: (695, 345) (36435, 19916)
2022-08-31 12:18:25.845 *** Mouse movement (LeftButton) ***  Mouse coords: (695, 340) (36435, 19925)
2022-08-31 12:18:25.889 *** Mouse movement (LeftButton) ***  Mouse coords: (695, 339) (36435, 19926)
2022-08-31 12:18:25.932 *** Mouse movement (LeftButton) ***  Mouse coords: (694, 338) (36435, 19927)
2022-08-31 12:18:26.975 *** Mouse movement (LeftButton) ***  Mouse coords: (672, 317) (36426, 19919)
2022-08-31 12:18:27.079 *** Mouse movement (LeftButton) ***  Mouse coords: (670, 315) (36426, 19918)
2022-08-31 12:18:27.138 *** Mouse movement (LeftButton) ***  Mouse coords: (670, 315) (36427, 19919)
2022-08-31 12:18:27.213 *** Mouse movement (LeftButton) ***  Mouse coords: (670, 314) (36427, 19918)
2022-08-31 12:18:27.272 *** Mouse movement (LeftButton) ***  Mouse coords: (670, 310) (36427, 19918)
2022-08-31 12:18:27.299 *** Mouse movement (LeftButton) ***  Mouse coords: (671, 301) (36428, 19915)
2022-08-31 12:18:27.346 *** Mouse movement (LeftButton) ***  Mouse coords: (677, 289) (36429, 19914)
2022-08-31 12:18:27.388 *** Mouse movement (LeftButton) ***  Mouse coords: (678, 286) (36428, 19918)
2022-08-31 12:18:42.352 *** Mouse movement (LeftButton) ***  Mouse coords: (690, 288) (36431, 19918)
2022-08-31 12:18:43.116 *** Mouse movement (LeftButton) ***  Mouse coords: (737, 291) (36456, 19919)
2022-08-31 12:18:43.238 *** Mouse movement (LeftButton) ***  Mouse coords: (737, 291) (36456, 19919)
2022-08-31 12:18:43.282 *** Mouse movement (LeftButton) ***  Mouse coords: (720, 305) (36447, 19927)
2022-08-31 12:18:43.325 *** Mouse movement (LeftButton) ***  Mouse coords: (704, 315) (36448, 19924)
2022-08-31 12:18:43.353 *** Mouse movement (LeftButton) ***  Mouse coords: (695, 320) (36451, 19921)
2022-08-31 12:18:43.398 *** Mouse movement (LeftButton) ***  Mouse coords: (683, 325) (36450, 19922)
2022-08-31 12:18:43.440 *** Mouse movement (LeftButton) ***  Mouse coords: (681, 326) (36455, 19919)
2022-08-31 12:18:43.481 *** Mouse movement (LeftButton) ***  Mouse coords: (681, 326) (36456, 19919)
2022-08-31 12:18:44.818 *** Mouse movement (LeftButton) ***  Mouse coords: (978, 339) (36608, 19926)
2022-08-31 12:18:44.980 *** Mouse movement (LeftButton) ***  Mouse coords: (977, 339) (36608, 19926)
2022-08-31 12:18:45.024 *** Mouse movement (LeftButton) ***  Mouse coords: (962, 343) (36600, 19928)
2022-08-31 12:18:45.067 *** Mouse movement (LeftButton) ***  Mouse coords: (946, 350) (36600, 19930)
2022-08-31 12:18:45.095 *** Mouse movement (LeftButton) ***  Mouse coords: (939, 352) (36604, 19927)
2022-08-31 12:18:45.138 *** Mouse movement (LeftButton) ***  Mouse coords: (930, 355) (36604, 19927)
2022-08-31 12:18:45.163 *** Mouse movement (LeftButton) ***  Mouse coords: (930, 355) (36608, 19926)
2022-08-31 12:18:45.184 *** Mouse movement (LeftButton) ***  Mouse coords: (930, 355) (36608, 19926)
2022-08-31 12:18:45.543 *** Mouse movement (LeftButton) ***  Mouse coords: (1045, 354) (36667, 19926)
2022-08-31 12:18:48.049 *** Mouse movement (LeftButton) ***  Mouse coords: (814, 387) (36547, 19943)
2022-08-31 12:18:48.171 *** Mouse movement (LeftButton) ***  Mouse coords: (814, 387) (36547, 19943)
2022-08-31 12:18:48.214 *** Mouse movement (LeftButton) ***  Mouse coords: (814, 406) (36547, 19953)
2022-08-31 12:18:48.257 *** Mouse movement (LeftButton) ***  Mouse coords: (814, 415) (36547, 19947)
2022-08-31 12:18:48.285 *** Mouse movement (LeftButton) ***  Mouse coords: (814, 425) (36547, 19948)
2022-08-31 12:18:48.328 *** Mouse movement (LeftButton) ***  Mouse coords: (814, 430) (36547, 19946)
2022-08-31 12:18:48.389 *** Mouse movement (LeftButton) ***  Mouse coords: (814, 430) (36547, 19943)
2022-08-31 12:18:48.411 *** Mouse movement (LeftButton) ***  Mouse coords: (814, 430) (36547, 19943)
2022-08-31 12:18:48.863 *** Mouse movement (LeftButton) ***  Mouse coords: (757, 455) (36518, 19956)
2022-08-31 12:18:49.055 *** Mouse movement (LeftButton) ***  Mouse coords: (757, 455) (36518, 19956)
2022-08-31 12:18:49.101 *** Mouse movement (LeftButton) ***  Mouse coords: (765, 439) (36522, 19947)
2022-08-31 12:18:49.147 *** Mouse movement (LeftButton) ***  Mouse coords: (772, 431) (36522, 19952)
2022-08-31 12:18:49.175 *** Mouse movement (LeftButton) ***  Mouse coords: (780, 425) (36522, 19953)
2022-08-31 12:18:49.220 *** Mouse movement (LeftButton) ***  Mouse coords: (785, 421) (36520, 19954)
2022-08-31 12:18:49.265 *** Mouse movement (LeftButton) ***  Mouse coords: (787, 420) (36519, 19956)
2022-08-31 12:18:49.310 *** Mouse movement (LeftButton) ***  Mouse coords: (787, 419) (36518, 19955)
2022-08-31 12:18:49.460 *** Keyboard input *** key pressed: key: 77; text: "m"
2022-08-31 12:18:49.463 *** Process image overlay spent 0.00 seconds.
2022-08-31 12:18:49.464 *** Get cell color spent 0.00 seconds.
2022-08-31 12:18:50.124 *** Mouse movement (LeftButton) ***  Mouse coords: (744, 403) (36496, 19948)
2022-08-31 12:18:50.166 *** Process image overlay spent 0.00 seconds.
2022-08-31 12:18:50.167 *** Get cell color spent 0.00 seconds.
2022-08-31 12:18:50.203 *** Process image overlay spent 0.00 seconds.
2022-08-31 12:18:50.204 *** Get cell color spent 0.00 seconds.
2022-08-31 12:18:50.227 *** Mouse movement (LeftButton) ***  Mouse coords: (744, 403) (36496, 19949)
2022-08-31 12:18:50.230 *** Process image overlay spent 0.00 seconds.
2022-08-31 12:18:50.231 *** Get cell color spent 0.00 seconds.
2022-08-31 12:18:50.257 *** Mouse movement (LeftButton) ***  Mouse coords: (752, 394) (36500, 19944)
2022-08-31 12:18:50.260 *** Process image overlay spent 0.00 seconds.
2022-08-31 12:18:50.261 *** Get cell color spent 0.00 seconds.
2022-08-31 12:18:50.295 *** Process image overlay spent 0.00 seconds.
2022-08-31 12:18:50.297 *** Get cell color spent 0.00 seconds.
2022-08-31 12:18:50.318 *** Mouse movement (LeftButton) ***  Mouse coords: (775, 376) (36508, 19940)
2022-08-31 12:18:50.321 *** Process image overlay spent 0.00 seconds.
2022-08-31 12:18:50.322 *** Get cell color spent 0.00 seconds.
2022-08-31 12:18:50.352 *** Process image overlay spent 0.00 seconds.
2022-08-31 12:18:50.353 *** Get cell color spent 0.00 seconds.
2022-08-31 12:18:50.358 *** Mouse movement (LeftButton) ***  Mouse coords: (795, 365) (36506, 19943)
2022-08-31 12:18:50.377 *** Process image overlay spent 0.00 seconds.
2022-08-31 12:18:50.378 *** Get cell color spent 0.00 seconds.
2022-08-31 12:18:50.412 *** Process image overlay spent 0.00 seconds.
2022-08-31 12:18:50.413 *** Get cell color spent 0.00 seconds.
2022-08-31 12:18:50.418 *** Mouse movement (LeftButton) ***  Mouse coords: (805, 363) (36502, 19948)
2022-08-31 12:18:50.436 *** Process image overlay spent 0.00 seconds.
2022-08-31 12:18:50.438 *** Get cell color spent 0.00 seconds.
2022-08-31 12:18:50.469 *** Process image overlay spent 0.00 seconds.
2022-08-31 12:18:50.470 *** Get cell color spent 0.00 seconds.
2022-08-31 12:18:51.280 *** Process image overlay spent 0.00 seconds.
2022-08-31 12:18:51.282 *** Get cell color spent 0.00 seconds.
2022-08-31 12:18:51.321 *** Process image overlay spent 0.00 seconds.
2022-08-31 12:18:51.322 *** Get cell color spent 0.00 seconds.
2022-08-31 12:18:51.369 *** Process image overlay spent 0.00 seconds.
2022-08-31 12:18:51.370 *** Get cell color spent 0.00 seconds.
2022-08-31 12:18:51.397 *** Process image overlay spent 0.00 seconds.
2022-08-31 12:18:51.398 *** Get cell color spent 0.00 seconds.
2022-08-31 12:18:51.435 *** Process image overlay spent 0.00 seconds.
2022-08-31 12:18:51.436 *** Get cell color spent 0.00 seconds.
2022-08-31 12:18:51.463 *** Process image overlay spent 0.00 seconds.
2022-08-31 12:18:51.465 *** Get cell color spent 0.00 seconds.
2022-08-31 12:18:51.503 *** Process image overlay spent 0.00 seconds.
2022-08-31 12:18:51.505 *** Get cell color spent 0.00 seconds.
2022-08-31 12:18:51.532 *** Process image overlay spent 0.00 seconds.
2022-08-31 12:18:51.533 *** Get cell color spent 0.00 seconds.
2022-08-31 12:18:51.570 *** Process image overlay spent 0.00 seconds.
2022-08-31 12:18:51.571 *** Get cell color spent 0.00 seconds.
2022-08-31 12:18:51.619 *** Process image overlay spent 0.00 seconds.
2022-08-31 12:18:51.620 *** Get cell color spent 0.00 seconds.
2022-08-31 12:18:51.642 *** Process image overlay spent 0.00 seconds.
2022-08-31 12:18:51.643 *** Get cell color spent 0.00 seconds.
2022-08-31 12:18:52.246 *** Process image overlay spent 0.00 seconds.
2022-08-31 12:18:52.248 *** Get cell color spent 0.00 seconds.
2022-08-31 12:18:52.260 *** Process image overlay spent 0.00 seconds.
2022-08-31 12:18:52.261 *** Get cell color spent 0.00 seconds.
2022-08-31 12:18:52.286 *** Process image overlay spent 0.00 seconds.
2022-08-31 12:18:52.287 *** Get cell color spent 0.00 seconds.
2022-08-31 12:18:52.311 *** Process image overlay spent 0.00 seconds.
2022-08-31 12:18:52.312 *** Get cell color spent 0.00 seconds.
2022-08-31 12:18:52.337 *** Process image overlay spent 0.00 seconds.
2022-08-31 12:18:52.338 *** Get cell color spent 0.00 seconds.
2022-08-31 12:18:52.360 *** Process image overlay spent 0.00 seconds.
2022-08-31 12:18:52.361 *** Get cell color spent 0.00 seconds.
2022-08-31 12:18:52.386 *** Process image overlay spent 0.00 seconds.
2022-08-31 12:18:52.387 *** Get cell color spent 0.00 seconds.
2022-08-31 12:18:52.409 *** Process image overlay spent 0.00 seconds.
2022-08-31 12:18:52.410 *** Get cell color spent 0.00 seconds.
2022-08-31 12:18:52.435 *** Process image overlay spent 0.00 seconds.
2022-08-31 12:18:52.436 *** Get cell color spent 0.00 seconds.
2022-08-31 12:18:52.458 *** Process image overlay spent 0.00 seconds.
2022-08-31 12:18:52.459 *** Get cell color spent 0.00 seconds.
2022-08-31 12:18:52.486 *** Process image overlay spent 0.00 seconds.
2022-08-31 12:18:52.487 *** Get cell color spent 0.00 seconds.
2022-08-31 12:18:52.511 *** Process image overlay spent 0.00 seconds.
2022-08-31 12:18:52.512 *** Get cell color spent 0.00 seconds.
2022-08-31 12:18:52.537 *** Process image overlay spent 0.00 seconds.
2022-08-31 12:18:52.538 *** Get cell color spent 0.00 seconds.
2022-08-31 12:18:52.566 *** Process image overlay spent 0.00 seconds.
2022-08-31 12:18:52.567 *** Get cell color spent 0.00 seconds.
2022-08-31 12:18:52.591 *** Process image overlay spent 0.00 seconds.
2022-08-31 12:18:52.592 *** Get cell color spent 0.00 seconds.
2022-08-31 12:18:52.616 *** Process image overlay spent 0.00 seconds.
2022-08-31 12:18:52.617 *** Get cell color spent 0.00 seconds.
2022-08-31 12:18:52.642 *** Process image overlay spent 0.00 seconds.
2022-08-31 12:18:52.643 *** Get cell color spent 0.00 seconds.
2022-08-31 12:18:52.915 *** Process image overlay spent 0.00 seconds.
2022-08-31 12:18:52.918 *** Get cell color spent 0.00 seconds.
2022-08-31 12:18:52.957 *** Process image overlay spent 0.00 seconds.
2022-08-31 12:18:52.958 *** Get cell color spent 0.00 seconds.
2022-08-31 12:18:53.003 *** Process image overlay spent 0.00 seconds.
2022-08-31 12:18:53.004 *** Get cell color spent 0.00 seconds.
2022-08-31 12:18:53.033 *** Process image overlay spent 0.00 seconds.
2022-08-31 12:18:53.034 *** Get cell color spent 0.00 seconds.
2022-08-31 12:18:53.058 *** Process image overlay spent 0.00 seconds.
2022-08-31 12:18:53.060 *** Get cell color spent 0.00 seconds.
2022-08-31 12:18:53.086 *** Process image overlay spent 0.00 seconds.
2022-08-31 12:18:53.087 *** Get cell color spent 0.00 seconds.
2022-08-31 12:18:53.407 *** Process image overlay spent 0.00 seconds.
2022-08-31 12:18:53.410 *** Get cell color spent 0.00 seconds.
2022-08-31 12:18:53.453 *** Process image overlay spent 0.00 seconds.
2022-08-31 12:18:53.454 *** Get cell color spent 0.00 seconds.
2022-08-31 12:18:53.503 *** Process image overlay spent 0.00 seconds.
2022-08-31 12:18:53.504 *** Get cell color spent 0.00 seconds.
2022-08-31 12:18:53.538 *** Process image overlay spent 0.00 seconds.
2022-08-31 12:18:53.539 *** Get cell color spent 0.00 seconds.
2022-08-31 12:18:53.567 *** Process image overlay spent 0.00 seconds.
2022-08-31 12:18:53.569 *** Get cell color spent 0.00 seconds.
2022-08-31 12:18:53.600 *** Process image overlay spent 0.00 seconds.
2022-08-31 12:18:53.601 *** Get cell color spent 0.00 seconds.
2022-08-31 12:18:56.628 *** Interactive label *** (double click) click on screen. screen: (576, 365); slide: (36420, 19924). case_id: 20220722_Eric_Yang, slide_id: 3BSAIK_44643.svs, Nuclei index selected: 130015
2022-08-31 12:18:56.672 *** Interactive label *** Apply to case start.
2022-08-31 12:18:57.919 *** Interactive label *** Apply to case done.
2022-08-31 12:18:58.862 *** Interactive label *** Apply to case finish overlay create.
2022-08-31 12:18:58.864 *** Process image overlay spent 0.00 seconds.
2022-08-31 12:18:58.865 *** Get cell color spent 0.00 seconds.
2022-08-31 12:18:59.276 *** Mouse movement (LeftButton) ***  Mouse coords: (651, 336) (36478, 19901)
2022-08-31 12:18:59.313 *** Process image overlay spent 0.00 seconds.
2022-08-31 12:18:59.315 *** Get cell color spent 0.00 seconds.
2022-08-31 12:18:59.446 *** Mouse movement (LeftButton) ***  Mouse coords: (651, 337) (36478, 19902)
2022-08-31 12:18:59.471 *** Process image overlay spent 0.00 seconds.
2022-08-31 12:18:59.473 *** Get cell color spent 0.00 seconds.
2022-08-31 12:18:59.511 *** Process image overlay spent 0.00 seconds.
2022-08-31 12:18:59.512 *** Get cell color spent 0.00 seconds.
2022-08-31 12:18:59.540 *** Mouse movement (LeftButton) ***  Mouse coords: (659, 343) (36485, 19906)
2022-08-31 12:18:59.543 *** Process image overlay spent 0.00 seconds.
2022-08-31 12:18:59.544 *** Get cell color spent 0.00 seconds.
2022-08-31 12:18:59.581 *** Process image overlay spent 0.00 seconds.
2022-08-31 12:18:59.582 *** Get cell color spent 0.00 seconds.
2022-08-31 12:18:59.592 *** Mouse movement (LeftButton) ***  Mouse coords: (663, 348) (36481, 19905)
2022-08-31 12:18:59.611 *** Process image overlay spent 0.00 seconds.
2022-08-31 12:18:59.612 *** Get cell color spent 0.00 seconds.
2022-08-31 12:18:59.649 *** Process image overlay spent 0.00 seconds.
2022-08-31 12:18:59.650 *** Get cell color spent 0.00 seconds.
2022-08-31 12:18:59.660 *** Mouse movement (LeftButton) ***  Mouse coords: (672, 354) (36485, 19905)
2022-08-31 12:18:59.679 *** Process image overlay spent 0.00 seconds.
2022-08-31 12:18:59.680 *** Get cell color spent 0.00 seconds.
2022-08-31 12:18:59.717 *** Process image overlay spent 0.00 seconds.
2022-08-31 12:18:59.719 *** Get cell color spent 0.00 seconds.
2022-08-31 12:18:59.728 *** Mouse movement (LeftButton) ***  Mouse coords: (678, 358) (36482, 19904)
2022-08-31 12:18:59.749 *** Process image overlay spent 0.00 seconds.
2022-08-31 12:18:59.750 *** Get cell color spent 0.00 seconds.
2022-08-31 12:18:59.788 *** Process image overlay spent 0.00 seconds.
2022-08-31 12:18:59.789 *** Get cell color spent 0.00 seconds.
2022-08-31 12:18:59.800 *** Mouse movement (LeftButton) ***  Mouse coords: (679, 358) (36479, 19901)
2022-08-31 12:18:59.819 *** Process image overlay spent 0.00 seconds.
2022-08-31 12:18:59.820 *** Get cell color spent 0.00 seconds.
2022-08-31 12:18:59.855 *** Process image overlay spent 0.00 seconds.
2022-08-31 12:18:59.856 *** Get cell color spent 0.00 seconds.
2022-08-31 12:19:00.538 *** Process image overlay spent 0.00 seconds.
2022-08-31 12:19:00.540 *** Get cell color spent 0.00 seconds.
2022-08-31 12:19:00.585 *** Process image overlay spent 0.00 seconds.
2022-08-31 12:19:00.587 *** Get cell color spent 0.00 seconds.
2022-08-31 12:19:00.636 *** Process image overlay spent 0.00 seconds.
2022-08-31 12:19:00.638 *** Get cell color spent 0.00 seconds.
2022-08-31 12:19:00.671 *** Process image overlay spent 0.00 seconds.
2022-08-31 12:19:00.673 *** Get cell color spent 0.00 seconds.
2022-08-31 12:19:00.719 *** Process image overlay spent 0.00 seconds.
2022-08-31 12:19:00.720 *** Get cell color spent 0.00 seconds.
2022-08-31 12:19:00.754 *** Process image overlay spent 0.00 seconds.
2022-08-31 12:19:00.755 *** Get cell color spent 0.00 seconds.
2022-08-31 12:19:00.793 *** Process image overlay spent 0.00 seconds.
2022-08-31 12:19:00.795 *** Get cell color spent 0.00 seconds.
2022-08-31 12:19:00.825 *** Process image overlay spent 0.00 seconds.
2022-08-31 12:19:00.826 *** Get cell color spent 0.00 seconds.
2022-08-31 12:19:00.870 *** Process image overlay spent 0.00 seconds.
2022-08-31 12:19:00.871 *** Get cell color spent 0.00 seconds.
2022-08-31 12:19:00.899 *** Process image overlay spent 0.00 seconds.
2022-08-31 12:19:00.900 *** Get cell color spent 0.00 seconds.
2022-08-31 12:19:00.927 *** Process image overlay spent 0.00 seconds.
2022-08-31 12:19:00.928 *** Get cell color spent 0.00 seconds.
2022-08-31 12:19:00.957 *** Process image overlay spent 0.00 seconds.
2022-08-31 12:19:00.959 *** Get cell color spent 0.00 seconds.
2022-08-31 12:19:01.580 *** Process image overlay spent 0.00 seconds.
2022-08-31 12:19:01.581 *** Get cell color spent 0.00 seconds.
2022-08-31 12:19:01.608 *** Process image overlay spent 0.00 seconds.
2022-08-31 12:19:01.609 *** Get cell color spent 0.00 seconds.
2022-08-31 12:19:01.634 *** Process image overlay spent 0.00 seconds.
2022-08-31 12:19:01.635 *** Get cell color spent 0.00 seconds.
2022-08-31 12:19:01.665 *** Process image overlay spent 0.00 seconds.
2022-08-31 12:19:01.667 *** Get cell color spent 0.00 seconds.
2022-08-31 12:19:01.690 *** Process image overlay spent 0.00 seconds.
2022-08-31 12:19:01.691 *** Get cell color spent 0.00 seconds.
2022-08-31 12:19:01.717 *** Process image overlay spent 0.00 seconds.
2022-08-31 12:19:01.718 *** Get cell color spent 0.00 seconds.
2022-08-31 12:19:01.749 *** Process image overlay spent 0.00 seconds.
2022-08-31 12:19:01.750 *** Get cell color spent 0.00 seconds.
2022-08-31 12:19:01.775 *** Process image overlay spent 0.00 seconds.
2022-08-31 12:19:01.776 *** Get cell color spent 0.00 seconds.
2022-08-31 12:19:01.803 *** Process image overlay spent 0.00 seconds.
2022-08-31 12:19:01.804 *** Get cell color spent 0.00 seconds.
2022-08-31 12:19:01.828 *** Process image overlay spent 0.00 seconds.
2022-08-31 12:19:01.829 *** Get cell color spent 0.00 seconds.
2022-08-31 12:19:01.858 *** Process image overlay spent 0.00 seconds.
2022-08-31 12:19:01.859 *** Get cell color spent 0.00 seconds.
2022-08-31 12:19:01.883 *** Process image overlay spent 0.00 seconds.
2022-08-31 12:19:01.884 *** Get cell color spent 0.00 seconds.
2022-08-31 12:19:01.911 *** Process image overlay spent 0.00 seconds.
2022-08-31 12:19:01.913 *** Get cell color spent 0.00 seconds.
2022-08-31 12:19:01.945 *** Process image overlay spent 0.00 seconds.
2022-08-31 12:19:01.947 *** Get cell color spent 0.00 seconds.
2022-08-31 12:19:01.969 *** Process image overlay spent 0.00 seconds.
2022-08-31 12:19:01.970 *** Get cell color spent 0.00 seconds.
2022-08-31 12:19:01.994 *** Process image overlay spent 0.00 seconds.
2022-08-31 12:19:01.995 *** Get cell color spent 0.00 seconds.
2022-08-31 12:19:02.024 *** Process image overlay spent 0.00 seconds.
2022-08-31 12:19:02.025 *** Get cell color spent 0.00 seconds.
2022-08-31 12:19:02.049 *** Process image overlay spent 0.00 seconds.
2022-08-31 12:19:02.050 *** Get cell color spent 0.00 seconds.
2022-08-31 12:19:02.076 *** Process image overlay spent 0.00 seconds.
2022-08-31 12:19:02.077 *** Get cell color spent 0.00 seconds.
2022-08-31 12:19:02.101 *** Process image overlay spent 0.00 seconds.
2022-08-31 12:19:02.102 *** Get cell color spent 0.00 seconds.
2022-08-31 12:19:02.131 *** Process image overlay spent 0.00 seconds.
2022-08-31 12:19:02.132 *** Get cell color spent 0.00 seconds.
2022-08-31 12:19:02.158 *** Process image overlay spent 0.00 seconds.
2022-08-31 12:19:02.159 *** Get cell color spent 0.00 seconds.
2022-08-31 12:19:02.186 *** Process image overlay spent 0.00 seconds.
2022-08-31 12:19:02.187 *** Get cell color spent 0.00 seconds.
2022-08-31 12:19:02.211 *** Process image overlay spent 0.00 seconds.
2022-08-31 12:19:02.212 *** Get cell color spent 0.00 seconds.
2022-08-31 12:19:02.241 *** Process image overlay spent 0.00 seconds.
2022-08-31 12:19:02.242 *** Get cell color spent 0.00 seconds.
2022-08-31 12:19:02.267 *** Process image overlay spent 0.00 seconds.
2022-08-31 12:19:02.268 *** Get cell color spent 0.00 seconds.
2022-08-31 12:19:02.294 *** Process image overlay spent 0.00 seconds.
2022-08-31 12:19:02.296 *** Get cell color spent 0.00 seconds.
2022-08-31 12:19:02.320 *** Process image overlay spent 0.00 seconds.
2022-08-31 12:19:02.321 *** Get cell color spent 0.00 seconds.
2022-08-31 12:19:02.349 *** Process image overlay spent 0.00 seconds.
2022-08-31 12:19:02.350 *** Get cell color spent 0.00 seconds.
2022-08-31 12:19:02.375 *** Process image overlay spent 0.00 seconds.
2022-08-31 12:19:02.376 *** Get cell color spent 0.00 seconds.
2022-08-31 12:19:02.402 *** Process image overlay spent 0.00 seconds.
2022-08-31 12:19:02.403 *** Get cell color spent 0.00 seconds.
2022-08-31 12:19:02.426 *** Process image overlay spent 0.00 seconds.
2022-08-31 12:19:02.427 *** Get cell color spent 0.00 seconds.
2022-08-31 12:19:02.451 *** Process image overlay spent 0.00 seconds.
2022-08-31 12:19:02.452 *** Get cell color spent 0.00 seconds.
2022-08-31 12:19:03.247 *** Process image overlay spent 0.00 seconds.
2022-08-31 12:19:03.249 *** Get cell color spent 0.00 seconds.
2022-08-31 12:19:03.286 *** Process image overlay spent 0.00 seconds.
2022-08-31 12:19:03.288 *** Get cell color spent 0.00 seconds.
2022-08-31 12:19:03.328 *** Process image overlay spent 0.00 seconds.
2022-08-31 12:19:03.329 *** Get cell color spent 0.00 seconds.
2022-08-31 12:19:03.362 *** Process image overlay spent 0.00 seconds.
2022-08-31 12:19:03.363 *** Get cell color spent 0.00 seconds.
2022-08-31 12:19:03.393 *** Process image overlay spent 0.00 seconds.
2022-08-31 12:19:03.394 *** Get cell color spent 0.00 seconds.
2022-08-31 12:19:03.424 *** Process image overlay spent 0.00 seconds.
2022-08-31 12:19:03.425 *** Get cell color spent 0.00 seconds.
2022-08-31 12:19:03.832 *** Process image overlay spent 0.00 seconds.
2022-08-31 12:19:03.834 *** Get cell color spent 0.00 seconds.
2022-08-31 12:19:03.876 *** Process image overlay spent 0.00 seconds.
2022-08-31 12:19:03.877 *** Get cell color spent 0.00 seconds.
2022-08-31 12:19:03.927 *** Process image overlay spent 0.00 seconds.
2022-08-31 12:19:03.928 *** Get cell color spent 0.00 seconds.
2022-08-31 12:19:03.965 *** Process image overlay spent 0.00 seconds.
2022-08-31 12:19:03.966 *** Get cell color spent 0.00 seconds.
2022-08-31 12:19:04.001 *** Process image overlay spent 0.00 seconds.
2022-08-31 12:19:04.002 *** Get cell color spent 0.00 seconds.
2022-08-31 12:19:04.037 *** Process image overlay spent 0.00 seconds.
2022-08-31 12:19:04.038 *** Get cell color spent 0.00 seconds.
2022-08-31 12:19:04.567 *** Mouse movement (LeftButton) ***  Mouse coords: (639, 458) (36445, 19966)
2022-08-31 12:19:04.602 *** Process image overlay spent 0.00 seconds.
2022-08-31 12:19:04.603 *** Get cell color spent 0.00 seconds.
2022-08-31 12:19:04.705 *** Mouse movement (LeftButton) ***  Mouse coords: (639, 457) (36445, 19965)
2022-08-31 12:19:04.727 *** Process image overlay spent 0.00 seconds.
2022-08-31 12:19:04.728 *** Get cell color spent 0.00 seconds.
2022-08-31 12:19:04.771 *** Process image overlay spent 0.00 seconds.
2022-08-31 12:19:04.772 *** Get cell color spent 0.00 seconds.
2022-08-31 12:19:04.800 *** Mouse movement (LeftButton) ***  Mouse coords: (652, 424) (36457, 19936)
2022-08-31 12:19:04.803 *** Process image overlay spent 0.00 seconds.
2022-08-31 12:19:04.804 *** Get cell color spent 0.00 seconds.
2022-08-31 12:19:04.847 *** Process image overlay spent 0.00 seconds.
2022-08-31 12:19:04.848 *** Get cell color spent 0.00 seconds.
2022-08-31 12:19:04.860 *** Mouse movement (LeftButton) ***  Mouse coords: (675, 388) (36466, 19933)
2022-08-31 12:19:04.878 *** Process image overlay spent 0.00 seconds.
2022-08-31 12:19:04.879 *** Get cell color spent 0.00 seconds.
2022-08-31 12:19:04.918 *** Process image overlay spent 0.00 seconds.
2022-08-31 12:19:04.920 *** Get cell color spent 0.00 seconds.
2022-08-31 12:19:04.932 *** Mouse movement (LeftButton) ***  Mouse coords: (679, 384) (36448, 19963)
2022-08-31 12:19:04.952 *** Process image overlay spent 0.00 seconds.
2022-08-31 12:19:04.953 *** Get cell color spent 0.00 seconds.
2022-08-31 12:19:04.990 *** Process image overlay spent 0.00 seconds.
2022-08-31 12:19:04.991 *** Get cell color spent 0.00 seconds.
2022-08-31 12:19:05.003 *** Mouse movement (LeftButton) ***  Mouse coords: (679, 383) (36445, 19965)
2022-08-31 12:19:05.024 *** Process image overlay spent 0.00 seconds.
2022-08-31 12:19:05.025 *** Get cell color spent 0.00 seconds.
2022-08-31 12:19:05.062 *** Process image overlay spent 0.00 seconds.
2022-08-31 12:19:05.063 *** Get cell color spent 0.00 seconds.
2022-08-31 12:19:05.348 *** Process image overlay spent 0.00 seconds.
2022-08-31 12:19:05.349 *** Get cell color spent 0.00 seconds.
2022-08-31 12:19:05.386 *** Process image overlay spent 0.00 seconds.
2022-08-31 12:19:05.387 *** Get cell color spent 0.00 seconds.
2022-08-31 12:19:05.420 *** Process image overlay spent 0.00 seconds.
2022-08-31 12:19:05.421 *** Get cell color spent 0.00 seconds.
2022-08-31 12:19:05.453 *** Process image overlay spent 0.00 seconds.
2022-08-31 12:19:05.455 *** Get cell color spent 0.00 seconds.
2022-08-31 12:19:05.590 *** Process image overlay spent 0.00 seconds.
2022-08-31 12:19:05.592 *** Get cell color spent 0.00 seconds.
2022-08-31 12:19:06.730 *** Process image overlay spent 0.00 seconds.
2022-08-31 12:19:06.731 *** Get cell color spent 0.00 seconds.
2022-08-31 12:19:06.768 *** Process image overlay spent 0.00 seconds.
2022-08-31 12:19:06.769 *** Get cell color spent 0.00 seconds.
2022-08-31 12:19:06.807 *** Process image overlay spent 0.00 seconds.
2022-08-31 12:19:06.808 *** Get cell color spent 0.00 seconds.
2022-08-31 12:19:06.844 *** Process image overlay spent 0.00 seconds.
2022-08-31 12:19:06.846 *** Get cell color spent 0.00 seconds.
2022-08-31 12:19:06.880 *** Process image overlay spent 0.00 seconds.
2022-08-31 12:19:06.881 *** Get cell color spent 0.00 seconds.
2022-08-31 12:19:07.317 *** Process image overlay spent 0.00 seconds.
2022-08-31 12:19:07.320 *** Get cell color spent 0.00 seconds.
2022-08-31 12:19:07.367 *** Process image overlay spent 0.00 seconds.
2022-08-31 12:19:07.368 *** Get cell color spent 0.00 seconds.
2022-08-31 12:19:07.420 *** Process image overlay spent 0.00 seconds.
2022-08-31 12:19:07.421 *** Get cell color spent 0.00 seconds.
2022-08-31 12:19:07.454 *** Process image overlay spent 0.00 seconds.
2022-08-31 12:19:07.455 *** Get cell color spent 0.00 seconds.
2022-08-31 12:19:07.503 *** Process image overlay spent 0.00 seconds.
2022-08-31 12:19:07.504 *** Get cell color spent 0.00 seconds.
2022-08-31 12:19:07.535 *** Process image overlay spent 0.00 seconds.
2022-08-31 12:19:07.536 *** Get cell color spent 0.00 seconds.
2022-08-31 12:19:07.559 *** Process image overlay spent 0.00 seconds.
2022-08-31 12:19:07.560 *** Get cell color spent 0.00 seconds.
2022-08-31 12:19:07.585 *** Process image overlay spent 0.00 seconds.
2022-08-31 12:19:07.586 *** Get cell color spent 0.00 seconds.
2022-08-31 12:59:30.730 *** Mouse movement (LeftButton) ***  Mouse coords: (507, 533) (36363, 20055)
2022-08-31 12:59:30.790 *** Process image overlay spent 0.00 seconds.
2022-08-31 12:59:30.794 *** Get cell color spent 0.00 seconds.
2022-08-31 12:59:30.852 *** Mouse movement (LeftButton) ***  Mouse coords: (507, 533) (36363, 20055)
2022-08-31 12:59:30.876 *** Process image overlay spent 0.00 seconds.
2022-08-31 12:59:30.877 *** Get cell color spent 0.00 seconds.
2022-08-31 12:59:30.902 *** Mouse movement (LeftButton) ***  Mouse coords: (496, 545) (36357, 20061)
2022-08-31 12:59:30.910 *** Process image overlay spent 0.00 seconds.
2022-08-31 12:59:30.912 *** Get cell color spent 0.00 seconds.
2022-08-31 12:59:30.953 *** Process image overlay spent 0.00 seconds.
2022-08-31 12:59:30.954 *** Get cell color spent 0.00 seconds.
2022-08-31 12:59:30.960 *** Mouse movement (LeftButton) ***  Mouse coords: (487, 554) (36359, 20060)
2022-08-31 12:59:30.980 *** Process image overlay spent 0.00 seconds.
2022-08-31 12:59:30.981 *** Get cell color spent 0.00 seconds.
2022-08-31 12:59:31.021 *** Process image overlay spent 0.00 seconds.
2022-08-31 12:59:31.022 *** Get cell color spent 0.00 seconds.
2022-08-31 12:59:31.027 *** Mouse movement (LeftButton) ***  Mouse coords: (466, 580) (36352, 20068)
2022-08-31 12:59:31.048 *** Process image overlay spent 0.00 seconds.
2022-08-31 12:59:31.049 *** Get cell color spent 0.00 seconds.
2022-08-31 12:59:31.086 *** Process image overlay spent 0.00 seconds.
2022-08-31 12:59:31.087 *** Get cell color spent 0.00 seconds.
2022-08-31 12:59:31.093 *** Mouse movement (LeftButton) ***  Mouse coords: (465, 581) (36363, 20055)
2022-08-31 12:59:31.114 *** Process image overlay spent 0.00 seconds.
2022-08-31 12:59:31.115 *** Get cell color spent 0.00 seconds.
2022-08-31 12:59:31.634 *** Process image overlay spent 0.00 seconds.
2022-08-31 12:59:31.636 *** Get cell color spent 0.00 seconds.
2022-08-31 12:59:31.681 *** Process image overlay spent 0.00 seconds.
2022-08-31 12:59:31.682 *** Get cell color spent 0.00 seconds.
2022-08-31 12:59:31.712 *** Process image overlay spent 0.00 seconds.
2022-08-31 12:59:31.713 *** Get cell color spent 0.00 seconds.
2022-08-31 12:59:31.746 *** Process image overlay spent 0.00 seconds.
2022-08-31 12:59:31.747 *** Get cell color spent 0.00 seconds.
2022-08-31 13:00:17.246 *** Mouse movement (LeftButton) ***  Mouse coords: (753, 468) (36417, 20092)
2022-08-31 13:00:17.281 *** Process image overlay spent 0.00 seconds.
2022-08-31 13:00:17.283 *** Get cell color spent 0.00 seconds.
2022-08-31 13:00:17.316 *** Mouse movement (LeftButton) ***  Mouse coords: (740, 510) (36407, 20125)
2022-08-31 13:00:17.318 *** Process image overlay spent 0.00 seconds.
2022-08-31 13:00:17.319 *** Get cell color spent 0.00 seconds.
2022-08-31 13:00:17.358 *** Process image overlay spent 0.00 seconds.
2022-08-31 13:00:17.360 *** Get cell color spent 0.00 seconds.
2022-08-31 13:00:17.386 *** Mouse movement (LeftButton) ***  Mouse coords: (734, 520) (36412, 20100)
2022-08-31 13:00:17.390 *** Process image overlay spent 0.00 seconds.
2022-08-31 13:00:17.391 *** Get cell color spent 0.00 seconds.
2022-08-31 13:00:17.426 *** Process image overlay spent 0.00 seconds.
2022-08-31 13:00:17.427 *** Get cell color spent 0.00 seconds.
2022-08-31 13:00:17.437 *** Mouse movement (LeftButton) ***  Mouse coords: (728, 525) (36412, 20096)
2022-08-31 13:00:17.456 *** Process image overlay spent 0.00 seconds.
2022-08-31 13:00:17.457 *** Get cell color spent 0.00 seconds.
2022-08-31 13:00:17.491 *** Process image overlay spent 0.00 seconds.
2022-08-31 13:00:17.492 *** Get cell color spent 0.00 seconds.
2022-08-31 13:00:17.502 *** Mouse movement (LeftButton) ***  Mouse coords: (724, 528) (36414, 20094)
2022-08-31 13:00:17.521 *** Process image overlay spent 0.00 seconds.
2022-08-31 13:00:17.522 *** Get cell color spent 0.00 seconds.
2022-08-31 13:00:17.562 *** Process image overlay spent 0.00 seconds.
2022-08-31 13:00:17.564 *** Get cell color spent 0.00 seconds.
2022-08-31 13:00:17.573 *** Mouse movement (LeftButton) ***  Mouse coords: (724, 528) (36417, 20092)
2022-08-31 13:00:17.592 *** Process image overlay spent 0.00 seconds.
2022-08-31 13:00:17.593 *** Get cell color spent 0.00 seconds.
2022-08-31 13:00:17.622 *** Mouse movement (LeftButton) ***  Mouse coords: (723, 528) (36416, 20092)
2022-08-31 13:00:17.624 *** Process image overlay spent 0.00 seconds.
2022-08-31 13:00:17.625 *** Get cell color spent 0.00 seconds.
2022-08-31 13:00:17.666 *** Process image overlay spent 0.00 seconds.
2022-08-31 13:00:17.667 *** Get cell color spent 0.00 seconds.
2022-08-31 13:00:19.575 *** Process image overlay spent 0.00 seconds.
2022-08-31 13:00:19.576 *** Get cell color spent 0.00 seconds.
2022-08-31 13:00:19.612 *** Process image overlay spent 0.00 seconds.
2022-08-31 13:00:19.613 *** Get cell color spent 0.00 seconds.
2022-08-31 13:00:19.659 *** Process image overlay spent 0.00 seconds.
2022-08-31 13:00:19.660 *** Get cell color spent 0.00 seconds.
2022-08-31 13:00:19.692 *** Process image overlay spent 0.00 seconds.
2022-08-31 13:00:19.693 *** Get cell color spent 0.00 seconds.
2022-08-31 13:00:19.733 *** Process image overlay spent 0.00 seconds.
2022-08-31 13:00:19.734 *** Get cell color spent 0.00 seconds.
2022-08-31 13:00:19.760 *** Process image overlay spent 0.00 seconds.
2022-08-31 13:00:19.761 *** Get cell color spent 0.00 seconds.
2022-08-31 13:00:20.776 *** Interactive label *** (double click) click on screen. screen: (677, 487); slide: (36413, 20125). case_id: 20220722_Eric_Yang, slide_id: 3BSAIK_44643.svs, Nuclei index selected: 129262
2022-08-31 13:00:20.805 *** Interactive label *** Apply to case start.
2022-08-31 13:00:22.042 *** Interactive label *** Apply to case done.
2022-08-31 13:00:22.100 *** Interactive label *** Apply to case finish overlay create.
2022-08-31 13:00:22.102 *** Process image overlay spent 0.00 seconds.
2022-08-31 13:00:22.103 *** Get cell color spent 0.00 seconds.
2022-08-31 13:00:23.514 *** Mouse movement (LeftButton) ***  Mouse coords: (699, 367) (36424, 20065)
2022-08-31 13:00:23.552 *** Process image overlay spent 0.00 seconds.
2022-08-31 13:00:23.554 *** Get cell color spent 0.00 seconds.
2022-08-31 13:00:23.610 *** Mouse movement (LeftButton) ***  Mouse coords: (699, 368) (36424, 20066)
2022-08-31 13:00:23.631 *** Process image overlay spent 0.00 seconds.
2022-08-31 13:00:23.632 *** Get cell color spent 0.00 seconds.
2022-08-31 13:00:23.665 *** Process image overlay spent 0.00 seconds.
2022-08-31 13:00:23.666 *** Get cell color spent 0.00 seconds.
2022-08-31 13:00:23.689 *** Mouse movement (LeftButton) ***  Mouse coords: (699, 379) (36424, 20070)
2022-08-31 13:00:23.691 *** Process image overlay spent 0.00 seconds.
2022-08-31 13:00:23.693 *** Get cell color spent 0.00 seconds.
2022-08-31 13:00:23.727 *** Process image overlay spent 0.00 seconds.
2022-08-31 13:00:23.728 *** Get cell color spent 0.00 seconds.
2022-08-31 13:00:23.733 *** Mouse movement (LeftButton) ***  Mouse coords: (691, 401) (36420, 20076)
2022-08-31 13:00:23.753 *** Process image overlay spent 0.00 seconds.
2022-08-31 13:00:23.754 *** Get cell color spent 0.00 seconds.
2022-08-31 13:00:23.787 *** Process image overlay spent 0.00 seconds.
2022-08-31 13:00:23.789 *** Get cell color spent 0.00 seconds.
2022-08-31 13:00:23.795 *** Mouse movement (LeftButton) ***  Mouse coords: (682, 429) (36419, 20079)
2022-08-31 13:00:23.814 *** Process image overlay spent 0.00 seconds.
2022-08-31 13:00:23.815 *** Get cell color spent 0.00 seconds.
2022-08-31 13:00:23.846 *** Process image overlay spent 0.00 seconds.
2022-08-31 13:00:23.847 *** Get cell color spent 0.00 seconds.
2022-08-31 13:00:23.853 *** Mouse movement (LeftButton) ***  Mouse coords: (680, 438) (36423, 20070)
2022-08-31 13:00:23.872 *** Process image overlay spent 0.00 seconds.
2022-08-31 13:00:23.873 *** Get cell color spent 0.00 seconds.
2022-08-31 13:00:23.908 *** Process image overlay spent 0.00 seconds.
2022-08-31 13:00:23.909 *** Get cell color spent 0.00 seconds.
2022-08-31 13:00:23.915 *** Mouse movement (LeftButton) ***  Mouse coords: (680, 439) (36424, 20065)
2022-08-31 13:00:23.934 *** Process image overlay spent 0.00 seconds.
2022-08-31 13:00:23.935 *** Get cell color spent 0.00 seconds.
2022-08-31 13:00:24.557 *** Mouse movement (LeftButton) ***  Mouse coords: (612, 449) (36390, 20070)
2022-08-31 13:00:24.588 *** Process image overlay spent 0.00 seconds.
2022-08-31 13:00:24.589 *** Get cell color spent 0.00 seconds.
2022-08-31 13:00:24.721 *** Interactive label *** (double click) click on screen. screen: (612, 450); slide: (36390, 20071). case_id: 20220722_Eric_Yang, slide_id: 3BSAIK_44643.svs, Nuclei index selected: 127467
2022-08-31 13:00:24.741 *** Interactive label *** Apply to case start.
2022-08-31 13:00:25.927 *** Interactive label *** Apply to case done.
2022-08-31 13:00:27.871 *** Interactive label *** Apply to case finish overlay create.
2022-08-31 13:00:27.873 *** Process image overlay spent 0.00 seconds.
2022-08-31 13:00:27.874 *** Get cell color spent 0.00 seconds.
2022-08-31 13:00:28.978 *** Process image overlay spent 0.00 seconds.
2022-08-31 13:00:28.980 *** Get cell color spent 0.00 seconds.
2022-08-31 13:00:29.027 *** Process image overlay spent 0.00 seconds.
2022-08-31 13:00:29.029 *** Get cell color spent 0.00 seconds.
2022-08-31 13:00:29.075 *** Process image overlay spent 0.00 seconds.
2022-08-31 13:00:29.076 *** Get cell color spent 0.00 seconds.
2022-08-31 13:00:29.114 *** Process image overlay spent 0.00 seconds.
2022-08-31 13:00:29.116 *** Get cell color spent 0.00 seconds.
2022-08-31 13:00:29.146 *** Process image overlay spent 0.00 seconds.
2022-08-31 13:00:29.148 *** Get cell color spent 0.00 seconds.
2022-08-31 13:00:29.180 *** Process image overlay spent 0.00 seconds.
2022-08-31 13:00:29.181 *** Get cell color spent 0.00 seconds.
2022-08-31 13:00:29.705 *** Process image overlay spent 0.00 seconds.
2022-08-31 13:00:29.708 *** Get cell color spent 0.00 seconds.
2022-08-31 13:00:29.759 *** Process image overlay spent 0.00 seconds.
2022-08-31 13:00:29.760 *** Get cell color spent 0.00 seconds.
2022-08-31 13:00:29.908 *** Process image overlay spent 0.00 seconds.
2022-08-31 13:00:29.910 *** Get cell color spent 0.00 seconds.
2022-08-31 13:00:30.818 *** Process image overlay spent 0.00 seconds.
2022-08-31 13:00:30.819 *** Get cell color spent 0.00 seconds.
2022-08-31 13:00:32.733 *** Process image overlay spent 0.00 seconds.
2022-08-31 13:00:32.735 *** Get cell color spent 0.00 seconds.
2022-08-31 13:00:32.776 *** Process image overlay spent 0.00 seconds.
2022-08-31 13:00:32.777 *** Get cell color spent 0.00 seconds.
2022-08-31 13:00:32.810 *** Process image overlay spent 0.00 seconds.
2022-08-31 13:00:32.811 *** Get cell color spent 0.00 seconds.
2022-08-31 13:00:32.846 *** Process image overlay spent 0.00 seconds.
2022-08-31 13:00:32.848 *** Get cell color spent 0.00 seconds.
2022-08-31 13:00:33.705 *** Process image overlay spent 0.00 seconds.
2022-08-31 13:00:33.707 *** Get cell color spent 0.00 seconds.
2022-08-31 13:00:33.743 *** Process image overlay spent 0.00 seconds.
2022-08-31 13:00:33.745 *** Get cell color spent 0.00 seconds.
2022-08-31 13:00:33.805 *** Process image overlay spent 0.00 seconds.
2022-08-31 13:00:33.806 *** Get cell color spent 0.00 seconds.
2022-08-31 13:00:34.685 *** Interactive label *** (double click) click on screen. screen: (823, 522); slide: (36602, 20143). case_id: 20220722_Eric_Yang, slide_id: 3BSAIK_44643.svs, Nuclei index selected: 127799
2022-08-31 13:00:34.707 *** Interactive label *** Apply to case start.
2022-08-31 13:00:35.882 *** Interactive label *** Apply to case done.
2022-08-31 13:00:37.834 *** Interactive label *** Apply to case finish overlay create.
2022-08-31 13:00:37.835 *** Process image overlay spent 0.00 seconds.
2022-08-31 13:00:37.836 *** Get cell color spent 0.00 seconds.
2022-08-31 13:00:39.873 *** Process image overlay spent 0.00 seconds.
2022-08-31 13:00:39.875 *** Get cell color spent 0.00 seconds.
2022-08-31 13:00:39.909 *** Process image overlay spent 0.00 seconds.
2022-08-31 13:00:39.911 *** Get cell color spent 0.00 seconds.
2022-08-31 13:00:39.969 *** Process image overlay spent 0.00 seconds.
2022-08-31 13:00:39.970 *** Get cell color spent 0.00 seconds.
2022-08-31 13:00:40.734 *** Interactive label *** (double click) click on screen. screen: (631, 297); slide: (36418, 19926). case_id: 20220722_Eric_Yang, slide_id: 3BSAIK_44643.svs, Nuclei index selected: 130015
2022-08-31 13:00:40.747 *** Interactive label *** Apply to case start.
2022-08-31 13:00:41.988 *** Interactive label *** Apply to case done.
2022-08-31 13:00:43.938 *** Interactive label *** Apply to case finish overlay create.
2022-08-31 13:00:43.939 *** Process image overlay spent 0.00 seconds.
2022-08-31 13:00:43.940 *** Get cell color spent 0.00 seconds.
2022-08-31 13:00:45.300 *** Process image overlay spent 0.00 seconds.
2022-08-31 13:00:45.302 *** Get cell color spent 0.00 seconds.
2022-08-31 13:00:45.336 *** Process image overlay spent 0.00 seconds.
2022-08-31 13:00:45.337 *** Get cell color spent 0.00 seconds.
2022-08-31 13:00:45.394 *** Process image overlay spent 0.00 seconds.
2022-08-31 13:00:45.396 *** Get cell color spent 0.00 seconds.
2022-08-31 13:00:46.215 *** Interactive label *** (double click) click on screen. screen: (776, 550); slide: (36557, 20170). case_id: 20220722_Eric_Yang, slide_id: 3BSAIK_44643.svs, Nuclei index selected: 126703
2022-08-31 13:00:46.235 *** Interactive label *** Apply to case start.
2022-08-31 13:00:47.436 *** Interactive label *** Apply to case done.
2022-08-31 13:00:49.391 *** Interactive label *** Apply to case finish overlay create.
2022-08-31 13:00:49.393 *** Process image overlay spent 0.00 seconds.
2022-08-31 13:00:49.395 *** Get cell color spent 0.00 seconds.
2022-08-31 13:00:50.941 *** Process image overlay spent 0.00 seconds.
2022-08-31 13:00:50.943 *** Get cell color spent 0.00 seconds.
2022-08-31 13:00:50.981 *** Process image overlay spent 0.00 seconds.
2022-08-31 13:00:50.983 *** Get cell color spent 0.00 seconds.
2022-08-31 13:00:51.040 *** Process image overlay spent 0.00 seconds.
2022-08-31 13:00:51.041 *** Get cell color spent 0.00 seconds.
2022-08-31 13:00:51.899 *** Interactive label *** (double click) click on screen. screen: (903, 561); slide: (36679, 20180). case_id: 20220722_Eric_Yang, slide_id: 3BSAIK_44643.svs, Nuclei index selected: 127397
2022-08-31 13:00:51.920 *** Interactive label *** Apply to case start.
2022-08-31 13:00:53.090 *** Interactive label *** Apply to case done.
2022-08-31 13:00:55.034 *** Interactive label *** Apply to case finish overlay create.
2022-08-31 13:00:55.035 *** Process image overlay spent 0.00 seconds.
2022-08-31 13:00:55.036 *** Get cell color spent 0.00 seconds.
2022-08-31 13:00:55.670 *** Process image overlay spent 0.00 seconds.
2022-08-31 13:00:55.671 *** Get cell color spent 0.00 seconds.
2022-08-31 13:00:55.705 *** Process image overlay spent 0.00 seconds.
2022-08-31 13:00:55.706 *** Get cell color spent 0.00 seconds.
2022-08-31 13:00:55.740 *** Process image overlay spent 0.00 seconds.
2022-08-31 13:00:55.741 *** Get cell color spent 0.00 seconds.
2022-08-31 13:00:55.784 *** Process image overlay spent 0.00 seconds.
2022-08-31 13:00:55.785 *** Get cell color spent 0.00 seconds.
2022-08-31 13:00:55.816 *** Process image overlay spent 0.00 seconds.
2022-08-31 13:00:55.818 *** Get cell color spent 0.00 seconds.
2022-08-31 13:00:55.852 *** Process image overlay spent 0.00 seconds.
2022-08-31 13:00:55.853 *** Get cell color spent 0.00 seconds.
2022-08-31 13:00:55.892 *** Process image overlay spent 0.00 seconds.
2022-08-31 13:00:55.893 *** Get cell color spent 0.00 seconds.
2022-08-31 13:00:55.926 *** Process image overlay spent 0.00 seconds.
2022-08-31 13:00:55.928 *** Get cell color spent 0.00 seconds.
2022-08-31 13:00:55.968 *** Process image overlay spent 0.00 seconds.
2022-08-31 13:00:55.970 *** Get cell color spent 0.00 seconds.
2022-08-31 13:00:56.004 *** Process image overlay spent 0.00 seconds.
2022-08-31 13:00:56.005 *** Get cell color spent 0.00 seconds.
2022-08-31 13:00:56.041 *** Process image overlay spent 0.00 seconds.
2022-08-31 13:00:56.042 *** Get cell color spent 0.00 seconds.
2022-08-31 13:00:56.074 *** Process image overlay spent 0.00 seconds.
2022-08-31 13:00:56.075 *** Get cell color spent 0.00 seconds.
2022-08-31 13:00:56.108 *** Process image overlay spent 0.00 seconds.
2022-08-31 13:00:56.110 *** Get cell color spent 0.00 seconds.
2022-08-31 13:00:58.941 *** Interactive label *** (double click) click on screen. screen: (911, 540); slide: (36753, 20201). case_id: 20220722_Eric_Yang, slide_id: 3BSAIK_44643.svs, Nuclei index selected: 128018
2022-08-31 13:00:58.971 *** Interactive label *** Apply to case start.
2022-08-31 13:01:00.187 *** Interactive label *** Apply to case done.
2022-08-31 13:01:00.959 *** Interactive label *** Apply to case finish overlay create.
2022-08-31 13:01:00.961 *** Process image overlay spent 0.00 seconds.
2022-08-31 13:01:00.962 *** Get cell color spent 0.00 seconds.
2022-08-31 13:01:02.128 *** Process image overlay spent 0.00 seconds.
2022-08-31 13:01:02.131 *** Get cell color spent 0.00 seconds.
2022-08-31 13:01:02.170 *** Process image overlay spent 0.00 seconds.
2022-08-31 13:01:02.171 *** Get cell color spent 0.00 seconds.
2022-08-31 13:01:02.206 *** Process image overlay spent 0.00 seconds.
2022-08-31 13:01:02.208 *** Get cell color spent 0.00 seconds.
2022-08-31 13:01:02.241 *** Process image overlay spent 0.00 seconds.
2022-08-31 13:01:02.242 *** Get cell color spent 0.00 seconds.
2022-08-31 13:01:02.418 *** Process image overlay spent 0.00 seconds.
2022-08-31 13:01:02.420 *** Get cell color spent 0.00 seconds.
2022-08-31 13:01:03.550 *** Process image overlay spent 0.00 seconds.
2022-08-31 13:01:03.553 *** Get cell color spent 0.00 seconds.
2022-08-31 13:01:05.616 *** Process image overlay spent 0.00 seconds.
2022-08-31 13:01:05.618 *** Get cell color spent 0.00 seconds.
2022-08-31 13:01:05.879 *** Keyboard input *** key pressed: key: 77; text: "m"
2022-08-31 13:01:06.538 *** Keyboard input *** key pressed: key: 77; text: "m"
2022-08-31 13:01:06.543 *** Process image overlay spent 0.00 seconds.
2022-08-31 13:01:06.548 *** Get cell color spent 0.00 seconds.
2022-08-31 13:01:06.767 *** Keyboard input *** key pressed: key: 77; text: "m"
2022-08-31 13:01:07.617 *** Keyboard input *** key pressed: key: 77; text: "m"
2022-08-31 13:01:07.622 *** Process image overlay spent 0.00 seconds.
2022-08-31 13:01:07.627 *** Get cell color spent 0.00 seconds.
2022-08-31 13:01:07.923 *** Keyboard input *** key pressed: key: 77; text: "m"
2022-08-31 13:01:08.203 *** Keyboard input *** key pressed: key: 77; text: "m"
2022-08-31 13:01:08.205 *** Process image overlay spent 0.00 seconds.
2022-08-31 13:01:08.207 *** Get cell color spent 0.00 seconds.
2022-08-31 13:01:08.452 *** Keyboard input *** key pressed: key: 77; text: "m"
2022-08-31 13:01:08.730 *** Keyboard input *** key pressed: key: 77; text: "m"
2022-08-31 13:01:08.735 *** Process image overlay spent 0.00 seconds.
2022-08-31 13:01:08.740 *** Get cell color spent 0.00 seconds.
2022-08-31 13:01:08.985 *** Keyboard input *** key pressed: key: 77; text: "m"
2022-08-31 13:01:09.248 *** Keyboard input *** key pressed: key: 77; text: "m"
2022-08-31 13:01:09.253 *** Process image overlay spent 0.00 seconds.
2022-08-31 13:01:09.257 *** Get cell color spent 0.00 seconds.
2022-08-31 13:01:09.632 *** Keyboard input *** key pressed: key: 77; text: "m"
2022-08-31 13:01:10.313 *** Keyboard input *** key pressed: key: 77; text: "m"
2022-08-31 13:01:10.333 *** Process image overlay spent 0.00 seconds.
2022-08-31 13:01:10.354 *** Get cell color spent 0.00 seconds.
2022-08-31 13:01:10.543 *** Keyboard input *** key pressed: key: 77; text: "m"
2022-08-31 13:01:10.858 *** Keyboard input *** key pressed: key: 77; text: "m"
2022-08-31 13:01:10.862 *** Process image overlay spent 0.00 seconds.
2022-08-31 13:01:10.867 *** Get cell color spent 0.00 seconds.
2022-08-31 13:01:11.094 *** Keyboard input *** key pressed: key: 77; text: "m"
2022-08-31 13:01:35.054 *** Program closed.
