2022-08-12 17:14:02.779 *** Start program *** Start program
2022-08-12 17:14:06.240 *** starting thread (client mode): 0x200bc430
2022-08-12 17:14:06.241 *** Local version/idstring: SSH-2.0-paramiko_2.11.0
2022-08-12 17:14:06.265 *** Remote version/idstring: SSH-2.0-OpenSSH_5.3
2022-08-12 17:14:06.265 *** Connected (version 2.0, client OpenSSH_5.3)
2022-08-12 17:14:06.283 *** === Key exchange possibilities ===
2022-08-12 17:14:06.283 *** kex algos: diffie-hellman-group-exchange-sha256, diffie-hellman-group-exchange-sha1, diffie-hellman-group14-sha1, diffie-hellman-group1-sha1
2022-08-12 17:14:06.283 *** server key: ssh-rsa, ssh-rsa-cert-v01@openssh.com, ssh-dss
2022-08-12 17:14:06.283 *** client encrypt: aes128-ctr, aes192-ctr, aes256-ctr, arcfour256, arcfour128, aes128-cbc, 3des-cbc, blowfish-cbc, cast128-cbc, aes192-cbc, aes256-cbc, arcfour, rijndael-cbc@lysator.liu.se
2022-08-12 17:14:06.283 *** server encrypt: aes128-ctr, aes192-ctr, aes256-ctr, arcfour256, arcfour128, aes128-cbc, 3des-cbc, blowfish-cbc, cast128-cbc, aes192-cbc, aes256-cbc, arcfour, rijndael-cbc@lysator.liu.se
2022-08-12 17:14:06.283 *** client mac: hmac-md5, hmac-sha1, umac-64@openssh.com, hmac-sha2-256, hmac-sha2-512, hmac-ripemd160, hmac-ripemd160@openssh.com, hmac-sha1-96, hmac-md5-96
2022-08-12 17:14:06.284 *** server mac: hmac-md5, hmac-sha1, umac-64@openssh.com, hmac-sha2-256, hmac-sha2-512, hmac-ripemd160, hmac-ripemd160@openssh.com, hmac-sha1-96, hmac-md5-96
2022-08-12 17:14:06.284 *** client compress: none, zlib@openssh.com
2022-08-12 17:14:06.284 *** server compress: none, zlib@openssh.com
2022-08-12 17:14:06.284 *** client lang: <none>
2022-08-12 17:14:06.284 *** server lang: <none>
2022-08-12 17:14:06.284 *** kex follows: False
2022-08-12 17:14:06.284 *** === Key exchange agreements ===
2022-08-12 17:14:06.285 *** Kex: diffie-hellman-group-exchange-sha256
2022-08-12 17:14:06.285 *** HostKey: ssh-rsa
2022-08-12 17:14:06.285 *** Cipher: aes128-ctr
2022-08-12 17:14:06.285 *** MAC: hmac-sha2-256
2022-08-12 17:14:06.285 *** Compression: none
2022-08-12 17:14:06.286 *** === End of kex handshake ===
2022-08-12 17:14:06.343 *** Got server p (2048 bits)
2022-08-12 17:14:06.445 *** kex engine KexGexSHA256 specified hash_algo <built-in function openssl_sha256>
2022-08-12 17:14:06.445 *** Switch to new keys ...
2022-08-12 17:14:06.446 *** Adding ssh-rsa host key for 173.201.181.247: b'cca345f774a2d98448d0bcc78f04075d'
2022-08-12 17:14:06.522 *** userauth is OK
2022-08-12 17:14:06.545 *** Authentication (password) successful!
2022-08-12 17:14:06.546 *** [chan 0] Max packet in: 32768 bytes
2022-08-12 17:14:06.564 *** [chan 0] Max packet out: 32768 bytes
2022-08-12 17:14:06.564 *** Secsh channel 0 opened.
2022-08-12 17:14:06.583 *** [chan 0] Sesch channel 0 request ok
2022-08-12 17:14:06.603 *** [chan 0] Opened sftp connection (server version 3)
2022-08-12 17:14:06.610 *** [chan 0] stat(b'/home/b6o162rzivzp/NucFinder_DB/05313943FB3B68B7/interactive_nuclei_dict.pickle')
2022-08-12 17:14:06.629 *** [chan 0] open(b'/home/b6o162rzivzp/NucFinder_DB/05313943FB3B68B7/interactive_nuclei_dict.pickle', 'rb')
2022-08-12 17:14:06.648 *** [chan 0] open(b'/home/b6o162rzivzp/NucFinder_DB/05313943FB3B68B7/interactive_nuclei_dict.pickle', 'rb') -> 00000000
2022-08-12 17:14:07.542 *** [chan 0] close(00000000)
2022-08-12 17:14:36.438 *** Program closed.
2022-08-12 17:14:36.519 *** EOF in transport thread
