2022-08-11 21:37:45.031 *** Start program *** Start program
2022-08-11 21:38:00.500 *** Open case *** /media/zhihuang/Drive3/Google_Colon_lnm_pos_2015_slides/slides/S0425
2022-08-11 21:38:03.448 *** Open processed data
2022-08-11 21:38:03.449 *** Preload all statistics at once.
2022-08-11 21:38:04.787 *** Nuclei stat data loaded, took 1.34 seconds. Total number of nuclei: 954361
2022-08-11 21:38:10.462 *** Process image overlay spent 0.01 seconds.
2022-08-11 21:38:10.480 *** Get cell color spent 0.02 seconds.
2022-08-11 21:38:10.762 *** Process image overlay spent 0.01 seconds.
2022-08-11 21:38:10.779 *** Get cell color spent 0.02 seconds.
2022-08-11 21:38:11.073 *** Process image overlay spent 0.00 seconds.
2022-08-11 21:38:11.079 *** Get cell color spent 0.01 seconds.
2022-08-11 21:38:11.241 *** Process image overlay spent 0.00 seconds.
2022-08-11 21:38:11.249 *** Get cell color spent 0.01 seconds.
2022-08-11 21:38:12.089 *** Process image overlay spent 0.01 seconds.
2022-08-11 21:38:12.109 *** Get cell color spent 0.02 seconds.
2022-08-11 21:38:12.422 *** Process image overlay spent 0.01 seconds.
2022-08-11 21:38:12.459 *** Get cell color spent 0.04 seconds.
2022-08-11 21:38:12.704 *** Process image overlay spent 0.01 seconds.
2022-08-11 21:38:12.736 *** Get cell color spent 0.03 seconds.
2022-08-11 21:38:13.746 *** Mouse movement (LeftButton) ***  Mouse coords: (219, 467) (30774, 39148)
2022-08-11 21:38:13.762 *** Mouse movement (LeftButton) ***  Mouse coords: (225, 465) (30795, 39143)
2022-08-11 21:38:13.779 *** Mouse movement (LeftButton) ***  Mouse coords: (239, 462) (30840, 39137)
2022-08-11 21:38:13.796 *** Mouse movement (LeftButton) ***  Mouse coords: (253, 459) (30840, 39138)
2022-08-11 21:38:13.812 *** Mouse movement (LeftButton) ***  Mouse coords: (278, 455) (30901, 39131)
2022-08-11 21:38:13.829 *** Mouse movement (LeftButton) ***  Mouse coords: (323, 446) (31013, 39104)
2022-08-11 21:38:13.846 *** Mouse movement (LeftButton) ***  Mouse coords: (353, 440) (30929, 39121)
2022-08-11 21:38:13.862 *** Mouse movement (LeftButton) ***  Mouse coords: (383, 434) (30929, 39120)
2022-08-11 21:38:13.879 *** Mouse movement (LeftButton) ***  Mouse coords: (409, 428) (30907, 39121)
2022-08-11 21:38:13.896 *** Mouse movement (LeftButton) ***  Mouse coords: (424, 422) (30846, 39121)
2022-08-11 21:38:13.898 *** Mouse movement (LeftButton) ***  Mouse coords: (432, 420) (30806, 39142)
2022-08-11 21:38:13.912 *** Mouse movement (LeftButton) ***  Mouse coords: (446, 416) (30840, 39132)
2022-08-11 21:38:13.929 *** Mouse movement (LeftButton) ***  Mouse coords: (456, 411) (30818, 39126)
2022-08-11 21:38:13.946 *** Mouse movement (LeftButton) ***  Mouse coords: (464, 407) (30806, 39132)
2022-08-11 21:38:13.962 *** Mouse movement (LeftButton) ***  Mouse coords: (467, 405) (30779, 39143)
2022-08-11 21:38:13.979 *** Mouse movement (LeftButton) ***  Mouse coords: (473, 400) (30795, 39126)
2022-08-11 21:38:13.996 *** Mouse movement (LeftButton) ***  Mouse coords: (478, 396) (30790, 39132)
2022-08-11 21:38:14.012 *** Mouse movement (LeftButton) ***  Mouse coords: (480, 394) (30773, 39143)
2022-08-11 21:38:14.029 *** Mouse movement (LeftButton) ***  Mouse coords: (483, 391) (30779, 39137)
2022-08-11 21:38:14.046 *** Mouse movement (LeftButton) ***  Mouse coords: (487, 387) (30784, 39132)
2022-08-11 21:38:14.062 *** Mouse movement (LeftButton) ***  Mouse coords: (488, 385) (30768, 39143)
2022-08-11 21:38:14.079 *** Mouse movement (LeftButton) ***  Mouse coords: (489, 384) (30768, 39148)
2022-08-11 21:38:14.103 *** Process image overlay spent 0.01 seconds.
2022-08-11 21:38:14.142 *** Get cell color spent 0.04 seconds.
2022-08-11 21:38:14.398 *** Process image overlay spent 0.01 seconds.
2022-08-11 21:38:14.442 *** Get cell color spent 0.04 seconds.
2022-08-11 21:38:15.195 *** Process image overlay spent 0.01 seconds.
2022-08-11 21:38:15.211 *** Get cell color spent 0.02 seconds.
2022-08-11 21:38:15.380 *** Process image overlay spent 0.01 seconds.
2022-08-11 21:38:15.390 *** Get cell color spent 0.01 seconds.
2022-08-11 21:38:15.574 *** Process image overlay spent 0.00 seconds.
2022-08-11 21:38:15.578 *** Get cell color spent 0.00 seconds.
2022-08-11 21:38:15.713 *** Process image overlay spent 0.01 seconds.
2022-08-11 21:38:15.717 *** Get cell color spent 0.00 seconds.
2022-08-11 21:38:23.519 *** Mouse movement (LeftButton) ***  Mouse coords: (269, 402) (29892, 39899)
2022-08-11 21:38:23.530 *** Mouse movement (LeftButton) ***  Mouse coords: (270, 403) (29894, 39901)
2022-08-11 21:38:23.547 *** Mouse movement (LeftButton) ***  Mouse coords: (273, 405) (29900, 39904)
2022-08-11 21:38:23.563 *** Mouse movement (LeftButton) ***  Mouse coords: (278, 408) (29909, 39910)
2022-08-11 21:38:23.579 *** Mouse movement (LeftButton) ***  Mouse coords: (290, 415) (29931, 39922)
2022-08-11 21:38:23.596 *** Mouse movement (LeftButton) ***  Mouse coords: (306, 424) (29960, 39939)
2022-08-11 21:38:23.612 *** Mouse movement (LeftButton) ***  Mouse coords: (320, 430) (29985, 39950)
2022-08-11 21:38:23.629 *** Mouse movement (LeftButton) ***  Mouse coords: (328, 435) (30000, 39959)
2022-08-11 21:38:23.646 *** Mouse movement (LeftButton) ***  Mouse coords: (334, 440) (30011, 39968)
2022-08-11 21:38:23.662 *** Mouse movement (LeftButton) ***  Mouse coords: (343, 450) (30027, 39986)
2022-08-11 21:38:23.679 *** Mouse movement (LeftButton) ***  Mouse coords: (346, 454) (30032, 39993)
2022-08-11 21:38:23.696 *** Mouse movement (LeftButton) ***  Mouse coords: (349, 458) (30038, 40001)
2022-08-11 21:38:23.712 *** Mouse movement (LeftButton) ***  Mouse coords: (352, 462) (30043, 40008)
2022-08-11 21:38:23.729 *** Mouse movement (LeftButton) ***  Mouse coords: (356, 466) (30051, 40015)
2022-08-11 21:38:23.746 *** Mouse movement (LeftButton) ***  Mouse coords: (358, 468) (30054, 40019)
2022-08-11 21:38:23.818 *** Mouse movement (LeftButton) ***  Mouse coords: (358, 469) (30054, 40021)
2022-08-11 21:38:24.201 *** Mouse movement (LeftButton) ***  Mouse coords: (357, 470) (30052, 40022)
2022-08-11 21:38:24.211 *** Mouse movement (LeftButton) ***  Mouse coords: (355, 470) (30049, 40022)
2022-08-11 21:38:24.229 *** Mouse movement (LeftButton) ***  Mouse coords: (351, 471) (30042, 40024)
2022-08-11 21:38:24.246 *** Mouse movement (LeftButton) ***  Mouse coords: (346, 471) (30032, 40024)
2022-08-11 21:38:24.263 *** Mouse movement (LeftButton) ***  Mouse coords: (340, 472) (30022, 40026)
2022-08-11 21:38:24.279 *** Mouse movement (LeftButton) ***  Mouse coords: (337, 472) (30016, 40026)
2022-08-11 21:38:24.621 *** Mouse movement (LeftButton) ***  Mouse coords: (337, 473) (30016, 40028)
2022-08-11 21:38:24.633 *** Mouse movement (LeftButton) ***  Mouse coords: (338, 473) (30018, 40028)
2022-08-11 21:38:24.646 *** Mouse movement (LeftButton) ***  Mouse coords: (341, 473) (30023, 40028)
2022-08-11 21:38:24.663 *** Mouse movement (LeftButton) ***  Mouse coords: (344, 473) (30029, 40028)
2022-08-11 21:38:24.679 *** Mouse movement (LeftButton) ***  Mouse coords: (347, 474) (30034, 40030)
2022-08-11 21:38:24.696 *** Mouse movement (LeftButton) ***  Mouse coords: (352, 474) (30043, 40030)
2022-08-11 21:38:24.712 *** Mouse movement (LeftButton) ***  Mouse coords: (354, 474) (30047, 40030)
2022-08-11 21:38:24.823 *** Mouse movement (LeftButton) ***  Mouse coords: (354, 475) (30047, 40031)
2022-08-11 21:38:24.832 *** Mouse movement (LeftButton) ***  Mouse coords: (355, 475) (30049, 40031)
2022-08-11 21:38:24.846 *** Mouse movement (LeftButton) ***  Mouse coords: (355, 476) (30049, 40033)
2022-08-11 21:38:24.863 *** Mouse movement (LeftButton) ***  Mouse coords: (356, 478) (30051, 40037)
2022-08-11 21:38:24.879 *** Mouse movement (LeftButton) ***  Mouse coords: (357, 479) (30052, 40039)
2022-08-11 21:38:24.896 *** Mouse movement (LeftButton) ***  Mouse coords: (359, 480) (30056, 40041)
2022-08-11 21:38:24.912 *** Mouse movement (LeftButton) ***  Mouse coords: (360, 481) (30058, 40042)
2022-08-11 21:38:24.929 *** Mouse movement (LeftButton) ***  Mouse coords: (361, 481) (30060, 40042)
2022-08-11 21:38:28.604 *** Mouse movement (LeftButton) ***  Mouse coords: (396, 303) (30123, 39719)
2022-08-11 21:38:28.613 *** Mouse movement (LeftButton) ***  Mouse coords: (396, 304) (30123, 39720)
2022-08-11 21:38:28.629 *** Mouse movement (LeftButton) ***  Mouse coords: (399, 308) (30129, 39728)
2022-08-11 21:38:28.646 *** Mouse movement (LeftButton) ***  Mouse coords: (400, 310) (30131, 39731)
2022-08-11 21:38:28.663 *** Mouse movement (LeftButton) ***  Mouse coords: (408, 318) (30145, 39746)
2022-08-11 21:38:28.679 *** Mouse movement (LeftButton) ***  Mouse coords: (414, 325) (30156, 39759)
2022-08-11 21:38:28.696 *** Mouse movement (LeftButton) ***  Mouse coords: (419, 330) (30165, 39768)
2022-08-11 21:38:28.712 *** Mouse movement (LeftButton) ***  Mouse coords: (425, 337) (30176, 39780)
2022-08-11 21:38:28.729 *** Mouse movement (LeftButton) ***  Mouse coords: (430, 342) (30185, 39790)
2022-08-11 21:38:28.746 *** Mouse movement (LeftButton) ***  Mouse coords: (437, 346) (30198, 39797)
2022-08-11 21:38:28.762 *** Mouse movement (LeftButton) ***  Mouse coords: (440, 351) (30203, 39806)
2022-08-11 21:38:28.779 *** Mouse movement (LeftButton) ***  Mouse coords: (441, 352) (30205, 39808)
2022-08-11 21:38:28.836 *** Mouse movement (LeftButton) ***  Mouse coords: (441, 353) (30205, 39810)
2022-08-11 21:38:28.843 *** Mouse movement (LeftButton) ***  Mouse coords: (441, 354) (30205, 39811)
2022-08-11 21:38:28.851 *** Mouse movement (LeftButton) ***  Mouse coords: (442, 354) (30207, 39811)
2022-08-11 21:38:28.863 *** Mouse movement (LeftButton) ***  Mouse coords: (442, 355) (30207, 39813)
2022-08-11 21:38:28.879 *** Mouse movement (LeftButton) ***  Mouse coords: (443, 357) (30209, 39817)
2022-08-11 21:38:28.896 *** Mouse movement (LeftButton) ***  Mouse coords: (445, 359) (30213, 39820)
2022-08-11 21:38:28.912 *** Mouse movement (LeftButton) ***  Mouse coords: (446, 362) (30214, 39826)
2022-08-11 21:38:28.929 *** Mouse movement (LeftButton) ***  Mouse coords: (451, 369) (30223, 39839)
2022-08-11 21:38:28.946 *** Mouse movement (LeftButton) ***  Mouse coords: (454, 373) (30229, 39846)
2022-08-11 21:38:28.962 *** Mouse movement (LeftButton) ***  Mouse coords: (457, 376) (30234, 39851)
2022-08-11 21:38:28.979 *** Mouse movement (LeftButton) ***  Mouse coords: (460, 380) (30240, 39859)
2022-08-11 21:38:28.996 *** Mouse movement (LeftButton) ***  Mouse coords: (461, 381) (30242, 39860)
2022-08-11 21:38:29.012 *** Mouse movement (LeftButton) ***  Mouse coords: (462, 382) (30243, 39862)
2022-08-11 21:38:29.781 *** Mouse movement (LeftButton) ***  Mouse coords: (462, 383) (30243, 39864)
2022-08-11 21:38:29.796 *** Mouse movement (LeftButton) ***  Mouse coords: (463, 383) (30245, 39864)
2022-08-11 21:38:29.805 *** Mouse movement (LeftButton) ***  Mouse coords: (463, 384) (30245, 39866)
2022-08-11 21:38:29.813 *** Mouse movement (LeftButton) ***  Mouse coords: (464, 384) (30247, 39866)
2022-08-11 21:38:29.848 *** Mouse movement (LeftButton) ***  Mouse coords: (465, 384) (30249, 39866)
2022-08-11 21:38:29.856 *** Mouse movement (LeftButton) ***  Mouse coords: (465, 385) (30249, 39868)
2022-08-11 21:38:29.871 *** Mouse movement (LeftButton) ***  Mouse coords: (466, 385) (30251, 39868)
2022-08-11 21:38:29.968 *** Mouse movement (LeftButton) ***  Mouse coords: (467, 385) (30253, 39868)
2022-08-11 21:38:29.976 *** Mouse movement (LeftButton) ***  Mouse coords: (468, 385) (30254, 39868)
2022-08-11 21:38:29.998 *** Mouse movement (LeftButton) ***  Mouse coords: (469, 385) (30256, 39868)
2022-08-11 21:38:30.058 *** Mouse movement (LeftButton) ***  Mouse coords: (470, 385) (30258, 39868)
2022-08-11 21:38:30.089 *** Mouse movement (LeftButton) ***  Mouse coords: (471, 385) (30260, 39868)
2022-08-11 21:39:39.188 *** Program closed.
