2022-08-13 20:28:45.917 *** Start program *** Start program
2022-08-13 20:28:55.717 *** Open case *** /media/zhihuang/Drive14/Google_Colon_lnm_pos_2015_slides/slides/S0425
2022-08-13 20:28:57.819 *** Open processed data
2022-08-13 20:28:57.821 *** Preload all statistics at once.
2022-08-13 20:28:58.660 *** Nuclei stat data loaded, took 0.84 seconds. Total number of nuclei: 954361
2022-08-13 20:29:08.985 *** User Login *** id=640475916; email=zhihuang@stanford.edu; firstname=Zhi; lastname=Huang.
2022-08-13 20:29:11.727 *** Process image overlay spent 0.00 seconds.
2022-08-13 20:29:11.740 *** Get cell color spent 0.01 seconds.
2022-08-13 20:29:12.141 *** Mouse movement (LeftButton) ***  Mouse coords: (644, 185) (57873, 36848)
2022-08-13 20:29:12.161 *** Mouse movement (LeftButton) ***  Mouse coords: (641, 208) (57843, 36994)
2022-08-13 20:29:12.179 *** Mouse movement (LeftButton) ***  Mouse coords: (635, 253) (57815, 37208)
2022-08-13 20:29:12.194 *** Mouse movement (LeftButton) ***  Mouse coords: (628, 299) (57805, 37219)
2022-08-13 20:29:12.212 *** Mouse movement (LeftButton) ***  Mouse coords: (620, 338) (57795, 37150)
2022-08-13 20:29:12.227 *** Mouse movement (LeftButton) ***  Mouse coords: (613, 364) (57804, 37024)
2022-08-13 20:29:12.245 *** Mouse movement (LeftButton) ***  Mouse coords: (608, 384) (57825, 36965)
2022-08-13 20:29:12.262 *** Mouse movement (LeftButton) ***  Mouse coords: (605, 398) (57844, 36906)
2022-08-13 20:29:12.278 *** Mouse movement (LeftButton) ***  Mouse coords: (605, 399) (57873, 36780)
2022-08-13 20:29:12.422 *** Process image overlay spent 0.00 seconds.
2022-08-13 20:29:12.437 *** Get cell color spent 0.01 seconds.
2022-08-13 20:29:12.738 *** Process image overlay spent 0.00 seconds.
2022-08-13 20:29:12.741 *** Get cell color spent 0.00 seconds.
2022-08-13 20:29:15.028 *** Mouse movement (LeftButton) ***  Mouse coords: (559, 458) (58449, 36039)
2022-08-13 20:29:15.045 *** Mouse movement (LeftButton) ***  Mouse coords: (559, 459) (58449, 36042)
2022-08-13 20:29:15.351 *** Mouse movement (LeftButton) ***  Mouse coords: (667, 520) (58792, 36236)
2022-08-13 20:29:15.361 *** Mouse movement (LeftButton) ***  Mouse coords: (667, 518) (58792, 36230)
2022-08-13 20:29:15.568 *** Mouse movement (LeftButton) ***  Mouse coords: (758, 375) (59082, 35774)
2022-08-13 20:29:15.583 *** Mouse movement (LeftButton) ***  Mouse coords: (758, 372) (59082, 35765)
2022-08-13 20:29:15.594 *** Mouse movement (LeftButton) ***  Mouse coords: (758, 367) (59082, 35749)
2022-08-13 20:29:17.878 *** Interactive label *** Apply to case start.
2022-08-13 20:29:20.594 *** Interactive label *** Apply to case done.
2022-08-13 20:29:20.716 *** Interactive label *** Apply to case finish overlay create.
2022-08-13 20:29:20.721 *** Process image overlay spent 0.00 seconds.
2022-08-13 20:29:20.723 *** Get cell color spent 0.00 seconds.
2022-08-13 20:29:21.652 *** Process image overlay spent 0.00 seconds.
2022-08-13 20:29:21.657 *** Get cell color spent 0.00 seconds.
2022-08-13 20:29:22.385 *** Process image overlay spent 0.00 seconds.
2022-08-13 20:29:22.388 *** Get cell color spent 0.00 seconds.
2022-08-13 20:29:28.136 *** Process image overlay spent 0.00 seconds.
2022-08-13 20:29:28.141 *** Get cell color spent 0.00 seconds.
2022-08-13 20:29:28.521 *** Process image overlay spent 0.00 seconds.
2022-08-13 20:29:28.524 *** Get cell color spent 0.00 seconds.
2022-08-13 20:29:28.740 *** Process image overlay spent 0.00 seconds.
2022-08-13 20:29:28.741 *** Get cell color spent 0.00 seconds.
2022-08-13 20:29:29.573 *** Process image overlay spent 0.00 seconds.
2022-08-13 20:29:29.576 *** Get cell color spent 0.00 seconds.
2022-08-13 20:29:29.684 *** Process image overlay spent 0.00 seconds.
2022-08-13 20:29:29.689 *** Get cell color spent 0.00 seconds.
2022-08-13 20:29:30.012 *** Keyboard input *** key pressed: key: 68; text: "d"
2022-08-13 20:29:30.090 *** Process image overlay spent 0.00 seconds.
2022-08-13 20:29:30.095 *** Get cell color spent 0.00 seconds.
2022-08-13 20:29:30.856 *** Process image overlay spent 0.00 seconds.
2022-08-13 20:29:30.858 *** Get cell color spent 0.00 seconds.
2022-08-13 20:29:31.051 *** Process image overlay spent 0.00 seconds.
2022-08-13 20:29:31.053 *** Get cell color spent 0.00 seconds.
2022-08-13 20:29:31.271 *** Keyboard input *** key pressed: key: 65; text: "a"
2022-08-13 20:29:31.411 *** Process image overlay spent 0.00 seconds.
2022-08-13 20:29:31.413 *** Get cell color spent 0.00 seconds.
2022-08-13 20:29:35.733 *** Process image overlay spent 0.00 seconds.
2022-08-13 20:29:35.735 *** Get cell color spent 0.00 seconds.
2022-08-13 20:29:36.636 *** Mouse movement (LeftButton) ***  Mouse coords: (687, 121) (59397, 35341)
2022-08-13 20:29:36.645 *** Mouse movement (LeftButton) ***  Mouse coords: (686, 121) (59396, 35341)
2022-08-13 20:29:37.177 *** Mouse movement (LeftButton) ***  Mouse coords: (604, 212) (59311, 35435)
2022-08-13 20:29:37.405 *** Mouse movement (LeftButton) ***  Mouse coords: (579, 278) (59285, 35504)
2022-08-13 20:29:37.415 *** Mouse movement (LeftButton) ***  Mouse coords: (579, 280) (59285, 35506)
2022-08-13 20:29:37.427 *** Mouse movement (LeftButton) ***  Mouse coords: (579, 282) (59285, 35508)
2022-08-13 20:29:37.444 *** Mouse movement (LeftButton) ***  Mouse coords: (579, 283) (59285, 35509)
2022-08-13 20:29:37.468 *** Mouse movement (LeftButton) ***  Mouse coords: (579, 284) (59285, 35510)
2022-08-13 20:29:37.483 *** Mouse movement (LeftButton) ***  Mouse coords: (579, 285) (59285, 35511)
2022-08-13 20:29:37.494 *** Mouse movement (LeftButton) ***  Mouse coords: (579, 286) (59285, 35512)
2022-08-13 20:29:37.511 *** Mouse movement (LeftButton) ***  Mouse coords: (579, 289) (59285, 35515)
2022-08-13 20:29:37.527 *** Mouse movement (LeftButton) ***  Mouse coords: (579, 291) (59285, 35518)
2022-08-13 20:29:37.677 *** Mouse movement (LeftButton) ***  Mouse coords: (593, 345) (59300, 35574)
2022-08-13 20:29:37.694 *** Mouse movement (LeftButton) ***  Mouse coords: (594, 347) (59301, 35576)
2022-08-13 20:29:37.711 *** Mouse movement (LeftButton) ***  Mouse coords: (595, 349) (59302, 35578)
2022-08-13 20:29:37.727 *** Mouse movement (LeftButton) ***  Mouse coords: (597, 350) (59304, 35579)
2022-08-13 20:29:37.744 *** Mouse movement (LeftButton) ***  Mouse coords: (599, 353) (59306, 35582)
2022-08-13 20:29:37.761 *** Mouse movement (LeftButton) ***  Mouse coords: (603, 355) (59310, 35584)
2022-08-13 20:29:37.777 *** Mouse movement (LeftButton) ***  Mouse coords: (608, 358) (59315, 35587)
2022-08-13 20:29:37.921 *** Mouse movement (LeftButton) ***  Mouse coords: (619, 388) (59327, 35618)
2022-08-13 20:29:37.930 *** Mouse movement (LeftButton) ***  Mouse coords: (619, 391) (59327, 35621)
2022-08-13 20:29:37.944 *** Mouse movement (LeftButton) ***  Mouse coords: (619, 393) (59327, 35624)
2022-08-13 20:29:37.961 *** Mouse movement (LeftButton) ***  Mouse coords: (619, 395) (59327, 35626)
2022-08-13 20:29:38.023 *** Mouse movement (LeftButton) ***  Mouse coords: (620, 395) (59328, 35626)
2022-08-13 20:29:38.038 *** Mouse movement (LeftButton) ***  Mouse coords: (623, 395) (59331, 35626)
2022-08-13 20:29:38.196 *** Mouse movement (LeftButton) ***  Mouse coords: (702, 386) (59413, 35616)
2022-08-13 20:29:38.211 *** Mouse movement (LeftButton) ***  Mouse coords: (702, 385) (59413, 35615)
2022-08-13 20:29:38.223 *** Mouse movement (LeftButton) ***  Mouse coords: (703, 385) (59414, 35615)
2022-08-13 20:29:38.235 *** Mouse movement (LeftButton) ***  Mouse coords: (704, 383) (59415, 35613)
2022-08-13 20:29:38.246 *** Mouse movement (LeftButton) ***  Mouse coords: (705, 382) (59416, 35612)
2022-08-13 20:29:38.261 *** Mouse movement (LeftButton) ***  Mouse coords: (708, 380) (59419, 35610)
2022-08-13 20:29:38.278 *** Mouse movement (LeftButton) ***  Mouse coords: (718, 375) (59430, 35605)
2022-08-13 20:29:38.721 *** Mouse movement (LeftButton) ***  Mouse coords: (849, 308) (59566, 35535)
2022-08-13 20:29:38.746 *** Mouse movement (LeftButton) ***  Mouse coords: (850, 306) (59567, 35533)
2022-08-13 20:29:38.911 *** Mouse movement (LeftButton) ***  Mouse coords: (928, 229) (59648, 35453)
2022-08-13 20:29:38.927 *** Mouse movement (LeftButton) ***  Mouse coords: (928, 227) (59648, 35451)
2022-08-13 20:29:38.945 *** Mouse movement (LeftButton) ***  Mouse coords: (928, 225) (59648, 35449)
2022-08-13 20:29:38.961 *** Mouse movement (LeftButton) ***  Mouse coords: (929, 222) (59649, 35446)
2022-08-13 20:29:38.979 *** Mouse movement (LeftButton) ***  Mouse coords: (931, 212) (59651, 35435)
2022-08-13 20:29:39.127 *** Mouse movement (LeftButton) ***  Mouse coords: (960, 147) (59681, 35368)
2022-08-13 20:29:39.164 *** Mouse movement (LeftButton) ***  Mouse coords: (960, 146) (59681, 35367)
2022-08-13 20:29:39.173 *** Mouse movement (LeftButton) ***  Mouse coords: (960, 145) (59681, 35366)
2022-08-13 20:29:39.184 *** Mouse movement (LeftButton) ***  Mouse coords: (960, 143) (59681, 35364)
2022-08-13 20:29:39.194 *** Mouse movement (LeftButton) ***  Mouse coords: (960, 141) (59681, 35362)
2022-08-13 20:29:46.778 *** Interactive label *** Apply to case start.
2022-08-13 20:29:49.332 *** Interactive label *** Apply to case done.
2022-08-13 20:29:50.412 *** Interactive label *** Apply to case finish overlay create.
2022-08-13 20:29:50.416 *** Process image overlay spent 0.00 seconds.
2022-08-13 20:29:50.417 *** Get cell color spent 0.00 seconds.
2022-08-13 20:29:55.844 *** Mouse movement (LeftButton) ***  Mouse coords: (609, 283) (59316, 35509)
2022-08-13 20:29:55.861 *** Mouse movement (LeftButton) ***  Mouse coords: (608, 289) (59315, 35515)
2022-08-13 20:29:55.891 *** Mouse movement (LeftButton) ***  Mouse coords: (603, 318) (59310, 35546)
2022-08-13 20:29:55.905 *** Mouse movement (LeftButton) ***  Mouse coords: (598, 343) (59305, 35572)
2022-08-13 20:29:55.916 *** Mouse movement (LeftButton) ***  Mouse coords: (595, 361) (59302, 35590)
2022-08-13 20:29:55.927 *** Mouse movement (LeftButton) ***  Mouse coords: (591, 385) (59298, 35615)
2022-08-13 20:29:55.943 *** Mouse movement (LeftButton) ***  Mouse coords: (585, 410) (59291, 35641)
2022-08-13 20:29:55.960 *** Mouse movement (LeftButton) ***  Mouse coords: (583, 427) (59289, 35659)
2022-08-13 20:29:55.977 *** Mouse movement (LeftButton) ***  Mouse coords: (582, 431) (59288, 35663)
2022-08-13 20:29:55.993 *** Mouse movement (LeftButton) ***  Mouse coords: (582, 434) (59288, 35666)
2022-08-13 20:30:00.359 *** Mouse movement (LeftButton) ***  Mouse coords: (806, 270) (59521, 35496)
2022-08-13 20:30:00.376 *** Mouse movement (LeftButton) ***  Mouse coords: (803, 273) (59519, 35499)
2022-08-13 20:30:00.393 *** Mouse movement (LeftButton) ***  Mouse coords: (796, 279) (59515, 35502)
2022-08-13 20:30:00.410 *** Mouse movement (LeftButton) ***  Mouse coords: (790, 286) (59515, 35503)
2022-08-13 20:30:00.426 *** Mouse movement (LeftButton) ***  Mouse coords: (777, 302) (59509, 35513)
2022-08-13 20:30:00.443 *** Mouse movement (LeftButton) ***  Mouse coords: (766, 319) (59510, 35514)
2022-08-13 20:30:00.460 *** Mouse movement (LeftButton) ***  Mouse coords: (756, 335) (59512, 35512)
2022-08-13 20:30:00.476 *** Mouse movement (LeftButton) ***  Mouse coords: (750, 344) (59516, 35506)
2022-08-13 20:30:00.493 *** Mouse movement (LeftButton) ***  Mouse coords: (746, 352) (59518, 35504)
2022-08-13 20:30:00.510 *** Mouse movement (LeftButton) ***  Mouse coords: (743, 359) (59519, 35503)
2022-08-13 20:30:00.526 *** Mouse movement (LeftButton) ***  Mouse coords: (742, 360) (59521, 35497)
2022-08-13 20:30:00.577 *** Process image overlay spent 0.00 seconds.
2022-08-13 20:30:00.578 *** Get cell color spent 0.00 seconds.
2022-08-13 20:30:01.324 *** Process image overlay spent 0.00 seconds.
2022-08-13 20:30:01.326 *** Get cell color spent 0.00 seconds.
2022-08-13 20:30:01.964 *** Process image overlay spent 0.00 seconds.
2022-08-13 20:30:01.965 *** Get cell color spent 0.00 seconds.
2022-08-13 20:30:02.388 *** Process image overlay spent 0.00 seconds.
2022-08-13 20:30:02.390 *** Get cell color spent 0.00 seconds.
2022-08-13 20:30:03.642 *** Process image overlay spent 0.00 seconds.
2022-08-13 20:30:03.643 *** Get cell color spent 0.00 seconds.
2022-08-13 20:30:05.132 *** Process image overlay spent 0.00 seconds.
2022-08-13 20:30:05.134 *** Get cell color spent 0.00 seconds.
2022-08-13 20:30:05.785 *** Process image overlay spent 0.00 seconds.
2022-08-13 20:30:05.790 *** Get cell color spent 0.01 seconds.
2022-08-13 20:30:07.097 *** Process image overlay spent 0.00 seconds.
2022-08-13 20:30:07.099 *** Get cell color spent 0.00 seconds.
2022-08-13 20:30:47.353 *** Program closed.
