2022-11-07 14:53:27.625 *** Start program *** Start program
2022-11-07 14:53:42.812 *** Open case *** /Users/zhihuang/Desktop/S4325
2022-11-07 14:53:45.273 *** Open processed data
2022-11-07 14:53:45.273 *** Preload all statistics at once.
2022-11-07 14:53:46.455 *** Nuclei stat data loaded, took 1.18 seconds. Total number of nuclei: 793467
2022-11-07 14:53:50.941 *** Mouse movement (LeftButton) ***  Mouse coords: (550, 403) (53692, 32260)
2022-11-07 14:53:53.363 *** Mouse movement (LeftButton) ***  Mouse coords: (782, 336) (49060, 22573)
2022-11-07 14:53:53.465 *** Mouse movement (LeftButton) ***  Mouse coords: (783, 336) (49073, 22573)
2022-11-07 14:53:53.504 *** Mouse movement (LeftButton) ***  Mouse coords: (783, 353) (49060, 22784)
2022-11-07 14:53:53.532 *** Mouse movement (LeftButton) ***  Mouse coords: (783, 376) (49060, 22859)
2022-11-07 14:53:53.558 *** Mouse movement (LeftButton) ***  Mouse coords: (783, 387) (49060, 22709)
2022-11-07 14:53:53.580 *** Mouse movement (LeftButton) ***  Mouse coords: (783, 426) (49060, 23058)
2022-11-07 14:53:53.604 *** Mouse movement (LeftButton) ***  Mouse coords: (783, 444) (49060, 22797)
2022-11-07 14:53:53.626 *** Mouse movement (LeftButton) ***  Mouse coords: (783, 449) (49060, 22635)
2022-11-07 14:53:53.648 *** Mouse movement (LeftButton) ***  Mouse coords: (783, 451) (49060, 22598)
2022-11-07 14:53:53.690 *** Mouse movement (LeftButton) ***  Mouse coords: (783, 451) (49060, 22573)
2022-11-07 14:53:53.719 *** Mouse movement (LeftButton) ***  Mouse coords: (783, 451) (49060, 22573)
2022-11-07 14:53:56.150 *** Mouse movement (LeftButton) ***  Mouse coords: (514, 386) (49194, 22933)
2022-11-07 14:53:56.231 *** Mouse movement (LeftButton) ***  Mouse coords: (514, 386) (49194, 22933)
2022-11-07 14:53:56.263 *** Mouse movement (LeftButton) ***  Mouse coords: (541, 390) (49421, 22967)
2022-11-07 14:53:56.287 *** Mouse movement (LeftButton) ***  Mouse coords: (575, 400) (49478, 23017)
2022-11-07 14:53:56.308 *** Mouse movement (LeftButton) ***  Mouse coords: (647, 428) (49797, 23167)
2022-11-07 14:53:56.329 *** Mouse movement (LeftButton) ***  Mouse coords: (699, 453) (49630, 23142)
2022-11-07 14:53:56.350 *** Mouse movement (LeftButton) ***  Mouse coords: (724, 465) (49403, 23034)
2022-11-07 14:53:56.371 *** Mouse movement (LeftButton) ***  Mouse coords: (742, 472) (49345, 22992)
2022-11-07 14:53:56.393 *** Mouse movement (LeftButton) ***  Mouse coords: (746, 474) (49227, 22949)
2022-11-07 14:53:56.424 *** Mouse movement (LeftButton) ***  Mouse coords: (747, 474) (49203, 22933)
2022-11-07 14:53:56.467 *** Mouse movement (LeftButton) ***  Mouse coords: (749, 474) (49211, 22933)
2022-11-07 14:53:56.492 *** Mouse movement (LeftButton) ***  Mouse coords: (750, 474) (49202, 22933)
2022-11-07 14:53:57.098 *** Mouse movement (LeftButton) ***  Mouse coords: (658, 412) (48423, 22414)
2022-11-07 14:53:57.136 *** Mouse movement (LeftButton) ***  Mouse coords: (686, 412) (48650, 22414)
2022-11-07 14:53:57.160 *** Mouse movement (LeftButton) ***  Mouse coords: (707, 412) (48591, 22414)
2022-11-07 14:53:57.183 *** Mouse movement (LeftButton) ***  Mouse coords: (718, 415) (48507, 22439)
2022-11-07 14:53:57.203 *** Mouse movement (LeftButton) ***  Mouse coords: (722, 420) (48448, 22456)
2022-11-07 14:53:57.226 *** Mouse movement (LeftButton) ***  Mouse coords: (731, 431) (48491, 22506)
2022-11-07 14:53:57.248 *** Mouse movement (LeftButton) ***  Mouse coords: (739, 442) (48482, 22506)
2022-11-07 14:53:57.269 *** Mouse movement (LeftButton) ***  Mouse coords: (745, 448) (48465, 22465)
2022-11-07 14:53:57.304 *** Mouse movement (LeftButton) ***  Mouse coords: (754, 457) (48490, 22489)
2022-11-07 14:53:57.331 *** Mouse movement (LeftButton) ***  Mouse coords: (761, 472) (48474, 22540)
2022-11-07 15:28:28.835 *** Mouse movement (LeftButton) ***  Mouse coords: (766, 493) (48457, 22589)
2022-11-07 15:28:28.913 *** Mouse movement (LeftButton) ***  Mouse coords: (766, 493) (48457, 22589)
2022-11-07 15:28:28.984 *** Mouse movement (LeftButton) ***  Mouse coords: (822, 505) (48926, 22690)
2022-11-07 15:28:29.015 *** Mouse movement (LeftButton) ***  Mouse coords: (837, 505) (48583, 22589)
2022-11-07 15:28:29.052 *** Mouse movement (LeftButton) ***  Mouse coords: (870, 505) (48733, 22589)
2022-11-07 15:28:29.085 *** Mouse movement (LeftButton) ***  Mouse coords: (911, 516) (48800, 22681)
2022-11-07 15:28:29.109 *** Mouse movement (LeftButton) ***  Mouse coords: (921, 521) (48541, 22631)
2022-11-07 15:28:29.138 *** Mouse movement (LeftButton) ***  Mouse coords: (947, 536) (48675, 22715)
2022-11-07 15:28:29.178 *** Mouse movement (LeftButton) ***  Mouse coords: (970, 546) (48649, 22672)
2022-11-07 15:28:29.635 *** Mouse movement (LeftButton) ***  Mouse coords: (850, 418) (47452, 21517)
2022-11-07 15:28:29.718 *** Mouse movement (LeftButton) ***  Mouse coords: (849, 418) (47453, 21526)
2022-11-07 15:28:29.750 *** Mouse movement (LeftButton) ***  Mouse coords: (849, 424) (47461, 21577)
2022-11-07 15:28:29.772 *** Mouse movement (LeftButton) ***  Mouse coords: (849, 429) (47461, 21567)
2022-11-07 15:28:29.797 *** Mouse movement (LeftButton) ***  Mouse coords: (849, 446) (47461, 21669)
2022-11-07 15:28:29.820 *** Mouse movement (LeftButton) ***  Mouse coords: (849, 456) (47461, 21610)
2022-11-07 15:28:29.856 *** Mouse movement (LeftButton) ***  Mouse coords: (855, 478) (47511, 21710)
2022-11-07 15:28:29.880 *** Mouse movement (LeftButton) ***  Mouse coords: (890, 516) (47754, 21844)
2022-11-07 15:28:29.904 *** Mouse movement (LeftButton) ***  Mouse coords: (919, 541) (47704, 21735)
2022-11-07 15:28:29.925 *** Mouse movement (LeftButton) ***  Mouse coords: (948, 562) (47704, 21702)
2022-11-07 15:28:29.954 *** Mouse movement (LeftButton) ***  Mouse coords: (972, 577) (47662, 21652)
2022-11-07 15:28:29.981 *** Mouse movement (LeftButton) ***  Mouse coords: (984, 583) (47562, 21576)
2022-11-07 15:28:30.007 *** Mouse movement (LeftButton) ***  Mouse coords: (994, 587) (47544, 21560)
2022-11-07 15:28:30.066 *** Mouse movement (LeftButton) ***  Mouse coords: (999, 588) (47503, 21534)
2022-11-07 15:28:30.089 *** Mouse movement (LeftButton) ***  Mouse coords: (999, 588) (47461, 21526)
2022-11-07 15:28:30.115 *** Mouse movement (LeftButton) ***  Mouse coords: (1000, 588) (47470, 21526)
2022-11-07 15:28:30.176 *** Mouse movement (LeftButton) ***  Mouse coords: (1000, 588) (47461, 21526)
2022-11-07 15:28:30.205 *** Mouse movement (LeftButton) ***  Mouse coords: (1000, 586) (47461, 21509)
2022-11-07 15:28:30.241 *** Mouse movement (LeftButton) ***  Mouse coords: (1000, 586) (47461, 21526)
2022-11-07 15:28:41.404 *** Mouse movement (LeftButton) ***  Mouse coords: (589, 457) (44816, 20410)
2022-11-07 15:28:41.509 *** Mouse movement (LeftButton) ***  Mouse coords: (589, 457) (44816, 20410)
2022-11-07 15:28:41.544 *** Mouse movement (LeftButton) ***  Mouse coords: (564, 457) (44759, 20410)
2022-11-07 15:28:41.567 *** Mouse movement (LeftButton) ***  Mouse coords: (550, 457) (44784, 20410)
2022-11-07 15:28:41.592 *** Mouse movement (LeftButton) ***  Mouse coords: (539, 457) (44791, 20410)
2022-11-07 15:28:41.622 *** Mouse movement (LeftButton) ***  Mouse coords: (523, 457) (44779, 20410)
2022-11-07 15:28:41.655 *** Mouse movement (LeftButton) ***  Mouse coords: (489, 459) (44739, 20414)
2022-11-07 15:28:41.678 *** Mouse movement (LeftButton) ***  Mouse coords: (486, 459) (44809, 20410)
2022-11-07 15:28:41.701 *** Mouse movement (LeftButton) ***  Mouse coords: (483, 459) (44809, 20410)
2022-11-07 15:28:41.735 *** Mouse movement (LeftButton) ***  Mouse coords: (482, 459) (44814, 20410)
2022-11-07 15:28:41.763 *** Mouse movement (LeftButton) ***  Mouse coords: (485, 457) (44823, 20406)
2022-11-07 15:28:41.825 *** Mouse movement (LeftButton) ***  Mouse coords: (488, 454) (44822, 20403)
2022-11-07 15:28:41.850 *** Mouse movement (LeftButton) ***  Mouse coords: (488, 453) (44816, 20407)
2022-11-07 15:28:48.796 *** Mouse movement (LeftButton) ***  Mouse coords: (906, 638) (45402, 20996)
2022-11-07 15:28:48.913 *** Mouse movement (LeftButton) ***  Mouse coords: (905, 636) (45399, 20993)
2022-11-07 15:28:48.939 *** Mouse movement (LeftButton) ***  Mouse coords: (895, 636) (45370, 20999)
2022-11-07 15:28:48.967 *** Mouse movement (LeftButton) ***  Mouse coords: (883, 636) (45364, 20999)
2022-11-07 15:28:48.991 *** Mouse movement (LeftButton) ***  Mouse coords: (874, 636) (45374, 20999)
2022-11-07 15:28:49.014 *** Mouse movement (LeftButton) ***  Mouse coords: (852, 639) (45333, 21008)
2022-11-07 15:28:49.040 *** Mouse movement (LeftButton) ***  Mouse coords: (838, 639) (45358, 20999)
2022-11-07 15:28:49.066 *** Mouse movement (LeftButton) ***  Mouse coords: (822, 640) (45351, 21002)
2022-11-07 15:28:49.095 *** Mouse movement (LeftButton) ***  Mouse coords: (806, 640) (45352, 20999)
2022-11-07 15:28:49.129 *** Mouse movement (LeftButton) ***  Mouse coords: (788, 639) (45345, 20996)
2022-11-07 15:28:49.178 *** Mouse movement (LeftButton) ***  Mouse coords: (761, 629) (45317, 20968)
2022-11-07 15:28:49.205 *** Mouse movement (LeftButton) ***  Mouse coords: (746, 621) (45355, 20973)
2022-11-07 15:28:49.244 *** Mouse movement (LeftButton) ***  Mouse coords: (729, 608) (45348, 20959)
2022-11-07 15:28:49.275 *** Mouse movement (LeftButton) ***  Mouse coords: (728, 607) (45399, 20995)
2022-11-07 15:28:50.293 *** Mouse movement (LeftButton) ***  Mouse coords: (804, 404) (45642, 20360)
2022-11-07 15:28:50.329 *** Mouse movement (LeftButton) ***  Mouse coords: (804, 412) (45642, 20382)
2022-11-07 15:28:50.352 *** Mouse movement (LeftButton) ***  Mouse coords: (804, 421) (45642, 20386)
2022-11-07 15:28:50.399 *** Mouse movement (LeftButton) ***  Mouse coords: (804, 427) (45642, 20376)
2022-11-07 15:28:50.424 *** Mouse movement (LeftButton) ***  Mouse coords: (804, 433) (45642, 20376)
2022-11-07 15:28:50.448 *** Mouse movement (LeftButton) ***  Mouse coords: (804, 436) (45642, 20366)
2022-11-07 15:28:50.473 *** Mouse movement (LeftButton) ***  Mouse coords: (804, 437) (45642, 20360)
2022-11-07 15:28:50.497 *** Mouse movement (LeftButton) ***  Mouse coords: (804, 438) (45642, 20360)
2022-11-07 15:28:50.523 *** Mouse movement (LeftButton) ***  Mouse coords: (804, 440) (45642, 20364)
2022-11-07 15:28:50.546 *** Mouse movement (LeftButton) ***  Mouse coords: (805, 441) (45645, 20360)
2022-11-07 15:28:50.573 *** Mouse movement (LeftButton) ***  Mouse coords: (808, 441) (45651, 20357)
2022-11-07 15:28:53.879 *** Mouse movement (LeftButton) ***  Mouse coords: (853, 452) (46463, 20363)
2022-11-07 15:28:53.993 *** Mouse movement (LeftButton) ***  Mouse coords: (853, 452) (46463, 20363)
2022-11-07 15:28:54.023 *** Mouse movement (LeftButton) ***  Mouse coords: (828, 431) (46310, 20235)
2022-11-07 15:28:54.048 *** Mouse movement (LeftButton) ***  Mouse coords: (773, 381) (46128, 20058)
2022-11-07 15:28:54.072 *** Mouse movement (LeftButton) ***  Mouse coords: (731, 348) (46206, 20161)
2022-11-07 15:28:54.096 *** Mouse movement (LeftButton) ***  Mouse coords: (707, 330) (46317, 20253)
2022-11-07 15:28:54.119 *** Mouse movement (LeftButton) ***  Mouse coords: (695, 321) (46389, 20308)
2022-11-07 15:28:54.142 *** Mouse movement (LeftButton) ***  Mouse coords: (691, 317) (46439, 20339)
2022-11-07 15:28:54.171 *** Mouse movement (LeftButton) ***  Mouse coords: (689, 315) (46451, 20351)
2022-11-07 15:28:54.204 *** Mouse movement (LeftButton) ***  Mouse coords: (684, 310) (46432, 20332)
2022-11-07 15:28:54.228 *** Mouse movement (LeftButton) ***  Mouse coords: (684, 310) (46463, 20363)
2022-11-07 15:28:57.130 *** Mouse movement (LeftButton) ***  Mouse coords: (827, 716) (47490, 22909)
2022-11-07 15:28:57.234 *** Mouse movement (LeftButton) ***  Mouse coords: (827, 716) (47490, 22909)
2022-11-07 15:28:57.269 *** Mouse movement (LeftButton) ***  Mouse coords: (826, 701) (47481, 22765)
2022-11-07 15:28:57.295 *** Mouse movement (LeftButton) ***  Mouse coords: (821, 685) (47442, 22755)
2022-11-07 15:28:57.319 *** Mouse movement (LeftButton) ***  Mouse coords: (817, 675) (47451, 22813)
2022-11-07 15:28:57.341 *** Mouse movement (LeftButton) ***  Mouse coords: (804, 643) (47365, 22601)
2022-11-07 15:28:57.366 *** Mouse movement (LeftButton) ***  Mouse coords: (786, 601) (47317, 22506)
2022-11-07 15:28:57.388 *** Mouse movement (LeftButton) ***  Mouse coords: (783, 590) (47462, 22803)
2022-11-07 15:28:57.411 *** Mouse movement (LeftButton) ***  Mouse coords: (782, 582) (47480, 22833)
2022-11-07 15:28:57.439 *** Mouse movement (LeftButton) ***  Mouse coords: (781, 579) (47480, 22880)
2022-11-07 15:28:57.474 *** Mouse movement (LeftButton) ***  Mouse coords: (780, 578) (47481, 22899)
2022-11-07 15:28:57.504 *** Mouse movement (LeftButton) ***  Mouse coords: (778, 578) (47471, 22909)
2022-11-07 15:29:02.753 *** Mouse movement (LeftButton) ***  Mouse coords: (864, 492) (63567, 27492)
2022-11-07 15:29:02.893 *** Mouse movement (LeftButton) ***  Mouse coords: (864, 491) (63455, 27380)
2022-11-07 15:29:02.924 *** Mouse movement (LeftButton) ***  Mouse coords: (851, 477) (62002, 25927)
2022-11-07 15:29:02.949 *** Mouse movement (LeftButton) ***  Mouse coords: (842, 467) (62449, 26374)
2022-11-07 15:29:02.976 *** Mouse movement (LeftButton) ***  Mouse coords: (822, 450) (61219, 25592)
2022-11-07 15:29:03.011 *** Mouse movement (LeftButton) ***  Mouse coords: (776, 420) (58313, 24139)
2022-11-07 15:29:03.040 *** Mouse movement (LeftButton) ***  Mouse coords: (724, 405) (57643, 25815)
2022-11-07 15:29:03.064 *** Mouse movement (LeftButton) ***  Mouse coords: (719, 404) (62896, 27380)
2022-11-07 15:29:03.100 *** Mouse movement (LeftButton) ***  Mouse coords: (709, 402) (62337, 27269)
2022-11-07 15:29:03.130 *** Mouse movement (LeftButton) ***  Mouse coords: (706, 402) (63120, 27492)
2022-11-07 15:29:08.619 *** Mouse movement (LeftButton) ***  Mouse coords: (621, 181) (47500, 23484)
2022-11-07 15:29:08.718 *** Mouse movement (LeftButton) ***  Mouse coords: (621, 181) (47500, 23484)
2022-11-07 15:29:08.745 *** Mouse movement (LeftButton) ***  Mouse coords: (621, 199) (47500, 23652)
2022-11-07 15:29:08.771 *** Mouse movement (LeftButton) ***  Mouse coords: (621, 263) (47500, 24081)
2022-11-07 15:29:08.804 *** Mouse movement (LeftButton) ***  Mouse coords: (621, 359) (47500, 24379)
2022-11-07 15:29:08.828 *** Mouse movement (LeftButton) ***  Mouse coords: (621, 385) (47500, 23727)
2022-11-07 15:29:08.851 *** Mouse movement (LeftButton) ***  Mouse coords: (621, 440) (47500, 23997)
2022-11-07 15:29:08.874 *** Mouse movement (LeftButton) ***  Mouse coords: (621, 474) (47500, 23801)
2022-11-07 15:29:08.897 *** Mouse movement (LeftButton) ***  Mouse coords: (621, 493) (47500, 23662)
2022-11-07 15:29:08.922 *** Mouse movement (LeftButton) ***  Mouse coords: (621, 500) (47500, 23549)
2022-11-07 15:29:08.958 *** Mouse movement (LeftButton) ***  Mouse coords: (621, 511) (47500, 23587)
2022-11-07 15:29:08.990 *** Mouse movement (LeftButton) ***  Mouse coords: (621, 522) (47500, 23586)
2022-11-07 15:29:09.016 *** Mouse movement (LeftButton) ***  Mouse coords: (621, 522) (47500, 23484)
2022-11-07 15:29:09.038 *** Mouse movement (LeftButton) ***  Mouse coords: (621, 523) (47500, 23494)
2022-11-07 15:29:09.062 *** Mouse movement (LeftButton) ***  Mouse coords: (620, 523) (47490, 23484)
2022-11-07 15:29:10.562 *** Mouse movement (LeftButton) ***  Mouse coords: (744, 251) (48252, 22943)
2022-11-07 15:29:10.677 *** Mouse movement (LeftButton) ***  Mouse coords: (744, 258) (48252, 22976)
2022-11-07 15:29:10.705 *** Mouse movement (LeftButton) ***  Mouse coords: (744, 294) (48252, 23094)
2022-11-07 15:29:10.737 *** Mouse movement (LeftButton) ***  Mouse coords: (744, 358) (48252, 23209)
2022-11-07 15:29:10.765 *** Mouse movement (LeftButton) ***  Mouse coords: (744, 388) (48252, 23070)
2022-11-07 15:29:10.787 *** Mouse movement (LeftButton) ***  Mouse coords: (750, 476) (48277, 23308)
2022-11-07 15:29:10.816 *** Mouse movement (LeftButton) ***  Mouse coords: (762, 575) (48301, 23352)
2022-11-07 15:29:10.840 *** Mouse movement (LeftButton) ***  Mouse coords: (766, 614) (48269, 23107)
2022-11-07 15:29:10.872 *** Mouse movement (LeftButton) ***  Mouse coords: (766, 630) (48252, 23013)
2022-11-07 15:29:10.912 *** Mouse movement (LeftButton) ***  Mouse coords: (767, 645) (48256, 23008)
2022-11-07 15:29:10.937 *** Mouse movement (LeftButton) ***  Mouse coords: (767, 645) (48252, 22947)
2022-11-07 15:29:10.985 *** Mouse movement (LeftButton) ***  Mouse coords: (767, 645) (48252, 22947)
2022-11-07 15:29:11.036 *** Mouse movement (LeftButton) ***  Mouse coords: (767, 645) (48252, 22947)
2022-11-07 15:29:12.712 *** Mouse movement (LeftButton) ***  Mouse coords: (797, 153) (48702, 22514)
2022-11-07 15:29:12.801 *** Mouse movement (LeftButton) ***  Mouse coords: (797, 153) (48702, 22514)
2022-11-07 15:29:12.834 *** Mouse movement (LeftButton) ***  Mouse coords: (797, 168) (48702, 22542)
2022-11-07 15:29:12.859 *** Mouse movement (LeftButton) ***  Mouse coords: (797, 178) (48702, 22533)
2022-11-07 15:29:12.882 *** Mouse movement (LeftButton) ***  Mouse coords: (797, 225) (48702, 22602)
2022-11-07 15:29:12.904 *** Mouse movement (LeftButton) ***  Mouse coords: (797, 267) (48702, 22593)
2022-11-07 15:29:12.930 *** Mouse movement (LeftButton) ***  Mouse coords: (797, 330) (48702, 22633)
2022-11-07 15:29:12.955 *** Mouse movement (LeftButton) ***  Mouse coords: (797, 387) (48702, 22621)
2022-11-07 15:29:12.991 *** Mouse movement (LeftButton) ***  Mouse coords: (799, 439) (48706, 22612)
2022-11-07 15:29:13.032 *** Mouse movement (LeftButton) ***  Mouse coords: (813, 485) (48728, 22601)
2022-11-07 15:29:13.062 *** Mouse movement (LeftButton) ***  Mouse coords: (822, 511) (48719, 22563)
2022-11-07 15:29:13.085 *** Mouse movement (LeftButton) ***  Mouse coords: (822, 512) (48702, 22516)
2022-11-07 15:29:13.113 *** Mouse movement (LeftButton) ***  Mouse coords: (823, 514) (48704, 22517)
2022-11-07 15:29:13.139 *** Mouse movement (LeftButton) ***  Mouse coords: (823, 515) (48702, 22516)
2022-11-07 15:29:13.165 *** Mouse movement (LeftButton) ***  Mouse coords: (823, 515) (48702, 22514)
2022-11-07 15:29:13.210 *** Mouse movement (LeftButton) ***  Mouse coords: (823, 515) (48702, 22514)
2022-11-07 15:29:13.248 *** Mouse movement (LeftButton) ***  Mouse coords: (823, 514) (48702, 22512)
2022-11-11 16:32:01.423 *** Mouse movement (LeftButton) ***  Mouse coords: (647, 403) (48300, 21993)
2022-11-11 16:32:03.184 *** Mouse movement (LeftButton) ***  Mouse coords: (598, 478) (48209, 22135)
2022-11-11 16:32:03.251 *** Mouse movement (LeftButton) ***  Mouse coords: (604, 497) (48220, 22171)
2022-11-11 16:32:03.323 *** Mouse movement (LeftButton) ***  Mouse coords: (609, 507) (48218, 22153)
2022-11-11 16:32:03.398 *** Mouse movement (LeftButton) ***  Mouse coords: (627, 524) (48243, 22167)
2022-11-11 16:32:03.430 *** Mouse movement (LeftButton) ***  Mouse coords: (628, 525) (48211, 22137)
2022-11-11 16:32:20.921 *** Mouse movement (LeftButton) ***  Mouse coords: (703, 541) (47676, 20282)
2022-11-11 16:32:20.995 *** Mouse movement (LeftButton) ***  Mouse coords: (703, 542) (47587, 20283)
2022-11-11 16:32:21.084 *** Mouse movement (LeftButton) ***  Mouse coords: (666, 524) (44283, 18585)
2022-11-11 16:32:21.163 *** Mouse movement (LeftButton) ***  Mouse coords: (387, 187) (22670, -9902)
2022-11-11 16:32:21.194 *** Mouse movement (LeftButton) ***  Mouse coords: (383, 158) (47230, 17602)
2022-11-11 16:32:21.248 *** Mouse movement (LeftButton) ***  Mouse coords: (383, 158) (47587, 20192)
2022-11-11 16:32:21.305 *** Mouse movement (LeftButton) ***  Mouse coords: (384, 158) (47676, 20192)
2022-11-11 16:32:21.413 *** Mouse movement (LeftButton) ***  Mouse coords: (393, 163) (48391, 20638)
2022-11-11 16:32:21.468 *** Mouse movement (LeftButton) ***  Mouse coords: (413, 181) (49373, 21800)
2022-11-11 16:32:21.502 *** Mouse movement (LeftButton) ***  Mouse coords: (414, 182) (47676, 20281)
2022-11-11 16:32:23.755 *** Mouse movement (LeftButton) ***  Mouse coords: (681, 545) (43742, 18251)
2022-11-11 16:32:23.899 *** Mouse movement (LeftButton) ***  Mouse coords: (681, 545) (43742, 18251)
2022-11-11 16:32:23.942 *** Mouse movement (LeftButton) ***  Mouse coords: (646, 492) (39300, 11525)
2022-11-11 16:32:23.985 *** Mouse movement (LeftButton) ***  Mouse coords: (597, 420) (37524, 9113)
2022-11-11 16:32:24.030 *** Mouse movement (LeftButton) ***  Mouse coords: (588, 405) (42600, 16348)
2022-11-11 16:32:24.076 *** Mouse movement (LeftButton) ***  Mouse coords: (586, 403) (43488, 17997)
2022-11-11 16:32:24.257 *** Mouse movement (LeftButton) ***  Mouse coords: (586, 403) (43742, 18251)
2022-11-11 16:32:24.300 *** Mouse movement (LeftButton) ***  Mouse coords: (586, 403) (43742, 18251)
2022-11-11 16:32:26.003 *** Mouse movement (LeftButton) ***  Mouse coords: (622, 409) (48311, 19012)
2022-11-11 16:32:28.303 *** Mouse movement (LeftButton) ***  Mouse coords: (563, 426) (40823, 21170)
2022-11-11 16:32:34.745 *** Mouse movement (LeftButton) ***  Mouse coords: (703, 338) (46323, 24251)
2022-11-11 16:32:34.800 *** Mouse movement (LeftButton) ***  Mouse coords: (699, 339) (46308, 24254)
2022-11-11 16:32:34.918 *** Mouse movement (LeftButton) ***  Mouse coords: (530, 470) (45812, 24644)
2022-11-11 16:32:34.960 *** Mouse movement (LeftButton) ***  Mouse coords: (470, 519) (46140, 24399)
2022-11-11 16:32:34.994 *** Mouse movement (LeftButton) ***  Mouse coords: (448, 546) (46254, 24332)
2022-11-11 16:32:35.024 *** Mouse movement (LeftButton) ***  Mouse coords: (448, 546) (46320, 24251)
2022-11-11 16:32:35.046 *** Mouse movement (LeftButton) ***  Mouse coords: (448, 546) (46320, 24251)
2022-11-11 16:32:35.096 *** Mouse movement (LeftButton) ***  Mouse coords: (447, 545) (46317, 24248)
2022-11-11 16:32:41.851 *** Mouse movement (LeftButton) ***  Mouse coords: (845, 670) (79387, 3767)
2022-11-11 16:32:41.962 *** Mouse movement (LeftButton) ***  Mouse coords: (845, 670) (79387, 3764)
2022-11-11 16:32:41.988 *** Mouse movement (LeftButton) ***  Mouse coords: (843, 670) (79381, 3764)
2022-11-11 16:32:42.017 *** Mouse movement (LeftButton) ***  Mouse coords: (821, 658) (79320, 3728)
2022-11-11 16:32:42.043 *** Mouse movement (LeftButton) ***  Mouse coords: (775, 622) (79249, 3656)
2022-11-11 16:32:42.079 *** Mouse movement (LeftButton) ***  Mouse coords: (729, 568) (79249, 3602)
2022-11-11 16:32:42.110 *** Mouse movement (LeftButton) ***  Mouse coords: (693, 496) (79279, 3547)
2022-11-11 16:32:42.143 *** Mouse movement (LeftButton) ***  Mouse coords: (665, 396) (79302, 3464)
2022-11-11 16:32:42.167 *** Mouse movement (LeftButton) ***  Mouse coords: (658, 370) (79366, 3686)
2022-11-11 16:32:42.194 *** Mouse movement (LeftButton) ***  Mouse coords: (658, 369) (79387, 3761)
2022-11-11 16:32:42.217 *** Mouse movement (LeftButton) ***  Mouse coords: (657, 369) (79384, 3764)
2022-11-11 16:32:43.484 *** Mouse movement (LeftButton) ***  Mouse coords: (870, 582) (84746, 6364)
2022-11-11 16:32:43.539 *** Mouse movement (LeftButton) ***  Mouse coords: (870, 582) (84746, 6364)
2022-11-11 16:32:43.570 *** Mouse movement (LeftButton) ***  Mouse coords: (866, 566) (84666, 6042)
2022-11-11 16:32:43.594 *** Mouse movement (LeftButton) ***  Mouse coords: (823, 496) (83879, 4952)
2022-11-11 16:32:43.616 *** Mouse movement (LeftButton) ***  Mouse coords: (740, 394) (83073, 4308)
2022-11-11 16:32:43.638 *** Mouse movement (LeftButton) ***  Mouse coords: (694, 338) (83818, 5235)
2022-11-11 16:32:43.663 *** Mouse movement (LeftButton) ***  Mouse coords: (668, 305) (84222, 5699)
2022-11-11 16:32:43.687 *** Mouse movement (LeftButton) ***  Mouse coords: (630, 254) (83980, 5336)
2022-11-11 16:32:43.711 *** Mouse movement (LeftButton) ***  Mouse coords: (625, 247) (84645, 6223)
2022-11-11 16:32:43.739 *** Mouse movement (LeftButton) ***  Mouse coords: (620, 237) (84646, 6162)
2022-11-11 16:32:44.467 *** Mouse movement (LeftButton) ***  Mouse coords: (824, 445) (88858, 10557)
2022-11-11 16:32:44.718 *** Mouse movement (LeftButton) ***  Mouse coords: (849, 111) (89362, 3824)
2022-11-11 16:32:44.743 *** Mouse movement (LeftButton) ***  Mouse coords: (863, 82) (89140, 9973)
2022-11-11 16:32:44.935 *** Mouse movement (LeftButton) ***  Mouse coords: (873, 66) (89060, 10234)
2022-11-11 16:32:47.085 *** Mouse movement (LeftButton) ***  Mouse coords: (852, 429) (88434, 17875)
2022-11-11 16:32:47.149 *** Mouse movement (LeftButton) ***  Mouse coords: (852, 428) (88434, 17855)
2022-11-11 16:32:47.186 *** Mouse movement (LeftButton) ***  Mouse coords: (857, 413) (88535, 17572)
2022-11-11 16:32:47.208 *** Mouse movement (LeftButton) ***  Mouse coords: (863, 400) (88555, 17613)
2022-11-11 16:32:47.230 *** Mouse movement (LeftButton) ***  Mouse coords: (869, 392) (88555, 17714)
2022-11-11 16:32:47.253 *** Mouse movement (LeftButton) ***  Mouse coords: (874, 387) (88535, 17774)
2022-11-11 16:32:47.280 *** Mouse movement (LeftButton) ***  Mouse coords: (889, 377) (88736, 17674)
2022-11-11 16:32:47.301 *** Mouse movement (LeftButton) ***  Mouse coords: (911, 368) (88878, 17693)
2022-11-11 16:32:47.324 *** Mouse movement (LeftButton) ***  Mouse coords: (939, 358) (88998, 17674)
2022-11-11 16:32:47.348 *** Mouse movement (LeftButton) ***  Mouse coords: (958, 354) (88817, 17794)
2022-11-11 16:32:47.375 *** Mouse movement (LeftButton) ***  Mouse coords: (980, 354) (88878, 17875)
2022-11-11 16:32:47.397 *** Mouse movement (LeftButton) ***  Mouse coords: (998, 353) (88796, 17855)
2022-11-11 16:32:49.101 *** Mouse movement (LeftButton) ***  Mouse coords: (103, 50) (35178, 14129)
2022-11-11 16:32:50.014 *** Mouse movement (LeftButton) ***  Mouse coords: (666, 517) (46528, 23543)
2022-11-11 16:32:50.046 *** Mouse movement (LeftButton) ***  Mouse coords: (669, 517) (46588, 23543)
2022-11-11 16:32:50.070 *** Mouse movement (LeftButton) ***  Mouse coords: (669, 518) (46528, 23563)
2022-11-11 16:32:50.091 *** Mouse movement (LeftButton) ***  Mouse coords: (672, 522) (46589, 23624)
2022-11-11 16:32:50.112 *** Mouse movement (LeftButton) ***  Mouse coords: (679, 531) (46669, 23724)
2022-11-11 16:32:50.137 *** Mouse movement (LeftButton) ***  Mouse coords: (686, 540) (46669, 23724)
2022-11-11 16:32:50.161 *** Mouse movement (LeftButton) ***  Mouse coords: (696, 555) (46729, 23846)
2022-11-11 16:32:50.185 *** Mouse movement (LeftButton) ***  Mouse coords: (712, 580) (46851, 24047)
2022-11-11 16:32:50.214 *** Mouse movement (LeftButton) ***  Mouse coords: (733, 606) (46951, 24067)
2022-11-11 16:32:50.250 *** Mouse movement (LeftButton) ***  Mouse coords: (760, 633) (47073, 24087)
2022-11-11 16:51:12.931 *** Mouse movement (LeftButton) ***  Mouse coords: (470, 277) (40682, 16367)
2022-11-11 16:51:12.975 *** Mouse movement (LeftButton) ***  Mouse coords: (499, 281) (41266, 16447)
2022-11-11 16:51:13.002 *** Mouse movement (LeftButton) ***  Mouse coords: (545, 299) (41609, 16730)
2022-11-11 16:51:13.024 *** Mouse movement (LeftButton) ***  Mouse coords: (621, 333) (42215, 17053)
2022-11-11 16:51:13.047 *** Mouse movement (LeftButton) ***  Mouse coords: (684, 367) (41952, 17052)
2022-11-11 16:51:13.093 *** Mouse movement (LeftButton) ***  Mouse coords: (725, 398) (41508, 16992)
2022-11-11 16:51:13.116 *** Mouse movement (LeftButton) ***  Mouse coords: (743, 414) (41045, 16689)
2022-11-11 16:51:13.144 *** Mouse movement (LeftButton) ***  Mouse coords: (755, 424) (40924, 16569)
2022-11-11 16:51:13.173 *** Mouse movement (LeftButton) ***  Mouse coords: (759, 428) (40762, 16448)
2022-11-11 16:51:13.223 *** Mouse movement (LeftButton) ***  Mouse coords: (759, 427) (40682, 16347)
2022-11-11 16:51:13.244 *** Mouse movement (LeftButton) ***  Mouse coords: (759, 427) (40682, 16367)
2022-11-11 16:51:19.653 *** Program closed.
