2022-08-12 13:28:24.063 *** Start program *** Start program
2022-08-12 13:28:30.202 *** Open case *** /media/zhihuang/Drive14/Google_Colon_lnm_pos_2015_slides/slides/S0425
2022-08-12 13:28:32.700 *** Open processed data
2022-08-12 13:28:32.700 *** Preload all statistics at once.
2022-08-12 13:28:33.504 *** Nuclei stat data loaded, took 0.80 seconds. Total number of nuclei: 954361
2022-08-12 13:28:39.318 *** Mouse movement (LeftButton) ***  Mouse coords: (462, 125) (32638, 47796)
2022-08-12 13:28:39.345 *** Mouse movement (LeftButton) ***  Mouse coords: (483, 185) (32996, 48786)
2022-08-12 13:28:39.379 *** Mouse movement (LeftButton) ***  Mouse coords: (544, 313) (33679, 49945)
2022-08-12 13:28:39.395 *** Mouse movement (LeftButton) ***  Mouse coords: (571, 366) (33098, 48666)
2022-08-12 13:28:39.412 *** Mouse movement (LeftButton) ***  Mouse coords: (586, 395) (32894, 48257)
2022-08-12 13:28:39.429 *** Mouse movement (LeftButton) ***  Mouse coords: (606, 430) (32979, 48359)
2022-08-12 13:28:39.445 *** Mouse movement (LeftButton) ***  Mouse coords: (631, 468) (33065, 48411)
2022-08-12 13:28:39.462 *** Mouse movement (LeftButton) ***  Mouse coords: (643, 483) (32843, 48017)
2022-08-12 13:28:39.479 *** Mouse movement (LeftButton) ***  Mouse coords: (654, 495) (32825, 47967)
2022-08-12 13:28:39.495 *** Mouse movement (LeftButton) ***  Mouse coords: (660, 499) (32741, 47830)
2022-08-12 13:28:39.512 *** Mouse movement (LeftButton) ***  Mouse coords: (661, 501) (32655, 47797)
2022-08-12 13:28:40.004 *** Process image overlay spent 0.00 seconds.
2022-08-12 13:28:40.031 *** Get cell color spent 0.03 seconds.
2022-08-12 13:28:40.318 *** Process image overlay spent 0.00 seconds.
2022-08-12 13:28:40.322 *** Get cell color spent 0.00 seconds.
2022-08-12 13:28:46.649 *** Process image overlay spent 0.00 seconds.
2022-08-12 13:28:46.652 *** Get cell color spent 0.00 seconds.
2022-08-12 13:28:47.912 *** Process image overlay spent 0.00 seconds.
2022-08-12 13:28:47.942 *** Get cell color spent 0.03 seconds.
2022-08-12 13:28:49.556 *** Process image overlay spent 0.00 seconds.
2022-08-12 13:28:49.579 *** Get cell color spent 0.02 seconds.
2022-08-12 13:28:50.072 *** Process image overlay spent 0.00 seconds.
2022-08-12 13:28:50.079 *** Get cell color spent 0.01 seconds.
2022-08-12 13:28:50.680 *** Mouse movement (LeftButton) ***  Mouse coords: (399, 224) (28233, 45003)
2022-08-12 13:28:50.687 *** Mouse movement (LeftButton) ***  Mouse coords: (399, 226) (28233, 45010)
2022-08-12 13:28:50.696 *** Mouse movement (LeftButton) ***  Mouse coords: (399, 228) (28233, 45016)
2022-08-12 13:28:50.714 *** Mouse movement (LeftButton) ***  Mouse coords: (400, 231) (28237, 45026)
2022-08-12 13:28:50.731 *** Mouse movement (LeftButton) ***  Mouse coords: (404, 240) (28249, 45054)
2022-08-12 13:28:50.746 *** Mouse movement (LeftButton) ***  Mouse coords: (407, 245) (28259, 45070)
2022-08-12 13:28:50.763 *** Mouse movement (LeftButton) ***  Mouse coords: (414, 261) (28281, 45121)
2022-08-12 13:28:50.779 *** Mouse movement (LeftButton) ***  Mouse coords: (423, 274) (28310, 45162)
2022-08-12 13:28:50.796 *** Mouse movement (LeftButton) ***  Mouse coords: (433, 287) (28342, 45204)
2022-08-12 13:28:50.812 *** Mouse movement (LeftButton) ***  Mouse coords: (439, 292) (28361, 45220)
2022-08-12 13:28:50.829 *** Mouse movement (LeftButton) ***  Mouse coords: (447, 298) (28386, 45239)
2022-08-12 13:28:50.845 *** Mouse movement (LeftButton) ***  Mouse coords: (455, 304) (28412, 45258)
2022-08-12 13:28:50.862 *** Mouse movement (LeftButton) ***  Mouse coords: (459, 307) (28424, 45267)
2022-08-12 13:28:50.879 *** Mouse movement (LeftButton) ***  Mouse coords: (461, 308) (28431, 45271)
2022-08-12 13:28:50.920 *** Mouse movement (LeftButton) ***  Mouse coords: (462, 308) (28434, 45271)
2022-08-12 13:28:50.935 *** Mouse movement (LeftButton) ***  Mouse coords: (463, 308) (28437, 45271)
2022-08-12 13:28:50.950 *** Mouse movement (LeftButton) ***  Mouse coords: (464, 309) (28440, 45274)
2022-08-12 13:28:50.962 *** Mouse movement (LeftButton) ***  Mouse coords: (465, 309) (28443, 45274)
2022-08-12 13:28:50.979 *** Mouse movement (LeftButton) ***  Mouse coords: (466, 310) (28447, 45277)
2022-08-12 13:28:50.995 *** Mouse movement (LeftButton) ***  Mouse coords: (474, 312) (28472, 45283)
2022-08-12 13:28:51.012 *** Mouse movement (LeftButton) ***  Mouse coords: (481, 313) (28494, 45287)
2022-08-12 13:28:51.029 *** Mouse movement (LeftButton) ***  Mouse coords: (487, 313) (28513, 45287)
2022-08-12 13:28:51.045 *** Mouse movement (LeftButton) ***  Mouse coords: (492, 313) (28529, 45287)
2022-08-12 13:28:51.063 *** Mouse movement (LeftButton) ***  Mouse coords: (495, 313) (28539, 45287)
2022-08-12 13:28:51.212 *** Mouse movement (LeftButton) ***  Mouse coords: (495, 312) (28539, 45283)
2022-08-12 13:28:51.229 *** Mouse movement (LeftButton) ***  Mouse coords: (494, 308) (28536, 45271)
2022-08-12 13:28:51.245 *** Mouse movement (LeftButton) ***  Mouse coords: (492, 306) (28529, 45264)
2022-08-12 13:28:51.262 *** Mouse movement (LeftButton) ***  Mouse coords: (490, 304) (28523, 45258)
2022-08-12 13:28:51.302 *** Mouse movement (LeftButton) ***  Mouse coords: (489, 303) (28520, 45255)
2022-08-12 13:28:51.310 *** Mouse movement (LeftButton) ***  Mouse coords: (488, 302) (28517, 45252)
2022-08-12 13:29:00.693 *** Mouse movement (LeftButton) ***  Mouse coords: (421, 230) (28303, 45022)
2022-08-12 13:29:00.701 *** Mouse movement (LeftButton) ***  Mouse coords: (423, 233) (28310, 45032)
2022-08-12 13:29:00.711 *** Mouse movement (LeftButton) ***  Mouse coords: (424, 234) (28313, 45035)
2022-08-12 13:29:00.729 *** Mouse movement (LeftButton) ***  Mouse coords: (432, 243) (28338, 45064)
2022-08-12 13:29:00.745 *** Mouse movement (LeftButton) ***  Mouse coords: (448, 255) (28389, 45102)
2022-08-12 13:29:00.762 *** Mouse movement (LeftButton) ***  Mouse coords: (466, 267) (28447, 45140)
2022-08-12 13:29:00.779 *** Mouse movement (LeftButton) ***  Mouse coords: (484, 279) (28504, 45178)
2022-08-12 13:29:00.796 *** Mouse movement (LeftButton) ***  Mouse coords: (491, 283) (28526, 45191)
2022-08-12 13:29:00.812 *** Mouse movement (LeftButton) ***  Mouse coords: (504, 291) (28568, 45217)
2022-08-12 13:29:00.829 *** Mouse movement (LeftButton) ***  Mouse coords: (507, 293) (28577, 45223)
2022-08-12 13:29:00.846 *** Mouse movement (LeftButton) ***  Mouse coords: (508, 295) (28580, 45229)
2022-08-12 13:29:01.074 *** Mouse movement (LeftButton) ***  Mouse coords: (508, 297) (28580, 45236)
2022-08-12 13:29:01.089 *** Mouse movement (LeftButton) ***  Mouse coords: (505, 299) (28571, 45242)
2022-08-12 13:29:01.098 *** Mouse movement (LeftButton) ***  Mouse coords: (504, 300) (28568, 45245)
2022-08-12 13:29:01.112 *** Mouse movement (LeftButton) ***  Mouse coords: (501, 302) (28558, 45252)
2022-08-12 13:29:01.255 *** Mouse movement (LeftButton) ***  Mouse coords: (500, 303) (28555, 45255)
2022-08-12 13:29:01.270 *** Mouse movement (LeftButton) ***  Mouse coords: (499, 304) (28552, 45258)
2022-08-12 13:29:01.292 *** Mouse movement (LeftButton) ***  Mouse coords: (498, 304) (28548, 45258)
2022-08-12 13:29:01.300 *** Mouse movement (LeftButton) ***  Mouse coords: (498, 305) (28548, 45261)
2022-08-12 13:29:01.322 *** Mouse movement (LeftButton) ***  Mouse coords: (497, 305) (28545, 45261)
2022-08-12 13:29:01.344 *** Mouse movement (LeftButton) ***  Mouse coords: (496, 306) (28542, 45264)
2022-08-12 13:29:01.359 *** Mouse movement (LeftButton) ***  Mouse coords: (495, 306) (28539, 45264)
2022-08-12 13:29:01.370 *** Mouse movement (LeftButton) ***  Mouse coords: (495, 307) (28539, 45267)
2022-08-12 13:29:02.459 *** Interactive label *** Apply to case start.
2022-08-12 13:29:04.113 *** Mouse movement (LeftButton) ***  Mouse coords: (594, 236) (28854, 45041)
2022-08-12 13:29:04.122 *** Mouse movement (LeftButton) ***  Mouse coords: (594, 238) (28854, 45048)
2022-08-12 13:29:04.129 *** Mouse movement (LeftButton) ***  Mouse coords: (595, 244) (28857, 45067)
2022-08-12 13:29:04.146 *** Mouse movement (LeftButton) ***  Mouse coords: (600, 259) (28873, 45115)
2022-08-12 13:29:04.162 *** Mouse movement (LeftButton) ***  Mouse coords: (603, 267) (28883, 45140)
2022-08-12 13:29:04.179 *** Mouse movement (LeftButton) ***  Mouse coords: (609, 280) (28902, 45181)
2022-08-12 13:29:04.195 *** Mouse movement (LeftButton) ***  Mouse coords: (617, 297) (28927, 45236)
2022-08-12 13:29:04.212 *** Mouse movement (LeftButton) ***  Mouse coords: (623, 306) (28946, 45264)
2022-08-12 13:29:04.229 *** Mouse movement (LeftButton) ***  Mouse coords: (627, 315) (28959, 45293)
2022-08-12 13:29:04.246 *** Mouse movement (LeftButton) ***  Mouse coords: (635, 326) (28985, 45328)
2022-08-12 13:29:04.262 *** Mouse movement (LeftButton) ***  Mouse coords: (643, 337) (29010, 45363)
2022-08-12 13:29:04.279 *** Mouse movement (LeftButton) ***  Mouse coords: (647, 343) (29023, 45382)
2022-08-12 13:29:04.296 *** Mouse movement (LeftButton) ***  Mouse coords: (651, 349) (29036, 45401)
2022-08-12 13:29:04.312 *** Mouse movement (LeftButton) ***  Mouse coords: (652, 349) (29039, 45401)
2022-08-12 13:29:04.329 *** Mouse movement (LeftButton) ***  Mouse coords: (652, 350) (29039, 45404)
2022-08-12 13:29:05.307 *** Interactive label *** Apply to case start.
2022-08-12 13:29:08.092 *** Interactive label *** Apply to case done.
2022-08-12 13:29:09.283 *** Interactive label *** Apply to case finish overlay create.
2022-08-12 13:29:09.287 *** Process image overlay spent 0.00 seconds.
2022-08-12 13:29:09.293 *** Get cell color spent 0.01 seconds.
2022-08-12 13:29:15.810 *** Program closed.
