2022-08-11 22:33:50.973 *** Start program *** Start program
2022-08-11 22:34:05.718 *** Open case *** /media/zhihuang/Drive3/Google_Colon_lnm_pos_2015_slides/slides/S0425
2022-08-11 22:34:08.933 *** Open processed data
2022-08-11 22:34:08.934 *** Preload all statistics at once.
2022-08-11 22:34:10.039 *** Nuclei stat data loaded, took 1.11 seconds. Total number of nuclei: 954361
2022-08-11 22:34:14.153 *** Process image overlay spent 0.01 seconds.
2022-08-11 22:34:14.696 *** Get cell color spent 0.54 seconds.
2022-08-11 22:34:15.436 *** Process image overlay spent 0.01 seconds.
2022-08-11 22:34:15.551 *** Get cell color spent 0.12 seconds.
2022-08-11 22:34:20.039 *** Mouse movement (LeftButton) ***  Mouse coords: (691, 375) (31723, 43285)
2022-08-11 22:34:20.067 *** Process image overlay spent 0.01 seconds.
2022-08-11 22:34:20.184 *** Get cell color spent 0.12 seconds.
2022-08-11 22:34:20.904 *** Mouse movement (LeftButton) ***  Mouse coords: (692, 375) (31723, 43285)
2022-08-11 22:34:20.913 *** Mouse movement (LeftButton) ***  Mouse coords: (717, 505) (31956, 44552)
2022-08-11 22:34:20.972 *** Process image overlay spent 0.01 seconds.
2022-08-11 22:34:21.094 *** Get cell color spent 0.12 seconds.
2022-08-11 22:34:21.676 *** Process image overlay spent 0.01 seconds.
2022-08-11 22:34:21.769 *** Get cell color spent 0.09 seconds.
2022-08-11 22:34:22.279 *** Mouse movement (LeftButton) ***  Mouse coords: (576, 125) (26615, 39980)
2022-08-11 22:34:22.289 *** Mouse movement (LeftButton) ***  Mouse coords: (576, 128) (26625, 39638)
2022-08-11 22:34:22.306 *** Mouse movement (LeftButton) ***  Mouse coords: (576, 139) (26625, 39716)
2022-08-11 22:34:22.323 *** Mouse movement (LeftButton) ***  Mouse coords: (577, 144) (26635, 39658)
2022-08-11 22:34:22.339 *** Mouse movement (LeftButton) ***  Mouse coords: (578, 151) (26634, 39677)
2022-08-11 22:34:22.355 *** Mouse movement (LeftButton) ***  Mouse coords: (579, 154) (26635, 39638)
2022-08-11 22:34:22.372 *** Mouse movement (LeftButton) ***  Mouse coords: (580, 157) (26635, 39639)
2022-08-11 22:34:22.389 *** Mouse movement (LeftButton) ***  Mouse coords: (581, 161) (26635, 39648)
2022-08-11 22:34:22.405 *** Mouse movement (LeftButton) ***  Mouse coords: (582, 163) (26634, 39628)
2022-08-11 22:34:22.422 *** Mouse movement (LeftButton) ***  Mouse coords: (582, 165) (26625, 39629)
2022-08-11 22:34:22.439 *** Mouse movement (LeftButton) ***  Mouse coords: (583, 167) (26635, 39628)
2022-08-11 22:34:22.455 *** Mouse movement (LeftButton) ***  Mouse coords: (583, 171) (26625, 39648)
2022-08-11 22:34:22.472 *** Mouse movement (LeftButton) ***  Mouse coords: (584, 174) (26635, 39638)
2022-08-11 22:34:22.489 *** Mouse movement (LeftButton) ***  Mouse coords: (585, 176) (26635, 39629)
2022-08-11 22:34:22.505 *** Mouse movement (LeftButton) ***  Mouse coords: (585, 177) (26625, 39619)
2022-08-11 22:34:22.531 *** Process image overlay spent 0.01 seconds.
2022-08-11 22:34:22.618 *** Get cell color spent 0.09 seconds.
2022-08-11 22:34:23.154 *** Process image overlay spent 0.01 seconds.
2022-08-11 22:34:23.240 *** Get cell color spent 0.09 seconds.
2022-08-11 22:34:24.129 *** Process image overlay spent 0.01 seconds.
2022-08-11 22:34:24.167 *** Get cell color spent 0.04 seconds.
2022-08-11 22:34:24.430 *** Process image overlay spent 0.01 seconds.
2022-08-11 22:34:24.443 *** Get cell color spent 0.01 seconds.
2022-08-11 22:34:24.650 *** Process image overlay spent 0.01 seconds.
2022-08-11 22:34:24.661 *** Get cell color spent 0.01 seconds.
2022-08-11 22:34:25.840 *** Process image overlay spent 0.01 seconds.
2022-08-11 22:34:25.845 *** Get cell color spent 0.00 seconds.
2022-08-11 22:34:26.019 *** Process image overlay spent 0.01 seconds.
2022-08-11 22:34:26.022 *** Get cell color spent 0.00 seconds.
2022-08-11 22:34:26.070 *** Process image overlay spent 0.01 seconds.
2022-08-11 22:34:26.072 *** Get cell color spent 0.00 seconds.
2022-08-11 22:34:27.862 *** Mouse movement (LeftButton) ***  Mouse coords: (791, 74) (30029, 40043)
2022-08-11 22:34:27.875 *** Mouse movement (LeftButton) ***  Mouse coords: (793, 75) (30031, 40044)
2022-08-11 22:34:27.889 *** Mouse movement (LeftButton) ***  Mouse coords: (800, 87) (30039, 40056)
2022-08-11 22:34:27.906 *** Mouse movement (LeftButton) ***  Mouse coords: (810, 102) (30049, 40072)
2022-08-11 22:34:27.922 *** Mouse movement (LeftButton) ***  Mouse coords: (828, 137) (30068, 40108)
2022-08-11 22:34:27.938 *** Mouse movement (LeftButton) ***  Mouse coords: (840, 162) (30080, 40134)
2022-08-11 22:34:27.955 *** Mouse movement (LeftButton) ***  Mouse coords: (846, 173) (30086, 40146)
2022-08-11 22:34:27.972 *** Mouse movement (LeftButton) ***  Mouse coords: (858, 193) (30099, 40167)
2022-08-11 22:34:27.989 *** Mouse movement (LeftButton) ***  Mouse coords: (870, 216) (30111, 40191)
2022-08-11 22:34:28.005 *** Mouse movement (LeftButton) ***  Mouse coords: (889, 254) (30131, 40230)
2022-08-11 22:34:28.022 *** Mouse movement (LeftButton) ***  Mouse coords: (903, 284) (30146, 40261)
2022-08-11 22:34:28.039 *** Mouse movement (LeftButton) ***  Mouse coords: (920, 319) (30163, 40298)
2022-08-11 22:34:28.055 *** Mouse movement (LeftButton) ***  Mouse coords: (927, 334) (30171, 40313)
2022-08-11 22:34:28.072 *** Mouse movement (LeftButton) ***  Mouse coords: (937, 357) (30181, 40337)
2022-08-11 22:34:28.088 *** Mouse movement (LeftButton) ***  Mouse coords: (952, 395) (30196, 40377)
2022-08-11 22:34:28.105 *** Mouse movement (LeftButton) ***  Mouse coords: (960, 414) (30205, 40396)
2022-08-11 22:34:28.122 *** Mouse movement (LeftButton) ***  Mouse coords: (965, 429) (30210, 40412)
2022-08-11 22:34:28.139 *** Mouse movement (LeftButton) ***  Mouse coords: (969, 441) (30214, 40424)
2022-08-11 22:34:28.155 *** Mouse movement (LeftButton) ***  Mouse coords: (974, 454) (30219, 40438)
2022-08-11 22:34:28.172 *** Mouse movement (LeftButton) ***  Mouse coords: (975, 458) (30220, 40442)
2022-08-11 22:34:28.188 *** Mouse movement (LeftButton) ***  Mouse coords: (976, 464) (30221, 40448)
2022-08-11 22:34:28.206 *** Mouse movement (LeftButton) ***  Mouse coords: (977, 470) (30222, 40455)
2022-08-11 22:34:28.222 *** Mouse movement (LeftButton) ***  Mouse coords: (978, 474) (30224, 40459)
2022-08-11 22:34:30.212 *** Process image overlay spent 0.01 seconds.
2022-08-11 22:34:30.217 *** Get cell color spent 0.00 seconds.
2022-08-11 22:34:30.337 *** Process image overlay spent 0.01 seconds.
2022-08-11 22:34:30.350 *** Get cell color spent 0.01 seconds.
2022-08-11 22:34:30.549 *** Process image overlay spent 0.01 seconds.
2022-08-11 22:34:30.563 *** Get cell color spent 0.01 seconds.
2022-08-11 22:34:30.953 *** Process image overlay spent 0.01 seconds.
2022-08-11 22:34:30.993 *** Get cell color spent 0.04 seconds.
2022-08-11 22:34:31.225 *** Process image overlay spent 0.01 seconds.
2022-08-11 22:34:31.263 *** Get cell color spent 0.04 seconds.
2022-08-11 22:34:31.479 *** Mouse movement (LeftButton) ***  Mouse coords: (369, 563) (29065, 41417)
2022-08-11 22:34:31.490 *** Mouse movement (LeftButton) ***  Mouse coords: (371, 566) (29076, 41434)
2022-08-11 22:34:31.506 *** Mouse movement (LeftButton) ***  Mouse coords: (379, 575) (29121, 41484)
2022-08-11 22:34:31.522 *** Mouse movement (LeftButton) ***  Mouse coords: (399, 590) (29232, 41567)
2022-08-11 22:34:31.539 *** Mouse movement (LeftButton) ***  Mouse coords: (407, 595) (29277, 41595)
2022-08-11 22:34:31.555 *** Mouse movement (LeftButton) ***  Mouse coords: (420, 603) (29349, 41640)
2022-08-11 22:34:31.572 *** Mouse movement (LeftButton) ***  Mouse coords: (433, 610) (29422, 41679)
2022-08-11 22:34:31.589 *** Mouse movement (LeftButton) ***  Mouse coords: (442, 617) (29472, 41718)
2022-08-11 22:34:31.605 *** Mouse movement (LeftButton) ***  Mouse coords: (450, 623) (29516, 41751)
2022-08-11 22:34:31.622 *** Mouse movement (LeftButton) ***  Mouse coords: (453, 625) (29533, 41762)
2022-08-11 22:34:35.809 *** Interactive label *** Apply to case start.
2022-08-11 22:34:38.803 *** Interactive label *** Apply to case done.
2022-08-11 22:34:38.807 *** Interactive label *** Apply to case finish overlay create.
2022-08-11 22:34:42.471 *** Process image overlay spent 0.01 seconds.
2022-08-11 22:34:42.556 *** Get cell color spent 0.09 seconds.
2022-08-11 22:34:43.219 *** Process image overlay spent 0.01 seconds.
2022-08-11 22:34:43.296 *** Get cell color spent 0.08 seconds.
2022-08-11 22:34:50.218 *** Process image overlay spent 0.01 seconds.
2022-08-11 22:34:50.292 *** Get cell color spent 0.07 seconds.
2022-08-11 22:34:50.990 *** Process image overlay spent 0.01 seconds.
2022-08-11 22:34:51.027 *** Get cell color spent 0.04 seconds.
2022-08-11 22:34:51.248 *** Process image overlay spent 0.01 seconds.
2022-08-11 22:34:51.271 *** Get cell color spent 0.02 seconds.
2022-08-11 22:34:51.956 *** Process image overlay spent 0.01 seconds.
2022-08-11 22:34:51.971 *** Get cell color spent 0.02 seconds.
2022-08-11 22:34:52.195 *** Process image overlay spent 0.01 seconds.
2022-08-11 22:34:52.200 *** Get cell color spent 0.00 seconds.
2022-08-11 22:34:52.315 *** Process image overlay spent 0.01 seconds.
2022-08-11 22:34:52.319 *** Get cell color spent 0.00 seconds.
2022-08-11 22:34:53.602 *** Process image overlay spent 0.01 seconds.
2022-08-11 22:34:53.621 *** Get cell color spent 0.02 seconds.
2022-08-11 22:34:53.816 *** Process image overlay spent 0.01 seconds.
2022-08-11 22:34:53.825 *** Get cell color spent 0.01 seconds.
2022-08-11 22:34:56.386 *** Mouse movement (LeftButton) ***  Mouse coords: (674, 206) (29739, 40028)
2022-08-11 22:34:56.406 *** Mouse movement (LeftButton) ***  Mouse coords: (673, 209) (29736, 40035)
2022-08-11 22:34:56.422 *** Mouse movement (LeftButton) ***  Mouse coords: (671, 216) (29732, 40047)
2022-08-11 22:34:56.439 *** Mouse movement (LeftButton) ***  Mouse coords: (667, 232) (29726, 40076)
2022-08-11 22:34:56.455 *** Mouse movement (LeftButton) ***  Mouse coords: (658, 255) (29711, 40098)
2022-08-11 22:34:56.472 *** Mouse movement (LeftButton) ***  Mouse coords: (648, 276) (29707, 40092)
2022-08-11 22:34:56.488 *** Mouse movement (LeftButton) ***  Mouse coords: (634, 298) (29694, 40095)
2022-08-11 22:34:56.505 *** Mouse movement (LeftButton) ***  Mouse coords: (607, 333) (29653, 40137)
2022-08-11 22:34:56.522 *** Mouse movement (LeftButton) ***  Mouse coords: (583, 360) (29663, 40111)
2022-08-11 22:34:56.539 *** Mouse movement (LeftButton) ***  Mouse coords: (567, 376) (29688, 40076)
2022-08-11 22:34:56.555 *** Mouse movement (LeftButton) ***  Mouse coords: (542, 401) (29660, 40104)
2022-08-11 22:34:56.572 *** Mouse movement (LeftButton) ***  Mouse coords: (520, 416) (29669, 40073)
2022-08-11 22:34:56.589 *** Mouse movement (LeftButton) ***  Mouse coords: (499, 433) (29672, 40079)
2022-08-11 22:34:56.606 *** Mouse movement (LeftButton) ***  Mouse coords: (491, 440) (29713, 40047)
2022-08-11 22:34:56.622 *** Mouse movement (LeftButton) ***  Mouse coords: (487, 443) (29726, 40035)
2022-08-11 22:34:56.639 *** Mouse movement (LeftButton) ***  Mouse coords: (486, 443) (29736, 40025)
2022-08-11 22:34:56.664 *** Process image overlay spent 0.01 seconds.
2022-08-11 22:34:56.677 *** Get cell color spent 0.01 seconds.
2022-08-11 22:34:56.838 *** Process image overlay spent 0.01 seconds.
2022-08-11 22:34:56.845 *** Get cell color spent 0.01 seconds.
2022-08-11 22:34:58.140 *** Mouse movement (LeftButton) ***  Mouse coords: (557, 258) (29965, 39436)
2022-08-11 22:34:58.156 *** Mouse movement (LeftButton) ***  Mouse coords: (559, 265) (29972, 39452)
2022-08-11 22:34:58.172 *** Mouse movement (LeftButton) ***  Mouse coords: (561, 286) (29971, 39497)
2022-08-11 22:34:58.189 *** Mouse movement (LeftButton) ***  Mouse coords: (567, 316) (29984, 39526)
2022-08-11 22:34:58.205 *** Mouse movement (LeftButton) ***  Mouse coords: (576, 357) (29994, 39560)
2022-08-11 22:34:58.222 *** Mouse movement (LeftButton) ***  Mouse coords: (580, 378) (29978, 39497)
2022-08-11 22:34:58.238 *** Mouse movement (LeftButton) ***  Mouse coords: (588, 420) (29990, 39564)
2022-08-11 22:34:58.255 *** Mouse movement (LeftButton) ***  Mouse coords: (590, 434) (29971, 39474)
2022-08-11 22:34:58.272 *** Mouse movement (LeftButton) ***  Mouse coords: (591, 438) (29969, 39443)
2022-08-11 22:34:58.289 *** Mouse movement (LeftButton) ***  Mouse coords: (591, 442) (29965, 39443)
2022-08-11 22:34:58.305 *** Mouse movement (LeftButton) ***  Mouse coords: (591, 444) (29965, 39436)
2022-08-11 22:34:58.332 *** Process image overlay spent 0.01 seconds.
2022-08-11 22:34:58.342 *** Get cell color spent 0.01 seconds.
2022-08-11 22:34:58.472 *** Process image overlay spent 0.01 seconds.
2022-08-11 22:34:58.478 *** Get cell color spent 0.01 seconds.
2022-08-11 22:35:01.865 *** Mouse movement (LeftButton) ***  Mouse coords: (362, 348) (29236, 39124)
2022-08-11 22:35:01.882 *** Mouse movement (LeftButton) ***  Mouse coords: (362, 355) (29236, 39147)
2022-08-11 22:35:01.898 *** Mouse movement (LeftButton) ***  Mouse coords: (364, 365) (29242, 39179)
2022-08-11 22:35:01.915 *** Mouse movement (LeftButton) ***  Mouse coords: (367, 374) (29252, 39207)
2022-08-11 22:35:01.932 *** Mouse movement (LeftButton) ***  Mouse coords: (368, 378) (29255, 39220)
2022-08-11 22:35:01.948 *** Mouse movement (LeftButton) ***  Mouse coords: (372, 385) (29267, 39242)
2022-08-11 22:35:01.966 *** Mouse movement (LeftButton) ***  Mouse coords: (375, 390) (29277, 39258)
2022-08-11 22:35:03.258 *** Mouse movement (LeftButton) ***  Mouse coords: (628, 528) (30082, 39697)
2022-08-11 22:35:03.275 *** Mouse movement (LeftButton) ***  Mouse coords: (628, 527) (30082, 39694)
2022-08-11 22:35:03.292 *** Mouse movement (LeftButton) ***  Mouse coords: (629, 527) (30085, 39694)
2022-08-11 22:35:03.322 *** Mouse movement (LeftButton) ***  Mouse coords: (629, 526) (30085, 39691)
2022-08-11 22:35:03.345 *** Mouse movement (LeftButton) ***  Mouse coords: (630, 526) (30089, 39691)
2022-08-11 22:35:16.342 *** Process image overlay spent 0.01 seconds.
2022-08-11 22:35:16.376 *** Get cell color spent 0.03 seconds.
2022-08-11 22:35:16.551 *** Process image overlay spent 0.01 seconds.
2022-08-11 22:35:16.568 *** Get cell color spent 0.02 seconds.
2022-08-11 22:35:17.915 *** Process image overlay spent 0.01 seconds.
2022-08-11 22:35:17.925 *** Get cell color spent 0.01 seconds.
2022-08-11 22:35:18.055 *** Process image overlay spent 0.01 seconds.
2022-08-11 22:35:18.060 *** Get cell color spent 0.01 seconds.
2022-08-11 22:35:18.990 *** Interactive label *** Apply to case start.
2022-08-11 22:35:21.675 *** Interactive label *** Apply to case done.
2022-08-11 22:35:21.678 *** Interactive label *** Apply to case finish overlay create.
2022-08-11 22:35:23.213 *** Mouse movement (LeftButton) ***  Mouse coords: (621, 429) (30282, 39284)
2022-08-11 22:35:23.226 *** Mouse movement (LeftButton) ***  Mouse coords: (622, 431) (30285, 39291)
2022-08-11 22:35:23.241 *** Mouse movement (LeftButton) ***  Mouse coords: (625, 435) (30295, 39303)
2022-08-11 22:35:23.256 *** Mouse movement (LeftButton) ***  Mouse coords: (629, 441) (30307, 39322)
2022-08-11 22:35:23.273 *** Mouse movement (LeftButton) ***  Mouse coords: (632, 445) (30317, 39335)
2022-08-11 22:35:23.290 *** Mouse movement (LeftButton) ***  Mouse coords: (633, 446) (30320, 39338)
2022-08-11 22:35:23.334 *** Mouse movement (LeftButton) ***  Mouse coords: (633, 447) (30320, 39342)
2022-08-11 22:35:23.350 *** Mouse movement (LeftButton) ***  Mouse coords: (633, 448) (30320, 39345)
2022-08-11 22:35:29.640 *** Mouse movement (LeftButton) ***  Mouse coords: (641, 378) (30346, 39122)
2022-08-11 22:35:29.655 *** Mouse movement (LeftButton) ***  Mouse coords: (645, 383) (30355, 39135)
2022-08-11 22:35:29.672 *** Mouse movement (LeftButton) ***  Mouse coords: (649, 387) (30356, 39132)
2022-08-11 22:35:29.688 *** Mouse movement (LeftButton) ***  Mouse coords: (653, 391) (30356, 39131)
2022-08-11 22:35:29.705 *** Mouse movement (LeftButton) ***  Mouse coords: (657, 394) (30356, 39129)
2022-08-11 22:35:29.722 *** Mouse movement (LeftButton) ***  Mouse coords: (664, 398) (30365, 39132)
2022-08-11 22:35:29.739 *** Mouse movement (LeftButton) ***  Mouse coords: (673, 403) (30372, 39135)
2022-08-11 22:35:29.755 *** Mouse movement (LeftButton) ***  Mouse coords: (676, 404) (30352, 39122)
2022-08-11 22:35:29.772 *** Mouse movement (LeftButton) ***  Mouse coords: (681, 406) (30359, 39125)
2022-08-11 22:35:29.788 *** Mouse movement (LeftButton) ***  Mouse coords: (683, 408) (30349, 39125)
2022-08-11 22:35:29.805 *** Mouse movement (LeftButton) ***  Mouse coords: (684, 408) (30347, 39119)
2022-08-11 22:35:29.831 *** Process image overlay spent 0.01 seconds.
2022-08-11 22:35:29.846 *** Get cell color spent 0.02 seconds.
2022-08-11 22:35:29.973 *** Process image overlay spent 0.01 seconds.
2022-08-11 22:35:29.979 *** Get cell color spent 0.01 seconds.
2022-08-11 22:35:30.971 *** Process image overlay spent 0.01 seconds.
2022-08-11 22:35:30.992 *** Get cell color spent 0.02 seconds.
2022-08-11 22:35:31.177 *** Process image overlay spent 0.01 seconds.
2022-08-11 22:35:31.195 *** Get cell color spent 0.02 seconds.
2022-08-11 22:35:32.151 *** Process image overlay spent 0.01 seconds.
2022-08-11 22:35:32.160 *** Get cell color spent 0.01 seconds.
2022-08-11 22:35:32.287 *** Process image overlay spent 0.01 seconds.
2022-08-11 22:35:32.292 *** Get cell color spent 0.01 seconds.
2022-08-11 22:35:33.263 *** Mouse movement (LeftButton) ***  Mouse coords: (856, 556) (31118, 39670)
2022-08-11 22:35:33.289 *** Mouse movement (LeftButton) ***  Mouse coords: (851, 543) (31102, 39634)
2022-08-11 22:35:33.305 *** Mouse movement (LeftButton) ***  Mouse coords: (842, 521) (31090, 39606)
2022-08-11 22:35:33.322 *** Mouse movement (LeftButton) ***  Mouse coords: (829, 491) (31076, 39581)
2022-08-11 22:35:33.339 *** Mouse movement (LeftButton) ***  Mouse coords: (810, 452) (31058, 39551)
2022-08-11 22:35:33.355 *** Mouse movement (LeftButton) ***  Mouse coords: (792, 421) (31060, 39578)
2022-08-11 22:35:33.372 *** Mouse movement (LeftButton) ***  Mouse coords: (781, 403) (31083, 39619)
2022-08-11 22:35:33.389 *** Mouse movement (LeftButton) ***  Mouse coords: (775, 397) (31099, 39656)
2022-08-11 22:35:33.405 *** Mouse movement (LeftButton) ***  Mouse coords: (771, 393) (31105, 39664)
2022-08-11 22:35:33.429 *** Process image overlay spent 0.01 seconds.
2022-08-11 22:35:33.436 *** Get cell color spent 0.01 seconds.
2022-08-11 22:35:33.668 *** Process image overlay spent 0.01 seconds.
2022-08-11 22:35:33.676 *** Get cell color spent 0.01 seconds.
2022-08-11 22:35:34.283 *** Process image overlay spent 0.01 seconds.
2022-08-11 22:35:34.286 *** Get cell color spent 0.00 seconds.
2022-08-11 22:35:34.806 *** Process image overlay spent 0.01 seconds.
2022-08-11 22:35:34.808 *** Get cell color spent 0.00 seconds.
2022-08-11 22:35:35.116 *** Process image overlay spent 0.01 seconds.
2022-08-11 22:35:35.124 *** Get cell color spent 0.01 seconds.
2022-08-11 22:35:35.292 *** Process image overlay spent 0.01 seconds.
2022-08-11 22:35:35.316 *** Get cell color spent 0.02 seconds.
2022-08-11 22:35:35.531 *** Process image overlay spent 0.01 seconds.
2022-08-11 22:35:35.552 *** Get cell color spent 0.02 seconds.
2022-08-11 22:35:37.032 *** Process image overlay spent 0.01 seconds.
2022-08-11 22:35:37.040 *** Get cell color spent 0.01 seconds.
2022-08-11 22:35:37.207 *** Process image overlay spent 0.01 seconds.
2022-08-11 22:35:37.210 *** Get cell color spent 0.00 seconds.
2022-08-11 22:35:37.301 *** Process image overlay spent 0.01 seconds.
2022-08-11 22:35:37.304 *** Get cell color spent 0.00 seconds.
2022-08-11 22:35:37.771 *** Mouse movement (LeftButton) ***  Mouse coords: (641, 437) (30842, 39816)
2022-08-11 22:35:37.792 *** Mouse movement (LeftButton) ***  Mouse coords: (646, 434) (30846, 39811)
2022-08-11 22:35:37.806 *** Mouse movement (LeftButton) ***  Mouse coords: (651, 431) (30846, 39810)
2022-08-11 22:35:37.822 *** Mouse movement (LeftButton) ***  Mouse coords: (666, 417) (30865, 39791)
2022-08-11 22:35:37.838 *** Mouse movement (LeftButton) ***  Mouse coords: (697, 386) (30893, 39760)
2022-08-11 22:35:37.855 *** Mouse movement (LeftButton) ***  Mouse coords: (715, 367) (30870, 39781)
2022-08-11 22:35:37.872 *** Mouse movement (LeftButton) ***  Mouse coords: (745, 337) (30891, 39761)
2022-08-11 22:35:37.888 *** Mouse movement (LeftButton) ***  Mouse coords: (777, 307) (30895, 39762)
2022-08-11 22:35:37.905 *** Mouse movement (LeftButton) ***  Mouse coords: (804, 281) (30887, 39769)
2022-08-11 22:35:37.922 *** Mouse movement (LeftButton) ***  Mouse coords: (830, 260) (30884, 39777)
2022-08-11 22:35:37.938 *** Mouse movement (LeftButton) ***  Mouse coords: (842, 251) (30859, 39800)
2022-08-11 22:35:37.955 *** Mouse movement (LeftButton) ***  Mouse coords: (846, 249) (30844, 39812)
2022-08-11 22:35:37.972 *** Mouse movement (LeftButton) ***  Mouse coords: (850, 246) (30844, 39811)
2022-08-11 22:35:37.991 *** Mouse movement (LeftButton) ***  Mouse coords: (851, 244) (30839, 39812)
2022-08-11 22:35:38.008 *** Mouse movement (LeftButton) ***  Mouse coords: (852, 244) (30839, 39816)
2022-08-11 22:35:38.026 *** Mouse movement (LeftButton) ***  Mouse coords: (852, 243) (30837, 39814)
2022-08-11 22:35:38.067 *** Process image overlay spent 0.01 seconds.
2022-08-11 22:35:38.072 *** Get cell color spent 0.00 seconds.
2022-08-11 22:35:38.163 *** Process image overlay spent 0.01 seconds.
2022-08-11 22:35:38.169 *** Get cell color spent 0.01 seconds.
2022-08-11 22:35:39.563 *** Mouse movement (LeftButton) ***  Mouse coords: (774, 282) (30695, 39887)
2022-08-11 22:35:39.589 *** Mouse movement (LeftButton) ***  Mouse coords: (768, 286) (30686, 39894)
2022-08-11 22:35:39.622 *** Mouse movement (LeftButton) ***  Mouse coords: (741, 307) (30648, 39924)
2022-08-11 22:35:39.638 *** Mouse movement (LeftButton) ***  Mouse coords: (691, 350) (30606, 39964)
2022-08-11 22:35:39.655 *** Mouse movement (LeftButton) ***  Mouse coords: (649, 381) (30621, 39942)
2022-08-11 22:35:39.672 *** Mouse movement (LeftButton) ***  Mouse coords: (606, 409) (30618, 39937)
2022-08-11 22:35:39.688 *** Mouse movement (LeftButton) ***  Mouse coords: (574, 427) (30639, 39919)
2022-08-11 22:35:39.705 *** Mouse movement (LeftButton) ***  Mouse coords: (536, 448) (30628, 39924)
2022-08-11 22:35:39.722 *** Mouse movement (LeftButton) ***  Mouse coords: (494, 469) (30621, 39925)
2022-08-11 22:35:39.738 *** Mouse movement (LeftButton) ***  Mouse coords: (479, 477) (30669, 39900)
2022-08-11 22:35:39.755 *** Mouse movement (LeftButton) ***  Mouse coords: (468, 484) (30677, 39899)
2022-08-11 22:35:39.772 *** Mouse movement (LeftButton) ***  Mouse coords: (465, 488) (30692, 39893)
2022-08-11 22:35:39.788 *** Mouse movement (LeftButton) ***  Mouse coords: (465, 489) (30697, 39888)
2022-08-11 22:35:39.828 *** Process image overlay spent 0.01 seconds.
2022-08-11 22:35:39.831 *** Get cell color spent 0.00 seconds.
2022-08-11 22:35:39.945 *** Process image overlay spent 0.01 seconds.
2022-08-11 22:35:39.947 *** Get cell color spent 0.00 seconds.
2022-08-11 22:35:43.852 *** Process image overlay spent 0.01 seconds.
2022-08-11 22:35:43.862 *** Get cell color spent 0.01 seconds.
2022-08-11 22:35:44.032 *** Process image overlay spent 0.01 seconds.
2022-08-11 22:35:44.059 *** Get cell color spent 0.03 seconds.
2022-08-11 22:35:44.277 *** Process image overlay spent 0.01 seconds.
2022-08-11 22:35:44.305 *** Get cell color spent 0.03 seconds.
2022-08-11 22:35:44.546 *** Process image overlay spent 0.01 seconds.
2022-08-11 22:35:44.618 *** Get cell color spent 0.07 seconds.
2022-08-11 22:35:45.274 *** Process image overlay spent 0.01 seconds.
2022-08-11 22:35:45.342 *** Get cell color spent 0.07 seconds.
2022-08-11 22:35:47.370 *** Mouse movement (LeftButton) ***  Mouse coords: (601, 170) (30635, 37426)
2022-08-11 22:35:47.392 *** Mouse movement (LeftButton) ***  Mouse coords: (601, 180) (30635, 37505)
2022-08-11 22:35:47.406 *** Mouse movement (LeftButton) ***  Mouse coords: (600, 192) (30625, 37524)
2022-08-11 22:35:47.423 *** Mouse movement (LeftButton) ***  Mouse coords: (594, 218) (30576, 37660)
2022-08-11 22:35:47.438 *** Mouse movement (LeftButton) ***  Mouse coords: (592, 250) (30616, 37719)
2022-08-11 22:35:47.455 *** Mouse movement (LeftButton) ***  Mouse coords: (589, 275) (30606, 37651)
2022-08-11 22:35:47.472 *** Mouse movement (LeftButton) ***  Mouse coords: (589, 297) (30635, 37621)
2022-08-11 22:35:47.489 *** Mouse movement (LeftButton) ***  Mouse coords: (587, 304) (30615, 37476)
2022-08-11 22:35:47.505 *** Mouse movement (LeftButton) ***  Mouse coords: (587, 306) (30635, 37426)
2022-08-11 22:35:47.531 *** Process image overlay spent 0.01 seconds.
2022-08-11 22:35:47.592 *** Get cell color spent 0.06 seconds.
2022-08-11 22:35:48.160 *** Process image overlay spent 0.01 seconds.
2022-08-11 22:35:48.220 *** Get cell color spent 0.06 seconds.
2022-08-11 22:35:49.665 *** Mouse movement (LeftButton) ***  Mouse coords: (510, 424) (29884, 38557)
2022-08-11 22:35:49.690 *** Mouse movement (LeftButton) ***  Mouse coords: (533, 405) (30080, 38402)
2022-08-11 22:35:49.706 *** Mouse movement (LeftButton) ***  Mouse coords: (554, 385) (30059, 38392)
2022-08-11 22:35:49.722 *** Mouse movement (LeftButton) ***  Mouse coords: (580, 364) (30109, 38383)
2022-08-11 22:35:49.739 *** Mouse movement (LeftButton) ***  Mouse coords: (614, 336) (30186, 38314)
2022-08-11 22:35:49.755 *** Mouse movement (LeftButton) ***  Mouse coords: (674, 287) (30440, 38109)
2022-08-11 22:35:49.772 *** Mouse movement (LeftButton) ***  Mouse coords: (697, 269) (30079, 38411)
2022-08-11 22:35:49.789 *** Mouse movement (LeftButton) ***  Mouse coords: (736, 239) (30236, 38295)
2022-08-11 22:35:49.805 *** Mouse movement (LeftButton) ***  Mouse coords: (763, 222) (30118, 38421)
2022-08-11 22:35:49.822 *** Mouse movement (LeftButton) ***  Mouse coords: (773, 217) (29952, 38539)
2022-08-11 22:35:49.839 *** Mouse movement (LeftButton) ***  Mouse coords: (783, 212) (29953, 38538)
2022-08-11 22:35:49.855 *** Mouse movement (LeftButton) ***  Mouse coords: (783, 211) (29855, 38577)
2022-08-11 22:35:49.879 *** Process image overlay spent 0.01 seconds.
2022-08-11 22:35:49.941 *** Get cell color spent 0.06 seconds.
2022-08-11 22:35:50.532 *** Process image overlay spent 0.01 seconds.
2022-08-11 22:35:50.595 *** Get cell color spent 0.06 seconds.
2022-08-11 22:35:53.686 *** Mouse movement (LeftButton) ***  Mouse coords: (561, 424) (27362, 40802)
2022-08-11 22:35:53.708 *** Mouse movement (LeftButton) ***  Mouse coords: (562, 421) (27362, 40751)
2022-08-11 22:35:53.723 *** Mouse movement (LeftButton) ***  Mouse coords: (563, 418) (27362, 40751)
2022-08-11 22:35:53.738 *** Mouse movement (LeftButton) ***  Mouse coords: (566, 413) (27396, 40717)
2022-08-11 22:35:53.755 *** Mouse movement (LeftButton) ***  Mouse coords: (568, 409) (27379, 40734)
2022-08-11 22:35:53.772 *** Mouse movement (LeftButton) ***  Mouse coords: (570, 403) (27379, 40699)
2022-08-11 22:35:53.788 *** Mouse movement (LeftButton) ***  Mouse coords: (571, 400) (27362, 40751)
2022-08-11 22:35:53.805 *** Mouse movement (LeftButton) ***  Mouse coords: (572, 396) (27362, 40734)
2022-08-11 22:35:53.822 *** Mouse movement (LeftButton) ***  Mouse coords: (573, 394) (27362, 40768)
2022-08-11 22:35:53.838 *** Mouse movement (LeftButton) ***  Mouse coords: (573, 393) (27345, 40785)
2022-08-11 22:35:57.878 *** Process image overlay spent 0.01 seconds.
2022-08-11 22:35:58.185 *** Get cell color spent 0.31 seconds.
2022-08-11 22:36:00.397 *** Process image overlay spent 0.01 seconds.
2022-08-11 22:36:00.703 *** Get cell color spent 0.31 seconds.
2022-08-11 22:36:08.386 *** Mouse movement (LeftButton) ***  Mouse coords: (882, 755) (30771, 45129)
2022-08-11 22:36:08.438 *** Mouse movement (LeftButton) ***  Mouse coords: (888, 769) (30845, 45291)
2022-08-11 22:36:08.488 *** Mouse movement (LeftButton) ***  Mouse coords: (909, 791) (31032, 45390)
2022-08-11 22:36:08.561 *** Mouse movement (LeftButton) ***  Mouse coords: (1065, 926) (32707, 46792)
2022-08-11 22:36:08.610 *** Mouse movement (LeftButton) ***  Mouse coords: (1202, 1036) (32471, 46482)
2022-08-11 22:36:08.680 *** Mouse movement (LeftButton) ***  Mouse coords: (1409, 1147) (33340, 46495)
2022-08-11 22:36:08.726 *** Mouse movement (LeftButton) ***  Mouse coords: (1432, 1157) (31057, 45241)
2022-08-11 22:36:08.823 *** Process image overlay spent 0.01 seconds.
2022-08-11 22:36:09.186 *** Get cell color spent 0.36 seconds.
2022-08-11 22:36:11.686 *** Process image overlay spent 0.01 seconds.
2022-08-11 22:36:12.009 *** Get cell color spent 0.32 seconds.
2022-08-11 22:36:16.285 *** Process image overlay spent 0.01 seconds.
2022-08-11 22:36:16.474 *** Get cell color spent 0.19 seconds.
2022-08-11 22:36:18.321 *** Process image overlay spent 0.01 seconds.
2022-08-11 22:36:18.490 *** Get cell color spent 0.17 seconds.
2022-08-11 22:36:36.184 *** Process image overlay spent 0.01 seconds.
2022-08-11 22:36:36.188 *** Get cell color spent 0.00 seconds.
2022-08-11 22:36:37.741 *** Mouse movement (LeftButton) ***  Mouse coords: (1088, 897) (29138, 46379)
2022-08-11 22:36:37.771 *** Mouse movement (LeftButton) ***  Mouse coords: (1093, 907) (29141, 46387)
2022-08-11 22:36:37.798 *** Mouse movement (LeftButton) ***  Mouse coords: (1113, 927) (29156, 46402)
2022-08-11 22:36:37.828 *** Mouse movement (LeftButton) ***  Mouse coords: (1164, 959) (29195, 46426)
2022-08-11 22:36:37.857 *** Mouse movement (LeftButton) ***  Mouse coords: (1214, 982) (29233, 46443)
2022-08-11 22:36:37.886 *** Mouse movement (LeftButton) ***  Mouse coords: (1248, 993) (29259, 46452)
2022-08-11 22:36:37.915 *** Mouse movement (LeftButton) ***  Mouse coords: (1262, 995) (29269, 46453)
2022-08-11 22:36:37.945 *** Mouse movement (LeftButton) ***  Mouse coords: (1264, 994) (29271, 46453)
2022-08-11 22:36:37.976 *** Mouse movement (LeftButton) ***  Mouse coords: (1268, 994) (29274, 46453)
2022-08-11 22:36:38.011 *** Mouse movement (LeftButton) ***  Mouse coords: (1280, 994) (29283, 46453)
2022-08-11 22:36:38.042 *** Mouse movement (LeftButton) ***  Mouse coords: (1296, 995) (29295, 46453)
2022-08-11 22:36:38.074 *** Mouse movement (LeftButton) ***  Mouse coords: (1309, 996) (29305, 46454)
2022-08-11 22:36:38.104 *** Mouse movement (LeftButton) ***  Mouse coords: (1319, 996) (29312, 46454)
2022-08-11 22:36:38.134 *** Mouse movement (LeftButton) ***  Mouse coords: (1330, 996) (29321, 46454)
2022-08-11 22:36:38.164 *** Mouse movement (LeftButton) ***  Mouse coords: (1339, 995) (29327, 46453)
2022-08-11 22:36:38.194 *** Mouse movement (LeftButton) ***  Mouse coords: (1347, 995) (29333, 46453)
2022-08-11 22:36:38.223 *** Mouse movement (LeftButton) ***  Mouse coords: (1358, 995) (29342, 46453)
2022-08-11 22:36:38.256 *** Mouse movement (LeftButton) ***  Mouse coords: (1366, 997) (29348, 46455)
2022-08-11 22:36:38.286 *** Mouse movement (LeftButton) ***  Mouse coords: (1367, 997) (29348, 46455)
2022-08-11 22:36:38.341 *** Mouse movement (LeftButton) ***  Mouse coords: (1368, 997) (29349, 46455)
2022-08-11 22:36:38.423 *** Mouse movement (LeftButton) ***  Mouse coords: (1369, 997) (29350, 46455)
2022-08-11 22:36:38.452 *** Mouse movement (LeftButton) ***  Mouse coords: (1372, 1000) (29352, 46457)
2022-08-11 22:36:38.483 *** Mouse movement (LeftButton) ***  Mouse coords: (1380, 1005) (29358, 46461)
2022-08-11 22:36:38.512 *** Mouse movement (LeftButton) ***  Mouse coords: (1386, 1008) (29363, 46463)
2022-08-11 22:36:38.540 *** Mouse movement (LeftButton) ***  Mouse coords: (1387, 1008) (29364, 46463)
2022-08-11 22:36:38.888 *** Mouse movement (LeftButton) ***  Mouse coords: (1387, 1007) (29364, 46462)
2022-08-11 22:36:38.915 *** Mouse movement (LeftButton) ***  Mouse coords: (1387, 1003) (29364, 46459)
2022-08-11 22:36:38.944 *** Mouse movement (LeftButton) ***  Mouse coords: (1386, 995) (29363, 46453)
2022-08-11 22:36:38.972 *** Mouse movement (LeftButton) ***  Mouse coords: (1385, 989) (29362, 46449)
2022-08-11 22:36:39.002 *** Mouse movement (LeftButton) ***  Mouse coords: (1385, 988) (29362, 46448)
2022-08-11 22:36:39.473 *** Mouse movement (LeftButton) ***  Mouse coords: (1384, 987) (29361, 46447)
2022-08-11 22:36:39.505 *** Mouse movement (LeftButton) ***  Mouse coords: (1382, 984) (29360, 46445)
2022-08-11 22:36:39.534 *** Mouse movement (LeftButton) ***  Mouse coords: (1380, 982) (29358, 46443)
2022-08-11 22:36:39.563 *** Mouse movement (LeftButton) ***  Mouse coords: (1378, 979) (29357, 46441)
2022-08-11 22:36:39.593 *** Mouse movement (LeftButton) ***  Mouse coords: (1377, 976) (29356, 46439)
2022-08-11 22:36:39.621 *** Mouse movement (LeftButton) ***  Mouse coords: (1376, 976) (29355, 46439)
2022-08-11 22:36:43.070 *** Interactive label *** Apply to case start.
2022-08-11 22:36:45.918 *** Interactive label *** Apply to case done.
2022-08-11 22:36:45.930 *** Interactive label *** Apply to case finish overlay create.
2022-08-11 22:36:46.936 *** Mouse movement (LeftButton) ***  Mouse coords: (924, 727) (29014, 46251)
2022-08-11 22:36:47.005 *** Mouse movement (LeftButton) ***  Mouse coords: (958, 771) (29027, 46275)
2022-08-11 22:36:47.055 *** Mouse movement (LeftButton) ***  Mouse coords: (955, 776) (29000, 46246)
2022-08-11 22:36:47.291 *** Process image overlay spent 0.01 seconds.
2022-08-11 22:36:47.309 *** Get cell color spent 0.02 seconds.
2022-08-11 22:36:48.338 *** Mouse movement (LeftButton) ***  Mouse coords: (686, 764) (28799, 46233)
2022-08-11 22:36:48.388 *** Mouse movement (LeftButton) ***  Mouse coords: (696, 789) (28806, 46251)
2022-08-11 22:36:48.438 *** Mouse movement (LeftButton) ***  Mouse coords: (725, 830) (28821, 46263)
2022-08-11 22:36:48.489 *** Mouse movement (LeftButton) ***  Mouse coords: (742, 846) (28812, 46244)
2022-08-11 22:36:48.538 *** Mouse movement (LeftButton) ***  Mouse coords: (745, 849) (28801, 46234)
2022-08-11 22:36:49.098 *** Process image overlay spent 0.00 seconds.
2022-08-11 22:36:49.103 *** Get cell color spent 0.01 seconds.
2022-08-11 22:36:51.473 *** Mouse movement (LeftButton) ***  Mouse coords: (1182, 1320) (29130, 46588)
2022-08-11 22:36:51.503 *** Mouse movement (LeftButton) ***  Mouse coords: (1182, 1325) (29130, 46592)
2022-08-11 22:36:51.532 *** Mouse movement (LeftButton) ***  Mouse coords: (1187, 1335) (29133, 46599)
2022-08-11 22:36:51.564 *** Mouse movement (LeftButton) ***  Mouse coords: (1207, 1358) (29148, 46617)
2022-08-11 22:36:51.595 *** Mouse movement (LeftButton) ***  Mouse coords: (1236, 1383) (29170, 46636)
2022-08-11 22:36:51.626 *** Mouse movement (LeftButton) ***  Mouse coords: (1259, 1399) (29188, 46648)
2022-08-11 22:36:51.656 *** Mouse movement (LeftButton) ***  Mouse coords: (1263, 1402) (29191, 46650)
2022-08-11 22:36:51.686 *** Mouse movement (LeftButton) ***  Mouse coords: (1264, 1404) (29192, 46652)
2022-08-11 22:36:51.715 *** Mouse movement (LeftButton) ***  Mouse coords: (1265, 1405) (29192, 46652)
2022-08-11 22:36:51.744 *** Mouse movement (LeftButton) ***  Mouse coords: (1267, 1407) (29194, 46654)
2022-08-11 22:36:51.773 *** Mouse movement (LeftButton) ***  Mouse coords: (1273, 1411) (29198, 46657)
2022-08-11 22:36:51.805 *** Mouse movement (LeftButton) ***  Mouse coords: (1283, 1414) (29206, 46659)
2022-08-11 22:36:51.835 *** Mouse movement (LeftButton) ***  Mouse coords: (1289, 1414) (29211, 46659)
2022-08-11 22:36:51.864 *** Mouse movement (LeftButton) ***  Mouse coords: (1296, 1414) (29216, 46659)
2022-08-11 22:36:51.893 *** Mouse movement (LeftButton) ***  Mouse coords: (1300, 1414) (29219, 46659)
2022-08-11 22:36:51.922 *** Mouse movement (LeftButton) ***  Mouse coords: (1307, 1414) (29224, 46659)
2022-08-11 22:36:51.951 *** Mouse movement (LeftButton) ***  Mouse coords: (1308, 1413) (29225, 46658)
2022-08-11 22:36:52.006 *** Mouse movement (LeftButton) ***  Mouse coords: (1309, 1413) (29226, 46658)
2022-08-11 22:36:52.034 *** Mouse movement (LeftButton) ***  Mouse coords: (1309, 1412) (29226, 46658)
2022-08-11 22:36:53.822 *** Mouse movement (LeftButton) ***  Mouse coords: (1560, 1198) (29415, 46496)
2022-08-11 22:36:53.862 *** Mouse movement (LeftButton) ***  Mouse coords: (1561, 1202) (29416, 46499)
2022-08-11 22:36:53.892 *** Mouse movement (LeftButton) ***  Mouse coords: (1571, 1217) (29424, 46510)
2022-08-11 22:36:53.923 *** Mouse movement (LeftButton) ***  Mouse coords: (1583, 1230) (29433, 46520)
2022-08-11 22:36:53.955 *** Mouse movement (LeftButton) ***  Mouse coords: (1613, 1254) (29455, 46538)
2022-08-11 22:36:53.986 *** Mouse movement (LeftButton) ***  Mouse coords: (1630, 1264) (29468, 46546)
2022-08-11 22:36:54.017 *** Mouse movement (LeftButton) ***  Mouse coords: (1642, 1271) (29477, 46551)
2022-08-11 22:36:54.048 *** Mouse movement (LeftButton) ***  Mouse coords: (1651, 1274) (29484, 46553)
2022-08-11 22:36:54.078 *** Mouse movement (LeftButton) ***  Mouse coords: (1656, 1275) (29488, 46554)
2022-08-11 22:36:54.108 *** Mouse movement (LeftButton) ***  Mouse coords: (1663, 1278) (29493, 46556)
2022-08-11 22:36:54.139 *** Mouse movement (LeftButton) ***  Mouse coords: (1669, 1281) (29498, 46559)
2022-08-11 22:36:54.168 *** Mouse movement (LeftButton) ***  Mouse coords: (1677, 1285) (29504, 46562)
2022-08-11 22:36:54.199 *** Mouse movement (LeftButton) ***  Mouse coords: (1689, 1289) (29513, 46565)
2022-08-11 22:36:54.232 *** Mouse movement (LeftButton) ***  Mouse coords: (1700, 1293) (29521, 46568)
2022-08-11 22:36:54.261 *** Mouse movement (LeftButton) ***  Mouse coords: (1707, 1295) (29527, 46569)
2022-08-11 22:36:54.289 *** Mouse movement (LeftButton) ***  Mouse coords: (1710, 1296) (29529, 46570)
2022-08-11 22:36:54.331 *** Mouse movement (LeftButton) ***  Mouse coords: (1711, 1296) (29530, 46570)
2022-08-11 22:36:54.359 *** Mouse movement (LeftButton) ***  Mouse coords: (1712, 1296) (29530, 46570)
2022-08-11 22:36:54.388 *** Mouse movement (LeftButton) ***  Mouse coords: (1713, 1296) (29531, 46570)
2022-08-11 22:36:54.418 *** Mouse movement (LeftButton) ***  Mouse coords: (1718, 1296) (29535, 46570)
2022-08-11 22:36:54.448 *** Mouse movement (LeftButton) ***  Mouse coords: (1725, 1296) (29540, 46570)
2022-08-11 22:36:54.477 *** Mouse movement (LeftButton) ***  Mouse coords: (1731, 1295) (29545, 46569)
2022-08-11 22:36:54.506 *** Mouse movement (LeftButton) ***  Mouse coords: (1734, 1294) (29547, 46568)
2022-08-11 22:36:54.536 *** Mouse movement (LeftButton) ***  Mouse coords: (1735, 1294) (29548, 46568)
2022-08-11 22:36:57.796 *** Mouse movement (LeftButton) ***  Mouse coords: (1137, 688) (29096, 46110)
2022-08-11 22:36:57.855 *** Mouse movement (LeftButton) ***  Mouse coords: (1201, 774) (29139, 46170)
2022-08-11 22:36:57.922 *** Mouse movement (LeftButton) ***  Mouse coords: (1244, 823) (29123, 46142)
2022-08-11 22:36:57.972 *** Mouse movement (LeftButton) ***  Mouse coords: (1245, 824) (29092, 46106)
2022-08-11 22:36:58.175 *** Process image overlay spent 0.01 seconds.
2022-08-11 22:36:58.179 *** Get cell color spent 0.00 seconds.
2022-08-11 22:36:59.457 *** Interactive label *** Apply to case start.
2022-08-11 22:37:02.281 *** Interactive label *** Apply to case done.
2022-08-11 22:37:02.290 *** Interactive label *** Apply to case finish overlay create.
2022-08-11 22:37:04.028 *** Mouse movement (LeftButton) ***  Mouse coords: (1562, 941) (29331, 46193)
2022-08-11 22:37:04.088 *** Mouse movement (LeftButton) ***  Mouse coords: (1559, 935) (29329, 46190)
2022-08-11 22:37:04.138 *** Mouse movement (LeftButton) ***  Mouse coords: (1552, 923) (29325, 46185)
2022-08-11 22:37:04.192 *** Mouse movement (LeftButton) ***  Mouse coords: (1542, 912) (29324, 46186)
2022-08-11 22:37:04.274 *** Mouse movement (LeftButton) ***  Mouse coords: (1541, 910) (29330, 46192)
2022-08-11 22:37:04.464 *** Process image overlay spent 0.01 seconds.
2022-08-11 22:37:04.476 *** Get cell color spent 0.01 seconds.
2022-08-11 22:37:05.409 *** Process image overlay spent 0.00 seconds.
2022-08-11 22:37:05.421 *** Get cell color spent 0.01 seconds.
2022-08-11 22:37:06.118 *** Process image overlay spent 0.00 seconds.
2022-08-11 22:37:06.128 *** Get cell color spent 0.01 seconds.
2022-08-11 22:37:06.574 *** Process image overlay spent 0.01 seconds.
2022-08-11 22:37:06.603 *** Get cell color spent 0.03 seconds.
2022-08-11 22:37:07.631 *** Process image overlay spent 0.01 seconds.
2022-08-11 22:37:07.658 *** Get cell color spent 0.03 seconds.
2022-08-11 22:37:11.169 *** Mouse movement (LeftButton) ***  Mouse coords: (1124, 851) (28259, 45845)
2022-08-11 22:37:11.205 *** Mouse movement (LeftButton) ***  Mouse coords: (1129, 865) (28270, 45877)
2022-08-11 22:37:11.235 *** Mouse movement (LeftButton) ***  Mouse coords: (1139, 891) (28293, 45937)
2022-08-11 22:37:11.266 *** Mouse movement (LeftButton) ***  Mouse coords: (1148, 913) (28314, 45988)
2022-08-11 22:37:11.295 *** Mouse movement (LeftButton) ***  Mouse coords: (1151, 922) (28321, 46009)
2022-08-11 22:37:11.326 *** Mouse movement (LeftButton) ***  Mouse coords: (1155, 932) (28330, 46032)
2022-08-11 22:37:11.358 *** Mouse movement (LeftButton) ***  Mouse coords: (1157, 938) (28335, 46046)
2022-08-11 22:37:11.391 *** Mouse movement (LeftButton) ***  Mouse coords: (1160, 946) (28342, 46065)
2022-08-11 22:37:11.426 *** Mouse movement (LeftButton) ***  Mouse coords: (1162, 950) (28347, 46074)
2022-08-11 22:37:16.826 *** Interactive label *** Apply to case start.
2022-08-11 22:37:19.701 *** Interactive label *** Apply to case done.
2022-08-11 22:37:19.710 *** Interactive label *** Apply to case finish overlay create.
2022-08-11 22:37:20.566 *** Mouse movement (LeftButton) ***  Mouse coords: (1331, 975) (28738, 46132)
2022-08-11 22:37:20.622 *** Mouse movement (LeftButton) ***  Mouse coords: (1345, 993) (28770, 46170)
2022-08-11 22:37:20.689 *** Mouse movement (LeftButton) ***  Mouse coords: (1368, 1008) (28792, 46164)
2022-08-11 22:37:20.741 *** Mouse movement (LeftButton) ***  Mouse coords: (1370, 1009) (28742, 46131)
2022-08-11 22:37:20.913 *** Process image overlay spent 0.01 seconds.
2022-08-11 22:37:20.949 *** Get cell color spent 0.04 seconds.
2022-08-11 22:37:21.907 *** Process image overlay spent 0.01 seconds.
2022-08-11 22:37:21.935 *** Get cell color spent 0.03 seconds.
2022-08-11 22:37:22.809 *** Mouse movement (LeftButton) ***  Mouse coords: (1316, 1033) (28613, 46185)
2022-08-11 22:37:22.855 *** Mouse movement (LeftButton) ***  Mouse coords: (1321, 1026) (28625, 46171)
2022-08-11 22:37:22.905 *** Mouse movement (LeftButton) ***  Mouse coords: (1338, 1011) (28652, 46152)
2022-08-11 22:37:22.956 *** Mouse movement (LeftButton) ***  Mouse coords: (1376, 981) (28701, 46118)
2022-08-11 22:37:23.038 *** Mouse movement (LeftButton) ***  Mouse coords: (1467, 914) (28824, 46032)
2022-08-11 22:37:23.089 *** Mouse movement (LeftButton) ***  Mouse coords: (1483, 903) (28650, 46161)
2022-08-11 22:37:23.250 *** Process image overlay spent 0.01 seconds.
2022-08-11 22:37:23.279 *** Get cell color spent 0.03 seconds.
2022-08-11 22:37:24.565 *** Process image overlay spent 0.00 seconds.
2022-08-11 22:37:24.590 *** Get cell color spent 0.03 seconds.
2022-08-11 22:37:25.166 *** Mouse movement (LeftButton) ***  Mouse coords: (1566, 859) (28805, 46085)
2022-08-11 22:37:25.312 *** Process image overlay spent 0.01 seconds.
2022-08-11 22:37:25.332 *** Get cell color spent 0.02 seconds.
2022-08-11 22:37:26.264 *** Process image overlay spent 0.01 seconds.
2022-08-11 22:37:26.284 *** Get cell color spent 0.02 seconds.
2022-08-11 22:37:27.732 *** Process image overlay spent 0.01 seconds.
2022-08-11 22:37:27.735 *** Get cell color spent 0.00 seconds.
2022-08-11 22:37:28.544 *** Process image overlay spent 0.00 seconds.
2022-08-11 22:37:28.546 *** Get cell color spent 0.00 seconds.
2022-08-11 22:37:31.825 *** Process image overlay spent 0.01 seconds.
2022-08-11 22:37:31.826 *** Get cell color spent 0.00 seconds.
2022-08-11 22:37:32.836 *** Mouse movement (LeftButton) ***  Mouse coords: (823, 936) (26474, 47884)
2022-08-11 22:37:32.871 *** Mouse movement (LeftButton) ***  Mouse coords: (823, 943) (26474, 47886)
2022-08-11 22:37:32.899 *** Mouse movement (LeftButton) ***  Mouse coords: (823, 954) (26474, 47888)
2022-08-11 22:37:32.927 *** Mouse movement (LeftButton) ***  Mouse coords: (843, 989) (26479, 47897)
2022-08-11 22:37:32.960 *** Mouse movement (LeftButton) ***  Mouse coords: (906, 1062) (26495, 47915)
2022-08-11 22:37:32.992 *** Mouse movement (LeftButton) ***  Mouse coords: (977, 1118) (26513, 47929)
2022-08-11 22:37:33.022 *** Mouse movement (LeftButton) ***  Mouse coords: (1054, 1165) (26532, 47941)
2022-08-11 22:37:33.052 *** Mouse movement (LeftButton) ***  Mouse coords: (1129, 1202) (26551, 47950)
2022-08-11 22:37:33.080 *** Mouse movement (LeftButton) ***  Mouse coords: (1177, 1221) (26563, 47955)
2022-08-11 22:37:33.110 *** Mouse movement (LeftButton) ***  Mouse coords: (1213, 1228) (26572, 47957)
2022-08-11 22:37:33.139 *** Mouse movement (LeftButton) ***  Mouse coords: (1224, 1228) (26575, 47957)
2022-08-11 22:37:33.168 *** Mouse movement (LeftButton) ***  Mouse coords: (1226, 1227) (26575, 47957)
2022-08-11 22:37:33.196 *** Mouse movement (LeftButton) ***  Mouse coords: (1226, 1226) (26575, 47956)
2022-08-11 22:37:33.293 *** Mouse movement (LeftButton) ***  Mouse coords: (1226, 1227) (26575, 47957)
2022-08-11 22:37:33.320 *** Mouse movement (LeftButton) ***  Mouse coords: (1226, 1240) (26575, 47960)
2022-08-11 22:37:33.349 *** Mouse movement (LeftButton) ***  Mouse coords: (1224, 1256) (26575, 47964)
2022-08-11 22:37:33.377 *** Mouse movement (LeftButton) ***  Mouse coords: (1223, 1263) (26574, 47966)
2022-08-11 22:37:33.421 *** Mouse movement (LeftButton) ***  Mouse coords: (1223, 1264) (26574, 47966)
2022-08-11 22:37:33.449 *** Mouse movement (LeftButton) ***  Mouse coords: (1222, 1264) (26574, 47966)
2022-08-11 22:37:33.477 *** Mouse movement (LeftButton) ***  Mouse coords: (1219, 1265) (26573, 47966)
2022-08-11 22:37:33.505 *** Mouse movement (LeftButton) ***  Mouse coords: (1216, 1266) (26573, 47966)
2022-08-11 22:37:33.534 *** Mouse movement (LeftButton) ***  Mouse coords: (1214, 1266) (26572, 47966)
2022-08-11 22:37:36.172 *** Process image overlay spent 0.00 seconds.
2022-08-11 22:37:36.174 *** Get cell color spent 0.00 seconds.
2022-08-11 22:37:38.672 *** Process image overlay spent 0.01 seconds.
2022-08-11 22:37:38.674 *** Get cell color spent 0.00 seconds.
2022-08-11 22:37:39.354 *** Mouse movement (LeftButton) ***  Mouse coords: (818, 1257) (26419, 48084)
2022-08-11 22:37:39.383 *** Mouse movement (LeftButton) ***  Mouse coords: (824, 1269) (26421, 48087)
2022-08-11 22:37:39.411 *** Mouse movement (LeftButton) ***  Mouse coords: (847, 1297) (26426, 48094)
2022-08-11 22:37:39.438 *** Mouse movement (LeftButton) ***  Mouse coords: (878, 1325) (26434, 48101)
2022-08-11 22:37:39.467 *** Mouse movement (LeftButton) ***  Mouse coords: (923, 1375) (26445, 48114)
2022-08-11 22:37:39.495 *** Mouse movement (LeftButton) ***  Mouse coords: (947, 1403) (26451, 48121)
2022-08-11 22:37:39.523 *** Mouse movement (LeftButton) ***  Mouse coords: (967, 1429) (26456, 48127)
2022-08-11 22:37:39.551 *** Mouse movement (LeftButton) ***  Mouse coords: (977, 1447) (26459, 48132)
2022-08-11 22:37:39.580 *** Mouse movement (LeftButton) ***  Mouse coords: (985, 1460) (26461, 48135)
2022-08-11 22:37:39.608 *** Mouse movement (LeftButton) ***  Mouse coords: (987, 1465) (26461, 48136)
2022-08-11 22:37:39.637 *** Mouse movement (LeftButton) ***  Mouse coords: (991, 1471) (26462, 48138)
2022-08-11 22:37:39.665 *** Mouse movement (LeftButton) ***  Mouse coords: (991, 1472) (26462, 48138)
2022-08-11 22:37:39.693 *** Mouse movement (LeftButton) ***  Mouse coords: (992, 1473) (26463, 48138)
2022-08-11 22:37:39.722 *** Mouse movement (LeftButton) ***  Mouse coords: (993, 1478) (26463, 48139)
2022-08-11 22:37:39.751 *** Mouse movement (LeftButton) ***  Mouse coords: (997, 1489) (26464, 48142)
2022-08-11 22:37:39.780 *** Mouse movement (LeftButton) ***  Mouse coords: (1001, 1499) (26465, 48145)
2022-08-11 22:37:39.808 *** Mouse movement (LeftButton) ***  Mouse coords: (1007, 1511) (26466, 48148)
2022-08-11 22:37:39.836 *** Mouse movement (LeftButton) ***  Mouse coords: (1008, 1513) (26467, 48148)
2022-08-11 22:37:41.604 *** Mouse movement (LeftButton) ***  Mouse coords: (1523, 1561) (26595, 48160)
2022-08-11 22:37:41.633 *** Mouse movement (LeftButton) ***  Mouse coords: (1524, 1572) (26596, 48163)
2022-08-11 22:37:41.664 *** Mouse movement (LeftButton) ***  Mouse coords: (1534, 1603) (26598, 48171)
2022-08-11 22:37:41.692 *** Mouse movement (LeftButton) ***  Mouse coords: (1548, 1633) (26602, 48178)
2022-08-11 22:37:41.736 *** Mouse movement (LeftButton) ***  Mouse coords: (1575, 1676) (26608, 48189)
2022-08-11 22:37:41.783 *** Mouse movement (LeftButton) ***  Mouse coords: (1594, 1702) (26613, 48195)
2022-08-11 22:37:41.831 *** Mouse movement (LeftButton) ***  Mouse coords: (1605, 1718) (26616, 48199)
2022-08-11 22:37:41.877 *** Mouse movement (LeftButton) ***  Mouse coords: (1612, 1728) (26618, 48202)
2022-08-11 22:37:41.922 *** Mouse movement (LeftButton) ***  Mouse coords: (1617, 1736) (26619, 48204)
2022-08-11 22:37:41.961 *** Mouse movement (LeftButton) ***  Mouse coords: (1620, 1742) (26620, 48205)
2022-08-11 22:37:41.993 *** Mouse movement (LeftButton) ***  Mouse coords: (1624, 1749) (26621, 48207)
2022-08-11 22:37:42.026 *** Mouse movement (LeftButton) ***  Mouse coords: (1648, 1777) (26627, 48214)
2022-08-11 22:37:42.058 *** Mouse movement (LeftButton) ***  Mouse coords: (1658, 1784) (26629, 48216)
2022-08-11 22:37:42.196 *** Mouse movement (LeftButton) ***  Mouse coords: (1658, 1783) (26629, 48216)
2022-08-11 22:37:44.072 *** Interactive label *** Apply to case start.
2022-08-11 22:37:47.029 *** Interactive label *** Apply to case done.
2022-08-11 22:37:47.041 *** Interactive label *** Apply to case finish overlay create.
2022-08-11 22:37:49.926 *** Process image overlay spent 0.01 seconds.
2022-08-11 22:37:49.939 *** Get cell color spent 0.01 seconds.
2022-08-11 22:37:50.874 *** Mouse movement (LeftButton) ***  Mouse coords: (941, 291) (26488, 47755)
2022-08-11 22:37:50.922 *** Mouse movement (LeftButton) ***  Mouse coords: (984, 314) (26521, 47773)
2022-08-11 22:37:50.972 *** Mouse movement (LeftButton) ***  Mouse coords: (1108, 353) (26583, 47785)
2022-08-11 22:37:51.022 *** Mouse movement (LeftButton) ***  Mouse coords: (1232, 382) (26583, 47777)
2022-08-11 22:37:51.088 *** Mouse movement (LeftButton) ***  Mouse coords: (1295, 390) (26536, 47761)
2022-08-11 22:37:51.310 *** Process image overlay spent 0.01 seconds.
2022-08-11 22:37:51.312 *** Get cell color spent 0.00 seconds.
2022-08-11 22:37:51.992 *** Process image overlay spent 0.01 seconds.
2022-08-11 22:37:52.013 *** Get cell color spent 0.02 seconds.
2022-08-11 22:37:53.472 *** Process image overlay spent 0.00 seconds.
2022-08-11 22:37:53.490 *** Get cell color spent 0.02 seconds.
2022-08-11 22:37:54.916 *** Process image overlay spent 0.01 seconds.
2022-08-11 22:37:55.232 *** Get cell color spent 0.32 seconds.
2022-08-11 22:37:57.526 *** Process image overlay spent 0.01 seconds.
2022-08-11 22:37:57.857 *** Get cell color spent 0.33 seconds.
2022-08-11 22:38:03.414 *** Mouse movement (LeftButton) ***  Mouse coords: (1399, 641) (34643, 46366)
2022-08-11 22:38:03.472 *** Mouse movement (LeftButton) ***  Mouse coords: (1357, 680) (33066, 47866)
2022-08-11 22:38:03.546 *** Mouse movement (LeftButton) ***  Mouse coords: (1135, 808) (26138, 51292)
2022-08-11 22:38:03.622 *** Mouse movement (LeftButton) ***  Mouse coords: (837, 878) (23214, 49060)
2022-08-11 22:38:03.697 *** Mouse movement (LeftButton) ***  Mouse coords: (677, 892) (28524, 46905)
2022-08-11 22:38:03.774 *** Mouse movement (LeftButton) ***  Mouse coords: (667, 893) (34298, 46405)
2022-08-11 22:38:04.516 *** Mouse movement (LeftButton) ***  Mouse coords: (1216, 717) (55809, 39592)
2022-08-11 22:38:04.571 *** Mouse movement (LeftButton) ***  Mouse coords: (1195, 772) (55001, 41671)
2022-08-11 22:38:04.653 *** Mouse movement (LeftButton) ***  Mouse coords: (1012, 938) (48767, 45942)
2022-08-11 22:38:04.735 *** Mouse movement (LeftButton) ***  Mouse coords: (866, 1010) (50190, 42325)
2022-08-11 22:38:04.813 *** Mouse movement (LeftButton) ***  Mouse coords: (834, 1024) (54577, 40093)
2022-08-11 22:38:04.889 *** Mouse movement (LeftButton) ***  Mouse coords: (820, 1041) (55271, 40208)
2022-08-11 22:38:04.966 *** Mouse movement (LeftButton) ***  Mouse coords: (816, 1048) (55655, 39824)
2022-08-11 22:38:05.042 *** Mouse movement (LeftButton) ***  Mouse coords: (815, 1048) (55770, 39554)
2022-08-11 22:38:06.084 *** Mouse movement (LeftButton) ***  Mouse coords: (1456, 751) (80478, 28124)
2022-08-11 22:38:06.138 *** Mouse movement (LeftButton) ***  Mouse coords: (1472, 787) (81093, 29470)
2022-08-11 22:38:06.210 *** Mouse movement (LeftButton) ***  Mouse coords: (1494, 843) (81325, 30240)
2022-08-11 22:38:06.258 *** Mouse movement (LeftButton) ***  Mouse coords: (1536, 904) (82094, 30433)
2022-08-11 22:38:06.334 *** Mouse movement (LeftButton) ***  Mouse coords: (1634, 944) (84250, 29624)
2022-08-11 22:38:06.407 *** Mouse movement (LeftButton) ***  Mouse coords: (1756, 942) (85173, 28008)
2022-08-11 22:38:06.453 *** Mouse movement (LeftButton) ***  Mouse coords: (1789, 931) (81748, 27662)
2022-08-11 22:38:06.526 *** Mouse movement (LeftButton) ***  Mouse coords: (1791, 930) (80555, 28046)
2022-08-11 22:38:07.773 *** Process image overlay spent 0.00 seconds.
2022-08-11 22:38:07.782 *** Get cell color spent 0.01 seconds.
2022-08-11 22:38:08.028 *** Process image overlay spent 0.01 seconds.
2022-08-11 22:38:08.036 *** Get cell color spent 0.01 seconds.
2022-08-11 22:38:08.709 *** Mouse movement (LeftButton) ***  Mouse coords: (2001, 749) (88766, 29028)
2022-08-11 22:38:08.756 *** Mouse movement (LeftButton) ***  Mouse coords: (1975, 765) (88663, 29093)
2022-08-11 22:38:08.807 *** Mouse movement (LeftButton) ***  Mouse coords: (1884, 815) (88396, 29233)
2022-08-11 22:38:08.886 *** Mouse movement (LeftButton) ***  Mouse coords: (1675, 910) (87913, 29418)
2022-08-11 22:38:08.945 *** Mouse movement (LeftButton) ***  Mouse coords: (1607, 923) (88491, 29082)
2022-08-11 22:38:09.022 *** Mouse movement (LeftButton) ***  Mouse coords: (1604, 924) (88758, 29032)
2022-08-11 22:38:09.116 *** Process image overlay spent 0.01 seconds.
2022-08-11 22:38:09.124 *** Get cell color spent 0.01 seconds.
2022-08-11 22:38:09.351 *** Process image overlay spent 0.01 seconds.
2022-08-11 22:38:09.361 *** Get cell color spent 0.01 seconds.
2022-08-11 22:38:11.608 *** Process image overlay spent 0.01 seconds.
2022-08-11 22:38:11.634 *** Get cell color spent 0.03 seconds.
2022-08-11 22:38:12.271 *** Process image overlay spent 0.00 seconds.
2022-08-11 22:38:12.285 *** Get cell color spent 0.01 seconds.
2022-08-11 22:38:13.189 *** Process image overlay spent 0.01 seconds.
2022-08-11 22:38:13.201 *** Get cell color spent 0.01 seconds.
2022-08-11 22:38:13.553 *** Process image overlay spent 0.01 seconds.
2022-08-11 22:38:13.559 *** Get cell color spent 0.01 seconds.
2022-08-11 22:38:14.648 *** Process image overlay spent 0.00 seconds.
2022-08-11 22:38:14.650 *** Get cell color spent 0.00 seconds.
2022-08-11 22:38:16.526 *** Process image overlay spent 0.01 seconds.
2022-08-11 22:38:16.527 *** Get cell color spent 0.00 seconds.
2022-08-11 22:38:17.347 *** Process image overlay spent 0.01 seconds.
2022-08-11 22:38:17.350 *** Get cell color spent 0.00 seconds.
2022-08-11 22:38:17.647 *** Process image overlay spent 0.00 seconds.
2022-08-11 22:38:17.649 *** Get cell color spent 0.00 seconds.
2022-08-11 22:38:17.876 *** Process image overlay spent 0.01 seconds.
2022-08-11 22:38:17.881 *** Get cell color spent 0.00 seconds.
2022-08-11 22:38:18.821 *** Process image overlay spent 0.00 seconds.
2022-08-11 22:38:18.858 *** Get cell color spent 0.04 seconds.
2022-08-11 22:38:20.462 *** Mouse movement (LeftButton) ***  Mouse coords: (1423, 983) (81563, 35933)
2022-08-11 22:38:20.522 *** Mouse movement (LeftButton) ***  Mouse coords: (1430, 977) (81793, 35702)
2022-08-11 22:38:20.599 *** Mouse movement (LeftButton) ***  Mouse coords: (1588, 863) (87605, 31546)
2022-08-11 22:38:20.676 *** Mouse movement (LeftButton) ***  Mouse coords: (1821, 707) (90490, 29929)
2022-08-11 22:38:20.725 *** Mouse movement (LeftButton) ***  Mouse coords: (1888, 661) (84103, 34163)
2022-08-11 22:38:20.806 *** Mouse movement (LeftButton) ***  Mouse coords: (1889, 661) (81562, 35933)
2022-08-11 22:38:23.167 *** Program closed.
