2022-08-08 18:55:13.606 *** Start program *** Start program
2022-08-08 18:55:29.838 *** Open processed data
2022-08-08 18:55:29.842 *** Preload all statistics at once.
2022-08-08 18:55:33.240 *** Nuclei stat data loaded, took 3.40 seconds. Total number of nuclei: 1698203
2022-08-08 18:55:41.297 *** Mouse movement ***  Mouse coords: (494, 472) (57184, 51054)
2022-08-08 18:55:45.366 *** Process image overlay spent 0.08 seconds.
2022-08-08 18:55:45.564 *** Get cell color spent 0.20 seconds.
2022-08-08 18:55:45.617 *** Process image overlay spent 0.00 seconds.
2022-08-08 18:55:45.688 *** Get cell color spent 0.07 seconds.
2022-08-08 18:55:45.739 *** Process image overlay spent 0.00 seconds.
2022-08-08 18:55:45.823 *** Get cell color spent 0.08 seconds.
2022-08-08 18:55:46.536 *** Process image overlay spent 0.01 seconds.
2022-08-08 18:55:46.580 *** Get cell color spent 0.04 seconds.
2022-08-08 18:55:46.633 *** Process image overlay spent 0.00 seconds.
2022-08-08 18:55:46.662 *** Get cell color spent 0.03 seconds.
2022-08-08 18:55:47.167 *** Process image overlay spent 0.00 seconds.
2022-08-08 18:55:47.178 *** Get cell color spent 0.01 seconds.
2022-08-08 18:55:47.681 *** Process image overlay spent 0.00 seconds.
2022-08-08 18:55:47.688 *** Get cell color spent 0.01 seconds.
2022-08-08 18:55:48.043 *** Process image overlay spent 0.00 seconds.
2022-08-08 18:55:48.050 *** Get cell color spent 0.01 seconds.
2022-08-08 18:55:48.412 *** Process image overlay spent 0.00 seconds.
2022-08-08 18:55:48.416 *** Get cell color spent 0.00 seconds.
2022-08-08 18:55:48.610 *** Process image overlay spent 0.00 seconds.
2022-08-08 18:55:48.614 *** Get cell color spent 0.00 seconds.
2022-08-08 18:55:49.570 *** Mouse movement ***  Mouse coords: (640, 328) (66534, 37624)
2022-08-08 18:55:49.711 *** Mouse movement ***  Mouse coords: (640, 329) (66534, 37626)
2022-08-08 18:55:49.738 *** Mouse movement ***  Mouse coords: (637, 332) (66529, 37628)
2022-08-08 18:55:49.759 *** Process image overlay spent 0.00 seconds.
2022-08-08 18:55:49.764 *** Get cell color spent 0.00 seconds.
2022-08-08 18:55:49.958 *** Process image overlay spent 0.00 seconds.
2022-08-08 18:55:49.962 *** Get cell color spent 0.00 seconds.
2022-08-08 18:55:50.152 *** Mouse movement ***  Mouse coords: (598, 372) (66477, 37683)
2022-08-08 18:55:50.169 *** Process image overlay spent 0.00 seconds.
2022-08-08 18:55:50.172 *** Get cell color spent 0.00 seconds.
2022-08-08 18:55:50.367 *** Process image overlay spent 0.00 seconds.
2022-08-08 18:55:50.371 *** Get cell color spent 0.00 seconds.
2022-08-08 18:55:58.901 *** Mouse movement ***  Mouse coords: (406, 380) (66254, 37635)
2022-08-08 18:55:58.920 *** Mouse movement ***  Mouse coords: (413, 381) (66265, 37637)
2022-08-08 18:55:58.929 *** Mouse movement ***  Mouse coords: (419, 383) (66262, 37638)
2022-08-08 18:55:58.952 *** Mouse movement ***  Mouse coords: (428, 386) (66267, 37639)
2022-08-08 18:55:58.975 *** Process image overlay spent 0.00 seconds.
2022-08-08 18:55:58.980 *** Get cell color spent 0.00 seconds.
2022-08-08 18:55:59.175 *** Mouse movement ***  Mouse coords: (459, 397) (66300, 37651)
2022-08-08 18:55:59.212 *** Process image overlay spent 0.00 seconds.
2022-08-08 18:55:59.216 *** Get cell color spent 0.00 seconds.
2022-08-08 18:55:59.404 *** Mouse movement ***  Mouse coords: (766, 514) (66702, 37806)
2022-08-08 18:55:59.442 *** Process image overlay spent 0.00 seconds.
2022-08-08 18:55:59.446 *** Get cell color spent 0.00 seconds.
2022-08-08 18:55:59.633 *** Process image overlay spent 0.00 seconds.
2022-08-08 18:55:59.636 *** Get cell color spent 0.00 seconds.
2022-08-08 18:56:06.878 *** Mouse movement ***  Mouse coords: (695, 279) (66150, 37292)
2022-08-08 18:56:06.910 *** Process image overlay spent 0.00 seconds.
2022-08-08 18:56:06.931 *** Get cell color spent 0.02 seconds.
2022-08-08 18:56:07.121 *** Process image overlay spent 0.00 seconds.
2022-08-08 18:56:07.125 *** Get cell color spent 0.00 seconds.
2022-08-08 18:56:07.307 *** Mouse movement ***  Mouse coords: (403, 628) (65722, 37801)
2022-08-08 18:56:07.323 *** Process image overlay spent 0.00 seconds.
2022-08-08 18:56:07.327 *** Get cell color spent 0.00 seconds.
2022-08-08 18:56:07.513 *** Process image overlay spent 0.00 seconds.
2022-08-08 18:56:07.517 *** Get cell color spent 0.00 seconds.
2022-08-08 18:56:10.072 *** Program closed.
