2022-10-14 13:10:10.527 *** Start program *** Start program
2022-10-14 13:10:48.380 *** Open case *** /Applications/XAMPP/xamppfiles/htdocs/20220722_Eric_Yang
2022-10-14 13:10:59.627 *** Open processed data
2022-10-14 13:10:59.630 *** Preload all statistics at once.
2022-10-14 13:11:00.994 *** Nuclei stat data loaded, took 1.36 seconds. Total number of nuclei: 696907
2022-10-14 13:11:06.996 *** Mouse movement (LeftButton) ***  Mouse coords: (664, 262) (33184, 23977)
2022-10-14 13:11:07.078 *** Mouse movement (LeftButton) ***  Mouse coords: (664, 262) (33175, 23977)
2022-10-14 13:11:07.104 *** Mouse movement (LeftButton) ***  Mouse coords: (660, 271) (33140, 24056)
2022-10-14 13:11:07.135 *** Mouse movement (LeftButton) ***  Mouse coords: (649, 301) (33078, 24242)
2022-10-14 13:11:07.162 *** Mouse movement (LeftButton) ***  Mouse coords: (642, 339) (33113, 24313)
2022-10-14 13:11:07.192 *** Mouse movement (LeftButton) ***  Mouse coords: (640, 365) (33157, 24207)
2022-10-14 13:11:07.226 *** Mouse movement (LeftButton) ***  Mouse coords: (640, 420) (33175, 24463)
2022-10-14 13:11:07.255 *** Mouse movement (LeftButton) ***  Mouse coords: (640, 434) (33175, 24101)
2022-10-14 13:11:07.274 *** Mouse movement (LeftButton) ***  Mouse coords: (640, 436) (33175, 23994)
2022-10-14 13:11:07.292 *** Mouse movement (LeftButton) ***  Mouse coords: (640, 437) (33175, 23986)
2022-10-14 13:11:07.311 *** Mouse movement (LeftButton) ***  Mouse coords: (640, 437) (33175, 23977)
2022-10-14 13:11:32.606 *** Mouse movement (LeftButton) ***  Mouse coords: (664, 553) (38548, 29096)
2022-10-14 13:11:32.655 *** Mouse movement (LeftButton) ***  Mouse coords: (690, 560) (39640, 29390)
2022-10-14 13:11:32.683 *** Mouse movement (LeftButton) ***  Mouse coords: (711, 566) (39430, 29348)
2022-10-14 13:11:32.707 *** Mouse movement (LeftButton) ***  Mouse coords: (723, 568) (39052, 29180)
2022-10-14 13:11:32.730 *** Mouse movement (LeftButton) ***  Mouse coords: (731, 570) (38884, 29180)
2022-10-14 13:11:32.755 *** Mouse movement (LeftButton) ***  Mouse coords: (733, 571) (38632, 29138)
2022-10-14 13:11:32.796 *** Mouse movement (LeftButton) ***  Mouse coords: (734, 571) (38590, 29096)
2022-10-14 13:11:32.818 *** Mouse movement (LeftButton) ***  Mouse coords: (734, 571) (38548, 29096)
2022-10-14 13:12:02.371 *** Mouse movement (LeftButton) ***  Mouse coords: (588, 497) (33497, 28673)
2022-10-14 13:12:02.423 *** Mouse movement (LeftButton) ***  Mouse coords: (607, 524) (33518, 28703)
2022-10-14 13:12:02.449 *** Mouse movement (LeftButton) ***  Mouse coords: (622, 554) (33535, 28737)
2022-10-14 13:12:02.471 *** Mouse movement (LeftButton) ***  Mouse coords: (637, 586) (33552, 28773)
2022-10-14 13:12:02.492 *** Mouse movement (LeftButton) ***  Mouse coords: (648, 611) (33565, 28801)
2022-10-14 13:12:02.513 *** Mouse movement (LeftButton) ***  Mouse coords: (660, 639) (33578, 28833)
2022-10-14 13:12:02.534 *** Mouse movement (LeftButton) ***  Mouse coords: (664, 650) (33583, 28845)
2022-10-14 13:12:02.554 *** Mouse movement (LeftButton) ***  Mouse coords: (673, 669) (33593, 28867)
2022-10-14 13:12:02.576 *** Mouse movement (LeftButton) ***  Mouse coords: (679, 679) (33599, 28878)
2022-10-14 13:12:02.596 *** Mouse movement (LeftButton) ***  Mouse coords: (686, 690) (33607, 28890)
2022-10-14 13:12:02.616 *** Mouse movement (LeftButton) ***  Mouse coords: (690, 696) (33612, 28897)
2022-10-14 13:12:02.637 *** Mouse movement (LeftButton) ***  Mouse coords: (694, 702) (33616, 28904)
2022-10-14 13:12:02.658 *** Mouse movement (LeftButton) ***  Mouse coords: (697, 703) (33620, 28905)
2022-10-14 13:12:02.678 *** Mouse movement (LeftButton) ***  Mouse coords: (701, 707) (33624, 28909)
2022-10-14 13:12:02.697 *** Mouse movement (LeftButton) ***  Mouse coords: (706, 710) (33630, 28913)
2022-10-14 13:12:02.717 *** Mouse movement (LeftButton) ***  Mouse coords: (712, 714) (33637, 28917)
2022-10-14 13:12:02.737 *** Mouse movement (LeftButton) ***  Mouse coords: (716, 717) (33641, 28921)
2022-10-14 13:12:02.757 *** Mouse movement (LeftButton) ***  Mouse coords: (724, 722) (33650, 28926)
2022-10-14 13:12:02.777 *** Mouse movement (LeftButton) ***  Mouse coords: (732, 727) (33659, 28932)
2022-10-14 13:12:02.797 *** Mouse movement (LeftButton) ***  Mouse coords: (745, 735) (33674, 28941)
2022-10-14 13:12:02.817 *** Mouse movement (LeftButton) ***  Mouse coords: (763, 744) (33694, 28951)
2022-10-14 13:12:02.837 *** Mouse movement (LeftButton) ***  Mouse coords: (770, 750) (33702, 28958)
2022-10-14 13:12:02.857 *** Mouse movement (LeftButton) ***  Mouse coords: (775, 753) (33708, 28961)
2022-10-14 13:12:02.878 *** Mouse movement (LeftButton) ***  Mouse coords: (776, 754) (33709, 28962)
2022-10-14 13:12:02.898 *** Mouse movement (LeftButton) ***  Mouse coords: (776, 755) (33709, 28963)
2022-10-14 13:12:02.918 *** Mouse movement (LeftButton) ***  Mouse coords: (776, 755) (33709, 28963)
2022-10-14 13:12:02.936 *** Mouse movement (LeftButton) ***  Mouse coords: (774, 756) (33707, 28965)
2022-10-14 13:12:02.955 *** Mouse movement (LeftButton) ***  Mouse coords: (771, 758) (33703, 28967)
2022-10-14 13:12:02.975 *** Mouse movement (LeftButton) ***  Mouse coords: (765, 762) (33696, 28971)
2022-10-14 13:12:02.995 *** Mouse movement (LeftButton) ***  Mouse coords: (762, 764) (33693, 28974)
2022-10-14 13:12:03.015 *** Mouse movement (LeftButton) ***  Mouse coords: (758, 766) (33688, 28976)
2022-10-14 13:12:03.035 *** Mouse movement (LeftButton) ***  Mouse coords: (753, 770) (33683, 28980)
2022-10-14 13:12:03.054 *** Mouse movement (LeftButton) ***  Mouse coords: (751, 773) (33681, 28984)
2022-10-14 13:12:03.073 *** Mouse movement (LeftButton) ***  Mouse coords: (749, 776) (33678, 28987)
2022-10-14 13:12:03.093 *** Mouse movement (LeftButton) ***  Mouse coords: (749, 785) (33678, 28997)
2022-10-14 13:12:03.113 *** Mouse movement (LeftButton) ***  Mouse coords: (751, 793) (33681, 29006)
2022-10-14 13:12:03.132 *** Mouse movement (LeftButton) ***  Mouse coords: (753, 797) (33683, 29011)
2022-10-14 13:12:03.152 *** Mouse movement (LeftButton) ***  Mouse coords: (755, 800) (33685, 29014)
2022-10-14 13:12:03.172 *** Mouse movement (LeftButton) ***  Mouse coords: (756, 801) (33686, 29015)
2022-10-14 13:12:03.191 *** Mouse movement (LeftButton) ***  Mouse coords: (756, 801) (33686, 29015)
2022-10-14 13:12:03.208 *** Mouse movement (LeftButton) ***  Mouse coords: (756, 801) (33686, 29015)
2022-10-14 13:12:03.228 *** Mouse movement (LeftButton) ***  Mouse coords: (756, 801) (33686, 29015)
2022-10-14 13:12:03.245 *** Mouse movement (LeftButton) ***  Mouse coords: (756, 802) (33686, 29016)
2022-10-14 13:12:03.278 *** Mouse movement (LeftButton) ***  Mouse coords: (756, 802) (33686, 29016)
2022-10-14 13:12:03.296 *** Mouse movement (LeftButton) ***  Mouse coords: (756, 802) (33686, 29016)
2022-10-14 13:12:03.313 *** Mouse movement (LeftButton) ***  Mouse coords: (756, 802) (33686, 29016)
2022-10-14 13:12:03.330 *** Mouse movement (LeftButton) ***  Mouse coords: (756, 803) (33686, 29018)
2022-10-14 13:12:03.350 *** Mouse movement (LeftButton) ***  Mouse coords: (754, 807) (33684, 29022)
2022-10-14 13:12:03.371 *** Mouse movement (LeftButton) ***  Mouse coords: (750, 811) (33679, 29027)
2022-10-14 13:12:03.391 *** Mouse movement (LeftButton) ***  Mouse coords: (748, 814) (33677, 29030)
2022-10-14 13:12:03.410 *** Mouse movement (LeftButton) ***  Mouse coords: (741, 819) (33669, 29036)
2022-10-14 13:12:03.431 *** Mouse movement (LeftButton) ***  Mouse coords: (736, 823) (33664, 29040)
2022-10-14 13:12:03.451 *** Mouse movement (LeftButton) ***  Mouse coords: (735, 823) (33663, 29040)
2022-10-14 13:12:03.471 *** Mouse movement (LeftButton) ***  Mouse coords: (735, 823) (33663, 29040)
2022-10-14 13:12:03.489 *** Mouse movement (LeftButton) ***  Mouse coords: (734, 823) (33661, 29040)
2022-10-14 13:12:03.509 *** Mouse movement (LeftButton) ***  Mouse coords: (732, 824) (33659, 29041)
2022-10-14 13:12:03.530 *** Mouse movement (LeftButton) ***  Mouse coords: (730, 825) (33657, 29042)
2022-10-14 13:12:03.550 *** Mouse movement (LeftButton) ***  Mouse coords: (728, 826) (33655, 29043)
2022-10-14 13:12:03.570 *** Mouse movement (LeftButton) ***  Mouse coords: (728, 826) (33655, 29043)
2022-10-14 13:12:03.588 *** Mouse movement (LeftButton) ***  Mouse coords: (728, 826) (33655, 29043)
2022-10-14 13:12:05.238 *** Interactive label *** Apply to case start.
2022-10-14 13:12:07.650 *** Mouse movement (LeftButton) ***  Mouse coords: (340, 445) (33217, 28614)
2022-10-14 13:12:09.954 *** Mouse movement (LeftButton) ***  Mouse coords: (473, 507) (32892, 28567)
2022-10-14 13:12:10.070 *** Mouse movement (LeftButton) ***  Mouse coords: (473, 507) (32891, 28567)
2022-10-14 13:12:10.100 *** Mouse movement (LeftButton) ***  Mouse coords: (467, 515) (32881, 28582)
2022-10-14 13:12:10.134 *** Mouse movement (LeftButton) ***  Mouse coords: (464, 519) (32885, 28574)
2022-10-14 13:12:10.157 *** Mouse movement (LeftButton) ***  Mouse coords: (445, 537) (32858, 28599)
2022-10-14 13:12:10.179 *** Mouse movement (LeftButton) ***  Mouse coords: (441, 540) (32884, 28572)
2022-10-14 13:12:10.204 *** Mouse movement (LeftButton) ***  Mouse coords: (436, 543) (32882, 28572)
2022-10-14 13:12:10.238 *** Mouse movement (LeftButton) ***  Mouse coords: (436, 543) (32891, 28567)
2022-10-14 13:12:10.270 *** Mouse movement (LeftButton) ***  Mouse coords: (436, 543) (32891, 28567)
2022-10-14 13:12:10.292 *** Mouse movement (LeftButton) ***  Mouse coords: (436, 542) (32891, 28565)
2022-10-14 13:12:10.314 *** Mouse movement (LeftButton) ***  Mouse coords: (436, 541) (32891, 28566)
2022-10-14 13:12:11.332 *** Mouse movement (LeftButton) ***  Mouse coords: (340, 876) (32721, 29160)
2022-10-14 13:12:11.487 *** Process image overlay spent 0.00 seconds.
2022-10-14 13:12:11.493 *** Get cell color spent 0.00 seconds.
2022-10-14 13:12:12.862 *** Mouse movement (LeftButton) ***  Mouse coords: (536, 654) (33068, 28765)
2022-10-14 13:12:12.906 *** Mouse movement (LeftButton) ***  Mouse coords: (512, 623) (33026, 28710)
2022-10-14 13:12:12.936 *** Mouse movement (LeftButton) ***  Mouse coords: (506, 611) (33057, 28744)
2022-10-14 13:12:12.959 *** Mouse movement (LeftButton) ***  Mouse coords: (493, 580) (33045, 28710)
2022-10-14 13:12:12.981 *** Mouse movement (LeftButton) ***  Mouse coords: (491, 569) (33064, 28745)
2022-10-14 13:12:13.004 *** Mouse movement (LeftButton) ***  Mouse coords: (489, 563) (33065, 28755)
2022-10-14 13:12:13.039 *** Mouse movement (LeftButton) ***  Mouse coords: (489, 563) (33068, 28765)
2022-10-14 13:12:13.182 *** Process image overlay spent 0.00 seconds.
2022-10-14 13:12:13.185 *** Get cell color spent 0.00 seconds.
2022-10-14 13:12:15.813 *** Mouse movement (LeftButton) ***  Mouse coords: (99, 523) (32377, 28694)
2022-10-14 13:12:15.843 *** Mouse movement (LeftButton) ***  Mouse coords: (105, 529) (32387, 28704)
2022-10-14 13:12:15.870 *** Mouse movement (LeftButton) ***  Mouse coords: (130, 555) (32432, 28750)
2022-10-14 13:12:15.895 *** Mouse movement (LeftButton) ***  Mouse coords: (148, 577) (32464, 28789)
2022-10-14 13:12:15.919 *** Mouse movement (LeftButton) ***  Mouse coords: (167, 597) (32497, 28825)
2022-10-14 13:12:15.942 *** Mouse movement (LeftButton) ***  Mouse coords: (181, 611) (32522, 28850)
2022-10-14 13:12:15.965 *** Mouse movement (LeftButton) ***  Mouse coords: (186, 617) (32531, 28860)
2022-10-14 13:12:15.989 *** Mouse movement (LeftButton) ***  Mouse coords: (189, 619) (32536, 28864)
2022-10-14 13:12:16.012 *** Mouse movement (LeftButton) ***  Mouse coords: (190, 621) (32538, 28867)
2022-10-14 13:12:16.035 *** Mouse movement (LeftButton) ***  Mouse coords: (190, 622) (32538, 28869)
2022-10-14 13:12:16.058 *** Mouse movement (LeftButton) ***  Mouse coords: (191, 622) (32540, 28869)
2022-10-14 13:12:16.081 *** Mouse movement (LeftButton) ***  Mouse coords: (191, 622) (32540, 28869)
2022-10-14 13:12:16.102 *** Mouse movement (LeftButton) ***  Mouse coords: (191, 622) (32540, 28869)
2022-10-14 13:12:16.124 *** Mouse movement (LeftButton) ***  Mouse coords: (191, 622) (32540, 28869)
2022-10-14 13:12:16.144 *** Mouse movement (LeftButton) ***  Mouse coords: (192, 624) (32542, 28873)
2022-10-14 13:12:16.168 *** Mouse movement (LeftButton) ***  Mouse coords: (198, 630) (32552, 28883)
2022-10-14 13:12:16.191 *** Mouse movement (LeftButton) ***  Mouse coords: (205, 637) (32565, 28896)
2022-10-14 13:12:16.214 *** Mouse movement (LeftButton) ***  Mouse coords: (214, 647) (32581, 28913)
2022-10-14 13:12:16.238 *** Mouse movement (LeftButton) ***  Mouse coords: (222, 658) (32595, 28933)
2022-10-14 13:12:16.261 *** Mouse movement (LeftButton) ***  Mouse coords: (223, 660) (32596, 28937)
2022-10-14 13:12:16.284 *** Mouse movement (LeftButton) ***  Mouse coords: (223, 660) (32596, 28937)
2022-10-14 13:12:16.306 *** Mouse movement (LeftButton) ***  Mouse coords: (224, 661) (32598, 28938)
2022-10-14 13:12:16.329 *** Mouse movement (LeftButton) ***  Mouse coords: (224, 662) (32598, 28940)
2022-10-14 13:12:16.352 *** Mouse movement (LeftButton) ***  Mouse coords: (224, 663) (32598, 28942)
2022-10-14 13:12:16.375 *** Mouse movement (LeftButton) ***  Mouse coords: (224, 664) (32598, 28944)
2022-10-14 13:12:16.398 *** Mouse movement (LeftButton) ***  Mouse coords: (224, 666) (32598, 28947)
2022-10-14 13:12:16.421 *** Mouse movement (LeftButton) ***  Mouse coords: (224, 668) (32598, 28951)
2022-10-14 13:12:16.444 *** Mouse movement (LeftButton) ***  Mouse coords: (222, 672) (32595, 28958)
2022-10-14 13:12:16.467 *** Mouse movement (LeftButton) ***  Mouse coords: (219, 676) (32589, 28965)
2022-10-14 13:12:16.490 *** Mouse movement (LeftButton) ***  Mouse coords: (218, 679) (32588, 28970)
2022-10-14 13:12:16.512 *** Mouse movement (LeftButton) ***  Mouse coords: (216, 682) (32584, 28976)
2022-10-14 13:12:16.536 *** Mouse movement (LeftButton) ***  Mouse coords: (214, 686) (32581, 28983)
2022-10-14 13:12:16.559 *** Mouse movement (LeftButton) ***  Mouse coords: (213, 688) (32579, 28986)
2022-10-14 13:12:16.582 *** Mouse movement (LeftButton) ***  Mouse coords: (212, 693) (32577, 28995)
2022-10-14 13:12:16.604 *** Mouse movement (LeftButton) ***  Mouse coords: (208, 704) (32570, 29014)
2022-10-14 13:12:16.627 *** Mouse movement (LeftButton) ***  Mouse coords: (205, 711) (32565, 29027)
2022-10-14 13:12:16.650 *** Mouse movement (LeftButton) ***  Mouse coords: (200, 723) (32556, 29048)
2022-10-14 13:12:16.674 *** Mouse movement (LeftButton) ***  Mouse coords: (197, 731) (32550, 29062)
2022-10-14 13:12:16.697 *** Mouse movement (LeftButton) ***  Mouse coords: (195, 737) (32547, 29073)
2022-10-14 13:12:16.720 *** Mouse movement (LeftButton) ***  Mouse coords: (194, 739) (32545, 29076)
2022-10-14 13:12:16.742 *** Mouse movement (LeftButton) ***  Mouse coords: (194, 739) (32545, 29076)
2022-10-14 13:12:16.763 *** Mouse movement (LeftButton) ***  Mouse coords: (194, 740) (32545, 29078)
2022-10-14 13:12:16.785 *** Mouse movement (LeftButton) ***  Mouse coords: (194, 740) (32545, 29078)
2022-10-14 13:12:18.462 *** Interactive label *** Apply to case start.
2022-10-14 13:12:18.955 *** Mouse movement (LeftButton) ***  Mouse coords: (415, 349) (32937, 28385)
2022-10-14 13:12:19.054 *** Mouse movement (LeftButton) ***  Mouse coords: (416, 348) (32938, 28384)
2022-10-14 13:12:19.083 *** Mouse movement (LeftButton) ***  Mouse coords: (432, 358) (32967, 28401)
2022-10-14 13:12:19.111 *** Mouse movement (LeftButton) ***  Mouse coords: (469, 380) (33032, 28440)
2022-10-14 13:12:19.135 *** Mouse movement (LeftButton) ***  Mouse coords: (484, 389) (33059, 28456)
2022-10-14 13:12:19.160 *** Mouse movement (LeftButton) ***  Mouse coords: (525, 413) (33132, 28499)
2022-10-14 13:12:19.183 *** Mouse movement (LeftButton) ***  Mouse coords: (547, 426) (33171, 28522)
2022-10-14 13:12:19.206 *** Mouse movement (LeftButton) ***  Mouse coords: (577, 441) (33224, 28548)
2022-10-14 13:12:19.229 *** Mouse movement (LeftButton) ***  Mouse coords: (590, 445) (33247, 28556)
2022-10-14 13:12:19.253 *** Mouse movement (LeftButton) ***  Mouse coords: (595, 447) (33256, 28559)
2022-10-14 13:12:19.276 *** Mouse movement (LeftButton) ***  Mouse coords: (596, 448) (33257, 28561)
2022-10-14 13:12:19.299 *** Mouse movement (LeftButton) ***  Mouse coords: (597, 448) (33259, 28561)
2022-10-14 13:12:19.321 *** Mouse movement (LeftButton) ***  Mouse coords: (598, 448) (33261, 28561)
2022-10-14 13:12:19.344 *** Mouse movement (LeftButton) ***  Mouse coords: (599, 448) (33263, 28561)
2022-10-14 13:12:19.367 *** Mouse movement (LeftButton) ***  Mouse coords: (599, 448) (33263, 28561)
2022-10-14 13:12:19.389 *** Mouse movement (LeftButton) ***  Mouse coords: (599, 448) (33263, 28561)
2022-10-14 13:12:19.410 *** Mouse movement (LeftButton) ***  Mouse coords: (601, 449) (33266, 28563)
2022-10-14 13:12:19.433 *** Mouse movement (LeftButton) ***  Mouse coords: (603, 451) (33270, 28566)
2022-10-14 13:12:19.456 *** Mouse movement (LeftButton) ***  Mouse coords: (605, 453) (33273, 28570)
2022-10-14 13:12:19.479 *** Mouse movement (LeftButton) ***  Mouse coords: (607, 455) (33277, 28573)
2022-10-14 13:12:19.501 *** Mouse movement (LeftButton) ***  Mouse coords: (609, 458) (33280, 28579)
2022-10-14 13:12:19.524 *** Mouse movement (LeftButton) ***  Mouse coords: (611, 462) (33284, 28586)
2022-10-14 13:12:19.549 *** Mouse movement (LeftButton) ***  Mouse coords: (612, 464) (33286, 28589)
2022-10-14 13:12:19.572 *** Mouse movement (LeftButton) ***  Mouse coords: (612, 465) (33286, 28591)
2022-10-14 13:12:19.595 *** Mouse movement (LeftButton) ***  Mouse coords: (612, 465) (33286, 28591)
2022-10-14 13:12:21.014 *** Interactive label *** Apply to case start.
2022-10-14 13:12:24.158 *** Interactive label *** Apply to case done.
2022-10-14 13:12:25.256 *** Interactive label *** Apply to case finish overlay create.
2022-10-14 13:12:25.258 *** Process image overlay spent 0.00 seconds.
2022-10-14 13:12:25.262 *** Get cell color spent 0.00 seconds.
2022-10-14 13:12:26.369 *** Process image overlay spent 0.00 seconds.
2022-10-14 13:12:26.381 *** Get cell color spent 0.01 seconds.
2022-10-14 13:12:27.969 *** Process image overlay spent 0.00 seconds.
2022-10-14 13:12:27.981 *** Get cell color spent 0.01 seconds.
2022-10-14 13:12:28.194 *** Process image overlay spent 0.00 seconds.
2022-10-14 13:12:28.198 *** Get cell color spent 0.00 seconds.
2022-10-14 13:12:29.133 *** Process image overlay spent 0.00 seconds.
2022-10-14 13:12:29.136 *** Get cell color spent 0.00 seconds.
2022-10-14 13:12:30.542 *** Mouse movement (LeftButton) ***  Mouse coords: (444, 502) (32477, 28514)
2022-10-14 13:12:30.662 *** Mouse movement (LeftButton) ***  Mouse coords: (444, 502) (32477, 28514)
2022-10-14 13:12:30.697 *** Mouse movement (LeftButton) ***  Mouse coords: (464, 508) (32515, 28525)
2022-10-14 13:12:30.723 *** Mouse movement (LeftButton) ***  Mouse coords: (484, 520) (32552, 28548)
2022-10-14 13:12:30.746 *** Mouse movement (LeftButton) ***  Mouse coords: (503, 531) (32588, 28569)
2022-10-14 13:12:30.769 *** Mouse movement (LeftButton) ***  Mouse coords: (509, 534) (32600, 28574)
2022-10-14 13:12:30.793 *** Mouse movement (LeftButton) ***  Mouse coords: (511, 536) (32603, 28578)
2022-10-14 13:12:30.817 *** Mouse movement (LeftButton) ***  Mouse coords: (514, 537) (32609, 28580)
2022-10-14 13:12:30.839 *** Mouse movement (LeftButton) ***  Mouse coords: (516, 540) (32613, 28586)
2022-10-14 13:12:30.863 *** Mouse movement (LeftButton) ***  Mouse coords: (517, 542) (32615, 28590)
2022-10-14 13:12:30.886 *** Mouse movement (LeftButton) ***  Mouse coords: (519, 544) (32618, 28593)
2022-10-14 13:12:30.909 *** Mouse movement (LeftButton) ***  Mouse coords: (520, 546) (32620, 28597)
2022-10-14 13:12:30.932 *** Mouse movement (LeftButton) ***  Mouse coords: (521, 547) (32622, 28599)
2022-10-14 13:12:30.955 *** Mouse movement (LeftButton) ***  Mouse coords: (522, 549) (32624, 28603)
2022-10-14 13:12:30.978 *** Mouse movement (LeftButton) ***  Mouse coords: (524, 550) (32628, 28605)
2022-10-14 13:12:31.001 *** Mouse movement (LeftButton) ***  Mouse coords: (528, 552) (32635, 28608)
2022-10-14 13:12:31.024 *** Mouse movement (LeftButton) ***  Mouse coords: (533, 555) (32645, 28614)
2022-10-14 13:12:31.046 *** Mouse movement (LeftButton) ***  Mouse coords: (541, 560) (32660, 28623)
2022-10-14 13:12:31.069 *** Mouse movement (LeftButton) ***  Mouse coords: (548, 564) (32673, 28631)
2022-10-14 13:12:31.091 *** Mouse movement (LeftButton) ***  Mouse coords: (553, 566) (32682, 28635)
2022-10-14 13:12:31.114 *** Mouse movement (LeftButton) ***  Mouse coords: (558, 568) (32692, 28638)
2022-10-14 13:12:31.138 *** Mouse movement (LeftButton) ***  Mouse coords: (564, 570) (32703, 28642)
2022-10-14 13:12:31.160 *** Mouse movement (LeftButton) ***  Mouse coords: (568, 572) (32711, 28646)
2022-10-14 13:12:31.183 *** Mouse movement (LeftButton) ***  Mouse coords: (570, 572) (32714, 28646)
2022-10-14 13:12:31.206 *** Mouse movement (LeftButton) ***  Mouse coords: (572, 574) (32718, 28650)
2022-10-14 13:12:31.230 *** Mouse movement (LeftButton) ***  Mouse coords: (574, 576) (32722, 28654)
2022-10-14 13:12:31.254 *** Mouse movement (LeftButton) ***  Mouse coords: (576, 577) (32726, 28655)
2022-10-14 13:12:31.278 *** Mouse movement (LeftButton) ***  Mouse coords: (578, 579) (32730, 28659)
2022-10-14 13:12:31.302 *** Mouse movement (LeftButton) ***  Mouse coords: (581, 581) (32735, 28663)
2022-10-14 13:12:31.325 *** Mouse movement (LeftButton) ***  Mouse coords: (584, 583) (32741, 28667)
2022-10-14 13:12:31.348 *** Mouse movement (LeftButton) ***  Mouse coords: (589, 588) (32750, 28676)
2022-10-14 13:12:31.372 *** Mouse movement (LeftButton) ***  Mouse coords: (593, 592) (32758, 28684)
2022-10-14 13:12:31.395 *** Mouse movement (LeftButton) ***  Mouse coords: (595, 593) (32762, 28686)
2022-10-14 13:12:31.417 *** Mouse movement (LeftButton) ***  Mouse coords: (595, 594) (32762, 28687)
2022-10-14 13:12:31.441 *** Mouse movement (LeftButton) ***  Mouse coords: (596, 594) (32763, 28687)
2022-10-14 13:12:31.464 *** Mouse movement (LeftButton) ***  Mouse coords: (596, 595) (32763, 28689)
2022-10-14 13:12:31.486 *** Mouse movement (LeftButton) ***  Mouse coords: (597, 598) (32765, 28695)
2022-10-14 13:12:31.509 *** Mouse movement (LeftButton) ***  Mouse coords: (600, 603) (32771, 28704)
2022-10-14 13:12:31.532 *** Mouse movement (LeftButton) ***  Mouse coords: (602, 605) (32775, 28708)
2022-10-14 13:12:31.554 *** Mouse movement (LeftButton) ***  Mouse coords: (604, 607) (32779, 28712)
2022-10-14 13:12:31.578 *** Mouse movement (LeftButton) ***  Mouse coords: (604, 608) (32779, 28714)
2022-10-14 13:12:31.601 *** Mouse movement (LeftButton) ***  Mouse coords: (605, 608) (32780, 28714)
2022-10-14 13:12:31.645 *** Mouse movement (LeftButton) ***  Mouse coords: (605, 609) (32780, 28716)
2022-10-14 13:12:31.695 *** Mouse movement (LeftButton) ***  Mouse coords: (605, 609) (32780, 28716)
2022-10-14 13:12:31.717 *** Mouse movement (LeftButton) ***  Mouse coords: (605, 609) (32780, 28716)
2022-10-14 13:12:31.738 *** Mouse movement (LeftButton) ***  Mouse coords: (605, 609) (32780, 28716)
2022-10-14 13:12:31.758 *** Mouse movement (LeftButton) ***  Mouse coords: (605, 610) (32780, 28718)
2022-10-14 13:12:31.781 *** Mouse movement (LeftButton) ***  Mouse coords: (605, 611) (32780, 28719)
2022-10-14 13:12:31.803 *** Mouse movement (LeftButton) ***  Mouse coords: (605, 611) (32780, 28719)
2022-10-14 13:12:31.823 *** Mouse movement (LeftButton) ***  Mouse coords: (605, 612) (32780, 28721)
2022-10-14 13:12:31.845 *** Mouse movement (LeftButton) ***  Mouse coords: (605, 612) (32780, 28721)
2022-10-14 13:12:31.866 *** Mouse movement (LeftButton) ***  Mouse coords: (605, 612) (32780, 28721)
2022-10-14 13:12:31.886 *** Mouse movement (LeftButton) ***  Mouse coords: (605, 612) (32780, 28721)
2022-10-14 13:12:31.937 *** Mouse movement (LeftButton) ***  Mouse coords: (605, 612) (32780, 28721)
2022-10-14 13:12:32.121 *** Mouse movement (LeftButton) ***  Mouse coords: (605, 612) (32780, 28721)
2022-10-14 13:12:32.157 *** Mouse movement (LeftButton) ***  Mouse coords: (605, 612) (32780, 28721)
2022-10-14 13:12:33.838 *** Interactive label *** Apply to case start.
2022-10-14 13:12:36.961 *** Interactive label *** Apply to case done.
2022-10-14 13:12:38.608 *** Interactive label *** Apply to case finish overlay create.
2022-10-14 13:12:38.611 *** Process image overlay spent 0.00 seconds.
2022-10-14 13:12:38.615 *** Get cell color spent 0.00 seconds.
2022-10-14 13:12:40.082 *** Mouse movement (LeftButton) ***  Mouse coords: (60, 262) (31754, 28062)
2022-10-14 13:12:40.170 *** Mouse movement (LeftButton) ***  Mouse coords: (61, 261) (31756, 28060)
2022-10-14 13:12:40.201 *** Mouse movement (LeftButton) ***  Mouse coords: (114, 261) (31855, 28060)
2022-10-14 13:12:40.228 *** Mouse movement (LeftButton) ***  Mouse coords: (268, 266) (32146, 28070)
2022-10-14 13:12:40.251 *** Mouse movement (LeftButton) ***  Mouse coords: (304, 273) (32213, 28083)
2022-10-14 13:12:40.274 *** Mouse movement (LeftButton) ***  Mouse coords: (362, 296) (32323, 28126)
2022-10-14 13:12:40.298 *** Mouse movement (LeftButton) ***  Mouse coords: (417, 328) (32426, 28186)
2022-10-14 13:12:40.321 *** Mouse movement (LeftButton) ***  Mouse coords: (433, 338) (32456, 28205)
2022-10-14 13:12:40.345 *** Mouse movement (LeftButton) ***  Mouse coords: (442, 346) (32473, 28220)
2022-10-14 13:12:40.369 *** Mouse movement (LeftButton) ***  Mouse coords: (447, 352) (32483, 28232)
2022-10-14 13:12:40.391 *** Mouse movement (LeftButton) ***  Mouse coords: (450, 357) (32488, 28241)
2022-10-14 13:12:40.414 *** Mouse movement (LeftButton) ***  Mouse coords: (457, 370) (32502, 28266)
2022-10-14 13:12:40.438 *** Mouse movement (LeftButton) ***  Mouse coords: (464, 384) (32515, 28292)
2022-10-14 13:12:40.462 *** Mouse movement (LeftButton) ***  Mouse coords: (470, 401) (32526, 28324)
2022-10-14 13:12:40.484 *** Mouse movement (LeftButton) ***  Mouse coords: (476, 424) (32537, 28367)
2022-10-14 13:12:40.508 *** Mouse movement (LeftButton) ***  Mouse coords: (480, 442) (32545, 28401)
2022-10-14 13:12:40.531 *** Mouse movement (LeftButton) ***  Mouse coords: (484, 462) (32552, 28439)
2022-10-14 13:12:40.555 *** Mouse movement (LeftButton) ***  Mouse coords: (486, 474) (32556, 28461)
2022-10-14 13:12:40.578 *** Mouse movement (LeftButton) ***  Mouse coords: (486, 479) (32556, 28471)
2022-10-14 13:12:40.602 *** Mouse movement (LeftButton) ***  Mouse coords: (485, 484) (32554, 28480)
2022-10-14 13:12:40.625 *** Mouse movement (LeftButton) ***  Mouse coords: (483, 487) (32551, 28486)
2022-10-14 13:12:40.648 *** Mouse movement (LeftButton) ***  Mouse coords: (480, 489) (32545, 28490)
2022-10-14 13:12:40.672 *** Mouse movement (LeftButton) ***  Mouse coords: (478, 491) (32541, 28493)
2022-10-14 13:12:40.694 *** Mouse movement (LeftButton) ***  Mouse coords: (478, 491) (32541, 28493)
2022-10-14 13:12:40.715 *** Mouse movement (LeftButton) ***  Mouse coords: (478, 492) (32541, 28495)
2022-10-14 13:12:40.871 *** Mouse movement (LeftButton) ***  Mouse coords: (478, 491) (32541, 28493)
2022-10-14 13:12:40.906 *** Mouse movement (LeftButton) ***  Mouse coords: (478, 486) (32541, 28484)
2022-10-14 13:12:40.931 *** Mouse movement (LeftButton) ***  Mouse coords: (478, 482) (32541, 28476)
2022-10-14 13:12:40.953 *** Mouse movement (LeftButton) ***  Mouse coords: (478, 481) (32541, 28475)
2022-10-14 13:12:40.977 *** Mouse movement (LeftButton) ***  Mouse coords: (478, 480) (32541, 28473)
2022-10-14 13:12:41.000 *** Mouse movement (LeftButton) ***  Mouse coords: (478, 480) (32541, 28473)
2022-10-14 13:12:41.022 *** Mouse movement (LeftButton) ***  Mouse coords: (478, 479) (32541, 28471)
2022-10-14 13:12:41.046 *** Mouse movement (LeftButton) ***  Mouse coords: (478, 478) (32541, 28469)
2022-10-14 13:12:41.069 *** Mouse movement (LeftButton) ***  Mouse coords: (478, 478) (32541, 28469)
2022-10-14 13:12:41.089 *** Mouse movement (LeftButton) ***  Mouse coords: (478, 478) (32541, 28469)
2022-10-14 13:12:41.111 *** Mouse movement (LeftButton) ***  Mouse coords: (478, 478) (32541, 28469)
2022-10-14 13:12:41.133 *** Mouse movement (LeftButton) ***  Mouse coords: (478, 477) (32541, 28467)
2022-10-14 13:12:41.157 *** Mouse movement (LeftButton) ***  Mouse coords: (478, 477) (32541, 28467)
2022-10-14 13:12:41.177 *** Mouse movement (LeftButton) ***  Mouse coords: (478, 477) (32541, 28467)
2022-10-14 13:12:41.198 *** Mouse movement (LeftButton) ***  Mouse coords: (478, 476) (32541, 28465)
2022-10-14 13:12:41.221 *** Mouse movement (LeftButton) ***  Mouse coords: (478, 476) (32541, 28465)
2022-10-14 13:12:41.242 *** Mouse movement (LeftButton) ***  Mouse coords: (478, 476) (32541, 28465)
2022-10-14 13:12:41.263 *** Mouse movement (LeftButton) ***  Mouse coords: (479, 475) (32543, 28463)
2022-10-14 13:12:41.286 *** Mouse movement (LeftButton) ***  Mouse coords: (479, 473) (32543, 28460)
2022-10-14 13:12:41.310 *** Mouse movement (LeftButton) ***  Mouse coords: (481, 471) (32547, 28456)
2022-10-14 13:12:41.333 *** Mouse movement (LeftButton) ***  Mouse coords: (482, 470) (32549, 28454)
2022-10-14 13:12:41.357 *** Mouse movement (LeftButton) ***  Mouse coords: (483, 469) (32551, 28452)
2022-10-14 13:12:41.381 *** Mouse movement (LeftButton) ***  Mouse coords: (484, 469) (32552, 28452)
2022-10-14 13:12:41.404 *** Mouse movement (LeftButton) ***  Mouse coords: (484, 469) (32552, 28452)
2022-10-14 13:12:41.424 *** Mouse movement (LeftButton) ***  Mouse coords: (484, 469) (32552, 28452)
2022-10-14 13:12:42.764 *** Interactive label *** Apply to case start.
2022-10-14 13:12:45.835 *** Interactive label *** Apply to case done.
2022-10-14 13:12:46.950 *** Interactive label *** Apply to case finish overlay create.
2022-10-14 13:12:46.955 *** Process image overlay spent 0.00 seconds.
2022-10-14 13:12:46.959 *** Get cell color spent 0.00 seconds.
2022-10-14 13:12:47.891 *** Process image overlay spent 0.00 seconds.
2022-10-14 13:12:47.898 *** Get cell color spent 0.01 seconds.
2022-10-14 13:12:48.203 *** Process image overlay spent 0.00 seconds.
2022-10-14 13:12:48.216 *** Get cell color spent 0.01 seconds.
2022-10-14 13:12:49.125 *** Process image overlay spent 0.00 seconds.
2022-10-14 13:12:49.181 *** Get cell color spent 0.06 seconds.
2022-10-14 13:12:49.417 *** Process image overlay spent 0.00 seconds.
2022-10-14 13:12:49.477 *** Get cell color spent 0.06 seconds.
2022-10-14 13:12:51.192 *** Mouse movement (LeftButton) ***  Mouse coords: (14, -1) (28018, 20150)
2022-10-14 13:12:52.175 *** Mouse movement (LeftButton) ***  Mouse coords: (525, 468) (34977, 26537)
2022-10-14 13:12:54.729 *** Mouse movement (LeftButton) ***  Mouse coords: (567, 408) (51224, 11566)
2022-10-14 13:12:54.768 *** Mouse movement (LeftButton) ***  Mouse coords: (591, 408) (52835, 11566)
2022-10-14 13:12:54.794 *** Mouse movement (LeftButton) ***  Mouse coords: (665, 405) (56192, 11365)
2022-10-14 13:12:54.818 *** Mouse movement (LeftButton) ***  Mouse coords: (742, 396) (56394, 10961)
2022-10-14 13:12:54.840 *** Mouse movement (LeftButton) ***  Mouse coords: (805, 383) (55453, 10694)
2022-10-14 13:12:54.863 *** Mouse movement (LeftButton) ***  Mouse coords: (829, 374) (52835, 10961)
2022-10-14 13:12:54.890 *** Mouse movement (LeftButton) ***  Mouse coords: (846, 369) (52366, 11231)
2022-10-14 13:12:54.949 *** Mouse movement (LeftButton) ***  Mouse coords: (855, 366) (51828, 11364)
2022-10-14 13:12:54.971 *** Mouse movement (LeftButton) ***  Mouse coords: (858, 366) (51425, 11566)
2022-10-14 13:12:54.995 *** Mouse movement (LeftButton) ***  Mouse coords: (859, 365) (51291, 11499)
2022-10-14 13:12:55.018 *** Mouse movement (LeftButton) ***  Mouse coords: (861, 364) (51359, 11499)
2022-10-14 13:12:55.042 *** Mouse movement (LeftButton) ***  Mouse coords: (861, 362) (51224, 11432)
2022-10-14 13:12:55.066 *** Mouse movement (LeftButton) ***  Mouse coords: (861, 362) (51224, 11566)
2022-10-14 13:12:55.489 *** Mouse movement (LeftButton) ***  Mouse coords: (872, 361) (51962, 11499)
2022-10-14 13:12:55.562 *** Mouse movement (LeftButton) ***  Mouse coords: (873, 360) (52029, 11431)
2022-10-14 13:12:55.597 *** Mouse movement (LeftButton) ***  Mouse coords: (879, 342) (52365, 10291)
2022-10-14 13:12:55.620 *** Mouse movement (LeftButton) ***  Mouse coords: (890, 314) (52701, 9619)
2022-10-14 13:12:55.643 *** Mouse movement (LeftButton) ***  Mouse coords: (897, 296) (52432, 10291)
2022-10-14 13:12:55.665 *** Mouse movement (LeftButton) ***  Mouse coords: (910, 266) (52834, 9485)
2022-10-14 13:12:55.688 *** Mouse movement (LeftButton) ***  Mouse coords: (916, 250) (52365, 10424)
2022-10-14 13:12:55.727 *** Mouse movement (LeftButton) ***  Mouse coords: (919, 243) (52164, 11030)
2022-10-14 13:13:14.580 *** Mouse movement (LeftButton) ***  Mouse coords: (876, 498) (49075, 28618)
2022-10-14 13:13:16.224 *** Mouse movement (LeftButton) ***  Mouse coords: (744, 518) (44736, 30027)
2022-10-14 13:13:16.321 *** Mouse movement (LeftButton) ***  Mouse coords: (743, 518) (44701, 30027)
2022-10-14 13:13:16.357 *** Mouse movement (LeftButton) ***  Mouse coords: (772, 518) (45726, 30027)
2022-10-14 13:13:16.381 *** Mouse movement (LeftButton) ***  Mouse coords: (818, 518) (46305, 30027)
2022-10-14 13:13:16.403 *** Mouse movement (LeftButton) ***  Mouse coords: (841, 518) (45521, 30027)
2022-10-14 13:13:16.428 *** Mouse movement (LeftButton) ***  Mouse coords: (847, 518) (44941, 30027)
2022-10-14 13:13:16.459 *** Mouse movement (LeftButton) ***  Mouse coords: (864, 518) (45316, 30027)
2022-10-14 13:13:16.486 *** Mouse movement (LeftButton) ***  Mouse coords: (864, 518) (44736, 30027)
2022-10-14 13:13:16.507 *** Mouse movement (LeftButton) ***  Mouse coords: (865, 518) (44770, 30027)
2022-10-14 13:13:17.023 *** Mouse movement (LeftButton) ***  Mouse coords: (717, 604) (39686, 32961)
2022-10-14 13:13:17.120 *** Mouse movement (LeftButton) ***  Mouse coords: (716, 604) (39652, 32961)
2022-10-14 13:13:17.156 *** Mouse movement (LeftButton) ***  Mouse coords: (756, 575) (41051, 31971)
2022-10-14 13:13:17.183 *** Mouse movement (LeftButton) ***  Mouse coords: (815, 540) (41699, 31767)
2022-10-14 13:13:17.229 *** Mouse movement (LeftButton) ***  Mouse coords: (841, 531) (40573, 32654)
2022-10-14 13:13:17.254 *** Mouse movement (LeftButton) ***  Mouse coords: (853, 528) (40095, 32859)
2022-10-14 13:13:17.282 *** Mouse movement (LeftButton) ***  Mouse coords: (854, 528) (39720, 32961)
2022-10-14 13:13:17.306 *** Mouse movement (LeftButton) ***  Mouse coords: (854, 527) (39686, 32927)
2022-10-14 13:13:17.332 *** Mouse movement (LeftButton) ***  Mouse coords: (855, 525) (39721, 32893)
2022-10-14 13:13:18.207 *** Process image overlay spent 0.00 seconds.
2022-10-14 13:13:18.259 *** Get cell color spent 0.05 seconds.
2022-10-14 13:13:19.272 *** Process image overlay spent 0.00 seconds.
2022-10-14 13:13:19.310 *** Get cell color spent 0.04 seconds.
2022-10-14 13:13:19.580 *** Process image overlay spent 0.00 seconds.
2022-10-14 13:13:19.592 *** Get cell color spent 0.01 seconds.
2022-10-14 13:13:21.772 *** Process image overlay spent 0.00 seconds.
2022-10-14 13:13:21.780 *** Get cell color spent 0.01 seconds.
2022-10-14 13:13:22.106 *** Process image overlay spent 0.00 seconds.
2022-10-14 13:13:22.114 *** Get cell color spent 0.01 seconds.
2022-10-14 13:13:23.524 *** Mouse movement (LeftButton) ***  Mouse coords: (513, 495) (38319, 32815)
2022-10-14 13:13:23.596 *** Mouse movement (LeftButton) ***  Mouse coords: (514, 495) (38322, 32815)
2022-10-14 13:13:23.628 *** Mouse movement (LeftButton) ***  Mouse coords: (529, 495) (38377, 32815)
2022-10-14 13:13:23.651 *** Mouse movement (LeftButton) ***  Mouse coords: (540, 495) (38361, 32815)
2022-10-14 13:13:23.677 *** Mouse movement (LeftButton) ***  Mouse coords: (569, 495) (38430, 32815)
2022-10-14 13:13:23.699 *** Mouse movement (LeftButton) ***  Mouse coords: (609, 495) (38472, 32815)
2022-10-14 13:13:23.724 *** Mouse movement (LeftButton) ***  Mouse coords: (650, 495) (38476, 32815)
2022-10-14 13:13:23.747 *** Mouse movement (LeftButton) ***  Mouse coords: (681, 501) (38438, 32838)
2022-10-14 13:13:23.770 *** Mouse movement (LeftButton) ***  Mouse coords: (691, 505) (38357, 32830)
2022-10-14 13:13:23.797 *** Mouse movement (LeftButton) ***  Mouse coords: (698, 507) (38346, 32823)
2022-10-14 13:13:23.820 *** Mouse movement (LeftButton) ***  Mouse coords: (698, 507) (38319, 32815)
2022-10-14 13:13:23.893 *** Process image overlay spent 0.00 seconds.
2022-10-14 13:13:23.900 *** Get cell color spent 0.01 seconds.
2022-10-14 13:13:24.954 *** Mouse movement (LeftButton) ***  Mouse coords: (412, 700) (37224, 33554)
2022-10-14 13:13:25.003 *** Mouse movement (LeftButton) ***  Mouse coords: (454, 641) (37385, 33332)
2022-10-14 13:13:25.034 *** Mouse movement (LeftButton) ***  Mouse coords: (498, 586) (37392, 33347)
2022-10-14 13:13:25.061 *** Mouse movement (LeftButton) ***  Mouse coords: (504, 578) (37247, 33527)
2022-10-14 13:13:25.084 *** Mouse movement (LeftButton) ***  Mouse coords: (522, 556) (37293, 33474)
2022-10-14 13:13:25.110 *** Mouse movement (LeftButton) ***  Mouse coords: (524, 554) (37232, 33551)
2022-10-14 13:13:25.171 *** Mouse movement (LeftButton) ***  Mouse coords: (524, 554) (37224, 33558)
2022-10-14 13:13:25.194 *** Mouse movement (LeftButton) ***  Mouse coords: (524, 554) (37224, 33558)
2022-10-14 13:13:25.219 *** Mouse movement (LeftButton) ***  Mouse coords: (524, 554) (37224, 33558)
2022-10-14 13:13:25.240 *** Mouse movement (LeftButton) ***  Mouse coords: (524, 553) (37224, 33554)
2022-10-14 13:13:25.331 *** Process image overlay spent 0.00 seconds.
2022-10-14 13:13:25.339 *** Get cell color spent 0.01 seconds.
2022-10-14 13:13:26.275 *** Process image overlay spent 0.00 seconds.
2022-10-14 13:13:26.279 *** Get cell color spent 0.00 seconds.
2022-10-14 13:13:26.611 *** Process image overlay spent 0.00 seconds.
2022-10-14 13:13:26.614 *** Get cell color spent 0.00 seconds.
2022-10-14 13:13:35.072 *** Mouse movement (LeftButton) ***  Mouse coords: (454, 404) (37086, 33356)
2022-10-14 13:13:35.122 *** Mouse movement (LeftButton) ***  Mouse coords: (484, 437) (37152, 33429)
2022-10-14 13:13:35.149 *** Mouse movement (LeftButton) ***  Mouse coords: (501, 460) (37190, 33480)
2022-10-14 13:13:35.172 *** Mouse movement (LeftButton) ***  Mouse coords: (507, 470) (37203, 33502)
2022-10-14 13:13:35.195 *** Mouse movement (LeftButton) ***  Mouse coords: (508, 473) (37205, 33508)
2022-10-14 13:13:35.217 *** Mouse movement (LeftButton) ***  Mouse coords: (508, 473) (37205, 33508)
2022-10-14 13:13:35.237 *** Mouse movement (LeftButton) ***  Mouse coords: (508, 474) (37205, 33510)
2022-10-14 13:13:35.259 *** Mouse movement (LeftButton) ***  Mouse coords: (508, 474) (37205, 33510)
2022-10-14 13:13:35.280 *** Mouse movement (LeftButton) ***  Mouse coords: (509, 475) (37207, 33513)
2022-10-14 13:13:35.301 *** Mouse movement (LeftButton) ***  Mouse coords: (510, 478) (37209, 33519)
2022-10-14 13:13:35.324 *** Mouse movement (LeftButton) ***  Mouse coords: (512, 480) (37214, 33524)
2022-10-14 13:13:35.347 *** Mouse movement (LeftButton) ***  Mouse coords: (513, 481) (37216, 33526)
2022-10-14 13:13:35.369 *** Mouse movement (LeftButton) ***  Mouse coords: (513, 481) (37216, 33526)
2022-10-14 13:13:35.390 *** Mouse movement (LeftButton) ***  Mouse coords: (516, 481) (37222, 33526)
2022-10-14 13:13:35.412 *** Mouse movement (LeftButton) ***  Mouse coords: (521, 481) (37233, 33526)
2022-10-14 13:13:35.435 *** Mouse movement (LeftButton) ***  Mouse coords: (526, 481) (37244, 33526)
2022-10-14 13:13:35.458 *** Mouse movement (LeftButton) ***  Mouse coords: (531, 481) (37255, 33526)
2022-10-14 13:13:35.481 *** Mouse movement (LeftButton) ***  Mouse coords: (533, 482) (37260, 33528)
2022-10-14 13:13:35.503 *** Mouse movement (LeftButton) ***  Mouse coords: (535, 482) (37264, 33528)
2022-10-14 13:13:35.525 *** Mouse movement (LeftButton) ***  Mouse coords: (535, 482) (37264, 33528)
2022-10-14 13:13:35.546 *** Mouse movement (LeftButton) ***  Mouse coords: (536, 482) (37266, 33528)
2022-10-14 13:13:35.568 *** Mouse movement (LeftButton) ***  Mouse coords: (536, 482) (37266, 33528)
2022-10-14 13:13:37.857 *** Interactive label *** Apply to case start.
2022-10-14 13:13:41.084 *** Interactive label *** Apply to case done.
2022-10-14 13:13:42.158 *** Interactive label *** Apply to case finish overlay create.
2022-10-14 13:13:42.162 *** Process image overlay spent 0.00 seconds.
2022-10-14 13:13:42.165 *** Get cell color spent 0.00 seconds.
2022-10-14 13:13:44.014 *** Process image overlay spent 0.00 seconds.
2022-10-14 13:13:44.023 *** Get cell color spent 0.01 seconds.
2022-10-14 13:13:47.164 *** Process image overlay spent 0.00 seconds.
2022-10-14 13:13:47.166 *** Get cell color spent 0.00 seconds.
2022-10-14 13:13:48.239 *** Mouse movement (LeftButton) ***  Mouse coords: (170, -21) (36620, 32629)
2022-10-14 13:13:51.765 *** Mouse movement (LeftButton) ***  Mouse coords: (541, 523) (37126, 33371)
2022-10-14 13:13:52.349 *** Mouse movement (LeftButton) ***  Mouse coords: (536, 589) (37119, 33461)
2022-10-14 13:13:55.197 *** Interactive label *** Apply to case start.
2022-10-14 13:13:58.392 *** Interactive label *** Apply to case done.
2022-10-14 13:13:59.599 *** Interactive label *** Apply to case finish overlay create.
2022-10-14 13:13:59.602 *** Process image overlay spent 0.00 seconds.
2022-10-14 13:13:59.604 *** Get cell color spent 0.00 seconds.
2022-10-14 13:14:00.819 *** Process image overlay spent 0.00 seconds.
2022-10-14 13:14:00.824 *** Get cell color spent 0.00 seconds.
2022-10-14 13:14:06.218 *** Process image overlay spent 0.00 seconds.
2022-10-14 13:14:06.241 *** Get cell color spent 0.02 seconds.
2022-10-14 13:14:07.309 *** Process image overlay spent 0.00 seconds.
2022-10-14 13:14:07.388 *** Get cell color spent 0.08 seconds.
2022-10-14 13:14:14.578 *** starting thread (client mode): 0xc9bdae20
2022-10-14 13:14:14.579 *** Local version/idstring: SSH-2.0-paramiko_2.11.0
2022-10-14 13:14:14.602 *** Remote version/idstring: SSH-2.0-OpenSSH_5.3
2022-10-14 13:14:14.602 *** Connected (version 2.0, client OpenSSH_5.3)
2022-10-14 13:14:14.712 *** === Key exchange possibilities ===
2022-10-14 13:14:14.712 *** kex algos: diffie-hellman-group-exchange-sha256, diffie-hellman-group-exchange-sha1, diffie-hellman-group14-sha1, diffie-hellman-group1-sha1
2022-10-14 13:14:14.712 *** server key: ssh-rsa, ssh-rsa-cert-v01@openssh.com, ssh-dss
2022-10-14 13:14:14.713 *** client encrypt: aes128-ctr, aes192-ctr, aes256-ctr, arcfour256, arcfour128, aes128-cbc, 3des-cbc, blowfish-cbc, cast128-cbc, aes192-cbc, aes256-cbc, arcfour, rijndael-cbc@lysator.liu.se
2022-10-14 13:14:14.713 *** server encrypt: aes128-ctr, aes192-ctr, aes256-ctr, arcfour256, arcfour128, aes128-cbc, 3des-cbc, blowfish-cbc, cast128-cbc, aes192-cbc, aes256-cbc, arcfour, rijndael-cbc@lysator.liu.se
2022-10-14 13:14:14.713 *** client mac: hmac-md5, hmac-sha1, umac-64@openssh.com, hmac-sha2-256, hmac-sha2-512, hmac-ripemd160, hmac-ripemd160@openssh.com, hmac-sha1-96, hmac-md5-96
2022-10-14 13:14:14.713 *** server mac: hmac-md5, hmac-sha1, umac-64@openssh.com, hmac-sha2-256, hmac-sha2-512, hmac-ripemd160, hmac-ripemd160@openssh.com, hmac-sha1-96, hmac-md5-96
2022-10-14 13:14:14.713 *** client compress: none, zlib@openssh.com
2022-10-14 13:14:14.713 *** server compress: none, zlib@openssh.com
2022-10-14 13:14:14.713 *** client lang: <none>
2022-10-14 13:14:14.714 *** server lang: <none>
2022-10-14 13:14:14.714 *** kex follows: False
2022-10-14 13:14:14.714 *** === Key exchange agreements ===
2022-10-14 13:14:14.714 *** Kex: diffie-hellman-group-exchange-sha256
2022-10-14 13:14:14.714 *** HostKey: ssh-rsa
2022-10-14 13:14:14.714 *** Cipher: aes128-ctr
2022-10-14 13:14:14.715 *** MAC: hmac-sha2-256
2022-10-14 13:14:14.715 *** Compression: none
2022-10-14 13:14:14.715 *** === End of kex handshake ===
2022-10-14 13:14:14.736 *** Got server p (2048 bits)
2022-10-14 13:14:14.843 *** kex engine KexGexSHA256 specified hash_algo <built-in function openssl_sha256>
2022-10-14 13:14:14.844 *** Switch to new keys ...
2022-10-14 13:14:14.844 *** Adding ssh-rsa host key for 173.201.181.247: b'cca345f774a2d98448d0bcc78f04075d'
2022-10-14 13:14:14.944 *** userauth is OK
2022-10-14 13:14:14.968 *** Authentication (password) successful!
2022-10-14 13:14:14.969 *** [chan 0] Max packet in: 32768 bytes
2022-10-14 13:14:14.988 *** [chan 0] Max packet out: 32768 bytes
2022-10-14 13:14:14.988 *** Secsh channel 0 opened.
2022-10-14 13:14:15.009 *** [chan 0] Sesch channel 0 request ok
2022-10-14 13:14:15.054 *** [chan 0] Opened sftp connection (server version 3)
2022-10-14 13:14:15.054 *** [chan 0] stat(b'/home/b6o162rzivzp/NucFinder_DB/857CA2D6D34F00F5/interactive_nuclei_dict.pickle')
2022-10-14 13:14:15.080 *** [chan 0] stat(b'/home/b6o162rzivzp/NucFinder_DB/857CA2D6D34F00F5/model.pickle')
2022-10-14 13:14:15.099 *** [chan 0] open(b'/home/b6o162rzivzp/NucFinder_DB/857CA2D6D34F00F5/model.pickle', 'rb')
2022-10-14 13:14:15.119 *** [chan 0] open(b'/home/b6o162rzivzp/NucFinder_DB/857CA2D6D34F00F5/model.pickle', 'rb') -> 00000000
2022-10-14 13:14:17.485 *** [chan 0] close(00000000)
2022-10-14 13:14:17.565 *** Interactive label *** Apply to case start.
2022-10-14 13:14:24.647 *** Interactive label *** Apply to case done.
2022-10-14 13:14:24.981 *** Interactive label *** Apply to case finish overlay create.
2022-10-14 13:14:24.983 *** Process image overlay spent 0.00 seconds.
2022-10-14 13:14:25.061 *** Get cell color spent 0.08 seconds.
2022-10-14 13:14:29.870 *** Open processed data
2022-10-14 13:14:29.871 *** Preload all statistics at once.
2022-10-14 13:14:31.214 *** Nuclei stat data loaded, took 1.34 seconds. Total number of nuclei: 169921
2022-10-14 13:14:31.771 *** Interactive label *** Apply to case start.
2022-10-14 13:14:32.500 *** Interactive label *** Apply to case done.
2022-10-14 13:14:32.562 *** Interactive label *** Apply to case finish overlay create.
2022-10-14 13:14:32.563 *** Process image overlay spent 0.00 seconds.
2022-10-14 13:14:32.564 *** Get cell color spent 0.00 seconds.
2022-10-14 13:14:33.880 *** Mouse movement (LeftButton) ***  Mouse coords: (1097, 113) (18752, 23489)
2022-10-14 13:14:33.924 *** Mouse movement (LeftButton) ***  Mouse coords: (1066, 142) (15816, 26236)
2022-10-14 13:14:33.952 *** Mouse movement (LeftButton) ***  Mouse coords: (1001, 211) (12596, 30024)
2022-10-14 13:14:33.976 *** Mouse movement (LeftButton) ***  Mouse coords: (976, 239) (16384, 26140)
2022-10-14 13:14:34.001 *** Mouse movement (LeftButton) ***  Mouse coords: (916, 307) (13070, 29930)
2022-10-14 13:14:34.024 *** Mouse movement (LeftButton) ***  Mouse coords: (833, 403) (10891, 32580)
2022-10-14 13:14:34.064 *** Mouse movement (LeftButton) ***  Mouse coords: (778, 475) (13543, 30308)
2022-10-14 13:14:34.111 *** Mouse movement (LeftButton) ***  Mouse coords: (714, 549) (12691, 30498)
2022-10-14 13:14:34.133 *** Mouse movement (LeftButton) ***  Mouse coords: (697, 566) (17142, 25099)
2022-10-14 13:14:34.157 *** Mouse movement (LeftButton) ***  Mouse coords: (691, 571) (18184, 23962)
2022-10-14 13:14:34.183 *** Mouse movement (LeftButton) ***  Mouse coords: (686, 576) (18278, 23963)
2022-10-14 13:14:34.229 *** Mouse movement (LeftButton) ***  Mouse coords: (684, 579) (18563, 23773)
2022-10-14 13:14:34.283 *** Mouse movement (LeftButton) ***  Mouse coords: (680, 582) (18373, 23773)
2022-10-14 13:14:35.134 *** Mouse movement (LeftButton) ***  Mouse coords: (576, 487) (8903, 14492)
2022-10-14 13:14:35.188 *** Mouse movement (LeftButton) ***  Mouse coords: (576, 486) (8903, 14397)
2022-10-14 13:14:35.216 *** Mouse movement (LeftButton) ***  Mouse coords: (559, 486) (7293, 14492)
2022-10-14 13:14:35.242 *** Mouse movement (LeftButton) ***  Mouse coords: (533, 488) (6440, 14681)
2022-10-14 13:14:35.266 *** Mouse movement (LeftButton) ***  Mouse coords: (509, 492) (6630, 14871)
2022-10-14 13:14:35.291 *** Mouse movement (LeftButton) ***  Mouse coords: (496, 492) (7672, 14492)
2022-10-14 13:14:35.317 *** Mouse movement (LeftButton) ***  Mouse coords: (489, 492) (8240, 14492)
2022-10-14 13:14:35.387 *** Mouse movement (LeftButton) ***  Mouse coords: (485, 492) (8524, 14492)
2022-10-14 13:14:39.758 *** Mouse movement (LeftButton) ***  Mouse coords: (603, 402) (20079, 5969)
2022-10-14 13:14:39.887 *** Mouse movement (LeftButton) ***  Mouse coords: (604, 401) (19983, 5968)
2022-10-14 13:14:39.919 *** Mouse movement (LeftButton) ***  Mouse coords: (601, 401) (19605, 6063)
2022-10-14 13:14:39.960 *** Mouse movement (LeftButton) ***  Mouse coords: (599, 401) (19700, 6063)
2022-10-14 13:14:40.011 *** Mouse movement (LeftButton) ***  Mouse coords: (598, 402) (19794, 6158)
2022-10-14 13:14:40.039 *** Mouse movement (LeftButton) ***  Mouse coords: (597, 406) (19794, 6441)
2022-10-14 13:14:40.061 *** Mouse movement (LeftButton) ***  Mouse coords: (597, 407) (19889, 6158)
2022-10-14 13:14:40.084 *** Mouse movement (LeftButton) ***  Mouse coords: (598, 408) (19984, 6158)
2022-10-14 13:14:40.107 *** Mouse movement (LeftButton) ***  Mouse coords: (598, 408) (19889, 6063)
2022-10-14 13:14:40.583 *** Keyboard input *** key pressed: key: 90; text: "z"
2022-10-14 13:14:40.952 *** Keyboard input *** key pressed: key: 90; text: "z"
2022-10-14 13:14:41.383 *** Keyboard input *** key pressed: key: 90; text: "z"
2022-10-14 13:14:41.652 *** Keyboard input *** key pressed: key: 90; text: "z"
2022-10-14 13:14:41.872 *** Keyboard input *** key pressed: key: 90; text: "z"
2022-10-14 13:14:42.071 *** Keyboard input *** key pressed: key: 90; text: "z"
2022-10-14 13:14:42.276 *** Keyboard input *** key pressed: key: 90; text: "z"
2022-10-14 13:14:42.486 *** Keyboard input *** key pressed: key: 90; text: "z"
2022-10-14 13:14:42.687 *** Keyboard input *** key pressed: key: 90; text: "z"
2022-10-14 13:14:42.902 *** Keyboard input *** key pressed: key: 90; text: "z"
2022-10-14 13:14:43.129 *** Keyboard input *** key pressed: key: 90; text: "z"
2022-10-14 13:14:43.390 *** Keyboard input *** key pressed: key: 90; text: "z"
2022-10-14 13:14:44.521 *** Keyboard input *** key pressed: key: 90; text: "z"
2022-10-14 13:14:44.724 *** Keyboard input *** key pressed: key: 90; text: "z"
2022-10-14 13:14:44.927 *** Keyboard input *** key pressed: key: 90; text: "z"
2022-10-14 13:14:45.107 *** Keyboard input *** key pressed: key: 90; text: "z"
2022-10-14 13:14:45.267 *** Keyboard input *** key pressed: key: 90; text: "z"
2022-10-14 13:14:46.063 *** Keyboard input *** key pressed: key: 90; text: "z"
2022-10-14 13:14:47.103 *** Process image overlay spent 0.00 seconds.
2022-10-14 13:14:47.124 *** Get cell color spent 0.02 seconds.
2022-10-14 13:14:47.501 *** Process image overlay spent 0.00 seconds.
2022-10-14 13:14:47.503 *** Get cell color spent 0.00 seconds.
2022-10-14 13:14:47.771 *** Mouse movement (LeftButton) ***  Mouse coords: (248, 377) (13015, 7491)
2022-10-14 13:14:47.808 *** Mouse movement (LeftButton) ***  Mouse coords: (386, 377) (13844, 7491)
2022-10-14 13:14:47.841 *** Mouse movement (LeftButton) ***  Mouse coords: (666, 377) (14703, 7491)
2022-10-14 13:14:47.876 *** Mouse movement (LeftButton) ***  Mouse coords: (1149, 377) (15932, 7491)
2022-10-14 13:14:47.901 *** Mouse movement (LeftButton) ***  Mouse coords: (1253, 377) (13638, 7491)
2022-10-14 13:14:47.931 *** Mouse movement (LeftButton) ***  Mouse coords: (1329, 377) (13469, 7491)
2022-10-14 13:14:47.959 *** Mouse movement (LeftButton) ***  Mouse coords: (1418, 377) (13548, 7491)
2022-10-14 13:14:47.981 *** Mouse movement (LeftButton) ***  Mouse coords: (1421, 378) (13027, 7497)
2022-10-14 13:14:48.003 *** Mouse movement (LeftButton) ***  Mouse coords: (1422, 378) (13015, 7491)
2022-10-14 13:14:48.137 *** Process image overlay spent 0.00 seconds.
2022-10-14 13:14:48.154 *** Get cell color spent 0.02 seconds.
2022-10-14 13:14:48.472 *** Mouse movement (LeftButton) ***  Mouse coords: (571, 260) (7859, 6777)
2022-10-14 13:14:48.597 *** Mouse movement (LeftButton) ***  Mouse coords: (571, 260) (7859, 6777)
2022-10-14 13:14:48.633 *** Mouse movement (LeftButton) ***  Mouse coords: (628, 268) (8204, 6826)
2022-10-14 13:14:48.658 *** Mouse movement (LeftButton) ***  Mouse coords: (737, 298) (8519, 6958)
2022-10-14 13:14:48.680 *** Mouse movement (LeftButton) ***  Mouse coords: (832, 321) (8434, 6916)
2022-10-14 13:14:48.702 *** Mouse movement (LeftButton) ***  Mouse coords: (882, 332) (8161, 6844)
2022-10-14 13:14:48.724 *** Mouse movement (LeftButton) ***  Mouse coords: (897, 334) (7950, 6789)
2022-10-14 13:14:48.755 *** Mouse movement (LeftButton) ***  Mouse coords: (931, 341) (8065, 6819)
2022-10-14 13:14:48.776 *** Mouse movement (LeftButton) ***  Mouse coords: (974, 355) (8119, 6862)
2022-10-14 13:14:48.799 *** Mouse movement (LeftButton) ***  Mouse coords: (1003, 370) (8035, 6868)
2022-10-14 13:14:48.822 *** Mouse movement (LeftButton) ***  Mouse coords: (1022, 380) (7973, 6837)
2022-10-14 13:14:48.844 *** Mouse movement (LeftButton) ***  Mouse coords: (1034, 386) (7932, 6814)
2022-10-14 13:14:48.879 *** Mouse movement (LeftButton) ***  Mouse coords: (1038, 387) (7883, 6783)
2022-10-14 13:14:48.907 *** Mouse movement (LeftButton) ***  Mouse coords: (1041, 388) (7877, 6783)
2022-10-14 13:14:49.063 *** Process image overlay spent 0.00 seconds.
2022-10-14 13:14:49.079 *** Get cell color spent 0.02 seconds.
2022-10-14 13:14:49.842 *** Process image overlay spent 0.00 seconds.
2022-10-14 13:14:49.850 *** Get cell color spent 0.01 seconds.
2022-10-14 13:14:50.177 *** Process image overlay spent 0.00 seconds.
2022-10-14 13:14:50.183 *** Get cell color spent 0.01 seconds.
2022-10-14 13:14:51.065 *** Process image overlay spent 0.00 seconds.
2022-10-14 13:14:51.067 *** Get cell color spent 0.00 seconds.
2022-10-14 13:14:51.416 *** Mouse movement (LeftButton) ***  Mouse coords: (734, 249) (4330, 7162)
2022-10-14 13:14:51.487 *** Mouse movement (LeftButton) ***  Mouse coords: (734, 250) (4330, 7163)
2022-10-14 13:14:51.526 *** Mouse movement (LeftButton) ***  Mouse coords: (734, 264) (4330, 7180)
2022-10-14 13:14:51.556 *** Mouse movement (LeftButton) ***  Mouse coords: (739, 279) (4337, 7181)
2022-10-14 13:14:51.584 *** Mouse movement (LeftButton) ***  Mouse coords: (740, 281) (4331, 7164)
2022-10-14 13:14:51.606 *** Mouse movement (LeftButton) ***  Mouse coords: (742, 287) (4333, 7170)
2022-10-14 13:14:51.631 *** Mouse movement (LeftButton) ***  Mouse coords: (743, 288) (4331, 7163)
2022-10-14 13:14:51.661 *** Mouse movement (LeftButton) ***  Mouse coords: (744, 289) (4331, 7163)
2022-10-14 13:14:51.689 *** Mouse movement (LeftButton) ***  Mouse coords: (745, 289) (4331, 7162)
2022-10-14 13:14:51.776 *** Process image overlay spent 0.00 seconds.
2022-10-14 13:14:51.778 *** Get cell color spent 0.00 seconds.
2022-10-14 13:14:51.959 *** Keyboard input *** key pressed: key: 90; text: "z"
2022-10-14 13:14:52.405 *** Keyboard input *** key pressed: key: 90; text: "z"
2022-10-14 13:14:52.408 *** Process image overlay spent 0.00 seconds.
2022-10-14 13:14:52.413 *** Get cell color spent 0.00 seconds.
2022-10-14 13:14:52.786 *** Keyboard input *** key pressed: key: 90; text: "z"
2022-10-14 13:14:54.826 *** Keyboard input *** key pressed: key: 90; text: "z"
2022-10-14 13:14:54.829 *** Process image overlay spent 0.00 seconds.
2022-10-14 13:14:54.831 *** Get cell color spent 0.00 seconds.
2022-10-14 13:14:55.555 *** Keyboard input *** key pressed: key: 90; text: "z"
2022-10-14 13:14:56.413 *** Keyboard input *** key pressed: key: 90; text: "z"
2022-10-14 13:14:56.415 *** Process image overlay spent 0.00 seconds.
2022-10-14 13:14:56.416 *** Get cell color spent 0.00 seconds.
2022-10-14 13:14:57.271 *** Keyboard input *** key pressed: key: 90; text: "z"
2022-10-14 13:14:58.336 *** Keyboard input *** key pressed: key: 90; text: "z"
2022-10-14 13:14:58.338 *** Process image overlay spent 0.00 seconds.
2022-10-14 13:14:58.341 *** Get cell color spent 0.00 seconds.
2022-10-14 13:14:59.104 *** Keyboard input *** key pressed: key: 90; text: "z"
2022-10-14 13:14:59.526 *** Keyboard input *** key pressed: key: 90; text: "z"
2022-10-14 13:14:59.529 *** Process image overlay spent 0.00 seconds.
2022-10-14 13:14:59.531 *** Get cell color spent 0.00 seconds.
2022-10-14 13:15:00.066 *** Keyboard input *** key pressed: key: 90; text: "z"
2022-10-14 13:15:00.738 *** Keyboard input *** key pressed: key: 90; text: "z"
2022-10-14 13:15:00.740 *** Process image overlay spent 0.00 seconds.
2022-10-14 13:15:00.743 *** Get cell color spent 0.00 seconds.
2022-10-14 13:15:02.151 *** Mouse movement (LeftButton) ***  Mouse coords: (521, 368) (4263, 7208)
2022-10-14 13:15:02.193 *** Process image overlay spent 0.00 seconds.
2022-10-14 13:15:02.194 *** Get cell color spent 0.00 seconds.
2022-10-14 13:15:02.208 *** Process image overlay spent 0.00 seconds.
2022-10-14 13:15:02.209 *** Get cell color spent 0.00 seconds.
2022-10-14 13:15:02.239 *** Mouse movement (LeftButton) ***  Mouse coords: (555, 362) (4275, 7206)
2022-10-14 13:15:02.241 *** Process image overlay spent 0.00 seconds.
2022-10-14 13:15:02.242 *** Get cell color spent 0.00 seconds.
2022-10-14 13:15:02.273 *** Process image overlay spent 0.00 seconds.
2022-10-14 13:15:02.274 *** Get cell color spent 0.00 seconds.
2022-10-14 13:15:02.298 *** Mouse movement (LeftButton) ***  Mouse coords: (668, 332) (4300, 7199)
2022-10-14 13:15:02.301 *** Process image overlay spent 0.00 seconds.
2022-10-14 13:15:02.302 *** Get cell color spent 0.00 seconds.
2022-10-14 13:15:02.333 *** Process image overlay spent 0.00 seconds.
2022-10-14 13:15:02.334 *** Get cell color spent 0.00 seconds.
2022-10-14 13:15:02.338 *** Mouse movement (LeftButton) ***  Mouse coords: (880, 315) (4332, 7202)
2022-10-14 13:15:02.360 *** Process image overlay spent 0.00 seconds.
2022-10-14 13:15:02.361 *** Get cell color spent 0.00 seconds.
2022-10-14 13:15:02.392 *** Process image overlay spent 0.00 seconds.
2022-10-14 13:15:02.393 *** Get cell color spent 0.00 seconds.
2022-10-14 13:15:02.396 *** Mouse movement (LeftButton) ***  Mouse coords: (958, 315) (4289, 7208)
2022-10-14 13:15:02.417 *** Process image overlay spent 0.00 seconds.
2022-10-14 13:15:02.418 *** Get cell color spent 0.00 seconds.
2022-10-14 13:15:02.450 *** Process image overlay spent 0.00 seconds.
2022-10-14 13:15:02.451 *** Get cell color spent 0.00 seconds.
2022-10-14 13:15:02.455 *** Mouse movement (LeftButton) ***  Mouse coords: (960, 315) (4265, 7208)
2022-10-14 13:15:02.475 *** Process image overlay spent 0.00 seconds.
2022-10-14 13:15:02.476 *** Get cell color spent 0.00 seconds.
2022-10-14 13:15:02.507 *** Process image overlay spent 0.00 seconds.
2022-10-14 13:15:02.508 *** Get cell color spent 0.00 seconds.
2022-10-14 13:15:02.512 *** Mouse movement (LeftButton) ***  Mouse coords: (959, 315) (4264, 7208)
2022-10-14 13:15:02.533 *** Process image overlay spent 0.00 seconds.
2022-10-14 13:15:02.534 *** Get cell color spent 0.00 seconds.
2022-10-14 13:15:03.274 *** Keyboard input *** key pressed: key: 90; text: "z"
2022-10-14 13:15:03.656 *** Keyboard input *** key pressed: key: 90; text: "z"
2022-10-14 13:15:03.659 *** Process image overlay spent 0.00 seconds.
2022-10-14 13:15:03.662 *** Get cell color spent 0.00 seconds.
2022-10-14 13:15:03.981 *** Keyboard input *** key pressed: key: 90; text: "z"
2022-10-14 13:15:14.224 *** Mouse movement (LeftButton) ***  Mouse coords: (905, 608) (2451, 6897)
2022-10-14 13:15:14.321 *** Mouse movement (LeftButton) ***  Mouse coords: (905, 608) (2451, 6897)
2022-10-14 13:15:14.356 *** Mouse movement (LeftButton) ***  Mouse coords: (862, 597) (2342, 6869)
2022-10-14 13:15:14.381 *** Mouse movement (LeftButton) ***  Mouse coords: (748, 521) (2162, 6704)
2022-10-14 13:15:14.424 *** Mouse movement (LeftButton) ***  Mouse coords: (626, 421) (2142, 6643)
2022-10-14 13:15:14.448 *** Mouse movement (LeftButton) ***  Mouse coords: (585, 387) (2347, 6811)
2022-10-14 13:15:14.474 *** Mouse movement (LeftButton) ***  Mouse coords: (556, 362) (2377, 6834)
2022-10-14 13:15:14.498 *** Mouse movement (LeftButton) ***  Mouse coords: (548, 355) (2431, 6879)
2022-10-14 13:15:14.523 *** Mouse movement (LeftButton) ***  Mouse coords: (548, 355) (2451, 6897)
2022-10-14 13:15:16.599 *** Mouse movement (LeftButton) ***  Mouse coords: (887, 483) (-2679, 4988)
2022-10-14 13:15:16.663 *** Mouse movement (LeftButton) ***  Mouse coords: (887, 483) (-2679, 4988)
2022-10-14 13:15:16.703 *** Mouse movement (LeftButton) ***  Mouse coords: (844, 476) (-2946, 4945)
2022-10-14 13:15:16.732 *** Mouse movement (LeftButton) ***  Mouse coords: (721, 435) (-3441, 4734)
2022-10-14 13:15:16.763 *** Mouse movement (LeftButton) ***  Mouse coords: (665, 418) (-3026, 4882)
2022-10-14 13:15:16.801 *** Mouse movement (LeftButton) ***  Mouse coords: (455, 367) (-3980, 4672)
2022-10-14 13:15:16.845 *** Mouse movement (LeftButton) ***  Mouse coords: (408, 349) (-2970, 4877)
2022-10-14 13:15:16.872 *** Mouse movement (LeftButton) ***  Mouse coords: (408, 348) (-2679, 4982)
2022-10-14 13:15:17.426 *** Mouse movement (LeftButton) ***  Mouse coords: (928, 555) (542, 6270)
2022-10-14 13:15:17.529 *** Mouse movement (LeftButton) ***  Mouse coords: (928, 555) (542, 6270)
2022-10-14 13:15:17.566 *** Mouse movement (LeftButton) ***  Mouse coords: (864, 531) (145, 6122)
2022-10-14 13:15:17.594 *** Mouse movement (LeftButton) ***  Mouse coords: (726, 456) (-312, 5805)
2022-10-14 13:15:17.617 *** Mouse movement (LeftButton) ***  Mouse coords: (683, 433) (275, 6127)
2022-10-14 13:15:17.650 *** Mouse movement (LeftButton) ***  Mouse coords: (620, 405) (150, 6097)
2022-10-14 13:15:17.681 *** Mouse movement (LeftButton) ***  Mouse coords: (492, 352) (-251, 5941)
2022-10-14 13:15:17.711 *** Mouse movement (LeftButton) ***  Mouse coords: (488, 350) (515, 6258)
2022-10-14 13:15:17.734 *** Mouse movement (LeftButton) ***  Mouse coords: (475, 342) (460, 6220)
2022-10-14 13:15:17.761 *** Mouse movement (LeftButton) ***  Mouse coords: (473, 341) (527, 6264)
2022-10-14 13:15:18.125 *** Mouse movement (LeftButton) ***  Mouse coords: (822, 536) (2703, 7479)
2022-10-14 13:15:18.246 *** Mouse movement (LeftButton) ***  Mouse coords: (822, 536) (2703, 7479)
2022-10-14 13:15:18.281 *** Mouse movement (LeftButton) ***  Mouse coords: (810, 534) (2629, 7466)
2022-10-14 13:15:18.306 *** Mouse movement (LeftButton) ***  Mouse coords: (793, 527) (2597, 7436)
2022-10-14 13:15:18.327 *** Mouse movement (LeftButton) ***  Mouse coords: (781, 522) (2629, 7448)
2022-10-14 13:15:18.353 *** Mouse movement (LeftButton) ***  Mouse coords: (736, 501) (2424, 7349)
2022-10-14 13:15:18.379 *** Mouse movement (LeftButton) ***  Mouse coords: (687, 479) (2400, 7342)
2022-10-14 13:15:18.401 *** Mouse movement (LeftButton) ***  Mouse coords: (653, 461) (2492, 7368)
2022-10-14 13:15:18.425 *** Mouse movement (LeftButton) ***  Mouse coords: (641, 455) (2628, 7442)
2022-10-14 13:15:18.449 *** Mouse movement (LeftButton) ***  Mouse coords: (629, 447) (2629, 7429)
2022-10-14 13:15:18.480 *** Mouse movement (LeftButton) ***  Mouse coords: (626, 444) (2685, 7460)
2022-10-14 13:15:18.503 *** Mouse movement (LeftButton) ***  Mouse coords: (622, 442) (2678, 7467)
2022-10-14 13:15:18.525 *** Mouse movement (LeftButton) ***  Mouse coords: (619, 441) (2684, 7473)
2022-10-14 13:15:18.916 *** Mouse movement (LeftButton) ***  Mouse coords: (840, 524) (4073, 7993)
2022-10-14 13:15:18.979 *** Mouse movement (LeftButton) ***  Mouse coords: (840, 524) (4073, 7993)
2022-10-14 13:15:19.019 *** Mouse movement (LeftButton) ***  Mouse coords: (785, 521) (3732, 7975)
2022-10-14 13:15:19.049 *** Mouse movement (LeftButton) ***  Mouse coords: (672, 501) (3373, 7869)
2022-10-14 13:15:19.070 *** Mouse movement (LeftButton) ***  Mouse coords: (624, 492) (3775, 7937)
2022-10-14 13:15:19.091 *** Mouse movement (LeftButton) ***  Mouse coords: (561, 479) (3683, 7912)
2022-10-14 13:15:19.120 *** Mouse movement (LeftButton) ***  Mouse coords: (509, 472) (3750, 7950)
2022-10-14 13:15:19.164 *** Mouse movement (LeftButton) ***  Mouse coords: (494, 470) (3981, 7981)
2022-10-14 13:15:19.189 *** Mouse movement (LeftButton) ***  Mouse coords: (493, 470) (4066, 7993)
2022-10-14 13:15:19.211 *** Mouse movement (LeftButton) ***  Mouse coords: (493, 469) (4073, 7986)
2022-10-14 13:15:20.331 *** Mouse movement (LeftButton) ***  Mouse coords: (844, 436) (-5526, 4074)
2022-10-14 13:15:20.388 *** Mouse movement (LeftButton) ***  Mouse coords: (844, 437) (-5526, 4085)
2022-10-14 13:15:20.424 *** Mouse movement (LeftButton) ***  Mouse coords: (822, 437) (-5768, 4074)
2022-10-14 13:15:20.463 *** Mouse movement (LeftButton) ***  Mouse coords: (751, 434) (-6309, 4041)
2022-10-14 13:15:20.494 *** Mouse movement (LeftButton) ***  Mouse coords: (563, 412) (-7598, 3831)
2022-10-14 13:15:20.520 *** Mouse movement (LeftButton) ***  Mouse coords: (522, 409) (-5978, 4041)
2022-10-14 13:15:20.543 *** Mouse movement (LeftButton) ***  Mouse coords: (434, 403) (-6496, 4008)
2022-10-14 13:15:20.568 *** Mouse movement (LeftButton) ***  Mouse coords: (356, 393) (-6385, 3964)
2022-10-14 13:15:20.604 *** Mouse movement (LeftButton) ***  Mouse coords: (330, 385) (-5813, 3986)
2022-10-14 13:15:21.257 *** Mouse movement (LeftButton) ***  Mouse coords: (45, 100) (8481, 29464)
2022-10-14 13:15:21.807 *** Mouse movement (LeftButton) ***  Mouse coords: (774, 206) (16516, 30632)
2022-10-14 13:15:21.862 *** Mouse movement (LeftButton) ***  Mouse coords: (774, 206) (16505, 30632)
2022-10-14 13:15:21.911 *** Mouse movement (LeftButton) ***  Mouse coords: (746, 213) (16196, 30709)
2022-10-14 13:15:21.934 *** Mouse movement (LeftButton) ***  Mouse coords: (651, 255) (15458, 31095)
2022-10-14 13:15:21.959 *** Mouse movement (LeftButton) ***  Mouse coords: (565, 303) (15557, 31161)
2022-10-14 13:15:21.984 *** Mouse movement (LeftButton) ***  Mouse coords: (435, 390) (15072, 31591)
2022-10-14 13:15:22.009 *** Mouse movement (LeftButton) ***  Mouse coords: (381, 431) (15910, 31084)
2022-10-14 13:15:22.033 *** Mouse movement (LeftButton) ***  Mouse coords: (352, 457) (16186, 30919)
2022-10-14 13:15:22.058 *** Mouse movement (LeftButton) ***  Mouse coords: (347, 465) (16449, 30720)
2022-10-14 13:15:22.083 *** Mouse movement (LeftButton) ***  Mouse coords: (346, 468) (16494, 30665)
2022-10-14 13:15:22.105 *** Mouse movement (LeftButton) ***  Mouse coords: (346, 469) (16505, 30643)
2022-10-14 13:15:22.131 *** Mouse movement (LeftButton) ***  Mouse coords: (346, 471) (16505, 30654)
2022-10-14 13:15:22.156 *** Mouse movement (LeftButton) ***  Mouse coords: (346, 472) (16505, 30643)
2022-10-14 13:15:22.974 *** Mouse movement (LeftButton) ***  Mouse coords: (452, 432) (18098, 29931)
2022-10-14 13:15:23.055 *** Mouse movement (LeftButton) ***  Mouse coords: (453, 432) (18113, 29931)
2022-10-14 13:15:23.095 *** Mouse movement (LeftButton) ***  Mouse coords: (459, 448) (18189, 30175)
2022-10-14 13:15:23.128 *** Mouse movement (LeftButton) ***  Mouse coords: (543, 566) (19376, 31726)
2022-10-14 13:15:23.150 *** Mouse movement (LeftButton) ***  Mouse coords: (568, 597) (18478, 30402)
2022-10-14 13:15:23.180 *** Mouse movement (LeftButton) ***  Mouse coords: (590, 623) (18433, 30327)
2022-10-14 13:15:23.207 *** Mouse movement (LeftButton) ***  Mouse coords: (604, 639) (18311, 30174)
2022-10-14 13:15:24.156 *** Mouse movement (LeftButton) ***  Mouse coords: (416, 416) (20093, 28036)
2022-10-14 13:15:24.206 *** Mouse movement (LeftButton) ***  Mouse coords: (489, 462) (22121, 29297)
2022-10-14 13:15:24.235 *** Mouse movement (LeftButton) ***  Mouse coords: (526, 483) (21134, 28611)
2022-10-14 13:15:24.258 *** Mouse movement (LeftButton) ***  Mouse coords: (615, 532) (22560, 29380)
2022-10-14 13:15:24.282 *** Mouse movement (LeftButton) ***  Mouse coords: (688, 570) (22121, 29077)
2022-10-14 13:15:24.307 *** Mouse movement (LeftButton) ***  Mouse coords: (726, 589) (21162, 28557)
2022-10-14 13:15:24.333 *** Mouse movement (LeftButton) ***  Mouse coords: (741, 599) (20531, 28310)
2022-10-14 13:15:24.355 *** Mouse movement (LeftButton) ***  Mouse coords: (745, 609) (20230, 28310)
2022-10-14 13:15:24.381 *** Mouse movement (LeftButton) ***  Mouse coords: (745, 617) (20120, 28256)
2022-10-14 13:15:36.468 *** Mouse movement (LeftButton) ***  Mouse coords: (690, 348) (34131, 22222)
2022-10-14 13:15:36.554 *** Mouse movement (LeftButton) ***  Mouse coords: (690, 348) (34131, 22222)
2022-10-14 13:15:36.582 *** Mouse movement (LeftButton) ***  Mouse coords: (706, 350) (34792, 22305)
2022-10-14 13:15:36.606 *** Mouse movement (LeftButton) ***  Mouse coords: (739, 362) (35495, 22718)
2022-10-14 13:15:36.627 *** Mouse movement (LeftButton) ***  Mouse coords: (760, 371) (34999, 22594)
2022-10-14 13:15:36.652 *** Mouse movement (LeftButton) ***  Mouse coords: (818, 395) (36528, 23214)
2022-10-14 13:15:36.674 *** Mouse movement (LeftButton) ***  Mouse coords: (882, 418) (36777, 23172)
2022-10-14 13:15:36.701 *** Mouse movement (LeftButton) ***  Mouse coords: (908, 425) (35205, 22512)
2022-10-14 13:15:36.727 *** Mouse movement (LeftButton) ***  Mouse coords: (927, 431) (34916, 22470)
2022-10-14 13:15:36.749 *** Mouse movement (LeftButton) ***  Mouse coords: (934, 433) (34421, 22304)
2022-10-14 13:15:36.779 *** Mouse movement (LeftButton) ***  Mouse coords: (934, 433) (34131, 22222)
2022-10-14 13:15:37.604 *** Mouse movement (LeftButton) ***  Mouse coords: (1084, 374) (77478, 15126)
2022-10-14 13:15:37.640 *** Mouse movement (LeftButton) ***  Mouse coords: (1060, 386) (76119, 15836)
2022-10-14 13:15:37.663 *** Mouse movement (LeftButton) ***  Mouse coords: (1014, 415) (74818, 16840)
2022-10-14 13:15:37.686 *** Mouse movement (LeftButton) ***  Mouse coords: (977, 440) (75350, 16605)
2022-10-14 13:15:37.717 *** Mouse movement (LeftButton) ***  Mouse coords: (964, 448) (76769, 15599)
2022-10-14 13:15:37.763 *** Mouse movement (LeftButton) ***  Mouse coords: (929, 461) (75468, 15895)
2022-10-14 13:15:37.785 *** Mouse movement (LeftButton) ***  Mouse coords: (923, 461) (77183, 15126)
2022-10-14 13:15:37.807 *** Mouse movement (LeftButton) ***  Mouse coords: (921, 461) (77420, 15126)
2022-10-14 13:15:37.974 *** Keyboard input *** key pressed: key: 90; text: "z"
2022-10-14 13:15:38.357 *** Keyboard input *** key pressed: key: 90; text: "z"
2022-10-14 13:15:38.565 *** Keyboard input *** key pressed: key: 90; text: "z"
2022-10-14 13:15:38.732 *** Keyboard input *** key pressed: key: 90; text: "z"
2022-10-14 13:16:26.376 *** Mouse movement (LeftButton) ***  Mouse coords: (1099, 522) (88065, 18733)
2022-10-14 13:16:26.454 *** Mouse movement (LeftButton) ***  Mouse coords: (1099, 521) (88065, 18674)
2022-10-14 13:16:26.483 *** Mouse movement (LeftButton) ***  Mouse coords: (1091, 526) (87591, 19029)
2022-10-14 13:16:26.506 *** Mouse movement (LeftButton) ***  Mouse coords: (1072, 543) (86942, 19738)
2022-10-14 13:16:26.529 *** Mouse movement (LeftButton) ***  Mouse coords: (1057, 559) (87178, 19679)
2022-10-14 13:16:26.562 *** Mouse movement (LeftButton) ***  Mouse coords: (1053, 565) (87828, 19088)
2022-10-14 13:16:26.584 *** Mouse movement (LeftButton) ***  Mouse coords: (1042, 577) (87415, 19443)
2022-10-14 13:16:26.606 *** Mouse movement (LeftButton) ***  Mouse coords: (1041, 579) (88006, 18851)
2022-10-14 13:16:26.635 *** Mouse movement (LeftButton) ***  Mouse coords: (1041, 579) (88065, 18733)
2022-10-14 13:16:56.534 *** Mouse movement (LeftButton) ***  Mouse coords: (893, 644) (79312, 22577)
2022-10-14 13:16:56.586 *** Mouse movement (LeftButton) ***  Mouse coords: (916, 616) (80673, 20921)
2022-10-14 13:16:56.613 *** Mouse movement (LeftButton) ***  Mouse coords: (931, 600) (80199, 21631)
2022-10-14 13:16:56.635 *** Mouse movement (LeftButton) ***  Mouse coords: (936, 595) (79607, 22281)
2022-10-14 13:16:56.657 *** Mouse movement (LeftButton) ***  Mouse coords: (941, 590) (79608, 22281)
2022-10-14 13:16:56.687 *** Mouse movement (LeftButton) ***  Mouse coords: (944, 586) (79489, 22341)
2022-10-14 13:16:56.733 *** Mouse movement (LeftButton) ***  Mouse coords: (945, 586) (79371, 22577)
2022-10-14 13:16:57.925 *** Mouse movement (LeftButton) ***  Mouse coords: (1147, 289) (44519, 13864)
2022-10-14 13:16:57.981 *** Mouse movement (LeftButton) ***  Mouse coords: (1146, 290) (44425, 13959)
2022-10-14 13:16:58.016 *** Mouse movement (LeftButton) ***  Mouse coords: (1134, 296) (43382, 14432)
2022-10-14 13:16:58.039 *** Mouse movement (LeftButton) ***  Mouse coords: (1113, 311) (42530, 15285)
2022-10-14 13:16:58.062 *** Mouse movement (LeftButton) ***  Mouse coords: (995, 408) (33344, 23050)
2022-10-14 13:16:58.088 *** Mouse movement (LeftButton) ***  Mouse coords: (848, 553) (30597, 27597)
2022-10-14 13:16:58.139 *** Mouse movement (LeftButton) ***  Mouse coords: (835, 567) (43288, 15190)
2022-10-14 13:16:58.183 *** Mouse movement (LeftButton) ***  Mouse coords: (801, 603) (41299, 17273)
2022-10-14 13:17:17.257 *** Mouse movement (LeftButton) ***  Mouse coords: (629, 191) (28229, -25154)
2022-10-14 13:17:19.316 *** Mouse movement (LeftButton) ***  Mouse coords: (799, 442) (44329, -1383)
2022-10-14 13:17:19.497 *** Mouse movement (LeftButton) ***  Mouse coords: (799, 442) (44329, -1383)
2022-10-14 13:17:19.548 *** Mouse movement (LeftButton) ***  Mouse coords: (787, 443) (43193, -1288)
2022-10-14 13:17:19.575 *** Mouse movement (LeftButton) ***  Mouse coords: (777, 446) (43382, -1099)
2022-10-14 13:17:19.599 *** Mouse movement (LeftButton) ***  Mouse coords: (768, 448) (43476, -1193)
2022-10-14 13:17:19.623 *** Mouse movement (LeftButton) ***  Mouse coords: (762, 450) (43761, -1194)
2022-10-14 13:17:19.647 *** Mouse movement (LeftButton) ***  Mouse coords: (761, 451) (44234, -1288)
2022-10-14 13:17:19.671 *** Mouse movement (LeftButton) ***  Mouse coords: (760, 451) (44235, -1383)
2022-10-14 13:17:19.741 *** Mouse movement (LeftButton) ***  Mouse coords: (759, 451) (44234, -1383)
2022-10-14 13:17:20.188 *** Mouse movement (LeftButton) ***  Mouse coords: (759, 451) (44329, -1383)
2022-10-14 13:17:20.237 *** Mouse movement (LeftButton) ***  Mouse coords: (731, 415) (41677, -4793)
2022-10-14 13:17:20.268 *** Mouse movement (LeftButton) ***  Mouse coords: (713, 389) (42624, -3845)
2022-10-14 13:17:20.293 *** Mouse movement (LeftButton) ***  Mouse coords: (707, 382) (43761, -2046)
2022-10-14 13:17:20.315 *** Mouse movement (LeftButton) ***  Mouse coords: (700, 370) (43666, -2519)
2022-10-14 13:17:20.340 *** Mouse movement (LeftButton) ***  Mouse coords: (698, 367) (44140, -1668)
2022-10-14 13:17:20.363 *** Mouse movement (LeftButton) ***  Mouse coords: (698, 366) (44329, -1477)
2022-10-14 13:17:34.123 *** Mouse movement (LeftButton) ***  Mouse coords: (343, 462) (10708, 7708)
2022-10-14 13:17:34.188 *** Mouse movement (LeftButton) ***  Mouse coords: (341, 462) (10614, 7708)
2022-10-14 13:17:34.217 *** Mouse movement (LeftButton) ***  Mouse coords: (356, 462) (12223, 7708)
2022-10-14 13:17:34.241 *** Mouse movement (LeftButton) ***  Mouse coords: (417, 462) (16580, 7708)
2022-10-14 13:17:34.271 *** Mouse movement (LeftButton) ***  Mouse coords: (547, 462) (23115, 7708)
2022-10-14 13:17:34.305 *** Mouse movement (LeftButton) ***  Mouse coords: (673, 462) (22736, 7708)
2022-10-14 13:17:34.345 *** Mouse movement (LeftButton) ***  Mouse coords: (759, 462) (18948, 7708)
2022-10-14 13:17:34.390 *** Mouse movement (LeftButton) ***  Mouse coords: (828, 465) (17338, 7992)
2022-10-14 13:17:34.413 *** Mouse movement (LeftButton) ***  Mouse coords: (828, 465) (10803, 7708)
2022-10-14 13:17:35.782 *** Mouse movement (LeftButton) ***  Mouse coords: (1026, 353) (178, 7100)
2022-10-14 13:17:35.847 *** Mouse movement (LeftButton) ***  Mouse coords: (1026, 353) (178, 7100)
2022-10-14 13:17:35.881 *** Mouse movement (LeftButton) ***  Mouse coords: (957, 353) (-1320, 7100)
2022-10-14 13:17:35.907 *** Mouse movement (LeftButton) ***  Mouse coords: (747, 376) (-4385, 7599)
2022-10-14 13:17:35.956 *** Mouse movement (LeftButton) ***  Mouse coords: (532, 423) (-4495, 8121)
2022-10-14 13:17:35.983 *** Mouse movement (LeftButton) ***  Mouse coords: (414, 456) (-2387, 7817)
2022-10-14 13:17:36.006 *** Mouse movement (LeftButton) ***  Mouse coords: (371, 467) (-760, 7339)
2022-10-14 13:17:36.035 *** Mouse movement (LeftButton) ***  Mouse coords: (352, 471) (-238, 7187)
2022-10-14 13:17:36.058 *** Mouse movement (LeftButton) ***  Mouse coords: (351, 471) (150, 7100)
2022-10-14 13:17:38.180 *** Mouse movement (LeftButton) ***  Mouse coords: (1140, 398) (5446, 6976)
2022-10-14 13:17:38.221 *** Mouse movement (LeftButton) ***  Mouse coords: (1140, 398) (5446, 6972)
2022-10-14 13:17:38.249 *** Mouse movement (LeftButton) ***  Mouse coords: (1137, 398) (5433, 6972)
2022-10-14 13:17:38.291 *** Mouse movement (LeftButton) ***  Mouse coords: (1128, 398) (5408, 6972)
2022-10-14 13:17:38.314 *** Mouse movement (LeftButton) ***  Mouse coords: (1120, 398) (5411, 6972)
2022-10-14 13:17:38.342 *** Mouse movement (LeftButton) ***  Mouse coords: (1069, 398) (5227, 6972)
2022-10-14 13:17:38.378 *** Mouse movement (LeftButton) ***  Mouse coords: (935, 404) (4870, 6998)
2022-10-14 13:17:38.410 *** Mouse movement (LeftButton) ***  Mouse coords: (885, 409) (5231, 6994)
2022-10-14 13:17:38.432 *** Mouse movement (LeftButton) ***  Mouse coords: (882, 409) (5433, 6972)
2022-10-14 13:17:38.453 *** Mouse movement (LeftButton) ***  Mouse coords: (880, 409) (5438, 6972)
2022-10-14 13:17:38.639 *** Keyboard input *** key pressed: key: 16777248; text: ""
2022-10-14 13:17:40.874 *** Keyboard input *** key pressed: key: 90; text: "z"
2022-10-14 13:17:40.877 *** Process image overlay spent 0.00 seconds.
2022-10-14 13:17:40.892 *** Get cell color spent 0.01 seconds.
2022-10-14 13:17:45.262 *** Interactive label *** Review annotations/active learning start.
2022-10-14 13:19:00.785 *** Mouse movement (LeftButton) ***  Mouse coords: (589, 308) (4195, 6538)
2022-10-14 13:19:00.907 *** Process image overlay spent 0.00 seconds.
2022-10-14 13:19:00.919 *** Get cell color spent 0.01 seconds.
2022-10-14 13:19:01.412 *** Process image overlay spent 0.00 seconds.
2022-10-14 13:19:01.415 *** Get cell color spent 0.00 seconds.
2022-10-14 13:19:01.776 *** Process image overlay spent 0.00 seconds.
2022-10-14 13:19:01.778 *** Get cell color spent 0.00 seconds.
2022-10-14 13:19:02.175 *** Mouse movement (LeftButton) ***  Mouse coords: (815, 366) (3594, 6449)
2022-10-14 13:19:02.263 *** Mouse movement (LeftButton) ***  Mouse coords: (815, 367) (3594, 6450)
2022-10-14 13:19:02.299 *** Mouse movement (LeftButton) ***  Mouse coords: (752, 350) (3479, 6418)
2022-10-14 13:19:02.344 *** Mouse movement (LeftButton) ***  Mouse coords: (629, 297) (3370, 6353)
2022-10-14 13:19:02.367 *** Mouse movement (LeftButton) ***  Mouse coords: (569, 272) (3484, 6403)
2022-10-14 13:19:02.393 *** Mouse movement (LeftButton) ***  Mouse coords: (499, 243) (3466, 6396)
2022-10-14 13:19:02.421 *** Mouse movement (LeftButton) ***  Mouse coords: (483, 239) (3565, 6442)
2022-10-14 13:19:02.460 *** Mouse movement (LeftButton) ***  Mouse coords: (474, 236) (3578, 6443)
2022-10-14 13:19:02.492 *** Mouse movement (LeftButton) ***  Mouse coords: (474, 236) (3594, 6449)
2022-10-14 13:19:02.516 *** Mouse movement (LeftButton) ***  Mouse coords: (473, 236) (3592, 6449)
2022-10-14 13:19:02.538 *** Mouse movement (LeftButton) ***  Mouse coords: (473, 236) (3594, 6449)
2022-10-14 13:19:02.681 *** Process image overlay spent 0.00 seconds.
2022-10-14 13:19:02.684 *** Get cell color spent 0.00 seconds.
2022-10-14 13:19:05.056 *** Process image overlay spent 0.00 seconds.
2022-10-14 13:19:05.058 *** Get cell color spent 0.00 seconds.
2022-10-14 13:19:05.569 *** Process image overlay spent 0.00 seconds.
2022-10-14 13:19:05.573 *** Get cell color spent 0.00 seconds.
2022-10-14 13:20:38.445 *** Process image overlay spent 0.00 seconds.
2022-10-14 13:20:38.450 *** Get cell color spent 0.00 seconds.
2022-10-14 13:20:38.807 *** Mouse movement (LeftButton) ***  Mouse coords: (979, 491) (3672, 6970)
2022-10-14 13:20:38.857 *** Mouse movement (LeftButton) ***  Mouse coords: (944, 509) (3616, 6998)
2022-10-14 13:20:38.894 *** Mouse movement (LeftButton) ***  Mouse coords: (915, 528) (3626, 7001)
2022-10-14 13:20:38.929 *** Mouse movement (LeftButton) ***  Mouse coords: (902, 537) (3651, 6984)
2022-10-14 13:20:38.963 *** Mouse movement (LeftButton) ***  Mouse coords: (890, 545) (3653, 6983)
2022-10-14 13:20:39.084 *** Process image overlay spent 0.00 seconds.
2022-10-14 13:20:39.086 *** Get cell color spent 0.00 seconds.
2022-10-14 13:20:39.528 *** Process image overlay spent 0.00 seconds.
2022-10-14 13:20:39.530 *** Get cell color spent 0.00 seconds.
2022-10-14 13:20:39.574 *** Process image overlay spent 0.00 seconds.
2022-10-14 13:20:39.576 *** Get cell color spent 0.00 seconds.
2022-10-14 13:20:39.628 *** Process image overlay spent 0.00 seconds.
2022-10-14 13:20:39.629 *** Get cell color spent 0.00 seconds.
2022-10-14 13:20:39.667 *** Process image overlay spent 0.00 seconds.
2022-10-14 13:20:39.668 *** Get cell color spent 0.00 seconds.
2022-10-14 13:20:39.720 *** Process image overlay spent 0.00 seconds.
2022-10-14 13:20:39.722 *** Get cell color spent 0.00 seconds.
2022-10-14 13:20:39.757 *** Process image overlay spent 0.00 seconds.
2022-10-14 13:20:39.759 *** Get cell color spent 0.00 seconds.
2022-10-14 13:20:39.791 *** Process image overlay spent 0.00 seconds.
2022-10-14 13:20:39.792 *** Get cell color spent 0.00 seconds.
2022-10-14 13:20:39.826 *** Process image overlay spent 0.00 seconds.
2022-10-14 13:20:39.827 *** Get cell color spent 0.00 seconds.
2022-10-14 13:20:41.498 *** Process image overlay spent 0.00 seconds.
2022-10-14 13:20:41.500 *** Get cell color spent 0.00 seconds.
2022-10-14 13:20:41.532 *** Process image overlay spent 0.00 seconds.
2022-10-14 13:20:41.534 *** Get cell color spent 0.00 seconds.
2022-10-14 13:20:41.567 *** Process image overlay spent 0.00 seconds.
2022-10-14 13:20:41.568 *** Get cell color spent 0.00 seconds.
2022-10-14 13:20:41.600 *** Process image overlay spent 0.00 seconds.
2022-10-14 13:20:41.601 *** Get cell color spent 0.00 seconds.
2022-10-14 13:20:41.632 *** Process image overlay spent 0.00 seconds.
2022-10-14 13:20:41.633 *** Get cell color spent 0.00 seconds.
2022-10-14 13:20:41.658 *** Process image overlay spent 0.00 seconds.
2022-10-14 13:20:41.659 *** Get cell color spent 0.00 seconds.
2022-10-14 13:20:43.160 *** Keyboard input *** key pressed: key: 90; text: "z"
2022-10-14 13:20:47.325 *** Mouse movement (LeftButton) ***  Mouse coords: (835, 566) (3642, 7006)
2022-10-14 13:20:47.439 *** Mouse movement (LeftButton) ***  Mouse coords: (834, 566) (3642, 7007)
2022-10-14 13:20:47.477 *** Mouse movement (LeftButton) ***  Mouse coords: (818, 566) (3631, 7007)
2022-10-14 13:20:47.524 *** Mouse movement (LeftButton) ***  Mouse coords: (795, 566) (3628, 7007)
2022-10-14 13:20:47.553 *** Mouse movement (LeftButton) ***  Mouse coords: (780, 566) (3632, 7007)
2022-10-14 13:20:47.598 *** Mouse movement (LeftButton) ***  Mouse coords: (772, 566) (3637, 7007)
2022-10-14 13:21:40.508 *** Mouse movement (LeftButton) ***  Mouse coords: (765, 512) (3640, 6991)
2022-10-14 13:21:40.609 *** Mouse movement (LeftButton) ***  Mouse coords: (765, 512) (3639, 6992)
2022-10-14 13:21:40.631 *** Mouse movement (LeftButton) ***  Mouse coords: (756, 512) (3635, 6992)
2022-10-14 13:21:40.675 *** Mouse movement (LeftButton) ***  Mouse coords: (714, 512) (3623, 6992)
2022-10-14 13:21:40.702 *** Mouse movement (LeftButton) ***  Mouse coords: (679, 512) (3625, 6992)
2022-10-14 13:21:40.730 *** Mouse movement (LeftButton) ***  Mouse coords: (647, 512) (3626, 6992)
2022-10-14 13:21:40.774 *** Mouse movement (LeftButton) ***  Mouse coords: (624, 514) (3630, 6993)
2022-10-14 13:21:40.816 *** Mouse movement (LeftButton) ***  Mouse coords: (618, 514) (3637, 6992)
2022-10-14 13:21:40.844 *** Mouse movement (LeftButton) ***  Mouse coords: (618, 514) (3639, 6992)
2022-10-14 13:22:09.211 *** Mouse movement (LeftButton) ***  Mouse coords: (724, 421) (3600, 6870)
2022-10-14 13:22:09.347 *** Mouse movement (LeftButton) ***  Mouse coords: (724, 421) (3600, 6870)
2022-10-14 13:22:09.389 *** Mouse movement (LeftButton) ***  Mouse coords: (711, 421) (3590, 6870)
2022-10-14 13:22:09.412 *** Mouse movement (LeftButton) ***  Mouse coords: (704, 421) (3595, 6870)
2022-10-14 13:22:09.442 *** Mouse movement (LeftButton) ***  Mouse coords: (688, 421) (3588, 6870)
2022-10-14 13:22:09.481 *** Mouse movement (LeftButton) ***  Mouse coords: (672, 421) (3588, 6870)
2022-10-14 13:22:09.510 *** Mouse movement (LeftButton) ***  Mouse coords: (669, 421) (3598, 6870)
2022-10-14 13:22:09.549 *** Mouse movement (LeftButton) ***  Mouse coords: (666, 421) (3598, 6870)
2022-10-14 13:22:09.578 *** Mouse movement (LeftButton) ***  Mouse coords: (665, 420) (3599, 6869)
2022-10-14 13:22:34.090 *** Mouse movement (LeftButton) ***  Mouse coords: (915, 473) (3854, 6657)
2022-10-14 13:22:34.189 *** Mouse movement (LeftButton) ***  Mouse coords: (916, 473) (3852, 6657)
2022-10-14 13:22:34.216 *** Mouse movement (LeftButton) ***  Mouse coords: (902, 473) (3824, 6657)
2022-10-14 13:22:34.259 *** Mouse movement (LeftButton) ***  Mouse coords: (836, 473) (3728, 6657)
2022-10-14 13:22:34.280 *** Mouse movement (LeftButton) ***  Mouse coords: (773, 473) (3733, 6657)
2022-10-14 13:22:34.301 *** Mouse movement (LeftButton) ***  Mouse coords: (658, 469) (3637, 6650)
2022-10-14 13:22:34.325 *** Mouse movement (LeftButton) ***  Mouse coords: (598, 456) (3739, 6633)
2022-10-14 13:22:34.358 *** Mouse movement (LeftButton) ***  Mouse coords: (563, 442) (3785, 6631)
2022-10-14 13:22:34.378 *** Mouse movement (LeftButton) ***  Mouse coords: (550, 426) (3826, 6627)
2022-10-14 13:23:58.778 *** Mouse movement (LeftButton) ***  Mouse coords: (783, 496) (2618, 7763)
2022-10-14 13:23:58.915 *** Mouse movement (LeftButton) ***  Mouse coords: (782, 496) (2613, 7763)
2022-10-14 13:23:58.960 *** Mouse movement (LeftButton) ***  Mouse coords: (760, 499) (2517, 7776)
2022-10-14 13:23:58.983 *** Mouse movement (LeftButton) ***  Mouse coords: (728, 508) (2471, 7805)
2022-10-14 13:23:59.025 *** Mouse movement (LeftButton) ***  Mouse coords: (705, 516) (2513, 7799)
2022-10-14 13:23:59.052 *** Mouse movement (LeftButton) ***  Mouse coords: (675, 524) (2480, 7800)
2022-10-14 13:23:59.074 *** Mouse movement (LeftButton) ***  Mouse coords: (660, 527) (2549, 7777)
2022-10-14 13:23:59.098 *** Mouse movement (LeftButton) ***  Mouse coords: (654, 529) (2590, 7772)
2022-10-14 13:23:59.119 *** Mouse movement (LeftButton) ***  Mouse coords: (653, 529) (2614, 7763)
2022-10-14 13:23:59.145 *** Mouse movement (LeftButton) ***  Mouse coords: (652, 530) (2613, 7768)
2022-10-14 13:23:59.166 *** Mouse movement (LeftButton) ***  Mouse coords: (652, 530) (2618, 7763)
2022-10-14 13:25:57.446 *** Mouse movement (LeftButton) ***  Mouse coords: (713, 604) (3165, 7700)
2022-10-15 20:41:25.727 *** Program closed.
2022-10-15 20:41:25.829 *** EOF in transport thread
