2022-08-09 11:09:20.301 *** Start program *** Start program
2022-08-09 11:09:30.611 *** Open processed data
2022-08-09 11:09:30.612 *** Preload all statistics at once.
2022-08-09 11:09:31.747 *** Nuclei stat data loaded, took 1.14 seconds. Total number of nuclei: 1470268
2022-08-09 11:09:36.146 *** Process image overlay spent 0.01 seconds.
2022-08-09 11:09:36.234 *** Get cell color spent 0.09 seconds.
2022-08-09 11:09:37.204 *** Process image overlay spent 0.01 seconds.
2022-08-09 11:09:37.291 *** Get cell color spent 0.09 seconds.
2022-08-09 11:10:04.100 *** Mouse movement ***  Mouse coords: (624, 652) (33922, 64418)
2022-08-09 11:10:04.132 *** Mouse movement ***  Mouse coords: (621, 643) (33892, 64350)
2022-08-09 11:10:04.148 *** Mouse movement ***  Mouse coords: (619, 638) (33903, 64390)
2022-08-09 11:10:04.165 *** Mouse movement ***  Mouse coords: (617, 631) (33902, 64369)
2022-08-09 11:10:04.181 *** Mouse movement ***  Mouse coords: (616, 626) (33913, 64390)
2022-08-09 11:10:04.198 *** Mouse movement ***  Mouse coords: (615, 622) (33912, 64399)
2022-08-09 11:10:04.215 *** Mouse movement ***  Mouse coords: (614, 621) (33912, 64428)
2022-08-09 11:10:04.231 *** Mouse movement ***  Mouse coords: (614, 620) (33922, 64428)
2022-08-09 11:10:04.276 *** Process image overlay spent 0.02 seconds.
2022-08-09 11:10:04.374 *** Get cell color spent 0.10 seconds.
2022-08-09 11:10:05.360 *** Process image overlay spent 0.01 seconds.
2022-08-09 11:10:05.450 *** Get cell color spent 0.09 seconds.
2022-08-09 11:10:06.057 *** Mouse movement ***  Mouse coords: (590, 610) (33688, 64341)
2022-08-09 11:10:06.091 *** Process image overlay spent 0.01 seconds.
2022-08-09 11:10:06.184 *** Get cell color spent 0.09 seconds.
2022-08-09 11:10:07.147 *** Mouse movement ***  Mouse coords: (581, 535) (33747, 63405)
2022-08-09 11:10:07.169 *** Mouse movement ***  Mouse coords: (578, 537) (33834, 63316)
2022-08-09 11:10:07.182 *** Mouse movement ***  Mouse coords: (573, 541) (33816, 63336)
2022-08-09 11:10:07.198 *** Mouse movement ***  Mouse coords: (570, 543) (33834, 63316)
2022-08-09 11:10:07.215 *** Mouse movement ***  Mouse coords: (569, 544) (33855, 63307)
2022-08-09 11:10:07.231 *** Mouse movement ***  Mouse coords: (567, 545) (33844, 63307)
2022-08-09 11:10:07.248 *** Mouse movement ***  Mouse coords: (565, 545) (33845, 63297)
2022-08-09 11:10:07.265 *** Mouse movement ***  Mouse coords: (564, 546) (33854, 63307)
2022-08-09 11:10:07.281 *** Mouse movement ***  Mouse coords: (561, 548) (33835, 63316)
2022-08-09 11:10:07.298 *** Mouse movement ***  Mouse coords: (559, 549) (33844, 63307)
2022-08-09 11:10:07.315 *** Mouse movement ***  Mouse coords: (557, 550) (33845, 63307)
2022-08-09 11:10:07.331 *** Mouse movement ***  Mouse coords: (555, 550) (33844, 63297)
2022-08-09 11:10:07.348 *** Mouse movement ***  Mouse coords: (551, 552) (33825, 63316)
2022-08-09 11:10:07.365 *** Mouse movement ***  Mouse coords: (549, 553) (33845, 63307)
2022-08-09 11:10:07.381 *** Mouse movement ***  Mouse coords: (547, 554) (33844, 63307)
2022-08-09 11:10:07.398 *** Mouse movement ***  Mouse coords: (546, 555) (33854, 63306)
2022-08-09 11:10:07.422 *** Process image overlay spent 0.01 seconds.
2022-08-09 11:10:07.512 *** Get cell color spent 0.09 seconds.
2022-08-09 11:10:08.495 *** Process image overlay spent 0.01 seconds.
2022-08-09 11:10:08.584 *** Get cell color spent 0.09 seconds.
2022-08-09 11:10:10.796 *** Process image overlay spent 0.02 seconds.
2022-08-09 11:10:10.838 *** Get cell color spent 0.04 seconds.
2022-08-09 11:10:11.198 *** Process image overlay spent 0.01 seconds.
2022-08-09 11:10:11.231 *** Get cell color spent 0.03 seconds.
2022-08-09 11:13:13.830 *** Program closed.
