2022-09-08 00:58:43.421 *** Start program *** Start program
2022-09-08 00:59:03.385 *** starting thread (client mode): 0x1c09f880
2022-09-08 00:59:03.386 *** Local version/idstring: SSH-2.0-paramiko_2.11.0
2022-09-08 00:59:03.408 *** Remote version/idstring: SSH-2.0-OpenSSH_5.3
2022-09-08 00:59:03.409 *** Connected (version 2.0, client OpenSSH_5.3)
2022-09-08 00:59:03.426 *** === Key exchange possibilities ===
2022-09-08 00:59:03.426 *** kex algos: diffie-hellman-group-exchange-sha256, diffie-hellman-group-exchange-sha1, diffie-hellman-group14-sha1, diffie-hellman-group1-sha1
2022-09-08 00:59:03.426 *** server key: ssh-rsa, ssh-rsa-cert-v01@openssh.com, ssh-dss
2022-09-08 00:59:03.426 *** client encrypt: aes128-ctr, aes192-ctr, aes256-ctr, arcfour256, arcfour128, aes128-cbc, 3des-cbc, blowfish-cbc, cast128-cbc, aes192-cbc, aes256-cbc, arcfour, rijndael-cbc@lysator.liu.se
2022-09-08 00:59:03.427 *** server encrypt: aes128-ctr, aes192-ctr, aes256-ctr, arcfour256, arcfour128, aes128-cbc, 3des-cbc, blowfish-cbc, cast128-cbc, aes192-cbc, aes256-cbc, arcfour, rijndael-cbc@lysator.liu.se
2022-09-08 00:59:03.427 *** client mac: hmac-md5, hmac-sha1, umac-64@openssh.com, hmac-sha2-256, hmac-sha2-512, hmac-ripemd160, hmac-ripemd160@openssh.com, hmac-sha1-96, hmac-md5-96
2022-09-08 00:59:03.427 *** server mac: hmac-md5, hmac-sha1, umac-64@openssh.com, hmac-sha2-256, hmac-sha2-512, hmac-ripemd160, hmac-ripemd160@openssh.com, hmac-sha1-96, hmac-md5-96
2022-09-08 00:59:03.427 *** client compress: none, zlib@openssh.com
2022-09-08 00:59:03.427 *** server compress: none, zlib@openssh.com
2022-09-08 00:59:03.427 *** client lang: <none>
2022-09-08 00:59:03.427 *** server lang: <none>
2022-09-08 00:59:03.427 *** kex follows: False
2022-09-08 00:59:03.427 *** === Key exchange agreements ===
2022-09-08 00:59:03.427 *** Kex: diffie-hellman-group-exchange-sha256
2022-09-08 00:59:03.427 *** HostKey: ssh-rsa
2022-09-08 00:59:03.427 *** Cipher: aes128-ctr
2022-09-08 00:59:03.427 *** MAC: hmac-sha2-256
2022-09-08 00:59:03.427 *** Compression: none
2022-09-08 00:59:03.427 *** === End of kex handshake ===
2022-09-08 00:59:03.486 *** Got server p (2048 bits)
2022-09-08 00:59:03.571 *** kex engine KexGexSHA256 specified hash_algo <built-in function openssl_sha256>
2022-09-08 00:59:03.571 *** Switch to new keys ...
2022-09-08 00:59:03.571 *** Adding ssh-rsa host key for 173.201.181.247: b'cca345f774a2d98448d0bcc78f04075d'
2022-09-08 00:59:03.648 *** userauth is OK
2022-09-08 00:59:03.671 *** Authentication (password) successful!
2022-09-08 00:59:03.672 *** [chan 0] Max packet in: 32768 bytes
2022-09-08 00:59:03.691 *** [chan 0] Max packet out: 32768 bytes
2022-09-08 00:59:03.692 *** Secsh channel 0 opened.
2022-09-08 00:59:03.712 *** [chan 0] Sesch channel 0 request ok
2022-09-08 00:59:03.732 *** [chan 0] Opened sftp connection (server version 3)
2022-09-08 00:59:03.732 *** [chan 0] stat(b'/home/b6o162rzivzp/NucFinder_DB/CFB1B411265361DF/interactive_nuclei_dict.pickle')
2022-09-08 00:59:03.750 *** [chan 0] stat(b'/home/b6o162rzivzp/NucFinder_DB/CFB1B411265361DF/model.pickle')
2022-09-08 00:59:03.769 *** [chan 0] open(b'/home/b6o162rzivzp/NucFinder_DB/CFB1B411265361DF/model.pickle', 'rb')
2022-09-08 00:59:03.788 *** [chan 0] open(b'/home/b6o162rzivzp/NucFinder_DB/CFB1B411265361DF/model.pickle', 'rb') -> 00000000
2022-09-08 00:59:03.922 *** [chan 0] close(00000000)
2022-09-08 00:59:11.453 *** Interactive label *** Review annotations/active learning start.
2022-09-08 00:59:55.979 *** Program closed.
2022-09-08 00:59:56.064 *** EOF in transport thread
