2022-09-08 01:40:24.513 *** Start program *** Start program
2022-09-08 01:40:33.586 *** starting thread (client mode): 0xe9ff2250
2022-09-08 01:40:33.587 *** Local version/idstring: SSH-2.0-paramiko_2.11.0
2022-09-08 01:40:33.612 *** Remote version/idstring: SSH-2.0-OpenSSH_5.3
2022-09-08 01:40:33.612 *** Connected (version 2.0, client OpenSSH_5.3)
2022-09-08 01:40:33.631 *** === Key exchange possibilities ===
2022-09-08 01:40:33.632 *** kex algos: diffie-hellman-group-exchange-sha256, diffie-hellman-group-exchange-sha1, diffie-hellman-group14-sha1, diffie-hellman-group1-sha1
2022-09-08 01:40:33.632 *** server key: ssh-rsa, ssh-rsa-cert-v01@openssh.com, ssh-dss
2022-09-08 01:40:33.632 *** client encrypt: aes128-ctr, aes192-ctr, aes256-ctr, arcfour256, arcfour128, aes128-cbc, 3des-cbc, blowfish-cbc, cast128-cbc, aes192-cbc, aes256-cbc, arcfour, rijndael-cbc@lysator.liu.se
2022-09-08 01:40:33.632 *** server encrypt: aes128-ctr, aes192-ctr, aes256-ctr, arcfour256, arcfour128, aes128-cbc, 3des-cbc, blowfish-cbc, cast128-cbc, aes192-cbc, aes256-cbc, arcfour, rijndael-cbc@lysator.liu.se
2022-09-08 01:40:33.632 *** client mac: hmac-md5, hmac-sha1, umac-64@openssh.com, hmac-sha2-256, hmac-sha2-512, hmac-ripemd160, hmac-ripemd160@openssh.com, hmac-sha1-96, hmac-md5-96
2022-09-08 01:40:33.632 *** server mac: hmac-md5, hmac-sha1, umac-64@openssh.com, hmac-sha2-256, hmac-sha2-512, hmac-ripemd160, hmac-ripemd160@openssh.com, hmac-sha1-96, hmac-md5-96
2022-09-08 01:40:33.632 *** client compress: none, zlib@openssh.com
2022-09-08 01:40:33.633 *** server compress: none, zlib@openssh.com
2022-09-08 01:40:33.633 *** client lang: <none>
2022-09-08 01:40:33.633 *** server lang: <none>
2022-09-08 01:40:33.633 *** kex follows: False
2022-09-08 01:40:33.633 *** === Key exchange agreements ===
2022-09-08 01:40:33.633 *** Kex: diffie-hellman-group-exchange-sha256
2022-09-08 01:40:33.633 *** HostKey: ssh-rsa
2022-09-08 01:40:33.634 *** Cipher: aes128-ctr
2022-09-08 01:40:33.634 *** MAC: hmac-sha2-256
2022-09-08 01:40:33.634 *** Compression: none
2022-09-08 01:40:33.634 *** === End of kex handshake ===
2022-09-08 01:40:33.694 *** Got server p (2048 bits)
2022-09-08 01:40:33.831 *** kex engine KexGexSHA256 specified hash_algo <built-in function openssl_sha256>
2022-09-08 01:40:33.831 *** Switch to new keys ...
2022-09-08 01:40:33.831 *** Adding ssh-rsa host key for 173.201.181.247: b'cca345f774a2d98448d0bcc78f04075d'
2022-09-08 01:40:33.911 *** userauth is OK
2022-09-08 01:40:33.936 *** Authentication (password) successful!
2022-09-08 01:40:33.937 *** [chan 0] Max packet in: 32768 bytes
2022-09-08 01:40:33.958 *** [chan 0] Max packet out: 32768 bytes
2022-09-08 01:40:33.958 *** Secsh channel 0 opened.
2022-09-08 01:40:33.991 *** [chan 0] Sesch channel 0 request ok
2022-09-08 01:40:34.013 *** [chan 0] Opened sftp connection (server version 3)
2022-09-08 01:40:34.014 *** [chan 0] stat(b'/home/b6o162rzivzp/NucFinder_DB/CFB1B411265361DF/interactive_nuclei_dict.pickle')
2022-09-08 01:40:34.035 *** [chan 0] stat(b'/home/b6o162rzivzp/NucFinder_DB/CFB1B411265361DF/model.pickle')
2022-09-08 01:40:34.060 *** [chan 0] open(b'/home/b6o162rzivzp/NucFinder_DB/CFB1B411265361DF/model.pickle', 'rb')
2022-09-08 01:40:34.081 *** [chan 0] open(b'/home/b6o162rzivzp/NucFinder_DB/CFB1B411265361DF/model.pickle', 'rb') -> 00000000
2022-09-08 01:40:34.225 *** [chan 0] close(00000000)
2022-09-08 01:40:43.724 *** Interactive label *** Review annotations/active learning start.
2022-09-08 01:41:20.288 *** Program closed.
2022-09-08 01:41:20.349 *** EOF in transport thread
