2022-08-10 22:45:30.169 *** Start program *** Start program
2022-08-10 22:45:57.143 *** Open processed data
2022-08-10 22:45:59.799 *** Mouse movement (LeftButton) ***  Mouse coords: (715, 164) (73600, 27377)
2022-08-10 22:45:59.819 *** Mouse movement (LeftButton) ***  Mouse coords: (712, 170) (73571, 27425)
2022-08-10 22:45:59.835 *** Mouse movement (LeftButton) ***  Mouse coords: (703, 184) (73512, 27504)
2022-08-10 22:45:59.852 *** Mouse movement (LeftButton) ***  Mouse coords: (659, 233) (73171, 27845)
2022-08-10 22:45:59.869 *** Mouse movement (LeftButton) ***  Mouse coords: (611, 281) (73132, 27834)
2022-08-10 22:45:59.885 *** Mouse movement (LeftButton) ***  Mouse coords: (578, 313) (73278, 27679)
2022-08-10 22:45:59.902 *** Mouse movement (LeftButton) ***  Mouse coords: (530, 355) (73132, 27777)
2022-08-10 22:45:59.919 *** Mouse movement (LeftButton) ***  Mouse coords: (487, 394) (73181, 27747)
2022-08-10 22:45:59.935 *** Mouse movement (LeftButton) ***  Mouse coords: (425, 451) (72996, 27923)
2022-08-10 22:45:59.952 *** Mouse movement (LeftButton) ***  Mouse coords: (401, 475) (73366, 27601)
2022-08-10 22:45:59.969 *** Mouse movement (LeftButton) ***  Mouse coords: (380, 498) (73395, 27591)
2022-08-10 22:45:59.985 *** Mouse movement (LeftButton) ***  Mouse coords: (374, 506) (73542, 27445)
2022-08-10 22:46:00.002 *** Mouse movement (LeftButton) ***  Mouse coords: (372, 509) (73580, 27396)
2022-08-10 22:46:00.036 *** Mouse movement (LeftButton) ***  Mouse coords: (372, 510) (73600, 27377)
2022-08-10 22:46:00.052 *** Mouse movement (LeftButton) ***  Mouse coords: (371, 512) (73590, 27386)
2022-08-10 22:46:00.069 *** Mouse movement (LeftButton) ***  Mouse coords: (370, 514) (73591, 27387)
2022-08-10 22:46:00.085 *** Mouse movement (LeftButton) ***  Mouse coords: (369, 517) (73590, 27396)
2022-08-10 22:46:01.382 *** Mouse movement (LeftButton) ***  Mouse coords: (712, 254) (77745, 23526)
2022-08-10 22:46:01.402 *** Mouse movement (LeftButton) ***  Mouse coords: (704, 264) (77625, 23663)
2022-08-10 22:46:01.419 *** Mouse movement (LeftButton) ***  Mouse coords: (691, 277) (77540, 23714)
2022-08-10 22:46:01.435 *** Mouse movement (LeftButton) ***  Mouse coords: (652, 312) (77097, 24089)
2022-08-10 22:46:01.452 *** Mouse movement (LeftButton) ***  Mouse coords: (616, 340) (77148, 23969)
2022-08-10 22:46:01.469 *** Mouse movement (LeftButton) ***  Mouse coords: (594, 359) (77387, 23817)
2022-08-10 22:46:01.485 *** Mouse movement (LeftButton) ***  Mouse coords: (568, 380) (77318, 23850)
2022-08-10 22:46:01.502 *** Mouse movement (LeftButton) ***  Mouse coords: (535, 415) (77199, 24089)
2022-08-10 22:46:01.519 *** Mouse movement (LeftButton) ***  Mouse coords: (528, 424) (77643, 23645)
2022-08-10 22:46:01.535 *** Mouse movement (LeftButton) ***  Mouse coords: (523, 430) (77676, 23595)
2022-08-10 22:46:10.022 *** Keyboard input *** key pressed: key: 16777249; text: ""
2022-08-10 22:46:20.983 *** Open case *** /media/zhihuang/Drive3/Google_Colon_lnm_pos_2015_slides/slides/S0425
2022-08-10 22:47:32.702 *** Mouse movement (LeftButton) ***  Mouse coords: (379, 224) (68973, 10618)
2022-08-10 22:47:32.719 *** Mouse movement (LeftButton) ***  Mouse coords: (386, 242) (69285, 11350)
2022-08-10 22:47:32.735 *** Mouse movement (LeftButton) ***  Mouse coords: (401, 270) (69704, 11872)
2022-08-10 22:47:32.751 *** Mouse movement (LeftButton) ***  Mouse coords: (411, 285) (69442, 11192)
2022-08-10 22:47:32.768 *** Mouse movement (LeftButton) ***  Mouse coords: (419, 297) (69338, 11036)
2022-08-10 22:47:32.785 *** Mouse movement (LeftButton) ***  Mouse coords: (433, 319) (69652, 11559)
2022-08-10 22:47:32.801 *** Mouse movement (LeftButton) ***  Mouse coords: (455, 353) (70069, 12185)
2022-08-10 22:47:32.818 *** Mouse movement (LeftButton) ***  Mouse coords: (471, 376) (69756, 11611)
2022-08-10 22:47:32.835 *** Mouse movement (LeftButton) ***  Mouse coords: (481, 393) (69443, 11297)
2022-08-10 22:47:32.851 *** Mouse movement (LeftButton) ***  Mouse coords: (483, 397) (69024, 10618)
2022-08-10 22:47:33.221 *** Mouse movement (LeftButton) ***  Mouse coords: (592, 394) (74615, 10252)
2022-08-10 22:47:33.251 *** Mouse movement (LeftButton) ***  Mouse coords: (568, 367) (73465, 8998)
2022-08-10 22:47:33.268 *** Mouse movement (LeftButton) ***  Mouse coords: (539, 337) (73204, 8842)
2022-08-10 22:47:33.285 *** Mouse movement (LeftButton) ***  Mouse coords: (514, 311) (73413, 9051)
2022-08-10 22:47:33.302 *** Mouse movement (LeftButton) ***  Mouse coords: (493, 290) (73622, 9312)
2022-08-10 22:47:33.318 *** Mouse movement (LeftButton) ***  Mouse coords: (461, 258) (73047, 8737)
2022-08-10 22:47:33.335 *** Mouse movement (LeftButton) ***  Mouse coords: (450, 244) (74144, 9677)
2022-08-10 22:47:33.351 *** Mouse movement (LeftButton) ***  Mouse coords: (446, 235) (74510, 9939)
2022-08-10 22:47:33.368 *** Mouse movement (LeftButton) ***  Mouse coords: (444, 228) (74615, 10043)
2022-08-10 22:47:33.385 *** Mouse movement (LeftButton) ***  Mouse coords: (443, 222) (74666, 10096)
2022-08-10 22:47:33.401 *** Mouse movement (LeftButton) ***  Mouse coords: (442, 217) (74667, 10148)
2022-08-10 22:47:36.295 *** Mouse movement (LeftButton) ***  Mouse coords: (566, 368) (84052, 16159)
2022-08-10 22:47:36.322 *** Mouse movement (LeftButton) ***  Mouse coords: (564, 384) (84048, 16184)
2022-08-10 22:47:36.335 *** Mouse movement (LeftButton) ***  Mouse coords: (560, 396) (84045, 16177)
2022-08-10 22:47:36.351 *** Mouse movement (LeftButton) ***  Mouse coords: (556, 411) (84044, 16182)
2022-08-10 22:47:36.368 *** Mouse movement (LeftButton) ***  Mouse coords: (551, 427) (84043, 16184)
2022-08-10 22:47:36.385 *** Mouse movement (LeftButton) ***  Mouse coords: (547, 438) (84045, 16175)
2022-08-10 22:47:36.401 *** Mouse movement (LeftButton) ***  Mouse coords: (542, 456) (84043, 16188)
2022-08-10 22:47:36.418 *** Mouse movement (LeftButton) ***  Mouse coords: (539, 466) (84047, 16173)
2022-08-10 22:47:36.435 *** Mouse movement (LeftButton) ***  Mouse coords: (536, 472) (84046, 16166)
2022-08-10 22:47:36.451 *** Mouse movement (LeftButton) ***  Mouse coords: (535, 476) (84050, 16162)
2022-08-10 22:47:36.468 *** Mouse movement (LeftButton) ***  Mouse coords: (534, 481) (84050, 16164)
2022-08-10 22:47:36.485 *** Mouse movement (LeftButton) ***  Mouse coords: (534, 482) (84052, 16157)
2022-08-10 22:47:41.178 *** Mouse movement (LeftButton) ***  Mouse coords: (649, 296) (85199, 13895)
2022-08-10 22:47:41.205 *** Mouse movement (LeftButton) ***  Mouse coords: (646, 304) (85161, 13984)
2022-08-10 22:47:41.218 *** Mouse movement (LeftButton) ***  Mouse coords: (641, 313) (85136, 13996)
2022-08-10 22:47:41.235 *** Mouse movement (LeftButton) ***  Mouse coords: (631, 336) (85074, 14172)
2022-08-10 22:47:41.251 *** Mouse movement (LeftButton) ***  Mouse coords: (616, 368) (85010, 14285)
2022-08-10 22:47:41.268 *** Mouse movement (LeftButton) ***  Mouse coords: (585, 421) (84810, 14549)
2022-08-10 22:47:41.285 *** Mouse movement (LeftButton) ***  Mouse coords: (565, 450) (84947, 14247)
2022-08-10 22:47:41.301 *** Mouse movement (LeftButton) ***  Mouse coords: (549, 475) (84998, 14197)
2022-08-10 22:47:41.318 *** Mouse movement (LeftButton) ***  Mouse coords: (539, 488) (85074, 14047)
2022-08-10 22:47:41.335 *** Mouse movement (LeftButton) ***  Mouse coords: (536, 493) (85161, 13946)
2022-08-10 22:47:41.352 *** Mouse movement (LeftButton) ***  Mouse coords: (533, 499) (85161, 13958)
2022-08-10 22:47:41.368 *** Mouse movement (LeftButton) ***  Mouse coords: (533, 500) (85199, 13896)
2022-08-10 22:47:42.378 *** Mouse movement (LeftButton) ***  Mouse coords: (598, 344) (85753, 12997)
2022-08-10 22:47:42.402 *** Mouse movement (LeftButton) ***  Mouse coords: (593, 357) (85733, 13041)
2022-08-10 22:47:42.418 *** Mouse movement (LeftButton) ***  Mouse coords: (590, 363) (85740, 13012)
2022-08-10 22:47:42.435 *** Mouse movement (LeftButton) ***  Mouse coords: (580, 382) (85712, 13066)
2022-08-10 22:47:42.451 *** Mouse movement (LeftButton) ***  Mouse coords: (570, 402) (85712, 13071)
2022-08-10 22:47:42.468 *** Mouse movement (LeftButton) ***  Mouse coords: (559, 421) (85708, 13065)
2022-08-10 22:47:42.485 *** Mouse movement (LeftButton) ***  Mouse coords: (552, 436) (85724, 13050)
2022-08-10 22:47:42.501 *** Mouse movement (LeftButton) ***  Mouse coords: (545, 449) (85725, 13041)
2022-08-10 22:47:42.518 *** Mouse movement (LeftButton) ***  Mouse coords: (541, 456) (85736, 13017)
2022-08-10 22:47:42.535 *** Mouse movement (LeftButton) ***  Mouse coords: (538, 462) (85741, 13013)
2022-08-10 22:47:42.551 *** Mouse movement (LeftButton) ***  Mouse coords: (537, 465) (85749, 13000)
2022-08-10 22:47:42.568 *** Mouse movement (LeftButton) ***  Mouse coords: (537, 466) (85753, 12992)
2022-08-10 22:47:43.511 *** Keyboard input *** key pressed: key: 32; text: " "
2022-08-10 22:47:43.816 *** Keyboard input *** key pressed: key: 32; text: " "
2022-08-10 22:47:44.364 *** Keyboard input *** key pressed: key: 32; text: " "
2022-08-10 22:47:44.655 *** Keyboard input *** key pressed: key: 32; text: " "
2022-08-10 22:47:54.800 *** Open case *** /media/zhihuang/Drive3/Google_Colon_lnm_pos_2015_slides/slides/S2525
2022-08-10 22:48:02.513 *** Open case *** /media/zhihuang/Drive3/Google_Colon_lnm_pos_2015_slides/slides/S3254
2022-08-10 22:48:06.470 *** Open processed data
2022-08-10 22:48:06.471 *** Preload all statistics at once.
2022-08-10 22:48:17.451 *** Nuclei stat data loaded, took 10.98 seconds. Total number of nuclei: 1851688
2022-08-10 22:48:23.216 *** Mouse movement (LeftButton) ***  Mouse coords: (672, 543) (102553, 24512)
2022-08-10 22:48:23.240 *** Mouse movement (LeftButton) ***  Mouse coords: (672, 537) (102552, 23712)
2022-08-10 22:48:23.255 *** Mouse movement (LeftButton) ***  Mouse coords: (677, 523) (103352, 22432)
2022-08-10 22:48:23.269 *** Mouse movement (LeftButton) ***  Mouse coords: (680, 512) (103033, 22912)
2022-08-10 22:48:23.285 *** Mouse movement (LeftButton) ***  Mouse coords: (688, 488) (103833, 20832)
2022-08-10 22:48:23.301 *** Mouse movement (LeftButton) ***  Mouse coords: (699, 462) (104313, 20512)
2022-08-10 22:48:23.318 *** Mouse movement (LeftButton) ***  Mouse coords: (703, 445) (103193, 21952)
2022-08-10 22:48:23.335 *** Mouse movement (LeftButton) ***  Mouse coords: (711, 424) (103833, 21312)
2022-08-10 22:48:23.351 *** Mouse movement (LeftButton) ***  Mouse coords: (718, 400) (103673, 20832)
2022-08-10 22:48:23.368 *** Mouse movement (LeftButton) ***  Mouse coords: (721, 391) (103033, 23232)
2022-08-10 22:48:23.385 *** Mouse movement (LeftButton) ***  Mouse coords: (722, 388) (102713, 24192)
2022-08-10 22:48:23.401 *** Mouse movement (LeftButton) ***  Mouse coords: (722, 386) (102553, 24352)
2022-08-10 22:48:24.558 *** Mouse movement (LeftButton) ***  Mouse coords: (763, 222) (113147, 34742)
2022-08-10 22:48:24.585 *** Mouse movement (LeftButton) ***  Mouse coords: (758, 239) (113028, 35220)
2022-08-10 22:48:24.601 *** Mouse movement (LeftButton) ***  Mouse coords: (745, 265) (112789, 35488)
2022-08-10 22:48:24.618 *** Mouse movement (LeftButton) ***  Mouse coords: (721, 305) (112460, 35906)
2022-08-10 22:48:24.635 *** Mouse movement (LeftButton) ***  Mouse coords: (698, 335) (112491, 35608)
2022-08-10 22:48:24.651 *** Mouse movement (LeftButton) ***  Mouse coords: (677, 356) (112550, 35339)
2022-08-10 22:48:24.668 *** Mouse movement (LeftButton) ***  Mouse coords: (653, 377) (112460, 35339)
2022-08-10 22:48:24.685 *** Mouse movement (LeftButton) ***  Mouse coords: (641, 389) (112819, 35070)
2022-08-10 22:48:24.701 *** Mouse movement (LeftButton) ***  Mouse coords: (631, 401) (112878, 35070)
2022-08-10 22:48:24.718 *** Mouse movement (LeftButton) ***  Mouse coords: (628, 406) (113088, 34861)
2022-08-10 22:48:24.735 *** Mouse movement (LeftButton) ***  Mouse coords: (627, 409) (113147, 34802)
2022-08-10 22:48:24.751 *** Mouse movement (LeftButton) ***  Mouse coords: (626, 410) (113147, 34742)
2022-08-10 22:48:25.212 *** Process image overlay spent 0.01 seconds.
2022-08-10 22:48:25.277 *** Get cell color spent 0.06 seconds.
2022-08-10 22:48:25.620 *** Process image overlay spent 0.01 seconds.
2022-08-10 22:48:25.675 *** Get cell color spent 0.06 seconds.
2022-08-10 22:48:26.651 *** Mouse movement (LeftButton) ***  Mouse coords: (698, 199) (114865, 32977)
2022-08-10 22:48:26.676 *** Mouse movement (LeftButton) ***  Mouse coords: (697, 203) (114864, 33000)
2022-08-10 22:48:26.691 *** Mouse movement (LeftButton) ***  Mouse coords: (695, 208) (114859, 33005)
2022-08-10 22:48:26.702 *** Mouse movement (LeftButton) ***  Mouse coords: (693, 211) (114859, 32993)
2022-08-10 22:48:26.718 *** Mouse movement (LeftButton) ***  Mouse coords: (686, 225) (114831, 33055)
2022-08-10 22:48:26.734 *** Mouse movement (LeftButton) ***  Mouse coords: (682, 236) (114848, 33039)
2022-08-10 22:48:26.751 *** Mouse movement (LeftButton) ***  Mouse coords: (676, 248) (114836, 33043)
2022-08-10 22:48:26.768 *** Mouse movement (LeftButton) ***  Mouse coords: (669, 261) (114831, 33050)
2022-08-10 22:48:26.784 *** Mouse movement (LeftButton) ***  Mouse coords: (663, 275) (114837, 33055)
2022-08-10 22:48:26.801 *** Mouse movement (LeftButton) ***  Mouse coords: (657, 297) (114836, 33099)
2022-08-10 22:48:26.818 *** Mouse movement (LeftButton) ***  Mouse coords: (652, 311) (114843, 33055)
2022-08-10 22:48:26.834 *** Mouse movement (LeftButton) ***  Mouse coords: (648, 324) (114847, 33050)
2022-08-10 22:48:26.851 *** Mouse movement (LeftButton) ***  Mouse coords: (646, 335) (114859, 33038)
2022-08-10 22:48:26.868 *** Mouse movement (LeftButton) ***  Mouse coords: (642, 347) (114848, 33044)
2022-08-10 22:48:26.884 *** Mouse movement (LeftButton) ***  Mouse coords: (641, 350) (114864, 32994)
2022-08-10 22:48:26.901 *** Mouse movement (LeftButton) ***  Mouse coords: (641, 352) (114870, 32988)
2022-08-10 22:48:26.928 *** Process image overlay spent 0.01 seconds.
2022-08-10 22:48:27.015 *** Get cell color spent 0.09 seconds.
2022-08-10 22:48:27.361 *** Process image overlay spent 0.01 seconds.
2022-08-10 22:48:27.410 *** Get cell color spent 0.05 seconds.
2022-08-10 22:48:28.400 *** Process image overlay spent 0.02 seconds.
2022-08-10 22:48:28.430 *** Get cell color spent 0.03 seconds.
2022-08-10 22:48:28.731 *** Process image overlay spent 0.01 seconds.
2022-08-10 22:48:28.740 *** Get cell color spent 0.01 seconds.
2022-08-10 22:48:28.871 *** Process image overlay spent 0.02 seconds.
2022-08-10 22:48:28.882 *** Get cell color spent 0.01 seconds.
2022-08-10 22:48:29.797 *** Process image overlay spent 0.01 seconds.
2022-08-10 22:48:29.801 *** Get cell color spent 0.00 seconds.
2022-08-10 22:48:29.867 *** Process image overlay spent 0.01 seconds.
2022-08-10 22:48:29.871 *** Get cell color spent 0.00 seconds.
2022-08-10 22:48:33.005 *** Process image overlay spent 0.01 seconds.
2022-08-10 22:48:33.062 *** Get cell color spent 0.06 seconds.
2022-08-10 22:48:33.425 *** Process image overlay spent 0.01 seconds.
2022-08-10 22:48:33.445 *** Get cell color spent 0.02 seconds.
2022-08-10 22:48:33.725 *** Process image overlay spent 0.01 seconds.
2022-08-10 22:48:33.742 *** Get cell color spent 0.02 seconds.
2022-08-10 22:48:34.252 *** Process image overlay spent 0.01 seconds.
2022-08-10 22:48:34.259 *** Get cell color spent 0.01 seconds.
2022-08-10 22:48:34.395 *** Process image overlay spent 0.01 seconds.
2022-08-10 22:48:34.398 *** Get cell color spent 0.00 seconds.
2022-08-10 22:48:34.454 *** Process image overlay spent 0.01 seconds.
2022-08-10 22:48:34.457 *** Get cell color spent 0.00 seconds.
2022-08-10 22:48:35.439 *** Process image overlay spent 0.01 seconds.
2022-08-10 22:48:35.441 *** Get cell color spent 0.00 seconds.
2022-08-10 22:48:36.242 *** Process image overlay spent 0.02 seconds.
2022-08-10 22:48:36.245 *** Get cell color spent 0.00 seconds.
2022-08-10 22:48:37.503 *** Mouse movement (LeftButton) ***  Mouse coords: (655, 325) (114781, 33429)
2022-08-10 22:48:37.535 *** Mouse movement (LeftButton) ***  Mouse coords: (658, 323) (114782, 33428)
2022-08-10 22:48:37.582 *** Process image overlay spent 0.02 seconds.
2022-08-10 22:48:37.584 *** Get cell color spent 0.00 seconds.
2022-08-10 22:48:37.599 *** Mouse movement (LeftButton) ***  Mouse coords: (659, 322) (114781, 33429)
2022-08-10 22:48:37.618 *** Mouse movement (LeftButton) ***  Mouse coords: (660, 322) (114781, 33429)
2022-08-10 22:48:37.635 *** Mouse movement (LeftButton) ***  Mouse coords: (660, 321) (114781, 33428)
2022-08-10 22:48:37.664 *** Process image overlay spent 0.01 seconds.
2022-08-10 22:48:37.666 *** Get cell color spent 0.00 seconds.
2022-08-10 22:48:37.680 *** Mouse movement (LeftButton) ***  Mouse coords: (662, 318) (114782, 33428)
2022-08-10 22:48:37.702 *** Mouse movement (LeftButton) ***  Mouse coords: (665, 315) (114782, 33428)
2022-08-10 22:48:37.718 *** Mouse movement (LeftButton) ***  Mouse coords: (666, 313) (114781, 33429)
2022-08-10 22:48:37.735 *** Mouse movement (LeftButton) ***  Mouse coords: (667, 312) (114782, 33428)
2022-08-10 22:48:37.752 *** Mouse movement (LeftButton) ***  Mouse coords: (669, 310) (114781, 33429)
2022-08-10 22:48:37.781 *** Mouse movement (LeftButton) ***  Mouse coords: (669, 309) (114781, 33428)
2022-08-10 22:48:37.816 *** Process image overlay spent 0.02 seconds.
2022-08-10 22:48:37.818 *** Get cell color spent 0.00 seconds.
2022-08-10 22:48:38.531 *** Mouse movement (LeftButton) ***  Mouse coords: (648, 359) (114774, 33446)
2022-08-10 22:48:38.559 *** Mouse movement (LeftButton) ***  Mouse coords: (647, 363) (114774, 33448)
2022-08-10 22:48:38.569 *** Mouse movement (LeftButton) ***  Mouse coords: (647, 365) (114774, 33446)
2022-08-10 22:48:38.585 *** Mouse movement (LeftButton) ***  Mouse coords: (646, 367) (114774, 33447)
2022-08-10 22:48:38.602 *** Mouse movement (LeftButton) ***  Mouse coords: (646, 370) (114774, 33447)
2022-08-10 22:48:38.624 *** Mouse movement (LeftButton) ***  Mouse coords: (645, 375) (114773, 33448)
2022-08-10 22:48:38.636 *** Mouse movement (LeftButton) ***  Mouse coords: (644, 377) (114774, 33446)
2022-08-10 22:48:38.651 *** Mouse movement (LeftButton) ***  Mouse coords: (644, 380) (114774, 33447)
2022-08-10 22:48:38.668 *** Mouse movement (LeftButton) ***  Mouse coords: (643, 382) (114774, 33447)
2022-08-10 22:48:38.695 *** Process image overlay spent 0.01 seconds.
2022-08-10 22:48:38.697 *** Get cell color spent 0.00 seconds.
2022-08-10 22:48:38.709 *** Mouse movement (LeftButton) ***  Mouse coords: (643, 383) (114774, 33446)
2022-08-10 22:48:39.881 *** Mouse movement (LeftButton) ***  Mouse coords: (628, 408) (114769, 33455)
2022-08-10 22:48:39.910 *** Mouse movement (LeftButton) ***  Mouse coords: (627, 410) (114768, 33456)
2022-08-10 22:48:39.922 *** Mouse movement (LeftButton) ***  Mouse coords: (627, 412) (114769, 33455)
2022-08-10 22:48:39.935 *** Mouse movement (LeftButton) ***  Mouse coords: (626, 415) (114769, 33456)
2022-08-10 22:48:39.951 *** Mouse movement (LeftButton) ***  Mouse coords: (626, 417) (114769, 33456)
2022-08-10 22:48:39.968 *** Mouse movement (LeftButton) ***  Mouse coords: (625, 419) (114769, 33456)
2022-08-10 22:48:39.985 *** Mouse movement (LeftButton) ***  Mouse coords: (624, 421) (114768, 33455)
2022-08-10 22:48:40.001 *** Mouse movement (LeftButton) ***  Mouse coords: (623, 424) (114769, 33456)
2022-08-10 22:48:40.018 *** Mouse movement (LeftButton) ***  Mouse coords: (622, 427) (114769, 33456)
2022-08-10 22:48:40.035 *** Mouse movement (LeftButton) ***  Mouse coords: (622, 429) (114769, 33456)
2022-08-10 22:48:40.055 *** Mouse movement (LeftButton) ***  Mouse coords: (621, 429) (114768, 33455)
2022-08-10 22:48:40.080 *** Process image overlay spent 0.01 seconds.
2022-08-10 22:48:40.082 *** Get cell color spent 0.00 seconds.
2022-08-10 22:48:40.953 *** Mouse movement (LeftButton) ***  Mouse coords: (687, 388) (114792, 33441)
2022-08-10 22:48:40.968 *** Mouse movement (LeftButton) ***  Mouse coords: (688, 387) (114792, 33441)
2022-08-10 22:48:40.984 *** Mouse movement (LeftButton) ***  Mouse coords: (688, 386) (114792, 33440)
2022-08-10 22:48:41.026 *** Process image overlay spent 0.02 seconds.
2022-08-10 22:48:41.028 *** Get cell color spent 0.00 seconds.
2022-08-10 22:48:41.041 *** Mouse movement (LeftButton) ***  Mouse coords: (690, 382) (114793, 33440)
2022-08-10 22:48:41.052 *** Mouse movement (LeftButton) ***  Mouse coords: (691, 381) (114792, 33441)
2022-08-10 22:48:41.068 *** Mouse movement (LeftButton) ***  Mouse coords: (693, 377) (114793, 33439)
2022-08-10 22:48:41.084 *** Mouse movement (LeftButton) ***  Mouse coords: (694, 374) (114792, 33440)
2022-08-10 22:48:41.101 *** Mouse movement (LeftButton) ***  Mouse coords: (695, 372) (114792, 33441)
2022-08-10 22:48:41.546 *** Mouse movement (LeftButton) ***  Mouse coords: (698, 367) (114793, 33439)
2022-08-10 22:48:41.572 *** Mouse movement (LeftButton) ***  Mouse coords: (700, 363) (114794, 33438)
2022-08-10 22:48:41.595 *** Mouse movement (LeftButton) ***  Mouse coords: (704, 355) (114794, 33436)
2022-08-10 22:48:41.606 *** Mouse movement (LeftButton) ***  Mouse coords: (706, 349) (114794, 33437)
2022-08-10 22:48:41.618 *** Mouse movement (LeftButton) ***  Mouse coords: (709, 345) (114794, 33438)
2022-08-10 22:48:41.635 *** Mouse movement (LeftButton) ***  Mouse coords: (714, 336) (114795, 33435)
2022-08-10 22:48:41.651 *** Mouse movement (LeftButton) ***  Mouse coords: (722, 321) (114795, 33434)
2022-08-10 22:48:41.668 *** Mouse movement (LeftButton) ***  Mouse coords: (725, 316) (114794, 33438)
2022-08-10 22:48:41.685 *** Mouse movement (LeftButton) ***  Mouse coords: (728, 308) (114795, 33436)
2022-08-10 22:48:41.701 *** Mouse movement (LeftButton) ***  Mouse coords: (730, 305) (114793, 33438)
2022-08-10 22:48:41.718 *** Mouse movement (LeftButton) ***  Mouse coords: (730, 304) (114793, 33439)
2022-08-10 22:48:42.176 *** Mouse movement (LeftButton) ***  Mouse coords: (712, 330) (114787, 33447)
2022-08-10 22:48:42.201 *** Mouse movement (LeftButton) ***  Mouse coords: (709, 334) (114786, 33449)
2022-08-10 22:48:42.218 *** Mouse movement (LeftButton) ***  Mouse coords: (707, 338) (114786, 33448)
2022-08-10 22:48:42.235 *** Mouse movement (LeftButton) ***  Mouse coords: (704, 343) (114786, 33449)
2022-08-10 22:48:42.251 *** Mouse movement (LeftButton) ***  Mouse coords: (701, 349) (114786, 33449)
2022-08-10 22:48:42.268 *** Mouse movement (LeftButton) ***  Mouse coords: (700, 352) (114787, 33448)
2022-08-10 22:48:42.285 *** Mouse movement (LeftButton) ***  Mouse coords: (699, 353) (114787, 33447)
2022-08-10 22:48:42.371 *** Mouse movement (LeftButton) ***  Mouse coords: (699, 354) (114787, 33448)
2022-08-10 22:48:42.386 *** Mouse movement (LeftButton) ***  Mouse coords: (698, 355) (114786, 33447)
2022-08-10 22:48:42.417 *** Process image overlay spent 0.01 seconds.
2022-08-10 22:48:42.419 *** Get cell color spent 0.00 seconds.
2022-08-10 22:48:42.435 *** Mouse movement (LeftButton) ***  Mouse coords: (698, 356) (114787, 33447)
2022-08-10 22:48:42.993 *** Mouse movement (LeftButton) ***  Mouse coords: (687, 375) (114784, 33454)
2022-08-10 22:48:43.021 *** Mouse movement (LeftButton) ***  Mouse coords: (684, 379) (114783, 33454)
2022-08-10 22:48:43.035 *** Mouse movement (LeftButton) ***  Mouse coords: (681, 383) (114783, 33454)
2022-08-10 22:48:43.051 *** Mouse movement (LeftButton) ***  Mouse coords: (677, 389) (114782, 33455)
2022-08-10 22:48:43.068 *** Mouse movement (LeftButton) ***  Mouse coords: (674, 394) (114783, 33455)
2022-08-10 22:48:43.084 *** Mouse movement (LeftButton) ***  Mouse coords: (672, 397) (114783, 33454)
2022-08-10 22:48:43.101 *** Mouse movement (LeftButton) ***  Mouse coords: (672, 398) (114784, 33454)
2022-08-10 22:48:43.138 *** Process image overlay spent 0.02 seconds.
2022-08-10 22:48:43.140 *** Get cell color spent 0.00 seconds.
2022-08-10 22:48:44.261 *** Mouse movement (LeftButton) ***  Mouse coords: (669, 402) (114783, 33454)
2022-08-10 22:48:44.288 *** Mouse movement (LeftButton) ***  Mouse coords: (667, 406) (114784, 33455)
2022-08-10 22:48:44.302 *** Mouse movement (LeftButton) ***  Mouse coords: (664, 410) (114783, 33456)
2022-08-10 22:48:44.319 *** Mouse movement (LeftButton) ***  Mouse coords: (662, 413) (114783, 33455)
2022-08-10 22:48:44.334 *** Mouse movement (LeftButton) ***  Mouse coords: (661, 415) (114784, 33454)
2022-08-10 22:48:44.351 *** Mouse movement (LeftButton) ***  Mouse coords: (660, 418) (114783, 33455)
2022-08-10 22:48:44.368 *** Mouse movement (LeftButton) ***  Mouse coords: (659, 420) (114784, 33455)
2022-08-10 22:48:44.386 *** Mouse movement (LeftButton) ***  Mouse coords: (658, 421) (114784, 33454)
2022-08-10 22:48:44.401 *** Mouse movement (LeftButton) ***  Mouse coords: (657, 423) (114783, 33455)
2022-08-10 22:48:44.418 *** Mouse movement (LeftButton) ***  Mouse coords: (656, 424) (114784, 33454)
2022-08-10 22:48:44.435 *** Mouse movement (LeftButton) ***  Mouse coords: (654, 427) (114783, 33455)
2022-08-10 22:48:44.451 *** Mouse movement (LeftButton) ***  Mouse coords: (653, 430) (114784, 33455)
2022-08-10 22:48:44.468 *** Mouse movement (LeftButton) ***  Mouse coords: (651, 433) (114783, 33455)
2022-08-10 22:48:44.485 *** Mouse movement (LeftButton) ***  Mouse coords: (650, 434) (114784, 33455)
2022-08-10 22:48:44.501 *** Mouse movement (LeftButton) ***  Mouse coords: (648, 437) (114783, 33455)
2022-08-10 22:48:44.530 *** Process image overlay spent 0.01 seconds.
2022-08-10 22:48:44.532 *** Get cell color spent 0.00 seconds.
2022-08-10 22:48:45.229 *** Mouse movement (LeftButton) ***  Mouse coords: (768, 265) (114825, 33395)
2022-08-10 22:48:45.253 *** Mouse movement (LeftButton) ***  Mouse coords: (766, 271) (114824, 33397)
2022-08-10 22:48:45.268 *** Mouse movement (LeftButton) ***  Mouse coords: (760, 282) (114823, 33399)
2022-08-10 22:48:45.285 *** Mouse movement (LeftButton) ***  Mouse coords: (753, 293) (114823, 33399)
2022-08-10 22:48:45.305 *** Mouse movement (LeftButton) ***  Mouse coords: (744, 306) (114822, 33399)
2022-08-10 22:48:45.318 *** Mouse movement (LeftButton) ***  Mouse coords: (738, 314) (114823, 33398)
2022-08-10 22:48:45.335 *** Mouse movement (LeftButton) ***  Mouse coords: (733, 320) (114823, 33397)
2022-08-10 22:48:45.351 *** Mouse movement (LeftButton) ***  Mouse coords: (730, 325) (114824, 33397)
2022-08-10 22:48:45.368 *** Mouse movement (LeftButton) ***  Mouse coords: (727, 328) (114824, 33396)
2022-08-10 22:48:45.385 *** Mouse movement (LeftButton) ***  Mouse coords: (726, 331) (114825, 33396)
2022-08-10 22:48:45.402 *** Mouse movement (LeftButton) ***  Mouse coords: (724, 333) (114824, 33395)
2022-08-10 22:48:45.436 *** Process image overlay spent 0.01 seconds.
2022-08-10 22:48:45.437 *** Get cell color spent 0.00 seconds.
2022-08-10 22:48:45.836 *** Mouse movement (LeftButton) ***  Mouse coords: (720, 339) (114824, 33398)
2022-08-10 22:48:45.868 *** Mouse movement (LeftButton) ***  Mouse coords: (716, 344) (114822, 33398)
2022-08-10 22:48:45.884 *** Mouse movement (LeftButton) ***  Mouse coords: (713, 346) (114823, 33398)
2022-08-10 22:48:45.901 *** Mouse movement (LeftButton) ***  Mouse coords: (710, 348) (114823, 33398)
2022-08-10 22:48:45.918 *** Mouse movement (LeftButton) ***  Mouse coords: (708, 351) (114824, 33398)
2022-08-10 22:48:45.935 *** Mouse movement (LeftButton) ***  Mouse coords: (704, 354) (114822, 33398)
2022-08-10 22:48:45.951 *** Mouse movement (LeftButton) ***  Mouse coords: (703, 355) (114824, 33397)
2022-08-10 22:48:45.968 *** Mouse movement (LeftButton) ***  Mouse coords: (701, 356) (114823, 33397)
2022-08-10 22:48:45.985 *** Mouse movement (LeftButton) ***  Mouse coords: (699, 358) (114824, 33398)
2022-08-10 22:48:46.002 *** Mouse movement (LeftButton) ***  Mouse coords: (694, 360) (114822, 33398)
2022-08-10 22:48:46.027 *** Mouse movement (LeftButton) ***  Mouse coords: (688, 363) (114822, 33398)
2022-08-10 22:48:46.043 *** Mouse movement (LeftButton) ***  Mouse coords: (686, 364) (114823, 33397)
2022-08-10 22:48:46.054 *** Mouse movement (LeftButton) ***  Mouse coords: (683, 366) (114823, 33398)
2022-08-10 22:48:46.068 *** Mouse movement (LeftButton) ***  Mouse coords: (682, 367) (114824, 33397)
2022-08-10 22:48:46.085 *** Mouse movement (LeftButton) ***  Mouse coords: (681, 367) (114824, 33397)
2022-08-10 22:48:46.721 *** Mouse movement (LeftButton) ***  Mouse coords: (667, 374) (114819, 33399)
2022-08-10 22:48:46.752 *** Mouse movement (LeftButton) ***  Mouse coords: (656, 376) (114816, 33400)
2022-08-10 22:48:46.768 *** Mouse movement (LeftButton) ***  Mouse coords: (651, 376) (114818, 33399)
2022-08-10 22:48:46.784 *** Mouse movement (LeftButton) ***  Mouse coords: (645, 377) (114818, 33399)
2022-08-10 22:48:46.801 *** Mouse movement (LeftButton) ***  Mouse coords: (640, 377) (114819, 33399)
2022-08-10 22:48:46.818 *** Mouse movement (LeftButton) ***  Mouse coords: (635, 378) (114818, 33400)
2022-08-10 22:48:46.835 *** Mouse movement (LeftButton) ***  Mouse coords: (632, 378) (114819, 33399)
2022-08-10 22:48:46.851 *** Mouse movement (LeftButton) ***  Mouse coords: (631, 378) (114820, 33399)
2022-08-10 22:48:46.868 *** Mouse movement (LeftButton) ***  Mouse coords: (630, 378) (114819, 33399)
2022-08-10 22:48:46.895 *** Process image overlay spent 0.01 seconds.
2022-08-10 22:48:46.897 *** Get cell color spent 0.00 seconds.
2022-08-10 22:48:48.026 *** Mouse movement (LeftButton) ***  Mouse coords: (630, 379) (114820, 33399)
2022-08-10 22:48:48.052 *** Mouse movement (LeftButton) ***  Mouse coords: (629, 381) (114820, 33400)
2022-08-10 22:48:48.068 *** Mouse movement (LeftButton) ***  Mouse coords: (628, 382) (114820, 33399)
2022-08-10 22:48:48.085 *** Mouse movement (LeftButton) ***  Mouse coords: (627, 384) (114819, 33400)
2022-08-10 22:48:48.101 *** Mouse movement (LeftButton) ***  Mouse coords: (625, 386) (114820, 33399)
2022-08-10 22:48:48.118 *** Mouse movement (LeftButton) ***  Mouse coords: (624, 388) (114819, 33400)
2022-08-10 22:48:48.134 *** Mouse movement (LeftButton) ***  Mouse coords: (623, 390) (114820, 33400)
2022-08-10 22:48:48.151 *** Mouse movement (LeftButton) ***  Mouse coords: (622, 392) (114820, 33400)
2022-08-10 22:48:48.168 *** Mouse movement (LeftButton) ***  Mouse coords: (620, 395) (114819, 33400)
2022-08-10 22:48:48.185 *** Mouse movement (LeftButton) ***  Mouse coords: (617, 399) (114819, 33400)
2022-08-10 22:48:48.205 *** Mouse movement (LeftButton) ***  Mouse coords: (615, 401) (114819, 33400)
2022-08-10 22:48:48.218 *** Mouse movement (LeftButton) ***  Mouse coords: (613, 403) (114819, 33399)
2022-08-10 22:48:48.234 *** Mouse movement (LeftButton) ***  Mouse coords: (612, 405) (114820, 33400)
2022-08-10 22:48:48.251 *** Mouse movement (LeftButton) ***  Mouse coords: (610, 407) (114819, 33400)
2022-08-10 22:48:48.280 *** Process image overlay spent 0.01 seconds.
2022-08-10 22:48:48.281 *** Get cell color spent 0.00 seconds.
2022-08-10 22:48:49.024 *** Process image overlay spent 0.01 seconds.
2022-08-10 22:48:49.026 *** Get cell color spent 0.00 seconds.
2022-08-10 22:48:49.081 *** Process image overlay spent 0.01 seconds.
2022-08-10 22:48:49.086 *** Get cell color spent 0.00 seconds.
2022-08-10 22:48:49.170 *** Process image overlay spent 0.01 seconds.
2022-08-10 22:48:49.178 *** Get cell color spent 0.01 seconds.
2022-08-10 22:48:49.296 *** Process image overlay spent 0.01 seconds.
2022-08-10 22:48:49.303 *** Get cell color spent 0.01 seconds.
2022-08-10 22:48:50.306 *** Mouse movement (LeftButton) ***  Mouse coords: (455, 437) (114531, 33361)
2022-08-10 22:48:50.335 *** Mouse movement (LeftButton) ***  Mouse coords: (463, 430) (114545, 33351)
2022-08-10 22:48:50.351 *** Mouse movement (LeftButton) ***  Mouse coords: (473, 422) (114549, 33348)
2022-08-10 22:48:50.368 *** Mouse movement (LeftButton) ***  Mouse coords: (492, 406) (114566, 33334)
2022-08-10 22:48:50.384 *** Mouse movement (LeftButton) ***  Mouse coords: (527, 374) (114595, 33305)
2022-08-10 22:48:50.401 *** Mouse movement (LeftButton) ***  Mouse coords: (545, 355) (114563, 33328)
2022-08-10 22:48:50.418 *** Mouse movement (LeftButton) ***  Mouse coords: (602, 302) (114635, 33267)
2022-08-10 22:48:50.435 *** Mouse movement (LeftButton) ***  Mouse coords: (635, 274) (114591, 33312)
2022-08-10 22:48:50.452 *** Mouse movement (LeftButton) ***  Mouse coords: (668, 250) (114591, 33319)
2022-08-10 22:48:50.468 *** Mouse movement (LeftButton) ***  Mouse coords: (698, 232) (114586, 33330)
2022-08-10 22:48:50.484 *** Mouse movement (LeftButton) ***  Mouse coords: (726, 214) (114582, 33331)
2022-08-10 22:48:50.501 *** Mouse movement (LeftButton) ***  Mouse coords: (741, 206) (114558, 33348)
2022-08-10 22:48:50.518 *** Mouse movement (LeftButton) ***  Mouse coords: (742, 205) (114533, 33361)
2022-08-10 22:48:50.557 *** Process image overlay spent 0.02 seconds.
2022-08-10 22:48:50.565 *** Get cell color spent 0.01 seconds.
2022-08-10 22:48:51.051 *** Process image overlay spent 0.01 seconds.
2022-08-10 22:48:51.057 *** Get cell color spent 0.01 seconds.
2022-08-10 22:48:51.572 *** Process image overlay spent 0.01 seconds.
2022-08-10 22:48:51.595 *** Get cell color spent 0.02 seconds.
2022-08-10 22:48:51.870 *** Process image overlay spent 0.01 seconds.
2022-08-10 22:48:51.890 *** Get cell color spent 0.02 seconds.
2022-08-10 22:48:52.755 *** Process image overlay spent 0.01 seconds.
2022-08-10 22:48:52.814 *** Get cell color spent 0.06 seconds.
2022-08-10 22:48:53.144 *** Process image overlay spent 0.01 seconds.
2022-08-10 22:48:53.198 *** Get cell color spent 0.05 seconds.
2022-08-10 22:48:54.078 *** Mouse movement (LeftButton) ***  Mouse coords: (418, 441) (113507, 33726)
2022-08-10 22:48:54.101 *** Mouse movement (LeftButton) ***  Mouse coords: (421, 439) (113524, 33721)
2022-08-10 22:48:54.118 *** Mouse movement (LeftButton) ***  Mouse coords: (424, 436) (113524, 33716)
2022-08-10 22:48:54.134 *** Mouse movement (LeftButton) ***  Mouse coords: (429, 433) (113534, 33715)
2022-08-10 22:48:54.151 *** Mouse movement (LeftButton) ***  Mouse coords: (433, 431) (113530, 33721)
2022-08-10 22:48:54.168 *** Mouse movement (LeftButton) ***  Mouse coords: (441, 428) (113551, 33715)
2022-08-10 22:48:54.184 *** Mouse movement (LeftButton) ***  Mouse coords: (452, 424) (113569, 33710)
2022-08-10 22:48:54.201 *** Mouse movement (LeftButton) ***  Mouse coords: (459, 421) (113546, 33715)
2022-08-10 22:48:54.218 *** Mouse movement (LeftButton) ***  Mouse coords: (468, 416) (113557, 33704)
2022-08-10 22:48:54.234 *** Mouse movement (LeftButton) ***  Mouse coords: (486, 406) (113607, 33676)
2022-08-10 22:48:54.251 *** Mouse movement (LeftButton) ***  Mouse coords: (508, 397) (113629, 33682)
2022-08-10 22:48:54.268 *** Mouse movement (LeftButton) ***  Mouse coords: (518, 392) (113563, 33705)
2022-08-10 22:48:54.284 *** Mouse movement (LeftButton) ***  Mouse coords: (538, 385) (113619, 33693)
2022-08-10 22:48:54.301 *** Mouse movement (LeftButton) ***  Mouse coords: (549, 381) (113568, 33709)
2022-08-10 22:48:54.318 *** Mouse movement (LeftButton) ***  Mouse coords: (555, 379) (113540, 33721)
2022-08-10 22:48:54.334 *** Mouse movement (LeftButton) ***  Mouse coords: (560, 377) (113535, 33721)
2022-08-10 22:48:54.351 *** Mouse movement (LeftButton) ***  Mouse coords: (561, 377) (113513, 33732)
2022-08-10 22:48:54.378 *** Process image overlay spent 0.01 seconds.
2022-08-10 22:48:54.433 *** Get cell color spent 0.05 seconds.
2022-08-10 22:48:54.846 *** Process image overlay spent 0.01 seconds.
2022-08-10 22:48:54.900 *** Get cell color spent 0.05 seconds.
2022-08-10 22:48:56.724 *** Process image overlay spent 0.02 seconds.
2022-08-10 22:48:56.744 *** Get cell color spent 0.02 seconds.
2022-08-10 22:48:57.007 *** Process image overlay spent 0.01 seconds.
2022-08-10 22:48:57.022 *** Get cell color spent 0.02 seconds.
2022-08-10 22:48:57.858 *** Mouse movement (LeftButton) ***  Mouse coords: (342, 626) (112280, 35295)
2022-08-10 22:48:57.887 *** Mouse movement (LeftButton) ***  Mouse coords: (345, 622) (112286, 35287)
2022-08-10 22:48:57.901 *** Mouse movement (LeftButton) ***  Mouse coords: (348, 619) (112287, 35289)
2022-08-10 22:48:57.918 *** Mouse movement (LeftButton) ***  Mouse coords: (353, 614) (112293, 35283)
2022-08-10 22:48:57.934 *** Mouse movement (LeftButton) ***  Mouse coords: (369, 601) (112328, 35258)
2022-08-10 22:48:57.951 *** Mouse movement (LeftButton) ***  Mouse coords: (380, 589) (112312, 35261)
2022-08-10 22:48:57.968 *** Mouse movement (LeftButton) ***  Mouse coords: (394, 577) (112321, 35260)
2022-08-10 22:48:57.985 *** Mouse movement (LeftButton) ***  Mouse coords: (415, 558) (112344, 35239)
2022-08-10 22:48:58.001 *** Mouse movement (LeftButton) ***  Mouse coords: (443, 529) (112366, 35207)
2022-08-10 22:48:58.018 *** Mouse movement (LeftButton) ***  Mouse coords: (461, 511) (112335, 35241)
2022-08-10 22:48:58.034 *** Mouse movement (LeftButton) ***  Mouse coords: (479, 491) (112334, 35236)
2022-08-10 22:48:58.051 *** Mouse movement (LeftButton) ***  Mouse coords: (497, 473) (112334, 35241)
2022-08-10 22:48:58.068 *** Mouse movement (LeftButton) ***  Mouse coords: (512, 457) (112325, 35248)
2022-08-10 22:48:58.084 *** Mouse movement (LeftButton) ***  Mouse coords: (529, 440) (112331, 35245)
2022-08-10 22:48:58.101 *** Mouse movement (LeftButton) ***  Mouse coords: (531, 439) (112284, 35296)
2022-08-10 22:48:58.118 *** Mouse movement (LeftButton) ***  Mouse coords: (532, 438) (112280, 35296)
2022-08-10 22:48:58.149 *** Process image overlay spent 0.01 seconds.
2022-08-10 22:48:58.175 *** Get cell color spent 0.03 seconds.
2022-08-10 22:48:58.432 *** Process image overlay spent 0.01 seconds.
2022-08-10 22:48:58.450 *** Get cell color spent 0.02 seconds.
2022-08-10 22:48:59.480 *** Process image overlay spent 0.01 seconds.
2022-08-10 22:48:59.487 *** Get cell color spent 0.01 seconds.
2022-08-10 22:48:59.602 *** Process image overlay spent 0.01 seconds.
2022-08-10 22:48:59.609 *** Get cell color spent 0.01 seconds.
2022-08-10 22:48:59.840 *** Process image overlay spent 0.02 seconds.
2022-08-10 22:48:59.844 *** Get cell color spent 0.00 seconds.
2022-08-10 22:48:59.898 *** Process image overlay spent 0.01 seconds.
2022-08-10 22:48:59.901 *** Get cell color spent 0.00 seconds.
2022-08-10 22:49:00.946 *** Process image overlay spent 0.01 seconds.
2022-08-10 22:49:00.954 *** Get cell color spent 0.01 seconds.
2022-08-10 22:49:01.078 *** Process image overlay spent 0.01 seconds.
2022-08-10 22:49:01.084 *** Get cell color spent 0.01 seconds.
2022-08-10 22:49:01.579 *** Mouse movement (LeftButton) ***  Mouse coords: (387, 623) (111835, 35951)
2022-08-10 22:49:01.606 *** Mouse movement (LeftButton) ***  Mouse coords: (393, 616) (111844, 35945)
2022-08-10 22:49:01.618 *** Mouse movement (LeftButton) ***  Mouse coords: (401, 608) (111848, 35943)
2022-08-10 22:49:01.634 *** Mouse movement (LeftButton) ***  Mouse coords: (408, 602) (111845, 35947)
2022-08-10 22:49:01.651 *** Mouse movement (LeftButton) ***  Mouse coords: (417, 590) (111850, 35937)
2022-08-10 22:49:01.668 *** Mouse movement (LeftButton) ***  Mouse coords: (431, 574) (111858, 35929)
2022-08-10 22:49:01.685 *** Mouse movement (LeftButton) ***  Mouse coords: (442, 556) (111853, 35925)
2022-08-10 22:49:01.701 *** Mouse movement (LeftButton) ***  Mouse coords: (454, 533) (111855, 35916)
2022-08-10 22:49:01.718 *** Mouse movement (LeftButton) ***  Mouse coords: (463, 518) (111849, 35931)
2022-08-10 22:49:01.735 *** Mouse movement (LeftButton) ***  Mouse coords: (471, 505) (111848, 35934)
2022-08-10 22:49:01.751 *** Mouse movement (LeftButton) ***  Mouse coords: (477, 497) (111844, 35943)
2022-08-10 22:49:01.768 *** Mouse movement (LeftButton) ***  Mouse coords: (480, 493) (111838, 35951)
2022-08-10 22:49:01.785 *** Mouse movement (LeftButton) ***  Mouse coords: (482, 491) (111837, 35955)
2022-08-10 22:49:01.801 *** Mouse movement (LeftButton) ***  Mouse coords: (482, 490) (111833, 35956)
2022-08-10 22:49:01.845 *** Process image overlay spent 0.01 seconds.
2022-08-10 22:49:01.852 *** Get cell color spent 0.01 seconds.
2022-08-10 22:49:01.963 *** Process image overlay spent 0.01 seconds.
2022-08-10 22:49:01.970 *** Get cell color spent 0.01 seconds.
2022-08-10 22:49:05.321 *** Mouse movement (LeftButton) ***  Mouse coords: (422, 399) (111724, 35792)
2022-08-10 22:49:05.352 *** Mouse movement (LeftButton) ***  Mouse coords: (440, 417) (111754, 35825)
2022-08-10 22:49:05.368 *** Mouse movement (LeftButton) ***  Mouse coords: (449, 426) (111739, 35808)
2022-08-10 22:49:05.384 *** Mouse movement (LeftButton) ***  Mouse coords: (461, 437) (111744, 35812)
2022-08-10 22:49:05.401 *** Mouse movement (LeftButton) ***  Mouse coords: (473, 448) (111743, 35812)
2022-08-10 22:49:05.418 *** Mouse movement (LeftButton) ***  Mouse coords: (483, 455) (111741, 35805)
2022-08-10 22:49:05.434 *** Mouse movement (LeftButton) ***  Mouse coords: (494, 466) (111742, 35812)
2022-08-10 22:49:05.451 *** Mouse movement (LeftButton) ***  Mouse coords: (497, 469) (111727, 35798)
2022-08-10 22:49:05.468 *** Mouse movement (LeftButton) ***  Mouse coords: (499, 471) (111726, 35795)
2022-08-10 22:49:05.507 *** Process image overlay spent 0.01 seconds.
2022-08-10 22:49:05.513 *** Get cell color spent 0.01 seconds.
2022-08-10 22:49:05.621 *** Process image overlay spent 0.01 seconds.
2022-08-10 22:49:05.627 *** Get cell color spent 0.01 seconds.
2022-08-10 22:49:06.124 *** Mouse movement (LeftButton) ***  Mouse coords: (508, 376) (111738, 35619)
2022-08-10 22:49:06.152 *** Mouse movement (LeftButton) ***  Mouse coords: (516, 393) (111753, 35649)
2022-08-10 22:49:06.168 *** Mouse movement (LeftButton) ***  Mouse coords: (532, 417) (111767, 35662)
2022-08-10 22:49:06.184 *** Mouse movement (LeftButton) ***  Mouse coords: (562, 450) (111792, 35678)
2022-08-10 22:49:06.201 *** Mouse movement (LeftButton) ***  Mouse coords: (586, 472) (111782, 35658)
2022-08-10 22:49:06.218 *** Mouse movement (LeftButton) ***  Mouse coords: (619, 497) (111798, 35663)
2022-08-10 22:49:06.234 *** Mouse movement (LeftButton) ***  Mouse coords: (642, 512) (111780, 35646)
2022-08-10 22:49:06.251 *** Mouse movement (LeftButton) ***  Mouse coords: (671, 531) (111791, 35652)
2022-08-10 22:49:06.268 *** Mouse movement (LeftButton) ***  Mouse coords: (688, 542) (111769, 35638)
2022-08-10 22:49:06.285 *** Mouse movement (LeftButton) ***  Mouse coords: (697, 547) (111754, 35627)
2022-08-10 22:49:06.301 *** Mouse movement (LeftButton) ***  Mouse coords: (701, 550) (111745, 35624)
2022-08-10 22:49:06.331 *** Process image overlay spent 0.01 seconds.
2022-08-10 22:49:06.341 *** Get cell color spent 0.01 seconds.
2022-08-10 22:49:06.452 *** Process image overlay spent 0.01 seconds.
2022-08-10 22:49:06.460 *** Get cell color spent 0.01 seconds.
2022-08-10 22:49:08.808 *** Mouse movement (LeftButton) ***  Mouse coords: (534, 369) (111434, 35289)
2022-08-10 22:49:08.818 *** Mouse movement (LeftButton) ***  Mouse coords: (534, 371) (111434, 35290)
2022-08-10 22:49:08.834 *** Mouse movement (LeftButton) ***  Mouse coords: (536, 379) (111438, 35302)
2022-08-10 22:49:08.851 *** Mouse movement (LeftButton) ***  Mouse coords: (541, 387) (111443, 35301)
2022-08-10 22:49:08.868 *** Mouse movement (LeftButton) ***  Mouse coords: (553, 400) (111456, 35311)
2022-08-10 22:49:08.884 *** Mouse movement (LeftButton) ***  Mouse coords: (570, 416) (111465, 35316)
2022-08-10 22:49:08.901 *** Mouse movement (LeftButton) ***  Mouse coords: (577, 423) (111447, 35300)
2022-08-10 22:49:08.918 *** Mouse movement (LeftButton) ***  Mouse coords: (585, 429) (111448, 35298)
2022-08-10 22:49:08.934 *** Mouse movement (LeftButton) ***  Mouse coords: (590, 432) (111443, 35292)
2022-08-10 22:49:08.951 *** Mouse movement (LeftButton) ***  Mouse coords: (591, 433) (111436, 35289)
2022-08-10 22:49:08.978 *** Process image overlay spent 0.01 seconds.
2022-08-10 22:49:08.985 *** Get cell color spent 0.01 seconds.
2022-08-10 22:49:09.097 *** Process image overlay spent 0.01 seconds.
2022-08-10 22:49:09.106 *** Get cell color spent 0.01 seconds.
2022-08-10 22:49:10.421 *** Mouse movement (LeftButton) ***  Mouse coords: (487, 339) (111245, 35116)
2022-08-10 22:49:10.451 *** Mouse movement (LeftButton) ***  Mouse coords: (503, 367) (111274, 35165)
2022-08-10 22:49:10.468 *** Mouse movement (LeftButton) ***  Mouse coords: (521, 391) (111278, 35158)
2022-08-10 22:49:10.484 *** Mouse movement (LeftButton) ***  Mouse coords: (551, 428) (111299, 35181)
2022-08-10 22:49:10.501 *** Mouse movement (LeftButton) ***  Mouse coords: (575, 460) (111289, 35172)
2022-08-10 22:49:10.518 *** Mouse movement (LeftButton) ***  Mouse coords: (596, 489) (111283, 35167)
2022-08-10 22:49:10.534 *** Mouse movement (LeftButton) ***  Mouse coords: (612, 509) (111274, 35150)
2022-08-10 22:49:10.551 *** Mouse movement (LeftButton) ***  Mouse coords: (623, 521) (111265, 35136)
2022-08-10 22:49:10.568 *** Mouse movement (LeftButton) ***  Mouse coords: (627, 525) (111253, 35121)
2022-08-10 22:49:10.584 *** Mouse movement (LeftButton) ***  Mouse coords: (627, 526) (111245, 35116)
2022-08-10 22:49:10.629 *** Process image overlay spent 0.01 seconds.
2022-08-10 22:49:10.636 *** Get cell color spent 0.01 seconds.
2022-08-10 22:49:10.756 *** Process image overlay spent 0.01 seconds.
2022-08-10 22:49:10.764 *** Get cell color spent 0.01 seconds.
2022-08-10 22:49:12.124 *** Mouse movement (LeftButton) ***  Mouse coords: (406, 275) (110843, 34658)
2022-08-10 22:49:12.142 *** Mouse movement (LeftButton) ***  Mouse coords: (420, 292) (110868, 34689)
2022-08-10 22:49:12.158 *** Mouse movement (LeftButton) ***  Mouse coords: (435, 308) (110895, 34718)
2022-08-10 22:49:12.168 *** Mouse movement (LeftButton) ***  Mouse coords: (458, 338) (110937, 34772)
2022-08-10 22:49:12.185 *** Mouse movement (LeftButton) ***  Mouse coords: (486, 369) (110988, 34829)
2022-08-10 22:49:12.201 *** Mouse movement (LeftButton) ***  Mouse coords: (507, 396) (111026, 34878)
2022-08-10 22:49:12.218 *** Mouse movement (LeftButton) ***  Mouse coords: (519, 412) (111048, 34907)
2022-08-10 22:49:12.235 *** Mouse movement (LeftButton) ***  Mouse coords: (533, 433) (111074, 34945)
2022-08-10 22:49:12.251 *** Mouse movement (LeftButton) ***  Mouse coords: (546, 454) (111097, 34983)
2022-08-10 22:49:12.268 *** Mouse movement (LeftButton) ***  Mouse coords: (550, 462) (111105, 34998)
2022-08-10 22:49:12.285 *** Mouse movement (LeftButton) ***  Mouse coords: (558, 471) (111119, 35014)
2022-08-10 22:49:12.301 *** Mouse movement (LeftButton) ***  Mouse coords: (563, 478) (111128, 35027)
2022-08-10 22:49:12.318 *** Mouse movement (LeftButton) ***  Mouse coords: (568, 482) (111137, 35034)
2022-08-10 22:49:12.334 *** Mouse movement (LeftButton) ***  Mouse coords: (574, 489) (111148, 35047)
2022-08-10 22:49:12.351 *** Mouse movement (LeftButton) ***  Mouse coords: (579, 493) (111157, 35054)
2022-08-10 22:49:12.368 *** Mouse movement (LeftButton) ***  Mouse coords: (591, 501) (111179, 35069)
2022-08-10 22:49:12.385 *** Mouse movement (LeftButton) ***  Mouse coords: (598, 505) (111192, 35076)
2022-08-10 22:49:12.401 *** Mouse movement (LeftButton) ***  Mouse coords: (613, 513) (111219, 35091)
2022-08-10 22:49:12.418 *** Mouse movement (LeftButton) ***  Mouse coords: (620, 516) (111232, 35096)
2022-08-10 22:49:12.435 *** Mouse movement (LeftButton) ***  Mouse coords: (623, 517) (111237, 35098)
2022-08-10 22:49:12.451 *** Mouse movement (LeftButton) ***  Mouse coords: (625, 517) (111241, 35098)
2022-08-10 22:49:12.499 *** Mouse movement (LeftButton) ***  Mouse coords: (626, 517) (111243, 35098)
2022-08-10 22:49:12.517 *** Mouse movement (LeftButton) ***  Mouse coords: (626, 514) (111243, 35092)
2022-08-10 22:49:12.535 *** Mouse movement (LeftButton) ***  Mouse coords: (627, 508) (111245, 35081)
2022-08-10 22:49:12.551 *** Mouse movement (LeftButton) ***  Mouse coords: (627, 488) (111245, 35045)
2022-08-10 22:49:12.568 *** Mouse movement (LeftButton) ***  Mouse coords: (628, 467) (111246, 35007)
2022-08-10 22:49:12.585 *** Mouse movement (LeftButton) ***  Mouse coords: (630, 443) (111250, 34963)
2022-08-10 22:49:12.601 *** Mouse movement (LeftButton) ***  Mouse coords: (630, 429) (111250, 34938)
2022-08-10 22:49:12.618 *** Mouse movement (LeftButton) ***  Mouse coords: (630, 416) (111250, 34914)
2022-08-10 22:49:12.635 *** Mouse movement (LeftButton) ***  Mouse coords: (623, 381) (111237, 34850)
2022-08-10 22:49:12.651 *** Mouse movement (LeftButton) ***  Mouse coords: (620, 371) (111232, 34832)
2022-08-10 22:49:12.668 *** Mouse movement (LeftButton) ***  Mouse coords: (617, 358) (111226, 34809)
2022-08-10 22:49:12.685 *** Mouse movement (LeftButton) ***  Mouse coords: (615, 350) (111223, 34794)
2022-08-10 22:49:12.702 *** Mouse movement (LeftButton) ***  Mouse coords: (609, 339) (111212, 34774)
2022-08-10 22:49:12.718 *** Mouse movement (LeftButton) ***  Mouse coords: (602, 330) (111199, 34758)
2022-08-10 22:49:12.735 *** Mouse movement (LeftButton) ***  Mouse coords: (595, 323) (111186, 34745)
2022-08-10 22:49:12.751 *** Mouse movement (LeftButton) ***  Mouse coords: (589, 319) (111175, 34738)
2022-08-10 22:49:12.768 *** Mouse movement (LeftButton) ***  Mouse coords: (583, 317) (111165, 34734)
2022-08-10 22:49:12.785 *** Mouse movement (LeftButton) ***  Mouse coords: (565, 312) (111132, 34725)
2022-08-10 22:49:12.802 *** Mouse movement (LeftButton) ***  Mouse coords: (552, 311) (111108, 34723)
2022-08-10 22:49:12.818 *** Mouse movement (LeftButton) ***  Mouse coords: (544, 310) (111094, 34721)
2022-08-10 22:49:12.835 *** Mouse movement (LeftButton) ***  Mouse coords: (535, 309) (111077, 34720)
2022-08-10 22:49:12.851 *** Mouse movement (LeftButton) ***  Mouse coords: (520, 309) (111050, 34720)
2022-08-10 22:49:13.271 *** Mouse movement (LeftButton) ***  Mouse coords: (459, 409) (110939, 34901)
2022-08-10 22:49:13.289 *** Mouse movement (LeftButton) ***  Mouse coords: (456, 413) (110934, 34909)
2022-08-10 22:49:13.304 *** Mouse movement (LeftButton) ***  Mouse coords: (454, 418) (110930, 34918)
2022-08-10 22:49:13.319 *** Mouse movement (LeftButton) ***  Mouse coords: (451, 423) (110924, 34927)
2022-08-10 22:49:13.335 *** Mouse movement (LeftButton) ***  Mouse coords: (448, 427) (110919, 34934)
2022-08-10 22:49:13.352 *** Mouse movement (LeftButton) ***  Mouse coords: (446, 432) (110915, 34943)
2022-08-10 22:49:13.368 *** Mouse movement (LeftButton) ***  Mouse coords: (444, 435) (110912, 34949)
2022-08-10 22:49:13.385 *** Mouse movement (LeftButton) ***  Mouse coords: (441, 439) (110906, 34956)
2022-08-10 22:49:13.401 *** Mouse movement (LeftButton) ***  Mouse coords: (439, 441) (110903, 34960)
2022-08-10 22:49:13.856 *** Mouse movement (LeftButton) ***  Mouse coords: (320, 400) (110686, 34885)
2022-08-10 22:49:13.874 *** Mouse movement (LeftButton) ***  Mouse coords: (319, 398) (110684, 34881)
2022-08-10 22:49:13.891 *** Mouse movement (LeftButton) ***  Mouse coords: (318, 397) (110683, 34880)
2022-08-10 22:49:13.902 *** Mouse movement (LeftButton) ***  Mouse coords: (317, 395) (110681, 34876)
2022-08-10 22:49:13.918 *** Mouse movement (LeftButton) ***  Mouse coords: (314, 389) (110675, 34865)
2022-08-10 22:49:13.935 *** Mouse movement (LeftButton) ***  Mouse coords: (311, 377) (110670, 34843)
2022-08-10 22:49:13.951 *** Mouse movement (LeftButton) ***  Mouse coords: (306, 366) (110661, 34823)
2022-08-10 22:49:13.968 *** Mouse movement (LeftButton) ***  Mouse coords: (298, 340) (110646, 34776)
2022-08-10 22:49:14.958 *** Mouse movement (LeftButton) ***  Mouse coords: (521, 267) (111052, 34643)
2022-08-10 22:49:14.968 *** Mouse movement (LeftButton) ***  Mouse coords: (525, 273) (111059, 34654)
2022-08-10 22:49:14.984 *** Mouse movement (LeftButton) ***  Mouse coords: (538, 292) (111083, 34689)
2022-08-10 22:49:15.001 *** Mouse movement (LeftButton) ***  Mouse coords: (552, 312) (111108, 34725)
2022-08-10 22:49:15.018 *** Mouse movement (LeftButton) ***  Mouse coords: (572, 336) (111145, 34769)
2022-08-10 22:49:15.035 *** Mouse movement (LeftButton) ***  Mouse coords: (596, 365) (111188, 34821)
2022-08-10 22:49:15.051 *** Mouse movement (LeftButton) ***  Mouse coords: (622, 392) (111235, 34871)
2022-08-10 22:49:15.068 *** Mouse movement (LeftButton) ***  Mouse coords: (640, 416) (111268, 34914)
2022-08-10 22:49:15.085 *** Mouse movement (LeftButton) ***  Mouse coords: (653, 432) (111292, 34943)
2022-08-10 22:49:15.101 *** Mouse movement (LeftButton) ***  Mouse coords: (679, 470) (111339, 35012)
2022-08-10 22:49:15.118 *** Mouse movement (LeftButton) ***  Mouse coords: (693, 489) (111365, 35047)
2022-08-10 22:49:15.135 *** Mouse movement (LeftButton) ***  Mouse coords: (706, 508) (111388, 35081)
2022-08-10 22:49:15.153 *** Mouse movement (LeftButton) ***  Mouse coords: (709, 513) (111394, 35091)
2022-08-10 22:49:15.168 *** Mouse movement (LeftButton) ***  Mouse coords: (713, 520) (111401, 35103)
2022-08-10 22:49:15.185 *** Mouse movement (LeftButton) ***  Mouse coords: (717, 529) (111408, 35120)
2022-08-10 22:49:15.201 *** Mouse movement (LeftButton) ***  Mouse coords: (719, 534) (111412, 35129)
2022-08-10 22:49:15.218 *** Mouse movement (LeftButton) ***  Mouse coords: (721, 540) (111416, 35140)
2022-08-10 22:49:15.235 *** Mouse movement (LeftButton) ***  Mouse coords: (722, 542) (111417, 35143)
2022-08-10 22:49:17.089 *** Mouse movement (LeftButton) ***  Mouse coords: (222, 323) (110508, 34745)
2022-08-10 22:49:17.107 *** Mouse movement (LeftButton) ***  Mouse coords: (222, 325) (110508, 34749)
2022-08-10 22:49:17.123 *** Mouse movement (LeftButton) ***  Mouse coords: (223, 331) (110510, 34760)
2022-08-10 22:49:17.135 *** Mouse movement (LeftButton) ***  Mouse coords: (230, 345) (110522, 34785)
2022-08-10 22:49:17.151 *** Mouse movement (LeftButton) ***  Mouse coords: (234, 352) (110530, 34798)
2022-08-10 22:49:17.168 *** Mouse movement (LeftButton) ***  Mouse coords: (246, 365) (110552, 34821)
2022-08-10 22:49:17.185 *** Mouse movement (LeftButton) ***  Mouse coords: (261, 378) (110579, 34845)
2022-08-10 22:49:17.201 *** Mouse movement (LeftButton) ***  Mouse coords: (287, 395) (110626, 34876)
2022-08-10 22:49:17.218 *** Mouse movement (LeftButton) ***  Mouse coords: (312, 411) (110672, 34905)
2022-08-10 22:49:17.235 *** Mouse movement (LeftButton) ***  Mouse coords: (339, 425) (110721, 34931)
2022-08-10 22:49:17.251 *** Mouse movement (LeftButton) ***  Mouse coords: (360, 437) (110759, 34952)
2022-08-10 22:49:17.268 *** Mouse movement (LeftButton) ***  Mouse coords: (372, 443) (110781, 34963)
2022-08-10 22:49:17.285 *** Mouse movement (LeftButton) ***  Mouse coords: (378, 446) (110792, 34969)
2022-08-10 22:49:17.434 *** Mouse movement (LeftButton) ***  Mouse coords: (378, 447) (110792, 34971)
2022-08-10 22:49:17.451 *** Mouse movement (LeftButton) ***  Mouse coords: (379, 450) (110793, 34976)
2022-08-10 22:49:17.468 *** Mouse movement (LeftButton) ***  Mouse coords: (383, 457) (110801, 34989)
2022-08-10 22:49:17.485 *** Mouse movement (LeftButton) ***  Mouse coords: (386, 464) (110806, 35001)
2022-08-10 22:49:17.501 *** Mouse movement (LeftButton) ***  Mouse coords: (401, 482) (110834, 35034)
2022-08-10 22:49:17.518 *** Mouse movement (LeftButton) ***  Mouse coords: (412, 497) (110854, 35061)
2022-08-10 22:49:17.535 *** Mouse movement (LeftButton) ***  Mouse coords: (419, 507) (110866, 35080)
2022-08-10 22:49:17.551 *** Mouse movement (LeftButton) ***  Mouse coords: (428, 518) (110883, 35100)
2022-08-10 22:49:17.568 *** Mouse movement (LeftButton) ***  Mouse coords: (432, 526) (110890, 35114)
2022-08-10 22:49:17.585 *** Mouse movement (LeftButton) ***  Mouse coords: (434, 533) (110894, 35127)
2022-08-10 22:49:17.601 *** Mouse movement (LeftButton) ***  Mouse coords: (436, 538) (110897, 35136)
2022-08-10 22:49:17.618 *** Mouse movement (LeftButton) ***  Mouse coords: (441, 550) (110906, 35158)
2022-08-10 22:49:17.635 *** Mouse movement (LeftButton) ***  Mouse coords: (449, 564) (110921, 35183)
2022-08-10 22:49:17.651 *** Mouse movement (LeftButton) ***  Mouse coords: (459, 576) (110939, 35205)
2022-08-10 22:49:17.668 *** Mouse movement (LeftButton) ***  Mouse coords: (464, 579) (110948, 35211)
2022-08-10 22:49:17.685 *** Mouse movement (LeftButton) ***  Mouse coords: (471, 584) (110961, 35220)
2022-08-10 22:49:18.514 *** Mouse movement (LeftButton) ***  Mouse coords: (387, 269) (110808, 34647)
2022-08-10 22:49:18.532 *** Mouse movement (LeftButton) ***  Mouse coords: (388, 273) (110810, 34654)
2022-08-10 22:49:18.547 *** Mouse movement (LeftButton) ***  Mouse coords: (394, 287) (110821, 34680)
2022-08-10 22:49:18.556 *** Mouse movement (LeftButton) ***  Mouse coords: (395, 290) (110823, 34685)
2022-08-10 22:49:18.568 *** Mouse movement (LeftButton) ***  Mouse coords: (408, 311) (110846, 34723)
2022-08-10 22:49:18.585 *** Mouse movement (LeftButton) ***  Mouse coords: (424, 335) (110875, 34767)
2022-08-10 22:49:18.601 *** Mouse movement (LeftButton) ***  Mouse coords: (448, 365) (110919, 34821)
2022-08-10 22:49:18.618 *** Mouse movement (LeftButton) ***  Mouse coords: (464, 388) (110948, 34863)
2022-08-10 22:49:18.635 *** Mouse movement (LeftButton) ***  Mouse coords: (509, 437) (111030, 34952)
2022-08-10 22:49:18.651 *** Mouse movement (LeftButton) ***  Mouse coords: (536, 462) (111079, 34998)
2022-08-10 22:49:18.668 *** Mouse movement (LeftButton) ***  Mouse coords: (557, 480) (111117, 35031)
2022-08-10 22:49:18.685 *** Mouse movement (LeftButton) ***  Mouse coords: (580, 499) (111159, 35065)
2022-08-10 22:49:18.701 *** Mouse movement (LeftButton) ***  Mouse coords: (616, 529) (111225, 35120)
2022-08-10 22:49:18.718 *** Mouse movement (LeftButton) ***  Mouse coords: (630, 542) (111250, 35143)
2022-08-10 22:49:18.735 *** Mouse movement (LeftButton) ***  Mouse coords: (645, 554) (111277, 35165)
2022-08-10 22:49:18.751 *** Mouse movement (LeftButton) ***  Mouse coords: (657, 563) (111299, 35182)
2022-08-10 22:49:18.768 *** Mouse movement (LeftButton) ***  Mouse coords: (665, 571) (111314, 35196)
2022-08-10 22:49:18.785 *** Mouse movement (LeftButton) ***  Mouse coords: (672, 578) (111326, 35209)
2022-08-10 22:49:18.801 *** Mouse movement (LeftButton) ***  Mouse coords: (677, 584) (111336, 35220)
2022-08-10 22:49:18.818 *** Mouse movement (LeftButton) ***  Mouse coords: (682, 588) (111345, 35227)
2022-08-10 22:49:18.835 *** Mouse movement (LeftButton) ***  Mouse coords: (685, 592) (111350, 35234)
2022-08-10 22:49:18.851 *** Mouse movement (LeftButton) ***  Mouse coords: (690, 595) (111359, 35240)
2022-08-10 22:49:18.868 *** Mouse movement (LeftButton) ***  Mouse coords: (693, 598) (111365, 35245)
2022-08-10 22:49:18.885 *** Mouse movement (LeftButton) ***  Mouse coords: (696, 601) (111370, 35251)
2022-08-10 22:49:18.901 *** Mouse movement (LeftButton) ***  Mouse coords: (700, 605) (111377, 35258)
2022-08-10 22:49:18.918 *** Mouse movement (LeftButton) ***  Mouse coords: (704, 609) (111385, 35265)
2022-08-10 22:49:18.935 *** Mouse movement (LeftButton) ***  Mouse coords: (710, 612) (111396, 35271)
2022-08-10 22:49:18.951 *** Mouse movement (LeftButton) ***  Mouse coords: (714, 613) (111403, 35272)
2022-08-10 22:49:18.968 *** Mouse movement (LeftButton) ***  Mouse coords: (716, 614) (111406, 35274)
2022-08-10 22:49:18.985 *** Mouse movement (LeftButton) ***  Mouse coords: (717, 614) (111408, 35274)
2022-08-10 22:49:19.008 *** Mouse movement (LeftButton) ***  Mouse coords: (718, 612) (111410, 35271)
2022-08-10 22:49:19.018 *** Mouse movement (LeftButton) ***  Mouse coords: (720, 604) (111414, 35256)
2022-08-10 22:49:19.035 *** Mouse movement (LeftButton) ***  Mouse coords: (724, 583) (111421, 35218)
2022-08-10 22:49:19.051 *** Mouse movement (LeftButton) ***  Mouse coords: (729, 565) (111430, 35185)
2022-08-10 22:49:19.068 *** Mouse movement (LeftButton) ***  Mouse coords: (730, 530) (111432, 35122)
2022-08-10 22:49:19.085 *** Mouse movement (LeftButton) ***  Mouse coords: (721, 471) (111416, 35014)
2022-08-10 22:49:19.101 *** Mouse movement (LeftButton) ***  Mouse coords: (705, 428) (111386, 34936)
2022-08-10 22:49:19.118 *** Mouse movement (LeftButton) ***  Mouse coords: (680, 389) (111341, 34865)
2022-08-10 22:49:19.135 *** Mouse movement (LeftButton) ***  Mouse coords: (655, 356) (111296, 34805)
2022-08-10 22:49:19.151 *** Mouse movement (LeftButton) ***  Mouse coords: (619, 319) (111230, 34738)
2022-08-10 22:49:19.168 *** Mouse movement (LeftButton) ***  Mouse coords: (584, 291) (111166, 34687)
2022-08-10 22:49:19.185 *** Mouse movement (LeftButton) ***  Mouse coords: (558, 272) (111119, 34652)
2022-08-10 22:49:19.201 *** Mouse movement (LeftButton) ***  Mouse coords: (518, 246) (111046, 34605)
2022-08-10 22:49:19.218 *** Mouse movement (LeftButton) ***  Mouse coords: (498, 236) (111010, 34587)
2022-08-10 22:49:19.235 *** Mouse movement (LeftButton) ***  Mouse coords: (436, 212) (110897, 34543)
2022-08-10 22:49:19.251 *** Mouse movement (LeftButton) ***  Mouse coords: (410, 207) (110850, 34534)
2022-08-10 22:49:19.268 *** Mouse movement (LeftButton) ***  Mouse coords: (385, 204) (110804, 34529)
2022-08-10 22:49:19.285 *** Mouse movement (LeftButton) ***  Mouse coords: (353, 206) (110746, 34532)
2022-08-10 22:49:19.301 *** Mouse movement (LeftButton) ***  Mouse coords: (317, 219) (110681, 34556)
2022-08-10 22:49:19.318 *** Mouse movement (LeftButton) ***  Mouse coords: (297, 232) (110644, 34579)
2022-08-10 22:49:19.335 *** Mouse movement (LeftButton) ***  Mouse coords: (269, 259) (110593, 34629)
2022-08-10 22:49:19.351 *** Mouse movement (LeftButton) ***  Mouse coords: (239, 295) (110539, 34694)
2022-08-10 22:49:19.368 *** Mouse movement (LeftButton) ***  Mouse coords: (210, 342) (110486, 34780)
2022-08-10 22:49:19.385 *** Mouse movement (LeftButton) ***  Mouse coords: (188, 390) (110446, 34867)
2022-08-10 22:49:19.401 *** Mouse movement (LeftButton) ***  Mouse coords: (177, 439) (110426, 34956)
2022-08-10 22:49:19.418 *** Mouse movement (LeftButton) ***  Mouse coords: (177, 474) (110426, 35020)
2022-08-10 22:49:19.435 *** Mouse movement (LeftButton) ***  Mouse coords: (183, 497) (110437, 35061)
2022-08-10 22:49:19.451 *** Mouse movement (LeftButton) ***  Mouse coords: (207, 540) (110481, 35140)
2022-08-10 22:49:19.468 *** Mouse movement (LeftButton) ***  Mouse coords: (231, 562) (110524, 35180)
2022-08-10 22:49:19.485 *** Mouse movement (LeftButton) ***  Mouse coords: (253, 575) (110564, 35203)
2022-08-10 22:49:19.501 *** Mouse movement (LeftButton) ***  Mouse coords: (291, 590) (110633, 35231)
2022-08-10 22:49:19.518 *** Mouse movement (LeftButton) ***  Mouse coords: (334, 599) (110712, 35247)
2022-08-10 22:49:19.535 *** Mouse movement (LeftButton) ***  Mouse coords: (405, 610) (110841, 35267)
2022-08-10 22:49:19.551 *** Mouse movement (LeftButton) ***  Mouse coords: (455, 613) (110932, 35272)
2022-08-10 22:49:19.568 *** Mouse movement (LeftButton) ***  Mouse coords: (512, 614) (111035, 35274)
2022-08-10 22:49:19.585 *** Mouse movement (LeftButton) ***  Mouse coords: (566, 614) (111134, 35274)
2022-08-10 22:49:19.601 *** Mouse movement (LeftButton) ***  Mouse coords: (624, 604) (111239, 35256)
2022-08-10 22:49:19.618 *** Mouse movement (LeftButton) ***  Mouse coords: (664, 587) (111312, 35225)
2022-08-10 22:49:19.634 *** Mouse movement (LeftButton) ***  Mouse coords: (695, 565) (111368, 35185)
2022-08-10 22:49:19.651 *** Mouse movement (LeftButton) ***  Mouse coords: (712, 548) (111399, 35154)
2022-08-10 22:49:19.668 *** Mouse movement (LeftButton) ***  Mouse coords: (727, 525) (111426, 35112)
2022-08-10 22:49:19.685 *** Mouse movement (LeftButton) ***  Mouse coords: (735, 501) (111441, 35069)
2022-08-10 22:49:19.701 *** Mouse movement (LeftButton) ***  Mouse coords: (736, 497) (111443, 35061)
2022-08-10 22:49:19.718 *** Mouse movement (LeftButton) ***  Mouse coords: (736, 493) (111443, 35054)
2022-08-10 22:49:19.735 *** Mouse movement (LeftButton) ***  Mouse coords: (734, 489) (111439, 35047)
2022-08-10 22:49:19.751 *** Mouse movement (LeftButton) ***  Mouse coords: (734, 488) (111439, 35045)
2022-08-10 22:49:20.488 *** Process image overlay spent 0.02 seconds.
2022-08-10 22:49:20.508 *** Get cell color spent 0.02 seconds.
2022-08-10 22:49:20.783 *** Process image overlay spent 0.01 seconds.
2022-08-10 22:49:20.802 *** Get cell color spent 0.02 seconds.
2022-08-10 22:49:22.210 *** Mouse movement (LeftButton) ***  Mouse coords: (510, 328) (111177, 34789)
2022-08-10 22:49:22.250 *** Mouse movement (LeftButton) ***  Mouse coords: (482, 357) (111088, 34881)
2022-08-10 22:49:22.268 *** Mouse movement (LeftButton) ***  Mouse coords: (464, 375) (111030, 34938)
2022-08-10 22:49:22.284 *** Mouse movement (LeftButton) ***  Mouse coords: (443, 395) (110963, 35002)
2022-08-10 22:49:22.301 *** Mouse movement (LeftButton) ***  Mouse coords: (419, 418) (110887, 35075)
2022-08-10 22:49:22.318 *** Mouse movement (LeftButton) ***  Mouse coords: (402, 437) (110833, 35136)
2022-08-10 22:49:22.334 *** Mouse movement (LeftButton) ***  Mouse coords: (390, 458) (110795, 35203)
2022-08-10 22:49:22.351 *** Mouse movement (LeftButton) ***  Mouse coords: (385, 474) (110779, 35254)
2022-08-10 22:49:22.368 *** Mouse movement (LeftButton) ***  Mouse coords: (383, 483) (110772, 35282)
2022-08-10 22:49:22.384 *** Mouse movement (LeftButton) ***  Mouse coords: (383, 506) (110772, 35355)
2022-08-10 22:49:22.401 *** Mouse movement (LeftButton) ***  Mouse coords: (388, 523) (110788, 35409)
2022-08-10 22:49:22.418 *** Mouse movement (LeftButton) ***  Mouse coords: (393, 535) (110804, 35448)
2022-08-10 22:49:22.434 *** Mouse movement (LeftButton) ***  Mouse coords: (403, 553) (110836, 35505)
2022-08-10 22:49:22.451 *** Mouse movement (LeftButton) ***  Mouse coords: (430, 583) (110922, 35600)
2022-08-10 22:49:22.468 *** Mouse movement (LeftButton) ***  Mouse coords: (443, 594) (110963, 35635)
2022-08-10 22:49:22.484 *** Mouse movement (LeftButton) ***  Mouse coords: (465, 606) (111033, 35674)
2022-08-10 22:49:22.501 *** Mouse movement (LeftButton) ***  Mouse coords: (486, 618) (111100, 35712)
2022-08-10 22:49:22.518 *** Mouse movement (LeftButton) ***  Mouse coords: (513, 627) (111186, 35741)
2022-08-10 22:49:22.534 *** Mouse movement (LeftButton) ***  Mouse coords: (533, 634) (111250, 35763)
2022-08-10 22:49:22.551 *** Mouse movement (LeftButton) ***  Mouse coords: (556, 641) (111323, 35785)
2022-08-10 22:49:22.568 *** Mouse movement (LeftButton) ***  Mouse coords: (573, 644) (111377, 35795)
2022-08-10 22:49:22.584 *** Mouse movement (LeftButton) ***  Mouse coords: (582, 645) (111406, 35798)
2022-08-10 22:49:22.601 *** Mouse movement (LeftButton) ***  Mouse coords: (603, 645) (111473, 35798)
2022-08-10 22:49:22.618 *** Mouse movement (LeftButton) ***  Mouse coords: (615, 641) (111511, 35785)
2022-08-10 22:49:22.634 *** Mouse movement (LeftButton) ***  Mouse coords: (624, 637) (111540, 35772)
2022-08-10 22:49:22.651 *** Mouse movement (LeftButton) ***  Mouse coords: (634, 629) (111571, 35747)
2022-08-10 22:49:22.668 *** Mouse movement (LeftButton) ***  Mouse coords: (641, 624) (111594, 35731)
2022-08-10 22:49:22.684 *** Mouse movement (LeftButton) ***  Mouse coords: (657, 611) (111645, 35690)
2022-08-10 22:49:22.701 *** Mouse movement (LeftButton) ***  Mouse coords: (665, 601) (111670, 35658)
2022-08-10 22:49:22.718 *** Mouse movement (LeftButton) ***  Mouse coords: (680, 581) (111718, 35594)
2022-08-10 22:49:22.735 *** Mouse movement (LeftButton) ***  Mouse coords: (686, 571) (111737, 35562)
2022-08-10 22:49:22.752 *** Mouse movement (LeftButton) ***  Mouse coords: (703, 538) (111791, 35457)
2022-08-10 22:49:22.768 *** Mouse movement (LeftButton) ***  Mouse coords: (715, 509) (111829, 35365)
2022-08-10 22:49:22.784 *** Mouse movement (LeftButton) ***  Mouse coords: (721, 489) (111848, 35301)
2022-08-10 22:49:22.801 *** Mouse movement (LeftButton) ***  Mouse coords: (726, 471) (111864, 35244)
2022-08-10 22:49:22.818 *** Mouse movement (LeftButton) ***  Mouse coords: (729, 450) (111874, 35177)
2022-08-10 22:49:22.834 *** Mouse movement (LeftButton) ***  Mouse coords: (732, 421) (111883, 35085)
2022-08-10 22:49:22.851 *** Mouse movement (LeftButton) ***  Mouse coords: (731, 416) (111880, 35069)
2022-08-10 22:49:22.868 *** Mouse movement (LeftButton) ***  Mouse coords: (728, 405) (111871, 35034)
2022-08-10 22:49:22.884 *** Mouse movement (LeftButton) ***  Mouse coords: (723, 396) (111855, 35005)
2022-08-10 22:49:22.901 *** Mouse movement (LeftButton) ***  Mouse coords: (715, 386) (111829, 34973)
2022-08-10 22:49:22.918 *** Mouse movement (LeftButton) ***  Mouse coords: (708, 380) (111807, 34954)
2022-08-10 22:49:22.939 *** Mouse movement (LeftButton) ***  Mouse coords: (705, 377) (111797, 34945)
2022-08-10 22:49:22.951 *** Mouse movement (LeftButton) ***  Mouse coords: (703, 376) (111791, 34942)
2022-08-10 22:49:22.970 *** Mouse movement (LeftButton) ***  Mouse coords: (698, 373) (111775, 34932)
2022-08-10 22:49:22.985 *** Mouse movement (LeftButton) ***  Mouse coords: (694, 370) (111762, 34922)
2022-08-10 22:49:23.001 *** Mouse movement (LeftButton) ***  Mouse coords: (691, 368) (111753, 34916)
2022-08-10 22:49:23.018 *** Mouse movement (LeftButton) ***  Mouse coords: (689, 366) (111746, 34910)
2022-08-10 22:49:23.034 *** Mouse movement (LeftButton) ***  Mouse coords: (687, 364) (111740, 34903)
2022-08-10 22:49:23.051 *** Mouse movement (LeftButton) ***  Mouse coords: (682, 358) (111724, 34884)
2022-08-10 22:49:23.068 *** Mouse movement (LeftButton) ***  Mouse coords: (679, 353) (111715, 34868)
2022-08-10 22:49:23.084 *** Mouse movement (LeftButton) ***  Mouse coords: (671, 337) (111689, 34817)
2022-08-10 22:49:23.101 *** Mouse movement (LeftButton) ***  Mouse coords: (661, 319) (111657, 34760)
2022-08-10 22:49:23.118 *** Mouse movement (LeftButton) ***  Mouse coords: (656, 309) (111641, 34728)
2022-08-10 22:49:23.134 *** Mouse movement (LeftButton) ***  Mouse coords: (644, 289) (111603, 34665)
2022-08-10 22:49:23.151 *** Mouse movement (LeftButton) ***  Mouse coords: (638, 279) (111584, 34633)
2022-08-10 22:49:23.298 *** Mouse movement (LeftButton) ***  Mouse coords: (616, 269) (111514, 34601)
2022-08-10 22:49:23.310 *** Mouse movement (LeftButton) ***  Mouse coords: (610, 273) (111495, 34614)
2022-08-10 22:49:23.322 *** Mouse movement (LeftButton) ***  Mouse coords: (606, 276) (111482, 34623)
2022-08-10 22:49:23.336 *** Mouse movement (LeftButton) ***  Mouse coords: (604, 277) (111476, 34626)
2022-08-10 22:49:23.351 *** Mouse movement (LeftButton) ***  Mouse coords: (600, 280) (111463, 34636)
2022-08-10 22:49:23.368 *** Mouse movement (LeftButton) ***  Mouse coords: (597, 282) (111454, 34642)
2022-08-10 22:49:23.620 *** Mouse movement (LeftButton) ***  Mouse coords: (491, 437) (111116, 35136)
2022-08-10 22:49:23.637 *** Mouse movement (LeftButton) ***  Mouse coords: (488, 453) (111107, 35187)
2022-08-10 22:49:23.654 *** Mouse movement (LeftButton) ***  Mouse coords: (487, 458) (111104, 35203)
2022-08-10 22:49:23.669 *** Mouse movement (LeftButton) ***  Mouse coords: (486, 462) (111100, 35215)
2022-08-10 22:49:23.685 *** Mouse movement (LeftButton) ***  Mouse coords: (485, 466) (111097, 35228)
2022-08-10 22:49:23.702 *** Mouse movement (LeftButton) ***  Mouse coords: (484, 468) (111094, 35234)
2022-08-10 22:49:23.719 *** Mouse movement (LeftButton) ***  Mouse coords: (483, 471) (111091, 35244)
2022-08-10 22:49:23.735 *** Mouse movement (LeftButton) ***  Mouse coords: (482, 472) (111088, 35247)
2022-08-10 22:49:23.866 *** Mouse movement (LeftButton) ***  Mouse coords: (473, 563) (111059, 35537)
2022-08-10 22:49:23.879 *** Mouse movement (LeftButton) ***  Mouse coords: (477, 582) (111072, 35597)
2022-08-10 22:49:23.892 *** Mouse movement (LeftButton) ***  Mouse coords: (483, 594) (111091, 35635)
2022-08-10 22:49:23.904 *** Mouse movement (LeftButton) ***  Mouse coords: (484, 596) (111094, 35642)
2022-08-10 22:49:23.918 *** Mouse movement (LeftButton) ***  Mouse coords: (492, 603) (111119, 35664)
2022-08-10 22:49:23.934 *** Mouse movement (LeftButton) ***  Mouse coords: (498, 607) (111139, 35677)
2022-08-10 22:49:23.951 *** Mouse movement (LeftButton) ***  Mouse coords: (513, 611) (111186, 35690)
2022-08-10 22:49:23.968 *** Mouse movement (LeftButton) ***  Mouse coords: (526, 615) (111228, 35702)
2022-08-10 22:49:23.984 *** Mouse movement (LeftButton) ***  Mouse coords: (542, 616) (111279, 35706)
2022-08-10 22:49:24.001 *** Mouse movement (LeftButton) ***  Mouse coords: (546, 617) (111291, 35709)
2022-08-10 22:49:24.069 *** Mouse movement (LeftButton) ***  Mouse coords: (634, 627) (111571, 35741)
2022-08-10 22:49:24.085 *** Mouse movement (LeftButton) ***  Mouse coords: (641, 627) (111594, 35741)
2022-08-10 22:49:24.101 *** Mouse movement (LeftButton) ***  Mouse coords: (648, 626) (111616, 35737)
2022-08-10 22:49:24.118 *** Mouse movement (LeftButton) ***  Mouse coords: (653, 624) (111632, 35731)
2022-08-10 22:49:24.134 *** Mouse movement (LeftButton) ***  Mouse coords: (659, 618) (111651, 35712)
2022-08-10 22:49:24.151 *** Mouse movement (LeftButton) ***  Mouse coords: (669, 609) (111683, 35683)
2022-08-10 22:49:24.168 *** Mouse movement (LeftButton) ***  Mouse coords: (677, 602) (111708, 35661)
2022-08-10 22:49:24.297 *** Mouse movement (LeftButton) ***  Mouse coords: (748, 512) (111934, 35374)
2022-08-10 22:49:24.311 *** Mouse movement (LeftButton) ***  Mouse coords: (748, 508) (111934, 35362)
2022-08-10 22:49:24.323 *** Mouse movement (LeftButton) ***  Mouse coords: (749, 507) (111937, 35359)
2022-08-10 22:49:24.336 *** Mouse movement (LeftButton) ***  Mouse coords: (751, 502) (111944, 35343)
2022-08-10 22:49:24.352 *** Mouse movement (LeftButton) ***  Mouse coords: (754, 493) (111953, 35314)
2022-08-10 22:49:24.477 *** Mouse movement (LeftButton) ***  Mouse coords: (783, 427) (112046, 35104)
2022-08-10 22:49:24.494 *** Mouse movement (LeftButton) ***  Mouse coords: (784, 423) (112049, 35091)
2022-08-10 22:49:24.512 *** Mouse movement (LeftButton) ***  Mouse coords: (784, 421) (112049, 35085)
2022-08-10 22:49:24.531 *** Mouse movement (LeftButton) ***  Mouse coords: (784, 418) (112049, 35075)
2022-08-10 22:49:24.715 *** Mouse movement (LeftButton) ***  Mouse coords: (729, 247) (111874, 34531)
2022-08-10 22:49:24.729 *** Mouse movement (LeftButton) ***  Mouse coords: (727, 244) (111867, 34521)
2022-08-10 22:49:24.742 *** Mouse movement (LeftButton) ***  Mouse coords: (726, 240) (111864, 34509)
2022-08-10 22:49:24.755 *** Mouse movement (LeftButton) ***  Mouse coords: (725, 237) (111861, 34499)
2022-08-10 22:49:24.768 *** Mouse movement (LeftButton) ***  Mouse coords: (723, 234) (111855, 34490)
2022-08-10 22:49:24.784 *** Mouse movement (LeftButton) ***  Mouse coords: (722, 233) (111852, 34486)
2022-08-10 22:49:24.923 *** Mouse movement (LeftButton) ***  Mouse coords: (689, 200) (111746, 34381)
2022-08-10 22:49:24.938 *** Mouse movement (LeftButton) ***  Mouse coords: (680, 198) (111718, 34375)
2022-08-10 22:49:24.952 *** Mouse movement (LeftButton) ***  Mouse coords: (670, 194) (111686, 34362)
2022-08-10 22:49:24.968 *** Mouse movement (LeftButton) ***  Mouse coords: (660, 191) (111654, 34353)
2022-08-10 22:49:24.984 *** Mouse movement (LeftButton) ***  Mouse coords: (652, 189) (111629, 34346)
2022-08-10 22:49:25.001 *** Mouse movement (LeftButton) ***  Mouse coords: (631, 181) (111562, 34321)
2022-08-10 22:49:25.132 *** Mouse movement (LeftButton) ***  Mouse coords: (598, 170) (111457, 34286)
2022-08-10 22:49:25.145 *** Mouse movement (LeftButton) ***  Mouse coords: (592, 169) (111438, 34283)
2022-08-10 22:49:25.158 *** Mouse movement (LeftButton) ***  Mouse coords: (588, 168) (111425, 34279)
2022-08-10 22:49:25.172 *** Mouse movement (LeftButton) ***  Mouse coords: (585, 167) (111415, 34276)
2022-08-10 22:49:25.187 *** Mouse movement (LeftButton) ***  Mouse coords: (579, 166) (111396, 34273)
2022-08-10 22:49:25.202 *** Mouse movement (LeftButton) ***  Mouse coords: (573, 166) (111377, 34273)
2022-08-10 22:49:25.388 *** Mouse movement (LeftButton) ***  Mouse coords: (485, 197) (111097, 34372)
2022-08-10 22:49:25.404 *** Mouse movement (LeftButton) ***  Mouse coords: (480, 199) (111081, 34378)
2022-08-10 22:49:25.421 *** Mouse movement (LeftButton) ***  Mouse coords: (473, 203) (111059, 34391)
2022-08-10 22:49:25.438 *** Mouse movement (LeftButton) ***  Mouse coords: (469, 206) (111046, 34400)
2022-08-10 22:49:25.454 *** Mouse movement (LeftButton) ***  Mouse coords: (464, 210) (111030, 34413)
2022-08-10 22:49:25.468 *** Mouse movement (LeftButton) ***  Mouse coords: (460, 215) (111018, 34429)
2022-08-10 22:49:25.484 *** Mouse movement (LeftButton) ***  Mouse coords: (456, 219) (111005, 34442)
2022-08-10 22:49:25.501 *** Mouse movement (LeftButton) ***  Mouse coords: (454, 221) (110998, 34448)
2022-08-10 22:49:25.637 *** Mouse movement (LeftButton) ***  Mouse coords: (442, 246) (110960, 34528)
2022-08-10 22:49:25.652 *** Mouse movement (LeftButton) ***  Mouse coords: (439, 251) (110951, 34544)
2022-08-10 22:49:25.668 *** Mouse movement (LeftButton) ***  Mouse coords: (437, 256) (110944, 34560)
2022-08-10 22:49:25.684 *** Mouse movement (LeftButton) ***  Mouse coords: (436, 261) (110941, 34576)
2022-08-10 22:49:25.701 *** Mouse movement (LeftButton) ***  Mouse coords: (434, 265) (110935, 34588)
2022-08-10 22:49:25.718 *** Mouse movement (LeftButton) ***  Mouse coords: (433, 268) (110932, 34598)
2022-08-10 22:49:25.734 *** Mouse movement (LeftButton) ***  Mouse coords: (432, 270) (110928, 34604)
2022-08-10 22:49:25.751 *** Mouse movement (LeftButton) ***  Mouse coords: (430, 276) (110922, 34623)
2022-08-10 22:49:25.888 *** Mouse movement (LeftButton) ***  Mouse coords: (420, 325) (110890, 34779)
2022-08-10 22:49:25.916 *** Mouse movement (LeftButton) ***  Mouse coords: (420, 326) (110890, 34782)
2022-08-10 22:49:28.755 *** Mouse movement (LeftButton) ***  Mouse coords: (452, 275) (110992, 34620)
2022-08-10 22:49:28.769 *** Mouse movement (LeftButton) ***  Mouse coords: (453, 273) (110995, 34614)
2022-08-10 22:49:28.784 *** Mouse movement (LeftButton) ***  Mouse coords: (455, 272) (111002, 34611)
2022-08-10 22:49:28.801 *** Mouse movement (LeftButton) ***  Mouse coords: (458, 270) (111011, 34604)
2022-08-10 22:49:28.818 *** Mouse movement (LeftButton) ***  Mouse coords: (462, 268) (111024, 34598)
2022-08-10 22:49:28.984 *** Mouse movement (LeftButton) ***  Mouse coords: (631, 234) (111562, 34490)
2022-08-10 22:49:28.998 *** Mouse movement (LeftButton) ***  Mouse coords: (635, 237) (111575, 34499)
2022-08-10 22:49:29.012 *** Mouse movement (LeftButton) ***  Mouse coords: (635, 238) (111575, 34502)
2022-08-10 22:49:29.026 *** Mouse movement (LeftButton) ***  Mouse coords: (636, 241) (111578, 34512)
2022-08-10 22:49:29.040 *** Mouse movement (LeftButton) ***  Mouse coords: (637, 245) (111581, 34525)
2022-08-10 22:49:29.053 *** Mouse movement (LeftButton) ***  Mouse coords: (639, 250) (111587, 34540)
2022-08-10 22:49:29.068 *** Mouse movement (LeftButton) ***  Mouse coords: (642, 255) (111597, 34556)
2022-08-10 22:49:29.183 *** Mouse movement (LeftButton) ***  Mouse coords: (673, 393) (111696, 34996)
2022-08-10 22:49:29.196 *** Mouse movement (LeftButton) ***  Mouse coords: (673, 429) (111696, 35110)
2022-08-10 22:49:29.210 *** Mouse movement (LeftButton) ***  Mouse coords: (673, 438) (111696, 35139)
2022-08-10 22:49:29.224 *** Mouse movement (LeftButton) ***  Mouse coords: (672, 450) (111692, 35177)
2022-08-10 22:49:29.238 *** Mouse movement (LeftButton) ***  Mouse coords: (672, 452) (111692, 35183)
2022-08-10 22:49:29.252 *** Mouse movement (LeftButton) ***  Mouse coords: (671, 460) (111689, 35209)
2022-08-10 22:49:29.268 *** Mouse movement (LeftButton) ***  Mouse coords: (667, 468) (111676, 35234)
2022-08-10 22:49:29.284 *** Mouse movement (LeftButton) ***  Mouse coords: (667, 470) (111676, 35241)
2022-08-10 22:49:29.367 *** Mouse movement (LeftButton) ***  Mouse coords: (643, 517) (111600, 35390)
2022-08-10 22:49:29.381 *** Mouse movement (LeftButton) ***  Mouse coords: (632, 538) (111565, 35457)
2022-08-10 22:49:29.395 *** Mouse movement (LeftButton) ***  Mouse coords: (631, 540) (111562, 35464)
2022-08-10 22:49:29.409 *** Mouse movement (LeftButton) ***  Mouse coords: (629, 542) (111556, 35470)
2022-08-10 22:49:31.661 *** Mouse movement (LeftButton) ***  Mouse coords: (608, 259) (111489, 34569)
2022-08-10 22:49:31.674 *** Mouse movement (LeftButton) ***  Mouse coords: (607, 260) (111485, 34572)
2022-08-10 22:49:31.686 *** Mouse movement (LeftButton) ***  Mouse coords: (604, 262) (111476, 34579)
2022-08-10 22:49:31.701 *** Mouse movement (LeftButton) ***  Mouse coords: (595, 267) (111447, 34595)
2022-08-10 22:49:31.718 *** Mouse movement (LeftButton) ***  Mouse coords: (580, 275) (111400, 34620)
2022-08-10 22:49:31.734 *** Mouse movement (LeftButton) ***  Mouse coords: (560, 285) (111336, 34652)
2022-08-10 22:49:31.751 *** Mouse movement (LeftButton) ***  Mouse coords: (557, 287) (111326, 34658)
2022-08-10 22:49:32.068 *** Mouse movement (LeftButton) ***  Mouse coords: (420, 488) (110890, 35298)
2022-08-10 22:49:32.084 *** Mouse movement (LeftButton) ***  Mouse coords: (421, 490) (110893, 35304)
2022-08-10 22:49:32.101 *** Mouse movement (LeftButton) ***  Mouse coords: (421, 492) (110893, 35311)
2022-08-10 22:49:32.118 *** Mouse movement (LeftButton) ***  Mouse coords: (423, 495) (110900, 35320)
2022-08-10 22:49:32.134 *** Mouse movement (LeftButton) ***  Mouse coords: (426, 498) (110909, 35330)
2022-08-10 22:49:32.408 *** Mouse movement (LeftButton) ***  Mouse coords: (566, 600) (111355, 35655)
2022-08-10 22:49:32.421 *** Mouse movement (LeftButton) ***  Mouse coords: (571, 608) (111371, 35680)
2022-08-10 22:49:32.435 *** Mouse movement (LeftButton) ***  Mouse coords: (574, 613) (111380, 35696)
2022-08-10 22:49:32.453 *** Mouse movement (LeftButton) ***  Mouse coords: (577, 617) (111390, 35709)
2022-08-10 22:49:32.470 *** Mouse movement (LeftButton) ***  Mouse coords: (579, 622) (111396, 35725)
2022-08-10 22:49:32.487 *** Mouse movement (LeftButton) ***  Mouse coords: (584, 627) (111412, 35741)
2022-08-10 22:49:32.505 *** Mouse movement (LeftButton) ***  Mouse coords: (588, 631) (111425, 35753)
2022-08-10 22:49:32.518 *** Mouse movement (LeftButton) ***  Mouse coords: (594, 634) (111444, 35763)
2022-08-10 22:49:32.688 *** Mouse movement (LeftButton) ***  Mouse coords: (633, 667) (111568, 35868)
2022-08-10 22:49:32.701 *** Mouse movement (LeftButton) ***  Mouse coords: (635, 667) (111575, 35868)
2022-08-10 22:49:32.718 *** Mouse movement (LeftButton) ***  Mouse coords: (637, 668) (111581, 35871)
2022-08-10 22:49:32.734 *** Mouse movement (LeftButton) ***  Mouse coords: (650, 669) (111622, 35874)
2022-08-10 22:49:32.751 *** Mouse movement (LeftButton) ***  Mouse coords: (660, 669) (111654, 35874)
2022-08-10 22:49:32.768 *** Mouse movement (LeftButton) ***  Mouse coords: (673, 669) (111696, 35874)
2022-08-10 22:49:32.784 *** Mouse movement (LeftButton) ***  Mouse coords: (690, 669) (111750, 35874)
2022-08-10 22:49:32.801 *** Mouse movement (LeftButton) ***  Mouse coords: (701, 669) (111785, 35874)
2022-08-10 22:49:33.041 *** Mouse movement (LeftButton) ***  Mouse coords: (860, 637) (112291, 35772)
2022-08-10 22:49:33.054 *** Mouse movement (LeftButton) ***  Mouse coords: (861, 635) (112294, 35766)
2022-08-10 22:49:33.068 *** Mouse movement (LeftButton) ***  Mouse coords: (864, 632) (112304, 35756)
2022-08-10 22:49:33.266 *** Mouse movement (LeftButton) ***  Mouse coords: (955, 422) (112593, 35088)
2022-08-10 22:49:33.280 *** Mouse movement (LeftButton) ***  Mouse coords: (954, 419) (112590, 35078)
2022-08-10 22:49:33.294 *** Mouse movement (LeftButton) ***  Mouse coords: (953, 417) (112587, 35072)
2022-08-10 22:49:33.308 *** Mouse movement (LeftButton) ***  Mouse coords: (953, 414) (112587, 35063)
2022-08-10 22:49:33.321 *** Mouse movement (LeftButton) ***  Mouse coords: (953, 412) (112587, 35056)
2022-08-10 22:49:36.338 *** Process image overlay spent 0.01 seconds.
2022-08-10 22:49:36.390 *** Get cell color spent 0.05 seconds.
2022-08-10 22:49:40.781 *** Mouse movement (LeftButton) ***  Mouse coords: (466, 495) (106043, 39176)
2022-08-10 22:49:40.797 *** Mouse movement (LeftButton) ***  Mouse coords: (466, 493) (106043, 39071)
2022-08-10 22:49:40.812 *** Mouse movement (LeftButton) ***  Mouse coords: (466, 492) (106043, 39019)
2022-08-10 22:49:40.824 *** Mouse movement (LeftButton) ***  Mouse coords: (466, 491) (106043, 38967)
2022-08-10 22:49:40.836 *** Mouse movement (LeftButton) ***  Mouse coords: (465, 490) (105991, 38915)
2022-08-10 22:49:40.852 *** Mouse movement (LeftButton) ***  Mouse coords: (465, 486) (105991, 38706)
2022-08-10 22:49:41.284 *** Mouse movement (LeftButton) ***  Mouse coords: (447, 417) (105050, 35101)
2022-08-10 22:49:41.310 *** Mouse movement (LeftButton) ***  Mouse coords: (447, 416) (105050, 35048)
2022-08-10 22:49:41.666 *** Mouse movement (LeftButton) ***  Mouse coords: (436, 356) (104476, 31914)
2022-08-10 22:49:41.685 *** Mouse movement (LeftButton) ***  Mouse coords: (436, 355) (104476, 31861)
2022-08-10 22:49:41.702 *** Mouse movement (LeftButton) ***  Mouse coords: (436, 353) (104476, 31757)
2022-08-10 22:49:41.718 *** Mouse movement (LeftButton) ***  Mouse coords: (436, 349) (104476, 31548)
2022-08-10 22:49:41.735 *** Mouse movement (LeftButton) ***  Mouse coords: (436, 345) (104476, 31339)
2022-08-10 22:49:41.752 *** Mouse movement (LeftButton) ***  Mouse coords: (436, 343) (104476, 31235)
2022-08-10 22:49:41.967 *** Mouse movement (LeftButton) ***  Mouse coords: (441, 298) (104737, 28883)
2022-08-10 22:49:41.979 *** Mouse movement (LeftButton) ***  Mouse coords: (443, 294) (104841, 28675)
2022-08-10 22:49:41.992 *** Mouse movement (LeftButton) ***  Mouse coords: (445, 292) (104946, 28570)
2022-08-10 22:49:42.005 *** Mouse movement (LeftButton) ***  Mouse coords: (446, 290) (104998, 28466)
2022-08-10 22:49:42.018 *** Mouse movement (LeftButton) ***  Mouse coords: (447, 289) (105050, 28413)
2022-08-10 22:49:42.035 *** Mouse movement (LeftButton) ***  Mouse coords: (448, 288) (105103, 28361)
2022-08-10 22:49:42.052 *** Mouse movement (LeftButton) ***  Mouse coords: (448, 287) (105103, 28309)
2022-08-10 22:49:42.068 *** Mouse movement (LeftButton) ***  Mouse coords: (449, 286) (105155, 28257)
2022-08-10 22:49:42.086 *** Mouse movement (LeftButton) ***  Mouse coords: (451, 283) (105259, 28100)
2022-08-10 22:49:42.254 *** Mouse movement (LeftButton) ***  Mouse coords: (476, 259) (106565, 26846)
2022-08-10 22:49:42.270 *** Mouse movement (LeftButton) ***  Mouse coords: (480, 256) (106774, 26689)
2022-08-10 22:49:42.287 *** Mouse movement (LeftButton) ***  Mouse coords: (482, 254) (106879, 26585)
2022-08-10 22:49:42.302 *** Mouse movement (LeftButton) ***  Mouse coords: (486, 251) (107088, 26428)
2022-08-10 22:49:42.318 *** Mouse movement (LeftButton) ***  Mouse coords: (493, 248) (107454, 26271)
2022-08-10 22:49:42.468 *** Mouse movement (LeftButton) ***  Mouse coords: (547, 225) (110275, 25070)
2022-08-10 22:49:42.491 *** Mouse movement (LeftButton) ***  Mouse coords: (549, 225) (110379, 25070)
2022-08-10 22:49:42.503 *** Mouse movement (LeftButton) ***  Mouse coords: (550, 224) (110432, 25017)
2022-08-10 22:49:42.518 *** Mouse movement (LeftButton) ***  Mouse coords: (552, 223) (110536, 24965)
2022-08-10 22:49:42.535 *** Mouse movement (LeftButton) ***  Mouse coords: (556, 222) (110745, 24913)
2022-08-10 22:49:42.552 *** Mouse movement (LeftButton) ***  Mouse coords: (570, 218) (111476, 24704)
2022-08-10 22:49:42.719 *** Mouse movement (LeftButton) ***  Mouse coords: (617, 206) (113932, 24077)
2022-08-10 22:49:42.731 *** Mouse movement (LeftButton) ***  Mouse coords: (619, 204) (114036, 23972)
2022-08-10 22:49:42.744 *** Mouse movement (LeftButton) ***  Mouse coords: (621, 203) (114141, 23920)
2022-08-10 22:49:42.758 *** Mouse movement (LeftButton) ***  Mouse coords: (624, 202) (114298, 23868)
2022-08-10 22:49:42.771 *** Mouse movement (LeftButton) ***  Mouse coords: (628, 202) (114507, 23868)
2022-08-10 22:49:42.785 *** Mouse movement (LeftButton) ***  Mouse coords: (633, 201) (114768, 23816)
2022-08-10 22:49:42.956 *** Mouse movement (LeftButton) ***  Mouse coords: (675, 199) (116962, 23711)
2022-08-10 22:49:42.975 *** Mouse movement (LeftButton) ***  Mouse coords: (677, 201) (117067, 23816)
2022-08-10 22:49:42.987 *** Mouse movement (LeftButton) ***  Mouse coords: (680, 204) (117223, 23972)
2022-08-10 22:49:43.002 *** Mouse movement (LeftButton) ***  Mouse coords: (684, 206) (117432, 24077)
2022-08-10 22:49:43.018 *** Mouse movement (LeftButton) ***  Mouse coords: (686, 208) (117537, 24181)
2022-08-10 22:49:43.362 *** Mouse movement (LeftButton) ***  Mouse coords: (793, 265) (123127, 27159)
2022-08-10 22:49:43.398 *** Mouse movement (LeftButton) ***  Mouse coords: (793, 266) (123127, 27212)
2022-08-10 22:49:43.421 *** Mouse movement (LeftButton) ***  Mouse coords: (793, 267) (123127, 27264)
2022-08-10 22:49:43.434 *** Mouse movement (LeftButton) ***  Mouse coords: (794, 268) (123179, 27316)
2022-08-10 22:49:43.452 *** Mouse movement (LeftButton) ***  Mouse coords: (796, 272) (123284, 27525)
2022-08-10 22:49:43.606 *** Mouse movement (LeftButton) ***  Mouse coords: (803, 307) (123650, 29354)
2022-08-10 22:49:43.619 *** Mouse movement (LeftButton) ***  Mouse coords: (803, 311) (123650, 29563)
2022-08-10 22:49:43.635 *** Mouse movement (LeftButton) ***  Mouse coords: (803, 314) (123650, 29719)
2022-08-10 22:49:43.652 *** Mouse movement (LeftButton) ***  Mouse coords: (803, 315) (123650, 29772)
2022-08-10 22:49:43.803 *** Mouse movement (LeftButton) ***  Mouse coords: (811, 347) (124067, 31443)
2022-08-10 22:49:43.819 *** Mouse movement (LeftButton) ***  Mouse coords: (812, 355) (124120, 31861)
2022-08-10 22:49:43.835 *** Mouse movement (LeftButton) ***  Mouse coords: (812, 359) (124120, 32070)
2022-08-10 22:49:43.852 *** Mouse movement (LeftButton) ***  Mouse coords: (813, 362) (124172, 32227)
2022-08-10 22:49:43.868 *** Mouse movement (LeftButton) ***  Mouse coords: (813, 363) (124172, 32279)
2022-08-10 22:49:43.990 *** Mouse movement (LeftButton) ***  Mouse coords: (814, 394) (124224, 33899)
2022-08-10 22:49:44.003 *** Mouse movement (LeftButton) ***  Mouse coords: (814, 397) (124224, 34056)
2022-08-10 22:49:44.018 *** Mouse movement (LeftButton) ***  Mouse coords: (814, 400) (124224, 34212)
2022-08-10 22:49:44.035 *** Mouse movement (LeftButton) ***  Mouse coords: (814, 402) (124224, 34317)
2022-08-10 22:49:44.052 *** Mouse movement (LeftButton) ***  Mouse coords: (814, 404) (124224, 34421)
2022-08-10 22:49:44.068 *** Mouse movement (LeftButton) ***  Mouse coords: (814, 405) (124224, 34474)
2022-08-10 22:49:44.085 *** Mouse movement (LeftButton) ***  Mouse coords: (814, 406) (124224, 34526)
2022-08-10 22:49:44.202 *** Mouse movement (LeftButton) ***  Mouse coords: (813, 439) (124172, 36250)
2022-08-10 22:49:44.218 *** Mouse movement (LeftButton) ***  Mouse coords: (807, 462) (123858, 37452)
2022-08-10 22:49:44.235 *** Mouse movement (LeftButton) ***  Mouse coords: (806, 466) (123806, 37661)
2022-08-10 22:49:44.252 *** Mouse movement (LeftButton) ***  Mouse coords: (805, 470) (123754, 37870)
2022-08-10 22:49:44.268 *** Mouse movement (LeftButton) ***  Mouse coords: (803, 474) (123650, 38079)
2022-08-10 22:49:44.388 *** Mouse movement (LeftButton) ***  Mouse coords: (789, 508) (122918, 39855)
2022-08-10 22:49:44.402 *** Mouse movement (LeftButton) ***  Mouse coords: (781, 523) (122500, 40639)
2022-08-10 22:49:44.418 *** Mouse movement (LeftButton) ***  Mouse coords: (775, 531) (122187, 41057)
2022-08-10 22:49:44.435 *** Mouse movement (LeftButton) ***  Mouse coords: (774, 533) (122134, 41161)
2022-08-10 22:49:44.452 *** Mouse movement (LeftButton) ***  Mouse coords: (773, 534) (122082, 41213)
2022-08-10 22:49:44.468 *** Mouse movement (LeftButton) ***  Mouse coords: (772, 535) (122030, 41266)
2022-08-10 22:49:44.485 *** Mouse movement (LeftButton) ***  Mouse coords: (771, 535) (121978, 41266)
2022-08-10 22:49:44.590 *** Mouse movement (LeftButton) ***  Mouse coords: (746, 560) (120672, 42572)
2022-08-10 22:49:44.605 *** Mouse movement (LeftButton) ***  Mouse coords: (739, 565) (120306, 42833)
2022-08-10 22:49:44.621 *** Mouse movement (LeftButton) ***  Mouse coords: (737, 566) (120201, 42885)
2022-08-10 22:49:44.636 *** Mouse movement (LeftButton) ***  Mouse coords: (732, 567) (119940, 42937)
2022-08-10 22:49:44.652 *** Mouse movement (LeftButton) ***  Mouse coords: (730, 568) (119836, 42990)
2022-08-10 22:49:44.785 *** Mouse movement (LeftButton) ***  Mouse coords: (704, 578) (118477, 43512)
2022-08-10 22:49:44.801 *** Mouse movement (LeftButton) ***  Mouse coords: (697, 580) (118112, 43617)
2022-08-10 22:49:44.818 *** Mouse movement (LeftButton) ***  Mouse coords: (695, 580) (118007, 43617)
2022-08-10 22:49:44.835 *** Mouse movement (LeftButton) ***  Mouse coords: (694, 580) (117955, 43617)
2022-08-10 22:49:48.936 *** Program closed.
