2022-08-11 14:31:43.255 *** Start program *** Start program
2022-08-11 14:31:55.711 *** Open case *** /media/zhihuang/Drive14/Google_Colon_lnm_pos_2015_slides/slides/S1054
2022-08-11 14:31:57.774 *** Open processed data
2022-08-11 14:31:57.775 *** Preload all statistics at once.
2022-08-11 14:31:58.000 *** Nuclei stat data loaded, took 0.23 seconds. Total number of nuclei: 230851
2022-08-11 14:32:01.685 *** Process image overlay spent 0.00 seconds.
2022-08-11 14:32:01.692 *** Get cell color spent 0.01 seconds.
2022-08-11 14:32:01.770 *** Process image overlay spent 0.00 seconds.
2022-08-11 14:32:01.775 *** Get cell color spent 0.00 seconds.
2022-08-11 14:32:01.845 *** Process image overlay spent 0.00 seconds.
2022-08-11 14:32:01.849 *** Get cell color spent 0.00 seconds.
2022-08-11 14:32:02.134 *** Process image overlay spent 0.00 seconds.
2022-08-11 14:32:02.136 *** Get cell color spent 0.00 seconds.
2022-08-11 14:32:02.227 *** Process image overlay spent 0.00 seconds.
2022-08-11 14:32:02.229 *** Get cell color spent 0.00 seconds.
2022-08-11 14:32:02.253 *** Process image overlay spent 0.00 seconds.
2022-08-11 14:32:02.254 *** Get cell color spent 0.00 seconds.
2022-08-11 14:32:05.360 *** Interactive label *** (double click) click on screen. screen: (542, 345); slide: (70327, 56569). case_id: S1054, slide_id: E52, Nuclei index selected: 170816
2022-08-11 14:32:08.075 *** Interactive label *** (double click) click on screen. screen: (567, 333); slide: (70353, 56556). case_id: S1054, slide_id: E52, Nuclei index selected: 167008
2022-08-11 14:32:09.635 *** Interactive label *** (double click) click on screen. screen: (570, 368); slide: (70356, 56593). case_id: S1054, slide_id: E52, Nuclei index selected: 167344
2022-08-11 14:32:11.054 *** Mouse movement (LeftButton) ***  Mouse coords: (565, 359) (70351, 56583)
2022-08-11 14:32:11.068 *** Process image overlay spent 0.00 seconds.
2022-08-11 14:32:11.070 *** Get cell color spent 0.00 seconds.
2022-08-11 14:32:11.094 *** Process image overlay spent 0.00 seconds.
2022-08-11 14:32:11.096 *** Get cell color spent 0.00 seconds.
2022-08-11 14:32:11.152 *** Mouse movement (LeftButton) ***  Mouse coords: (565, 360) (70351, 56583)
2022-08-11 14:32:11.169 *** Process image overlay spent 0.00 seconds.
2022-08-11 14:32:11.171 *** Get cell color spent 0.00 seconds.
2022-08-11 14:32:11.196 *** Process image overlay spent 0.00 seconds.
2022-08-11 14:32:11.197 *** Get cell color spent 0.00 seconds.
2022-08-11 14:32:11.258 *** Interactive label *** (double click) click on screen. screen: (565, 360); slide: (70351, 56582). case_id: S1054, slide_id: E52, Nuclei index selected: 167344
2022-08-11 14:32:12.425 *** Interactive label *** (double click) click on screen. screen: (565, 360); slide: (70351, 56582). case_id: S1054, slide_id: E52, Nuclei index selected: 167344
2022-08-11 14:32:48.404 *** Program closed.
