2022-09-07 21:35:08.625 *** Start program *** Start program
2022-09-07 21:35:17.166 *** starting thread (client mode): 0x2f1aa820
2022-09-07 21:35:17.166 *** Local version/idstring: SSH-2.0-paramiko_2.11.0
2022-09-07 21:35:17.190 *** Remote version/idstring: SSH-2.0-OpenSSH_5.3
2022-09-07 21:35:17.190 *** Connected (version 2.0, client OpenSSH_5.3)
2022-09-07 21:35:17.209 *** === Key exchange possibilities ===
2022-09-07 21:35:17.209 *** kex algos: diffie-hellman-group-exchange-sha256, diffie-hellman-group-exchange-sha1, diffie-hellman-group14-sha1, diffie-hellman-group1-sha1
2022-09-07 21:35:17.209 *** server key: ssh-rsa, ssh-rsa-cert-v01@openssh.com, ssh-dss
2022-09-07 21:35:17.209 *** client encrypt: aes128-ctr, aes192-ctr, aes256-ctr, arcfour256, arcfour128, aes128-cbc, 3des-cbc, blowfish-cbc, cast128-cbc, aes192-cbc, aes256-cbc, arcfour, rijndael-cbc@lysator.liu.se
2022-09-07 21:35:17.209 *** server encrypt: aes128-ctr, aes192-ctr, aes256-ctr, arcfour256, arcfour128, aes128-cbc, 3des-cbc, blowfish-cbc, cast128-cbc, aes192-cbc, aes256-cbc, arcfour, rijndael-cbc@lysator.liu.se
2022-09-07 21:35:17.209 *** client mac: hmac-md5, hmac-sha1, umac-64@openssh.com, hmac-sha2-256, hmac-sha2-512, hmac-ripemd160, hmac-ripemd160@openssh.com, hmac-sha1-96, hmac-md5-96
2022-09-07 21:35:17.209 *** server mac: hmac-md5, hmac-sha1, umac-64@openssh.com, hmac-sha2-256, hmac-sha2-512, hmac-ripemd160, hmac-ripemd160@openssh.com, hmac-sha1-96, hmac-md5-96
2022-09-07 21:35:17.210 *** client compress: none, zlib@openssh.com
2022-09-07 21:35:17.210 *** server compress: none, zlib@openssh.com
2022-09-07 21:35:17.210 *** client lang: <none>
2022-09-07 21:35:17.210 *** server lang: <none>
2022-09-07 21:35:17.210 *** kex follows: False
2022-09-07 21:35:17.210 *** === Key exchange agreements ===
2022-09-07 21:35:17.210 *** Kex: diffie-hellman-group-exchange-sha256
2022-09-07 21:35:17.210 *** HostKey: ssh-rsa
2022-09-07 21:35:17.210 *** Cipher: aes128-ctr
2022-09-07 21:35:17.210 *** MAC: hmac-sha2-256
2022-09-07 21:35:17.210 *** Compression: none
2022-09-07 21:35:17.210 *** === End of kex handshake ===
2022-09-07 21:35:17.270 *** Got server p (2048 bits)
2022-09-07 21:35:17.345 *** kex engine KexGexSHA256 specified hash_algo <built-in function openssl_sha256>
2022-09-07 21:35:17.346 *** Switch to new keys ...
2022-09-07 21:35:17.346 *** Adding ssh-rsa host key for 173.201.181.247: b'cca345f774a2d98448d0bcc78f04075d'
2022-09-07 21:35:17.424 *** userauth is OK
2022-09-07 21:35:17.448 *** Authentication (password) successful!
2022-09-07 21:35:17.449 *** [chan 0] Max packet in: 32768 bytes
2022-09-07 21:35:17.468 *** [chan 0] Max packet out: 32768 bytes
2022-09-07 21:35:17.468 *** Secsh channel 0 opened.
2022-09-07 21:35:17.489 *** [chan 0] Sesch channel 0 request ok
2022-09-07 21:35:17.509 *** [chan 0] Opened sftp connection (server version 3)
2022-09-07 21:35:17.510 *** [chan 0] stat(b'/home/b6o162rzivzp/NucFinder_DB/E7F814D2456CF381/interactive_nuclei_dict.pickle')
2022-09-07 21:35:17.534 *** [chan 0] stat(b'/home/b6o162rzivzp/NucFinder_DB/E7F814D2456CF381/model.pickle')
2022-09-07 21:35:17.555 *** [chan 0] open(b'/home/b6o162rzivzp/NucFinder_DB/E7F814D2456CF381/model.pickle', 'rb')
2022-09-07 21:35:17.575 *** [chan 0] open(b'/home/b6o162rzivzp/NucFinder_DB/E7F814D2456CF381/model.pickle', 'rb') -> 00000000
2022-09-07 21:35:18.153 *** [chan 0] close(00000000)
2022-09-07 21:35:20.388 *** Interactive label *** Review annotations/active learning start.
2022-09-07 21:35:31.967 *** Interactive label *** Review annotations/active learning start.
2022-09-07 21:38:26.407 *** Program closed.
2022-09-07 21:38:26.445 *** EOF in transport thread
