2022-08-11 13:28:45.479 *** Start program *** Start program
2022-08-11 13:28:56.476 *** Open case *** /media/zhihuang/Drive14/Google_Colon_lnm_pos_2015_slides/slides/S0425
2022-08-11 13:29:00.419 *** Open processed data
2022-08-11 13:29:00.420 *** Preload all statistics at once.
2022-08-11 13:29:12.058 *** Nuclei stat data loaded, took 11.64 seconds. Total number of nuclei: 2167683
2022-08-11 13:29:18.045 *** Mouse movement (LeftButton) ***  Mouse coords: (688, 246) (72739, 42706)
2022-08-11 13:29:18.073 *** Mouse movement (LeftButton) ***  Mouse coords: (676, 267) (72112, 43751)
2022-08-11 13:29:18.106 *** Mouse movement (LeftButton) ***  Mouse coords: (605, 355) (69030, 47252)
2022-08-11 13:29:18.122 *** Mouse movement (LeftButton) ***  Mouse coords: (578, 385) (71328, 44221)
2022-08-11 13:29:18.139 *** Mouse movement (LeftButton) ***  Mouse coords: (526, 435) (70023, 45267)
2022-08-11 13:29:18.156 *** Mouse movement (LeftButton) ***  Mouse coords: (483, 475) (70492, 44743)
2022-08-11 13:29:18.173 *** Mouse movement (LeftButton) ***  Mouse coords: (447, 511) (70858, 44535)
2022-08-11 13:29:18.193 *** Mouse movement (LeftButton) ***  Mouse coords: (416, 539) (71120, 44117)
2022-08-11 13:29:18.206 *** Mouse movement (LeftButton) ***  Mouse coords: (401, 554) (71955, 43438)
2022-08-11 13:29:18.222 *** Mouse movement (LeftButton) ***  Mouse coords: (395, 561) (72426, 43019)
2022-08-11 13:29:18.686 *** Process image overlay spent 0.01 seconds.
2022-08-11 13:29:18.715 *** Get cell color spent 0.03 seconds.
2022-08-11 13:29:19.017 *** Process image overlay spent 0.01 seconds.
2022-08-11 13:29:19.046 *** Get cell color spent 0.03 seconds.
2022-08-11 13:29:19.452 *** Process image overlay spent 0.02 seconds.
2022-08-11 13:29:19.466 *** Get cell color spent 0.01 seconds.
2022-08-11 13:29:19.666 *** Process image overlay spent 0.01 seconds.
2022-08-11 13:29:19.670 *** Get cell color spent 0.00 seconds.
2022-08-11 13:29:19.797 *** Process image overlay spent 0.01 seconds.
2022-08-11 13:29:19.800 *** Get cell color spent 0.00 seconds.
2022-08-11 13:29:20.167 *** Process image overlay spent 0.01 seconds.
2022-08-11 13:29:20.170 *** Get cell color spent 0.00 seconds.
2022-08-11 13:29:20.207 *** Process image overlay spent 0.01 seconds.
2022-08-11 13:29:20.209 *** Get cell color spent 0.00 seconds.
2022-08-11 13:29:20.265 *** Process image overlay spent 0.01 seconds.
2022-08-11 13:29:20.267 *** Get cell color spent 0.00 seconds.
2022-08-11 13:29:50.803 *** Program closed.
