2022-08-25 14:31:12.064 *** Start program *** Start program
2022-08-25 14:31:21.271 *** Open case *** /Users/zhihuang/Downloads/S-demo-4304
2022-08-25 14:31:24.191 *** Open processed data
2022-08-25 14:31:24.191 *** Preload all statistics at once.
2022-08-25 14:31:25.840 *** Nuclei stat data loaded, took 1.65 seconds. Total number of nuclei: 1002261
2022-08-25 14:31:30.912 *** Mouse movement (LeftButton) ***  Mouse coords: (480, 356) (40292, 38721)
2022-08-25 14:31:33.420 *** Mouse movement (LeftButton) ***  Mouse coords: (344, 347) (25735, 22139)
2022-08-25 14:31:33.523 *** Mouse movement (LeftButton) ***  Mouse coords: (345, 346) (25748, 22126)
2022-08-25 14:31:33.558 *** Mouse movement (LeftButton) ***  Mouse coords: (413, 288) (26619, 21385)
2022-08-25 14:31:33.599 *** Mouse movement (LeftButton) ***  Mouse coords: (496, 221) (26814, 21269)
2022-08-25 14:31:33.621 *** Mouse movement (LeftButton) ***  Mouse coords: (595, 153) (27021, 21255)
2022-08-25 14:31:33.643 *** Mouse movement (LeftButton) ***  Mouse coords: (651, 117) (26463, 21671)
2022-08-25 14:31:33.662 *** Mouse movement (LeftButton) ***  Mouse coords: (713, 85) (26541, 21723)
2022-08-25 14:31:33.683 *** Mouse movement (LeftButton) ***  Mouse coords: (750, 73) (26216, 21983)
2022-08-25 14:31:33.706 *** Mouse movement (LeftButton) ***  Mouse coords: (798, 61) (26359, 21983)
2022-08-25 14:31:33.725 *** Mouse movement (LeftButton) ***  Mouse coords: (828, 55) (26125, 22061)
2022-08-25 14:31:33.747 *** Mouse movement (LeftButton) ***  Mouse coords: (843, 52) (25930, 22100)
2022-08-25 14:31:33.769 *** Mouse movement (LeftButton) ***  Mouse coords: (848, 51) (25800, 22126)
2022-08-25 14:31:33.791 *** Mouse movement (LeftButton) ***  Mouse coords: (849, 50) (25748, 22126)
2022-08-25 14:31:33.893 *** Process image overlay spent 0.01 seconds.
2022-08-25 14:31:33.972 *** Get cell color spent 0.08 seconds.
2022-08-25 14:31:34.723 *** Process image overlay spent 0.00 seconds.
2022-08-25 14:31:34.731 *** Get cell color spent 0.01 seconds.
2022-08-25 14:31:35.272 *** Process image overlay spent 0.00 seconds.
2022-08-25 14:31:35.277 *** Get cell color spent 0.00 seconds.
2022-08-25 14:31:35.625 *** Process image overlay spent 0.00 seconds.
2022-08-25 14:31:35.628 *** Get cell color spent 0.00 seconds.
2022-08-25 14:31:35.875 *** Mouse movement (LeftButton) ***  Mouse coords: (439, 354) (25821, 22301)
2022-08-25 14:31:35.957 *** Mouse movement (LeftButton) ***  Mouse coords: (439, 354) (25821, 22301)
2022-08-25 14:31:35.985 *** Mouse movement (LeftButton) ***  Mouse coords: (459, 354) (25853, 22301)
2022-08-25 14:31:36.006 *** Mouse movement (LeftButton) ***  Mouse coords: (520, 353) (25918, 22299)
2022-08-25 14:31:36.025 *** Mouse movement (LeftButton) ***  Mouse coords: (542, 353) (25856, 22301)
2022-08-25 14:31:36.045 *** Mouse movement (LeftButton) ***  Mouse coords: (612, 345) (25933, 22288)
2022-08-25 14:31:36.066 *** Mouse movement (LeftButton) ***  Mouse coords: (683, 340) (25934, 22293)
2022-08-25 14:31:36.089 *** Mouse movement (LeftButton) ***  Mouse coords: (773, 334) (25964, 22292)
2022-08-25 14:31:36.116 *** Mouse movement (LeftButton) ***  Mouse coords: (851, 333) (25945, 22299)
2022-08-25 14:31:36.135 *** Mouse movement (LeftButton) ***  Mouse coords: (859, 333) (25834, 22301)
2022-08-25 14:31:36.154 *** Mouse movement (LeftButton) ***  Mouse coords: (869, 332) (25837, 22300)
2022-08-25 14:31:36.175 *** Mouse movement (LeftButton) ***  Mouse coords: (872, 332) (25826, 22301)
2022-08-25 14:31:36.198 *** Mouse movement (LeftButton) ***  Mouse coords: (874, 332) (25824, 22301)
2022-08-25 14:31:36.219 *** Mouse movement (LeftButton) ***  Mouse coords: (874, 332) (25821, 22301)
2022-08-25 14:31:36.364 *** Process image overlay spent 0.00 seconds.
2022-08-25 14:31:36.366 *** Get cell color spent 0.00 seconds.
2022-08-25 14:31:37.325 *** Mouse movement (LeftButton) ***  Mouse coords: (639, 578) (25447, 22692)
2022-08-25 14:31:37.439 *** Process image overlay spent 0.00 seconds.
2022-08-25 14:31:37.442 *** Get cell color spent 0.00 seconds.
2022-08-25 14:31:38.582 *** Keyboard input *** key pressed: key: 66; text: "b"
2022-08-25 14:31:38.776 *** Keyboard input *** key pressed: key: 66; text: "b"
2022-08-25 14:31:39.130 *** Keyboard input *** key pressed: key: 66; text: "b"
2022-08-25 14:31:39.341 *** Keyboard input *** key pressed: key: 66; text: "b"
2022-08-25 14:31:42.101 *** Mouse movement (LeftButton) ***  Mouse coords: (417, 562) (25093, 22666)
2022-08-25 14:31:42.181 *** Mouse movement (LeftButton) ***  Mouse coords: (417, 561) (25092, 22664)
2022-08-25 14:31:42.207 *** Mouse movement (LeftButton) ***  Mouse coords: (432, 544) (25116, 22639)
2022-08-25 14:31:42.230 *** Mouse movement (LeftButton) ***  Mouse coords: (459, 513) (25135, 22617)
2022-08-25 14:31:42.271 *** Mouse movement (LeftButton) ***  Mouse coords: (551, 428) (25239, 22531)
2022-08-25 14:31:42.292 *** Mouse movement (LeftButton) ***  Mouse coords: (632, 361) (25221, 22559)
2022-08-25 14:31:42.312 *** Mouse movement (LeftButton) ***  Mouse coords: (657, 342) (25131, 22636)
2022-08-25 14:31:42.353 *** Mouse movement (LeftButton) ***  Mouse coords: (673, 330) (25118, 22647)
2022-08-25 14:31:42.375 *** Mouse movement (LeftButton) ***  Mouse coords: (679, 326) (25101, 22659)
2022-08-25 14:31:42.395 *** Mouse movement (LeftButton) ***  Mouse coords: (680, 326) (25094, 22666)
2022-08-25 14:31:42.418 *** Mouse movement (LeftButton) ***  Mouse coords: (680, 326) (25092, 22666)
2022-08-25 14:31:43.736 *** Mouse movement (LeftButton) ***  Mouse coords: (426, 593) (24688, 23091)
2022-08-25 14:31:43.798 *** Mouse movement (LeftButton) ***  Mouse coords: (427, 592) (24689, 23090)
2022-08-25 14:31:43.827 *** Mouse movement (LeftButton) ***  Mouse coords: (478, 542) (24769, 23011)
2022-08-25 14:31:43.852 *** Mouse movement (LeftButton) ***  Mouse coords: (533, 484) (24776, 22999)
2022-08-25 14:31:43.872 *** Mouse movement (LeftButton) ***  Mouse coords: (557, 455) (24726, 23044)
2022-08-25 14:31:43.894 *** Mouse movement (LeftButton) ***  Mouse coords: (565, 446) (24701, 23077)
2022-08-25 14:31:43.915 *** Mouse movement (LeftButton) ***  Mouse coords: (575, 435) (24704, 23074)
2022-08-25 14:31:43.941 *** Mouse movement (LeftButton) ***  Mouse coords: (583, 425) (24701, 23075)
2022-08-25 14:31:43.961 *** Mouse movement (LeftButton) ***  Mouse coords: (584, 425) (24689, 23091)
2022-08-25 14:31:44.086 *** Process image overlay spent 0.00 seconds.
2022-08-25 14:31:44.089 *** Get cell color spent 0.00 seconds.
2022-08-25 14:31:44.745 *** Mouse movement (LeftButton) ***  Mouse coords: (540, 472) (24618, 23166)
2022-08-25 14:31:45.790 *** Mouse movement (LeftButton) ***  Mouse coords: (352, 684) (24319, 23503)
2022-08-25 14:31:45.800 *** Mouse movement (LeftButton) ***  Mouse coords: (355, 681) (24324, 23498)
2022-08-25 14:31:45.822 *** Mouse movement (LeftButton) ***  Mouse coords: (383, 651) (24368, 23450)
2022-08-25 14:31:45.832 *** Mouse movement (LeftButton) ***  Mouse coords: (406, 627) (24405, 23412)
2022-08-25 14:31:45.847 *** Mouse movement (LeftButton) ***  Mouse coords: (428, 606) (24440, 23379)
2022-08-25 14:31:45.863 *** Mouse movement (LeftButton) ***  Mouse coords: (446, 587) (24468, 23349)
2022-08-25 14:31:45.873 *** Mouse movement (LeftButton) ***  Mouse coords: (488, 546) (24535, 23283)
2022-08-25 14:31:45.888 *** Mouse movement (LeftButton) ***  Mouse coords: (512, 525) (24573, 23250)
2022-08-25 14:31:45.898 *** Mouse movement (LeftButton) ***  Mouse coords: (519, 520) (24585, 23242)
2022-08-25 14:31:45.913 *** Mouse movement (LeftButton) ***  Mouse coords: (523, 516) (24591, 23236)
2022-08-25 14:31:45.923 *** Mouse movement (LeftButton) ***  Mouse coords: (529, 512) (24601, 23229)
2022-08-25 14:31:45.938 *** Mouse movement (LeftButton) ***  Mouse coords: (530, 511) (24602, 23228)
2022-08-25 14:31:46.911 *** Mouse movement (LeftButton) ***  Mouse coords: (496, 537) (24548, 23269)
2022-08-25 14:31:47.030 *** Process image overlay spent 0.00 seconds.
2022-08-25 14:31:47.032 *** Get cell color spent 0.00 seconds.
2022-08-25 14:31:47.128 *** Mouse movement (LeftButton) ***  Mouse coords: (480, 543) (24525, 23279)
2022-08-25 14:31:47.149 *** Mouse movement (LeftButton) ***  Mouse coords: (474, 546) (24540, 23273)
2022-08-25 14:31:47.170 *** Mouse movement (LeftButton) ***  Mouse coords: (472, 547) (24547, 23271)
2022-08-25 14:31:47.190 *** Mouse movement (LeftButton) ***  Mouse coords: (468, 550) (24543, 23274)
2022-08-25 14:31:47.213 *** Mouse movement (LeftButton) ***  Mouse coords: (464, 552) (24544, 23272)
2022-08-25 14:31:47.240 *** Mouse movement (LeftButton) ***  Mouse coords: (461, 554) (24545, 23272)
2022-08-25 14:31:47.260 *** Mouse movement (LeftButton) ***  Mouse coords: (460, 555) (24549, 23271)
2022-08-25 14:31:47.279 *** Mouse movement (LeftButton) ***  Mouse coords: (460, 555) (24550, 23269)
2022-08-25 14:31:47.304 *** Mouse movement (LeftButton) ***  Mouse coords: (460, 555) (24550, 23269)
2022-08-25 14:31:47.330 *** Mouse movement (LeftButton) ***  Mouse coords: (460, 553) (24550, 23265)
2022-08-25 14:31:47.467 *** Process image overlay spent 0.00 seconds.
2022-08-25 14:31:47.469 *** Get cell color spent 0.00 seconds.
2022-08-25 14:31:48.337 *** Mouse movement (LeftButton) ***  Mouse coords: (456, 555) (24543, 23273)
2022-08-25 14:31:48.482 *** Mouse movement (LeftButton) ***  Mouse coords: (456, 555) (24543, 23273)
2022-08-25 14:31:48.521 *** Mouse movement (LeftButton) ***  Mouse coords: (476, 555) (24575, 23273)
2022-08-25 14:31:48.545 *** Mouse movement (LeftButton) ***  Mouse coords: (489, 555) (24564, 23273)
2022-08-25 14:31:48.565 *** Mouse movement (LeftButton) ***  Mouse coords: (528, 555) (24605, 23273)
2022-08-25 14:31:48.584 *** Mouse movement (LeftButton) ***  Mouse coords: (629, 555) (24704, 23273)
2022-08-25 14:31:48.604 *** Mouse movement (LeftButton) ***  Mouse coords: (671, 555) (24610, 23273)
2022-08-25 14:31:48.635 *** Mouse movement (LeftButton) ***  Mouse coords: (733, 554) (24641, 23271)
2022-08-25 14:31:48.660 *** Mouse movement (LeftButton) ***  Mouse coords: (766, 548) (24596, 23264)
2022-08-25 14:31:48.683 *** Mouse movement (LeftButton) ***  Mouse coords: (770, 545) (24549, 23268)
2022-08-25 14:31:48.708 *** Mouse movement (LeftButton) ***  Mouse coords: (772, 545) (24546, 23273)
2022-08-25 14:31:48.731 *** Mouse movement (LeftButton) ***  Mouse coords: (772, 545) (24543, 23273)
2022-08-25 14:31:48.751 *** Mouse movement (LeftButton) ***  Mouse coords: (772, 543) (24543, 23270)
2022-08-25 14:31:48.771 *** Mouse movement (LeftButton) ***  Mouse coords: (770, 543) (24540, 23273)
2022-08-25 14:31:48.867 *** Process image overlay spent 0.00 seconds.
2022-08-25 14:31:48.870 *** Get cell color spent 0.00 seconds.
2022-08-25 14:31:52.269 *** Mouse movement (LeftButton) ***  Mouse coords: (547, 461) (24188, 23142)
2022-08-25 14:31:52.357 *** Mouse movement (LeftButton) ***  Mouse coords: (547, 461) (24188, 23142)
2022-08-25 14:31:52.387 *** Mouse movement (LeftButton) ***  Mouse coords: (559, 457) (24207, 23136)
2022-08-25 14:31:52.408 *** Mouse movement (LeftButton) ***  Mouse coords: (595, 441) (24246, 23116)
2022-08-25 14:31:52.427 *** Mouse movement (LeftButton) ***  Mouse coords: (630, 424) (24243, 23115)
2022-08-25 14:31:52.446 *** Mouse movement (LeftButton) ***  Mouse coords: (709, 387) (24314, 23083)
2022-08-25 14:31:52.466 *** Mouse movement (LeftButton) ***  Mouse coords: (812, 340) (24352, 23067)
2022-08-25 14:31:52.495 *** Mouse movement (LeftButton) ***  Mouse coords: (943, 275) (24397, 23039)
2022-08-25 14:31:52.514 *** Mouse movement (LeftButton) ***  Mouse coords: (1011, 240) (24296, 23086)
2022-08-25 14:31:52.538 *** Mouse movement (LeftButton) ***  Mouse coords: (1032, 229) (24221, 23125)
2022-08-25 14:31:52.558 *** Mouse movement (LeftButton) ***  Mouse coords: (1046, 221) (24210, 23129)
2022-08-25 14:31:52.588 *** Mouse movement (LeftButton) ***  Mouse coords: (1048, 219) (24192, 23139)
2022-08-25 14:31:52.608 *** Mouse movement (LeftButton) ***  Mouse coords: (1049, 218) (24189, 23140)
2022-08-25 14:31:52.628 *** Mouse movement (LeftButton) ***  Mouse coords: (1049, 218) (24188, 23142)
2022-08-25 14:31:52.755 *** Process image overlay spent 0.00 seconds.
2022-08-25 14:31:52.757 *** Get cell color spent 0.00 seconds.
2022-08-25 14:31:56.221 *** Process image overlay spent 0.00 seconds.
2022-08-25 14:31:56.227 *** Get cell color spent 0.01 seconds.
2022-08-25 14:31:58.900 *** Process image overlay spent 0.00 seconds.
2022-08-25 14:31:58.906 *** Get cell color spent 0.01 seconds.
2022-08-25 14:31:59.920 *** Process image overlay spent 0.00 seconds.
2022-08-25 14:31:59.926 *** Get cell color spent 0.01 seconds.
2022-08-25 14:32:01.287 *** Process image overlay spent 0.00 seconds.
2022-08-25 14:32:01.296 *** Get cell color spent 0.01 seconds.
2022-08-25 14:32:02.178 *** Process image overlay spent 0.00 seconds.
2022-08-25 14:32:02.186 *** Get cell color spent 0.01 seconds.
2022-08-25 14:32:03.721 *** Process image overlay spent 0.00 seconds.
2022-08-25 14:32:03.727 *** Get cell color spent 0.01 seconds.
2022-08-25 14:32:04.326 *** Process image overlay spent 0.00 seconds.
2022-08-25 14:32:04.328 *** Get cell color spent 0.00 seconds.
2022-08-25 14:32:05.432 *** Process image overlay spent 0.00 seconds.
2022-08-25 14:32:05.434 *** Get cell color spent 0.00 seconds.
2022-08-25 14:32:06.377 *** Process image overlay spent 0.00 seconds.
2022-08-25 14:32:06.380 *** Get cell color spent 0.00 seconds.
2022-08-25 14:32:09.387 *** Mouse movement (LeftButton) ***  Mouse coords: (908, 416) (19683, 33587)
2022-08-25 14:32:09.456 *** Mouse movement (LeftButton) ***  Mouse coords: (907, 416) (19682, 33587)
2022-08-25 14:32:09.484 *** Mouse movement (LeftButton) ***  Mouse coords: (895, 416) (19666, 33587)
2022-08-25 14:32:09.521 *** Mouse movement (LeftButton) ***  Mouse coords: (872, 416) (19650, 33587)
2022-08-25 14:32:09.541 *** Mouse movement (LeftButton) ***  Mouse coords: (845, 416) (19644, 33587)
2022-08-25 14:32:09.565 *** Mouse movement (LeftButton) ***  Mouse coords: (837, 416) (19672, 33587)
2022-08-25 14:32:09.589 *** Mouse movement (LeftButton) ***  Mouse coords: (828, 416) (19670, 33587)
2022-08-25 14:32:09.609 *** Mouse movement (LeftButton) ***  Mouse coords: (827, 416) (19681, 33587)
2022-08-25 14:32:09.722 *** Process image overlay spent 0.00 seconds.
2022-08-25 14:32:09.724 *** Get cell color spent 0.00 seconds.
2022-08-25 14:32:10.611 *** Mouse movement (LeftButton) ***  Mouse coords: (794, 457) (19636, 33645)
2022-08-25 14:32:11.393 *** Mouse movement (LeftButton) ***  Mouse coords: (815, 453) (19666, 33640)
2022-08-25 14:32:11.456 *** Mouse movement (LeftButton) ***  Mouse coords: (814, 453) (19664, 33640)
2022-08-25 14:32:11.483 *** Mouse movement (LeftButton) ***  Mouse coords: (806, 453) (19653, 33640)
2022-08-25 14:32:11.507 *** Mouse movement (LeftButton) ***  Mouse coords: (797, 453) (19653, 33640)
2022-08-25 14:32:11.530 *** Mouse movement (LeftButton) ***  Mouse coords: (793, 453) (19659, 33640)
2022-08-25 14:32:11.550 *** Mouse movement (LeftButton) ***  Mouse coords: (780, 453) (19646, 33640)
2022-08-25 14:32:11.569 *** Mouse movement (LeftButton) ***  Mouse coords: (777, 453) (19661, 33640)
2022-08-25 14:32:11.592 *** Mouse movement (LeftButton) ***  Mouse coords: (774, 453) (19661, 33640)
2022-08-25 14:32:11.614 *** Mouse movement (LeftButton) ***  Mouse coords: (773, 453) (19663, 33640)
2022-08-25 14:32:11.747 *** Process image overlay spent 0.00 seconds.
2022-08-25 14:32:11.749 *** Get cell color spent 0.00 seconds.
2022-08-25 14:32:15.403 *** Mouse movement (LeftButton) ***  Mouse coords: (398, 544) (19129, 33770)
2022-08-25 14:32:15.845 *** Mouse movement (LeftButton) ***  Mouse coords: (505, 488) (19282, 33690)
2022-08-25 14:32:15.965 *** Mouse movement (LeftButton) ***  Mouse coords: (505, 488) (19282, 33690)
2022-08-25 14:32:16.000 *** Mouse movement (LeftButton) ***  Mouse coords: (526, 499) (19312, 33706)
2022-08-25 14:32:16.025 *** Mouse movement (LeftButton) ***  Mouse coords: (543, 512) (19306, 33708)
2022-08-25 14:32:16.045 *** Mouse movement (LeftButton) ***  Mouse coords: (549, 515) (19291, 33694)
2022-08-25 14:32:16.063 *** Mouse movement (LeftButton) ***  Mouse coords: (559, 519) (19296, 33696)
2022-08-25 14:32:16.083 *** Mouse movement (LeftButton) ***  Mouse coords: (566, 522) (19292, 33694)
2022-08-25 14:32:16.109 *** Mouse movement (LeftButton) ***  Mouse coords: (570, 523) (19288, 33692)
2022-08-25 14:32:16.133 *** Mouse movement (LeftButton) ***  Mouse coords: (570, 523) (19282, 33690)
2022-08-25 14:32:16.152 *** Mouse movement (LeftButton) ***  Mouse coords: (570, 523) (19282, 33690)
2022-08-25 14:32:16.244 *** Process image overlay spent 0.00 seconds.
2022-08-25 14:32:16.246 *** Get cell color spent 0.00 seconds.
2022-08-25 14:32:17.492 *** Mouse movement (LeftButton) ***  Mouse coords: (550, 469) (19253, 33613)
2022-08-25 14:32:18.185 *** Mouse movement (LeftButton) ***  Mouse coords: (487, 446) (19163, 33580)
2022-08-25 14:32:18.307 *** Process image overlay spent 0.00 seconds.
2022-08-25 14:32:18.309 *** Get cell color spent 0.00 seconds.
2022-08-25 14:32:18.391 *** Mouse movement (LeftButton) ***  Mouse coords: (431, 437) (19084, 33568)
2022-08-25 14:32:18.414 *** Mouse movement (LeftButton) ***  Mouse coords: (423, 435) (19152, 33578)
2022-08-25 14:32:18.434 *** Mouse movement (LeftButton) ***  Mouse coords: (416, 433) (19154, 33578)
2022-08-25 14:32:18.456 *** Mouse movement (LeftButton) ***  Mouse coords: (415, 433) (19163, 33581)
2022-08-25 14:32:18.495 *** Mouse movement (LeftButton) ***  Mouse coords: (415, 432) (19164, 33580)
2022-08-25 14:32:18.514 *** Mouse movement (LeftButton) ***  Mouse coords: (415, 431) (19164, 33579)
2022-08-25 14:32:18.532 *** Mouse movement (LeftButton) ***  Mouse coords: (415, 430) (19164, 33580)
2022-08-25 14:32:18.620 *** Process image overlay spent 0.00 seconds.
2022-08-25 14:32:18.622 *** Get cell color spent 0.00 seconds.
2022-08-25 14:32:20.250 *** Mouse movement (LeftButton) ***  Mouse coords: (388, 429) (19125, 33579)
2022-08-25 14:32:20.311 *** Mouse movement (LeftButton) ***  Mouse coords: (383, 468) (19118, 33635)
2022-08-25 14:32:20.335 *** Mouse movement (LeftButton) ***  Mouse coords: (383, 479) (19125, 33595)
2022-08-25 14:32:20.355 *** Mouse movement (LeftButton) ***  Mouse coords: (383, 482) (19125, 33583)
2022-08-25 14:32:20.374 *** Mouse movement (LeftButton) ***  Mouse coords: (383, 483) (19125, 33581)
2022-08-25 14:32:20.400 *** Mouse movement (LeftButton) ***  Mouse coords: (383, 484) (19125, 33580)
2022-08-25 14:32:20.420 *** Mouse movement (LeftButton) ***  Mouse coords: (383, 484) (19125, 33579)
2022-08-25 14:32:20.519 *** Process image overlay spent 0.00 seconds.
2022-08-25 14:32:20.521 *** Get cell color spent 0.00 seconds.
2022-08-25 14:32:20.601 *** Mouse movement (LeftButton) ***  Mouse coords: (383, 483) (19125, 33578)
2022-08-25 14:32:20.681 *** Process image overlay spent 0.00 seconds.
2022-08-25 14:32:20.683 *** Get cell color spent 0.00 seconds.
2022-08-25 14:32:37.541 *** Mouse movement (LeftButton) ***  Mouse coords: (392, 257) (19138, 33255)
2022-08-25 14:32:37.615 *** Mouse movement (LeftButton) ***  Mouse coords: (392, 257) (19138, 33255)
2022-08-25 14:32:37.640 *** Mouse movement (LeftButton) ***  Mouse coords: (400, 280) (19149, 33288)
2022-08-25 14:32:37.663 *** Mouse movement (LeftButton) ***  Mouse coords: (450, 338) (19221, 33371)
2022-08-25 14:32:37.682 *** Mouse movement (LeftButton) ***  Mouse coords: (600, 465) (19436, 33553)
2022-08-25 14:32:37.701 *** Mouse movement (LeftButton) ***  Mouse coords: (692, 529) (19567, 33644)
2022-08-25 14:32:37.721 *** Mouse movement (LeftButton) ***  Mouse coords: (747, 562) (19646, 33692)
2022-08-25 14:32:37.741 *** Mouse movement (LeftButton) ***  Mouse coords: (795, 588) (19715, 33729)
2022-08-25 14:32:37.760 *** Mouse movement (LeftButton) ***  Mouse coords: (810, 595) (19736, 33739)
2022-08-25 14:32:37.778 *** Mouse movement (LeftButton) ***  Mouse coords: (816, 598) (19745, 33743)
2022-08-25 14:32:37.798 *** Mouse movement (LeftButton) ***  Mouse coords: (817, 598) (19746, 33743)
2022-08-25 14:32:37.818 *** Mouse movement (LeftButton) ***  Mouse coords: (818, 598) (19748, 33743)
2022-08-25 14:32:37.837 *** Mouse movement (LeftButton) ***  Mouse coords: (818, 598) (19748, 33743)
2022-08-25 14:32:37.854 *** Mouse movement (LeftButton) ***  Mouse coords: (818, 598) (19748, 33743)
2022-08-25 14:32:37.872 *** Mouse movement (LeftButton) ***  Mouse coords: (818, 598) (19748, 33743)
2022-08-25 14:32:37.889 *** Mouse movement (LeftButton) ***  Mouse coords: (819, 598) (19749, 33743)
2022-08-25 14:32:37.908 *** Mouse movement (LeftButton) ***  Mouse coords: (819, 598) (19749, 33743)
2022-08-25 14:32:37.925 *** Mouse movement (LeftButton) ***  Mouse coords: (820, 598) (19750, 33743)
2022-08-25 14:32:37.945 *** Mouse movement (LeftButton) ***  Mouse coords: (820, 598) (19750, 33743)
2022-08-25 14:32:37.962 *** Mouse movement (LeftButton) ***  Mouse coords: (820, 597) (19750, 33742)
2022-08-25 14:32:37.982 *** Mouse movement (LeftButton) ***  Mouse coords: (820, 597) (19750, 33742)
2022-08-25 14:32:38.000 *** Mouse movement (LeftButton) ***  Mouse coords: (820, 599) (19750, 33745)
2022-08-25 14:32:38.020 *** Mouse movement (LeftButton) ***  Mouse coords: (820, 603) (19750, 33750)
2022-08-25 14:32:38.041 *** Mouse movement (LeftButton) ***  Mouse coords: (820, 614) (19750, 33766)
2022-08-25 14:32:38.061 *** Mouse movement (LeftButton) ***  Mouse coords: (817, 623) (19746, 33779)
2022-08-25 14:32:38.080 *** Mouse movement (LeftButton) ***  Mouse coords: (809, 632) (19735, 33792)
2022-08-25 14:32:38.099 *** Mouse movement (LeftButton) ***  Mouse coords: (794, 645) (19713, 33810)
2022-08-25 14:32:38.119 *** Mouse movement (LeftButton) ***  Mouse coords: (786, 652) (19702, 33820)
2022-08-25 14:32:38.138 *** Mouse movement (LeftButton) ***  Mouse coords: (777, 658) (19689, 33829)
2022-08-25 14:32:38.157 *** Mouse movement (LeftButton) ***  Mouse coords: (768, 662) (19676, 33835)
2022-08-25 14:32:38.177 *** Mouse movement (LeftButton) ***  Mouse coords: (766, 663) (19673, 33836)
2022-08-25 14:32:38.196 *** Mouse movement (LeftButton) ***  Mouse coords: (764, 664) (19670, 33838)
2022-08-25 14:32:38.215 *** Mouse movement (LeftButton) ***  Mouse coords: (763, 664) (19669, 33838)
2022-08-25 14:32:38.234 *** Mouse movement (LeftButton) ***  Mouse coords: (762, 664) (19667, 33838)
2022-08-25 14:32:38.253 *** Mouse movement (LeftButton) ***  Mouse coords: (762, 664) (19667, 33838)
2022-08-25 14:32:38.274 *** Mouse movement (LeftButton) ***  Mouse coords: (761, 664) (19666, 33838)
2022-08-25 14:32:38.293 *** Mouse movement (LeftButton) ***  Mouse coords: (761, 664) (19666, 33838)
2022-08-25 14:32:38.310 *** Mouse movement (LeftButton) ***  Mouse coords: (759, 664) (19663, 33838)
2022-08-25 14:32:38.329 *** Mouse movement (LeftButton) ***  Mouse coords: (756, 664) (19659, 33838)
2022-08-25 14:32:38.348 *** Mouse movement (LeftButton) ***  Mouse coords: (753, 663) (19655, 33836)
2022-08-25 14:32:38.367 *** Mouse movement (LeftButton) ***  Mouse coords: (752, 662) (19653, 33835)
2022-08-25 14:32:38.386 *** Mouse movement (LeftButton) ***  Mouse coords: (749, 661) (19649, 33833)
2022-08-25 14:32:38.405 *** Mouse movement (LeftButton) ***  Mouse coords: (748, 660) (19647, 33832)
2022-08-25 14:32:38.424 *** Mouse movement (LeftButton) ***  Mouse coords: (747, 659) (19646, 33830)
2022-08-25 14:32:38.442 *** Mouse movement (LeftButton) ***  Mouse coords: (746, 658) (19645, 33829)
2022-08-25 14:32:38.462 *** Mouse movement (LeftButton) ***  Mouse coords: (745, 656) (19643, 33826)
2022-08-25 14:32:38.481 *** Mouse movement (LeftButton) ***  Mouse coords: (744, 654) (19642, 33823)
2022-08-25 14:32:38.500 *** Mouse movement (LeftButton) ***  Mouse coords: (743, 654) (19640, 33823)
2022-08-25 14:32:38.519 *** Mouse movement (LeftButton) ***  Mouse coords: (742, 652) (19639, 33820)
2022-08-25 14:32:38.538 *** Mouse movement (LeftButton) ***  Mouse coords: (742, 651) (19639, 33819)
2022-08-25 14:32:38.558 *** Mouse movement (LeftButton) ***  Mouse coords: (742, 651) (19639, 33819)
2022-08-25 14:32:38.576 *** Mouse movement (LeftButton) ***  Mouse coords: (742, 651) (19639, 33819)
2022-08-25 14:32:38.732 *** Mouse movement (LeftButton) ***  Mouse coords: (742, 651) (19639, 33819)
2022-08-25 14:32:38.759 *** Mouse movement (LeftButton) ***  Mouse coords: (742, 650) (19639, 33818)
2022-08-25 14:32:38.781 *** Mouse movement (LeftButton) ***  Mouse coords: (742, 649) (19639, 33816)
2022-08-25 14:32:38.801 *** Mouse movement (LeftButton) ***  Mouse coords: (742, 646) (19639, 33812)
2022-08-25 14:32:38.821 *** Mouse movement (LeftButton) ***  Mouse coords: (742, 645) (19639, 33810)
2022-08-25 14:32:38.840 *** Mouse movement (LeftButton) ***  Mouse coords: (742, 645) (19639, 33810)
2022-08-25 14:32:38.857 *** Mouse movement (LeftButton) ***  Mouse coords: (742, 645) (19639, 33810)
2022-08-25 14:32:38.915 *** Mouse movement (LeftButton) ***  Mouse coords: (742, 645) (19639, 33810)
2022-08-25 14:32:38.934 *** Mouse movement (LeftButton) ***  Mouse coords: (744, 645) (19642, 33810)
2022-08-25 14:32:38.953 *** Mouse movement (LeftButton) ***  Mouse coords: (746, 645) (19645, 33810)
2022-08-25 14:32:38.972 *** Mouse movement (LeftButton) ***  Mouse coords: (748, 645) (19647, 33810)
2022-08-25 14:32:38.991 *** Mouse movement (LeftButton) ***  Mouse coords: (750, 645) (19650, 33810)
2022-08-25 14:32:39.010 *** Mouse movement (LeftButton) ***  Mouse coords: (750, 645) (19650, 33810)
2022-08-25 14:32:39.027 *** Mouse movement (LeftButton) ***  Mouse coords: (751, 646) (19652, 33812)
2022-08-25 14:32:39.046 *** Mouse movement (LeftButton) ***  Mouse coords: (751, 646) (19652, 33812)
2022-08-25 14:32:39.063 *** Mouse movement (LeftButton) ***  Mouse coords: (751, 646) (19652, 33812)
2022-08-25 14:32:39.079 *** Mouse movement (LeftButton) ***  Mouse coords: (752, 647) (19653, 33813)
2022-08-25 14:32:39.098 *** Mouse movement (LeftButton) ***  Mouse coords: (752, 648) (19653, 33815)
2022-08-25 14:32:39.117 *** Mouse movement (LeftButton) ***  Mouse coords: (753, 648) (19655, 33815)
2022-08-25 14:32:39.136 *** Mouse movement (LeftButton) ***  Mouse coords: (753, 649) (19655, 33816)
2022-08-25 14:32:39.155 *** Mouse movement (LeftButton) ***  Mouse coords: (753, 650) (19655, 33818)
2022-08-25 14:32:39.175 *** Mouse movement (LeftButton) ***  Mouse coords: (753, 650) (19655, 33818)
2022-08-25 14:32:39.192 *** Mouse movement (LeftButton) ***  Mouse coords: (754, 650) (19656, 33818)
2022-08-25 14:32:39.211 *** Mouse movement (LeftButton) ***  Mouse coords: (755, 651) (19657, 33819)
2022-08-25 14:32:39.230 *** Mouse movement (LeftButton) ***  Mouse coords: (756, 652) (19659, 33820)
2022-08-25 14:32:39.248 *** Mouse movement (LeftButton) ***  Mouse coords: (757, 652) (19660, 33820)
2022-08-25 14:32:39.267 *** Mouse movement (LeftButton) ***  Mouse coords: (758, 653) (19662, 33822)
2022-08-25 14:32:40.734 *** Mouse movement (LeftButton) ***  Mouse coords: (873, 503) (19826, 33607)
2022-08-25 14:32:42.569 *** Mouse movement (LeftButton) ***  Mouse coords: (417, 215) (19174, 33195)
2022-08-25 14:32:42.670 *** Process image overlay spent 0.00 seconds.
2022-08-25 14:32:42.672 *** Get cell color spent 0.00 seconds.
2022-08-25 14:32:42.753 *** Mouse movement (LeftButton) ***  Mouse coords: (470, 282) (19247, 33290)
2022-08-25 14:32:42.773 *** Mouse movement (LeftButton) ***  Mouse coords: (474, 289) (19176, 33204)
2022-08-25 14:32:42.792 *** Mouse movement (LeftButton) ***  Mouse coords: (476, 292) (19174, 33198)
2022-08-25 14:32:42.811 *** Mouse movement (LeftButton) ***  Mouse coords: (478, 295) (19174, 33199)
2022-08-25 14:32:42.834 *** Mouse movement (LeftButton) ***  Mouse coords: (479, 296) (19173, 33195)
2022-08-25 14:32:42.854 *** Mouse movement (LeftButton) ***  Mouse coords: (479, 297) (19171, 33195)
2022-08-25 14:32:42.932 *** Process image overlay spent 0.00 seconds.
2022-08-25 14:32:42.934 *** Get cell color spent 0.00 seconds.
2022-08-25 14:32:43.031 *** Mouse movement (LeftButton) ***  Mouse coords: (479, 296) (19171, 33193)
2022-08-25 14:32:43.057 *** Mouse movement (LeftButton) ***  Mouse coords: (479, 295) (19171, 33193)
2022-08-25 14:32:43.094 *** Mouse movement (LeftButton) ***  Mouse coords: (478, 291) (19169, 33188)
2022-08-25 14:32:43.114 *** Mouse movement (LeftButton) ***  Mouse coords: (476, 285) (19168, 33185)
2022-08-25 14:32:43.134 *** Mouse movement (LeftButton) ***  Mouse coords: (474, 277) (19168, 33183)
2022-08-25 14:32:43.158 *** Mouse movement (LeftButton) ***  Mouse coords: (472, 267) (19169, 33180)
2022-08-25 14:32:43.179 *** Mouse movement (LeftButton) ***  Mouse coords: (472, 262) (19171, 33186)
2022-08-25 14:32:43.199 *** Mouse movement (LeftButton) ***  Mouse coords: (472, 262) (19171, 33194)
2022-08-25 14:32:43.222 *** Mouse movement (LeftButton) ***  Mouse coords: (472, 261) (19171, 33193)
2022-08-25 14:32:43.248 *** Mouse movement (LeftButton) ***  Mouse coords: (472, 261) (19171, 33194)
2022-08-25 14:32:43.268 *** Mouse movement (LeftButton) ***  Mouse coords: (472, 260) (19171, 33193)
2022-08-25 14:32:43.383 *** Process image overlay spent 0.00 seconds.
2022-08-25 14:32:43.385 *** Get cell color spent 0.00 seconds.
2022-08-25 14:32:43.775 *** Mouse movement (LeftButton) ***  Mouse coords: (426, 334) (19105, 33299)
2022-08-25 14:32:43.856 *** Mouse movement (LeftButton) ***  Mouse coords: (427, 335) (19106, 33301)
2022-08-25 14:32:43.886 *** Mouse movement (LeftButton) ***  Mouse coords: (459, 335) (19151, 33299)
2022-08-25 14:32:43.924 *** Mouse movement (LeftButton) ***  Mouse coords: (504, 335) (19169, 33299)
2022-08-25 14:32:43.943 *** Mouse movement (LeftButton) ***  Mouse coords: (514, 335) (19120, 33299)
2022-08-25 14:32:43.964 *** Mouse movement (LeftButton) ***  Mouse coords: (526, 335) (19122, 33299)
2022-08-25 14:32:43.994 *** Mouse movement (LeftButton) ***  Mouse coords: (530, 335) (19110, 33299)
2022-08-25 14:32:44.120 *** Process image overlay spent 0.00 seconds.
2022-08-25 14:32:44.122 *** Get cell color spent 0.00 seconds.
2022-08-25 14:32:44.986 *** Mouse movement (LeftButton) ***  Mouse coords: (470, 404) (19020, 33398)
2022-08-25 14:32:45.101 *** Process image overlay spent 0.00 seconds.
2022-08-25 14:32:45.104 *** Get cell color spent 0.00 seconds.
2022-08-25 14:32:45.183 *** Mouse movement (LeftButton) ***  Mouse coords: (479, 378) (19034, 33358)
2022-08-25 14:32:45.204 *** Mouse movement (LeftButton) ***  Mouse coords: (483, 369) (19026, 33384)
2022-08-25 14:32:45.224 *** Mouse movement (LeftButton) ***  Mouse coords: (487, 360) (19027, 33383)
2022-08-25 14:32:45.244 *** Mouse movement (LeftButton) ***  Mouse coords: (489, 356) (19024, 33390)
2022-08-25 14:32:45.281 *** Mouse movement (LeftButton) ***  Mouse coords: (490, 354) (19022, 33393)
2022-08-25 14:32:45.300 *** Mouse movement (LeftButton) ***  Mouse coords: (492, 351) (19024, 33392)
2022-08-25 14:32:45.322 *** Mouse movement (LeftButton) ***  Mouse coords: (494, 350) (19024, 33394)
2022-08-25 14:32:45.349 *** Mouse movement (LeftButton) ***  Mouse coords: (497, 348) (19025, 33393)
2022-08-25 14:32:45.374 *** Mouse movement (LeftButton) ***  Mouse coords: (499, 345) (19024, 33392)
2022-08-25 14:32:45.393 *** Mouse movement (LeftButton) ***  Mouse coords: (500, 344) (19023, 33395)
2022-08-25 14:32:45.416 *** Mouse movement (LeftButton) ***  Mouse coords: (500, 343) (19021, 33394)
2022-08-25 14:32:45.541 *** Process image overlay spent 0.00 seconds.
2022-08-25 14:32:45.543 *** Get cell color spent 0.00 seconds.
2022-08-25 14:32:45.800 *** Mouse movement (LeftButton) ***  Mouse coords: (695, 453) (19300, 33554)
2022-08-25 14:32:45.898 *** Mouse movement (LeftButton) ***  Mouse coords: (694, 454) (19296, 33555)
2022-08-25 14:32:45.937 *** Mouse movement (LeftButton) ***  Mouse coords: (684, 454) (19284, 33554)
2022-08-25 14:32:45.957 *** Mouse movement (LeftButton) ***  Mouse coords: (678, 454) (19289, 33554)
2022-08-25 14:32:45.977 *** Mouse movement (LeftButton) ***  Mouse coords: (676, 454) (19295, 33554)
2022-08-25 14:32:46.001 *** Mouse movement (LeftButton) ***  Mouse coords: (670, 453) (19290, 33553)
2022-08-25 14:32:46.021 *** Mouse movement (LeftButton) ***  Mouse coords: (663, 452) (19288, 33552)
2022-08-25 14:32:46.043 *** Mouse movement (LeftButton) ***  Mouse coords: (654, 449) (19285, 33550)
2022-08-25 14:32:46.069 *** Mouse movement (LeftButton) ***  Mouse coords: (651, 447) (19294, 33551)
2022-08-25 14:32:46.104 *** Mouse movement (LeftButton) ***  Mouse coords: (648, 447) (19293, 33554)
2022-08-25 14:32:46.135 *** Mouse movement (LeftButton) ***  Mouse coords: (647, 447) (19297, 33554)
2022-08-25 14:32:46.158 *** Mouse movement (LeftButton) ***  Mouse coords: (647, 447) (19298, 33554)
2022-08-25 14:32:46.177 *** Mouse movement (LeftButton) ***  Mouse coords: (646, 447) (19296, 33554)
2022-08-25 14:32:46.197 *** Mouse movement (LeftButton) ***  Mouse coords: (646, 446) (19298, 33553)
2022-08-25 14:32:46.220 *** Mouse movement (LeftButton) ***  Mouse coords: (645, 446) (19297, 33554)
2022-08-25 14:32:46.239 *** Mouse movement (LeftButton) ***  Mouse coords: (645, 445) (19298, 33552)
2022-08-25 14:32:46.259 *** Mouse movement (LeftButton) ***  Mouse coords: (645, 444) (19298, 33553)
2022-08-25 14:32:46.283 *** Mouse movement (LeftButton) ***  Mouse coords: (645, 443) (19298, 33552)
2022-08-25 14:32:46.401 *** Process image overlay spent 0.00 seconds.
2022-08-25 14:32:46.403 *** Get cell color spent 0.00 seconds.
2022-08-25 14:32:50.440 *** Mouse movement (LeftButton) ***  Mouse coords: (835, 455) (19570, 33572)
2022-08-25 14:32:50.490 *** Mouse movement (LeftButton) ***  Mouse coords: (806, 449) (19528, 33563)
2022-08-25 14:32:50.513 *** Mouse movement (LeftButton) ***  Mouse coords: (782, 431) (19536, 33546)
2022-08-25 14:32:50.532 *** Mouse movement (LeftButton) ***  Mouse coords: (762, 413) (19541, 33546)
2022-08-25 14:32:50.552 *** Mouse movement (LeftButton) ***  Mouse coords: (720, 373) (19510, 33515)
2022-08-25 14:32:50.575 *** Mouse movement (LeftButton) ***  Mouse coords: (647, 306) (19466, 33476)
2022-08-25 14:32:50.594 *** Mouse movement (LeftButton) ***  Mouse coords: (567, 233) (19455, 33468)
2022-08-25 14:32:50.615 *** Mouse movement (LeftButton) ***  Mouse coords: (475, 162) (19439, 33470)
2022-08-25 14:32:50.645 *** Mouse movement (LeftButton) ***  Mouse coords: (424, 139) (19497, 33539)
2022-08-25 14:32:50.665 *** Mouse movement (LeftButton) ***  Mouse coords: (383, 135) (19511, 33567)
2022-08-25 14:32:50.685 *** Mouse movement (LeftButton) ***  Mouse coords: (348, 135) (19520, 33572)
2022-08-25 14:32:50.707 *** Mouse movement (LeftButton) ***  Mouse coords: (323, 138) (19534, 33576)
2022-08-25 14:32:50.731 *** Mouse movement (LeftButton) ***  Mouse coords: (280, 151) (19509, 33591)
2022-08-25 14:32:50.753 *** Mouse movement (LeftButton) ***  Mouse coords: (250, 158) (19527, 33582)
2022-08-25 14:32:50.773 *** Mouse movement (LeftButton) ***  Mouse coords: (236, 160) (19550, 33574)
2022-08-25 14:32:50.792 *** Mouse movement (LeftButton) ***  Mouse coords: (222, 160) (19550, 33572)
2022-08-25 14:32:50.817 *** Mouse movement (LeftButton) ***  Mouse coords: (205, 160) (19545, 33572)
2022-08-25 14:32:50.836 *** Mouse movement (LeftButton) ***  Mouse coords: (188, 158) (19546, 33570)
2022-08-25 14:32:50.856 *** Mouse movement (LeftButton) ***  Mouse coords: (176, 155) (19553, 33567)
2022-08-25 14:32:50.875 *** Mouse movement (LeftButton) ***  Mouse coords: (164, 151) (19553, 33567)
2022-08-25 14:32:50.904 *** Mouse movement (LeftButton) ***  Mouse coords: (146, 142) (19544, 33559)
2022-08-25 14:32:50.924 *** Mouse movement (LeftButton) ***  Mouse coords: (136, 132) (19556, 33557)
2022-08-25 14:32:50.943 *** Mouse movement (LeftButton) ***  Mouse coords: (131, 126) (19563, 33564)
2022-08-25 14:32:50.968 *** Mouse movement (LeftButton) ***  Mouse coords: (130, 125) (19568, 33570)
2022-08-25 14:32:50.988 *** Mouse movement (LeftButton) ***  Mouse coords: (130, 125) (19570, 33572)
2022-08-25 14:32:51.008 *** Mouse movement (LeftButton) ***  Mouse coords: (129, 124) (19569, 33571)
2022-08-25 14:32:51.097 *** Process image overlay spent 0.00 seconds.
2022-08-25 14:32:51.099 *** Get cell color spent 0.00 seconds.
2022-08-25 14:32:52.151 *** Mouse movement (LeftButton) ***  Mouse coords: (390, 420) (19943, 33995)
2022-08-25 14:32:52.248 *** Mouse movement (LeftButton) ***  Mouse coords: (391, 420) (19944, 33995)
2022-08-25 14:32:52.275 *** Mouse movement (LeftButton) ***  Mouse coords: (396, 417) (19949, 33991)
2022-08-25 14:32:52.314 *** Mouse movement (LeftButton) ***  Mouse coords: (403, 410) (19952, 33985)
2022-08-25 14:32:52.333 *** Mouse movement (LeftButton) ***  Mouse coords: (409, 405) (19950, 33988)
2022-08-25 14:32:52.353 *** Mouse movement (LeftButton) ***  Mouse coords: (412, 402) (19947, 33991)
2022-08-25 14:32:52.380 *** Mouse movement (LeftButton) ***  Mouse coords: (415, 401) (19946, 33993)
2022-08-25 14:32:52.413 *** Mouse movement (LeftButton) ***  Mouse coords: (418, 400) (19946, 33994)
2022-08-25 14:32:52.440 *** Mouse movement (LeftButton) ***  Mouse coords: (421, 396) (19947, 33989)
2022-08-25 14:32:52.466 *** Mouse movement (LeftButton) ***  Mouse coords: (422, 393) (19943, 33991)
2022-08-25 14:32:52.486 *** Mouse movement (LeftButton) ***  Mouse coords: (425, 377) (19946, 33972)
2022-08-25 14:32:52.506 *** Mouse movement (LeftButton) ***  Mouse coords: (429, 361) (19948, 33972)
2022-08-25 14:32:52.531 *** Mouse movement (LeftButton) ***  Mouse coords: (433, 337) (19948, 33961)
2022-08-25 14:32:52.551 *** Mouse movement (LeftButton) ***  Mouse coords: (438, 321) (19949, 33972)
2022-08-25 14:32:52.570 *** Mouse movement (LeftButton) ***  Mouse coords: (441, 313) (19946, 33983)
2022-08-25 14:32:52.590 *** Mouse movement (LeftButton) ***  Mouse coords: (442, 307) (19944, 33987)
2022-08-25 14:32:52.613 *** Mouse movement (LeftButton) ***  Mouse coords: (445, 299) (19946, 33983)
2022-08-25 14:32:52.634 *** Mouse movement (LeftButton) ***  Mouse coords: (447, 294) (19945, 33988)
2022-08-25 14:32:52.654 *** Mouse movement (LeftButton) ***  Mouse coords: (450, 287) (19946, 33985)
2022-08-25 14:32:52.679 *** Mouse movement (LeftButton) ***  Mouse coords: (451, 284) (19943, 33991)
2022-08-25 14:32:52.713 *** Mouse movement (LeftButton) ***  Mouse coords: (452, 281) (19944, 33991)
2022-08-25 14:32:52.741 *** Mouse movement (LeftButton) ***  Mouse coords: (454, 277) (19945, 33989)
2022-08-25 14:32:52.766 *** Mouse movement (LeftButton) ***  Mouse coords: (454, 275) (19942, 33992)
2022-08-25 14:32:52.786 *** Mouse movement (LeftButton) ***  Mouse coords: (454, 274) (19942, 33994)
2022-08-25 14:32:52.902 *** Process image overlay spent 0.00 seconds.
2022-08-25 14:32:52.904 *** Get cell color spent 0.00 seconds.
2022-08-25 14:32:53.748 *** Mouse movement (LeftButton) ***  Mouse coords: (682, 484) (20268, 34295)
2022-08-25 14:32:53.784 *** Mouse movement (LeftButton) ***  Mouse coords: (670, 445) (20251, 34240)
2022-08-25 14:32:53.805 *** Mouse movement (LeftButton) ***  Mouse coords: (660, 412) (20253, 34249)
2022-08-25 14:32:53.825 *** Mouse movement (LeftButton) ***  Mouse coords: (657, 400) (20264, 34279)
2022-08-25 14:32:53.850 *** Mouse movement (LeftButton) ***  Mouse coords: (649, 377) (20257, 34263)
2022-08-25 14:32:53.870 *** Mouse movement (LeftButton) ***  Mouse coords: (638, 350) (20252, 34257)
2022-08-25 14:32:53.889 *** Mouse movement (LeftButton) ***  Mouse coords: (632, 339) (20259, 34281)
2022-08-25 14:32:53.908 *** Mouse movement (LeftButton) ***  Mouse coords: (627, 326) (20261, 34277)
2022-08-25 14:32:53.933 *** Mouse movement (LeftButton) ***  Mouse coords: (621, 312) (20260, 34276)
2022-08-25 14:32:53.953 *** Mouse movement (LeftButton) ***  Mouse coords: (615, 298) (20259, 34276)
2022-08-25 14:32:53.973 *** Mouse movement (LeftButton) ***  Mouse coords: (611, 290) (20262, 34284)
2022-08-25 14:32:53.993 *** Mouse movement (LeftButton) ***  Mouse coords: (606, 283) (20261, 34286)
2022-08-25 14:32:54.019 *** Mouse movement (LeftButton) ***  Mouse coords: (598, 275) (20257, 34285)
2022-08-25 14:32:54.038 *** Mouse movement (LeftButton) ***  Mouse coords: (588, 271) (20253, 34290)
2022-08-25 14:32:54.057 *** Mouse movement (LeftButton) ***  Mouse coords: (580, 269) (20257, 34293)
2022-08-25 14:32:54.077 *** Mouse movement (LeftButton) ***  Mouse coords: (568, 267) (20251, 34294)
2022-08-25 14:32:54.102 *** Mouse movement (LeftButton) ***  Mouse coords: (560, 265) (20256, 34293)
2022-08-25 14:32:54.121 *** Mouse movement (LeftButton) ***  Mouse coords: (542, 257) (20243, 34284)
2022-08-25 14:32:54.141 *** Mouse movement (LeftButton) ***  Mouse coords: (530, 251) (20250, 34288)
2022-08-25 14:32:54.164 *** Mouse movement (LeftButton) ***  Mouse coords: (516, 241) (20248, 34281)
2022-08-25 14:32:54.184 *** Mouse movement (LeftButton) ***  Mouse coords: (505, 232) (20253, 34283)
2022-08-25 14:32:54.203 *** Mouse movement (LeftButton) ***  Mouse coords: (502, 229) (20263, 34292)
2022-08-25 14:32:54.223 *** Mouse movement (LeftButton) ***  Mouse coords: (501, 228) (20267, 34295)
2022-08-25 14:32:54.245 *** Mouse movement (LeftButton) ***  Mouse coords: (501, 228) (20268, 34296)
2022-08-25 14:32:54.268 *** Mouse movement (LeftButton) ***  Mouse coords: (501, 228) (20268, 34296)
2022-08-25 14:32:55.111 *** Mouse movement (LeftButton) ***  Mouse coords: (975, 530) (20946, 34728)
2022-08-25 14:32:55.257 *** Mouse movement (LeftButton) ***  Mouse coords: (974, 530) (20945, 34728)
2022-08-25 14:32:55.299 *** Mouse movement (LeftButton) ***  Mouse coords: (968, 530) (20937, 34728)
2022-08-25 14:32:55.339 *** Mouse movement (LeftButton) ***  Mouse coords: (961, 527) (20936, 34724)
2022-08-25 14:32:55.358 *** Mouse movement (LeftButton) ***  Mouse coords: (956, 522) (20939, 34720)
2022-08-25 14:32:55.376 *** Mouse movement (LeftButton) ***  Mouse coords: (950, 512) (20937, 34714)
2022-08-25 14:32:55.406 *** Mouse movement (LeftButton) ***  Mouse coords: (943, 501) (20936, 34712)
2022-08-25 14:32:55.432 *** Mouse movement (LeftButton) ***  Mouse coords: (908, 453) (20896, 34660)
2022-08-25 14:32:55.452 *** Mouse movement (LeftButton) ***  Mouse coords: (904, 449) (20941, 34722)
2022-08-25 14:32:55.478 *** Mouse movement (LeftButton) ***  Mouse coords: (895, 443) (20933, 34719)
2022-08-25 14:32:55.498 *** Mouse movement (LeftButton) ***  Mouse coords: (886, 437) (20933, 34720)
2022-08-25 14:32:55.517 *** Mouse movement (LeftButton) ***  Mouse coords: (880, 434) (20937, 34724)
2022-08-25 14:32:55.541 *** Mouse movement (LeftButton) ***  Mouse coords: (878, 433) (20943, 34726)
2022-08-25 14:32:55.560 *** Mouse movement (LeftButton) ***  Mouse coords: (876, 432) (20944, 34727)
2022-08-25 14:32:55.579 *** Mouse movement (LeftButton) ***  Mouse coords: (875, 432) (20944, 34728)
2022-08-25 14:32:55.603 *** Mouse movement (LeftButton) ***  Mouse coords: (875, 432) (20946, 34728)
2022-08-25 14:32:55.622 *** Mouse movement (LeftButton) ***  Mouse coords: (875, 432) (20946, 34728)
2022-08-25 14:32:57.410 *** Process image overlay spent 0.00 seconds.
2022-08-25 14:32:57.414 *** Get cell color spent 0.00 seconds.
2022-08-25 14:36:33.897 *** Mouse movement (LeftButton) ***  Mouse coords: (958, 635) (21100, 35094)
2022-08-25 14:36:33.964 *** Mouse movement (LeftButton) ***  Mouse coords: (958, 634) (21100, 35090)
2022-08-25 14:36:33.990 *** Mouse movement (LeftButton) ***  Mouse coords: (955, 611) (21094, 35049)
2022-08-25 14:36:34.012 *** Mouse movement (LeftButton) ***  Mouse coords: (934, 560) (21060, 34996)
2022-08-25 14:36:34.031 *** Mouse movement (LeftButton) ***  Mouse coords: (915, 525) (21065, 35026)
2022-08-25 14:36:34.061 *** Mouse movement (LeftButton) ***  Mouse coords: (875, 447) (21024, 34945)
2022-08-25 14:36:34.086 *** Mouse movement (LeftButton) ***  Mouse coords: (845, 367) (21044, 34941)
2022-08-25 14:36:34.105 *** Mouse movement (LeftButton) ***  Mouse coords: (840, 348) (21090, 35056)
2022-08-25 14:36:34.125 *** Mouse movement (LeftButton) ***  Mouse coords: (839, 340) (21098, 35077)
2022-08-25 14:36:34.146 *** Mouse movement (LeftButton) ***  Mouse coords: (839, 340) (21100, 35092)
2022-08-25 14:36:34.222 *** Mouse movement (LeftButton) ***  Mouse coords: (838, 339) (21099, 35090)
2022-08-25 14:36:34.249 *** Mouse movement (LeftButton) ***  Mouse coords: (837, 338) (21098, 35091)
2022-08-25 14:36:34.411 *** Process image overlay spent 0.01 seconds.
2022-08-25 14:36:34.416 *** Get cell color spent 0.00 seconds.
2022-08-25 14:36:35.178 *** Mouse movement (LeftButton) ***  Mouse coords: (814, 495) (21056, 35387)
2022-08-25 14:36:35.289 *** Mouse movement (LeftButton) ***  Mouse coords: (814, 495) (21056, 35387)
2022-08-25 14:36:35.323 *** Mouse movement (LeftButton) ***  Mouse coords: (809, 479) (21047, 35357)
2022-08-25 14:36:35.346 *** Mouse movement (LeftButton) ***  Mouse coords: (803, 463) (21045, 35357)
2022-08-25 14:36:35.366 *** Mouse movement (LeftButton) ***  Mouse coords: (802, 459) (21054, 35379)
2022-08-25 14:36:35.385 *** Mouse movement (LeftButton) ***  Mouse coords: (800, 454) (21052, 35378)
2022-08-25 14:36:35.405 *** Mouse movement (LeftButton) ***  Mouse coords: (799, 449) (21054, 35378)
2022-08-25 14:36:35.424 *** Mouse movement (LeftButton) ***  Mouse coords: (799, 448) (21056, 35385)
2022-08-25 14:36:35.561 *** Process image overlay spent 0.00 seconds.
2022-08-25 14:36:35.565 *** Get cell color spent 0.00 seconds.
2022-08-25 14:36:36.875 *** Mouse movement (LeftButton) ***  Mouse coords: (768, 392) (20998, 35281)
2022-08-25 14:36:37.006 *** Mouse movement (LeftButton) ***  Mouse coords: (768, 392) (20998, 35281)
2022-08-25 14:36:37.041 *** Mouse movement (LeftButton) ***  Mouse coords: (770, 403) (21002, 35302)
2022-08-25 14:36:37.065 *** Mouse movement (LeftButton) ***  Mouse coords: (771, 406) (20999, 35287)
2022-08-25 14:36:37.087 *** Mouse movement (LeftButton) ***  Mouse coords: (779, 426) (21013, 35318)
2022-08-25 14:36:37.107 *** Mouse movement (LeftButton) ***  Mouse coords: (785, 441) (21010, 35310)
2022-08-25 14:36:37.126 *** Mouse movement (LeftButton) ***  Mouse coords: (788, 446) (21003, 35290)
2022-08-25 14:36:37.146 *** Mouse movement (LeftButton) ***  Mouse coords: (789, 450) (21000, 35288)
2022-08-25 14:36:37.182 *** Mouse movement (LeftButton) ***  Mouse coords: (790, 452) (21000, 35285)
2022-08-25 14:36:37.204 *** Mouse movement (LeftButton) ***  Mouse coords: (790, 452) (20998, 35281)
2022-08-25 14:36:37.223 *** Mouse movement (LeftButton) ***  Mouse coords: (790, 452) (20998, 35281)
2022-08-25 14:36:37.243 *** Mouse movement (LeftButton) ***  Mouse coords: (790, 452) (20998, 35281)
2022-08-25 14:36:38.327 *** Mouse movement (LeftButton) ***  Mouse coords: (855, 466) (21121, 35308)
2022-08-25 14:36:38.456 *** Mouse movement (LeftButton) ***  Mouse coords: (855, 466) (21121, 35308)
2022-08-25 14:36:38.493 *** Mouse movement (LeftButton) ***  Mouse coords: (866, 467) (21141, 35309)
2022-08-25 14:36:38.517 *** Mouse movement (LeftButton) ***  Mouse coords: (887, 473) (21161, 35320)
2022-08-25 14:36:38.538 *** Mouse movement (LeftButton) ***  Mouse coords: (902, 479) (21149, 35319)
2022-08-25 14:36:38.557 *** Mouse movement (LeftButton) ***  Mouse coords: (907, 481) (21131, 35312)
2022-08-25 14:36:38.579 *** Mouse movement (LeftButton) ***  Mouse coords: (915, 485) (21136, 35315)
2022-08-25 14:36:38.599 *** Mouse movement (LeftButton) ***  Mouse coords: (922, 488) (21134, 35314)
2022-08-25 14:36:38.622 *** Mouse movement (LeftButton) ***  Mouse coords: (927, 492) (21130, 35316)
2022-08-25 14:36:38.644 *** Mouse movement (LeftButton) ***  Mouse coords: (929, 493) (21125, 35309)
2022-08-25 14:36:38.663 *** Mouse movement (LeftButton) ***  Mouse coords: (930, 493) (21123, 35308)
2022-08-25 14:36:38.682 *** Mouse movement (LeftButton) ***  Mouse coords: (930, 493) (21121, 35308)
2022-08-25 14:36:38.701 *** Mouse movement (LeftButton) ***  Mouse coords: (930, 493) (21121, 35308)
2022-08-25 14:36:38.722 *** Mouse movement (LeftButton) ***  Mouse coords: (928, 493) (21117, 35308)
2022-08-25 14:36:38.850 *** Process image overlay spent 0.00 seconds.
2022-08-25 14:36:38.854 *** Get cell color spent 0.00 seconds.
2022-08-26 10:32:29.879 *** Process image overlay spent 0.00 seconds.
2022-08-26 10:32:29.904 *** Get cell color spent 0.02 seconds.
2022-08-26 10:32:44.632 *** Mouse movement (LeftButton) ***  Mouse coords: (774, 565) (20741, 35354)
2022-08-26 10:32:44.760 *** Mouse movement (LeftButton) ***  Mouse coords: (773, 565) (20742, 35354)
2022-08-26 10:32:44.786 *** Mouse movement (LeftButton) ***  Mouse coords: (773, 579) (20744, 35380)
2022-08-26 10:32:44.809 *** Mouse movement (LeftButton) ***  Mouse coords: (775, 598) (20748, 35390)
2022-08-26 10:32:44.832 *** Mouse movement (LeftButton) ***  Mouse coords: (779, 606) (20751, 35369)
2022-08-26 10:32:44.866 *** Mouse movement (LeftButton) ***  Mouse coords: (790, 623) (20765, 35386)
2022-08-26 10:32:44.905 *** Mouse movement (LeftButton) ***  Mouse coords: (813, 644) (20787, 35393)
2022-08-26 10:32:44.932 *** Mouse movement (LeftButton) ***  Mouse coords: (863, 667) (20838, 35398)
2022-08-26 10:32:44.956 *** Mouse movement (LeftButton) ***  Mouse coords: (885, 671) (20786, 35361)
2022-08-26 10:32:44.981 *** Mouse movement (LeftButton) ***  Mouse coords: (891, 672) (20755, 35356)
2022-08-26 10:32:45.008 *** Mouse movement (LeftButton) ***  Mouse coords: (896, 671) (20753, 35352)
2022-08-26 10:32:45.034 *** Mouse movement (LeftButton) ***  Mouse coords: (900, 661) (20752, 35335)
2022-08-26 10:32:45.069 *** Mouse movement (LeftButton) ***  Mouse coords: (902, 642) (20748, 35319)
2022-08-26 10:32:45.094 *** Mouse movement (LeftButton) ***  Mouse coords: (902, 608) (20744, 35290)
2022-08-26 10:32:45.121 *** Mouse movement (LeftButton) ***  Mouse coords: (894, 590) (20729, 35320)
2022-08-26 10:32:45.144 *** Mouse movement (LeftButton) ***  Mouse coords: (887, 581) (20730, 35337)
2022-08-26 10:32:45.166 *** Mouse movement (LeftButton) ***  Mouse coords: (880, 577) (20731, 35346)
2022-08-26 10:32:45.188 *** Mouse movement (LeftButton) ***  Mouse coords: (875, 575) (20735, 35350)
2022-08-26 10:32:45.211 *** Mouse movement (LeftButton) ***  Mouse coords: (873, 575) (20740, 35354)
2022-08-26 10:32:45.375 *** Process image overlay spent 0.00 seconds.
2022-08-26 10:32:45.379 *** Get cell color spent 0.00 seconds.
2022-08-26 10:32:46.076 *** Process image overlay spent 0.00 seconds.
2022-08-26 10:32:46.095 *** Get cell color spent 0.02 seconds.
2022-08-26 10:32:46.787 *** Process image overlay spent 0.00 seconds.
2022-08-26 10:32:46.827 *** Get cell color spent 0.04 seconds.
2022-08-26 10:32:48.602 *** Process image overlay spent 0.00 seconds.
2022-08-26 10:32:48.605 *** Get cell color spent 0.00 seconds.
2022-08-26 10:32:49.141 *** Process image overlay spent 0.00 seconds.
2022-08-26 10:32:49.143 *** Get cell color spent 0.00 seconds.
2022-08-26 10:32:50.119 *** Mouse movement (LeftButton) ***  Mouse coords: (704, 347) (20559, 35228)
2022-08-26 10:32:50.174 *** Mouse movement (LeftButton) ***  Mouse coords: (647, 382) (20500, 35264)
2022-08-26 10:32:50.200 *** Mouse movement (LeftButton) ***  Mouse coords: (628, 396) (20539, 35243)
2022-08-26 10:32:50.222 *** Mouse movement (LeftButton) ***  Mouse coords: (593, 421) (20523, 35253)
2022-08-26 10:32:50.250 *** Mouse movement (LeftButton) ***  Mouse coords: (576, 433) (20542, 35241)
2022-08-26 10:32:50.279 *** Mouse movement (LeftButton) ***  Mouse coords: (572, 435) (20554, 35230)
2022-08-26 10:32:50.349 *** Process image overlay spent 0.00 seconds.
2022-08-26 10:32:50.351 *** Get cell color spent 0.00 seconds.
2022-08-26 10:32:57.086 *** Mouse movement (LeftButton) ***  Mouse coords: (1035, 304) (21037, 35093)
2022-08-26 10:32:57.158 *** Mouse movement (LeftButton) ***  Mouse coords: (1035, 304) (21037, 35093)
2022-08-26 10:32:57.189 *** Mouse movement (LeftButton) ***  Mouse coords: (1035, 314) (21037, 35103)
2022-08-26 10:32:57.212 *** Mouse movement (LeftButton) ***  Mouse coords: (1026, 338) (21028, 35118)
2022-08-26 10:32:57.235 *** Mouse movement (LeftButton) ***  Mouse coords: (1008, 365) (21018, 35121)
2022-08-26 10:32:57.278 *** Mouse movement (LeftButton) ***  Mouse coords: (997, 380) (21026, 35108)
2022-08-26 10:32:57.305 *** Mouse movement (LeftButton) ***  Mouse coords: (981, 399) (21020, 35113)
2022-08-26 10:32:57.352 *** Mouse movement (LeftButton) ***  Mouse coords: (974, 405) (21030, 35099)
2022-08-26 10:32:57.375 *** Mouse movement (LeftButton) ***  Mouse coords: (972, 405) (21035, 35093)
2022-08-26 10:32:57.458 *** Process image overlay spent 0.00 seconds.
2022-08-26 10:32:57.460 *** Get cell color spent 0.00 seconds.
2022-08-26 10:32:59.047 *** Process image overlay spent 0.00 seconds.
2022-08-26 10:32:59.052 *** Get cell color spent 0.00 seconds.
2022-08-26 10:33:00.833 *** Mouse movement (LeftButton) ***  Mouse coords: (972, 405) (21245, 34947)
2022-08-26 10:33:00.892 *** Mouse movement (LeftButton) ***  Mouse coords: (911, 413) (21111, 34965)
2022-08-26 10:33:00.940 *** Mouse movement (LeftButton) ***  Mouse coords: (890, 416) (21202, 34954)
2022-08-26 10:33:00.965 *** Mouse movement (LeftButton) ***  Mouse coords: (879, 418) (21225, 34951)
2022-08-26 10:33:00.987 *** Mouse movement (LeftButton) ***  Mouse coords: (875, 418) (21240, 34947)
2022-08-26 10:33:01.008 *** Mouse movement (LeftButton) ***  Mouse coords: (874, 419) (21248, 34950)
2022-08-26 10:33:01.320 *** Process image overlay spent 0.00 seconds.
2022-08-26 10:33:01.326 *** Get cell color spent 0.01 seconds.
2022-08-26 10:33:10.477 *** Mouse movement (LeftButton) ***  Mouse coords: (765, 117) (21001, 34257)
2022-08-26 10:33:10.716 *** Mouse movement (LeftButton) ***  Mouse coords: (765, 117) (21001, 34257)
2022-08-26 10:33:10.740 *** Mouse movement (LeftButton) ***  Mouse coords: (766, 117) (21004, 34257)
2022-08-26 10:33:10.762 *** Mouse movement (LeftButton) ***  Mouse coords: (767, 118) (21006, 34259)
2022-08-26 10:33:10.785 *** Mouse movement (LeftButton) ***  Mouse coords: (770, 121) (21013, 34266)
2022-08-26 10:33:10.807 *** Mouse movement (LeftButton) ***  Mouse coords: (776, 126) (21026, 34278)
2022-08-26 10:33:10.831 *** Mouse movement (LeftButton) ***  Mouse coords: (786, 136) (21049, 34300)
2022-08-26 10:33:10.854 *** Mouse movement (LeftButton) ***  Mouse coords: (792, 144) (21063, 34319)
2022-08-26 10:33:10.877 *** Mouse movement (LeftButton) ***  Mouse coords: (798, 153) (21077, 34339)
2022-08-26 10:33:10.900 *** Mouse movement (LeftButton) ***  Mouse coords: (802, 159) (21086, 34353)
2022-08-26 10:33:10.922 *** Mouse movement (LeftButton) ***  Mouse coords: (805, 163) (21093, 34362)
2022-08-26 10:33:10.945 *** Mouse movement (LeftButton) ***  Mouse coords: (809, 169) (21102, 34376)
2022-08-26 10:33:10.968 *** Mouse movement (LeftButton) ***  Mouse coords: (813, 175) (21111, 34390)
2022-08-26 10:33:10.991 *** Mouse movement (LeftButton) ***  Mouse coords: (817, 180) (21120, 34401)
2022-08-26 10:33:11.016 *** Mouse movement (LeftButton) ***  Mouse coords: (818, 183) (21122, 34408)
2022-08-26 10:33:11.038 *** Mouse movement (LeftButton) ***  Mouse coords: (819, 184) (21125, 34410)
2022-08-26 10:33:11.062 *** Mouse movement (LeftButton) ***  Mouse coords: (821, 186) (21129, 34415)
2022-08-26 10:33:11.084 *** Mouse movement (LeftButton) ***  Mouse coords: (822, 188) (21131, 34419)
2022-08-26 10:33:11.107 *** Mouse movement (LeftButton) ***  Mouse coords: (824, 190) (21136, 34424)
2022-08-26 10:33:11.130 *** Mouse movement (LeftButton) ***  Mouse coords: (826, 192) (21141, 34428)
2022-08-26 10:33:11.154 *** Mouse movement (LeftButton) ***  Mouse coords: (827, 194) (21143, 34433)
2022-08-26 10:33:11.177 *** Mouse movement (LeftButton) ***  Mouse coords: (828, 195) (21145, 34435)
2022-08-26 10:33:11.200 *** Mouse movement (LeftButton) ***  Mouse coords: (830, 198) (21150, 34442)
2022-08-26 10:33:11.222 *** Mouse movement (LeftButton) ***  Mouse coords: (832, 199) (21154, 34444)
2022-08-26 10:33:11.245 *** Mouse movement (LeftButton) ***  Mouse coords: (835, 202) (21161, 34451)
2022-08-26 10:33:11.267 *** Mouse movement (LeftButton) ***  Mouse coords: (836, 203) (21163, 34453)
2022-08-26 10:33:11.290 *** Mouse movement (LeftButton) ***  Mouse coords: (836, 203) (21163, 34453)
2022-08-26 10:33:11.310 *** Mouse movement (LeftButton) ***  Mouse coords: (837, 204) (21166, 34456)
2022-08-26 10:33:11.332 *** Mouse movement (LeftButton) ***  Mouse coords: (837, 204) (21166, 34456)
2022-08-26 10:33:11.353 *** Mouse movement (LeftButton) ***  Mouse coords: (837, 205) (21166, 34458)
2022-08-26 10:33:11.375 *** Mouse movement (LeftButton) ***  Mouse coords: (838, 205) (21168, 34458)
2022-08-26 10:33:12.836 *** Interactive label *** Apply to case start.
2022-08-26 10:33:27.575 *** Mouse movement (LeftButton) ***  Mouse coords: (503, 338) (20403, 34762)
2022-08-26 10:33:27.690 *** Mouse movement (LeftButton) ***  Mouse coords: (503, 338) (20403, 34762)
2022-08-26 10:33:27.720 *** Mouse movement (LeftButton) ***  Mouse coords: (514, 348) (20428, 34785)
2022-08-26 10:33:27.745 *** Mouse movement (LeftButton) ***  Mouse coords: (528, 369) (20460, 34832)
2022-08-26 10:33:27.771 *** Mouse movement (LeftButton) ***  Mouse coords: (545, 392) (20499, 34885)
2022-08-26 10:33:27.796 *** Mouse movement (LeftButton) ***  Mouse coords: (558, 407) (20529, 34919)
2022-08-26 10:33:27.819 *** Mouse movement (LeftButton) ***  Mouse coords: (566, 416) (20547, 34940)
2022-08-26 10:33:27.842 *** Mouse movement (LeftButton) ***  Mouse coords: (568, 417) (20551, 34942)
2022-08-26 10:33:27.867 *** Mouse movement (LeftButton) ***  Mouse coords: (569, 417) (20554, 34942)
2022-08-26 10:33:27.890 *** Mouse movement (LeftButton) ***  Mouse coords: (569, 417) (20554, 34942)
2022-08-26 10:33:27.911 *** Mouse movement (LeftButton) ***  Mouse coords: (569, 418) (20554, 34944)
2022-08-26 10:33:27.940 *** Mouse movement (LeftButton) ***  Mouse coords: (569, 418) (20554, 34944)
2022-08-26 10:33:27.960 *** Mouse movement (LeftButton) ***  Mouse coords: (569, 418) (20554, 34944)
2022-08-26 10:33:27.981 *** Mouse movement (LeftButton) ***  Mouse coords: (570, 418) (20556, 34944)
2022-08-26 10:33:28.004 *** Mouse movement (LeftButton) ***  Mouse coords: (570, 418) (20556, 34944)
2022-08-26 10:33:28.025 *** Mouse movement (LeftButton) ***  Mouse coords: (570, 418) (20556, 34944)
2022-08-26 10:33:28.046 *** Mouse movement (LeftButton) ***  Mouse coords: (571, 417) (20558, 34942)
2022-08-26 10:33:28.068 *** Mouse movement (LeftButton) ***  Mouse coords: (577, 415) (20572, 34938)
2022-08-26 10:33:28.091 *** Mouse movement (LeftButton) ***  Mouse coords: (586, 414) (20593, 34935)
2022-08-26 10:33:28.114 *** Mouse movement (LeftButton) ***  Mouse coords: (591, 414) (20604, 34935)
2022-08-26 10:33:28.137 *** Mouse movement (LeftButton) ***  Mouse coords: (592, 414) (20606, 34935)
2022-08-26 10:33:28.160 *** Mouse movement (LeftButton) ***  Mouse coords: (594, 415) (20611, 34938)
2022-08-26 10:33:28.182 *** Mouse movement (LeftButton) ***  Mouse coords: (595, 415) (20613, 34938)
2022-08-26 10:33:28.206 *** Mouse movement (LeftButton) ***  Mouse coords: (596, 415) (20615, 34938)
2022-08-26 10:33:28.229 *** Mouse movement (LeftButton) ***  Mouse coords: (596, 415) (20615, 34938)
2022-08-26 10:33:28.250 *** Mouse movement (LeftButton) ***  Mouse coords: (596, 416) (20615, 34940)
2022-08-26 10:33:28.272 *** Mouse movement (LeftButton) ***  Mouse coords: (596, 417) (20615, 34942)
2022-08-26 10:33:28.295 *** Mouse movement (LeftButton) ***  Mouse coords: (596, 418) (20615, 34944)
2022-08-26 10:33:28.317 *** Mouse movement (LeftButton) ***  Mouse coords: (596, 418) (20615, 34944)
2022-08-26 10:33:29.333 *** Interactive label *** Apply to case start.
2022-08-26 10:33:44.415 *** Mouse movement (LeftButton) ***  Mouse coords: (729, 480) (20919, 35086)
2022-08-26 10:33:44.460 *** Mouse movement (LeftButton) ***  Mouse coords: (749, 507) (20965, 35148)
2022-08-26 10:33:44.488 *** Mouse movement (LeftButton) ***  Mouse coords: (772, 534) (21017, 35209)
2022-08-26 10:33:44.513 *** Mouse movement (LeftButton) ***  Mouse coords: (777, 540) (21029, 35223)
2022-08-26 10:33:44.537 *** Mouse movement (LeftButton) ***  Mouse coords: (802, 564) (21086, 35278)
2022-08-26 10:33:44.560 *** Mouse movement (LeftButton) ***  Mouse coords: (814, 577) (21113, 35307)
2022-08-26 10:33:44.583 *** Mouse movement (LeftButton) ***  Mouse coords: (822, 586) (21131, 35328)
2022-08-26 10:33:44.606 *** Mouse movement (LeftButton) ***  Mouse coords: (825, 590) (21138, 35337)
2022-08-26 10:33:44.629 *** Mouse movement (LeftButton) ***  Mouse coords: (826, 592) (21141, 35342)
2022-08-26 10:33:44.652 *** Mouse movement (LeftButton) ***  Mouse coords: (827, 592) (21143, 35342)
2022-08-26 10:33:44.675 *** Mouse movement (LeftButton) ***  Mouse coords: (827, 592) (21143, 35342)
2022-08-26 10:33:44.890 *** Mouse movement (LeftButton) ***  Mouse coords: (827, 592) (21143, 35342)
2022-08-26 10:33:44.927 *** Mouse movement (LeftButton) ***  Mouse coords: (827, 590) (21143, 35337)
2022-08-26 10:33:44.955 *** Mouse movement (LeftButton) ***  Mouse coords: (827, 589) (21143, 35335)
2022-08-26 10:33:44.979 *** Mouse movement (LeftButton) ***  Mouse coords: (827, 589) (21143, 35335)
2022-08-26 10:33:45.000 *** Mouse movement (LeftButton) ***  Mouse coords: (827, 589) (21143, 35335)
2022-08-26 10:33:45.023 *** Mouse movement (LeftButton) ***  Mouse coords: (827, 589) (21143, 35335)
2022-08-26 10:33:45.045 *** Mouse movement (LeftButton) ***  Mouse coords: (827, 588) (21143, 35333)
2022-08-26 10:33:45.068 *** Mouse movement (LeftButton) ***  Mouse coords: (827, 588) (21143, 35333)
2022-08-26 10:33:45.089 *** Mouse movement (LeftButton) ***  Mouse coords: (827, 588) (21143, 35333)
2022-08-26 10:33:45.110 *** Mouse movement (LeftButton) ***  Mouse coords: (826, 587) (21141, 35330)
2022-08-26 10:33:45.133 *** Mouse movement (LeftButton) ***  Mouse coords: (826, 586) (21141, 35328)
2022-08-26 10:33:45.156 *** Mouse movement (LeftButton) ***  Mouse coords: (826, 585) (21141, 35326)
2022-08-26 10:33:45.179 *** Mouse movement (LeftButton) ***  Mouse coords: (826, 584) (21141, 35323)
2022-08-26 10:33:45.306 *** Mouse movement (LeftButton) ***  Mouse coords: (826, 584) (21141, 35323)
2022-08-26 10:33:45.334 *** Mouse movement (LeftButton) ***  Mouse coords: (826, 581) (21141, 35317)
2022-08-26 10:33:45.359 *** Mouse movement (LeftButton) ***  Mouse coords: (825, 573) (21138, 35298)
2022-08-26 10:33:45.382 *** Mouse movement (LeftButton) ***  Mouse coords: (825, 569) (21138, 35289)
2022-08-26 10:33:45.405 *** Mouse movement (LeftButton) ***  Mouse coords: (825, 568) (21138, 35287)
2022-08-26 10:33:45.428 *** Mouse movement (LeftButton) ***  Mouse coords: (825, 567) (21138, 35285)
2022-08-26 10:33:46.935 *** Interactive label *** Apply to case start.
2022-08-26 10:33:59.576 *** Open processed data
2022-08-26 10:33:59.578 *** Preload all statistics at once.
2022-08-26 10:34:04.260 *** Nuclei stat data loaded, took 4.68 seconds. Total number of nuclei: 2302478
2022-08-26 10:34:13.635 *** Interactive label *** Apply to case start.
2022-08-26 10:34:27.940 *** Program closed.
