2022-08-11 15:05:03.623 *** Start program *** Start program
2022-08-11 15:05:11.403 *** Open case *** /media/zhihuang/Drive14/Google_Colon_lnm_pos_2015_slides/slides/S3354
2022-08-11 15:05:13.620 *** Open processed data
2022-08-11 15:05:13.621 *** Preload all statistics at once.
2022-08-11 15:05:14.480 *** Nuclei stat data loaded, took 0.86 seconds. Total number of nuclei: 154384
2022-08-11 15:05:16.429 *** Process image overlay spent 0.00 seconds.
2022-08-11 15:05:16.430 *** Get cell color spent 0.00 seconds.
2022-08-11 15:05:16.576 *** Process image overlay spent 0.00 seconds.
2022-08-11 15:05:16.577 *** Get cell color spent 0.00 seconds.
2022-08-11 15:05:18.159 *** Process image overlay spent 0.00 seconds.
2022-08-11 15:05:18.170 *** Get cell color spent 0.01 seconds.
2022-08-11 15:05:18.297 *** Process image overlay spent 0.00 seconds.
2022-08-11 15:05:18.305 *** Get cell color spent 0.01 seconds.
2022-08-11 15:05:18.924 *** Process image overlay spent 0.00 seconds.
2022-08-11 15:05:18.926 *** Get cell color spent 0.00 seconds.
2022-08-11 15:05:19.059 *** Process image overlay spent 0.00 seconds.
2022-08-11 15:05:19.060 *** Get cell color spent 0.00 seconds.
2022-08-11 15:05:19.794 *** Process image overlay spent 0.00 seconds.
2022-08-11 15:05:19.798 *** Get cell color spent 0.00 seconds.
2022-08-11 15:05:20.256 *** Mouse movement (LeftButton) ***  Mouse coords: (620, 160) (49170, 35195)
2022-08-11 15:05:20.274 *** Mouse movement (LeftButton) ***  Mouse coords: (634, 184) (49175, 35204)
2022-08-11 15:05:20.289 *** Mouse movement (LeftButton) ***  Mouse coords: (659, 227) (49180, 35213)
2022-08-11 15:05:20.306 *** Mouse movement (LeftButton) ***  Mouse coords: (682, 263) (49179, 35210)
2022-08-11 15:05:20.322 *** Mouse movement (LeftButton) ***  Mouse coords: (710, 307) (49181, 35213)
2022-08-11 15:05:20.340 *** Mouse movement (LeftButton) ***  Mouse coords: (740, 350) (49182, 35213)
2022-08-11 15:05:20.358 *** Mouse movement (LeftButton) ***  Mouse coords: (754, 367) (49175, 35201)
2022-08-11 15:05:20.372 *** Mouse movement (LeftButton) ***  Mouse coords: (772, 389) (49177, 35204)
2022-08-11 15:05:20.389 *** Mouse movement (LeftButton) ***  Mouse coords: (790, 410) (49177, 35203)
2022-08-11 15:05:20.406 *** Mouse movement (LeftButton) ***  Mouse coords: (803, 424) (49175, 35200)
2022-08-11 15:05:20.422 *** Mouse movement (LeftButton) ***  Mouse coords: (807, 428) (49171, 35196)
2022-08-11 15:05:20.440 *** Mouse movement (LeftButton) ***  Mouse coords: (808, 429) (49169, 35194)
2022-08-11 15:05:21.666 *** Mouse movement (LeftButton) ***  Mouse coords: (823, 333) (49176, 35152)
2022-08-11 15:05:21.690 *** Mouse movement (LeftButton) ***  Mouse coords: (821, 341) (49175, 35156)
2022-08-11 15:05:21.707 *** Mouse movement (LeftButton) ***  Mouse coords: (818, 355) (49174, 35158)
2022-08-11 15:05:21.722 *** Mouse movement (LeftButton) ***  Mouse coords: (812, 372) (49174, 35159)
2022-08-11 15:05:21.740 *** Mouse movement (LeftButton) ***  Mouse coords: (808, 393) (49174, 35161)
2022-08-11 15:05:21.764 *** Mouse movement (LeftButton) ***  Mouse coords: (803, 418) (49174, 35163)
2022-08-11 15:05:21.776 *** Mouse movement (LeftButton) ***  Mouse coords: (803, 421) (49176, 35154)
2022-08-11 15:05:21.789 *** Mouse movement (LeftButton) ***  Mouse coords: (802, 425) (49175, 35153)
2022-08-11 15:05:21.806 *** Mouse movement (LeftButton) ***  Mouse coords: (802, 426) (49176, 35153)
2022-08-11 15:05:21.825 *** Process image overlay spent 0.00 seconds.
2022-08-11 15:05:21.826 *** Get cell color spent 0.00 seconds.
2022-08-11 15:05:25.773 *** Interactive label *** (double click) click on screen. screen: (646, 484); slide: (49108, 35177). case_id: S3354, slide_id: A11, Nuclei index selected: 148439
2022-08-11 15:05:27.505 *** Interactive label *** (double click) click on screen. screen: (646, 484); slide: (49108, 35177). case_id: S3354, slide_id: A11, Nuclei index selected: 148439
2022-08-11 15:05:28.285 *** Interactive label *** (double click) click on screen. screen: (646, 484); slide: (49108, 35177). case_id: S3354, slide_id: A11, Nuclei index selected: 148439
2022-08-11 15:05:29.020 *** Interactive label *** (double click) click on screen. screen: (687, 427); slide: (49126, 35152). case_id: S3354, slide_id: A11, Nuclei index selected: 149058
2022-08-11 15:05:31.435 *** Interactive label *** (double click) click on screen. screen: (674, 303); slide: (49120, 35098). case_id: S3354, slide_id: A11, Nuclei index selected: 149456
2022-08-11 15:05:32.313 *** Interactive label *** (double click) click on screen. screen: (671, 305); slide: (49119, 35099). case_id: S3354, slide_id: A11, Nuclei index selected: 149456
2022-08-11 15:05:33.258 *** Interactive label *** (double click) click on screen. screen: (672, 303); slide: (49119, 35098). case_id: S3354, slide_id: A11, Nuclei index selected: 149456
2022-08-11 15:05:34.330 *** Interactive label *** (double click) click on screen. screen: (740, 244); slide: (49149, 35072). case_id: S3354, slide_id: A11, Nuclei index selected: 150140
2022-08-11 15:05:35.980 *** Interactive label *** (double click) click on screen. screen: (628, 474); slide: (49100, 35173). case_id: S3354, slide_id: A11, Nuclei index selected: 149940
2022-08-11 15:05:37.337 *** Interactive label *** (double click) click on screen. screen: (676, 427); slide: (49121, 35152). case_id: S3354, slide_id: A11, Nuclei index selected: 149058
2022-08-11 15:05:41.553 *** Interactive label *** (double click) click on screen. screen: (866, 394); slide: (49204, 35138). case_id: S3354, slide_id: A11, Nuclei index selected: 147954
2022-08-11 15:05:42.505 *** Interactive label *** (double click) click on screen. screen: (930, 370); slide: (49232, 35127). case_id: S3354, slide_id: A11, Nuclei index selected: 149091
2022-08-11 15:05:43.218 *** Interactive label *** (double click) click on screen. screen: (909, 322); slide: (49223, 35106). case_id: S3354, slide_id: A11, Nuclei index selected: 148556
2022-08-11 15:05:44.290 *** Interactive label *** (double click) click on screen. screen: (463, 488); slide: (49028, 35179). case_id: S3354, slide_id: A11, Nuclei index selected: 149020
2022-08-11 15:06:17.614 *** Program closed.
