2022-08-11 13:39:09.114 *** Start program *** Start program
2022-08-11 13:39:16.567 *** Open case *** /media/zhihuang/Drive14/Google_Colon_lnm_pos_2015_slides/slides/S0425
2022-08-11 13:39:19.118 *** Open processed data
2022-08-11 13:39:19.119 *** Preload all statistics at once.
2022-08-11 13:39:19.940 *** Nuclei stat data loaded, took 0.82 seconds. Total number of nuclei: 954361
2022-08-11 13:39:24.680 *** Process image overlay spent 0.00 seconds.
2022-08-11 13:39:24.727 *** Get cell color spent 0.05 seconds.
2022-08-11 13:39:25.222 *** Process image overlay spent 0.00 seconds.
2022-08-11 13:39:25.269 *** Get cell color spent 0.05 seconds.
2022-08-11 13:39:25.656 *** Mouse movement (LeftButton) ***  Mouse coords: (454, 302) (26551, 49635)
2022-08-11 13:39:25.675 *** Mouse movement (LeftButton) ***  Mouse coords: (458, 302) (26560, 49635)
2022-08-11 13:39:25.714 *** Process image overlay spent 0.01 seconds.
2022-08-11 13:39:25.762 *** Get cell color spent 0.05 seconds.
2022-08-11 13:39:26.250 *** Mouse movement (LeftButton) ***  Mouse coords: (479, 350) (26725, 50103)
2022-08-11 13:39:26.283 *** Process image overlay spent 0.00 seconds.
2022-08-11 13:39:26.301 *** Get cell color spent 0.02 seconds.
2022-08-11 13:39:26.504 *** Process image overlay spent 0.00 seconds.
2022-08-11 13:39:26.508 *** Get cell color spent 0.00 seconds.
2022-08-11 13:39:26.580 *** Process image overlay spent 0.00 seconds.
2022-08-11 13:39:26.584 *** Get cell color spent 0.00 seconds.
2022-08-11 13:39:26.829 *** Process image overlay spent 0.00 seconds.
2022-08-11 13:39:26.830 *** Get cell color spent 0.00 seconds.
2022-08-11 13:39:26.900 *** Process image overlay spent 0.00 seconds.
2022-08-11 13:39:26.901 *** Get cell color spent 0.00 seconds.
2022-08-11 13:39:27.404 *** Mouse movement (LeftButton) ***  Mouse coords: (837, 172) (27286, 50138)
2022-08-11 13:39:27.424 *** Mouse movement (LeftButton) ***  Mouse coords: (832, 182) (27283, 50143)
2022-08-11 13:39:27.441 *** Mouse movement (LeftButton) ***  Mouse coords: (824, 204) (27281, 50150)
2022-08-11 13:39:27.457 *** Mouse movement (LeftButton) ***  Mouse coords: (808, 248) (27277, 50163)
2022-08-11 13:39:27.474 *** Mouse movement (LeftButton) ***  Mouse coords: (794, 280) (27277, 50156)
2022-08-11 13:39:27.491 *** Mouse movement (LeftButton) ***  Mouse coords: (776, 319) (27276, 50160)
2022-08-11 13:39:27.507 *** Mouse movement (LeftButton) ***  Mouse coords: (762, 344) (27277, 50152)
2022-08-11 13:39:27.524 *** Mouse movement (LeftButton) ***  Mouse coords: (742, 379) (27274, 50158)
2022-08-11 13:39:27.541 *** Mouse movement (LeftButton) ***  Mouse coords: (733, 393) (27281, 50145)
2022-08-11 13:39:27.557 *** Mouse movement (LeftButton) ***  Mouse coords: (731, 396) (27285, 50139)
2022-08-11 13:39:27.574 *** Mouse movement (LeftButton) ***  Mouse coords: (729, 399) (27285, 50139)
2022-08-11 13:39:27.596 *** Process image overlay spent 0.00 seconds.
2022-08-11 13:39:27.597 *** Get cell color spent 0.00 seconds.
2022-08-11 13:39:29.235 *** Interactive label *** (double click) click on screen. screen: (715, 413); slide: (27277, 50145). case_id: S0425, slide_id: A9, Nuclei index selected: 591722
2022-08-11 13:40:18.156 *** Program closed.
