2022-08-13 05:12:26.471 *** Start program *** Start program
2022-08-13 05:12:31.394 *** starting thread (client mode): 0x3f230580
2022-08-13 05:12:31.394 *** Local version/idstring: SSH-2.0-paramiko_2.11.0
2022-08-13 05:12:31.422 *** Remote version/idstring: SSH-2.0-OpenSSH_5.3
2022-08-13 05:12:31.422 *** Connected (version 2.0, client OpenSSH_5.3)
2022-08-13 05:12:31.442 *** === Key exchange possibilities ===
2022-08-13 05:12:31.442 *** kex algos: diffie-hellman-group-exchange-sha256, diffie-hellman-group-exchange-sha1, diffie-hellman-group14-sha1, diffie-hellman-group1-sha1
2022-08-13 05:12:31.442 *** server key: ssh-rsa, ssh-rsa-cert-v01@openssh.com, ssh-dss
2022-08-13 05:12:31.442 *** client encrypt: aes128-ctr, aes192-ctr, aes256-ctr, arcfour256, arcfour128, aes128-cbc, 3des-cbc, blowfish-cbc, cast128-cbc, aes192-cbc, aes256-cbc, arcfour, rijndael-cbc@lysator.liu.se
2022-08-13 05:12:31.442 *** server encrypt: aes128-ctr, aes192-ctr, aes256-ctr, arcfour256, arcfour128, aes128-cbc, 3des-cbc, blowfish-cbc, cast128-cbc, aes192-cbc, aes256-cbc, arcfour, rijndael-cbc@lysator.liu.se
2022-08-13 05:12:31.442 *** client mac: hmac-md5, hmac-sha1, umac-64@openssh.com, hmac-sha2-256, hmac-sha2-512, hmac-ripemd160, hmac-ripemd160@openssh.com, hmac-sha1-96, hmac-md5-96
2022-08-13 05:12:31.442 *** server mac: hmac-md5, hmac-sha1, umac-64@openssh.com, hmac-sha2-256, hmac-sha2-512, hmac-ripemd160, hmac-ripemd160@openssh.com, hmac-sha1-96, hmac-md5-96
2022-08-13 05:12:31.442 *** client compress: none, zlib@openssh.com
2022-08-13 05:12:31.442 *** server compress: none, zlib@openssh.com
2022-08-13 05:12:31.442 *** client lang: <none>
2022-08-13 05:12:31.442 *** server lang: <none>
2022-08-13 05:12:31.442 *** kex follows: False
2022-08-13 05:12:31.442 *** === Key exchange agreements ===
2022-08-13 05:12:31.442 *** Kex: diffie-hellman-group-exchange-sha256
2022-08-13 05:12:31.442 *** HostKey: ssh-rsa
2022-08-13 05:12:31.442 *** Cipher: aes128-ctr
2022-08-13 05:12:31.442 *** MAC: hmac-sha2-256
2022-08-13 05:12:31.442 *** Compression: none
2022-08-13 05:12:31.443 *** === End of kex handshake ===
2022-08-13 05:12:31.504 *** Got server p (2048 bits)
2022-08-13 05:12:31.599 *** kex engine KexGexSHA256 specified hash_algo <built-in function openssl_sha256>
2022-08-13 05:12:31.599 *** Switch to new keys ...
2022-08-13 05:12:31.599 *** Adding ssh-rsa host key for 173.201.181.247: b'cca345f774a2d98448d0bcc78f04075d'
2022-08-13 05:12:31.680 *** userauth is OK
2022-08-13 05:12:31.707 *** Authentication (password) successful!
2022-08-13 05:12:31.708 *** [chan 0] Max packet in: 32768 bytes
2022-08-13 05:12:31.729 *** [chan 0] Max packet out: 32768 bytes
2022-08-13 05:12:31.730 *** Secsh channel 0 opened.
2022-08-13 05:12:31.752 *** [chan 0] Sesch channel 0 request ok
2022-08-13 05:12:31.775 *** [chan 0] Opened sftp connection (server version 3)
2022-08-13 05:12:31.782 *** [chan 0] stat(b'/home/b6o162rzivzp/NucFinder_DB/05313943FB3B68B7/interactive_nuclei_dict.pickle')
2022-08-13 05:12:31.804 *** [chan 0] open(b'/home/b6o162rzivzp/NucFinder_DB/05313943FB3B68B7/interactive_nuclei_dict.pickle', 'rb')
2022-08-13 05:12:31.826 *** [chan 0] open(b'/home/b6o162rzivzp/NucFinder_DB/05313943FB3B68B7/interactive_nuclei_dict.pickle', 'rb') -> 00000000
2022-08-13 05:12:33.045 *** [chan 0] close(00000000)
2022-08-13 05:12:40.999 *** Open case *** /media/zhihuang/Drive3/Google_Colon_lnm_pos_2015_slides/slides/S0425
2022-08-13 05:12:43.477 *** Open processed data
2022-08-13 05:12:43.478 *** Preload all statistics at once.
2022-08-13 05:12:44.498 *** Nuclei stat data loaded, took 1.02 seconds. Total number of nuclei: 954361
2022-08-13 05:12:46.880 *** Interactive label *** Apply to case start.
2022-08-13 05:12:52.848 *** Interactive label *** Apply to case done.
2022-08-13 05:12:53.717 *** Interactive label *** Apply to case finish overlay create.
2022-08-13 05:12:53.724 *** Process image overlay spent 0.01 seconds.
2022-08-13 05:12:53.725 *** Get cell color spent 0.00 seconds.
2022-08-13 05:13:03.109 *** Mouse movement (LeftButton) ***  Mouse coords: (1883, 1138) (41283, 51355)
2022-08-13 05:13:03.176 *** Mouse movement (LeftButton) ***  Mouse coords: (1795, 1176) (38682, 52491)
2022-08-13 05:13:03.242 *** Mouse movement (LeftButton) ***  Mouse coords: (1689, 1200) (38144, 52072)
2022-08-13 05:13:07.509 *** Mouse movement (LeftButton) ***  Mouse coords: (1917, 1199) (48117, 48378)
2022-08-13 05:13:07.576 *** Mouse movement (LeftButton) ***  Mouse coords: (1917, 1194) (48117, 48310)
2022-08-13 05:13:07.643 *** Mouse movement (LeftButton) ***  Mouse coords: (1910, 1131) (47997, 47319)
2022-08-13 05:13:07.685 *** Mouse movement (LeftButton) ***  Mouse coords: (1897, 1034) (47895, 46738)
2022-08-13 05:13:07.726 *** Mouse movement (LeftButton) ***  Mouse coords: (1881, 957) (47844, 47079)
2022-08-13 05:13:07.768 *** Mouse movement (LeftButton) ***  Mouse coords: (1878, 948) (48066, 48241)
2022-08-13 05:13:09.896 *** Mouse movement (LeftButton) ***  Mouse coords: (1888, 982) (48288, 48976)
2022-08-13 05:13:09.959 *** Mouse movement (LeftButton) ***  Mouse coords: (1886, 973) (48270, 48822)
2022-08-13 05:13:10.031 *** Mouse movement (LeftButton) ***  Mouse coords: (1882, 958) (48237, 48720)
2022-08-13 05:13:10.071 *** Mouse movement (LeftButton) ***  Mouse coords: (1879, 947) (48254, 48788)
2022-08-13 05:13:10.113 *** Mouse movement (LeftButton) ***  Mouse coords: (1874, 937) (48219, 48805)
2022-08-13 05:13:10.153 *** Mouse movement (LeftButton) ***  Mouse coords: (1874, 935) (48305, 48942)
2022-08-13 05:13:11.331 *** Mouse movement (LeftButton) ***  Mouse coords: (1998, 982) (50424, 49779)
2022-08-13 05:13:11.376 *** Mouse movement (LeftButton) ***  Mouse coords: (1967, 927) (49894, 48857)
2022-08-13 05:13:11.441 *** Mouse movement (LeftButton) ***  Mouse coords: (1817, 834) (47862, 48207)
2022-08-13 05:13:11.483 *** Mouse movement (LeftButton) ***  Mouse coords: (1786, 824) (49894, 49625)
2022-08-13 05:13:12.397 *** Mouse movement (LeftButton) ***  Mouse coords: (1802, 844) (50697, 50138)
2022-08-13 05:13:12.524 *** Mouse movement (LeftButton) ***  Mouse coords: (1802, 843) (50697, 50104)
2022-08-13 05:13:12.576 *** Mouse movement (LeftButton) ***  Mouse coords: (1759, 811) (49963, 49574)
2022-08-13 05:13:12.625 *** Mouse movement (LeftButton) ***  Mouse coords: (1723, 788) (50082, 49728)
2022-08-13 05:13:12.675 *** Mouse movement (LeftButton) ***  Mouse coords: (1721, 788) (50663, 50121)
2022-08-13 05:13:13.559 *** Mouse movement (LeftButton) ***  Mouse coords: (1763, 811) (51414, 50514)
2022-08-13 05:13:13.626 *** Mouse movement (LeftButton) ***  Mouse coords: (1721, 803) (50714, 50377)
2022-08-13 05:13:13.694 *** Mouse movement (LeftButton) ***  Mouse coords: (1672, 785) (50594, 50207)
2022-08-13 05:13:13.737 *** Mouse movement (LeftButton) ***  Mouse coords: (1644, 776) (50952, 50360)
2022-08-13 05:13:13.778 *** Mouse movement (LeftButton) ***  Mouse coords: (1643, 776) (51414, 50514)
2022-08-13 05:13:16.124 *** Process image overlay spent 0.01 seconds.
2022-08-13 05:13:16.246 *** Get cell color spent 0.12 seconds.
2022-08-13 05:13:18.227 *** Mouse movement (LeftButton) ***  Mouse coords: (1583, 662) (49805, 47959)
2022-08-13 05:13:18.292 *** Mouse movement (LeftButton) ***  Mouse coords: (1701, 811) (51821, 50486)
2022-08-13 05:13:18.361 *** Mouse movement (LeftButton) ***  Mouse coords: (1877, 971) (52812, 50674)
2022-08-13 05:13:18.405 *** Mouse movement (LeftButton) ***  Mouse coords: (1885, 980) (49941, 48095)
2022-08-13 05:13:25.769 *** Mouse movement (LeftButton) ***  Mouse coords: (1544, 652) (43980, 42338)
2022-08-13 05:13:25.826 *** Mouse movement (LeftButton) ***  Mouse coords: (1550, 656) (44065, 42406)
2022-08-13 05:13:25.892 *** Mouse movement (LeftButton) ***  Mouse coords: (1561, 662) (44151, 42441)
2022-08-13 05:13:25.933 *** Mouse movement (LeftButton) ***  Mouse coords: (1577, 668) (44237, 42440)
2022-08-13 05:13:25.974 *** Mouse movement (LeftButton) ***  Mouse coords: (1588, 673) (44151, 42423)
2022-08-13 05:13:26.014 *** Mouse movement (LeftButton) ***  Mouse coords: (1589, 673) (43980, 42338)
2022-08-13 05:13:26.070 *** Mouse movement (LeftButton) ***  Mouse coords: (1590, 673) (43980, 42338)
2022-08-13 05:13:26.126 *** Mouse movement (LeftButton) ***  Mouse coords: (1607, 681) (44253, 42475)
2022-08-13 05:13:26.175 *** Mouse movement (LeftButton) ***  Mouse coords: (1611, 683) (44032, 42372)
2022-08-13 05:13:27.985 *** Mouse movement (LeftButton) ***  Mouse coords: (1535, 684) (42664, 42355)
2022-08-13 05:13:28.042 *** Mouse movement (LeftButton) ***  Mouse coords: (1551, 689) (42921, 42441)
2022-08-13 05:13:28.107 *** Mouse movement (LeftButton) ***  Mouse coords: (1567, 694) (42920, 42440)
2022-08-13 05:13:28.147 *** Mouse movement (LeftButton) ***  Mouse coords: (1569, 695) (42681, 42372)
2022-08-13 05:13:28.216 *** Mouse movement (LeftButton) ***  Mouse coords: (1571, 695) (42681, 42355)
2022-08-13 05:13:30.279 *** Mouse movement (LeftButton) ***  Mouse coords: (1569, 698) (42613, 42407)
2022-08-13 05:13:30.326 *** Mouse movement (LeftButton) ***  Mouse coords: (1577, 702) (42733, 42475)
2022-08-13 05:13:30.393 *** Mouse movement (LeftButton) ***  Mouse coords: (1583, 704) (42698, 42441)
2022-08-13 05:13:30.443 *** Mouse movement (LeftButton) ***  Mouse coords: (1584, 704) (42613, 42407)
2022-08-13 05:13:30.492 *** Mouse movement (LeftButton) ***  Mouse coords: (1586, 704) (42630, 42407)
2022-08-13 05:13:31.971 *** Mouse movement (LeftButton) ***  Mouse coords: (1587, 704) (42614, 42407)
2022-08-13 05:13:32.026 *** Mouse movement (LeftButton) ***  Mouse coords: (1591, 706) (42664, 42441)
2022-08-13 05:13:32.094 *** Mouse movement (LeftButton) ***  Mouse coords: (1595, 707) (42664, 42424)
2022-08-13 05:13:32.135 *** Mouse movement (LeftButton) ***  Mouse coords: (1596, 708) (42613, 42424)
2022-08-13 05:13:32.176 *** Mouse movement (LeftButton) ***  Mouse coords: (1594, 706) (42562, 42373)
2022-08-13 05:13:35.445 *** Program closed.
2022-08-13 05:13:35.502 *** EOF in transport thread
