2022-07-31 22:56:50.376 *** Start program *** Start program
2022-07-31 22:56:56.630 *** Mouse movement ***  Mouse coords: (94, 129) (-32738, 6130)
2022-07-31 22:57:03.916 *** Mouse movement ***  Mouse coords: (197, 529) (52446, 47414)
2022-07-31 22:57:03.988 *** Mouse movement ***  Mouse coords: (197, 529) (52446, 47414)
2022-07-31 22:57:04.006 *** Mouse movement ***  Mouse coords: (200, 529) (52458, 47414)
2022-07-31 22:57:04.036 *** Mouse movement ***  Mouse coords: (235, 509) (52582, 47336)
2022-07-31 22:57:04.060 *** Mouse movement ***  Mouse coords: (277, 487) (52609, 47329)
2022-07-31 22:57:04.075 *** Mouse movement ***  Mouse coords: (437, 402) (53067, 47084)
2022-07-31 22:57:04.091 *** Mouse movement ***  Mouse coords: (761, 245) (53704, 46804)
2022-07-31 22:57:04.107 *** Mouse movement ***  Mouse coords: (1100, 104) (53762, 46867)
2022-07-31 22:57:04.122 *** Mouse movement ***  Mouse coords: (1195, 68) (52815, 47274)
2022-07-31 22:57:04.148 *** Mouse movement ***  Mouse coords: (1379, 10) (53161, 47189)
2022-07-31 22:57:04.160 *** Mouse movement ***  Mouse coords: (1489, -14) (52873, 47321)
2022-07-31 22:57:04.168 *** Mouse movement ***  Mouse coords: (1513, -19) (52539, 47394)
2022-07-31 22:57:04.176 *** Mouse movement ***  Mouse coords: (1528, -22) (52504, 47403)
2022-07-31 22:57:04.185 *** Mouse movement ***  Mouse coords: (1537, -23) (52481, 47410)
2022-07-31 22:57:04.203 *** Mouse movement ***  Mouse coords: (1545, -24) (52477, 47410)
2022-07-31 22:57:04.220 *** Mouse movement ***  Mouse coords: (1551, -25) (52469, 47410)
2022-07-31 22:57:04.231 *** Mouse movement ***  Mouse coords: (1558, -26) (52474, 47410)
2022-07-31 22:57:04.240 *** Mouse movement ***  Mouse coords: (1561, -27) (52457, 47410)
2022-07-31 22:57:04.248 *** Mouse movement ***  Mouse coords: (1563, -27) (52454, 47414)
2022-07-31 22:57:04.269 *** Mouse movement ***  Mouse coords: (1564, -28) (52450, 47410)
2022-07-31 22:57:04.289 *** Mouse movement ***  Mouse coords: (1571, -31) (52473, 47403)
2022-07-31 22:57:04.297 *** Mouse movement ***  Mouse coords: (1577, -35) (52469, 47398)
2022-07-31 22:57:04.320 *** Mouse movement ***  Mouse coords: (1582, -36) (52466, 47410)
2022-07-31 22:57:04.339 *** Mouse movement ***  Mouse coords: (1607, -48) (52543, 47368)
2022-07-31 22:57:04.347 *** Mouse movement ***  Mouse coords: (1614, -52) (52473, 47398)
2022-07-31 22:57:04.367 *** Mouse movement ***  Mouse coords: (1622, -56) (52477, 47399)
2022-07-31 22:57:04.382 *** Mouse movement ***  Mouse coords: (1656, -66) (52578, 47375)
2022-07-31 22:57:04.395 *** Mouse movement ***  Mouse coords: (1666, -66) (52485, 47414)
2022-07-31 22:57:04.410 *** Mouse movement ***  Mouse coords: (1678, -66) (52493, 47414)
2022-07-31 22:57:04.430 *** Mouse movement ***  Mouse coords: (1692, -66) (52500, 47414)
2022-07-31 22:57:04.448 *** Mouse movement ***  Mouse coords: (1705, -66) (52496, 47414)
2022-07-31 22:57:04.464 *** Mouse movement ***  Mouse coords: (1710, -66) (52466, 47414)
2022-07-31 22:57:04.471 *** Mouse movement ***  Mouse coords: (1711, -66) (52450, 47414)
2022-07-31 22:57:04.486 *** Mouse movement ***  Mouse coords: (1712, -66) (52450, 47414)
2022-07-31 22:57:04.507 *** Mouse movement ***  Mouse coords: (1714, -66) (52453, 47414)
2022-07-31 22:57:04.524 *** Mouse movement ***  Mouse coords: (1716, -66) (52454, 47414)
2022-07-31 22:57:04.534 *** Mouse movement ***  Mouse coords: (1717, -66) (52450, 47414)
2022-07-31 22:57:04.542 *** Mouse movement ***  Mouse coords: (1721, -66) (52462, 47414)
2022-07-31 22:57:04.549 *** Mouse movement ***  Mouse coords: (1724, -66) (52457, 47414)
2022-07-31 22:57:04.561 *** Mouse movement ***  Mouse coords: (1726, -66) (52454, 47414)
2022-07-31 22:57:04.573 *** Mouse movement ***  Mouse coords: (1728, -66) (52454, 47414)
2022-07-31 22:57:06.865 *** Mouse movement ***  Mouse coords: (187, 372) (46571, 49108)
2022-07-31 22:57:06.890 *** Mouse movement ***  Mouse coords: (211, 373) (46655, 49112)
2022-07-31 22:57:06.921 *** Mouse movement ***  Mouse coords: (238, 379) (46665, 49129)
2022-07-31 22:57:06.931 *** Mouse movement ***  Mouse coords: (367, 418) (47020, 49244)
2022-07-31 22:57:06.939 *** Mouse movement ***  Mouse coords: (429, 442) (46787, 49191)
2022-07-31 22:57:06.950 *** Mouse movement ***  Mouse coords: (497, 470) (46808, 49206)
2022-07-31 22:57:06.969 *** Mouse movement ***  Mouse coords: (569, 502) (46822, 49219)
2022-07-31 22:57:06.988 *** Mouse movement ***  Mouse coords: (775, 597) (47289, 49439)
2022-07-31 22:57:06.997 *** Mouse movement ***  Mouse coords: (880, 646) (46936, 49279)
2022-07-31 22:57:07.014 *** Mouse movement ***  Mouse coords: (913, 662) (46686, 49164)
2022-07-31 22:57:07.030 *** Mouse movement ***  Mouse coords: (1002, 711) (46881, 49278)
2022-07-31 22:57:07.039 *** Mouse movement ***  Mouse coords: (1016, 719) (46620, 49136)
2022-07-31 22:57:07.047 *** Mouse movement ***  Mouse coords: (1031, 728) (46623, 49140)
2022-07-31 22:57:07.058 *** Mouse movement ***  Mouse coords: (1040, 734) (46603, 49129)
2022-07-31 22:57:07.077 *** Mouse movement ***  Mouse coords: (1046, 737) (46592, 49118)
2022-07-31 22:57:07.088 *** Mouse movement ***  Mouse coords: (1054, 742) (46599, 49125)
2022-07-31 22:57:07.097 *** Mouse movement ***  Mouse coords: (1056, 743) (46578, 49112)
2022-07-31 22:57:07.105 *** Mouse movement ***  Mouse coords: (1058, 745) (46578, 49115)
2022-07-31 22:57:07.116 *** Mouse movement ***  Mouse coords: (1059, 745) (46574, 49108)
2022-07-31 22:57:07.133 *** Mouse movement ***  Mouse coords: (1059, 745) (46571, 49108)
2022-07-31 22:57:07.145 *** Mouse movement ***  Mouse coords: (1059, 745) (46571, 49108)
2022-07-31 22:57:07.196 *** Mouse movement ***  Mouse coords: (1059, 745) (46571, 49108)
2022-07-31 22:57:07.207 *** Mouse movement ***  Mouse coords: (1059, 745) (46571, 49108)
2022-07-31 22:57:09.550 *** Mouse movement ***  Mouse coords: (151, 385) (46796, 49124)
2022-07-31 22:57:09.630 *** Mouse movement ***  Mouse coords: (151, 384) (46796, 49121)
2022-07-31 22:57:09.648 *** Mouse movement ***  Mouse coords: (163, 384) (46825, 49124)
2022-07-31 22:57:09.674 *** Mouse movement ***  Mouse coords: (215, 384) (46918, 49124)
2022-07-31 22:57:09.683 *** Mouse movement ***  Mouse coords: (252, 385) (46883, 49127)
2022-07-31 22:57:09.694 *** Mouse movement ***  Mouse coords: (329, 401) (46977, 49161)
2022-07-31 22:57:09.707 *** Mouse movement ***  Mouse coords: (439, 437) (47054, 49209)
2022-07-31 22:57:09.717 *** Mouse movement ***  Mouse coords: (644, 526) (47278, 49333)
2022-07-31 22:57:09.730 *** Mouse movement ***  Mouse coords: (801, 601) (47164, 49300)
2022-07-31 22:57:09.740 *** Mouse movement ***  Mouse coords: (878, 637) (46977, 49209)
2022-07-31 22:57:09.752 *** Mouse movement ***  Mouse coords: (964, 678) (46998, 49220)
2022-07-31 22:57:09.764 *** Mouse movement ***  Mouse coords: (1031, 709) (46954, 49197)
2022-07-31 22:57:09.771 *** Mouse movement ***  Mouse coords: (1164, 766) (47108, 49258)
2022-07-31 22:57:09.785 *** Mouse movement ***  Mouse coords: (1256, 802) (47012, 49208)
2022-07-31 22:57:09.796 *** Mouse movement ***  Mouse coords: (1298, 818) (46895, 49162)
2022-07-31 22:57:09.807 *** Mouse movement ***  Mouse coords: (1336, 831) (46885, 49155)
2022-07-31 22:57:09.818 *** Mouse movement ***  Mouse coords: (1372, 844) (46881, 49154)
2022-07-31 22:57:09.825 *** Mouse movement ***  Mouse coords: (1407, 854) (46878, 49148)
2022-07-31 22:57:09.839 *** Mouse movement ***  Mouse coords: (1439, 864) (46871, 49147)
2022-07-31 22:57:09.849 *** Mouse movement ***  Mouse coords: (1472, 872) (46874, 49143)
2022-07-31 22:57:09.857 *** Mouse movement ***  Mouse coords: (1503, 879) (46868, 49140)
2022-07-31 22:57:09.870 *** Mouse movement ***  Mouse coords: (1543, 889) (46890, 49148)
2022-07-31 22:57:09.882 *** Mouse movement ***  Mouse coords: (1589, 898) (46905, 49145)
2022-07-31 22:57:09.893 *** Mouse movement ***  Mouse coords: (1625, 904) (46880, 49138)
2022-07-31 22:57:09.901 *** Mouse movement ***  Mouse coords: (1639, 907) (46829, 49131)
2022-07-31 22:57:09.917 *** Mouse movement ***  Mouse coords: (1656, 910) (46836, 49131)
2022-07-31 22:57:09.925 *** Mouse movement ***  Mouse coords: (1661, 911) (46808, 49126)
2022-07-31 22:57:09.938 *** Mouse movement ***  Mouse coords: (1672, 913) (46821, 49129)
2022-07-31 22:57:09.949 *** Mouse movement ***  Mouse coords: (1692, 918) (46843, 49136)
2022-07-31 22:57:09.960 *** Mouse movement ***  Mouse coords: (1698, 920) (46811, 49129)
2022-07-31 22:57:09.973 *** Mouse movement ***  Mouse coords: (1703, 921) (46807, 49126)
2022-07-31 22:57:09.985 *** Mouse movement ***  Mouse coords: (1717, 925) (46829, 49133)
2022-07-31 22:57:09.996 *** Mouse movement ***  Mouse coords: (1722, 925) (46808, 49124)
2022-07-31 22:57:10.006 *** Mouse movement ***  Mouse coords: (1728, 927) (46810, 49129)
2022-07-31 22:57:10.018 *** Mouse movement ***  Mouse coords: (1728, 927) (46796, 49124)
2022-07-31 22:57:10.046 *** Mouse movement ***  Mouse coords: (1728, 926) (46796, 49122)
2022-07-31 22:57:10.063 *** Mouse movement ***  Mouse coords: (1728, 925) (46796, 49121)
2022-07-31 22:57:10.072 *** Mouse movement ***  Mouse coords: (1728, 924) (46796, 49122)
2022-07-31 22:57:10.083 *** Mouse movement ***  Mouse coords: (1728, 923) (46796, 49122)
2022-07-31 22:57:10.092 *** Mouse movement ***  Mouse coords: (1728, 921) (46796, 49119)
2022-07-31 22:57:10.103 *** Mouse movement ***  Mouse coords: (1728, 919) (46796, 49119)
2022-07-31 22:57:10.115 *** Mouse movement ***  Mouse coords: (1728, 915) (46796, 49115)
2022-07-31 22:57:10.124 *** Mouse movement ***  Mouse coords: (1728, 913) (46796, 49119)
2022-07-31 22:57:10.135 *** Mouse movement ***  Mouse coords: (1728, 911) (46796, 49119)
2022-07-31 22:57:10.144 *** Mouse movement ***  Mouse coords: (1728, 909) (46796, 49120)
2022-07-31 22:57:10.154 *** Mouse movement ***  Mouse coords: (1728, 907) (46796, 49119)
2022-07-31 22:57:10.165 *** Mouse movement ***  Mouse coords: (1728, 903) (46796, 49115)
2022-07-31 22:57:10.178 *** Mouse movement ***  Mouse coords: (1728, 901) (46796, 49119)
2022-07-31 22:57:10.189 *** Mouse movement ***  Mouse coords: (1728, 900) (46796, 49122)
2022-07-31 22:57:10.199 *** Mouse movement ***  Mouse coords: (1728, 898) (46796, 49119)
2022-07-31 22:57:10.210 *** Mouse movement ***  Mouse coords: (1728, 898) (46796, 49124)
2022-07-31 22:57:10.217 *** Mouse movement ***  Mouse coords: (1728, 897) (46796, 49122)
2022-07-31 22:57:10.232 *** Mouse movement ***  Mouse coords: (1728, 897) (46796, 49124)
2022-07-31 22:57:10.240 *** Mouse movement ***  Mouse coords: (1728, 897) (46796, 49124)
2022-07-31 22:57:10.272 *** Mouse movement ***  Mouse coords: (1728, 897) (46796, 49124)
2022-07-31 22:57:10.293 *** Mouse movement ***  Mouse coords: (1728, 896) (46796, 49121)
2022-07-31 22:57:10.300 *** Mouse movement ***  Mouse coords: (1728, 895) (46796, 49122)
2022-07-31 22:57:12.534 *** Mouse movement ***  Mouse coords: (76, 284) (46657, 48893)
2022-07-31 22:57:12.604 *** Mouse movement ***  Mouse coords: (76, 284) (46657, 48893)
2022-07-31 22:57:12.621 *** Mouse movement ***  Mouse coords: (84, 284) (46675, 48893)
2022-07-31 22:57:12.631 *** Mouse movement ***  Mouse coords: (100, 284) (46693, 48893)
2022-07-31 22:57:12.640 *** Mouse movement ***  Mouse coords: (129, 284) (46722, 48893)
2022-07-31 22:57:12.657 *** Mouse movement ***  Mouse coords: (167, 284) (46743, 48893)
2022-07-31 22:57:12.666 *** Mouse movement ***  Mouse coords: (234, 284) (46808, 48893)
2022-07-31 22:57:12.679 *** Mouse movement ***  Mouse coords: (328, 284) (46869, 48893)
2022-07-31 22:57:12.689 *** Mouse movement ***  Mouse coords: (433, 284) (46894, 48893)
2022-07-31 22:57:12.702 *** Mouse movement ***  Mouse coords: (699, 284) (47256, 48893)
2022-07-31 22:57:12.710 *** Mouse movement ***  Mouse coords: (849, 291) (46996, 48909)
2022-07-31 22:57:12.721 *** Mouse movement ***  Mouse coords: (990, 306) (46975, 48927)
2022-07-31 22:57:12.731 *** Mouse movement ***  Mouse coords: (1232, 346) (47202, 48983)
2022-07-31 22:57:12.744 *** Mouse movement ***  Mouse coords: (1383, 376) (46998, 48961)
2022-07-31 22:57:12.755 *** Mouse movement ***  Mouse coords: (1434, 387) (46772, 48918)
2022-07-31 22:57:12.765 *** Mouse movement ***  Mouse coords: (1548, 406) (46914, 48935)
2022-07-31 22:57:12.785 *** Mouse movement ***  Mouse coords: (1665, 421) (46921, 48927)
2022-07-31 22:57:12.806 *** Mouse movement ***  Mouse coords: (1728, 423) (46799, 48898)
2022-07-31 22:57:12.820 *** Mouse movement ***  Mouse coords: (1728, 424) (46657, 48895)
2022-07-31 22:57:12.839 *** Mouse movement ***  Mouse coords: (1728, 424) (46657, 48893)
2022-07-31 22:57:12.855 *** Mouse movement ***  Mouse coords: (1728, 425) (46657, 48895)
2022-07-31 22:57:12.864 *** Mouse movement ***  Mouse coords: (1728, 425) (46657, 48893)
2022-07-31 22:57:12.875 *** Mouse movement ***  Mouse coords: (1728, 426) (46657, 48896)
2022-07-31 22:57:12.884 *** Mouse movement ***  Mouse coords: (1728, 427) (46657, 48895)
2022-07-31 22:57:12.897 *** Mouse movement ***  Mouse coords: (1728, 428) (46657, 48895)
2022-07-31 22:57:12.908 *** Mouse movement ***  Mouse coords: (1728, 430) (46657, 48898)
2022-07-31 22:57:12.916 *** Mouse movement ***  Mouse coords: (1728, 431) (46657, 48895)
2022-07-31 22:57:12.927 *** Mouse movement ***  Mouse coords: (1728, 432) (46657, 48895)
2022-07-31 22:57:12.938 *** Mouse movement ***  Mouse coords: (1728, 432) (46657, 48893)
2022-07-31 22:57:12.949 *** Mouse movement ***  Mouse coords: (1728, 433) (46657, 48895)
2022-07-31 22:57:12.961 *** Mouse movement ***  Mouse coords: (1728, 433) (46657, 48893)
2022-07-31 22:57:12.972 *** Mouse movement ***  Mouse coords: (1728, 433) (46657, 48893)
2022-07-31 22:57:12.982 *** Mouse movement ***  Mouse coords: (1728, 434) (46657, 48896)
2022-07-31 22:57:12.991 *** Mouse movement ***  Mouse coords: (1728, 435) (46657, 48895)
2022-07-31 22:57:13.002 *** Mouse movement ***  Mouse coords: (1728, 436) (46657, 48895)
2022-07-31 22:57:13.014 *** Mouse movement ***  Mouse coords: (1728, 436) (46657, 48893)
2022-07-31 22:57:13.022 *** Mouse movement ***  Mouse coords: (1728, 438) (46657, 48898)
2022-07-31 22:57:13.034 *** Mouse movement ***  Mouse coords: (1728, 438) (46657, 48893)
2022-07-31 22:57:13.041 *** Mouse movement ***  Mouse coords: (1728, 438) (46657, 48893)
2022-07-31 22:57:13.053 *** Mouse movement ***  Mouse coords: (1728, 438) (46657, 48893)
2022-07-31 22:57:13.065 *** Mouse movement ***  Mouse coords: (1728, 439) (46657, 48895)
2022-07-31 22:57:13.081 *** Mouse movement ***  Mouse coords: (1728, 439) (46657, 48893)
2022-07-31 22:57:15.552 *** Mouse movement ***  Mouse coords: (275, 329) (47255, 49019)
2022-07-31 22:57:15.657 *** Mouse movement ***  Mouse coords: (282, 329) (47268, 49019)
2022-07-31 22:57:15.665 *** Mouse movement ***  Mouse coords: (299, 329) (47281, 49019)
2022-07-31 22:57:15.693 *** Mouse movement ***  Mouse coords: (369, 329) (47358, 49019)
2022-07-31 22:57:15.700 *** Mouse movement ***  Mouse coords: (432, 329) (47347, 49019)
2022-07-31 22:57:15.707 *** Mouse movement ***  Mouse coords: (527, 329) (47394, 49019)
2022-07-31 22:57:15.715 *** Mouse movement ***  Mouse coords: (627, 329) (47401, 49019)
2022-07-31 22:57:15.723 *** Mouse movement ***  Mouse coords: (733, 332) (47409, 49023)
2022-07-31 22:57:15.732 *** Mouse movement ***  Mouse coords: (857, 346) (47436, 49039)
2022-07-31 22:57:15.753 *** Mouse movement ***  Mouse coords: (986, 371) (47442, 49055)
2022-07-31 22:57:15.764 *** Mouse movement ***  Mouse coords: (1166, 421) (47516, 49091)
2022-07-31 22:57:15.773 *** Mouse movement ***  Mouse coords: (1327, 482) (47489, 49107)
2022-07-31 22:57:15.780 *** Mouse movement ***  Mouse coords: (1380, 506) (47333, 49053)
2022-07-31 22:57:15.789 *** Mouse movement ***  Mouse coords: (1438, 535) (47341, 49061)
2022-07-31 22:57:15.796 *** Mouse movement ***  Mouse coords: (1489, 560) (47330, 49055)
2022-07-31 22:57:15.804 *** Mouse movement ***  Mouse coords: (1519, 575) (47300, 49041)
2022-07-31 22:57:15.815 *** Mouse movement ***  Mouse coords: (1540, 587) (47287, 49036)
2022-07-31 22:57:15.828 *** Mouse movement ***  Mouse coords: (1565, 601) (47293, 49039)
2022-07-31 22:57:15.841 *** Mouse movement ***  Mouse coords: (1586, 613) (47288, 49036)
2022-07-31 22:57:15.867 *** Mouse movement ***  Mouse coords: (1641, 639) (47336, 49057)
2022-07-31 22:57:15.875 *** Mouse movement ***  Mouse coords: (1662, 647) (47287, 49030)
2022-07-31 22:57:15.883 *** Mouse movement ***  Mouse coords: (1672, 650) (47271, 49023)
2022-07-31 22:57:15.890 *** Mouse movement ***  Mouse coords: (1681, 653) (47270, 49024)
2022-07-31 22:57:15.898 *** Mouse movement ***  Mouse coords: (1690, 656) (47270, 49023)
2022-07-31 22:57:15.906 *** Mouse movement ***  Mouse coords: (1706, 660) (47280, 49025)
2022-07-31 22:57:15.915 *** Mouse movement ***  Mouse coords: (1723, 665) (47282, 49026)
2022-07-31 22:57:15.943 *** Mouse movement ***  Mouse coords: (1728, 668) (47264, 49023)
2022-07-31 22:57:15.962 *** Mouse movement ***  Mouse coords: (1728, 682) (47257, 49040)
2022-07-31 22:57:15.978 *** Mouse movement ***  Mouse coords: (1728, 690) (47257, 49030)
2022-07-31 22:57:16.006 *** Mouse movement ***  Mouse coords: (1728, 696) (47257, 49028)
2022-07-31 22:57:16.023 *** Mouse movement ***  Mouse coords: (1728, 699) (47257, 49023)
2022-07-31 22:57:16.036 *** Mouse movement ***  Mouse coords: (1728, 700) (47257, 49020)
2022-07-31 22:57:16.054 *** Mouse movement ***  Mouse coords: (1728, 700) (47257, 49019)
2022-07-31 22:57:16.072 *** Mouse movement ***  Mouse coords: (1728, 700) (47257, 49019)
2022-07-31 22:57:16.081 *** Mouse movement ***  Mouse coords: (1728, 701) (47257, 49021)
2022-07-31 22:57:16.097 *** Mouse movement ***  Mouse coords: (1728, 701) (47257, 49019)
2022-07-31 22:57:16.120 *** Mouse movement ***  Mouse coords: (1728, 701) (47257, 49019)
2022-07-31 22:57:16.139 *** Mouse movement ***  Mouse coords: (1728, 701) (47257, 49019)
2022-07-31 22:57:16.179 *** Mouse movement ***  Mouse coords: (1728, 701) (47257, 49019)
2022-07-31 22:57:16.201 *** Mouse movement ***  Mouse coords: (1728, 701) (47257, 49019)
2022-07-31 22:57:16.208 *** Mouse movement ***  Mouse coords: (1728, 702) (47257, 49020)
2022-07-31 22:57:19.270 *** Mouse movement ***  Mouse coords: (889, 607) (46076, 48907)
2022-07-31 22:57:19.388 *** Mouse movement ***  Mouse coords: (889, 607) (46076, 48907)
2022-07-31 22:57:19.405 *** Mouse movement ***  Mouse coords: (869, 598) (46044, 48893)
2022-07-31 22:57:19.419 *** Mouse movement ***  Mouse coords: (840, 583) (46029, 48882)
2022-07-31 22:57:19.439 *** Mouse movement ***  Mouse coords: (807, 566) (46023, 48880)
2022-07-31 22:57:19.449 *** Mouse movement ***  Mouse coords: (707, 516) (45915, 48826)
2022-07-31 22:57:19.461 *** Mouse movement ***  Mouse coords: (646, 486) (45977, 48859)
2022-07-31 22:57:19.474 *** Mouse movement ***  Mouse coords: (580, 453) (45970, 48854)
2022-07-31 22:57:19.484 *** Mouse movement ***  Mouse coords: (448, 393) (45863, 48810)
2022-07-31 22:57:19.511 *** Mouse movement ***  Mouse coords: (225, 310) (45717, 48773)
2022-07-31 22:57:19.522 *** Mouse movement ***  Mouse coords: (83, 268) (45847, 48840)
2022-07-31 22:57:19.531 *** Mouse movement ***  Mouse coords: (37, 256) (46002, 48887)
2022-07-31 22:57:19.544 *** Mouse movement ***  Mouse coords: (0, 241) (46016, 48883)
2022-07-31 22:57:19.563 *** Mouse movement ***  Mouse coords: (0, 215) (46076, 48865)
2022-07-31 22:57:19.581 *** Mouse movement ***  Mouse coords: (0, 208) (46076, 48896)
2022-07-31 22:57:19.592 *** Mouse movement ***  Mouse coords: (0, 197) (46076, 48889)
2022-07-31 22:57:19.599 *** Mouse movement ***  Mouse coords: (0, 195) (46076, 48904)
2022-07-31 22:57:19.615 *** Mouse movement ***  Mouse coords: (0, 194) (46076, 48905)
2022-07-31 22:57:19.625 *** Mouse movement ***  Mouse coords: (0, 192) (46076, 48904)
2022-07-31 22:57:19.637 *** Mouse movement ***  Mouse coords: (0, 191) (46076, 48906)
2022-07-31 22:57:19.652 *** Mouse movement ***  Mouse coords: (0, 188) (46076, 48902)
2022-07-31 22:57:19.678 *** Mouse movement ***  Mouse coords: (0, 188) (46076, 48907)
2022-07-31 22:57:19.697 *** Mouse movement ***  Mouse coords: (0, 187) (46076, 48905)
2022-07-31 22:57:20.866 *** Mouse movement ***  Mouse coords: (128, 130) (51613, 52567)
2022-07-31 22:57:26.094 *** Mouse movement ***  Mouse coords: (584, 248) (53198, 52757)
2022-07-31 22:57:26.204 *** Mouse movement ***  Mouse coords: (584, 248) (53197, 52757)
2022-07-31 22:57:26.212 *** Mouse movement ***  Mouse coords: (583, 248) (53196, 52757)
2022-07-31 22:57:26.235 *** Mouse movement ***  Mouse coords: (580, 250) (53192, 52761)
2022-07-31 22:57:26.252 *** Mouse movement ***  Mouse coords: (559, 267) (53163, 52784)
2022-07-31 22:57:26.269 *** Mouse movement ***  Mouse coords: (549, 276) (53181, 52772)
2022-07-31 22:57:26.291 *** Mouse movement ***  Mouse coords: (532, 294) (53170, 52786)
2022-07-31 22:57:26.311 *** Mouse movement ***  Mouse coords: (512, 324) (53164, 52805)
2022-07-31 22:57:26.329 *** Mouse movement ***  Mouse coords: (495, 358) (53170, 52812)
2022-07-31 22:57:26.338 *** Mouse movement ***  Mouse coords: (488, 376) (53186, 52786)
2022-07-31 22:57:26.346 *** Mouse movement ***  Mouse coords: (486, 384) (53194, 52770)
2022-07-31 22:57:26.355 *** Mouse movement ***  Mouse coords: (484, 389) (53193, 52765)
2022-07-31 22:57:26.363 *** Mouse movement ***  Mouse coords: (483, 393) (53196, 52763)
2022-07-31 22:57:26.372 *** Mouse movement ***  Mouse coords: (482, 398) (53195, 52765)
2022-07-31 22:57:26.384 *** Mouse movement ***  Mouse coords: (480, 404) (53194, 52767)
2022-07-31 22:57:26.418 *** Mouse movement ***  Mouse coords: (479, 409) (53195, 52765)
2022-07-31 22:57:26.436 *** Mouse movement ***  Mouse coords: (478, 411) (53196, 52760)
2022-07-31 22:57:26.462 *** Mouse movement ***  Mouse coords: (477, 413) (53195, 52760)
2022-07-31 22:57:26.499 *** Mouse movement ***  Mouse coords: (477, 413) (53197, 52757)
2022-07-31 22:57:26.507 *** Mouse movement ***  Mouse coords: (477, 413) (53197, 52757)
2022-07-31 22:57:26.514 *** Mouse movement ***  Mouse coords: (476, 413) (53195, 52757)
2022-07-31 22:57:26.521 *** Mouse movement ***  Mouse coords: (475, 413) (53196, 52757)
2022-07-31 22:57:30.715 *** Mouse movement ***  Mouse coords: (137, 436) (52652, 52794)
2022-07-31 22:57:30.781 *** Mouse movement ***  Mouse coords: (201, 436) (52753, 52794)
2022-07-31 22:57:30.789 *** Mouse movement ***  Mouse coords: (290, 436) (52794, 52794)
2022-07-31 22:57:30.797 *** Mouse movement ***  Mouse coords: (331, 436) (52716, 52794)
2022-07-31 22:57:30.804 *** Mouse movement ***  Mouse coords: (352, 436) (52684, 52794)
2022-07-31 22:57:30.813 *** Mouse movement ***  Mouse coords: (394, 436) (52717, 52794)
2022-07-31 22:57:30.822 *** Mouse movement ***  Mouse coords: (437, 436) (52720, 52794)
2022-07-31 22:57:30.844 *** Mouse movement ***  Mouse coords: (477, 436) (52714, 52794)
2022-07-31 22:57:30.869 *** Mouse movement ***  Mouse coords: (643, 439) (52918, 52799)
2022-07-31 22:57:30.894 *** Mouse movement ***  Mouse coords: (761, 454) (52840, 52819)
2022-07-31 22:57:30.926 *** Mouse movement ***  Mouse coords: (834, 455) (52767, 52795)
2022-07-31 22:57:30.952 *** Mouse movement ***  Mouse coords: (919, 448) (52788, 52783)
2022-07-31 22:57:30.977 *** Mouse movement ***  Mouse coords: (1031, 427) (52830, 52760)
2022-07-31 22:57:30.999 *** Mouse movement ***  Mouse coords: (1111, 417) (52779, 52778)
2022-07-31 22:57:31.016 *** Mouse movement ***  Mouse coords: (1138, 415) (52694, 52791)
2022-07-31 22:57:31.028 *** Mouse movement ***  Mouse coords: (1184, 414) (52724, 52792)
2022-07-31 22:57:31.045 *** Mouse movement ***  Mouse coords: (1219, 414) (52706, 52794)
2022-07-31 22:57:31.056 *** Mouse movement ***  Mouse coords: (1263, 417) (52721, 52799)
2022-07-31 22:57:31.064 *** Mouse movement ***  Mouse coords: (1289, 420) (52692, 52799)
2022-07-31 22:57:31.071 *** Mouse movement ***  Mouse coords: (1305, 421) (52676, 52795)
2022-07-31 22:57:31.080 *** Mouse movement ***  Mouse coords: (1318, 422) (52671, 52796)
2022-07-31 22:57:31.087 *** Mouse movement ***  Mouse coords: (1334, 423) (52676, 52796)
2022-07-31 22:57:31.097 *** Mouse movement ***  Mouse coords: (1355, 424) (52683, 52795)
2022-07-31 22:57:31.106 *** Mouse movement ***  Mouse coords: (1361, 424) (52660, 52794)
2022-07-31 22:57:31.128 *** Mouse movement ***  Mouse coords: (1373, 424) (52669, 52794)
2022-07-31 22:57:31.139 *** Mouse movement ***  Mouse coords: (1391, 424) (52679, 52794)
2022-07-31 22:57:31.147 *** Mouse movement ***  Mouse coords: (1403, 424) (52670, 52794)
2022-07-31 22:57:31.155 *** Mouse movement ***  Mouse coords: (1411, 424) (52663, 52794)
2022-07-31 22:57:31.163 *** Mouse movement ***  Mouse coords: (1418, 424) (52661, 52794)
2022-07-31 22:57:31.171 *** Mouse movement ***  Mouse coords: (1422, 424) (52656, 52794)
2022-07-31 22:57:31.179 *** Mouse movement ***  Mouse coords: (1429, 424) (52662, 52794)
2022-07-31 22:57:31.192 *** Mouse movement ***  Mouse coords: (1436, 424) (52661, 52794)
2022-07-31 22:57:31.206 *** Mouse movement ***  Mouse coords: (1441, 424) (52658, 52794)
2022-07-31 22:57:31.223 *** Mouse movement ***  Mouse coords: (1454, 424) (52671, 52794)
2022-07-31 22:57:31.235 *** Mouse movement ***  Mouse coords: (1467, 425) (52671, 52796)
2022-07-31 22:57:31.242 *** Mouse movement ***  Mouse coords: (1474, 426) (52661, 52795)
2022-07-31 22:57:31.249 *** Mouse movement ***  Mouse coords: (1482, 427) (52663, 52796)
2022-07-31 22:57:31.256 *** Mouse movement ***  Mouse coords: (1489, 428) (52661, 52796)
2022-07-31 22:57:31.264 *** Mouse movement ***  Mouse coords: (1496, 429) (52662, 52795)
2022-07-31 22:57:31.271 *** Mouse movement ***  Mouse coords: (1502, 429) (52659, 52794)
2022-07-31 22:57:31.284 *** Mouse movement ***  Mouse coords: (1509, 430) (52662, 52796)
2022-07-31 22:57:31.301 *** Mouse movement ***  Mouse coords: (1514, 431) (52658, 52795)
2022-07-31 22:57:31.313 *** Mouse movement ***  Mouse coords: (1523, 432) (52664, 52796)
2022-07-31 22:57:31.322 *** Mouse movement ***  Mouse coords: (1529, 433) (52660, 52796)
2022-07-31 22:57:31.331 *** Mouse movement ***  Mouse coords: (1530, 433) (52651, 52794)
2022-07-31 22:57:31.338 *** Mouse movement ***  Mouse coords: (1531, 433) (52652, 52794)
2022-07-31 22:57:31.346 *** Mouse movement ***  Mouse coords: (1532, 433) (52652, 52794)
2022-07-31 22:57:31.355 *** Mouse movement ***  Mouse coords: (1532, 433) (52650, 52794)
2022-07-31 22:57:31.372 *** Mouse movement ***  Mouse coords: (1533, 433) (52651, 52794)
2022-07-31 22:57:31.390 *** Mouse movement ***  Mouse coords: (1533, 433) (52650, 52794)
2022-07-31 22:57:31.406 *** Mouse movement ***  Mouse coords: (1533, 433) (52650, 52794)
2022-07-31 22:57:31.414 *** Mouse movement ***  Mouse coords: (1533, 434) (52650, 52795)
2022-07-31 22:57:31.422 *** Mouse movement ***  Mouse coords: (1533, 434) (52650, 52794)
2022-07-31 22:57:33.934 *** Mouse movement ***  Mouse coords: (578, 362) (51111, 52678)
2022-07-31 22:57:34.047 *** Mouse movement ***  Mouse coords: (578, 362) (51111, 52678)
2022-07-31 22:57:34.069 *** Mouse movement ***  Mouse coords: (568, 362) (51095, 52678)
2022-07-31 22:57:34.109 *** Mouse movement ***  Mouse coords: (505, 362) (51009, 52678)
2022-07-31 22:57:34.117 *** Mouse movement ***  Mouse coords: (426, 362) (50983, 52678)
2022-07-31 22:57:34.126 *** Mouse movement ***  Mouse coords: (372, 362) (51024, 52678)
2022-07-31 22:57:34.134 *** Mouse movement ***  Mouse coords: (329, 362) (51042, 52678)
2022-07-31 22:57:34.143 *** Mouse movement ***  Mouse coords: (297, 362) (51059, 52678)
2022-07-31 22:57:34.152 *** Mouse movement ***  Mouse coords: (258, 362) (51048, 52678)
2022-07-31 22:57:34.166 *** Mouse movement ***  Mouse coords: (218, 362) (51047, 52678)
2022-07-31 22:57:34.190 *** Mouse movement ***  Mouse coords: (143, 362) (50989, 52678)
2022-07-31 22:57:34.206 *** Mouse movement ***  Mouse coords: (107, 362) (51053, 52678)
2022-07-31 22:57:34.214 *** Mouse movement ***  Mouse coords: (98, 362) (51097, 52678)
2022-07-31 22:57:34.227 *** Mouse movement ***  Mouse coords: (88, 362) (51095, 52678)
2022-07-31 22:57:34.264 *** Mouse movement ***  Mouse coords: (67, 368) (51077, 52688)
2022-07-31 22:57:34.286 *** Mouse movement ***  Mouse coords: (56, 373) (51093, 52686)
2022-07-31 22:57:34.304 *** Mouse movement ***  Mouse coords: (31, 384) (51071, 52696)
2022-07-31 22:57:34.313 *** Mouse movement ***  Mouse coords: (23, 386) (51098, 52681)
2022-07-31 22:57:34.327 *** Mouse movement ***  Mouse coords: (10, 390) (51090, 52684)
2022-07-31 22:57:34.353 *** Mouse movement ***  Mouse coords: (0, 396) (51095, 52688)
2022-07-31 22:57:34.388 *** Mouse movement ***  Mouse coords: (0, 394) (51111, 52675)
2022-07-31 22:57:34.397 *** Mouse movement ***  Mouse coords: (0, 390) (51111, 52671)
2022-07-31 22:57:34.405 *** Mouse movement ***  Mouse coords: (0, 388) (51111, 52675)
2022-07-31 22:57:34.419 *** Mouse movement ***  Mouse coords: (0, 386) (51111, 52675)
2022-07-31 22:57:34.445 *** Mouse movement ***  Mouse coords: (0, 384) (51111, 52675)
2022-07-31 22:57:34.470 *** Mouse movement ***  Mouse coords: (0, 384) (51111, 52678)
2022-07-31 22:57:34.537 *** Mouse movement ***  Mouse coords: (0, 384) (51111, 52678)
2022-07-31 22:57:34.553 *** Mouse movement ***  Mouse coords: (0, 385) (51111, 52679)
2022-07-31 22:57:34.579 *** Mouse movement ***  Mouse coords: (0, 387) (51111, 52681)
2022-07-31 22:57:34.589 *** Mouse movement ***  Mouse coords: (0, 391) (51111, 52685)
2022-07-31 22:57:34.598 *** Mouse movement ***  Mouse coords: (0, 392) (51111, 52679)
2022-07-31 22:57:34.605 *** Mouse movement ***  Mouse coords: (0, 394) (51111, 52682)
2022-07-31 22:57:34.613 *** Mouse movement ***  Mouse coords: (0, 395) (51111, 52679)
2022-07-31 22:57:34.622 *** Mouse movement ***  Mouse coords: (0, 397) (51111, 52682)
2022-07-31 22:57:34.629 *** Mouse movement ***  Mouse coords: (0, 398) (51111, 52679)
2022-07-31 22:57:34.641 *** Mouse movement ***  Mouse coords: (0, 399) (51111, 52680)
2022-07-31 22:57:34.666 *** Mouse movement ***  Mouse coords: (0, 401) (51111, 52681)
2022-07-31 22:57:34.674 *** Mouse movement ***  Mouse coords: (0, 402) (51111, 52680)
2022-07-31 22:57:34.681 *** Mouse movement ***  Mouse coords: (0, 403) (51111, 52679)
2022-07-31 22:57:34.689 *** Mouse movement ***  Mouse coords: (0, 404) (51111, 52680)
2022-07-31 22:57:34.696 *** Mouse movement ***  Mouse coords: (0, 404) (51111, 52678)
2022-07-31 22:57:34.704 *** Mouse movement ***  Mouse coords: (0, 404) (51111, 52678)
2022-07-31 22:57:34.712 *** Mouse movement ***  Mouse coords: (0, 404) (51111, 52678)
2022-07-31 22:57:34.721 *** Mouse movement ***  Mouse coords: (0, 405) (51111, 52679)
2022-07-31 22:57:34.771 *** Mouse movement ***  Mouse coords: (0, 404) (51111, 52677)
2022-07-31 22:57:35.789 *** Mouse movement ***  Mouse coords: (989, 436) (52708, 52730)
2022-07-31 22:57:35.815 *** Mouse movement ***  Mouse coords: (985, 436) (52702, 52730)
2022-07-31 22:57:35.827 *** Mouse movement ***  Mouse coords: (947, 436) (52648, 52730)
2022-07-31 22:57:35.845 *** Mouse movement ***  Mouse coords: (908, 436) (52646, 52730)
2022-07-31 22:57:35.859 *** Mouse movement ***  Mouse coords: (847, 436) (52610, 52730)
2022-07-31 22:57:35.879 *** Mouse movement ***  Mouse coords: (817, 436) (52661, 52730)
2022-07-31 22:57:35.896 *** Mouse movement ***  Mouse coords: (725, 436) (52560, 52730)
2022-07-31 22:57:35.904 *** Mouse movement ***  Mouse coords: (704, 436) (52675, 52730)
2022-07-31 22:57:35.912 *** Mouse movement ***  Mouse coords: (679, 436) (52669, 52730)
2022-07-31 22:57:35.921 *** Mouse movement ***  Mouse coords: (655, 436) (52670, 52730)
2022-07-31 22:57:35.929 *** Mouse movement ***  Mouse coords: (636, 436) (52679, 52730)
2022-07-31 22:57:35.938 *** Mouse movement ***  Mouse coords: (620, 435) (52683, 52728)
2022-07-31 22:57:35.948 *** Mouse movement ***  Mouse coords: (605, 434) (52685, 52728)
2022-07-31 22:57:35.963 *** Mouse movement ***  Mouse coords: (591, 432) (52686, 52727)
2022-07-31 22:57:35.984 *** Mouse movement ***  Mouse coords: (559, 427) (52657, 52722)
2022-07-31 22:57:35.999 *** Mouse movement ***  Mouse coords: (505, 418) (52622, 52715)
2022-07-31 22:57:36.006 *** Mouse movement ***  Mouse coords: (486, 415) (52678, 52726)
2022-07-31 22:57:36.013 *** Mouse movement ***  Mouse coords: (461, 411) (52669, 52723)
2022-07-31 22:57:36.022 *** Mouse movement ***  Mouse coords: (436, 408) (52669, 52725)
2022-07-31 22:57:36.029 *** Mouse movement ***  Mouse coords: (411, 406) (52668, 52727)
2022-07-31 22:57:36.039 *** Mouse movement ***  Mouse coords: (390, 404) (52675, 52727)
2022-07-31 22:57:36.049 *** Mouse movement ***  Mouse coords: (371, 402) (52679, 52727)
2022-07-31 22:57:36.071 *** Mouse movement ***  Mouse coords: (352, 399) (52678, 52725)
2022-07-31 22:57:36.088 *** Mouse movement ***  Mouse coords: (302, 397) (52628, 52727)
2022-07-31 22:57:36.096 *** Mouse movement ***  Mouse coords: (295, 397) (52698, 52730)
2022-07-31 22:57:36.105 *** Mouse movement ***  Mouse coords: (290, 397) (52701, 52730)
2022-07-31 22:57:36.113 *** Mouse movement ***  Mouse coords: (287, 397) (52704, 52730)
2022-07-31 22:57:36.123 *** Mouse movement ***  Mouse coords: (286, 397) (52707, 52730)
2022-07-31 22:57:36.139 *** Mouse movement ***  Mouse coords: (285, 397) (52708, 52730)
2022-07-31 22:57:36.156 *** Mouse movement ***  Mouse coords: (284, 397) (52707, 52730)
2022-07-31 22:57:36.413 *** Mouse movement ***  Mouse coords: (284, 397) (52709, 52730)
2022-07-31 22:57:36.431 *** Mouse movement ***  Mouse coords: (284, 397) (52709, 52730)
2022-07-31 22:57:36.449 *** Mouse movement ***  Mouse coords: (284, 397) (52709, 52730)
2022-07-31 22:57:36.469 *** Mouse movement ***  Mouse coords: (285, 397) (52711, 52730)
2022-07-31 22:57:38.865 *** Mouse movement ***  Mouse coords: (135, 395) (52525, 52720)
2022-07-31 22:57:38.889 *** Mouse movement ***  Mouse coords: (168, 395) (52573, 52720)
2022-07-31 22:57:38.921 *** Mouse movement ***  Mouse coords: (199, 395) (52569, 52720)
2022-07-31 22:57:38.930 *** Mouse movement ***  Mouse coords: (322, 395) (52706, 52720)
2022-07-31 22:57:38.937 *** Mouse movement ***  Mouse coords: (373, 395) (52599, 52720)
2022-07-31 22:57:38.946 *** Mouse movement ***  Mouse coords: (410, 395) (52578, 52720)
2022-07-31 22:57:38.954 *** Mouse movement ***  Mouse coords: (446, 395) (52577, 52720)
2022-07-31 22:57:38.962 *** Mouse movement ***  Mouse coords: (492, 395) (52592, 52720)
2022-07-31 22:57:38.971 *** Mouse movement ***  Mouse coords: (553, 395) (52614, 52720)
2022-07-31 22:57:38.987 *** Mouse movement ***  Mouse coords: (571, 395) (52551, 52720)
2022-07-31 22:57:39.009 *** Mouse movement ***  Mouse coords: (633, 395) (52615, 52720)
2022-07-31 22:57:39.023 *** Mouse movement ***  Mouse coords: (715, 395) (52645, 52720)
2022-07-31 22:57:39.031 *** Mouse movement ***  Mouse coords: (742, 395) (52563, 52720)
2022-07-31 22:57:39.039 *** Mouse movement ***  Mouse coords: (769, 395) (52564, 52720)
2022-07-31 22:57:39.046 *** Mouse movement ***  Mouse coords: (800, 395) (52570, 52720)
2022-07-31 22:57:39.058 *** Mouse movement ***  Mouse coords: (833, 395) (52573, 52720)
2022-07-31 22:57:39.080 *** Mouse movement ***  Mouse coords: (862, 395) (52566, 52720)
2022-07-31 22:57:39.096 *** Mouse movement ***  Mouse coords: (985, 395) (52705, 52720)
2022-07-31 22:57:39.104 *** Mouse movement ***  Mouse coords: (1017, 394) (52572, 52718)
2022-07-31 22:57:39.113 *** Mouse movement ***  Mouse coords: (1052, 391) (52575, 52716)
2022-07-31 22:57:39.120 *** Mouse movement ***  Mouse coords: (1089, 388) (52579, 52715)
2022-07-31 22:57:39.129 *** Mouse movement ***  Mouse coords: (1128, 385) (52581, 52716)
2022-07-31 22:57:39.139 *** Mouse movement ***  Mouse coords: (1165, 383) (52579, 52717)
2022-07-31 22:57:39.158 *** Mouse movement ***  Mouse coords: (1201, 380) (52577, 52716)
2022-07-31 22:57:39.175 *** Mouse movement ***  Mouse coords: (1262, 377) (52614, 52715)
2022-07-31 22:57:39.186 *** Mouse movement ***  Mouse coords: (1305, 376) (52587, 52719)
2022-07-31 22:57:39.196 *** Mouse movement ***  Mouse coords: (1330, 376) (52561, 52720)
2022-07-31 22:57:39.204 *** Mouse movement ***  Mouse coords: (1380, 376) (52597, 52720)
2022-07-31 22:57:39.219 *** Mouse movement ***  Mouse coords: (1396, 376) (52548, 52720)
2022-07-31 22:57:39.238 *** Mouse movement ***  Mouse coords: (1445, 376) (52596, 52720)
2022-07-31 22:57:39.253 *** Mouse movement ***  Mouse coords: (1458, 376) (52543, 52720)
2022-07-31 22:57:39.271 *** Mouse movement ***  Mouse coords: (1470, 376) (52542, 52720)
2022-07-31 22:57:39.282 *** Mouse movement ***  Mouse coords: (1491, 376) (52555, 52720)
2022-07-31 22:57:39.290 *** Mouse movement ***  Mouse coords: (1508, 377) (52549, 52721)
2022-07-31 22:57:39.298 *** Mouse movement ***  Mouse coords: (1515, 378) (52534, 52722)
2022-07-31 22:57:39.305 *** Mouse movement ***  Mouse coords: (1520, 379) (52532, 52721)
2022-07-31 22:57:39.313 *** Mouse movement ***  Mouse coords: (1528, 380) (52535, 52722)
2022-07-31 22:57:39.321 *** Mouse movement ***  Mouse coords: (1532, 381) (52530, 52721)
2022-07-31 22:57:39.347 *** Mouse movement ***  Mouse coords: (1535, 381) (52529, 52720)
2022-07-31 22:57:39.356 *** Mouse movement ***  Mouse coords: (1540, 382) (52531, 52722)
2022-07-31 22:57:39.362 *** Mouse movement ***  Mouse coords: (1542, 383) (52527, 52721)
2022-07-31 22:57:39.371 *** Mouse movement ***  Mouse coords: (1544, 383) (52527, 52720)
2022-07-31 22:57:39.379 *** Mouse movement ***  Mouse coords: (1545, 383) (52526, 52720)
2022-07-31 22:57:39.388 *** Mouse movement ***  Mouse coords: (1547, 383) (52526, 52720)
2022-07-31 22:57:39.396 *** Mouse movement ***  Mouse coords: (1548, 383) (52526, 52720)
2022-07-31 22:57:39.416 *** Mouse movement ***  Mouse coords: (1549, 383) (52525, 52720)
2022-07-31 22:57:39.430 *** Mouse movement ***  Mouse coords: (1552, 383) (52529, 52720)
2022-07-31 22:57:39.439 *** Mouse movement ***  Mouse coords: (1553, 383) (52525, 52720)
2022-07-31 22:57:39.446 *** Mouse movement ***  Mouse coords: (1553, 383) (52524, 52720)
2022-07-31 22:57:39.455 *** Mouse movement ***  Mouse coords: (1554, 383) (52526, 52720)
2022-07-31 22:57:39.463 *** Mouse movement ***  Mouse coords: (1554, 383) (52524, 52720)
2022-07-31 22:57:39.471 *** Mouse movement ***  Mouse coords: (1555, 383) (52525, 52720)
2022-07-31 22:57:39.491 *** Mouse movement ***  Mouse coords: (1555, 383) (52524, 52720)
2022-07-31 22:57:39.506 *** Mouse movement ***  Mouse coords: (1556, 383) (52526, 52720)
2022-07-31 22:57:39.514 *** Mouse movement ***  Mouse coords: (1556, 383) (52524, 52720)
2022-07-31 22:57:39.523 *** Mouse movement ***  Mouse coords: (1556, 383) (52524, 52720)
2022-07-31 22:57:39.531 *** Mouse movement ***  Mouse coords: (1556, 383) (52524, 52720)
2022-07-31 22:57:39.567 *** Mouse movement ***  Mouse coords: (1556, 383) (52524, 52720)
2022-07-31 22:57:45.648 *** Mouse movement ***  Mouse coords: (285, 405) (52680, 52749)
2022-07-31 22:57:45.715 *** Mouse movement ***  Mouse coords: (441, 405) (52948, 52749)
2022-07-31 22:57:45.723 *** Mouse movement ***  Mouse coords: (587, 405) (52930, 52749)
2022-07-31 22:57:45.731 *** Mouse movement ***  Mouse coords: (686, 405) (52849, 52749)
2022-07-31 22:57:45.738 *** Mouse movement ***  Mouse coords: (793, 405) (52863, 52749)
2022-07-31 22:57:45.747 *** Mouse movement ***  Mouse coords: (906, 405) (52874, 52749)
2022-07-31 22:57:45.754 *** Mouse movement ***  Mouse coords: (999, 405) (52839, 52749)
2022-07-31 22:57:45.763 *** Mouse movement ***  Mouse coords: (1093, 405) (52841, 52749)
2022-07-31 22:57:45.776 *** Mouse movement ***  Mouse coords: (1192, 405) (52849, 52749)
2022-07-31 22:57:45.789 *** Mouse movement ***  Mouse coords: (1288, 405) (52844, 52749)
2022-07-31 22:57:45.800 *** Mouse movement ***  Mouse coords: (1438, 404) (52937, 52747)
2022-07-31 22:57:45.809 *** Mouse movement ***  Mouse coords: (1484, 399) (52758, 52741)
2022-07-31 22:57:45.822 *** Mouse movement ***  Mouse coords: (1540, 392) (52776, 52737)
2022-07-31 22:57:45.833 *** Mouse movement ***  Mouse coords: (1594, 383) (52772, 52733)
2022-07-31 22:57:45.860 *** Mouse movement ***  Mouse coords: (1723, 365) (52900, 52718)
2022-07-31 22:57:45.870 *** Mouse movement ***  Mouse coords: (1728, 362) (52688, 52744)
2022-07-31 22:57:45.879 *** Mouse movement ***  Mouse coords: (1728, 361) (52679, 52747)
2022-07-31 22:57:45.889 *** Mouse movement ***  Mouse coords: (1728, 362) (52679, 52751)
2022-07-31 22:57:45.896 *** Mouse movement ***  Mouse coords: (1728, 365) (52679, 52754)
2022-07-31 22:57:45.905 *** Mouse movement ***  Mouse coords: (1728, 368) (52679, 52754)
2022-07-31 22:57:45.913 *** Mouse movement ***  Mouse coords: (1728, 370) (52679, 52753)
2022-07-31 22:57:45.924 *** Mouse movement ***  Mouse coords: (1728, 372) (52679, 52752)
2022-07-31 22:57:45.954 *** Mouse movement ***  Mouse coords: (1728, 375) (52679, 52754)
2022-07-31 22:57:45.964 *** Mouse movement ***  Mouse coords: (1728, 377) (52679, 52753)
2022-07-31 22:57:45.971 *** Mouse movement ***  Mouse coords: (1728, 377) (52679, 52749)
2022-07-31 22:57:45.979 *** Mouse movement ***  Mouse coords: (1728, 377) (52679, 52749)
2022-07-31 22:57:45.988 *** Mouse movement ***  Mouse coords: (1728, 377) (52679, 52749)
2022-07-31 22:57:45.996 *** Mouse movement ***  Mouse coords: (1728, 377) (52679, 52749)
2022-07-31 22:57:46.004 *** Mouse movement ***  Mouse coords: (1728, 378) (52679, 52750)
2022-07-31 22:57:46.187 *** Mouse movement ***  Mouse coords: (1728, 378) (52679, 52749)
2022-07-31 22:57:46.200 *** Mouse movement ***  Mouse coords: (1728, 378) (52679, 52749)
2022-07-31 22:57:46.211 *** Mouse movement ***  Mouse coords: (1728, 378) (52679, 52749)
2022-07-31 22:57:46.218 *** Mouse movement ***  Mouse coords: (1728, 378) (52679, 52749)
2022-07-31 22:57:48.100 *** Mouse movement ***  Mouse coords: (779, 330) (50982, 52684)
2022-07-31 22:57:48.154 *** Mouse movement ***  Mouse coords: (779, 330) (50982, 52684)
2022-07-31 22:57:48.171 *** Mouse movement ***  Mouse coords: (769, 330) (50967, 52684)
2022-07-31 22:57:48.180 *** Mouse movement ***  Mouse coords: (749, 330) (50954, 52684)
2022-07-31 22:57:48.205 *** Mouse movement ***  Mouse coords: (717, 330) (50936, 52684)
2022-07-31 22:57:48.224 *** Mouse movement ***  Mouse coords: (594, 330) (50806, 52684)
2022-07-31 22:57:48.235 *** Mouse movement ***  Mouse coords: (337, 330) (50614, 52684)
2022-07-31 22:57:48.252 *** Mouse movement ***  Mouse coords: (279, 330) (50899, 52684)
2022-07-31 22:57:48.273 *** Mouse movement ***  Mouse coords: (0, 338) (50583, 52695)
2022-07-31 22:57:48.293 *** Mouse movement ***  Mouse coords: (0, 343) (50982, 52691)
2022-07-31 22:57:48.312 *** Mouse movement ***  Mouse coords: (0, 366) (50982, 52717)
2022-07-31 22:57:48.320 *** Mouse movement ***  Mouse coords: (0, 377) (50982, 52700)
2022-07-31 22:57:48.336 *** Mouse movement ***  Mouse coords: (0, 382) (50982, 52691)
2022-07-31 22:57:48.359 *** Mouse movement ***  Mouse coords: (0, 387) (50982, 52691)
2022-07-31 22:57:48.376 *** Mouse movement ***  Mouse coords: (0, 387) (50982, 52684)
2022-07-31 22:57:48.387 *** Mouse movement ***  Mouse coords: (0, 388) (50982, 52686)
2022-07-31 22:57:48.396 *** Mouse movement ***  Mouse coords: (0, 388) (50982, 52684)
2022-07-31 22:57:48.859 *** Mouse movement ***  Mouse coords: (587, 327) (51822, 52596)
2022-07-31 22:57:48.955 *** Mouse movement ***  Mouse coords: (587, 327) (51822, 52596)
2022-07-31 22:57:48.978 *** Mouse movement ***  Mouse coords: (581, 327) (51813, 52596)
2022-07-31 22:57:48.988 *** Mouse movement ***  Mouse coords: (571, 327) (51808, 52596)
2022-07-31 22:57:48.999 *** Mouse movement ***  Mouse coords: (550, 327) (51792, 52596)
2022-07-31 22:57:49.019 *** Mouse movement ***  Mouse coords: (515, 327) (51772, 52596)
2022-07-31 22:57:49.038 *** Mouse movement ***  Mouse coords: (254, 338) (51448, 52612)
2022-07-31 22:57:49.045 *** Mouse movement ***  Mouse coords: (178, 346) (51713, 52608)
2022-07-31 22:57:49.054 *** Mouse movement ***  Mouse coords: (97, 359) (51706, 52614)
2022-07-31 22:57:49.063 *** Mouse movement ***  Mouse coords: (8, 374) (51695, 52618)
2022-07-31 22:57:49.071 *** Mouse movement ***  Mouse coords: (0, 387) (51811, 52614)
2022-07-31 22:57:49.083 *** Mouse movement ***  Mouse coords: (0, 396) (51822, 52609)
2022-07-31 22:57:49.096 *** Mouse movement ***  Mouse coords: (0, 408) (51822, 52613)
2022-07-31 22:57:49.106 *** Mouse movement ***  Mouse coords: (0, 417) (51822, 52609)
2022-07-31 22:57:49.126 *** Mouse movement ***  Mouse coords: (0, 426) (51822, 52609)
2022-07-31 22:57:49.141 *** Mouse movement ***  Mouse coords: (0, 433) (51822, 52606)
2022-07-31 22:57:49.149 *** Mouse movement ***  Mouse coords: (0, 433) (51822, 52596)
2022-07-31 22:57:49.155 *** Mouse movement ***  Mouse coords: (0, 434) (51822, 52598)
2022-07-31 22:57:49.164 *** Mouse movement ***  Mouse coords: (0, 434) (51822, 52596)
2022-07-31 22:57:49.171 *** Mouse movement ***  Mouse coords: (0, 434) (51822, 52596)
2022-07-31 22:57:49.600 *** Mouse movement ***  Mouse coords: (577, 357) (52648, 52485)
2022-07-31 22:57:49.671 *** Mouse movement ***  Mouse coords: (576, 357) (52646, 52485)
2022-07-31 22:57:49.688 *** Mouse movement ***  Mouse coords: (566, 357) (52634, 52485)
2022-07-31 22:57:49.714 *** Mouse movement ***  Mouse coords: (516, 357) (52576, 52485)
2022-07-31 22:57:49.741 *** Mouse movement ***  Mouse coords: (431, 357) (52527, 52485)
2022-07-31 22:57:49.749 *** Mouse movement ***  Mouse coords: (309, 357) (52473, 52485)
2022-07-31 22:57:49.756 *** Mouse movement ***  Mouse coords: (242, 357) (52552, 52485)
2022-07-31 22:57:49.764 *** Mouse movement ***  Mouse coords: (176, 357) (52554, 52485)
2022-07-31 22:57:49.771 *** Mouse movement ***  Mouse coords: (132, 357) (52585, 52485)
2022-07-31 22:57:49.781 *** Mouse movement ***  Mouse coords: (98, 357) (52599, 52485)
2022-07-31 22:57:49.797 *** Mouse movement ***  Mouse coords: (69, 357) (52606, 52485)
2022-07-31 22:57:49.814 *** Mouse movement ***  Mouse coords: (37, 357) (52603, 52485)
2022-07-31 22:57:49.825 *** Mouse movement ***  Mouse coords: (23, 357) (52628, 52485)
2022-07-31 22:57:49.832 *** Mouse movement ***  Mouse coords: (18, 357) (52640, 52485)
2022-07-31 22:57:49.840 *** Mouse movement ***  Mouse coords: (16, 357) (52646, 52485)
2022-07-31 22:57:49.847 *** Mouse movement ***  Mouse coords: (15, 357) (52646, 52485)
2022-07-31 22:57:49.895 *** Mouse movement ***  Mouse coords: (15, 357) (52648, 52485)
2022-07-31 22:57:49.906 *** Mouse movement ***  Mouse coords: (15, 357) (52648, 52485)
2022-07-31 22:57:51.140 *** Mouse movement ***  Mouse coords: (274, 395) (53019, 52540)
2022-07-31 22:57:51.201 *** Mouse movement ***  Mouse coords: (390, 395) (53183, 52540)
2022-07-31 22:57:51.209 *** Mouse movement ***  Mouse coords: (491, 395) (53162, 52540)
2022-07-31 22:57:51.217 *** Mouse movement ***  Mouse coords: (550, 395) (53101, 52540)
2022-07-31 22:57:51.224 *** Mouse movement ***  Mouse coords: (616, 395) (53111, 52540)
2022-07-31 22:57:51.234 *** Mouse movement ***  Mouse coords: (687, 395) (53119, 52540)
2022-07-31 22:57:51.246 *** Mouse movement ***  Mouse coords: (761, 395) (53123, 52540)
2022-07-31 22:57:51.257 *** Mouse movement ***  Mouse coords: (839, 395) (53129, 52540)
2022-07-31 22:57:51.276 *** Mouse movement ***  Mouse coords: (1002, 395) (53250, 52540)
2022-07-31 22:57:51.296 *** Mouse movement ***  Mouse coords: (1220, 395) (53329, 52540)
2022-07-31 22:57:51.305 *** Mouse movement ***  Mouse coords: (1311, 395) (53147, 52540)
2022-07-31 22:57:51.319 *** Mouse movement ***  Mouse coords: (1382, 395) (53119, 52540)
2022-07-31 22:57:51.338 *** Mouse movement ***  Mouse coords: (1443, 395) (53104, 52540)
2022-07-31 22:57:51.360 *** Mouse movement ***  Mouse coords: (1568, 395) (53196, 52540)
2022-07-31 22:57:51.380 *** Mouse movement ***  Mouse coords: (1685, 391) (53185, 52534)
2022-07-31 22:57:51.389 *** Mouse movement ***  Mouse coords: (1701, 390) (53040, 52539)
2022-07-31 22:57:51.402 *** Mouse movement ***  Mouse coords: (1714, 389) (53035, 52538)
2022-07-31 22:57:51.427 *** Mouse movement ***  Mouse coords: (1728, 387) (53037, 52537)
2022-07-31 22:57:51.447 *** Mouse movement ***  Mouse coords: (1728, 387) (53017, 52540)
