2022-08-09 10:31:37.563 *** Start program *** Start program
2022-08-09 10:31:46.889 *** Open processed data
2022-08-09 10:31:46.889 *** Preload all statistics at once.
2022-08-09 10:31:48.010 *** Nuclei stat data loaded, took 1.12 seconds. Total number of nuclei: 1470268
2022-08-09 10:31:54.015 *** Process image overlay spent 0.01 seconds.
2022-08-09 10:31:54.033 *** Get cell color spent 0.02 seconds.
2022-08-09 10:31:54.319 *** Process image overlay spent 0.01 seconds.
2022-08-09 10:31:54.325 *** Get cell color spent 0.01 seconds.
2022-08-09 10:31:54.442 *** Process image overlay spent 0.01 seconds.
2022-08-09 10:31:54.448 *** Get cell color spent 0.01 seconds.
2022-08-09 10:31:55.479 *** Mouse movement ***  Mouse coords: (471, 481) (29851, 57778)
2022-08-09 10:31:55.509 *** Mouse movement ***  Mouse coords: (483, 501) (29871, 57815)
2022-08-09 10:31:55.524 *** Mouse movement ***  Mouse coords: (494, 520) (29869, 57812)
2022-08-09 10:31:55.540 *** Mouse movement ***  Mouse coords: (502, 536) (29863, 57807)
2022-08-09 10:31:55.557 *** Mouse movement ***  Mouse coords: (506, 544) (29857, 57793)
2022-08-09 10:31:55.574 *** Mouse movement ***  Mouse coords: (512, 557) (29860, 57802)
2022-08-09 10:31:55.599 *** Mouse movement ***  Mouse coords: (523, 579) (29869, 57818)
2022-08-09 10:31:55.607 *** Mouse movement ***  Mouse coords: (525, 585) (29852, 57788)
2022-08-09 10:31:55.623 *** Mouse movement ***  Mouse coords: (530, 594) (29858, 57795)
2022-08-09 10:31:55.640 *** Mouse movement ***  Mouse coords: (536, 604) (29860, 57796)
2022-08-09 10:31:55.657 *** Mouse movement ***  Mouse coords: (539, 610) (29855, 57789)
2022-08-09 10:31:55.674 *** Mouse movement ***  Mouse coords: (543, 615) (29856, 57787)
2022-08-09 10:31:55.690 *** Mouse movement ***  Mouse coords: (543, 616) (29849, 57780)
2022-08-09 10:31:55.707 *** Mouse movement ***  Mouse coords: (543, 617) (29849, 57780)
2022-08-09 10:31:55.731 *** Process image overlay spent 0.01 seconds.
2022-08-09 10:31:55.737 *** Get cell color spent 0.01 seconds.
2022-08-09 10:31:55.846 *** Process image overlay spent 0.01 seconds.
2022-08-09 10:31:55.853 *** Get cell color spent 0.01 seconds.
2022-08-09 10:31:57.797 *** Process image overlay spent 0.01 seconds.
2022-08-09 10:31:57.801 *** Get cell color spent 0.00 seconds.
2022-08-09 10:31:57.867 *** Process image overlay spent 0.01 seconds.
2022-08-09 10:31:57.869 *** Get cell color spent 0.00 seconds.
2022-08-09 10:31:58.411 *** Mouse movement ***  Mouse coords: (840, 265) (30395, 57191)
2022-08-09 10:31:58.440 *** Mouse movement ***  Mouse coords: (846, 287) (30399, 57202)
2022-08-09 10:31:58.457 *** Mouse movement ***  Mouse coords: (862, 344) (30404, 57223)
2022-08-09 10:31:58.473 *** Mouse movement ***  Mouse coords: (873, 388) (30402, 57215)
2022-08-09 10:31:58.490 *** Mouse movement ***  Mouse coords: (881, 420) (30400, 57208)
2022-08-09 10:31:58.507 *** Mouse movement ***  Mouse coords: (892, 462) (30401, 57214)
2022-08-09 10:31:58.524 *** Mouse movement ***  Mouse coords: (906, 519) (30404, 57222)
2022-08-09 10:31:58.541 *** Mouse movement ***  Mouse coords: (912, 545) (30398, 57205)
2022-08-09 10:31:58.557 *** Mouse movement ***  Mouse coords: (919, 575) (30399, 57207)
2022-08-09 10:31:58.574 *** Mouse movement ***  Mouse coords: (921, 596) (30397, 57201)
2022-08-09 10:31:58.590 *** Mouse movement ***  Mouse coords: (925, 618) (30397, 57202)
2022-08-09 10:31:58.607 *** Mouse movement ***  Mouse coords: (925, 625) (30395, 57193)
2022-08-09 10:31:58.624 *** Mouse movement ***  Mouse coords: (925, 627) (30395, 57191)
2022-08-09 10:31:58.647 *** Process image overlay spent 0.01 seconds.
2022-08-09 10:31:58.649 *** Get cell color spent 0.00 seconds.
2022-08-09 10:31:59.266 *** Mouse movement ***  Mouse coords: (642, 143) (30227, 56901)
2022-08-09 10:31:59.291 *** Mouse movement ***  Mouse coords: (658, 163) (30235, 56912)
2022-08-09 10:31:59.307 *** Mouse movement ***  Mouse coords: (670, 179) (30233, 56910)
2022-08-09 10:31:59.324 *** Mouse movement ***  Mouse coords: (698, 213) (30243, 56920)
2022-08-09 10:31:59.340 *** Mouse movement ***  Mouse coords: (742, 267) (30252, 56932)
2022-08-09 10:31:59.357 *** Mouse movement ***  Mouse coords: (760, 292) (30237, 56915)
2022-08-09 10:31:59.374 *** Mouse movement ***  Mouse coords: (782, 323) (30239, 56918)
2022-08-09 10:31:59.390 *** Mouse movement ***  Mouse coords: (802, 350) (30238, 56916)
2022-08-09 10:31:59.407 *** Mouse movement ***  Mouse coords: (813, 370) (30232, 56912)
2022-08-09 10:31:59.424 *** Mouse movement ***  Mouse coords: (829, 402) (30236, 56919)
2022-08-09 10:31:59.440 *** Mouse movement ***  Mouse coords: (833, 410) (30228, 56905)
2022-08-09 10:31:59.457 *** Mouse movement ***  Mouse coords: (833, 413) (30226, 56902)
2022-08-09 10:31:59.481 *** Process image overlay spent 0.01 seconds.
2022-08-09 10:31:59.482 *** Get cell color spent 0.00 seconds.
2022-08-09 10:32:00.158 *** Mouse movement ***  Mouse coords: (726, 290) (30163, 56826)
2022-08-09 10:32:00.174 *** Mouse movement ***  Mouse coords: (726, 299) (30163, 56831)
2022-08-09 10:32:00.190 *** Mouse movement ***  Mouse coords: (731, 319) (30166, 56837)
2022-08-09 10:32:00.207 *** Mouse movement ***  Mouse coords: (740, 345) (30168, 56840)
2022-08-09 10:32:00.224 *** Mouse movement ***  Mouse coords: (747, 366) (30167, 56838)
2022-08-09 10:32:00.240 *** Mouse movement ***  Mouse coords: (765, 414) (30174, 56853)
2022-08-09 10:32:00.257 *** Mouse movement ***  Mouse coords: (777, 444) (30170, 56843)
2022-08-09 10:32:00.274 *** Mouse movement ***  Mouse coords: (787, 465) (30169, 56837)
2022-08-09 10:32:00.290 *** Mouse movement ***  Mouse coords: (798, 492) (30169, 56841)
2022-08-09 10:32:00.307 *** Mouse movement ***  Mouse coords: (809, 518) (30170, 56841)
2022-08-09 10:32:00.324 *** Mouse movement ***  Mouse coords: (817, 536) (30168, 56836)
2022-08-09 10:32:00.340 *** Mouse movement ***  Mouse coords: (821, 543) (30165, 56829)
2022-08-09 10:32:00.357 *** Mouse movement ***  Mouse coords: (821, 544) (30163, 56825)
2022-08-09 10:32:00.789 *** Mouse movement ***  Mouse coords: (711, 365) (30098, 56719)
2022-08-09 10:32:00.808 *** Mouse movement ***  Mouse coords: (713, 370) (30099, 56721)
2022-08-09 10:32:00.824 *** Mouse movement ***  Mouse coords: (714, 374) (30099, 56720)
2022-08-09 10:32:00.840 *** Mouse movement ***  Mouse coords: (718, 382) (30100, 56723)
2022-08-09 10:32:00.857 *** Mouse movement ***  Mouse coords: (722, 392) (30100, 56724)
2022-08-09 10:32:00.873 *** Mouse movement ***  Mouse coords: (724, 396) (30100, 56720)
2022-08-09 10:32:00.890 *** Mouse movement ***  Mouse coords: (726, 402) (30099, 56722)
2022-08-09 10:32:00.907 *** Mouse movement ***  Mouse coords: (729, 408) (30099, 56722)
2022-08-09 10:32:00.924 *** Mouse movement ***  Mouse coords: (732, 414) (30100, 56721)
2022-08-09 10:32:00.940 *** Mouse movement ***  Mouse coords: (733, 416) (30099, 56719)
2022-08-09 10:32:00.957 *** Mouse movement ***  Mouse coords: (734, 417) (30098, 56719)
2022-08-09 10:32:00.980 *** Process image overlay spent 0.01 seconds.
2022-08-09 10:32:00.982 *** Get cell color spent 0.00 seconds.
2022-08-09 10:32:01.441 *** Mouse movement ***  Mouse coords: (739, 379) (30101, 56695)
2022-08-09 10:32:01.461 *** Mouse movement ***  Mouse coords: (744, 389) (30104, 56701)
2022-08-09 10:32:01.475 *** Mouse movement ***  Mouse coords: (750, 403) (30105, 56704)
2022-08-09 10:32:01.491 *** Mouse movement ***  Mouse coords: (759, 425) (30106, 56708)
2022-08-09 10:32:01.507 *** Mouse movement ***  Mouse coords: (771, 447) (30108, 56708)
2022-08-09 10:32:01.523 *** Mouse movement ***  Mouse coords: (783, 472) (30109, 56710)
2022-08-09 10:32:01.540 *** Mouse movement ***  Mouse coords: (791, 487) (30105, 56703)
2022-08-09 10:32:01.557 *** Mouse movement ***  Mouse coords: (797, 496) (30105, 56701)
2022-08-09 10:32:01.573 *** Mouse movement ***  Mouse coords: (803, 502) (30104, 56698)
2022-08-09 10:32:01.590 *** Mouse movement ***  Mouse coords: (804, 504) (30102, 56697)
2022-08-09 10:32:01.614 *** Process image overlay spent 0.01 seconds.
2022-08-09 10:32:01.616 *** Get cell color spent 0.00 seconds.
2022-08-09 10:32:01.951 *** Mouse movement ***  Mouse coords: (798, 344) (30097, 56600)
2022-08-09 10:32:01.975 *** Mouse movement ***  Mouse coords: (803, 354) (30100, 56604)
2022-08-09 10:32:01.991 *** Mouse movement ***  Mouse coords: (815, 376) (30105, 56613)
2022-08-09 10:32:02.007 *** Mouse movement ***  Mouse coords: (831, 399) (30106, 56612)
2022-08-09 10:32:02.023 *** Mouse movement ***  Mouse coords: (839, 413) (30102, 56608)
2022-08-09 10:32:02.040 *** Mouse movement ***  Mouse coords: (847, 426) (30102, 56606)
2022-08-09 10:32:02.057 *** Mouse movement ***  Mouse coords: (862, 450) (30105, 56613)
2022-08-09 10:32:02.073 *** Mouse movement ***  Mouse coords: (867, 458) (30100, 56604)
2022-08-09 10:32:02.090 *** Mouse movement ***  Mouse coords: (873, 467) (30101, 56605)
2022-08-09 10:32:02.107 *** Mouse movement ***  Mouse coords: (877, 473) (30099, 56602)
2022-08-09 10:32:02.124 *** Mouse movement ***  Mouse coords: (879, 476) (30099, 56601)
2022-08-09 10:32:02.147 *** Process image overlay spent 0.01 seconds.
2022-08-09 10:32:02.148 *** Get cell color spent 0.00 seconds.
2022-08-09 10:32:02.513 *** Mouse movement ***  Mouse coords: (785, 439) (30041, 56577)
2022-08-09 10:32:02.540 *** Mouse movement ***  Mouse coords: (788, 458) (30043, 56586)
2022-08-09 10:32:02.557 *** Mouse movement ***  Mouse coords: (792, 470) (30043, 56582)
2022-08-09 10:32:02.573 *** Mouse movement ***  Mouse coords: (807, 506) (30050, 56597)
2022-08-09 10:32:02.590 *** Mouse movement ***  Mouse coords: (815, 527) (30046, 56587)
2022-08-09 10:32:02.606 *** Mouse movement ***  Mouse coords: (822, 540) (30045, 56583)
2022-08-09 10:32:02.623 *** Mouse movement ***  Mouse coords: (827, 549) (30044, 56580)
2022-08-09 10:32:02.640 *** Mouse movement ***  Mouse coords: (829, 552) (30042, 56577)
2022-08-09 10:32:02.656 *** Mouse movement ***  Mouse coords: (830, 553) (30041, 56576)
2022-08-09 10:32:02.680 *** Process image overlay spent 0.01 seconds.
2022-08-09 10:32:02.681 *** Get cell color spent 0.00 seconds.
2022-08-09 10:32:03.107 *** Mouse movement ***  Mouse coords: (738, 359) (29987, 56459)
2022-08-09 10:32:03.123 *** Mouse movement ***  Mouse coords: (746, 377) (29992, 56469)
2022-08-09 10:32:03.140 *** Mouse movement ***  Mouse coords: (759, 405) (29994, 56475)
2022-08-09 10:32:03.156 *** Mouse movement ***  Mouse coords: (766, 422) (29991, 56468)
2022-08-09 10:32:03.173 *** Mouse movement ***  Mouse coords: (785, 458) (29999, 56479)
2022-08-09 10:32:03.190 *** Mouse movement ***  Mouse coords: (798, 483) (29994, 56473)
2022-08-09 10:32:03.206 *** Mouse movement ***  Mouse coords: (810, 500) (29995, 56468)
2022-08-09 10:32:03.223 *** Mouse movement ***  Mouse coords: (823, 519) (29994, 56469)
2022-08-09 10:32:03.240 *** Mouse movement ***  Mouse coords: (835, 532) (29994, 56466)
2022-08-09 10:32:03.256 *** Mouse movement ***  Mouse coords: (845, 542) (29993, 56464)
2022-08-09 10:32:03.273 *** Mouse movement ***  Mouse coords: (849, 545) (29990, 56460)
2022-08-09 10:32:03.290 *** Mouse movement ***  Mouse coords: (849, 546) (29987, 56459)
2022-08-09 10:32:03.313 *** Process image overlay spent 0.01 seconds.
2022-08-09 10:32:03.315 *** Get cell color spent 0.00 seconds.
2022-08-09 10:32:03.653 *** Mouse movement ***  Mouse coords: (778, 413) (29945, 56379)
2022-08-09 10:32:03.674 *** Mouse movement ***  Mouse coords: (786, 433) (29948, 56387)
2022-08-09 10:32:03.690 *** Mouse movement ***  Mouse coords: (798, 463) (29951, 56394)
2022-08-09 10:32:03.706 *** Mouse movement ***  Mouse coords: (814, 503) (29954, 56400)
2022-08-09 10:32:03.723 *** Mouse movement ***  Mouse coords: (830, 539) (29953, 56397)
2022-08-09 10:32:03.740 *** Mouse movement ***  Mouse coords: (848, 577) (29955, 56399)
2022-08-09 10:32:03.756 *** Mouse movement ***  Mouse coords: (861, 601) (29952, 56390)
2022-08-09 10:32:03.773 *** Mouse movement ***  Mouse coords: (882, 635) (29956, 56396)
2022-08-09 10:32:03.790 *** Mouse movement ***  Mouse coords: (891, 646) (29950, 56383)
2022-08-09 10:32:03.806 *** Mouse movement ***  Mouse coords: (892, 648) (29944, 56377)
2022-08-09 10:32:03.830 *** Process image overlay spent 0.01 seconds.
2022-08-09 10:32:03.832 *** Get cell color spent 0.00 seconds.
2022-08-09 10:32:04.317 *** Process image overlay spent 0.01 seconds.
2022-08-09 10:32:04.319 *** Get cell color spent 0.00 seconds.
2022-08-09 10:32:04.348 *** Process image overlay spent 0.01 seconds.
2022-08-09 10:32:04.349 *** Get cell color spent 0.00 seconds.
2022-08-09 10:32:04.846 *** Process image overlay spent 0.01 seconds.
2022-08-09 10:32:04.848 *** Get cell color spent 0.00 seconds.
2022-08-09 10:32:04.910 *** Process image overlay spent 0.01 seconds.
2022-08-09 10:32:04.912 *** Get cell color spent 0.00 seconds.
2022-08-09 10:32:04.966 *** Process image overlay spent 0.01 seconds.
2022-08-09 10:32:04.970 *** Get cell color spent 0.00 seconds.
2022-08-09 10:32:05.064 *** Process image overlay spent 0.01 seconds.
2022-08-09 10:32:05.074 *** Get cell color spent 0.01 seconds.
2022-08-09 10:32:05.258 *** Process image overlay spent 0.01 seconds.
2022-08-09 10:32:05.266 *** Get cell color spent 0.01 seconds.
2022-08-09 10:32:05.611 *** Mouse movement ***  Mouse coords: (783, 267) (29940, 55948)
2022-08-09 10:32:05.624 *** Mouse movement ***  Mouse coords: (783, 268) (29940, 55947)
2022-08-09 10:32:05.640 *** Mouse movement ***  Mouse coords: (796, 296) (29970, 56011)
2022-08-09 10:32:05.657 *** Mouse movement ***  Mouse coords: (811, 323) (29975, 56008)
2022-08-09 10:32:05.674 *** Mouse movement ***  Mouse coords: (828, 361) (29980, 56034)
2022-08-09 10:32:05.690 *** Mouse movement ***  Mouse coords: (846, 401) (29982, 56039)
2022-08-09 10:32:05.707 *** Mouse movement ***  Mouse coords: (862, 435) (29978, 56025)
2022-08-09 10:32:05.724 *** Mouse movement ***  Mouse coords: (894, 499) (30015, 56095)
2022-08-09 10:32:05.740 *** Mouse movement ***  Mouse coords: (917, 543) (29994, 56048)
2022-08-09 10:32:05.757 *** Mouse movement ***  Mouse coords: (932, 570) (29975, 56008)
2022-08-09 10:32:05.774 *** Mouse movement ***  Mouse coords: (945, 596) (29971, 56006)
2022-08-09 10:32:05.790 *** Mouse movement ***  Mouse coords: (951, 616) (29954, 55992)
2022-08-09 10:32:05.807 *** Mouse movement ***  Mouse coords: (952, 620) (29942, 55954)
2022-08-09 10:32:05.823 *** Mouse movement ***  Mouse coords: (952, 625) (29940, 55957)
2022-08-09 10:32:05.840 *** Mouse movement ***  Mouse coords: (952, 628) (29940, 55952)
2022-08-09 10:32:05.880 *** Process image overlay spent 0.01 seconds.
2022-08-09 10:32:05.890 *** Get cell color spent 0.01 seconds.
2022-08-09 10:32:06.069 *** Process image overlay spent 0.01 seconds.
2022-08-09 10:32:06.104 *** Get cell color spent 0.03 seconds.
2022-08-09 10:32:06.781 *** Mouse movement ***  Mouse coords: (717, 357) (29389, 55310)
2022-08-09 10:32:06.808 *** Mouse movement ***  Mouse coords: (726, 375) (29410, 55345)
2022-08-09 10:32:06.824 *** Mouse movement ***  Mouse coords: (739, 399) (29420, 55359)
2022-08-09 10:32:06.840 *** Mouse movement ***  Mouse coords: (750, 420) (29414, 55353)
2022-08-09 10:32:06.857 *** Mouse movement ***  Mouse coords: (773, 456) (29443, 55387)
2022-08-09 10:32:06.874 *** Mouse movement ***  Mouse coords: (787, 477) (29422, 55352)
2022-08-09 10:32:06.890 *** Mouse movement ***  Mouse coords: (802, 499) (29424, 55355)
2022-08-09 10:32:06.907 *** Mouse movement ***  Mouse coords: (811, 512) (29410, 55333)
2022-08-09 10:32:06.923 *** Mouse movement ***  Mouse coords: (823, 532) (29417, 55350)
2022-08-09 10:32:06.940 *** Mouse movement ***  Mouse coords: (833, 549) (29413, 55343)
2022-08-09 10:32:06.957 *** Mouse movement ***  Mouse coords: (838, 556) (29401, 55319)
2022-08-09 10:32:06.973 *** Mouse movement ***  Mouse coords: (841, 561) (29396, 55315)
2022-08-09 10:32:06.990 *** Mouse movement ***  Mouse coords: (842, 563) (29391, 55308)
2022-08-09 10:32:07.016 *** Process image overlay spent 0.01 seconds.
2022-08-09 10:32:07.025 *** Get cell color spent 0.01 seconds.
2022-08-09 10:32:07.209 *** Process image overlay spent 0.01 seconds.
2022-08-09 10:32:07.218 *** Get cell color spent 0.01 seconds.
2022-08-09 10:32:08.296 *** Process image overlay spent 0.01 seconds.
2022-08-09 10:32:08.323 *** Get cell color spent 0.03 seconds.
2022-08-09 10:32:08.765 *** Process image overlay spent 0.01 seconds.
2022-08-09 10:32:08.790 *** Get cell color spent 0.03 seconds.
2022-08-09 10:32:09.774 *** Mouse movement ***  Mouse coords: (684, 337) (28867, 54637)
2022-08-09 10:32:09.792 *** Mouse movement ***  Mouse coords: (688, 346) (28883, 54670)
2022-08-09 10:32:09.807 *** Mouse movement ***  Mouse coords: (696, 360) (28900, 54691)
2022-08-09 10:32:09.824 *** Mouse movement ***  Mouse coords: (702, 371) (28892, 54678)
2022-08-09 10:32:09.841 *** Mouse movement ***  Mouse coords: (716, 394) (28924, 54727)
2022-08-09 10:32:09.857 *** Mouse movement ***  Mouse coords: (732, 421) (28933, 54744)
2022-08-09 10:32:09.874 *** Mouse movement ***  Mouse coords: (743, 440) (28912, 54711)
2022-08-09 10:32:09.891 *** Mouse movement ***  Mouse coords: (760, 471) (28937, 54760)
2022-08-09 10:32:09.907 *** Mouse movement ***  Mouse coords: (777, 498) (28936, 54744)
2022-08-09 10:32:09.924 *** Mouse movement ***  Mouse coords: (802, 538) (28970, 54797)
2022-08-09 10:32:09.941 *** Mouse movement ***  Mouse coords: (810, 549) (28900, 54678)
2022-08-09 10:32:09.958 *** Mouse movement ***  Mouse coords: (820, 565) (28908, 54699)
2022-08-09 10:32:09.973 *** Mouse movement ***  Mouse coords: (825, 572) (28887, 54662)
2022-08-09 10:32:09.991 *** Mouse movement ***  Mouse coords: (827, 574) (28876, 54641)
2022-08-09 10:32:10.029 *** Process image overlay spent 0.01 seconds.
2022-08-09 10:32:10.078 *** Get cell color spent 0.05 seconds.
2022-08-09 10:32:10.532 *** Process image overlay spent 0.01 seconds.
2022-08-09 10:32:10.559 *** Get cell color spent 0.03 seconds.
2022-08-09 10:32:11.626 *** Mouse movement ***  Mouse coords: (739, 332) (28506, 53640)
2022-08-09 10:32:11.639 *** Mouse movement ***  Mouse coords: (740, 333) (28510, 53640)
2022-08-09 10:32:11.657 *** Mouse movement ***  Mouse coords: (748, 357) (28538, 53735)
2022-08-09 10:32:11.674 *** Mouse movement ***  Mouse coords: (753, 370) (28527, 53689)
2022-08-09 10:32:11.690 *** Mouse movement ***  Mouse coords: (764, 395) (28551, 53738)
2022-08-09 10:32:11.707 *** Mouse movement ***  Mouse coords: (776, 419) (28555, 53735)
2022-08-09 10:32:11.724 *** Mouse movement ***  Mouse coords: (790, 453) (28564, 53775)
2022-08-09 10:32:11.740 *** Mouse movement ***  Mouse coords: (807, 491) (28576, 53792)
2022-08-09 10:32:11.757 *** Mouse movement ***  Mouse coords: (824, 521) (28575, 53759)
2022-08-09 10:32:11.774 *** Mouse movement ***  Mouse coords: (839, 550) (28568, 53755)
2022-08-09 10:32:11.799 *** Mouse movement ***  Mouse coords: (856, 581) (28576, 53764)
2022-08-09 10:32:11.807 *** Mouse movement ***  Mouse coords: (860, 587) (28522, 53660)
2022-08-09 10:32:11.824 *** Mouse movement ***  Mouse coords: (867, 601) (28535, 53694)
2022-08-09 10:32:11.840 *** Mouse movement ***  Mouse coords: (870, 607) (28518, 53660)
2022-08-09 10:32:11.857 *** Mouse movement ***  Mouse coords: (872, 611) (28514, 53653)
2022-08-09 10:32:11.897 *** Process image overlay spent 0.02 seconds.
2022-08-09 10:32:11.930 *** Get cell color spent 0.03 seconds.
2022-08-09 10:32:12.364 *** Process image overlay spent 0.01 seconds.
2022-08-09 10:32:12.389 *** Get cell color spent 0.02 seconds.
2022-08-09 10:32:13.813 *** Process image overlay spent 0.01 seconds.
2022-08-09 10:32:13.855 *** Get cell color spent 0.04 seconds.
2022-08-09 10:32:14.197 *** Process image overlay spent 0.01 seconds.
2022-08-09 10:32:14.217 *** Get cell color spent 0.02 seconds.
2022-08-09 10:32:18.269 *** Process image overlay spent 0.02 seconds.
2022-08-09 10:32:18.308 *** Get cell color spent 0.04 seconds.
2022-08-09 10:32:18.766 *** Process image overlay spent 0.01 seconds.
2022-08-09 10:32:18.791 *** Get cell color spent 0.02 seconds.
2022-08-09 10:32:20.191 *** Mouse movement ***  Mouse coords: (672, 386) (27686, 52712)
2022-08-09 10:32:20.208 *** Mouse movement ***  Mouse coords: (676, 400) (27702, 52766)
2022-08-09 10:32:20.224 *** Mouse movement ***  Mouse coords: (686, 422) (27727, 52799)
2022-08-09 10:32:20.240 *** Mouse movement ***  Mouse coords: (696, 442) (27727, 52791)
2022-08-09 10:32:20.257 *** Mouse movement ***  Mouse coords: (709, 469) (27739, 52820)
2022-08-09 10:32:20.274 *** Mouse movement ***  Mouse coords: (737, 522) (27801, 52927)
2022-08-09 10:32:20.298 *** Mouse movement ***  Mouse coords: (761, 564) (27785, 52881)
2022-08-09 10:32:20.307 *** Mouse movement ***  Mouse coords: (771, 583) (27727, 52787)
2022-08-09 10:32:20.324 *** Mouse movement ***  Mouse coords: (793, 618) (27776, 52852)
2022-08-09 10:32:20.340 *** Mouse movement ***  Mouse coords: (826, 668) (27822, 52915)
2022-08-09 10:32:20.358 *** Mouse movement ***  Mouse coords: (837, 684) (27731, 52774)
2022-08-09 10:32:20.379 *** Mouse movement ***  Mouse coords: (856, 709) (27764, 52812)
2022-08-09 10:32:20.391 *** Mouse movement ***  Mouse coords: (859, 712) (27698, 52721)
2022-08-09 10:32:20.407 *** Mouse movement ***  Mouse coords: (860, 713) (27690, 52713)
2022-08-09 10:32:20.430 *** Process image overlay spent 0.01 seconds.
2022-08-09 10:32:20.451 *** Get cell color spent 0.02 seconds.
2022-08-09 10:32:20.790 *** Process image overlay spent 0.01 seconds.
2022-08-09 10:32:20.827 *** Get cell color spent 0.04 seconds.
2022-08-09 10:32:21.744 *** Mouse movement ***  Mouse coords: (790, 485) (27399, 51774)
2022-08-09 10:32:21.756 *** Mouse movement ***  Mouse coords: (789, 485) (27399, 51774)
2022-08-09 10:32:21.774 *** Mouse movement ***  Mouse coords: (780, 489) (27366, 51790)
2022-08-09 10:32:21.791 *** Mouse movement ***  Mouse coords: (766, 493) (27345, 51791)
2022-08-09 10:32:21.807 *** Mouse movement ***  Mouse coords: (749, 495) (27334, 51782)
2022-08-09 10:32:21.824 *** Mouse movement ***  Mouse coords: (729, 496) (27320, 51778)
2022-08-09 10:32:21.840 *** Mouse movement ***  Mouse coords: (677, 496) (27190, 51774)
2022-08-09 10:32:21.858 *** Mouse movement ***  Mouse coords: (636, 491) (27235, 51753)
2022-08-09 10:32:21.881 *** Mouse movement ***  Mouse coords: (589, 483) (27210, 51742)
2022-08-09 10:32:21.894 *** Mouse movement ***  Mouse coords: (550, 474) (27243, 51737)
2022-08-09 10:32:21.907 *** Mouse movement ***  Mouse coords: (525, 470) (27300, 51757)
2022-08-09 10:32:21.924 *** Mouse movement ***  Mouse coords: (488, 460) (27252, 51733)
2022-08-09 10:32:21.940 *** Mouse movement ***  Mouse coords: (451, 449) (27251, 51729)
2022-08-09 10:32:21.957 *** Mouse movement ***  Mouse coords: (426, 441) (27300, 51741)
2022-08-09 10:32:21.974 *** Mouse movement ***  Mouse coords: (406, 434) (27321, 51745)
2022-08-09 10:32:21.990 *** Mouse movement ***  Mouse coords: (394, 429) (27354, 51754)
2022-08-09 10:32:22.007 *** Mouse movement ***  Mouse coords: (392, 427) (27395, 51766)
2022-08-09 10:32:22.031 *** Process image overlay spent 0.01 seconds.
2022-08-09 10:32:22.055 *** Get cell color spent 0.02 seconds.
2022-08-09 10:32:22.482 *** Process image overlay spent 0.01 seconds.
2022-08-09 10:32:22.506 *** Get cell color spent 0.02 seconds.
2022-08-09 10:32:23.364 *** Mouse movement ***  Mouse coords: (920, 637) (29569, 52635)
2022-08-09 10:32:23.390 *** Mouse movement ***  Mouse coords: (914, 632) (29549, 52615)
2022-08-09 10:32:23.424 *** Mouse movement ***  Mouse coords: (865, 606) (29372, 52528)
2022-08-09 10:32:23.440 *** Mouse movement ***  Mouse coords: (844, 593) (29486, 52582)
2022-08-09 10:32:23.457 *** Mouse movement ***  Mouse coords: (811, 577) (29438, 52569)
2022-08-09 10:32:23.474 *** Mouse movement ***  Mouse coords: (776, 559) (29429, 52561)
2022-08-09 10:32:23.490 *** Mouse movement ***  Mouse coords: (725, 537) (29364, 52545)
2022-08-09 10:32:23.507 *** Mouse movement ***  Mouse coords: (703, 529) (29483, 52602)
2022-08-09 10:32:23.524 *** Mouse movement ***  Mouse coords: (677, 519) (29466, 52594)
2022-08-09 10:32:23.547 *** Mouse movement ***  Mouse coords: (641, 504) (29425, 52574)
2022-08-09 10:32:23.557 *** Mouse movement ***  Mouse coords: (637, 503) (29557, 52631)
2022-08-09 10:32:23.574 *** Mouse movement ***  Mouse coords: (622, 494) (29511, 52598)
2022-08-09 10:32:23.590 *** Mouse movement ***  Mouse coords: (619, 493) (29561, 52631)
2022-08-09 10:32:23.614 *** Process image overlay spent 0.01 seconds.
2022-08-09 10:32:23.662 *** Get cell color spent 0.05 seconds.
2022-08-09 10:32:24.120 *** Process image overlay spent 0.01 seconds.
2022-08-09 10:32:24.147 *** Get cell color spent 0.03 seconds.
2022-08-09 10:32:25.216 *** Mouse movement ***  Mouse coords: (973, 549) (31026, 52864)
2022-08-09 10:32:25.240 *** Mouse movement ***  Mouse coords: (968, 544) (31009, 52848)
2022-08-09 10:32:25.257 *** Mouse movement ***  Mouse coords: (959, 535) (30993, 52831)
2022-08-09 10:32:25.273 *** Mouse movement ***  Mouse coords: (946, 523) (30977, 52819)
2022-08-09 10:32:25.290 *** Mouse movement ***  Mouse coords: (931, 511) (30968, 52818)
2022-08-09 10:32:25.314 *** Mouse movement ***  Mouse coords: (891, 482) (30866, 52749)
2022-08-09 10:32:25.323 *** Mouse movement ***  Mouse coords: (875, 471) (30965, 52823)
2022-08-09 10:32:25.340 *** Mouse movement ***  Mouse coords: (853, 459) (30939, 52819)
2022-08-09 10:32:25.356 *** Mouse movement ***  Mouse coords: (833, 448) (30948, 52823)
2022-08-09 10:32:25.374 *** Mouse movement ***  Mouse coords: (802, 431) (30903, 52798)
2022-08-09 10:32:25.396 *** Mouse movement ***  Mouse coords: (781, 419) (30944, 52819)
2022-08-09 10:32:25.407 *** Mouse movement ***  Mouse coords: (774, 416) (31001, 52856)
2022-08-09 10:32:25.424 *** Mouse movement ***  Mouse coords: (761, 408) (30977, 52835)
2022-08-09 10:32:25.441 *** Mouse movement ***  Mouse coords: (753, 404) (30997, 52851)
2022-08-09 10:32:25.461 *** Mouse movement ***  Mouse coords: (743, 398) (30989, 52844)
2022-08-09 10:32:25.474 *** Mouse movement ***  Mouse coords: (738, 395) (31009, 52855)
2022-08-09 10:32:25.490 *** Mouse movement ***  Mouse coords: (733, 391) (31010, 52852)
2022-08-09 10:32:25.507 *** Mouse movement ***  Mouse coords: (731, 390) (31022, 52864)
2022-08-09 10:32:25.524 *** Mouse movement ***  Mouse coords: (730, 389) (31026, 52864)
2022-08-09 10:32:25.548 *** Process image overlay spent 0.01 seconds.
2022-08-09 10:32:25.575 *** Get cell color spent 0.03 seconds.
2022-08-09 10:32:26.039 *** Process image overlay spent 0.01 seconds.
2022-08-09 10:32:26.066 *** Get cell color spent 0.03 seconds.
2022-08-09 10:32:27.757 *** Program closed.
