2022-08-12 13:08:56.291 *** Start program *** Start program
2022-08-12 13:09:05.946 *** Open case *** /media/zhihuang/Drive14/Google_Colon_lnm_pos_2015_slides/slides/S0425
2022-08-12 13:09:07.864 *** Open processed data
2022-08-12 13:09:07.865 *** Preload all statistics at once.
2022-08-12 13:09:08.670 *** Nuclei stat data loaded, took 0.81 seconds. Total number of nuclei: 954361
2022-08-12 13:09:12.271 *** Process image overlay spent 0.00 seconds.
2022-08-12 13:09:12.322 *** Get cell color spent 0.05 seconds.
2022-08-12 13:09:12.777 *** Process image overlay spent 0.00 seconds.
2022-08-12 13:09:12.780 *** Get cell color spent 0.00 seconds.
2022-08-12 13:09:13.220 *** Mouse movement (LeftButton) ***  Mouse coords: (388, 284) (33743, 49202)
2022-08-12 13:09:13.240 *** Mouse movement (LeftButton) ***  Mouse coords: (396, 290) (33751, 49209)
2022-08-12 13:09:13.258 *** Mouse movement (LeftButton) ***  Mouse coords: (430, 315) (33799, 49243)
2022-08-12 13:09:13.275 *** Mouse movement (LeftButton) ***  Mouse coords: (450, 328) (33774, 49222)
2022-08-12 13:09:13.291 *** Mouse movement (LeftButton) ***  Mouse coords: (480, 347) (33791, 49233)
2022-08-12 13:09:13.308 *** Mouse movement (LeftButton) ***  Mouse coords: (516, 372) (33803, 49243)
2022-08-12 13:09:13.324 *** Mouse movement (LeftButton) ***  Mouse coords: (554, 397) (33806, 49244)
2022-08-12 13:09:13.341 *** Mouse movement (LeftButton) ***  Mouse coords: (601, 426) (33822, 49250)
2022-08-12 13:09:13.358 *** Mouse movement (LeftButton) ***  Mouse coords: (630, 444) (33790, 49231)
2022-08-12 13:09:13.374 *** Mouse movement (LeftButton) ***  Mouse coords: (665, 465) (33801, 49236)
2022-08-12 13:09:13.391 *** Mouse movement (LeftButton) ***  Mouse coords: (679, 473) (33762, 49213)
2022-08-12 13:09:13.408 *** Mouse movement (LeftButton) ***  Mouse coords: (708, 491) (33790, 49231)
2022-08-12 13:09:13.424 *** Mouse movement (LeftButton) ***  Mouse coords: (718, 496) (33755, 49207)
2022-08-12 13:09:13.441 *** Mouse movement (LeftButton) ***  Mouse coords: (721, 499) (33743, 49203)
2022-08-12 13:09:13.458 *** Mouse movement (LeftButton) ***  Mouse coords: (722, 500) (33738, 49200)
2022-08-12 13:09:13.608 *** Process image overlay spent 0.00 seconds.
2022-08-12 13:09:13.612 *** Get cell color spent 0.00 seconds.
2022-08-12 13:09:17.487 *** Mouse movement (LeftButton) ***  Mouse coords: (408, 322) (33166, 48874)
2022-08-12 13:09:17.508 *** Mouse movement (LeftButton) ***  Mouse coords: (413, 331) (33175, 48889)
2022-08-12 13:09:17.524 *** Mouse movement (LeftButton) ***  Mouse coords: (428, 356) (33194, 48917)
2022-08-12 13:09:17.541 *** Mouse movement (LeftButton) ***  Mouse coords: (463, 388) (33229, 48930)
2022-08-12 13:09:17.558 *** Mouse movement (LeftButton) ***  Mouse coords: (481, 400) (33199, 48894)
2022-08-12 13:09:17.574 *** Mouse movement (LeftButton) ***  Mouse coords: (509, 416) (33217, 48901)
2022-08-12 13:09:17.591 *** Mouse movement (LeftButton) ***  Mouse coords: (539, 430) (33221, 48898)
2022-08-12 13:09:17.608 *** Mouse movement (LeftButton) ***  Mouse coords: (580, 448) (33240, 48904)
2022-08-12 13:09:17.625 *** Mouse movement (LeftButton) ***  Mouse coords: (600, 457) (33202, 48889)
2022-08-12 13:09:17.648 *** Mouse movement (LeftButton) ***  Mouse coords: (639, 478) (33237, 48910)
2022-08-12 13:09:17.658 *** Mouse movement (LeftButton) ***  Mouse coords: (649, 483) (33185, 48881)
2022-08-12 13:09:17.674 *** Mouse movement (LeftButton) ***  Mouse coords: (661, 489) (33187, 48883)
2022-08-12 13:09:17.691 *** Mouse movement (LeftButton) ***  Mouse coords: (683, 499) (33206, 48890)
2022-08-12 13:09:17.708 *** Mouse movement (LeftButton) ***  Mouse coords: (688, 501) (33176, 48876)
2022-08-12 13:09:17.807 *** Process image overlay spent 0.00 seconds.
2022-08-12 13:09:17.811 *** Get cell color spent 0.00 seconds.
2022-08-12 13:09:18.108 *** Process image overlay spent 0.00 seconds.
2022-08-12 13:09:18.110 *** Get cell color spent 0.00 seconds.
2022-08-12 13:09:19.086 *** Process image overlay spent 0.00 seconds.
2022-08-12 13:09:19.091 *** Get cell color spent 0.00 seconds.
2022-08-12 13:09:39.118 *** Mouse movement (LeftButton) ***  Mouse coords: (595, 359) (32996, 48613)
2022-08-12 13:09:39.128 *** Mouse movement (LeftButton) ***  Mouse coords: (597, 361) (33000, 48617)
2022-08-12 13:09:39.140 *** Mouse movement (LeftButton) ***  Mouse coords: (610, 375) (33024, 48643)
2022-08-12 13:09:39.158 *** Mouse movement (LeftButton) ***  Mouse coords: (622, 387) (33045, 48664)
2022-08-12 13:09:39.174 *** Mouse movement (LeftButton) ***  Mouse coords: (633, 401) (33065, 48690)
2022-08-12 13:09:39.191 *** Mouse movement (LeftButton) ***  Mouse coords: (653, 420) (33102, 48724)
2022-08-12 13:09:39.208 *** Mouse movement (LeftButton) ***  Mouse coords: (669, 434) (33131, 48750)
2022-08-12 13:09:39.224 *** Mouse movement (LeftButton) ***  Mouse coords: (677, 442) (33146, 48764)
2022-08-12 13:09:39.241 *** Mouse movement (LeftButton) ***  Mouse coords: (684, 447) (33158, 48774)
2022-08-12 13:09:39.258 *** Mouse movement (LeftButton) ***  Mouse coords: (688, 452) (33166, 48783)
2022-08-12 13:09:39.274 *** Mouse movement (LeftButton) ***  Mouse coords: (689, 453) (33167, 48784)
2022-08-12 13:09:39.291 *** Mouse movement (LeftButton) ***  Mouse coords: (700, 461) (33187, 48799)
2022-08-12 13:09:39.308 *** Mouse movement (LeftButton) ***  Mouse coords: (704, 462) (33195, 48801)
2022-08-12 13:09:39.325 *** Mouse movement (LeftButton) ***  Mouse coords: (705, 462) (33196, 48801)
2022-08-12 13:09:40.163 *** Interactive label *** Apply to case start.
2022-08-12 13:09:47.161 *** Keyboard input *** key pressed: key: 16777249; text: ""
2022-08-12 13:10:07.121 *** Program closed.
