2022-08-12 11:50:55.532 *** Start program *** Start program
2022-08-12 11:51:00.837 *** Open case *** /media/zhihuang/Drive14/Google_Colon_lnm_pos_2015_slides/slides/S0425
2022-08-12 11:51:04.160 *** Open processed data
2022-08-12 11:51:04.161 *** Preload all statistics at once.
2022-08-12 11:51:04.975 *** Nuclei stat data loaded, took 0.81 seconds. Total number of nuclei: 954361
2022-08-12 11:51:09.197 *** Process image overlay spent 0.00 seconds.
2022-08-12 11:51:09.275 *** Get cell color spent 0.08 seconds.
2022-08-12 11:51:09.369 *** Process image overlay spent 0.00 seconds.
2022-08-12 11:51:09.431 *** Get cell color spent 0.06 seconds.
2022-08-12 11:51:09.963 *** Process image overlay spent 0.02 seconds.
2022-08-12 11:51:10.005 *** Get cell color spent 0.04 seconds.
2022-08-12 11:51:10.066 *** Process image overlay spent 0.00 seconds.
2022-08-12 11:51:10.074 *** Get cell color spent 0.01 seconds.
2022-08-12 11:51:10.200 *** Process image overlay spent 0.00 seconds.
2022-08-12 11:51:10.207 *** Get cell color spent 0.01 seconds.
2022-08-12 11:51:11.437 *** Process image overlay spent 0.00 seconds.
2022-08-12 11:51:11.440 *** Get cell color spent 0.00 seconds.
2022-08-12 11:51:11.505 *** Process image overlay spent 0.00 seconds.
2022-08-12 11:51:11.509 *** Get cell color spent 0.00 seconds.
2022-08-12 11:51:12.020 *** Mouse movement (LeftButton) ***  Mouse coords: (623, 349) (28588, 45814)
2022-08-12 11:51:12.027 *** Mouse movement (LeftButton) ***  Mouse coords: (623, 350) (28588, 45816)
2022-08-12 11:51:12.044 *** Mouse movement (LeftButton) ***  Mouse coords: (627, 356) (28596, 45827)
2022-08-12 11:51:12.060 *** Mouse movement (LeftButton) ***  Mouse coords: (639, 372) (28617, 45856)
2022-08-12 11:51:12.077 *** Mouse movement (LeftButton) ***  Mouse coords: (654, 391) (28645, 45891)
2022-08-12 11:51:12.093 *** Mouse movement (LeftButton) ***  Mouse coords: (672, 408) (28677, 45922)
2022-08-12 11:51:12.111 *** Mouse movement (LeftButton) ***  Mouse coords: (687, 419) (28705, 45942)
2022-08-12 11:51:12.130 *** Mouse movement (LeftButton) ***  Mouse coords: (695, 424) (28719, 45951)
2022-08-12 11:51:12.144 *** Mouse movement (LeftButton) ***  Mouse coords: (702, 427) (28732, 45956)
2022-08-12 11:51:12.160 *** Mouse movement (LeftButton) ***  Mouse coords: (706, 430) (28739, 45962)
2022-08-12 11:51:12.177 *** Mouse movement (LeftButton) ***  Mouse coords: (709, 433) (28745, 45967)
2022-08-12 11:51:12.193 *** Mouse movement (LeftButton) ***  Mouse coords: (713, 437) (28752, 45974)
2022-08-12 11:51:12.210 *** Mouse movement (LeftButton) ***  Mouse coords: (714, 438) (28754, 45976)
2022-08-12 11:51:15.545 *** Mouse movement (LeftButton) ***  Mouse coords: (422, 321) (28223, 45763)
2022-08-12 11:51:15.552 *** Mouse movement (LeftButton) ***  Mouse coords: (422, 322) (28223, 45765)
2022-08-12 11:51:15.567 *** Mouse movement (LeftButton) ***  Mouse coords: (424, 327) (28226, 45774)
2022-08-12 11:51:15.577 *** Mouse movement (LeftButton) ***  Mouse coords: (429, 340) (28235, 45798)
2022-08-12 11:51:15.593 *** Mouse movement (LeftButton) ***  Mouse coords: (440, 354) (28255, 45823)
2022-08-12 11:51:15.610 *** Mouse movement (LeftButton) ***  Mouse coords: (449, 366) (28272, 45845)
2022-08-12 11:51:15.627 *** Mouse movement (LeftButton) ***  Mouse coords: (457, 374) (28286, 45860)
2022-08-12 11:51:15.643 *** Mouse movement (LeftButton) ***  Mouse coords: (465, 383) (28301, 45876)
2022-08-12 11:51:15.660 *** Mouse movement (LeftButton) ***  Mouse coords: (467, 385) (28305, 45880)
2022-08-12 11:51:15.677 *** Mouse movement (LeftButton) ***  Mouse coords: (472, 389) (28314, 45887)
2022-08-12 11:51:15.693 *** Mouse movement (LeftButton) ***  Mouse coords: (472, 390) (28314, 45889)
2022-08-12 11:51:15.710 *** Mouse movement (LeftButton) ***  Mouse coords: (473, 391) (28315, 45891)
2022-08-12 11:51:15.727 *** Mouse movement (LeftButton) ***  Mouse coords: (474, 393) (28317, 45894)
2022-08-12 11:51:15.743 *** Mouse movement (LeftButton) ***  Mouse coords: (475, 395) (28319, 45898)
2022-08-12 11:51:15.760 *** Mouse movement (LeftButton) ***  Mouse coords: (478, 399) (28325, 45905)
2022-08-12 11:51:15.777 *** Mouse movement (LeftButton) ***  Mouse coords: (482, 406) (28332, 45918)
2022-08-12 11:51:15.793 *** Mouse movement (LeftButton) ***  Mouse coords: (487, 410) (28341, 45925)
2022-08-12 11:51:15.810 *** Mouse movement (LeftButton) ***  Mouse coords: (491, 413) (28348, 45931)
2022-08-12 11:51:15.826 *** Mouse movement (LeftButton) ***  Mouse coords: (496, 417) (28357, 45938)
2022-08-12 11:51:15.843 *** Mouse movement (LeftButton) ***  Mouse coords: (503, 422) (28370, 45947)
2022-08-12 11:51:15.860 *** Mouse movement (LeftButton) ***  Mouse coords: (508, 426) (28379, 45954)
2022-08-12 11:51:15.876 *** Mouse movement (LeftButton) ***  Mouse coords: (527, 434) (28414, 45969)
2022-08-12 11:51:15.893 *** Mouse movement (LeftButton) ***  Mouse coords: (532, 435) (28423, 45971)
2022-08-12 11:51:15.910 *** Mouse movement (LeftButton) ***  Mouse coords: (536, 436) (28430, 45973)
2022-08-12 11:51:15.926 *** Mouse movement (LeftButton) ***  Mouse coords: (539, 438) (28436, 45976)
2022-08-12 11:51:15.943 *** Mouse movement (LeftButton) ***  Mouse coords: (542, 440) (28441, 45980)
2022-08-12 11:51:15.960 *** Mouse movement (LeftButton) ***  Mouse coords: (543, 440) (28443, 45980)
2022-08-12 11:51:15.987 *** Mouse movement (LeftButton) ***  Mouse coords: (543, 441) (28443, 45982)
2022-08-12 11:51:15.995 *** Mouse movement (LeftButton) ***  Mouse coords: (544, 441) (28445, 45982)
2022-08-12 11:51:16.032 *** Mouse movement (LeftButton) ***  Mouse coords: (544, 442) (28445, 45983)
2022-08-12 11:51:17.148 *** Interactive label *** Apply to case start.
2022-08-12 11:51:18.628 *** Mouse movement (LeftButton) ***  Mouse coords: (632, 385) (28605, 45880)
2022-08-12 11:51:18.637 *** Mouse movement (LeftButton) ***  Mouse coords: (634, 387) (28608, 45883)
2022-08-12 11:51:18.643 *** Mouse movement (LeftButton) ***  Mouse coords: (637, 393) (28614, 45894)
2022-08-12 11:51:18.660 *** Mouse movement (LeftButton) ***  Mouse coords: (645, 405) (28628, 45916)
2022-08-12 11:51:18.677 *** Mouse movement (LeftButton) ***  Mouse coords: (649, 410) (28636, 45925)
2022-08-12 11:51:18.694 *** Mouse movement (LeftButton) ***  Mouse coords: (657, 420) (28650, 45943)
2022-08-12 11:51:18.713 *** Mouse movement (LeftButton) ***  Mouse coords: (675, 439) (28683, 45978)
2022-08-12 11:51:18.727 *** Mouse movement (LeftButton) ***  Mouse coords: (683, 447) (28697, 45993)
2022-08-12 11:51:18.743 *** Mouse movement (LeftButton) ***  Mouse coords: (692, 453) (28714, 46003)
2022-08-12 11:51:18.760 *** Mouse movement (LeftButton) ***  Mouse coords: (696, 456) (28721, 46009)
2022-08-12 11:51:18.777 *** Mouse movement (LeftButton) ***  Mouse coords: (698, 457) (28725, 46011)
2022-08-12 11:51:18.793 *** Mouse movement (LeftButton) ***  Mouse coords: (698, 458) (28725, 46013)
2022-08-12 11:51:19.817 *** Interactive label *** Apply to case start.
2022-08-12 11:51:21.700 *** Interactive label *** Apply to case done.
2022-08-12 11:51:24.468 *** Interactive label *** Apply to case finish overlay create.
2022-08-12 11:51:24.472 *** Process image overlay spent 0.00 seconds.
2022-08-12 11:51:24.475 *** Get cell color spent 0.00 seconds.
2022-08-12 11:51:27.048 *** Process image overlay spent 0.00 seconds.
2022-08-12 11:51:27.054 *** Get cell color spent 0.01 seconds.
2022-08-12 11:51:27.198 *** Process image overlay spent 0.00 seconds.
2022-08-12 11:51:27.213 *** Get cell color spent 0.01 seconds.
2022-08-12 11:51:27.263 *** Process image overlay spent 0.00 seconds.
2022-08-12 11:51:27.277 *** Get cell color spent 0.01 seconds.
2022-08-12 11:51:27.697 *** Process image overlay spent 0.01 seconds.
2022-08-12 11:51:27.754 *** Get cell color spent 0.06 seconds.
2022-08-12 11:51:27.867 *** Process image overlay spent 0.00 seconds.
2022-08-12 11:51:27.910 *** Get cell color spent 0.04 seconds.
2022-08-12 11:52:33.447 *** Program closed.
