2022-10-13 20:21:37.390 *** Start program *** Start program
2022-10-13 20:21:39.067 *** Keyboard input *** key pressed: key: 16777249; text: ""
2022-10-13 20:26:13.124 *** Open case *** /media/zhihuang/Drive16/20220722_Eric_Yang
2022-10-13 20:26:35.696 *** starting thread (client mode): 0xf051f070
2022-10-13 20:26:35.696 *** Local version/idstring: SSH-2.0-paramiko_2.11.0
2022-10-13 20:26:35.720 *** Remote version/idstring: SSH-2.0-OpenSSH_5.3
2022-10-13 20:26:35.720 *** Connected (version 2.0, client OpenSSH_5.3)
2022-10-13 20:26:35.735 *** === Key exchange possibilities ===
2022-10-13 20:26:35.735 *** kex algos: diffie-hellman-group-exchange-sha256, diffie-hellman-group-exchange-sha1, diffie-hellman-group14-sha1, diffie-hellman-group1-sha1
2022-10-13 20:26:35.736 *** server key: ssh-rsa, ssh-rsa-cert-v01@openssh.com, ssh-dss
2022-10-13 20:26:35.736 *** client encrypt: aes128-ctr, aes192-ctr, aes256-ctr, arcfour256, arcfour128, aes128-cbc, 3des-cbc, blowfish-cbc, cast128-cbc, aes192-cbc, aes256-cbc, arcfour, rijndael-cbc@lysator.liu.se
2022-10-13 20:26:35.736 *** server encrypt: aes128-ctr, aes192-ctr, aes256-ctr, arcfour256, arcfour128, aes128-cbc, 3des-cbc, blowfish-cbc, cast128-cbc, aes192-cbc, aes256-cbc, arcfour, rijndael-cbc@lysator.liu.se
2022-10-13 20:26:35.736 *** client mac: hmac-md5, hmac-sha1, umac-64@openssh.com, hmac-sha2-256, hmac-sha2-512, hmac-ripemd160, hmac-ripemd160@openssh.com, hmac-sha1-96, hmac-md5-96
2022-10-13 20:26:35.736 *** server mac: hmac-md5, hmac-sha1, umac-64@openssh.com, hmac-sha2-256, hmac-sha2-512, hmac-ripemd160, hmac-ripemd160@openssh.com, hmac-sha1-96, hmac-md5-96
2022-10-13 20:26:35.736 *** client compress: none, zlib@openssh.com
2022-10-13 20:26:35.736 *** server compress: none, zlib@openssh.com
2022-10-13 20:26:35.736 *** client lang: <none>
2022-10-13 20:26:35.736 *** server lang: <none>
2022-10-13 20:26:35.736 *** kex follows: False
2022-10-13 20:26:35.736 *** === Key exchange agreements ===
2022-10-13 20:26:35.736 *** Kex: diffie-hellman-group-exchange-sha256
2022-10-13 20:26:35.736 *** HostKey: ssh-rsa
2022-10-13 20:26:35.736 *** Cipher: aes128-ctr
2022-10-13 20:26:35.736 *** MAC: hmac-sha2-256
2022-10-13 20:26:35.736 *** Compression: none
2022-10-13 20:26:35.736 *** === End of kex handshake ===
2022-10-13 20:26:35.793 *** Got server p (2048 bits)
2022-10-13 20:26:35.863 *** kex engine KexGexSHA256 specified hash_algo <built-in function openssl_sha256>
2022-10-13 20:26:35.864 *** Switch to new keys ...
2022-10-13 20:26:35.864 *** Adding ssh-rsa host key for 173.201.181.247: b'cca345f774a2d98448d0bcc78f04075d'
2022-10-13 20:26:35.936 *** userauth is OK
2022-10-13 20:26:35.956 *** Authentication (password) successful!
2022-10-13 20:26:35.957 *** [chan 0] Max packet in: 32768 bytes
2022-10-13 20:26:35.973 *** [chan 0] Max packet out: 32768 bytes
2022-10-13 20:26:35.973 *** Secsh channel 0 opened.
2022-10-13 20:26:35.990 *** [chan 0] Sesch channel 0 request ok
2022-10-13 20:26:36.008 *** [chan 0] Opened sftp connection (server version 3)
2022-10-13 20:26:36.008 *** [chan 0] stat(b'/home/b6o162rzivzp/NucFinder_DB/5C13C0941673F44C/interactive_nuclei_dict.pickle')
2022-10-13 20:26:36.024 *** [chan 0] stat(b'/home/b6o162rzivzp/NucFinder_DB/5C13C0941673F44C/model.pickle')
2022-10-13 20:26:36.040 *** [chan 0] open(b'/home/b6o162rzivzp/NucFinder_DB/5C13C0941673F44C/model.pickle', 'rb')
2022-10-13 20:26:36.057 *** [chan 0] open(b'/home/b6o162rzivzp/NucFinder_DB/5C13C0941673F44C/model.pickle', 'rb') -> 00000000
2022-10-13 20:26:36.957 *** [chan 0] close(00000000)
2022-10-13 20:26:41.403 *** Open processed data
2022-10-13 20:26:41.414 *** Preload all statistics at once.
2022-10-13 20:26:41.956 *** Nuclei stat data loaded, took 0.54 seconds. Total number of nuclei: 169921
2022-10-13 20:26:42.448 *** Interactive label *** Apply to case start.
2022-10-13 20:26:47.248 *** Mouse movement (LeftButton) ***  Mouse coords: (347, 389) (12120, 17692)
2022-10-13 20:26:47.308 *** Mouse movement (LeftButton) ***  Mouse coords: (347, 390) (12280, 17852)
2022-10-13 20:26:47.376 *** Mouse movement (LeftButton) ***  Mouse coords: (360, 416) (14360, 21852)
2022-10-13 20:26:47.395 *** Mouse movement (LeftButton) ***  Mouse coords: (363, 420) (12759, 18332)
2022-10-13 20:26:47.412 *** Mouse movement (LeftButton) ***  Mouse coords: (367, 425) (12919, 18492)
2022-10-13 20:26:47.435 *** Mouse movement (LeftButton) ***  Mouse coords: (370, 430) (12759, 18492)
2022-10-13 20:26:47.450 *** Mouse movement (LeftButton) ***  Mouse coords: (372, 433) (12599, 18172)
2022-10-13 20:26:47.466 *** Mouse movement (LeftButton) ***  Mouse coords: (376, 440) (12919, 18812)
2022-10-13 20:26:47.484 *** Mouse movement (LeftButton) ***  Mouse coords: (378, 443) (12600, 18172)
2022-10-13 20:26:47.499 *** Mouse movement (LeftButton) ***  Mouse coords: (380, 446) (12600, 18172)
2022-10-13 20:26:47.512 *** Mouse movement (LeftButton) ***  Mouse coords: (381, 449) (12440, 18172)
2022-10-13 20:26:47.528 *** Mouse movement (LeftButton) ***  Mouse coords: (383, 452) (12600, 18172)
2022-10-13 20:26:47.560 *** Mouse movement (LeftButton) ***  Mouse coords: (385, 454) (12600, 18012)
2022-10-13 20:26:49.505 *** Mouse movement (LeftButton) ***  Mouse coords: (477, 252) (15279, 22894)
2022-10-13 20:26:49.526 *** Mouse movement (LeftButton) ***  Mouse coords: (481, 260) (15347, 23013)
2022-10-13 20:26:49.543 *** Mouse movement (LeftButton) ***  Mouse coords: (489, 276) (15415, 23150)
2022-10-13 20:26:49.559 *** Mouse movement (LeftButton) ***  Mouse coords: (509, 305) (15621, 23372)
2022-10-13 20:26:49.576 *** Mouse movement (LeftButton) ***  Mouse coords: (534, 333) (15705, 23354)
2022-10-13 20:26:49.593 *** Mouse movement (LeftButton) ***  Mouse coords: (559, 357) (15706, 23287)
2022-10-13 20:26:49.609 *** Mouse movement (LeftButton) ***  Mouse coords: (594, 385) (15876, 23355)
2022-10-13 20:26:49.626 *** Mouse movement (LeftButton) ***  Mouse coords: (628, 411) (15859, 23320)
2022-10-13 20:26:49.643 *** Mouse movement (LeftButton) ***  Mouse coords: (655, 432) (15739, 23235)
2022-10-13 20:26:49.660 *** Mouse movement (LeftButton) ***  Mouse coords: (679, 451) (15689, 23202)
2022-10-13 20:26:49.676 *** Mouse movement (LeftButton) ***  Mouse coords: (692, 463) (15501, 23081)
2022-10-13 20:26:49.693 *** Mouse movement (LeftButton) ***  Mouse coords: (703, 473) (15466, 23048)
2022-10-13 20:26:49.710 *** Mouse movement (LeftButton) ***  Mouse coords: (715, 483) (15484, 23047)
2022-10-13 20:26:49.726 *** Mouse movement (LeftButton) ***  Mouse coords: (718, 486) (15330, 22929)
2022-10-13 20:26:49.743 *** Mouse movement (LeftButton) ***  Mouse coords: (719, 488) (15296, 22911)
2022-10-13 20:26:49.760 *** Mouse movement (LeftButton) ***  Mouse coords: (720, 489) (15296, 22894)
2022-10-13 20:26:51.659 *** Mouse movement (LeftButton) ***  Mouse coords: (449, 255) (11712, 15348)
2022-10-13 20:26:51.679 *** Mouse movement (LeftButton) ***  Mouse coords: (451, 258) (11764, 15453)
2022-10-13 20:26:51.693 *** Mouse movement (LeftButton) ***  Mouse coords: (467, 283) (12496, 16602)
2022-10-13 20:26:51.710 *** Mouse movement (LeftButton) ***  Mouse coords: (485, 307) (12601, 16550)
2022-10-13 20:26:51.727 *** Mouse movement (LeftButton) ***  Mouse coords: (510, 332) (12966, 16602)
2022-10-13 20:26:51.744 *** Mouse movement (LeftButton) ***  Mouse coords: (519, 340) (12130, 15714)
2022-10-13 20:26:51.761 *** Mouse movement (LeftButton) ***  Mouse coords: (524, 344) (11921, 15505)
2022-10-13 20:26:51.779 *** Mouse movement (LeftButton) ***  Mouse coords: (527, 346) (11817, 15401)
2022-10-13 20:26:51.808 *** Mouse movement (LeftButton) ***  Mouse coords: (528, 346) (11712, 15296)
2022-10-13 20:26:52.510 *** Keyboard input *** key pressed: key: 90; text: "z"
2022-10-13 20:26:52.991 *** Keyboard input *** key pressed: key: 90; text: "z"
2022-10-13 20:26:53.388 *** Keyboard input *** key pressed: key: 90; text: "z"
2022-10-13 20:26:54.245 *** Mouse movement (LeftButton) ***  Mouse coords: (479, 166) (8563, 8142)
2022-10-13 20:26:54.260 *** Mouse movement (LeftButton) ***  Mouse coords: (480, 167) (8592, 8142)
2022-10-13 20:26:54.282 *** Mouse movement (LeftButton) ***  Mouse coords: (482, 179) (8623, 8470)
2022-10-13 20:26:54.294 *** Mouse movement (LeftButton) ***  Mouse coords: (487, 198) (8712, 8679)
2022-10-13 20:26:54.311 *** Mouse movement (LeftButton) ***  Mouse coords: (494, 225) (8772, 8918)
2022-10-13 20:26:54.328 *** Mouse movement (LeftButton) ***  Mouse coords: (508, 264) (8981, 9277)
2022-10-13 20:26:54.346 *** Mouse movement (LeftButton) ***  Mouse coords: (517, 291) (8832, 8918)
2022-10-13 20:26:54.362 *** Mouse movement (LeftButton) ***  Mouse coords: (533, 332) (9041, 9336)
2022-10-13 20:26:54.377 *** Mouse movement (LeftButton) ***  Mouse coords: (548, 365) (9011, 9097)
2022-10-13 20:26:54.395 *** Mouse movement (LeftButton) ***  Mouse coords: (563, 396) (9010, 9037)
2022-10-13 20:26:54.410 *** Mouse movement (LeftButton) ***  Mouse coords: (577, 422) (8981, 8889)
2022-10-13 20:26:54.427 *** Mouse movement (LeftButton) ***  Mouse coords: (586, 436) (8832, 8530)
2022-10-13 20:26:54.448 *** Mouse movement (LeftButton) ***  Mouse coords: (597, 453) (8891, 8619)
2022-10-13 20:26:54.462 *** Mouse movement (LeftButton) ***  Mouse coords: (597, 454) (8563, 8142)
2022-10-13 20:26:55.157 *** Process image overlay spent 0.00 seconds.
2022-10-13 20:26:55.161 *** Get cell color spent 0.00 seconds.
2022-10-13 20:26:56.081 *** Process image overlay spent 0.00 seconds.
2022-10-13 20:26:56.102 *** Get cell color spent 0.02 seconds.
2022-10-13 20:26:58.866 *** Mouse movement (LeftButton) ***  Mouse coords: (770, 353) (7584, 6323)
2022-10-13 20:26:58.894 *** Mouse movement (LeftButton) ***  Mouse coords: (769, 354) (7584, 6328)
2022-10-13 20:26:58.911 *** Mouse movement (LeftButton) ***  Mouse coords: (767, 364) (7579, 6379)
2022-10-13 20:26:58.932 *** Mouse movement (LeftButton) ***  Mouse coords: (766, 378) (7585, 6401)
2022-10-13 20:26:58.967 *** Mouse movement (LeftButton) ***  Mouse coords: (764, 402) (7579, 6457)
2022-10-13 20:26:58.980 *** Mouse movement (LeftButton) ***  Mouse coords: (764, 410) (7590, 6367)
2022-10-13 20:26:59.001 *** Mouse movement (LeftButton) ***  Mouse coords: (765, 416) (7595, 6357)
2022-10-13 20:26:59.021 *** Mouse movement (LeftButton) ***  Mouse coords: (766, 421) (7596, 6351)
2022-10-13 20:26:59.042 *** Mouse movement (LeftButton) ***  Mouse coords: (767, 427) (7595, 6356)
2022-10-13 20:26:59.064 *** Mouse movement (LeftButton) ***  Mouse coords: (767, 430) (7590, 6340)
2022-10-13 20:26:59.210 *** Process image overlay spent 0.00 seconds.
2022-10-13 20:26:59.241 *** Get cell color spent 0.03 seconds.
2022-10-13 20:27:01.408 *** Mouse movement (LeftButton) ***  Mouse coords: (672, 577) (7784, 8744)
2022-10-13 20:27:01.427 *** Mouse movement (LeftButton) ***  Mouse coords: (670, 570) (7750, 8642)
2022-10-13 20:27:01.443 *** Mouse movement (LeftButton) ***  Mouse coords: (663, 552) (7665, 8454)
2022-10-13 20:27:01.460 *** Mouse movement (LeftButton) ***  Mouse coords: (654, 533) (7630, 8436)
2022-10-13 20:27:01.476 *** Mouse movement (LeftButton) ***  Mouse coords: (624, 484) (7272, 7925)
2022-10-13 20:27:01.493 *** Mouse movement (LeftButton) ***  Mouse coords: (602, 450) (7409, 8181)
2022-10-13 20:27:01.510 *** Mouse movement (LeftButton) ***  Mouse coords: (584, 425) (7477, 8335)
2022-10-13 20:27:01.526 *** Mouse movement (LeftButton) ***  Mouse coords: (562, 395) (7409, 8249)
2022-10-13 20:27:01.543 *** Mouse movement (LeftButton) ***  Mouse coords: (545, 375) (7494, 8420)
2022-10-13 20:27:01.560 *** Mouse movement (LeftButton) ***  Mouse coords: (535, 364) (7613, 8573)
2022-10-13 20:27:01.576 *** Mouse movement (LeftButton) ***  Mouse coords: (534, 363) (7767, 8744)
2022-10-13 20:27:02.188 *** Process image overlay spent 0.00 seconds.
2022-10-13 20:27:02.192 *** Get cell color spent 0.00 seconds.
2022-10-13 20:27:02.833 *** Mouse movement (LeftButton) ***  Mouse coords: (508, 291) (7770, 9150)
2022-10-13 20:27:02.860 *** Mouse movement (LeftButton) ***  Mouse coords: (511, 298) (7780, 9168)
2022-10-13 20:27:02.878 *** Mouse movement (LeftButton) ***  Mouse coords: (520, 315) (7799, 9200)
2022-10-13 20:27:02.897 *** Mouse movement (LeftButton) ***  Mouse coords: (540, 342) (7833, 9232)
2022-10-13 20:27:02.919 *** Mouse movement (LeftButton) ***  Mouse coords: (561, 366) (7837, 9222)
2022-10-13 20:27:02.931 *** Mouse movement (LeftButton) ***  Mouse coords: (569, 373) (7796, 9169)
2022-10-13 20:27:02.944 *** Mouse movement (LeftButton) ***  Mouse coords: (576, 380) (7792, 9168)
2022-10-13 20:27:02.967 *** Mouse movement (LeftButton) ***  Mouse coords: (603, 404) (7856, 9222)
2022-10-13 20:27:02.979 *** Mouse movement (LeftButton) ***  Mouse coords: (614, 412) (7805, 9172)
2022-10-13 20:27:02.994 *** Mouse movement (LeftButton) ***  Mouse coords: (626, 421) (7808, 9174)
2022-10-13 20:27:03.010 *** Mouse movement (LeftButton) ***  Mouse coords: (634, 428) (7795, 9169)
2022-10-13 20:27:03.028 *** Mouse movement (LeftButton) ***  Mouse coords: (638, 430) (7783, 9152)
2022-10-13 20:27:03.043 *** Mouse movement (LeftButton) ***  Mouse coords: (642, 433) (7783, 9156)
2022-10-13 20:27:03.045 *** Mouse movement (LeftButton) ***  Mouse coords: (643, 433) (7773, 9146)
2022-10-13 20:27:03.105 *** Process image overlay spent 0.00 seconds.
2022-10-13 20:27:03.116 *** Get cell color spent 0.01 seconds.
2022-10-13 20:27:04.505 *** Mouse movement (LeftButton) ***  Mouse coords: (739, 664) (12540, 19031)
2022-10-13 20:27:04.527 *** Mouse movement (LeftButton) ***  Mouse coords: (738, 658) (12488, 18769)
2022-10-13 20:27:04.546 *** Mouse movement (LeftButton) ***  Mouse coords: (732, 636) (12226, 17934)
2022-10-13 20:27:04.564 *** Mouse movement (LeftButton) ***  Mouse coords: (722, 608) (12018, 17620)
2022-10-13 20:27:04.581 *** Mouse movement (LeftButton) ***  Mouse coords: (711, 576) (11965, 17411)
2022-10-13 20:27:04.595 *** Mouse movement (LeftButton) ***  Mouse coords: (694, 544) (11652, 17411)
2022-10-13 20:27:04.612 *** Mouse movement (LeftButton) ***  Mouse coords: (675, 504) (11547, 16993)
2022-10-13 20:27:04.628 *** Mouse movement (LeftButton) ***  Mouse coords: (661, 479) (11809, 17777)
2022-10-13 20:27:04.644 *** Mouse movement (LeftButton) ***  Mouse coords: (654, 466) (12174, 18404)
2022-10-13 20:27:04.662 *** Mouse movement (LeftButton) ***  Mouse coords: (653, 462) (12488, 18874)
2022-10-13 20:27:04.676 *** Mouse movement (LeftButton) ***  Mouse coords: (650, 456) (12383, 18770)
2022-10-13 20:27:04.693 *** Mouse movement (LeftButton) ***  Mouse coords: (648, 452) (12436, 18874)
2022-10-13 20:27:04.710 *** Mouse movement (LeftButton) ***  Mouse coords: (645, 448) (12383, 18874)
2022-10-13 20:27:04.727 *** Mouse movement (LeftButton) ***  Mouse coords: (644, 446) (12488, 18978)
2022-10-13 20:27:04.743 *** Mouse movement (LeftButton) ***  Mouse coords: (644, 444) (12540, 18979)
2022-10-13 20:27:04.760 *** Mouse movement (LeftButton) ***  Mouse coords: (643, 444) (12487, 19083)
2022-10-13 20:27:05.551 *** Process image overlay spent 0.00 seconds.
2022-10-13 20:27:05.554 *** Get cell color spent 0.00 seconds.
2022-10-13 20:27:06.291 *** Mouse movement (LeftButton) ***  Mouse coords: (618, 250) (13150, 23330)
2022-10-13 20:27:06.310 *** Mouse movement (LeftButton) ***  Mouse coords: (622, 255) (13157, 23337)
2022-10-13 20:27:06.327 *** Mouse movement (LeftButton) ***  Mouse coords: (632, 269) (13169, 23353)
2022-10-13 20:27:06.346 *** Mouse movement (LeftButton) ***  Mouse coords: (654, 287) (13190, 23361)
2022-10-13 20:27:06.361 *** Mouse movement (LeftButton) ***  Mouse coords: (674, 300) (13186, 23352)
2022-10-13 20:27:06.377 *** Mouse movement (LeftButton) ***  Mouse coords: (700, 313) (13197, 23351)
2022-10-13 20:27:06.402 *** Mouse movement (LeftButton) ***  Mouse coords: (722, 321) (13190, 23343)
2022-10-13 20:27:06.413 *** Mouse movement (LeftButton) ***  Mouse coords: (736, 325) (13176, 23335)
2022-10-13 20:27:06.428 *** Mouse movement (LeftButton) ***  Mouse coords: (747, 328) (13170, 23334)
2022-10-13 20:27:06.444 *** Mouse movement (LeftButton) ***  Mouse coords: (750, 329) (13155, 23329)
2022-10-13 20:27:06.462 *** Mouse movement (LeftButton) ***  Mouse coords: (753, 330) (13156, 23330)
2022-10-13 20:27:06.573 *** Process image overlay spent 0.00 seconds.
2022-10-13 20:27:06.575 *** Get cell color spent 0.00 seconds.
2022-10-13 20:27:07.416 *** Interactive label *** Apply to case start.
2022-10-13 20:27:25.146 *** Mouse movement (LeftButton) ***  Mouse coords: (672, 350) (13002, 23365)
2022-10-13 20:27:25.160 *** Mouse movement (LeftButton) ***  Mouse coords: (666, 352) (13000, 23366)
2022-10-13 20:27:25.179 *** Mouse movement (LeftButton) ***  Mouse coords: (659, 357) (12999, 23372)
2022-10-13 20:27:25.207 *** Mouse movement (LeftButton) ***  Mouse coords: (654, 366) (13002, 23380)
2022-10-13 20:27:25.229 *** Mouse movement (LeftButton) ***  Mouse coords: (651, 374) (13005, 23377)
2022-10-13 20:27:25.245 *** Mouse movement (LeftButton) ***  Mouse coords: (650, 380) (13009, 23374)
2022-10-13 20:27:25.261 *** Mouse movement (LeftButton) ***  Mouse coords: (649, 384) (13009, 23370)
2022-10-13 20:27:25.277 *** Mouse movement (LeftButton) ***  Mouse coords: (649, 385) (13011, 23365)
2022-10-13 20:27:25.298 *** Mouse movement (LeftButton) ***  Mouse coords: (648, 385) (13010, 23363)
2022-10-13 20:27:25.315 *** Mouse movement (LeftButton) ***  Mouse coords: (648, 386) (13011, 23365)
2022-10-13 20:27:25.327 *** Mouse movement (LeftButton) ***  Mouse coords: (647, 387) (13009, 23365)
2022-10-13 20:27:25.344 *** Mouse movement (LeftButton) ***  Mouse coords: (646, 389) (13009, 23367)
2022-10-13 20:27:25.361 *** Mouse movement (LeftButton) ***  Mouse coords: (645, 390) (13009, 23364)
2022-10-13 20:27:25.377 *** Mouse movement (LeftButton) ***  Mouse coords: (645, 391) (13011, 23365)
2022-10-13 20:27:25.393 *** Mouse movement (LeftButton) ***  Mouse coords: (645, 392) (13011, 23365)
2022-10-13 20:27:25.498 *** Process image overlay spent 0.00 seconds.
2022-10-13 20:27:25.501 *** Get cell color spent 0.00 seconds.
2022-10-13 20:29:11.771 *** Open processed data
2022-10-13 20:29:11.772 *** Preload all statistics at once.
2022-10-13 20:29:12.134 *** Nuclei stat data loaded, took 0.36 seconds. Total number of nuclei: 110166
2022-10-13 20:29:12.423 *** Interactive label *** Apply to case start.
2022-10-13 20:29:18.267 *** Mouse movement (LeftButton) ***  Mouse coords: (812, 456) (25814, 16758)
2022-10-13 20:29:18.279 *** Mouse movement (LeftButton) ***  Mouse coords: (803, 454) (26225, 17005)
2022-10-13 20:29:18.295 *** Mouse movement (LeftButton) ***  Mouse coords: (797, 453) (26470, 17087)
2022-10-13 20:29:18.318 *** Mouse movement (LeftButton) ***  Mouse coords: (788, 451) (26225, 17005)
2022-10-13 20:29:18.332 *** Mouse movement (LeftButton) ***  Mouse coords: (781, 450) (26388, 17087)
2022-10-13 20:29:18.350 *** Mouse movement (LeftButton) ***  Mouse coords: (776, 450) (26553, 17169)
2022-10-13 20:29:18.368 *** Mouse movement (LeftButton) ***  Mouse coords: (771, 448) (26552, 17005)
2022-10-13 20:29:18.387 *** Mouse movement (LeftButton) ***  Mouse coords: (762, 446) (26225, 17004)
2022-10-13 20:29:18.403 *** Mouse movement (LeftButton) ***  Mouse coords: (758, 444) (26634, 17005)
2022-10-13 20:29:18.425 *** Mouse movement (LeftButton) ***  Mouse coords: (754, 443) (26635, 17087)
2022-10-13 20:29:18.440 *** Mouse movement (LeftButton) ***  Mouse coords: (753, 443) (26881, 17169)
2022-10-13 20:29:19.058 *** Mouse movement (LeftButton) ***  Mouse coords: (847, 498) (34678, 21683)
2022-10-13 20:29:19.078 *** Mouse movement (LeftButton) ***  Mouse coords: (847, 495) (34678, 21519)
2022-10-13 20:29:19.096 *** Mouse movement (LeftButton) ***  Mouse coords: (842, 488) (34268, 21191)
2022-10-13 20:29:19.112 *** Mouse movement (LeftButton) ***  Mouse coords: (828, 479) (33529, 21026)
2022-10-13 20:29:19.129 *** Mouse movement (LeftButton) ***  Mouse coords: (810, 469) (33200, 20944)
2022-10-13 20:29:19.147 *** Mouse movement (LeftButton) ***  Mouse coords: (790, 461) (33037, 21109)
2022-10-13 20:29:19.166 *** Mouse movement (LeftButton) ***  Mouse coords: (764, 450) (32544, 20862)
2022-10-13 20:29:19.180 *** Mouse movement (LeftButton) ***  Mouse coords: (740, 441) (32708, 21026)
2022-10-13 20:29:19.200 *** Mouse movement (LeftButton) ***  Mouse coords: (721, 432) (33119, 21026)
2022-10-13 20:29:19.214 *** Mouse movement (LeftButton) ***  Mouse coords: (709, 426) (33693, 21273)
2022-10-13 20:29:19.230 *** Mouse movement (LeftButton) ***  Mouse coords: (704, 423) (34267, 21519)
2022-10-13 20:29:19.249 *** Mouse movement (LeftButton) ***  Mouse coords: (698, 420) (34186, 21519)
2022-10-13 20:29:19.264 *** Mouse movement (LeftButton) ***  Mouse coords: (694, 418) (34350, 21600)
2022-10-13 20:29:19.279 *** Mouse movement (LeftButton) ***  Mouse coords: (691, 416) (34432, 21601)
2022-10-13 20:29:19.298 *** Mouse movement (LeftButton) ***  Mouse coords: (688, 415) (34431, 21683)
2022-10-13 20:29:19.327 *** Mouse movement (LeftButton) ***  Mouse coords: (685, 413) (34432, 21601)
2022-10-13 20:29:19.347 *** Mouse movement (LeftButton) ***  Mouse coords: (684, 413) (34596, 21765)
2022-10-13 20:29:20.544 *** Mouse movement (LeftButton) ***  Mouse coords: (922, 448) (54212, 24638)
2022-10-13 20:29:20.564 *** Mouse movement (LeftButton) ***  Mouse coords: (917, 449) (53801, 24638)
2022-10-13 20:29:20.588 *** Mouse movement (LeftButton) ***  Mouse coords: (907, 449) (53391, 24556)
2022-10-13 20:29:20.618 *** Mouse movement (LeftButton) ***  Mouse coords: (894, 450) (53145, 24638)
2022-10-13 20:29:20.654 *** Mouse movement (LeftButton) ***  Mouse coords: (892, 450) (54048, 24556)
2022-10-13 20:29:20.695 *** Mouse movement (LeftButton) ***  Mouse coords: (889, 450) (53966, 24556)
2022-10-13 20:29:20.734 *** Mouse movement (LeftButton) ***  Mouse coords: (888, 450) (54130, 24556)
2022-10-13 20:29:23.469 *** Process image overlay spent 0.00 seconds.
2022-10-13 20:29:23.471 *** Get cell color spent 0.00 seconds.
2022-10-13 20:29:25.117 *** Open processed data
2022-10-13 20:29:25.118 *** Preload all statistics at once.
2022-10-13 20:29:28.645 *** Nuclei stat data loaded, took 3.53 seconds. Total number of nuclei: 1142755
2022-10-13 20:29:32.065 *** Interactive label *** Apply to case start.
2022-10-13 20:30:12.446 *** Program closed.
2022-10-13 20:30:12.563 *** EOF in transport thread
