2022-09-09 19:58:32.309 *** Start program *** Start program
2022-09-09 19:58:44.131 *** Open case *** /home/zhihuang/Desktop/A14
2022-09-09 19:58:46.406 *** Open processed data
2022-09-09 19:58:46.407 *** Preload all statistics at once.
2022-09-09 19:58:47.572 *** Nuclei stat data loaded, took 1.17 seconds. Total number of nuclei: 1470268
2022-09-09 19:59:37.225 *** Mouse movement (LeftButton) ***  Mouse coords: (903, 207) (120004, 15887)
2022-09-09 19:59:37.251 *** Mouse movement (LeftButton) ***  Mouse coords: (901, 209) (119684, 16047)
2022-09-09 19:59:37.284 *** Mouse movement (LeftButton) ***  Mouse coords: (896, 215) (119204, 16686)
2022-09-09 19:59:37.300 *** Mouse movement (LeftButton) ***  Mouse coords: (885, 226) (118243, 17486)
2022-09-09 19:59:37.317 *** Mouse movement (LeftButton) ***  Mouse coords: (870, 241) (117604, 18127)
2022-09-09 19:59:37.334 *** Mouse movement (LeftButton) ***  Mouse coords: (850, 264) (116803, 19407)
2022-09-09 19:59:37.350 *** Mouse movement (LeftButton) ***  Mouse coords: (839, 275) (118244, 17487)
2022-09-09 19:59:37.367 *** Mouse movement (LeftButton) ***  Mouse coords: (829, 287) (118404, 17647)
2022-09-09 19:59:57.172 *** starting thread (client mode): 0x84fc0f70
2022-09-09 19:59:57.172 *** Local version/idstring: SSH-2.0-paramiko_2.11.0
2022-09-09 19:59:59.173 *** Remote version/idstring: SSH-2.0-OpenSSH_5.3
2022-09-09 19:59:59.173 *** Connected (version 2.0, client OpenSSH_5.3)
2022-09-09 20:00:01.162 *** === Key exchange possibilities ===
2022-09-09 20:00:01.162 *** kex algos: diffie-hellman-group-exchange-sha256, diffie-hellman-group-exchange-sha1, diffie-hellman-group14-sha1, diffie-hellman-group1-sha1
2022-09-09 20:00:01.162 *** server key: ssh-rsa, ssh-rsa-cert-v01@openssh.com, ssh-dss
2022-09-09 20:00:01.162 *** client encrypt: aes128-ctr, aes192-ctr, aes256-ctr, arcfour256, arcfour128, aes128-cbc, 3des-cbc, blowfish-cbc, cast128-cbc, aes192-cbc, aes256-cbc, arcfour, rijndael-cbc@lysator.liu.se
2022-09-09 20:00:01.163 *** server encrypt: aes128-ctr, aes192-ctr, aes256-ctr, arcfour256, arcfour128, aes128-cbc, 3des-cbc, blowfish-cbc, cast128-cbc, aes192-cbc, aes256-cbc, arcfour, rijndael-cbc@lysator.liu.se
2022-09-09 20:00:01.163 *** client mac: hmac-md5, hmac-sha1, umac-64@openssh.com, hmac-sha2-256, hmac-sha2-512, hmac-ripemd160, hmac-ripemd160@openssh.com, hmac-sha1-96, hmac-md5-96
2022-09-09 20:00:01.163 *** server mac: hmac-md5, hmac-sha1, umac-64@openssh.com, hmac-sha2-256, hmac-sha2-512, hmac-ripemd160, hmac-ripemd160@openssh.com, hmac-sha1-96, hmac-md5-96
2022-09-09 20:00:01.163 *** client compress: none, zlib@openssh.com
2022-09-09 20:00:01.163 *** server compress: none, zlib@openssh.com
2022-09-09 20:00:01.163 *** client lang: <none>
2022-09-09 20:00:01.163 *** server lang: <none>
2022-09-09 20:00:01.164 *** kex follows: False
2022-09-09 20:00:01.164 *** === Key exchange agreements ===
2022-09-09 20:00:01.164 *** Kex: diffie-hellman-group-exchange-sha256
2022-09-09 20:00:01.164 *** HostKey: ssh-rsa
2022-09-09 20:00:01.164 *** Cipher: aes128-ctr
2022-09-09 20:00:01.164 *** MAC: hmac-sha2-256
2022-09-09 20:00:01.165 *** Compression: none
2022-09-09 20:00:01.165 *** === End of kex handshake ===
2022-09-09 20:00:03.140 *** Got server p (2048 bits)
2022-09-09 20:00:04.893 *** kex engine KexGexSHA256 specified hash_algo <built-in function openssl_sha256>
2022-09-09 20:00:04.893 *** Switch to new keys ...
2022-09-09 20:00:04.894 *** Adding ssh-rsa host key for 173.201.181.247: b'cca345f774a2d98448d0bcc78f04075d'
2022-09-09 20:00:08.595 *** userauth is OK
2022-09-09 20:00:14.510 *** Authentication (password) successful!
2022-09-09 20:00:14.512 *** [chan 0] Max packet in: 32768 bytes
2022-09-09 20:00:16.620 *** [chan 0] Max packet out: 32768 bytes
2022-09-09 20:00:16.621 *** Secsh channel 0 opened.
2022-09-09 20:00:22.792 *** [chan 0] Sesch channel 0 request ok
2022-09-09 20:00:24.825 *** [chan 0] Opened sftp connection (server version 3)
2022-09-09 20:00:24.825 *** [chan 0] stat(b'/home/b6o162rzivzp/NucFinder_DB/CFB1B411265361DF/interactive_nuclei_dict.pickle')
2022-09-09 20:00:30.502 *** [chan 0] stat(b'/home/b6o162rzivzp/NucFinder_DB/CFB1B411265361DF/model.pickle')
2022-09-09 20:00:32.208 *** [chan 0] open(b'/home/b6o162rzivzp/NucFinder_DB/CFB1B411265361DF/model.pickle', 'rb')
2022-09-09 20:00:34.006 *** [chan 0] open(b'/home/b6o162rzivzp/NucFinder_DB/CFB1B411265361DF/model.pickle', 'rb') -> 00000000
2022-09-09 20:01:16.161 *** [chan 0] close(00000000)
2022-09-09 20:01:18.170 *** Interactive label *** Apply to case start.
2022-09-09 20:01:22.294 *** Interactive label *** Apply to case done.
2022-09-09 20:01:24.724 *** Interactive label *** Apply to case finish overlay create.
2022-09-09 20:01:24.727 *** Mouse movement (LeftButton) ***  Mouse coords: (808, 310) (116644, 19407)
2022-09-09 20:01:24.729 *** Mouse movement (LeftButton) ***  Mouse coords: (721, 556) (97444, 69807)
2022-09-09 20:01:24.731 *** Mouse movement (LeftButton) ***  Mouse coords: (655, 546) (70083, 51087)
2022-09-09 20:01:26.755 *** Interactive label *** Review annotations/active learning start.
2022-09-09 20:03:43.628 *** Program closed.
2022-09-09 20:03:43.691 *** EOF in transport thread
