2022-09-02 01:41:41.277 *** Start program *** Start program
2022-09-02 01:41:55.079 *** User Login *** id=640475916; email=zhihuang@stanford.edu; firstname=Zhi; lastname=Huang.
2022-09-02 01:41:59.692 *** Open case *** /Applications/XAMPP/xamppfiles/htdocs/20220722_Eric_Yang
2022-09-02 01:42:02.718 *** Open processed data
2022-09-02 01:42:02.720 *** Preload all statistics at once.
2022-09-02 01:42:03.638 *** Nuclei stat data loaded, took 0.92 seconds. Total number of nuclei: 843996
2022-09-02 01:42:20.455 *** Interactive label *** (double click) click on screen. screen: (1022, 425); slide: (98886, 34554). case_id: 20220722_Eric_Yang, slide_id: 3BNI3N_44662.svs, Nuclei index selected: 431000
2022-09-02 01:42:20.758 *** Interactive label *** Apply to case start.
2022-09-02 01:42:22.801 *** Interactive label *** (double click) click on screen. screen: (853, 255); slide: (98665, 34332). case_id: 20220722_Eric_Yang, slide_id: 3BNI3N_44662.svs, Nuclei index selected: 430260
2022-09-02 01:42:23.082 *** Interactive label *** Apply to case start.
2022-09-02 01:42:25.927 *** Interactive label *** Apply to case done.
2022-09-02 01:42:26.089 *** Interactive label *** Apply to case finish overlay create.
2022-09-02 01:42:29.144 *** Interactive label: Sync start.
2022-09-02 01:42:29.173 *** starting thread (client mode): 0xb22b2220
2022-09-02 01:42:29.173 *** Local version/idstring: SSH-2.0-paramiko_2.11.0
2022-09-02 01:42:29.199 *** Remote version/idstring: SSH-2.0-OpenSSH_5.3
2022-09-02 01:42:29.199 *** Connected (version 2.0, client OpenSSH_5.3)
2022-09-02 01:42:29.222 *** === Key exchange possibilities ===
2022-09-02 01:42:29.222 *** kex algos: diffie-hellman-group-exchange-sha256, diffie-hellman-group-exchange-sha1, diffie-hellman-group14-sha1, diffie-hellman-group1-sha1
2022-09-02 01:42:29.222 *** server key: ssh-rsa, ssh-rsa-cert-v01@openssh.com, ssh-dss
2022-09-02 01:42:29.222 *** client encrypt: aes128-ctr, aes192-ctr, aes256-ctr, arcfour256, arcfour128, aes128-cbc, 3des-cbc, blowfish-cbc, cast128-cbc, aes192-cbc, aes256-cbc, arcfour, rijndael-cbc@lysator.liu.se
2022-09-02 01:42:29.222 *** server encrypt: aes128-ctr, aes192-ctr, aes256-ctr, arcfour256, arcfour128, aes128-cbc, 3des-cbc, blowfish-cbc, cast128-cbc, aes192-cbc, aes256-cbc, arcfour, rijndael-cbc@lysator.liu.se
2022-09-02 01:42:29.222 *** client mac: hmac-md5, hmac-sha1, umac-64@openssh.com, hmac-sha2-256, hmac-sha2-512, hmac-ripemd160, hmac-ripemd160@openssh.com, hmac-sha1-96, hmac-md5-96
2022-09-02 01:42:29.222 *** server mac: hmac-md5, hmac-sha1, umac-64@openssh.com, hmac-sha2-256, hmac-sha2-512, hmac-ripemd160, hmac-ripemd160@openssh.com, hmac-sha1-96, hmac-md5-96
2022-09-02 01:42:29.222 *** client compress: none, zlib@openssh.com
2022-09-02 01:42:29.222 *** server compress: none, zlib@openssh.com
2022-09-02 01:42:29.222 *** client lang: <none>
2022-09-02 01:42:29.222 *** server lang: <none>
2022-09-02 01:42:29.222 *** kex follows: False
2022-09-02 01:42:29.222 *** === Key exchange agreements ===
2022-09-02 01:42:29.222 *** Kex: diffie-hellman-group-exchange-sha256
2022-09-02 01:42:29.222 *** HostKey: ssh-rsa
2022-09-02 01:42:29.222 *** Cipher: aes128-ctr
2022-09-02 01:42:29.222 *** MAC: hmac-sha2-256
2022-09-02 01:42:29.222 *** Compression: none
2022-09-02 01:42:29.222 *** === End of kex handshake ===
2022-09-02 01:42:29.287 *** Got server p (2048 bits)
2022-09-02 01:42:29.381 *** kex engine KexGexSHA256 specified hash_algo <built-in function openssl_sha256>
2022-09-02 01:42:29.381 *** Switch to new keys ...
2022-09-02 01:42:29.382 *** Adding ssh-rsa host key for 173.201.181.247: b'cca345f774a2d98448d0bcc78f04075d'
2022-09-02 01:42:29.461 *** userauth is OK
2022-09-02 01:42:29.487 *** Authentication (password) successful!
2022-09-02 01:42:29.488 *** [chan 0] Max packet in: 32768 bytes
2022-09-02 01:42:29.510 *** [chan 0] Max packet out: 32768 bytes
2022-09-02 01:42:29.510 *** Secsh channel 0 opened.
2022-09-02 01:42:29.533 *** [chan 0] Sesch channel 0 request ok
2022-09-02 01:42:29.537 *** [chan 0] EOF received (0)
2022-09-02 01:42:29.537 *** [chan 1] Max packet in: 32768 bytes
2022-09-02 01:42:29.538 *** [chan 0] EOF sent (0)
2022-09-02 01:42:29.558 *** [chan 1] Max packet out: 32768 bytes
2022-09-02 01:42:29.559 *** Secsh channel 1 opened.
2022-09-02 01:42:29.643 *** [chan 1] Sesch channel 1 request ok
2022-09-02 01:42:29.666 *** [chan 1] Opened sftp connection (server version 3)
2022-09-02 01:42:29.668 *** [chan 1] open(b'/home/b6o162rzivzp/NucFinder_DB/837EEA24EE078DF3/interactive_nuclei_dict.pickle', 'wb')
2022-09-02 01:42:29.691 *** [chan 1] open(b'/home/b6o162rzivzp/NucFinder_DB/837EEA24EE078DF3/interactive_nuclei_dict.pickle', 'wb') -> 00000000
2022-09-02 01:42:29.693 *** [chan 1] close(00000000)
2022-09-02 01:42:29.735 *** [chan 1] stat(b'/home/b6o162rzivzp/NucFinder_DB/837EEA24EE078DF3/interactive_nuclei_dict.pickle')
2022-09-02 01:42:29.759 *** [chan 1] sftp session closed.
2022-09-02 01:42:29.760 *** [chan 1] EOF sent (1)
2022-09-02 01:42:29.860 *** EOF in transport thread
2022-09-02 01:42:32.366 *** Mouse movement (LeftButton) ***  Mouse coords: (1044, 540) (98915, 34704)
2022-09-02 01:42:32.414 *** Mouse movement (LeftButton) ***  Mouse coords: (1032, 543) (98899, 34708)
2022-09-02 01:42:32.443 *** Mouse movement (LeftButton) ***  Mouse coords: (1012, 554) (98889, 34719)
2022-09-02 01:42:32.481 *** Mouse movement (LeftButton) ***  Mouse coords: (1004, 557) (98905, 34708)
2022-09-02 01:42:32.509 *** Mouse movement (LeftButton) ***  Mouse coords: (994, 559) (98901, 34706)
2022-09-02 01:42:32.557 *** Mouse movement (LeftButton) ***  Mouse coords: (992, 559) (98913, 34704)
2022-09-02 01:42:32.579 *** Mouse movement (LeftButton) ***  Mouse coords: (992, 560) (98915, 34705)
2022-09-02 01:42:32.626 *** Mouse movement (LeftButton) ***  Mouse coords: (992, 560) (98915, 34704)
2022-09-02 01:42:32.650 *** Mouse movement (LeftButton) ***  Mouse coords: (991, 560) (98914, 34704)
2022-09-02 01:42:37.199 *** Mouse movement (LeftButton) ***  Mouse coords: (599, 355) (98905, 34449)
2022-09-02 01:42:37.237 *** Mouse movement (LeftButton) ***  Mouse coords: (609, 359) (98918, 34454)
2022-09-02 01:42:37.258 *** Mouse movement (LeftButton) ***  Mouse coords: (618, 364) (98929, 34460)
2022-09-02 01:42:37.276 *** Mouse movement (LeftButton) ***  Mouse coords: (654, 391) (98976, 34496)
2022-09-02 01:42:37.294 *** Mouse movement (LeftButton) ***  Mouse coords: (672, 407) (99000, 34517)
2022-09-02 01:42:37.313 *** Mouse movement (LeftButton) ***  Mouse coords: (690, 422) (99023, 34536)
2022-09-02 01:42:37.331 *** Mouse movement (LeftButton) ***  Mouse coords: (699, 429) (99035, 34545)
2022-09-02 01:42:37.350 *** Mouse movement (LeftButton) ***  Mouse coords: (705, 435) (99043, 34553)
2022-09-02 01:42:37.367 *** Mouse movement (LeftButton) ***  Mouse coords: (707, 436) (99045, 34554)
2022-09-02 01:42:37.385 *** Mouse movement (LeftButton) ***  Mouse coords: (709, 438) (99048, 34557)
2022-09-02 01:42:37.407 *** Mouse movement (LeftButton) ***  Mouse coords: (710, 438) (99049, 34557)
2022-09-02 01:42:37.424 *** Mouse movement (LeftButton) ***  Mouse coords: (710, 438) (99049, 34557)
2022-09-02 01:42:37.440 *** Mouse movement (LeftButton) ***  Mouse coords: (713, 439) (99053, 34558)
2022-09-02 01:42:37.460 *** Mouse movement (LeftButton) ***  Mouse coords: (716, 439) (99057, 34558)
2022-09-02 01:42:37.478 *** Mouse movement (LeftButton) ***  Mouse coords: (721, 441) (99064, 34561)
2022-09-02 01:42:37.498 *** Mouse movement (LeftButton) ***  Mouse coords: (725, 443) (99069, 34563)
2022-09-02 01:42:37.515 *** Mouse movement (LeftButton) ***  Mouse coords: (727, 444) (99072, 34565)
2022-09-02 01:42:37.533 *** Mouse movement (LeftButton) ***  Mouse coords: (729, 445) (99074, 34566)
2022-09-02 01:42:37.551 *** Mouse movement (LeftButton) ***  Mouse coords: (730, 445) (99075, 34566)
2022-09-02 01:42:37.569 *** Mouse movement (LeftButton) ***  Mouse coords: (731, 445) (99077, 34566)
2022-09-02 01:42:38.850 *** Interactive label *** Apply to case start.
2022-09-02 01:42:41.663 *** Interactive label *** Apply to case done.
2022-09-02 01:42:44.456 *** Interactive label *** Apply to case finish overlay create.
2022-09-02 01:42:49.926 *** Program closed.
