2022-09-02 16:03:41.932 *** Start program *** Start program
2022-09-02 16:03:50.248 *** starting thread (client mode): 0xccfd0
2022-09-02 16:03:50.249 *** Local version/idstring: SSH-2.0-paramiko_2.11.0
2022-09-02 16:03:50.273 *** Remote version/idstring: SSH-2.0-OpenSSH_5.3
2022-09-02 16:03:50.273 *** Connected (version 2.0, client OpenSSH_5.3)
2022-09-02 16:03:50.294 *** === Key exchange possibilities ===
2022-09-02 16:03:50.295 *** kex algos: diffie-hellman-group-exchange-sha256, diffie-hellman-group-exchange-sha1, diffie-hellman-group14-sha1, diffie-hellman-group1-sha1
2022-09-02 16:03:50.295 *** server key: ssh-rsa, ssh-rsa-cert-v01@openssh.com, ssh-dss
2022-09-02 16:03:50.296 *** client encrypt: aes128-ctr, aes192-ctr, aes256-ctr, arcfour256, arcfour128, aes128-cbc, 3des-cbc, blowfish-cbc, cast128-cbc, aes192-cbc, aes256-cbc, arcfour, rijndael-cbc@lysator.liu.se
2022-09-02 16:03:50.296 *** server encrypt: aes128-ctr, aes192-ctr, aes256-ctr, arcfour256, arcfour128, aes128-cbc, 3des-cbc, blowfish-cbc, cast128-cbc, aes192-cbc, aes256-cbc, arcfour, rijndael-cbc@lysator.liu.se
2022-09-02 16:03:50.296 *** client mac: hmac-md5, hmac-sha1, umac-64@openssh.com, hmac-sha2-256, hmac-sha2-512, hmac-ripemd160, hmac-ripemd160@openssh.com, hmac-sha1-96, hmac-md5-96
2022-09-02 16:03:50.296 *** server mac: hmac-md5, hmac-sha1, umac-64@openssh.com, hmac-sha2-256, hmac-sha2-512, hmac-ripemd160, hmac-ripemd160@openssh.com, hmac-sha1-96, hmac-md5-96
2022-09-02 16:03:50.296 *** client compress: none, zlib@openssh.com
2022-09-02 16:03:50.296 *** server compress: none, zlib@openssh.com
2022-09-02 16:03:50.296 *** client lang: <none>
2022-09-02 16:03:50.296 *** server lang: <none>
2022-09-02 16:03:50.297 *** kex follows: False
2022-09-02 16:03:50.297 *** === Key exchange agreements ===
2022-09-02 16:03:50.297 *** Kex: diffie-hellman-group-exchange-sha256
2022-09-02 16:03:50.297 *** HostKey: ssh-rsa
2022-09-02 16:03:50.298 *** Cipher: aes128-ctr
2022-09-02 16:03:50.298 *** MAC: hmac-sha2-256
2022-09-02 16:03:50.298 *** Compression: none
2022-09-02 16:03:50.298 *** === End of kex handshake ===
2022-09-02 16:03:50.357 *** Got server p (2048 bits)
2022-09-02 16:03:50.459 *** kex engine KexGexSHA256 specified hash_algo <built-in function openssl_sha256>
2022-09-02 16:03:50.459 *** Switch to new keys ...
2022-09-02 16:03:50.460 *** Adding ssh-rsa host key for 173.201.181.247: b'cca345f774a2d98448d0bcc78f04075d'
2022-09-02 16:03:50.538 *** userauth is OK
2022-09-02 16:03:50.563 *** Authentication (password) successful!
2022-09-02 16:03:50.564 *** [chan 0] Max packet in: 32768 bytes
2022-09-02 16:03:50.584 *** [chan 0] Max packet out: 32768 bytes
2022-09-02 16:03:50.584 *** Secsh channel 0 opened.
2022-09-02 16:03:50.605 *** [chan 0] Sesch channel 0 request ok
2022-09-02 16:03:50.626 *** [chan 0] Opened sftp connection (server version 3)
2022-09-02 16:03:50.626 *** [chan 0] stat(b'/home/b6o162rzivzp/NucFinder_DB/EC5C572DE4D27153/interactive_nuclei_dict.pickle')
2022-09-02 16:03:50.647 *** [chan 0] stat(b'/home/b6o162rzivzp/NucFinder_DB/EC5C572DE4D27153/model.pickle')
2022-09-02 16:03:50.667 *** [chan 0] open(b'/home/b6o162rzivzp/NucFinder_DB/EC5C572DE4D27153/model.pickle', 'rb')
2022-09-02 16:03:50.688 *** [chan 0] open(b'/home/b6o162rzivzp/NucFinder_DB/EC5C572DE4D27153/model.pickle', 'rb') -> 00000000
2022-09-02 16:03:50.750 *** [chan 0] close(00000000)
2022-09-02 16:04:01.175 *** Program closed.
2022-09-02 16:04:01.187 *** EOF in transport thread
