2022-09-02 01:37:17.847 *** Start program *** Start program
2022-09-02 01:37:21.837 *** Open case *** /Applications/XAMPP/xamppfiles/htdocs/20220722_Eric_Yang
2022-09-02 01:37:25.495 *** Open processed data
2022-09-02 01:37:25.496 *** Preload all statistics at once.
2022-09-02 01:37:26.436 *** Nuclei stat data loaded, took 0.94 seconds. Total number of nuclei: 843996
2022-09-02 01:37:37.296 *** User Login *** id=640475916; email=zhihuang@stanford.edu; firstname=Zhi; lastname=Huang.
2022-09-02 01:37:42.194 *** Mouse movement (LeftButton) ***  Mouse coords: (560, 314) (82547, 22779)
2022-09-02 01:37:48.136 *** Mouse movement (LeftButton) ***  Mouse coords: (736, 321) (82778, 22749)
2022-09-02 01:37:48.285 *** Interactive label *** (double click) click on screen. screen: (736, 322); slide: (82778, 22749). case_id: 20220722_Eric_Yang, slide_id: 3BNI3N_44662.svs, Nuclei index selected: 213845
2022-09-02 01:37:48.561 *** Interactive label *** Apply to case start.
2022-09-02 01:37:49.659 *** Interactive label *** (double click) click on screen. screen: (831, 408); slide: (82864, 22827). case_id: 20220722_Eric_Yang, slide_id: 3BNI3N_44662.svs, Nuclei index selected: 210266
2022-09-02 01:37:49.954 *** Interactive label *** Apply to case start.
2022-09-02 01:37:52.160 *** Mouse movement (LeftButton) ***  Mouse coords: (1062, 221) (83073, 22658)
2022-09-02 01:37:52.415 *** Interactive label *** (double click) click on screen. screen: (1062, 221); slide: (83073, 22658). case_id: 20220722_Eric_Yang, slide_id: 3BNI3N_44662.svs, Nuclei index selected: 210885
2022-09-02 01:37:52.689 *** Interactive label *** Apply to case start.
2022-09-02 01:37:55.495 *** Interactive label *** Apply to case done.
2022-09-02 01:37:55.661 *** Interactive label *** Apply to case finish overlay create.
2022-09-02 01:38:00.827 *** Interactive label: Sync start.
2022-09-02 01:38:00.859 *** starting thread (client mode): 0xb7a939a0
2022-09-02 01:38:00.859 *** Local version/idstring: SSH-2.0-paramiko_2.11.0
2022-09-02 01:38:00.890 *** Remote version/idstring: SSH-2.0-OpenSSH_5.3
2022-09-02 01:38:00.890 *** Connected (version 2.0, client OpenSSH_5.3)
2022-09-02 01:38:00.912 *** === Key exchange possibilities ===
2022-09-02 01:38:00.912 *** kex algos: diffie-hellman-group-exchange-sha256, diffie-hellman-group-exchange-sha1, diffie-hellman-group14-sha1, diffie-hellman-group1-sha1
2022-09-02 01:38:00.912 *** server key: ssh-rsa, ssh-rsa-cert-v01@openssh.com, ssh-dss
2022-09-02 01:38:00.912 *** client encrypt: aes128-ctr, aes192-ctr, aes256-ctr, arcfour256, arcfour128, aes128-cbc, 3des-cbc, blowfish-cbc, cast128-cbc, aes192-cbc, aes256-cbc, arcfour, rijndael-cbc@lysator.liu.se
2022-09-02 01:38:00.912 *** server encrypt: aes128-ctr, aes192-ctr, aes256-ctr, arcfour256, arcfour128, aes128-cbc, 3des-cbc, blowfish-cbc, cast128-cbc, aes192-cbc, aes256-cbc, arcfour, rijndael-cbc@lysator.liu.se
2022-09-02 01:38:00.912 *** client mac: hmac-md5, hmac-sha1, umac-64@openssh.com, hmac-sha2-256, hmac-sha2-512, hmac-ripemd160, hmac-ripemd160@openssh.com, hmac-sha1-96, hmac-md5-96
2022-09-02 01:38:00.912 *** server mac: hmac-md5, hmac-sha1, umac-64@openssh.com, hmac-sha2-256, hmac-sha2-512, hmac-ripemd160, hmac-ripemd160@openssh.com, hmac-sha1-96, hmac-md5-96
2022-09-02 01:38:00.912 *** client compress: none, zlib@openssh.com
2022-09-02 01:38:00.912 *** server compress: none, zlib@openssh.com
2022-09-02 01:38:00.912 *** client lang: <none>
2022-09-02 01:38:00.912 *** server lang: <none>
2022-09-02 01:38:00.912 *** kex follows: False
2022-09-02 01:38:00.912 *** === Key exchange agreements ===
2022-09-02 01:38:00.913 *** Kex: diffie-hellman-group-exchange-sha256
2022-09-02 01:38:00.913 *** HostKey: ssh-rsa
2022-09-02 01:38:00.913 *** Cipher: aes128-ctr
2022-09-02 01:38:00.913 *** MAC: hmac-sha2-256
2022-09-02 01:38:00.913 *** Compression: none
2022-09-02 01:38:00.913 *** === End of kex handshake ===
2022-09-02 01:38:00.975 *** Got server p (2048 bits)
2022-09-02 01:38:01.067 *** kex engine KexGexSHA256 specified hash_algo <built-in function openssl_sha256>
2022-09-02 01:38:01.067 *** Switch to new keys ...
2022-09-02 01:38:01.068 *** Adding ssh-rsa host key for 173.201.181.247: b'cca345f774a2d98448d0bcc78f04075d'
2022-09-02 01:38:01.150 *** userauth is OK
2022-09-02 01:38:01.177 *** Authentication (password) successful!
2022-09-02 01:38:01.179 *** [chan 0] Max packet in: 32768 bytes
2022-09-02 01:38:01.201 *** [chan 0] Max packet out: 32768 bytes
2022-09-02 01:38:01.201 *** Secsh channel 0 opened.
2022-09-02 01:38:01.233 *** [chan 0] Sesch channel 0 request ok
2022-09-02 01:38:01.241 *** [chan 0] EOF received (0)
2022-09-02 01:38:01.242 *** [chan 1] Max packet in: 32768 bytes
2022-09-02 01:38:01.242 *** [chan 0] EOF sent (0)
2022-09-02 01:38:01.263 *** [chan 1] Max packet out: 32768 bytes
2022-09-02 01:38:01.263 *** Secsh channel 1 opened.
2022-09-02 01:38:01.347 *** [chan 1] Sesch channel 1 request ok
2022-09-02 01:38:01.370 *** [chan 1] Opened sftp connection (server version 3)
2022-09-02 01:38:01.371 *** [chan 1] open(b'/home/b6o162rzivzp/NucFinder_DB/CF7E580AFD4F621F/interactive_nuclei_dict.pickle', 'wb')
2022-09-02 01:38:01.393 *** [chan 1] open(b'/home/b6o162rzivzp/NucFinder_DB/CF7E580AFD4F621F/interactive_nuclei_dict.pickle', 'wb') -> 00000000
2022-09-02 01:38:01.395 *** [chan 1] close(00000000)
2022-09-02 01:38:01.436 *** [chan 1] stat(b'/home/b6o162rzivzp/NucFinder_DB/CF7E580AFD4F621F/interactive_nuclei_dict.pickle')
2022-09-02 01:38:01.460 *** [chan 1] sftp session closed.
2022-09-02 01:38:01.460 *** [chan 1] EOF sent (1)
2022-09-02 01:38:01.560 *** EOF in transport thread
2022-09-02 01:38:17.552 *** Program closed.
