2022-08-11 13:31:33.529 *** Start program *** Start program
2022-08-11 13:31:43.254 *** Open case *** /media/zhihuang/Drive14/Google_Colon_lnm_pos_2015_slides/slides/S1054
2022-08-11 13:31:45.285 *** Open processed data
2022-08-11 13:31:45.286 *** Preload all statistics at once.
2022-08-11 13:31:45.519 *** Nuclei stat data loaded, took 0.23 seconds. Total number of nuclei: 230851
2022-08-11 13:31:50.140 *** Mouse movement (LeftButton) ***  Mouse coords: (717, 246) (68804, 54058)
2022-08-11 13:31:50.173 *** Mouse movement (LeftButton) ***  Mouse coords: (704, 262) (68599, 54314)
2022-08-11 13:31:50.193 *** Mouse movement (LeftButton) ***  Mouse coords: (688, 276) (68548, 54280)
2022-08-11 13:31:50.206 *** Mouse movement (LeftButton) ***  Mouse coords: (682, 281) (68719, 54126)
2022-08-11 13:31:50.223 *** Mouse movement (LeftButton) ***  Mouse coords: (654, 301) (68343, 54382)
2022-08-11 13:31:50.240 *** Mouse movement (LeftButton) ***  Mouse coords: (645, 310) (68668, 54195)
2022-08-11 13:31:50.256 *** Mouse movement (LeftButton) ***  Mouse coords: (642, 312) (68769, 54075)
2022-08-11 13:31:50.628 *** Process image overlay spent 0.00 seconds.
2022-08-11 13:31:50.649 *** Get cell color spent 0.02 seconds.
2022-08-11 13:31:50.830 *** Process image overlay spent 0.00 seconds.
2022-08-11 13:31:50.850 *** Get cell color spent 0.02 seconds.
2022-08-11 13:31:58.391 *** Process image overlay spent 0.00 seconds.
2022-08-11 13:31:58.400 *** Get cell color spent 0.01 seconds.
2022-08-11 13:31:58.511 *** Process image overlay spent 0.00 seconds.
2022-08-11 13:31:58.514 *** Get cell color spent 0.00 seconds.
2022-08-11 13:31:58.583 *** Process image overlay spent 0.00 seconds.
2022-08-11 13:31:58.586 *** Get cell color spent 0.00 seconds.
2022-08-11 13:31:58.776 *** Process image overlay spent 0.00 seconds.
2022-08-11 13:31:58.777 *** Get cell color spent 0.00 seconds.
2022-08-11 13:31:58.902 *** Process image overlay spent 0.00 seconds.
2022-08-11 13:31:58.903 *** Get cell color spent 0.00 seconds.
2022-08-11 13:32:21.105 *** Program closed.
