2022-09-30 22:07:35.975 *** Start program *** Start program
2022-09-30 22:07:41.639 *** Open case *** /Applications/XAMPP/xamppfiles/htdocs/20220722_Eric_Yang
2022-09-30 22:07:45.290 *** Open processed data
2022-09-30 22:07:45.291 *** Preload all statistics at once.
2022-09-30 22:07:46.633 *** Nuclei stat data loaded, took 1.34 seconds. Total number of nuclei: 604435
2022-09-30 22:08:02.773 *** starting thread (client mode): 0xfb0d48e0
2022-09-30 22:08:02.775 *** Local version/idstring: SSH-2.0-paramiko_2.11.0
2022-09-30 22:08:02.798 *** Remote version/idstring: SSH-2.0-OpenSSH_5.3
2022-09-30 22:08:02.798 *** Connected (version 2.0, client OpenSSH_5.3)
2022-09-30 22:08:02.817 *** === Key exchange possibilities ===
2022-09-30 22:08:02.818 *** kex algos: diffie-hellman-group-exchange-sha256, diffie-hellman-group-exchange-sha1, diffie-hellman-group14-sha1, diffie-hellman-group1-sha1
2022-09-30 22:08:02.818 *** server key: ssh-rsa, ssh-rsa-cert-v01@openssh.com, ssh-dss
2022-09-30 22:08:02.818 *** client encrypt: aes128-ctr, aes192-ctr, aes256-ctr, arcfour256, arcfour128, aes128-cbc, 3des-cbc, blowfish-cbc, cast128-cbc, aes192-cbc, aes256-cbc, arcfour, rijndael-cbc@lysator.liu.se
2022-09-30 22:08:02.818 *** server encrypt: aes128-ctr, aes192-ctr, aes256-ctr, arcfour256, arcfour128, aes128-cbc, 3des-cbc, blowfish-cbc, cast128-cbc, aes192-cbc, aes256-cbc, arcfour, rijndael-cbc@lysator.liu.se
2022-09-30 22:08:02.818 *** client mac: hmac-md5, hmac-sha1, umac-64@openssh.com, hmac-sha2-256, hmac-sha2-512, hmac-ripemd160, hmac-ripemd160@openssh.com, hmac-sha1-96, hmac-md5-96
2022-09-30 22:08:02.818 *** server mac: hmac-md5, hmac-sha1, umac-64@openssh.com, hmac-sha2-256, hmac-sha2-512, hmac-ripemd160, hmac-ripemd160@openssh.com, hmac-sha1-96, hmac-md5-96
2022-09-30 22:08:02.818 *** client compress: none, zlib@openssh.com
2022-09-30 22:08:02.818 *** server compress: none, zlib@openssh.com
2022-09-30 22:08:02.818 *** client lang: <none>
2022-09-30 22:08:02.818 *** server lang: <none>
2022-09-30 22:08:02.818 *** kex follows: False
2022-09-30 22:08:02.818 *** === Key exchange agreements ===
2022-09-30 22:08:02.818 *** Kex: diffie-hellman-group-exchange-sha256
2022-09-30 22:08:02.818 *** HostKey: ssh-rsa
2022-09-30 22:08:02.819 *** Cipher: aes128-ctr
2022-09-30 22:08:02.819 *** MAC: hmac-sha2-256
2022-09-30 22:08:02.819 *** Compression: none
2022-09-30 22:08:02.819 *** === End of kex handshake ===
2022-09-30 22:08:02.880 *** Got server p (2048 bits)
2022-09-30 22:08:02.980 *** kex engine KexGexSHA256 specified hash_algo <built-in function openssl_sha256>
2022-09-30 22:08:02.981 *** Switch to new keys ...
2022-09-30 22:08:02.982 *** Adding ssh-rsa host key for 173.201.181.247: b'cca345f774a2d98448d0bcc78f04075d'
2022-09-30 22:08:03.061 *** userauth is OK
2022-09-30 22:08:03.086 *** Authentication (password) successful!
2022-09-30 22:08:03.087 *** [chan 0] Max packet in: 32768 bytes
2022-09-30 22:08:03.141 *** [chan 0] Max packet out: 32768 bytes
2022-09-30 22:08:03.141 *** Secsh channel 0 opened.
2022-09-30 22:08:03.164 *** [chan 0] Sesch channel 0 request ok
2022-09-30 22:08:03.185 *** [chan 0] Opened sftp connection (server version 3)
2022-09-30 22:08:03.185 *** [chan 0] stat(b'/home/b6o162rzivzp/NucFinder_DB/A562F9C5E2D9823A/interactive_nuclei_dict.pickle')
2022-09-30 22:08:03.208 *** [chan 0] stat(b'/home/b6o162rzivzp/NucFinder_DB/A562F9C5E2D9823A/model.pickle')
2022-09-30 22:08:03.230 *** [chan 0] open(b'/home/b6o162rzivzp/NucFinder_DB/A562F9C5E2D9823A/model.pickle', 'rb')
2022-09-30 22:08:03.280 *** [chan 0] open(b'/home/b6o162rzivzp/NucFinder_DB/A562F9C5E2D9823A/model.pickle', 'rb') -> 00000000
2022-09-30 22:08:03.989 *** [chan 0] close(00000000)
2022-09-30 22:08:04.069 *** Interactive label *** Apply to case start.
2022-09-30 22:08:09.526 *** Interactive label *** Apply to case done.
2022-09-30 22:08:09.679 *** Interactive label *** Apply to case finish overlay create.
2022-09-30 22:08:11.248 *** Mouse movement (LeftButton) ***  Mouse coords: (723, 448) (60536, 25099)
2022-09-30 22:08:13.472 *** Mouse movement (LeftButton) ***  Mouse coords: (1220, 366) (81333, 25207)
2022-09-30 22:08:13.515 *** Mouse movement (LeftButton) ***  Mouse coords: (1062, 368) (79033, 25236)
2022-09-30 22:08:13.563 *** Mouse movement (LeftButton) ***  Mouse coords: (911, 390) (79135, 25529)
2022-09-30 22:08:13.589 *** Mouse movement (LeftButton) ***  Mouse coords: (839, 402) (80293, 25383)
2022-09-30 22:08:13.615 *** Mouse movement (LeftButton) ***  Mouse coords: (805, 405) (80849, 25251)
2022-09-30 22:08:13.637 *** Mouse movement (LeftButton) ***  Mouse coords: (793, 405) (81171, 25207)
2022-09-30 22:08:13.660 *** Mouse movement (LeftButton) ***  Mouse coords: (788, 405) (81274, 25207)
2022-09-30 22:08:13.687 *** Mouse movement (LeftButton) ***  Mouse coords: (783, 405) (81274, 25207)
2022-09-30 22:08:13.714 *** Mouse movement (LeftButton) ***  Mouse coords: (777, 405) (81259, 25207)
2022-09-30 22:08:14.100 *** Mouse movement (LeftButton) ***  Mouse coords: (880, 375) (82855, 24767)
2022-09-30 22:08:14.274 *** Keyboard input *** key pressed: key: 90; text: "z"
2022-09-30 22:08:14.279 *** Process image overlay spent 0.00 seconds.
2022-09-30 22:08:14.340 *** Get cell color spent 0.06 seconds.
2022-09-30 22:08:15.135 *** Keyboard input *** key pressed: key: 90; text: "z"
2022-09-30 22:08:15.541 *** Keyboard input *** key pressed: key: 90; text: "z"
2022-09-30 22:08:15.549 *** Process image overlay spent 0.01 seconds.
2022-09-30 22:08:15.617 *** Get cell color spent 0.07 seconds.
2022-09-30 22:08:15.956 *** Mouse movement (LeftButton) ***  Mouse coords: (896, 57) (83089, 20110)
2022-09-30 22:08:16.039 *** Mouse movement (LeftButton) ***  Mouse coords: (896, 58) (83075, 20110)
2022-09-30 22:08:16.082 *** Mouse movement (LeftButton) ***  Mouse coords: (867, 92) (82651, 20593)
2022-09-30 22:08:16.104 *** Mouse movement (LeftButton) ***  Mouse coords: (845, 114) (82753, 20417)
2022-09-30 22:08:16.128 *** Mouse movement (LeftButton) ***  Mouse coords: (838, 123) (82972, 20227)
2022-09-30 22:08:16.151 *** Mouse movement (LeftButton) ***  Mouse coords: (821, 144) (82826, 20402)
2022-09-30 22:08:16.174 *** Mouse movement (LeftButton) ***  Mouse coords: (814, 152) (82973, 20212)
2022-09-30 22:08:16.201 *** Mouse movement (LeftButton) ***  Mouse coords: (798, 180) (82840, 20505)
2022-09-30 22:08:16.224 *** Mouse movement (LeftButton) ***  Mouse coords: (795, 189) (83031, 20227)
2022-09-30 22:08:16.249 *** Mouse movement (LeftButton) ***  Mouse coords: (793, 197) (83046, 20212)
2022-09-30 22:08:16.271 *** Mouse movement (LeftButton) ***  Mouse coords: (793, 198) (83075, 20110)
2022-09-30 22:08:16.334 *** Process image overlay spent 0.00 seconds.
2022-09-30 22:08:16.386 *** Get cell color spent 0.05 seconds.
2022-09-30 22:08:17.569 *** Keyboard input *** key pressed: key: 90; text: "z"
2022-09-30 22:08:17.789 *** Keyboard input *** key pressed: key: 90; text: "z"
2022-09-30 22:08:17.794 *** Process image overlay spent 0.00 seconds.
2022-09-30 22:08:17.862 *** Get cell color spent 0.07 seconds.
2022-09-30 22:08:19.120 *** Process image overlay spent 0.00 seconds.
2022-09-30 22:08:19.142 *** Get cell color spent 0.02 seconds.
2022-09-30 22:08:19.508 *** Keyboard input *** key pressed: key: 90; text: "z"
2022-09-30 22:08:20.026 *** Mouse movement (LeftButton) ***  Mouse coords: (947, 263) (84452, 20964)
2022-09-30 22:08:20.105 *** Mouse movement (LeftButton) ***  Mouse coords: (947, 263) (84452, 20964)
2022-09-30 22:08:20.137 *** Mouse movement (LeftButton) ***  Mouse coords: (932, 263) (84335, 20964)
2022-09-30 22:08:20.161 *** Mouse movement (LeftButton) ***  Mouse coords: (919, 262) (84351, 20957)
2022-09-30 22:08:20.184 *** Mouse movement (LeftButton) ***  Mouse coords: (882, 254) (84164, 20901)
2022-09-30 22:08:20.206 *** Mouse movement (LeftButton) ***  Mouse coords: (826, 228) (84017, 20762)
2022-09-30 22:08:20.229 *** Mouse movement (LeftButton) ***  Mouse coords: (790, 207) (84172, 20801)
2022-09-30 22:08:20.252 *** Mouse movement (LeftButton) ***  Mouse coords: (769, 195) (84288, 20871)
2022-09-30 22:08:20.274 *** Mouse movement (LeftButton) ***  Mouse coords: (762, 193) (84398, 20948)
2022-09-30 22:08:20.300 *** Mouse movement (LeftButton) ***  Mouse coords: (749, 190) (84351, 20941)
2022-09-30 22:08:20.334 *** Mouse movement (LeftButton) ***  Mouse coords: (739, 190) (84374, 20964)
2022-09-30 22:08:20.364 *** Mouse movement (LeftButton) ***  Mouse coords: (713, 189) (84250, 20956)
2022-09-30 22:08:20.386 *** Mouse movement (LeftButton) ***  Mouse coords: (709, 189) (84421, 20964)
2022-09-30 22:08:20.410 *** Mouse movement (LeftButton) ***  Mouse coords: (703, 189) (84405, 20964)
2022-09-30 22:08:20.432 *** Mouse movement (LeftButton) ***  Mouse coords: (694, 189) (84382, 20964)
2022-09-30 22:08:20.458 *** Mouse movement (LeftButton) ***  Mouse coords: (686, 187) (84390, 20949)
2022-09-30 22:08:20.491 *** Mouse movement (LeftButton) ***  Mouse coords: (679, 184) (84398, 20940)
2022-09-30 22:08:20.515 *** Mouse movement (LeftButton) ***  Mouse coords: (672, 179) (84397, 20925)
2022-09-30 22:08:20.537 *** Mouse movement (LeftButton) ***  Mouse coords: (667, 175) (84413, 20933)
2022-09-30 22:08:20.562 *** Mouse movement (LeftButton) ***  Mouse coords: (664, 173) (84429, 20949)
2022-09-30 22:08:20.585 *** Mouse movement (LeftButton) ***  Mouse coords: (663, 172) (84444, 20956)
2022-09-30 22:08:20.614 *** Mouse movement (LeftButton) ***  Mouse coords: (663, 172) (84452, 20964)
2022-09-30 22:08:20.654 *** Mouse movement (LeftButton) ***  Mouse coords: (663, 171) (84452, 20956)
2022-09-30 22:08:20.684 *** Mouse movement (LeftButton) ***  Mouse coords: (663, 171) (84452, 20964)
2022-09-30 22:08:20.707 *** Mouse movement (LeftButton) ***  Mouse coords: (663, 171) (84452, 20964)
2022-09-30 22:08:20.730 *** Mouse movement (LeftButton) ***  Mouse coords: (664, 170) (84460, 20956)
2022-09-30 22:08:20.756 *** Mouse movement (LeftButton) ***  Mouse coords: (664, 170) (84452, 20964)
2022-09-30 22:08:21.031 *** Keyboard input *** key pressed: key: 90; text: "z"
2022-09-30 22:08:21.034 *** Process image overlay spent 0.00 seconds.
2022-09-30 22:08:21.058 *** Get cell color spent 0.02 seconds.
2022-09-30 22:08:22.193 *** Keyboard input *** key pressed: key: 16777248; text: ""
2022-09-30 22:08:22.209 *** Keyboard input *** key pressed: key: 16777249; text: ""
2022-09-30 22:08:27.522 *** Process image overlay spent 0.00 seconds.
2022-09-30 22:08:27.550 *** Get cell color spent 0.01 seconds.
2022-09-30 22:08:27.805 *** Process image overlay spent 0.00 seconds.
2022-09-30 22:08:27.809 *** Get cell color spent 0.00 seconds.
2022-09-30 22:08:28.422 *** Mouse movement (LeftButton) ***  Mouse coords: (526, 171) (83261, 21396)
2022-09-30 22:08:28.467 *** Mouse movement (LeftButton) ***  Mouse coords: (555, 188) (83336, 21442)
2022-09-30 22:08:28.510 *** Mouse movement (LeftButton) ***  Mouse coords: (577, 204) (83318, 21438)
2022-09-30 22:08:28.535 *** Mouse movement (LeftButton) ***  Mouse coords: (590, 213) (83293, 21420)
2022-09-30 22:08:28.560 *** Mouse movement (LeftButton) ***  Mouse coords: (599, 219) (83283, 21412)
2022-09-30 22:08:28.583 *** Mouse movement (LeftButton) ***  Mouse coords: (603, 222) (83270, 21404)
2022-09-30 22:08:28.630 *** Mouse movement (LeftButton) ***  Mouse coords: (603, 223) (83259, 21399)
2022-09-30 22:08:28.682 *** Process image overlay spent 0.00 seconds.
2022-09-30 22:08:28.686 *** Get cell color spent 0.00 seconds.
2022-09-30 22:08:28.779 *** Mouse movement (LeftButton) ***  Mouse coords: (603, 223) (83259, 21396)
2022-09-30 22:08:29.680 *** Mouse movement (LeftButton) ***  Mouse coords: (537, 224) (83083, 21398)
2022-09-30 22:08:29.724 *** Mouse movement (LeftButton) ***  Mouse coords: (554, 231) (83129, 21417)
2022-09-30 22:08:29.752 *** Mouse movement (LeftButton) ***  Mouse coords: (569, 244) (83123, 21433)
2022-09-30 22:08:29.793 *** Mouse movement (LeftButton) ***  Mouse coords: (590, 256) (83138, 21430)
2022-09-30 22:08:29.817 *** Mouse movement (LeftButton) ***  Mouse coords: (596, 259) (83099, 21406)
2022-09-30 22:08:29.842 *** Mouse movement (LeftButton) ***  Mouse coords: (601, 261) (83097, 21403)
2022-09-30 22:08:29.865 *** Mouse movement (LeftButton) ***  Mouse coords: (601, 261) (83083, 21398)
2022-09-30 22:08:29.908 *** Mouse movement (LeftButton) ***  Mouse coords: (601, 261) (83083, 21398)
2022-09-30 22:08:29.980 *** Process image overlay spent 0.00 seconds.
2022-09-30 22:08:29.984 *** Get cell color spent 0.00 seconds.
2022-09-30 22:08:31.488 *** Process image overlay spent 0.00 seconds.
2022-09-30 22:08:31.490 *** Get cell color spent 0.00 seconds.
2022-09-30 22:08:32.175 *** Mouse movement (LeftButton) ***  Mouse coords: (521, 296) (83104, 21446)
2022-09-30 22:08:32.226 *** Mouse movement (LeftButton) ***  Mouse coords: (622, 296) (83218, 21446)
2022-09-30 22:08:32.275 *** Mouse movement (LeftButton) ***  Mouse coords: (702, 296) (83195, 21446)
2022-09-30 22:08:32.310 *** Mouse movement (LeftButton) ***  Mouse coords: (752, 296) (83160, 21446)
2022-09-30 22:08:32.357 *** Mouse movement (LeftButton) ***  Mouse coords: (771, 296) (83124, 21446)
2022-09-30 22:08:32.407 *** Mouse movement (LeftButton) ***  Mouse coords: (771, 296) (83103, 21446)
2022-09-30 22:08:32.456 *** Mouse movement (LeftButton) ***  Mouse coords: (770, 296) (83102, 21446)
2022-09-30 22:08:32.587 *** Process image overlay spent 0.00 seconds.
2022-09-30 22:08:32.589 *** Get cell color spent 0.00 seconds.
2022-09-30 22:08:33.293 *** Process image overlay spent 0.00 seconds.
2022-09-30 22:08:33.295 *** Get cell color spent 0.00 seconds.
2022-09-30 22:08:33.353 *** Process image overlay spent 0.00 seconds.
2022-09-30 22:08:33.355 *** Get cell color spent 0.00 seconds.
2022-09-30 22:08:33.412 *** Process image overlay spent 0.00 seconds.
2022-09-30 22:08:33.414 *** Get cell color spent 0.00 seconds.
2022-09-30 22:08:33.461 *** Process image overlay spent 0.00 seconds.
2022-09-30 22:08:33.462 *** Get cell color spent 0.00 seconds.
2022-09-30 22:08:34.692 *** Process image overlay spent 0.00 seconds.
2022-09-30 22:08:34.693 *** Get cell color spent 0.00 seconds.
2022-09-30 22:08:34.738 *** Process image overlay spent 0.00 seconds.
2022-09-30 22:08:34.740 *** Get cell color spent 0.00 seconds.
2022-09-30 22:08:34.788 *** Process image overlay spent 0.00 seconds.
2022-09-30 22:08:34.790 *** Get cell color spent 0.00 seconds.
2022-09-30 22:08:34.835 *** Process image overlay spent 0.00 seconds.
2022-09-30 22:08:34.837 *** Get cell color spent 0.00 seconds.
2022-09-30 22:08:35.891 *** Keyboard input *** key pressed: key: 16777249; text: ""
2022-09-30 22:08:35.925 *** Keyboard input *** key pressed: key: 16777248; text: ""
2022-09-30 22:08:47.560 *** Process image overlay spent 0.00 seconds.
2022-09-30 22:08:47.563 *** Get cell color spent 0.00 seconds.
2022-09-30 22:08:47.615 *** Process image overlay spent 0.00 seconds.
2022-09-30 22:08:47.617 *** Get cell color spent 0.00 seconds.
2022-09-30 22:08:47.655 *** Process image overlay spent 0.00 seconds.
2022-09-30 22:08:47.657 *** Get cell color spent 0.00 seconds.
2022-09-30 22:08:47.707 *** Process image overlay spent 0.00 seconds.
2022-09-30 22:08:47.708 *** Get cell color spent 0.00 seconds.
2022-09-30 22:08:47.753 *** Process image overlay spent 0.00 seconds.
2022-09-30 22:08:47.754 *** Get cell color spent 0.00 seconds.
2022-09-30 22:08:47.801 *** Process image overlay spent 0.00 seconds.
2022-09-30 22:08:47.803 *** Get cell color spent 0.00 seconds.
2022-09-30 22:08:48.065 *** Process image overlay spent 0.00 seconds.
2022-09-30 22:08:48.066 *** Get cell color spent 0.00 seconds.
2022-09-30 22:08:48.124 *** Process image overlay spent 0.00 seconds.
2022-09-30 22:08:48.126 *** Get cell color spent 0.00 seconds.
2022-09-30 22:08:48.167 *** Process image overlay spent 0.00 seconds.
2022-09-30 22:08:48.168 *** Get cell color spent 0.00 seconds.
2022-09-30 22:08:48.214 *** Process image overlay spent 0.00 seconds.
2022-09-30 22:08:48.216 *** Get cell color spent 0.00 seconds.
2022-09-30 22:08:48.254 *** Process image overlay spent 0.00 seconds.
2022-09-30 22:08:48.255 *** Get cell color spent 0.00 seconds.
2022-09-30 22:08:48.299 *** Process image overlay spent 0.00 seconds.
2022-09-30 22:08:48.300 *** Get cell color spent 0.00 seconds.
2022-09-30 22:08:53.209 *** Keyboard input *** key pressed: key: 16777248; text: ""
2022-09-30 22:08:53.229 *** Keyboard input *** key pressed: key: 16777249; text: ""
2022-09-30 22:09:05.625 *** Keyboard input *** key pressed: key: 16777248; text: ""
2022-09-30 22:09:05.652 *** Keyboard input *** key pressed: key: 16777249; text: ""
2022-09-30 22:11:20.049 *** Process image overlay spent 0.02 seconds.
2022-09-30 22:11:20.071 *** Get cell color spent 0.02 seconds.
2022-09-30 22:11:20.132 *** Process image overlay spent 0.00 seconds.
2022-09-30 22:11:20.134 *** Get cell color spent 0.00 seconds.
2022-09-30 22:11:20.199 *** Process image overlay spent 0.00 seconds.
2022-09-30 22:11:20.201 *** Get cell color spent 0.00 seconds.
2022-09-30 22:11:20.265 *** Process image overlay spent 0.00 seconds.
2022-09-30 22:11:20.267 *** Get cell color spent 0.00 seconds.
2022-09-30 22:11:20.311 *** Process image overlay spent 0.00 seconds.
2022-09-30 22:11:20.312 *** Get cell color spent 0.00 seconds.
2022-09-30 22:11:20.367 *** Process image overlay spent 0.00 seconds.
2022-09-30 22:11:20.368 *** Get cell color spent 0.00 seconds.
2022-09-30 22:11:20.410 *** Process image overlay spent 0.00 seconds.
2022-09-30 22:11:20.412 *** Get cell color spent 0.00 seconds.
2022-09-30 22:11:20.467 *** Process image overlay spent 0.00 seconds.
2022-09-30 22:11:20.468 *** Get cell color spent 0.00 seconds.
2022-09-30 22:11:20.511 *** Process image overlay spent 0.00 seconds.
2022-09-30 22:11:20.512 *** Get cell color spent 0.00 seconds.
2022-09-30 22:11:20.555 *** Process image overlay spent 0.00 seconds.
2022-09-30 22:11:20.557 *** Get cell color spent 0.00 seconds.
2022-09-30 22:11:20.641 *** Process image overlay spent 0.00 seconds.
2022-09-30 22:11:20.643 *** Get cell color spent 0.00 seconds.
2022-09-30 22:11:20.715 *** Process image overlay spent 0.00 seconds.
2022-09-30 22:11:20.717 *** Get cell color spent 0.00 seconds.
2022-09-30 22:11:20.798 *** Process image overlay spent 0.00 seconds.
2022-09-30 22:11:20.800 *** Get cell color spent 0.00 seconds.
2022-09-30 22:11:20.849 *** Process image overlay spent 0.00 seconds.
2022-09-30 22:11:20.851 *** Get cell color spent 0.00 seconds.
2022-09-30 22:11:20.895 *** Process image overlay spent 0.00 seconds.
2022-09-30 22:11:20.896 *** Get cell color spent 0.00 seconds.
2022-09-30 22:11:20.946 *** Process image overlay spent 0.00 seconds.
2022-09-30 22:11:20.947 *** Get cell color spent 0.00 seconds.
2022-09-30 22:11:20.992 *** Process image overlay spent 0.00 seconds.
2022-09-30 22:11:20.993 *** Get cell color spent 0.00 seconds.
2022-09-30 22:11:21.042 *** Process image overlay spent 0.00 seconds.
2022-09-30 22:11:21.043 *** Get cell color spent 0.00 seconds.
2022-09-30 22:11:21.085 *** Process image overlay spent 0.00 seconds.
2022-09-30 22:11:21.087 *** Get cell color spent 0.00 seconds.
2022-09-30 22:11:23.071 *** Keyboard input *** key pressed: key: 16777248; text: ""
2022-09-30 22:11:23.103 *** Keyboard input *** key pressed: key: 16777249; text: ""
2022-09-30 22:15:34.220 *** Program closed.
2022-09-30 22:15:34.336 *** EOF in transport thread
