2022-09-23 01:27:40.704 *** Start program *** Start program
2022-09-23 02:33:21.969 *** Open case *** /Users/zhihuang/Downloads/S-demo-4304
2022-09-23 02:33:24.716 *** Open processed data
2022-09-23 02:33:24.716 *** Preload all statistics at once.
2022-09-23 02:33:26.479 *** Nuclei stat data loaded, took 1.76 seconds. Total number of nuclei: 1002261
2022-09-23 02:33:32.229 *** Mouse movement (LeftButton) ***  Mouse coords: (421, 309) (23172, 23441)
2022-09-23 02:33:34.871 *** Mouse movement (LeftButton) ***  Mouse coords: (507, 323) (33783, 23167)
2022-09-23 02:33:46.420 *** Mouse movement (LeftButton) ***  Mouse coords: (350, 200) (33655, 28169)
2022-09-23 02:33:46.461 *** Mouse movement (LeftButton) ***  Mouse coords: (362, 216) (33695, 28222)
2022-09-23 02:33:46.488 *** Mouse movement (LeftButton) ***  Mouse coords: (373, 239) (33731, 28297)
2022-09-23 02:33:46.509 *** Mouse movement (LeftButton) ***  Mouse coords: (377, 245) (33744, 28317)
2022-09-23 02:33:46.529 *** Mouse movement (LeftButton) ***  Mouse coords: (380, 252) (33754, 28340)
2022-09-23 02:33:46.550 *** Mouse movement (LeftButton) ***  Mouse coords: (381, 254) (33757, 28347)
2022-09-23 02:33:46.570 *** Mouse movement (LeftButton) ***  Mouse coords: (381, 254) (33757, 28347)
2022-09-23 02:33:46.588 *** Mouse movement (LeftButton) ***  Mouse coords: (381, 255) (33757, 28350)
2022-09-23 02:33:46.608 *** Mouse movement (LeftButton) ***  Mouse coords: (381, 255) (33757, 28350)
2022-09-23 02:33:46.627 *** Mouse movement (LeftButton) ***  Mouse coords: (382, 256) (33760, 28353)
2022-09-23 02:33:46.646 *** Mouse movement (LeftButton) ***  Mouse coords: (382, 256) (33760, 28353)
2022-09-23 02:33:46.665 *** Mouse movement (LeftButton) ***  Mouse coords: (382, 256) (33760, 28353)
2022-09-23 02:33:46.683 *** Mouse movement (LeftButton) ***  Mouse coords: (383, 257) (33764, 28357)
2022-09-23 02:33:46.703 *** Mouse movement (LeftButton) ***  Mouse coords: (383, 257) (33764, 28357)
2022-09-23 02:33:46.721 *** Mouse movement (LeftButton) ***  Mouse coords: (384, 259) (33767, 28363)
2022-09-23 02:33:46.741 *** Mouse movement (LeftButton) ***  Mouse coords: (386, 261) (33773, 28370)
2022-09-23 02:33:46.762 *** Mouse movement (LeftButton) ***  Mouse coords: (390, 265) (33787, 28383)
2022-09-23 02:33:46.782 *** Mouse movement (LeftButton) ***  Mouse coords: (400, 274) (33819, 28412)
2022-09-23 02:33:46.803 *** Mouse movement (LeftButton) ***  Mouse coords: (408, 282) (33846, 28439)
2022-09-23 02:33:46.823 *** Mouse movement (LeftButton) ***  Mouse coords: (416, 289) (33872, 28462)
2022-09-23 02:33:46.843 *** Mouse movement (LeftButton) ***  Mouse coords: (420, 292) (33885, 28472)
2022-09-23 02:33:46.863 *** Mouse movement (LeftButton) ***  Mouse coords: (422, 294) (33892, 28478)
2022-09-23 02:33:46.883 *** Mouse movement (LeftButton) ***  Mouse coords: (422, 294) (33892, 28478)
2022-09-23 02:33:46.902 *** Mouse movement (LeftButton) ***  Mouse coords: (423, 295) (33895, 28481)
2022-09-23 02:33:47.062 *** Mouse movement (LeftButton) ***  Mouse coords: (423, 295) (33895, 28481)
2022-09-23 02:33:47.090 *** Mouse movement (LeftButton) ***  Mouse coords: (423, 292) (33895, 28472)
2022-09-23 02:33:47.114 *** Mouse movement (LeftButton) ***  Mouse coords: (423, 288) (33895, 28458)
2022-09-23 02:33:47.135 *** Mouse movement (LeftButton) ***  Mouse coords: (423, 287) (33895, 28455)
2022-09-23 02:33:47.154 *** Mouse movement (LeftButton) ***  Mouse coords: (423, 286) (33895, 28452)
2022-09-23 02:33:47.174 *** Mouse movement (LeftButton) ***  Mouse coords: (423, 286) (33895, 28452)
2022-09-23 02:33:48.726 *** Interactive label *** Apply to case start.
2022-09-23 02:33:51.556 *** Mouse movement (LeftButton) ***  Mouse coords: (810, 242) (35167, 28307)
2022-09-23 02:33:52.799 *** Mouse movement (LeftButton) ***  Mouse coords: (788, 391) (35094, 28797)
2022-09-23 02:33:53.738 *** Mouse movement (LeftButton) ***  Mouse coords: (857, 383) (35321, 28771)
2022-09-23 02:33:56.862 *** Interactive label *** Apply to case start.
2022-09-23 02:34:06.131 *** Keyboard input *** key pressed: key: 90; text: "z"
2022-09-23 02:34:06.142 *** Process image overlay spent 0.01 seconds.
2022-09-23 02:34:06.158 *** Get cell color spent 0.02 seconds.
2022-09-23 02:34:07.008 *** Keyboard input *** key pressed: key: 88; text: "x"
2022-09-23 02:34:07.981 *** Mouse movement (LeftButton) ***  Mouse coords: (744, 424) (35381, 28515)
2022-09-23 02:34:08.463 *** Mouse movement (LeftButton) ***  Mouse coords: (764, 414) (35447, 28482)
2022-09-23 02:34:08.545 *** Mouse movement (LeftButton) ***  Mouse coords: (765, 414) (35450, 28482)
2022-09-23 02:34:08.582 *** Mouse movement (LeftButton) ***  Mouse coords: (798, 414) (35556, 28482)
2022-09-23 02:34:08.605 *** Mouse movement (LeftButton) ***  Mouse coords: (831, 414) (35555, 28482)
2022-09-23 02:34:08.662 *** Mouse movement (LeftButton) ***  Mouse coords: (880, 414) (35608, 28482)
2022-09-23 02:34:08.708 *** Mouse movement (LeftButton) ***  Mouse coords: (884, 414) (35460, 28482)
2022-09-23 02:34:08.754 *** Mouse movement (LeftButton) ***  Mouse coords: (884, 414) (35447, 28482)
2022-09-23 02:34:09.073 *** Keyboard input *** key pressed: key: 88; text: "x"
2022-09-23 02:34:09.734 *** Keyboard input *** key pressed: key: 90; text: "z"
2022-09-23 02:34:10.389 *** Keyboard input *** key pressed: key: 88; text: "x"
2022-09-23 02:34:10.736 *** Keyboard input *** key pressed: key: 90; text: "z"
2022-09-23 02:34:10.745 *** Process image overlay spent 0.01 seconds.
2022-09-23 02:34:10.760 *** Get cell color spent 0.02 seconds.
2022-09-23 02:34:13.863 *** Mouse movement (LeftButton) ***  Mouse coords: (561, 331) (34841, 28524)
2022-09-23 02:34:13.934 *** Mouse movement (LeftButton) ***  Mouse coords: (580, 358) (34903, 28608)
2022-09-23 02:34:13.988 *** Mouse movement (LeftButton) ***  Mouse coords: (615, 389) (34956, 28622)
2022-09-23 02:34:14.032 *** Mouse movement (LeftButton) ***  Mouse coords: (622, 395) (34864, 28540)
2022-09-23 02:34:14.075 *** Mouse movement (LeftButton) ***  Mouse coords: (623, 396) (34844, 28523)
2022-09-23 02:34:14.139 *** Process image overlay spent 0.00 seconds.
2022-09-23 02:34:14.146 *** Get cell color spent 0.01 seconds.
2022-09-23 02:34:16.733 *** Mouse movement (LeftButton) ***  Mouse coords: (409, 184) (34138, 27824)
2022-09-23 02:34:16.820 *** Mouse movement (LeftButton) ***  Mouse coords: (409, 184) (34138, 27824)
2022-09-23 02:34:16.848 *** Mouse movement (LeftButton) ***  Mouse coords: (412, 196) (34148, 27863)
2022-09-23 02:34:16.873 *** Mouse movement (LeftButton) ***  Mouse coords: (421, 228) (34178, 27968)
2022-09-23 02:34:16.897 *** Mouse movement (LeftButton) ***  Mouse coords: (435, 275) (34224, 28123)
2022-09-23 02:34:16.921 *** Mouse movement (LeftButton) ***  Mouse coords: (444, 313) (34253, 28248)
2022-09-23 02:34:16.944 *** Mouse movement (LeftButton) ***  Mouse coords: (447, 331) (34263, 28307)
2022-09-23 02:34:16.967 *** Mouse movement (LeftButton) ***  Mouse coords: (448, 344) (34266, 28349)
2022-09-23 02:34:16.991 *** Mouse movement (LeftButton) ***  Mouse coords: (449, 354) (34270, 28382)
2022-09-23 02:34:17.015 *** Mouse movement (LeftButton) ***  Mouse coords: (449, 359) (34270, 28399)
2022-09-23 02:34:17.039 *** Mouse movement (LeftButton) ***  Mouse coords: (449, 361) (34270, 28405)
2022-09-23 02:34:17.063 *** Mouse movement (LeftButton) ***  Mouse coords: (449, 361) (34270, 28405)
2022-09-23 02:34:17.112 *** Mouse movement (LeftButton) ***  Mouse coords: (449, 361) (34270, 28405)
2022-09-23 02:34:17.134 *** Mouse movement (LeftButton) ***  Mouse coords: (449, 361) (34270, 28405)
2022-09-23 02:34:17.187 *** Mouse movement (LeftButton) ***  Mouse coords: (450, 361) (34273, 28405)
2022-09-23 02:34:17.212 *** Mouse movement (LeftButton) ***  Mouse coords: (450, 360) (34273, 28402)
2022-09-23 02:34:17.236 *** Mouse movement (LeftButton) ***  Mouse coords: (451, 356) (34276, 28389)
2022-09-23 02:34:17.260 *** Mouse movement (LeftButton) ***  Mouse coords: (453, 352) (34283, 28376)
2022-09-23 02:34:17.283 *** Mouse movement (LeftButton) ***  Mouse coords: (455, 347) (34289, 28359)
2022-09-23 02:34:17.307 *** Mouse movement (LeftButton) ***  Mouse coords: (458, 342) (34299, 28343)
2022-09-23 02:34:17.331 *** Mouse movement (LeftButton) ***  Mouse coords: (461, 338) (34309, 28330)
2022-09-23 02:34:17.354 *** Mouse movement (LeftButton) ***  Mouse coords: (462, 334) (34312, 28317)
2022-09-23 02:34:17.377 *** Mouse movement (LeftButton) ***  Mouse coords: (463, 333) (34316, 28313)
2022-09-23 02:34:17.400 *** Mouse movement (LeftButton) ***  Mouse coords: (463, 332) (34316, 28310)
2022-09-23 02:34:17.424 *** Mouse movement (LeftButton) ***  Mouse coords: (463, 332) (34316, 28310)
2022-09-23 02:34:17.446 *** Mouse movement (LeftButton) ***  Mouse coords: (463, 330) (34316, 28303)
2022-09-23 02:34:17.469 *** Mouse movement (LeftButton) ***  Mouse coords: (463, 327) (34316, 28294)
2022-09-23 02:34:17.492 *** Mouse movement (LeftButton) ***  Mouse coords: (463, 316) (34316, 28257)
2022-09-23 02:34:17.516 *** Mouse movement (LeftButton) ***  Mouse coords: (463, 305) (34316, 28221)
2022-09-23 02:34:17.541 *** Mouse movement (LeftButton) ***  Mouse coords: (463, 294) (34316, 28185)
2022-09-23 02:34:17.565 *** Mouse movement (LeftButton) ***  Mouse coords: (463, 287) (34316, 28162)
2022-09-23 02:34:17.588 *** Mouse movement (LeftButton) ***  Mouse coords: (463, 282) (34316, 28146)
2022-09-23 02:34:17.612 *** Mouse movement (LeftButton) ***  Mouse coords: (463, 279) (34316, 28136)
2022-09-23 02:34:17.636 *** Mouse movement (LeftButton) ***  Mouse coords: (463, 276) (34316, 28126)
2022-09-23 02:34:17.659 *** Mouse movement (LeftButton) ***  Mouse coords: (464, 271) (34319, 28109)
2022-09-23 02:34:17.683 *** Mouse movement (LeftButton) ***  Mouse coords: (466, 267) (34325, 28096)
2022-09-23 02:34:17.707 *** Mouse movement (LeftButton) ***  Mouse coords: (468, 264) (34332, 28086)
2022-09-23 02:34:17.731 *** Mouse movement (LeftButton) ***  Mouse coords: (468, 263) (34332, 28083)
2022-09-23 02:34:17.871 *** Mouse movement (LeftButton) ***  Mouse coords: (468, 264) (34332, 28086)
2022-09-23 02:34:17.904 *** Mouse movement (LeftButton) ***  Mouse coords: (470, 267) (34339, 28096)
2022-09-23 02:34:17.929 *** Mouse movement (LeftButton) ***  Mouse coords: (470, 272) (34339, 28113)
2022-09-23 02:34:17.953 *** Mouse movement (LeftButton) ***  Mouse coords: (470, 275) (34339, 28123)
2022-09-23 02:34:17.976 *** Mouse movement (LeftButton) ***  Mouse coords: (470, 280) (34339, 28139)
2022-09-23 02:34:18.000 *** Mouse movement (LeftButton) ***  Mouse coords: (470, 284) (34339, 28152)
2022-09-23 02:34:18.024 *** Mouse movement (LeftButton) ***  Mouse coords: (470, 286) (34339, 28159)
2022-09-23 02:34:18.048 *** Mouse movement (LeftButton) ***  Mouse coords: (470, 288) (34339, 28165)
2022-09-23 02:34:18.071 *** Mouse movement (LeftButton) ***  Mouse coords: (470, 289) (34339, 28169)
2022-09-23 02:34:18.094 *** Mouse movement (LeftButton) ***  Mouse coords: (470, 289) (34339, 28169)
2022-09-23 02:34:18.116 *** Mouse movement (LeftButton) ***  Mouse coords: (470, 290) (34339, 28172)
2022-09-23 02:34:18.139 *** Mouse movement (LeftButton) ***  Mouse coords: (470, 290) (34339, 28172)
2022-09-23 02:34:18.170 *** Mouse movement (LeftButton) ***  Mouse coords: (470, 290) (34339, 28172)
2022-09-23 02:34:18.191 *** Mouse movement (LeftButton) ***  Mouse coords: (470, 290) (34339, 28172)
2022-09-23 02:34:19.654 *** Interactive label *** Apply to case start.
2022-09-23 02:34:31.584 *** Process image overlay spent 0.00 seconds.
2022-09-23 02:34:31.592 *** Get cell color spent 0.01 seconds.
2022-09-23 02:34:40.877 *** Process image overlay spent 0.00 seconds.
2022-09-23 02:34:40.885 *** Get cell color spent 0.01 seconds.
2022-09-23 02:34:51.122 *** Mouse movement (LeftButton) ***  Mouse coords: (465, 230) (34101, 27432)
2022-09-23 02:34:51.210 *** Process image overlay spent 0.00 seconds.
2022-09-23 02:34:51.217 *** Get cell color spent 0.01 seconds.
2022-09-23 02:34:51.580 *** Mouse movement (LeftButton) ***  Mouse coords: (472, 352) (34124, 27830)
2022-09-23 02:34:51.643 *** Process image overlay spent 0.00 seconds.
2022-09-23 02:34:51.650 *** Get cell color spent 0.01 seconds.
2022-09-23 02:34:52.171 *** Mouse movement (LeftButton) ***  Mouse coords: (545, 350) (34341, 27423)
2022-09-23 02:34:52.204 *** Mouse movement (LeftButton) ***  Mouse coords: (563, 350) (34390, 27423)
2022-09-23 02:34:52.226 *** Mouse movement (LeftButton) ***  Mouse coords: (569, 350) (34350, 27423)
2022-09-23 02:34:52.272 *** Mouse movement (LeftButton) ***  Mouse coords: (572, 350) (34341, 27423)
2022-09-23 02:34:52.317 *** Mouse movement (LeftButton) ***  Mouse coords: (573, 350) (34335, 27423)
2022-09-23 02:34:52.360 *** Mouse movement (LeftButton) ***  Mouse coords: (576, 350) (34340, 27423)
2022-09-23 02:34:52.404 *** Mouse movement (LeftButton) ***  Mouse coords: (585, 354) (34361, 27436)
2022-09-23 02:34:52.451 *** Mouse movement (LeftButton) ***  Mouse coords: (595, 361) (34364, 27446)
2022-09-23 02:34:52.494 *** Mouse movement (LeftButton) ***  Mouse coords: (603, 365) (34357, 27436)
2022-09-23 02:34:52.539 *** Mouse movement (LeftButton) ***  Mouse coords: (604, 366) (34334, 27426)
2022-09-23 02:34:52.582 *** Mouse movement (LeftButton) ***  Mouse coords: (604, 366) (34331, 27423)
2022-09-23 02:34:53.374 *** Process image overlay spent 0.00 seconds.
2022-09-23 02:34:53.392 *** Get cell color spent 0.02 seconds.
2022-09-23 02:34:54.450 *** Process image overlay spent 0.00 seconds.
2022-09-23 02:34:54.476 *** Get cell color spent 0.03 seconds.
2022-09-23 02:34:57.588 *** Mouse movement (LeftButton) ***  Mouse coords: (877, 420) (36132, 27712)
2022-09-23 02:34:57.695 *** Mouse movement (LeftButton) ***  Mouse coords: (875, 420) (36124, 27712)
2022-09-23 02:34:57.723 *** Mouse movement (LeftButton) ***  Mouse coords: (875, 428) (36138, 27765)
2022-09-23 02:34:57.745 *** Mouse movement (LeftButton) ***  Mouse coords: (875, 443) (36138, 27812)
2022-09-23 02:34:57.793 *** Mouse movement (LeftButton) ***  Mouse coords: (875, 465) (36138, 27859)
2022-09-23 02:34:57.817 *** Mouse movement (LeftButton) ***  Mouse coords: (875, 481) (36138, 27818)
2022-09-23 02:34:57.839 *** Mouse movement (LeftButton) ***  Mouse coords: (875, 481) (36138, 27712)
2022-09-23 02:34:58.008 *** Process image overlay spent 0.00 seconds.
2022-09-23 02:34:58.033 *** Get cell color spent 0.02 seconds.
2022-09-23 02:34:59.053 *** Interactive label *** Apply to case start.
2022-09-23 02:35:26.744 *** Program closed.
