2022-08-10 15:32:06.241 *** Start program *** Start program
2022-08-10 15:32:13.678 *** Open processed data
2022-08-10 15:32:15.222 *** Mouse movement ***  Mouse coords: (294, 468) (26616, 33315)
2022-08-10 15:32:15.236 *** Mouse movement ***  Mouse coords: (295, 468) (26776, 33315)
2022-08-10 15:32:15.253 *** Mouse movement ***  Mouse coords: (297, 469) (27096, 33475)
2022-08-10 15:32:15.270 *** Mouse movement ***  Mouse coords: (299, 470) (27416, 33635)
2022-08-10 15:32:15.286 *** Mouse movement ***  Mouse coords: (300, 471) (27576, 33795)
2022-08-10 15:32:15.303 *** Mouse movement ***  Mouse coords: (302, 471) (27896, 33795)
2022-08-10 15:32:15.320 *** Mouse movement ***  Mouse coords: (303, 471) (28056, 33795)
2022-08-10 15:32:15.709 *** Mouse movement ***  Mouse coords: (378, 481) (40056, 35395)
2022-08-10 15:32:15.717 *** Mouse movement ***  Mouse coords: (379, 480) (40216, 35235)
2022-08-10 15:32:15.736 *** Mouse movement ***  Mouse coords: (383, 478) (40856, 34915)
2022-08-10 15:32:15.753 *** Mouse movement ***  Mouse coords: (388, 476) (41656, 34595)
2022-08-10 15:32:15.770 *** Mouse movement ***  Mouse coords: (394, 473) (42616, 34115)
2022-08-10 15:32:15.786 *** Mouse movement ***  Mouse coords: (398, 471) (43256, 33795)
2022-08-10 15:32:15.803 *** Mouse movement ***  Mouse coords: (402, 469) (43896, 33475)
2022-08-10 15:32:15.820 *** Mouse movement ***  Mouse coords: (404, 468) (44216, 33315)
2022-08-10 15:32:15.836 *** Mouse movement ***  Mouse coords: (407, 467) (44696, 33155)
2022-08-10 15:32:15.853 *** Mouse movement ***  Mouse coords: (410, 464) (45176, 32675)
2022-08-10 15:32:15.869 *** Mouse movement ***  Mouse coords: (412, 463) (45496, 32515)
2022-08-10 15:32:15.886 *** Mouse movement ***  Mouse coords: (414, 461) (45816, 32195)
2022-08-10 15:32:15.904 *** Mouse movement ***  Mouse coords: (416, 459) (46136, 31875)
2022-08-10 15:32:15.919 *** Mouse movement ***  Mouse coords: (421, 455) (46936, 31235)
2022-08-10 15:32:15.937 *** Mouse movement ***  Mouse coords: (424, 452) (47416, 30755)
2022-08-10 15:32:15.953 *** Mouse movement ***  Mouse coords: (427, 450) (47896, 30435)
2022-08-10 15:32:15.970 *** Mouse movement ***  Mouse coords: (429, 447) (48216, 29955)
2022-08-10 15:32:15.986 *** Mouse movement ***  Mouse coords: (433, 443) (48856, 29315)
2022-08-10 15:32:16.003 *** Mouse movement ***  Mouse coords: (436, 438) (49336, 28515)
2022-08-10 15:32:16.019 *** Mouse movement ***  Mouse coords: (438, 436) (49656, 28195)
2022-08-10 15:32:16.482 *** Mouse movement ***  Mouse coords: (536, 368) (65336, 17315)
2022-08-10 15:32:16.489 *** Mouse movement ***  Mouse coords: (536, 369) (65336, 17475)
2022-08-10 15:32:16.502 *** Mouse movement ***  Mouse coords: (537, 370) (65496, 17635)
2022-08-10 15:32:16.519 *** Mouse movement ***  Mouse coords: (537, 371) (65496, 17795)
2022-08-10 15:32:16.867 *** Mouse movement ***  Mouse coords: (575, 503) (71576, 38915)
2022-08-10 15:32:16.885 *** Mouse movement ***  Mouse coords: (575, 504) (71576, 39075)
2022-08-10 15:32:16.902 *** Mouse movement ***  Mouse coords: (575, 507) (71576, 39555)
2022-08-10 15:32:16.920 *** Mouse movement ***  Mouse coords: (574, 508) (71416, 39715)
2022-08-10 15:32:16.935 *** Mouse movement ***  Mouse coords: (574, 512) (71416, 40355)
2022-08-10 15:32:16.952 *** Mouse movement ***  Mouse coords: (574, 514) (71416, 40675)
2022-08-10 15:32:16.969 *** Mouse movement ***  Mouse coords: (574, 516) (71416, 40995)
2022-08-10 15:32:16.991 *** Mouse movement ***  Mouse coords: (575, 521) (71576, 41795)
2022-08-10 15:32:19.316 *** Keyboard input *** key pressed: key: 16777216; text: ""
2022-08-10 15:32:20.080 *** Program closed.
