2022-09-13 22:58:17.305 *** Start program *** Start program
2022-09-13 22:58:30.809 *** Open case *** /Applications/XAMPP/xamppfiles/htdocs/20220722_Eric_Yang
2022-09-13 22:58:34.250 *** Open processed data
2022-09-13 22:58:34.250 *** Preload all statistics at once.
2022-09-13 22:58:35.237 *** Nuclei stat data loaded, took 0.99 seconds. Total number of nuclei: 443911
2022-09-13 22:59:16.259 *** starting thread (client mode): 0xc6ed1dc0
2022-09-13 22:59:16.260 *** Local version/idstring: SSH-2.0-paramiko_2.11.0
2022-09-13 22:59:16.296 *** Remote version/idstring: SSH-2.0-OpenSSH_5.3
2022-09-13 22:59:16.297 *** Connected (version 2.0, client OpenSSH_5.3)
2022-09-13 22:59:16.321 *** === Key exchange possibilities ===
2022-09-13 22:59:16.321 *** kex algos: diffie-hellman-group-exchange-sha256, diffie-hellman-group-exchange-sha1, diffie-hellman-group14-sha1, diffie-hellman-group1-sha1
2022-09-13 22:59:16.321 *** server key: ssh-rsa, ssh-rsa-cert-v01@openssh.com, ssh-dss
2022-09-13 22:59:16.321 *** client encrypt: aes128-ctr, aes192-ctr, aes256-ctr, arcfour256, arcfour128, aes128-cbc, 3des-cbc, blowfish-cbc, cast128-cbc, aes192-cbc, aes256-cbc, arcfour, rijndael-cbc@lysator.liu.se
2022-09-13 22:59:16.321 *** server encrypt: aes128-ctr, aes192-ctr, aes256-ctr, arcfour256, arcfour128, aes128-cbc, 3des-cbc, blowfish-cbc, cast128-cbc, aes192-cbc, aes256-cbc, arcfour, rijndael-cbc@lysator.liu.se
2022-09-13 22:59:16.321 *** client mac: hmac-md5, hmac-sha1, umac-64@openssh.com, hmac-sha2-256, hmac-sha2-512, hmac-ripemd160, hmac-ripemd160@openssh.com, hmac-sha1-96, hmac-md5-96
2022-09-13 22:59:16.321 *** server mac: hmac-md5, hmac-sha1, umac-64@openssh.com, hmac-sha2-256, hmac-sha2-512, hmac-ripemd160, hmac-ripemd160@openssh.com, hmac-sha1-96, hmac-md5-96
2022-09-13 22:59:16.321 *** client compress: none, zlib@openssh.com
2022-09-13 22:59:16.321 *** server compress: none, zlib@openssh.com
2022-09-13 22:59:16.321 *** client lang: <none>
2022-09-13 22:59:16.321 *** server lang: <none>
2022-09-13 22:59:16.321 *** kex follows: False
2022-09-13 22:59:16.322 *** === Key exchange agreements ===
2022-09-13 22:59:16.322 *** Kex: diffie-hellman-group-exchange-sha256
2022-09-13 22:59:16.322 *** HostKey: ssh-rsa
2022-09-13 22:59:16.322 *** Cipher: aes128-ctr
2022-09-13 22:59:16.322 *** MAC: hmac-sha2-256
2022-09-13 22:59:16.322 *** Compression: none
2022-09-13 22:59:16.322 *** === End of kex handshake ===
2022-09-13 22:59:16.391 *** Got server p (2048 bits)
2022-09-13 22:59:16.488 *** kex engine KexGexSHA256 specified hash_algo <built-in function openssl_sha256>
2022-09-13 22:59:16.489 *** Switch to new keys ...
2022-09-13 22:59:16.489 *** Adding ssh-rsa host key for 173.201.181.247: b'cca345f774a2d98448d0bcc78f04075d'
2022-09-13 22:59:16.577 *** userauth is OK
2022-09-13 22:59:16.610 *** Authentication (password) successful!
2022-09-13 22:59:16.611 *** [chan 0] Max packet in: 32768 bytes
2022-09-13 22:59:16.633 *** [chan 0] Max packet out: 32768 bytes
2022-09-13 22:59:16.634 *** Secsh channel 0 opened.
2022-09-13 22:59:16.661 *** [chan 0] Sesch channel 0 request ok
2022-09-13 22:59:16.685 *** [chan 0] Opened sftp connection (server version 3)
2022-09-13 22:59:16.685 *** [chan 0] stat(b'/home/b6o162rzivzp/NucFinder_DB/3E4F1863BEC8CC26/interactive_nuclei_dict.pickle')
2022-09-13 22:59:16.710 *** [chan 0] stat(b'/home/b6o162rzivzp/NucFinder_DB/3E4F1863BEC8CC26/model.pickle')
2022-09-13 22:59:16.748 *** [chan 0] open(b'/home/b6o162rzivzp/NucFinder_DB/3E4F1863BEC8CC26/model.pickle', 'rb')
2022-09-13 22:59:16.775 *** [chan 0] open(b'/home/b6o162rzivzp/NucFinder_DB/3E4F1863BEC8CC26/model.pickle', 'rb') -> 00000000
2022-09-13 22:59:18.033 *** [chan 0] close(00000000)
2022-09-13 22:59:18.114 *** Interactive label *** Apply to case start.
2022-09-13 23:00:46.009 *** Program closed.
2022-09-13 23:00:46.056 *** EOF in transport thread
