2022-08-12 14:47:46.793 *** Start program *** Start program
2022-08-12 14:47:54.556 *** starting thread (client mode): 0x93c1e460
2022-08-12 14:47:54.557 *** Local version/idstring: SSH-2.0-paramiko_2.11.0
2022-08-12 14:47:54.580 *** Remote version/idstring: SSH-2.0-OpenSSH_5.3
2022-08-12 14:47:54.580 *** Connected (version 2.0, client OpenSSH_5.3)
2022-08-12 14:47:54.597 *** === Key exchange possibilities ===
2022-08-12 14:47:54.597 *** kex algos: diffie-hellman-group-exchange-sha256, diffie-hellman-group-exchange-sha1, diffie-hellman-group14-sha1, diffie-hellman-group1-sha1
2022-08-12 14:47:54.597 *** server key: ssh-rsa, ssh-rsa-cert-v01@openssh.com, ssh-dss
2022-08-12 14:47:54.598 *** client encrypt: aes128-ctr, aes192-ctr, aes256-ctr, arcfour256, arcfour128, aes128-cbc, 3des-cbc, blowfish-cbc, cast128-cbc, aes192-cbc, aes256-cbc, arcfour, rijndael-cbc@lysator.liu.se
2022-08-12 14:47:54.598 *** server encrypt: aes128-ctr, aes192-ctr, aes256-ctr, arcfour256, arcfour128, aes128-cbc, 3des-cbc, blowfish-cbc, cast128-cbc, aes192-cbc, aes256-cbc, arcfour, rijndael-cbc@lysator.liu.se
2022-08-12 14:47:54.598 *** client mac: hmac-md5, hmac-sha1, umac-64@openssh.com, hmac-sha2-256, hmac-sha2-512, hmac-ripemd160, hmac-ripemd160@openssh.com, hmac-sha1-96, hmac-md5-96
2022-08-12 14:47:54.598 *** server mac: hmac-md5, hmac-sha1, umac-64@openssh.com, hmac-sha2-256, hmac-sha2-512, hmac-ripemd160, hmac-ripemd160@openssh.com, hmac-sha1-96, hmac-md5-96
2022-08-12 14:47:54.598 *** client compress: none, zlib@openssh.com
2022-08-12 14:47:54.598 *** server compress: none, zlib@openssh.com
2022-08-12 14:47:54.598 *** client lang: <none>
2022-08-12 14:47:54.599 *** server lang: <none>
2022-08-12 14:47:54.599 *** kex follows: False
2022-08-12 14:47:54.599 *** === Key exchange agreements ===
2022-08-12 14:47:54.599 *** Kex: diffie-hellman-group-exchange-sha256
2022-08-12 14:47:54.599 *** HostKey: ssh-rsa
2022-08-12 14:47:54.599 *** Cipher: aes128-ctr
2022-08-12 14:47:54.600 *** MAC: hmac-sha2-256
2022-08-12 14:47:54.600 *** Compression: none
2022-08-12 14:47:54.600 *** === End of kex handshake ===
2022-08-12 14:47:54.658 *** Got server p (2048 bits)
2022-08-12 14:47:54.724 *** kex engine KexGexSHA256 specified hash_algo <built-in function openssl_sha256>
2022-08-12 14:47:54.725 *** Switch to new keys ...
2022-08-12 14:47:54.725 *** Adding ssh-rsa host key for 173.201.181.247: b'cca345f774a2d98448d0bcc78f04075d'
2022-08-12 14:47:54.800 *** userauth is OK
2022-08-12 14:47:54.823 *** Authentication (password) successful!
2022-08-12 14:47:54.824 *** [chan 0] Max packet in: 32768 bytes
2022-08-12 14:47:54.841 *** [chan 0] Max packet out: 32768 bytes
2022-08-12 14:47:54.842 *** Secsh channel 0 opened.
2022-08-12 14:47:54.861 *** [chan 0] Sesch channel 0 request ok
2022-08-12 14:47:54.879 *** [chan 0] Opened sftp connection (server version 3)
2022-08-12 14:47:54.882 *** [chan 0] stat(b'/home/b6o162rzivzp/NucFinder_DB/05313943FB3B68B7/interactive_nuclei_dict.pickle')
2022-08-12 14:47:54.901 *** [chan 0] open(b'/home/b6o162rzivzp/NucFinder_DB/05313943FB3B68B7/interactive_nuclei_dict.pickle', 'rb')
2022-08-12 14:47:54.919 *** [chan 0] open(b'/home/b6o162rzivzp/NucFinder_DB/05313943FB3B68B7/interactive_nuclei_dict.pickle', 'rb') -> 00000000
2022-08-12 14:47:55.805 *** [chan 0] close(00000000)
2022-08-12 16:32:11.649 *** Program closed.
2022-08-12 16:32:11.699 *** EOF in transport thread
