2022-09-23 04:08:12.773 *** Start program *** Start program
2022-09-23 04:08:53.328 *** Open case *** /Applications/XAMPP/xamppfiles/htdocs/20220722_Eric_Yang
2022-09-23 04:09:16.979 *** Keyboard input *** key pressed: key: 16777249; text: ""
2022-09-23 04:09:24.395 *** starting thread (client mode): 0x3442caf0
2022-09-23 04:09:24.396 *** Local version/idstring: SSH-2.0-paramiko_2.11.0
2022-09-23 04:09:24.420 *** Remote version/idstring: SSH-2.0-OpenSSH_5.3
2022-09-23 04:09:24.421 *** Connected (version 2.0, client OpenSSH_5.3)
2022-09-23 04:09:24.440 *** === Key exchange possibilities ===
2022-09-23 04:09:24.441 *** kex algos: diffie-hellman-group-exchange-sha256, diffie-hellman-group-exchange-sha1, diffie-hellman-group14-sha1, diffie-hellman-group1-sha1
2022-09-23 04:09:24.441 *** server key: ssh-rsa, ssh-rsa-cert-v01@openssh.com, ssh-dss
2022-09-23 04:09:24.441 *** client encrypt: aes128-ctr, aes192-ctr, aes256-ctr, arcfour256, arcfour128, aes128-cbc, 3des-cbc, blowfish-cbc, cast128-cbc, aes192-cbc, aes256-cbc, arcfour, rijndael-cbc@lysator.liu.se
2022-09-23 04:09:24.441 *** server encrypt: aes128-ctr, aes192-ctr, aes256-ctr, arcfour256, arcfour128, aes128-cbc, 3des-cbc, blowfish-cbc, cast128-cbc, aes192-cbc, aes256-cbc, arcfour, rijndael-cbc@lysator.liu.se
2022-09-23 04:09:24.441 *** client mac: hmac-md5, hmac-sha1, umac-64@openssh.com, hmac-sha2-256, hmac-sha2-512, hmac-ripemd160, hmac-ripemd160@openssh.com, hmac-sha1-96, hmac-md5-96
2022-09-23 04:09:24.441 *** server mac: hmac-md5, hmac-sha1, umac-64@openssh.com, hmac-sha2-256, hmac-sha2-512, hmac-ripemd160, hmac-ripemd160@openssh.com, hmac-sha1-96, hmac-md5-96
2022-09-23 04:09:24.441 *** client compress: none, zlib@openssh.com
2022-09-23 04:09:24.441 *** server compress: none, zlib@openssh.com
2022-09-23 04:09:24.441 *** client lang: <none>
2022-09-23 04:09:24.441 *** server lang: <none>
2022-09-23 04:09:24.441 *** kex follows: False
2022-09-23 04:09:24.441 *** === Key exchange agreements ===
2022-09-23 04:09:24.441 *** Kex: diffie-hellman-group-exchange-sha256
2022-09-23 04:09:24.441 *** HostKey: ssh-rsa
2022-09-23 04:09:24.441 *** Cipher: aes128-ctr
2022-09-23 04:09:24.441 *** MAC: hmac-sha2-256
2022-09-23 04:09:24.441 *** Compression: none
2022-09-23 04:09:24.441 *** === End of kex handshake ===
2022-09-23 04:09:24.505 *** Got server p (2048 bits)
2022-09-23 04:09:24.610 *** kex engine KexGexSHA256 specified hash_algo <built-in function openssl_sha256>
2022-09-23 04:09:24.611 *** Switch to new keys ...
2022-09-23 04:09:24.612 *** Adding ssh-rsa host key for 173.201.181.247: b'cca345f774a2d98448d0bcc78f04075d'
2022-09-23 04:09:24.692 *** userauth is OK
2022-09-23 04:09:24.718 *** Authentication (password) successful!
2022-09-23 04:09:24.718 *** [chan 0] Max packet in: 32768 bytes
2022-09-23 04:09:24.740 *** [chan 0] Max packet out: 32768 bytes
2022-09-23 04:09:24.740 *** Secsh channel 0 opened.
2022-09-23 04:09:24.763 *** [chan 0] Sesch channel 0 request ok
2022-09-23 04:09:24.784 *** [chan 0] Opened sftp connection (server version 3)
2022-09-23 04:09:24.785 *** [chan 0] stat(b'/home/b6o162rzivzp/NucFinder_DB/3E4F1863BEC8CC26/interactive_nuclei_dict.pickle')
2022-09-23 04:09:24.808 *** [chan 0] stat(b'/home/b6o162rzivzp/NucFinder_DB/3E4F1863BEC8CC26/model.pickle')
2022-09-23 04:09:24.829 *** [chan 0] open(b'/home/b6o162rzivzp/NucFinder_DB/3E4F1863BEC8CC26/model.pickle', 'rb')
2022-09-23 04:09:24.850 *** [chan 0] open(b'/home/b6o162rzivzp/NucFinder_DB/3E4F1863BEC8CC26/model.pickle', 'rb') -> 00000000
2022-09-23 04:09:27.377 *** [chan 0] close(00000000)
2022-09-23 04:09:33.843 *** Open processed data
2022-09-23 04:09:33.844 *** Preload all statistics at once.
2022-09-23 04:09:35.151 *** Nuclei stat data loaded, took 1.31 seconds. Total number of nuclei: 604435
2022-09-23 04:09:37.070 *** Interactive label *** Apply to case start.
2022-09-23 04:09:41.301 *** Interactive label *** Apply to case done.
2022-09-23 04:09:41.437 *** Interactive label *** Apply to case finish overlay create.
2022-09-23 04:09:45.321 *** Keyboard input *** key pressed: key: 90; text: "z"
2022-09-23 04:09:45.723 *** Keyboard input *** key pressed: key: 90; text: "z"
2022-09-23 04:09:45.958 *** Keyboard input *** key pressed: key: 90; text: "z"
2022-09-23 04:09:46.212 *** Keyboard input *** key pressed: key: 90; text: "z"
2022-09-23 04:09:47.572 *** Mouse movement (LeftButton) ***  Mouse coords: (326, 373) (41369, 24587)
2022-09-23 04:09:47.624 *** Mouse movement (LeftButton) ***  Mouse coords: (478, 373) (43585, 24587)
2022-09-23 04:09:47.650 *** Mouse movement (LeftButton) ***  Mouse coords: (613, 373) (43337, 24587)
2022-09-23 04:09:47.673 *** Mouse movement (LeftButton) ***  Mouse coords: (733, 373) (43119, 24587)
2022-09-23 04:09:47.717 *** Mouse movement (LeftButton) ***  Mouse coords: (828, 373) (42754, 24587)
2022-09-23 04:09:47.739 *** Mouse movement (LeftButton) ***  Mouse coords: (867, 373) (41937, 24587)
2022-09-23 04:09:47.764 *** Mouse movement (LeftButton) ***  Mouse coords: (898, 373) (41821, 24587)
2022-09-23 04:09:47.789 *** Mouse movement (LeftButton) ***  Mouse coords: (915, 373) (41617, 24587)
2022-09-23 04:09:47.812 *** Mouse movement (LeftButton) ***  Mouse coords: (918, 373) (41413, 24587)
2022-09-23 04:09:47.839 *** Mouse movement (LeftButton) ***  Mouse coords: (919, 373) (41383, 24587)
2022-09-23 04:09:48.342 *** Mouse movement (LeftButton) ***  Mouse coords: (456, 357) (34619, 24354)
2022-09-23 04:09:48.412 *** Mouse movement (LeftButton) ***  Mouse coords: (455, 356) (34604, 24339)
2022-09-23 04:09:48.443 *** Mouse movement (LeftButton) ***  Mouse coords: (470, 356) (34838, 24354)
2022-09-23 04:09:48.483 *** Mouse movement (LeftButton) ***  Mouse coords: (516, 356) (35290, 24354)
2022-09-23 04:09:48.511 *** Mouse movement (LeftButton) ***  Mouse coords: (562, 360) (35290, 24413)
2022-09-23 04:09:48.533 *** Mouse movement (LeftButton) ***  Mouse coords: (673, 386) (36237, 24733)
2022-09-23 04:09:48.559 *** Mouse movement (LeftButton) ***  Mouse coords: (730, 406) (35450, 24645)
2022-09-23 04:09:48.582 *** Mouse movement (LeftButton) ***  Mouse coords: (785, 425) (35421, 24631)
2022-09-23 04:09:48.607 *** Mouse movement (LeftButton) ***  Mouse coords: (810, 433) (34983, 24471)
2022-09-23 04:09:48.635 *** Mouse movement (LeftButton) ***  Mouse coords: (820, 436) (34765, 24398)
2022-09-23 04:09:48.658 *** Mouse movement (LeftButton) ***  Mouse coords: (821, 436) (34634, 24354)
2022-09-23 04:09:48.683 *** Mouse movement (LeftButton) ***  Mouse coords: (821, 436) (34619, 24354)
2022-09-23 04:09:48.933 *** Keyboard input *** key pressed: key: 90; text: "z"
2022-09-23 04:09:48.941 *** Process image overlay spent 0.01 seconds.
2022-09-23 04:09:48.996 *** Get cell color spent 0.06 seconds.
2022-09-23 04:09:49.196 *** Keyboard input *** key pressed: key: 90; text: "z"
2022-09-23 04:09:50.972 *** Keyboard input *** key pressed: key: 90; text: "z"
2022-09-23 04:09:50.977 *** Process image overlay spent 0.00 seconds.
2022-09-23 04:09:50.983 *** Get cell color spent 0.01 seconds.
2022-09-23 04:09:51.370 *** Keyboard input *** key pressed: key: 90; text: "z"
2022-09-23 04:09:52.228 *** Keyboard input *** key pressed: key: 90; text: "z"
2022-09-23 04:09:52.231 *** Process image overlay spent 0.00 seconds.
2022-09-23 04:09:52.233 *** Get cell color spent 0.00 seconds.
2022-09-23 04:09:52.670 *** Keyboard input *** key pressed: key: 90; text: "z"
2022-09-23 04:09:52.966 *** Keyboard input *** key pressed: key: 90; text: "z"
2022-09-23 04:09:52.972 *** Process image overlay spent 0.00 seconds.
2022-09-23 04:09:52.976 *** Get cell color spent 0.00 seconds.
2022-09-23 04:09:53.246 *** Keyboard input *** key pressed: key: 90; text: "z"
2022-09-23 04:09:54.098 *** Keyboard input *** key pressed: key: 90; text: "z"
2022-09-23 04:09:54.103 *** Process image overlay spent 0.00 seconds.
2022-09-23 04:09:54.107 *** Get cell color spent 0.00 seconds.
2022-09-23 04:09:54.453 *** Keyboard input *** key pressed: key: 90; text: "z"
2022-09-23 04:09:55.530 *** Keyboard input *** key pressed: key: 90; text: "z"
2022-09-23 04:09:55.532 *** Process image overlay spent 0.00 seconds.
2022-09-23 04:09:55.535 *** Get cell color spent 0.00 seconds.
2022-09-23 04:09:55.980 *** Keyboard input *** key pressed: key: 90; text: "z"
2022-09-23 04:09:57.046 *** Keyboard input *** key pressed: key: 90; text: "z"
2022-09-23 04:09:57.053 *** Process image overlay spent 0.00 seconds.
2022-09-23 04:09:57.057 *** Get cell color spent 0.00 seconds.
2022-09-23 04:09:57.317 *** Keyboard input *** key pressed: key: 90; text: "z"
2022-09-23 04:09:58.510 *** Keyboard input *** key pressed: key: 90; text: "z"
2022-09-23 04:09:58.512 *** Process image overlay spent 0.00 seconds.
2022-09-23 04:09:58.514 *** Get cell color spent 0.00 seconds.
2022-09-23 04:09:58.812 *** Keyboard input *** key pressed: key: 90; text: "z"
2022-09-23 04:09:59.681 *** Mouse movement (LeftButton) ***  Mouse coords: (929, 394) (33078, 23286)
2022-09-23 04:10:00.011 *** Keyboard input *** key pressed: key: 90; text: "z"
2022-09-23 04:10:00.017 *** Process image overlay spent 0.00 seconds.
2022-09-23 04:10:00.021 *** Get cell color spent 0.00 seconds.
2022-09-23 04:10:00.371 *** Keyboard input *** key pressed: key: 90; text: "z"
2022-09-23 04:10:00.642 *** Keyboard input *** key pressed: key: 90; text: "z"
2022-09-23 04:10:00.648 *** Process image overlay spent 0.00 seconds.
2022-09-23 04:10:00.652 *** Get cell color spent 0.00 seconds.
2022-09-23 04:10:00.915 *** Keyboard input *** key pressed: key: 90; text: "z"
2022-09-23 04:10:01.720 *** Keyboard input *** key pressed: key: 90; text: "z"
2022-09-23 04:10:01.723 *** Process image overlay spent 0.00 seconds.
2022-09-23 04:10:01.727 *** Get cell color spent 0.00 seconds.
2022-09-23 04:10:02.131 *** Keyboard input *** key pressed: key: 90; text: "z"
2022-09-23 04:10:02.471 *** Keyboard input *** key pressed: key: 90; text: "z"
2022-09-23 04:10:02.477 *** Process image overlay spent 0.00 seconds.
2022-09-23 04:10:02.486 *** Get cell color spent 0.01 seconds.
2022-09-23 04:10:02.772 *** Keyboard input *** key pressed: key: 90; text: "z"
2022-09-23 04:10:03.111 *** Keyboard input *** key pressed: key: 90; text: "z"
2022-09-23 04:10:03.114 *** Process image overlay spent 0.00 seconds.
2022-09-23 04:10:03.120 *** Get cell color spent 0.01 seconds.
2022-09-23 04:10:03.454 *** Keyboard input *** key pressed: key: 90; text: "z"
2022-09-23 04:10:08.337 *** Interactive label *** Review annotations/active learning start.
2022-09-23 04:10:52.431 *** Program closed.
2022-09-23 04:10:52.481 *** EOF in transport thread
