2022-09-08 00:30:45.486 *** Start program *** Start program
2022-09-08 00:31:10.078 *** starting thread (client mode): 0xec1bb880
2022-09-08 00:31:10.079 *** Local version/idstring: SSH-2.0-paramiko_2.11.0
2022-09-08 00:31:10.101 *** Remote version/idstring: SSH-2.0-OpenSSH_5.3
2022-09-08 00:31:10.101 *** Connected (version 2.0, client OpenSSH_5.3)
2022-09-08 00:31:10.119 *** === Key exchange possibilities ===
2022-09-08 00:31:10.119 *** kex algos: diffie-hellman-group-exchange-sha256, diffie-hellman-group-exchange-sha1, diffie-hellman-group14-sha1, diffie-hellman-group1-sha1
2022-09-08 00:31:10.119 *** server key: ssh-rsa, ssh-rsa-cert-v01@openssh.com, ssh-dss
2022-09-08 00:31:10.119 *** client encrypt: aes128-ctr, aes192-ctr, aes256-ctr, arcfour256, arcfour128, aes128-cbc, 3des-cbc, blowfish-cbc, cast128-cbc, aes192-cbc, aes256-cbc, arcfour, rijndael-cbc@lysator.liu.se
2022-09-08 00:31:10.119 *** server encrypt: aes128-ctr, aes192-ctr, aes256-ctr, arcfour256, arcfour128, aes128-cbc, 3des-cbc, blowfish-cbc, cast128-cbc, aes192-cbc, aes256-cbc, arcfour, rijndael-cbc@lysator.liu.se
2022-09-08 00:31:10.119 *** client mac: hmac-md5, hmac-sha1, umac-64@openssh.com, hmac-sha2-256, hmac-sha2-512, hmac-ripemd160, hmac-ripemd160@openssh.com, hmac-sha1-96, hmac-md5-96
2022-09-08 00:31:10.119 *** server mac: hmac-md5, hmac-sha1, umac-64@openssh.com, hmac-sha2-256, hmac-sha2-512, hmac-ripemd160, hmac-ripemd160@openssh.com, hmac-sha1-96, hmac-md5-96
2022-09-08 00:31:10.119 *** client compress: none, zlib@openssh.com
2022-09-08 00:31:10.119 *** server compress: none, zlib@openssh.com
2022-09-08 00:31:10.119 *** client lang: <none>
2022-09-08 00:31:10.119 *** server lang: <none>
2022-09-08 00:31:10.119 *** kex follows: False
2022-09-08 00:31:10.119 *** === Key exchange agreements ===
2022-09-08 00:31:10.120 *** Kex: diffie-hellman-group-exchange-sha256
2022-09-08 00:31:10.120 *** HostKey: ssh-rsa
2022-09-08 00:31:10.120 *** Cipher: aes128-ctr
2022-09-08 00:31:10.120 *** MAC: hmac-sha2-256
2022-09-08 00:31:10.120 *** Compression: none
2022-09-08 00:31:10.120 *** === End of kex handshake ===
2022-09-08 00:31:10.179 *** Got server p (2048 bits)
2022-09-08 00:31:10.278 *** kex engine KexGexSHA256 specified hash_algo <built-in function openssl_sha256>
2022-09-08 00:31:10.278 *** Switch to new keys ...
2022-09-08 00:31:10.279 *** Adding ssh-rsa host key for 173.201.181.247: b'cca345f774a2d98448d0bcc78f04075d'
2022-09-08 00:31:10.354 *** userauth is OK
2022-09-08 00:31:10.378 *** Authentication (password) successful!
2022-09-08 00:31:10.379 *** [chan 0] Max packet in: 32768 bytes
2022-09-08 00:31:10.398 *** [chan 0] Max packet out: 32768 bytes
2022-09-08 00:31:10.398 *** Secsh channel 0 opened.
2022-09-08 00:31:10.419 *** [chan 0] Sesch channel 0 request ok
2022-09-08 00:31:10.464 *** [chan 0] Opened sftp connection (server version 3)
2022-09-08 00:31:10.465 *** [chan 0] stat(b'/home/b6o162rzivzp/NucFinder_DB/E7F814D2456CF381/interactive_nuclei_dict.pickle')
2022-09-08 00:31:10.486 *** [chan 0] stat(b'/home/b6o162rzivzp/NucFinder_DB/E7F814D2456CF381/model.pickle')
2022-09-08 00:31:10.505 *** [chan 0] open(b'/home/b6o162rzivzp/NucFinder_DB/E7F814D2456CF381/model.pickle', 'rb')
2022-09-08 00:31:10.525 *** [chan 0] open(b'/home/b6o162rzivzp/NucFinder_DB/E7F814D2456CF381/model.pickle', 'rb') -> 00000000
2022-09-08 00:31:11.063 *** [chan 0] close(00000000)
2022-09-08 00:31:17.051 *** Interactive label *** Review annotations/active learning start.
2022-09-08 00:31:23.488 *** Program closed.
2022-09-08 00:31:23.527 *** EOF in transport thread
