2022-10-13 22:52:44.023 *** Start program *** Start program
2022-10-13 22:52:49.645 *** Open case *** /media/zhihuang/Drive16/20220722_Eric_Yang
2022-10-13 22:52:53.692 *** Open processed data
2022-10-13 22:52:53.694 *** Preload all statistics at once.
2022-10-13 22:52:53.986 *** Nuclei stat data loaded, took 0.29 seconds. Total number of nuclei: 169921
2022-10-13 22:53:06.785 *** starting thread (client mode): 0xa23004f0
2022-10-13 22:53:06.785 *** Local version/idstring: SSH-2.0-paramiko_2.11.0
2022-10-13 22:53:06.806 *** Remote version/idstring: SSH-2.0-OpenSSH_5.3
2022-10-13 22:53:06.806 *** Connected (version 2.0, client OpenSSH_5.3)
2022-10-13 22:53:06.822 *** === Key exchange possibilities ===
2022-10-13 22:53:06.822 *** kex algos: diffie-hellman-group-exchange-sha256, diffie-hellman-group-exchange-sha1, diffie-hellman-group14-sha1, diffie-hellman-group1-sha1
2022-10-13 22:53:06.822 *** server key: ssh-rsa, ssh-rsa-cert-v01@openssh.com, ssh-dss
2022-10-13 22:53:06.822 *** client encrypt: aes128-ctr, aes192-ctr, aes256-ctr, arcfour256, arcfour128, aes128-cbc, 3des-cbc, blowfish-cbc, cast128-cbc, aes192-cbc, aes256-cbc, arcfour, rijndael-cbc@lysator.liu.se
2022-10-13 22:53:06.822 *** server encrypt: aes128-ctr, aes192-ctr, aes256-ctr, arcfour256, arcfour128, aes128-cbc, 3des-cbc, blowfish-cbc, cast128-cbc, aes192-cbc, aes256-cbc, arcfour, rijndael-cbc@lysator.liu.se
2022-10-13 22:53:06.822 *** client mac: hmac-md5, hmac-sha1, umac-64@openssh.com, hmac-sha2-256, hmac-sha2-512, hmac-ripemd160, hmac-ripemd160@openssh.com, hmac-sha1-96, hmac-md5-96
2022-10-13 22:53:06.822 *** server mac: hmac-md5, hmac-sha1, umac-64@openssh.com, hmac-sha2-256, hmac-sha2-512, hmac-ripemd160, hmac-ripemd160@openssh.com, hmac-sha1-96, hmac-md5-96
2022-10-13 22:53:06.822 *** client compress: none, zlib@openssh.com
2022-10-13 22:53:06.823 *** server compress: none, zlib@openssh.com
2022-10-13 22:53:06.823 *** client lang: <none>
2022-10-13 22:53:06.823 *** server lang: <none>
2022-10-13 22:53:06.823 *** kex follows: False
2022-10-13 22:53:06.823 *** === Key exchange agreements ===
2022-10-13 22:53:06.823 *** Kex: diffie-hellman-group-exchange-sha256
2022-10-13 22:53:06.823 *** HostKey: ssh-rsa
2022-10-13 22:53:06.823 *** Cipher: aes128-ctr
2022-10-13 22:53:06.823 *** MAC: hmac-sha2-256
2022-10-13 22:53:06.823 *** Compression: none
2022-10-13 22:53:06.823 *** === End of kex handshake ===
2022-10-13 22:53:06.881 *** Got server p (2048 bits)
2022-10-13 22:53:06.939 *** kex engine KexGexSHA256 specified hash_algo <built-in function openssl_sha256>
2022-10-13 22:53:06.940 *** Switch to new keys ...
2022-10-13 22:53:06.940 *** Adding ssh-rsa host key for 173.201.181.247: b'cca345f774a2d98448d0bcc78f04075d'
2022-10-13 22:53:07.011 *** userauth is OK
2022-10-13 22:53:07.032 *** Authentication (password) successful!
2022-10-13 22:53:07.032 *** [chan 0] Max packet in: 32768 bytes
2022-10-13 22:53:07.048 *** [chan 0] Max packet out: 32768 bytes
2022-10-13 22:53:07.048 *** Secsh channel 0 opened.
2022-10-13 22:53:07.065 *** [chan 0] Sesch channel 0 request ok
2022-10-13 22:53:07.081 *** [chan 0] Opened sftp connection (server version 3)
2022-10-13 22:53:07.082 *** [chan 0] stat(b'/home/b6o162rzivzp/NucFinder_DB/E7F814D2456CF381/interactive_nuclei_dict.pickle')
2022-10-13 22:53:07.098 *** [chan 0] stat(b'/home/b6o162rzivzp/NucFinder_DB/E7F814D2456CF381/model.pickle')
2022-10-13 22:53:07.114 *** [chan 0] open(b'/home/b6o162rzivzp/NucFinder_DB/E7F814D2456CF381/model.pickle', 'rb')
2022-10-13 22:53:07.130 *** [chan 0] open(b'/home/b6o162rzivzp/NucFinder_DB/E7F814D2456CF381/model.pickle', 'rb') -> 00000000
2022-10-13 22:53:07.515 *** [chan 0] close(00000000)
2022-10-13 22:53:07.553 *** Interactive label *** Apply to case start.
2022-10-13 22:53:12.509 *** starting thread (client mode): 0xa1d4cfd0
2022-10-13 22:53:12.509 *** Local version/idstring: SSH-2.0-paramiko_2.11.0
2022-10-13 22:53:12.532 *** Remote version/idstring: SSH-2.0-OpenSSH_5.3
2022-10-13 22:53:12.533 *** Connected (version 2.0, client OpenSSH_5.3)
2022-10-13 22:53:12.550 *** === Key exchange possibilities ===
2022-10-13 22:53:12.550 *** kex algos: diffie-hellman-group-exchange-sha256, diffie-hellman-group-exchange-sha1, diffie-hellman-group14-sha1, diffie-hellman-group1-sha1
2022-10-13 22:53:12.551 *** server key: ssh-rsa, ssh-rsa-cert-v01@openssh.com, ssh-dss
2022-10-13 22:53:12.551 *** client encrypt: aes128-ctr, aes192-ctr, aes256-ctr, arcfour256, arcfour128, aes128-cbc, 3des-cbc, blowfish-cbc, cast128-cbc, aes192-cbc, aes256-cbc, arcfour, rijndael-cbc@lysator.liu.se
2022-10-13 22:53:12.551 *** server encrypt: aes128-ctr, aes192-ctr, aes256-ctr, arcfour256, arcfour128, aes128-cbc, 3des-cbc, blowfish-cbc, cast128-cbc, aes192-cbc, aes256-cbc, arcfour, rijndael-cbc@lysator.liu.se
2022-10-13 22:53:12.551 *** client mac: hmac-md5, hmac-sha1, umac-64@openssh.com, hmac-sha2-256, hmac-sha2-512, hmac-ripemd160, hmac-ripemd160@openssh.com, hmac-sha1-96, hmac-md5-96
2022-10-13 22:53:12.551 *** server mac: hmac-md5, hmac-sha1, umac-64@openssh.com, hmac-sha2-256, hmac-sha2-512, hmac-ripemd160, hmac-ripemd160@openssh.com, hmac-sha1-96, hmac-md5-96
2022-10-13 22:53:12.551 *** client compress: none, zlib@openssh.com
2022-10-13 22:53:12.551 *** server compress: none, zlib@openssh.com
2022-10-13 22:53:12.551 *** client lang: <none>
2022-10-13 22:53:12.551 *** server lang: <none>
2022-10-13 22:53:12.551 *** kex follows: False
2022-10-13 22:53:12.551 *** === Key exchange agreements ===
2022-10-13 22:53:12.551 *** Kex: diffie-hellman-group-exchange-sha256
2022-10-13 22:53:12.551 *** HostKey: ssh-rsa
2022-10-13 22:53:12.551 *** Cipher: aes128-ctr
2022-10-13 22:53:12.552 *** MAC: hmac-sha2-256
2022-10-13 22:53:12.552 *** Compression: none
2022-10-13 22:53:12.552 *** === End of kex handshake ===
2022-10-13 22:53:12.612 *** Got server p (2048 bits)
2022-10-13 22:53:12.682 *** kex engine KexGexSHA256 specified hash_algo <built-in function openssl_sha256>
2022-10-13 22:53:12.683 *** Switch to new keys ...
2022-10-13 22:53:12.683 *** Adding ssh-rsa host key for 173.201.181.247: b'cca345f774a2d98448d0bcc78f04075d'
2022-10-13 22:53:12.759 *** userauth is OK
2022-10-13 22:53:12.781 *** Authentication (password) successful!
2022-10-13 22:53:12.782 *** [chan 0] Max packet in: 32768 bytes
2022-10-13 22:53:12.800 *** [chan 0] Max packet out: 32768 bytes
2022-10-13 22:53:12.800 *** Secsh channel 0 opened.
2022-10-13 22:53:12.821 *** [chan 0] Sesch channel 0 request ok
2022-10-13 22:53:12.839 *** [chan 0] Opened sftp connection (server version 3)
2022-10-13 22:53:12.839 *** [chan 0] stat(b'/home/b6o162rzivzp/NucFinder_DB/5C13C0941673F44C/interactive_nuclei_dict.pickle')
2022-10-13 22:53:12.859 *** [chan 0] stat(b'/home/b6o162rzivzp/NucFinder_DB/5C13C0941673F44C/model.pickle')
2022-10-13 22:53:12.877 *** [chan 0] open(b'/home/b6o162rzivzp/NucFinder_DB/5C13C0941673F44C/model.pickle', 'rb')
2022-10-13 22:53:12.896 *** [chan 0] open(b'/home/b6o162rzivzp/NucFinder_DB/5C13C0941673F44C/model.pickle', 'rb') -> 00000000
2022-10-13 22:53:16.015 *** [chan 0] close(00000000)
2022-10-13 22:53:16.119 *** Interactive label *** Apply to case start.
2022-10-13 22:53:18.171 *** Interactive label *** Apply to case done.
2022-10-13 22:53:18.323 *** Interactive label *** Apply to case finish overlay create.
2022-10-13 22:53:26.707 *** CACHEDIR=/home/zhihuang/.cache/matplotlib
2022-10-13 22:53:26.708 *** Using fontManager instance from /home/zhihuang/.cache/matplotlib/fontlist-v330.json
2022-10-13 22:53:27.003 *** Loaded backend qtagg version unknown.
2022-10-13 22:56:00.335 *** Mouse movement (LeftButton) ***  Mouse coords: (448, 356) (28280, 12412)
2022-10-13 22:56:00.352 *** Mouse movement (LeftButton) ***  Mouse coords: (450, 360) (28600, 12892)
2022-10-13 22:56:00.367 *** Mouse movement (LeftButton) ***  Mouse coords: (455, 369) (29079, 13692)
2022-10-13 22:56:00.385 *** Mouse movement (LeftButton) ***  Mouse coords: (462, 379) (29400, 13852)
2022-10-13 22:56:00.419 *** Mouse movement (LeftButton) ***  Mouse coords: (486, 402) (32120, 15932)
2022-10-13 22:56:00.434 *** Mouse movement (LeftButton) ***  Mouse coords: (508, 414) (31800, 14172)
2022-10-13 22:56:00.450 *** Mouse movement (LeftButton) ***  Mouse coords: (522, 419) (30520, 13052)
2022-10-13 22:56:00.475 *** Mouse movement (LeftButton) ***  Mouse coords: (528, 420) (29240, 12412)
2022-10-13 22:56:00.496 *** Mouse movement (LeftButton) ***  Mouse coords: (529, 420) (28440, 12252)
2022-10-13 22:56:01.617 *** Mouse movement (LeftButton) ***  Mouse coords: (424, 193) (8324, 21533)
2022-10-13 22:56:01.634 *** Mouse movement (LeftButton) ***  Mouse coords: (426, 195) (8344, 21543)
2022-10-13 22:56:01.650 *** Mouse movement (LeftButton) ***  Mouse coords: (430, 198) (8363, 21552)
2022-10-13 22:56:01.668 *** Mouse movement (LeftButton) ***  Mouse coords: (437, 206) (8392, 21601)
2022-10-13 22:56:01.685 *** Mouse movement (LeftButton) ***  Mouse coords: (457, 231) (8519, 21767)
2022-10-13 22:56:01.702 *** Mouse movement (LeftButton) ***  Mouse coords: (470, 252) (8451, 21727)
2022-10-13 22:56:01.717 *** Mouse movement (LeftButton) ***  Mouse coords: (486, 285) (8480, 21845)
2022-10-13 22:56:01.736 *** Mouse movement (LeftButton) ***  Mouse coords: (499, 319) (8451, 21854)
2022-10-13 22:56:01.751 *** Mouse movement (LeftButton) ***  Mouse coords: (502, 338) (8353, 21709)
2022-10-13 22:56:01.768 *** Mouse movement (LeftButton) ***  Mouse coords: (502, 350) (8324, 21640)
2022-10-13 22:56:01.784 *** Mouse movement (LeftButton) ***  Mouse coords: (498, 357) (8285, 21591)
2022-10-13 22:56:01.800 *** Mouse movement (LeftButton) ***  Mouse coords: (497, 360) (8314, 21552)
2022-10-13 22:56:01.818 *** Mouse movement (LeftButton) ***  Mouse coords: (497, 361) (8324, 21533)
2022-10-13 22:56:02.606 *** Keyboard input *** key pressed: key: 90; text: "z"
2022-10-13 22:56:02.608 *** Process image overlay spent 0.00 seconds.
2022-10-13 22:56:02.616 *** Get cell color spent 0.01 seconds.
2022-10-13 22:56:03.360 *** Process image overlay spent 0.00 seconds.
2022-10-13 22:56:03.367 *** Get cell color spent 0.01 seconds.
2022-10-13 22:56:03.648 *** Process image overlay spent 0.00 seconds.
2022-10-13 22:56:03.668 *** Get cell color spent 0.02 seconds.
2022-10-13 22:56:04.295 *** Keyboard input *** key pressed: key: 90; text: "z"
2022-10-13 22:56:04.760 *** Keyboard input *** key pressed: key: 90; text: "z"
2022-10-13 22:56:05.338 *** Keyboard input *** key pressed: key: 90; text: "z"
2022-10-13 22:56:05.593 *** Keyboard input *** key pressed: key: 90; text: "z"
2022-10-13 22:56:05.940 *** Keyboard input *** key pressed: key: 90; text: "z"
2022-10-13 22:56:06.274 *** Mouse movement (LeftButton) ***  Mouse coords: (819, 105) (13106, 16613)
2022-10-13 22:56:06.300 *** Mouse movement (LeftButton) ***  Mouse coords: (813, 112) (13004, 16715)
2022-10-13 22:56:06.323 *** Mouse movement (LeftButton) ***  Mouse coords: (802, 121) (12918, 16750)
2022-10-13 22:56:06.343 *** Mouse movement (LeftButton) ***  Mouse coords: (772, 137) (12594, 16869)
2022-10-13 22:56:06.362 *** Mouse movement (LeftButton) ***  Mouse coords: (759, 145) (12885, 16732)
2022-10-13 22:56:06.385 *** Mouse movement (LeftButton) ***  Mouse coords: (746, 153) (12884, 16733)
2022-10-13 22:56:06.413 *** Mouse movement (LeftButton) ***  Mouse coords: (736, 159) (12935, 16698)
2022-10-13 22:56:06.439 *** Mouse movement (LeftButton) ***  Mouse coords: (732, 164) (13038, 16681)
2022-10-13 22:56:06.462 *** Mouse movement (LeftButton) ***  Mouse coords: (728, 169) (13038, 16682)
2022-10-13 22:56:06.489 *** Mouse movement (LeftButton) ***  Mouse coords: (726, 171) (13072, 16630)
2022-10-13 22:56:06.756 *** Keyboard input *** key pressed: key: 90; text: "z"
2022-10-13 22:56:07.054 *** Keyboard input *** key pressed: key: 90; text: "z"
2022-10-13 22:56:12.906 *** Keyboard input *** key pressed: key: 90; text: "z"
2022-10-13 22:56:13.275 *** Keyboard input *** key pressed: key: 90; text: "z"
2022-10-13 22:56:13.531 *** Keyboard input *** key pressed: key: 90; text: "z"
2022-10-13 22:56:13.796 *** Keyboard input *** key pressed: key: 90; text: "z"
2022-10-13 22:56:14.524 *** Mouse movement (LeftButton) ***  Mouse coords: (519, 172) (5277, 9166)
2022-10-13 22:56:14.535 *** Mouse movement (LeftButton) ***  Mouse coords: (520, 175) (5276, 9179)
2022-10-13 22:56:14.550 *** Mouse movement (LeftButton) ***  Mouse coords: (538, 213) (5382, 9397)
2022-10-13 22:56:14.567 *** Mouse movement (LeftButton) ***  Mouse coords: (566, 274) (5445, 9541)
2022-10-13 22:56:14.584 *** Mouse movement (LeftButton) ***  Mouse coords: (589, 327) (5414, 9492)
2022-10-13 22:56:14.602 *** Mouse movement (LeftButton) ***  Mouse coords: (630, 420) (5526, 9741)
2022-10-13 22:56:14.619 *** Mouse movement (LeftButton) ***  Mouse coords: (649, 470) (5389, 9473)
2022-10-13 22:56:14.635 *** Mouse movement (LeftButton) ***  Mouse coords: (662, 499) (5351, 9341)
2022-10-13 22:56:14.651 *** Mouse movement (LeftButton) ***  Mouse coords: (677, 538) (5364, 9404)
2022-10-13 22:56:14.667 *** Mouse movement (LeftButton) ***  Mouse coords: (691, 584) (5358, 9447)
2022-10-13 22:56:14.684 *** Mouse movement (LeftButton) ***  Mouse coords: (693, 592) (5282, 9210)
2022-10-13 22:56:14.700 *** Mouse movement (LeftButton) ***  Mouse coords: (694, 595) (5276, 9179)
2022-10-13 22:56:14.873 *** Keyboard input *** key pressed: key: 90; text: "z"
2022-10-13 22:56:14.875 *** Process image overlay spent 0.00 seconds.
2022-10-13 22:56:14.889 *** Get cell color spent 0.01 seconds.
2022-10-13 22:56:15.438 *** Keyboard input *** key pressed: key: 90; text: "z"
2022-10-13 22:56:15.852 *** Mouse movement (LeftButton) ***  Mouse coords: (527, 217) (4227, 6797)
2022-10-13 22:56:15.867 *** Mouse movement (LeftButton) ***  Mouse coords: (532, 228) (4258, 6854)
2022-10-13 22:56:15.885 *** Mouse movement (LeftButton) ***  Mouse coords: (544, 247) (4302, 6904)
2022-10-13 22:56:15.902 *** Mouse movement (LeftButton) ***  Mouse coords: (565, 273) (4358, 6947)
2022-10-13 22:56:15.917 *** Mouse movement (LeftButton) ***  Mouse coords: (588, 297) (4371, 6935)
2022-10-13 22:56:15.934 *** Mouse movement (LeftButton) ***  Mouse coords: (603, 311) (4321, 6873)
2022-10-13 22:56:15.950 *** Mouse movement (LeftButton) ***  Mouse coords: (628, 328) (4383, 6891)
2022-10-13 22:56:15.967 *** Mouse movement (LeftButton) ***  Mouse coords: (636, 334) (4277, 6822)
2022-10-13 22:56:15.984 *** Mouse movement (LeftButton) ***  Mouse coords: (639, 337) (4246, 6804)
2022-10-13 22:56:16.001 *** Mouse movement (LeftButton) ***  Mouse coords: (640, 337) (4233, 6785)
2022-10-13 22:56:16.352 *** Keyboard input *** key pressed: key: 90; text: "z"
2022-10-13 22:56:16.354 *** Process image overlay spent 0.00 seconds.
2022-10-13 22:56:16.365 *** Get cell color spent 0.01 seconds.
2022-10-13 22:56:16.439 *** Process image overlay spent 0.00 seconds.
2022-10-13 22:56:16.445 *** Get cell color spent 0.01 seconds.
2022-10-13 22:56:17.088 *** Process image overlay spent 0.00 seconds.
2022-10-13 22:56:17.090 *** Get cell color spent 0.00 seconds.
2022-10-13 22:56:17.155 *** Process image overlay spent 0.00 seconds.
2022-10-13 22:56:17.156 *** Get cell color spent 0.00 seconds.
2022-10-13 22:56:17.431 *** Process image overlay spent 0.00 seconds.
2022-10-13 22:56:17.432 *** Get cell color spent 0.00 seconds.
2022-10-13 22:56:17.940 *** Keyboard input *** key pressed: key: 90; text: "z"
2022-10-13 22:56:18.230 *** Keyboard input *** key pressed: key: 90; text: "z"
2022-10-13 22:56:18.231 *** Process image overlay spent 0.00 seconds.
2022-10-13 22:56:18.233 *** Get cell color spent 0.00 seconds.
2022-10-13 22:56:18.504 *** Keyboard input *** key pressed: key: 90; text: "z"
2022-10-13 22:56:19.298 *** Keyboard input *** key pressed: key: 90; text: "z"
2022-10-13 22:56:19.299 *** Process image overlay spent 0.00 seconds.
2022-10-13 22:56:19.309 *** Get cell color spent 0.01 seconds.
2022-10-13 22:56:19.744 *** Keyboard input *** key pressed: key: 90; text: "z"
2022-10-13 22:56:19.958 *** Keyboard input *** key pressed: key: 90; text: "z"
2022-10-13 22:56:19.959 *** Process image overlay spent 0.00 seconds.
2022-10-13 22:56:19.970 *** Get cell color spent 0.01 seconds.
2022-10-13 22:56:21.836 *** Process image overlay spent 0.00 seconds.
2022-10-13 22:56:21.838 *** Get cell color spent 0.00 seconds.
2022-10-13 22:56:21.878 *** Process image overlay spent 0.00 seconds.
2022-10-13 22:56:21.880 *** Get cell color spent 0.00 seconds.
2022-10-13 22:56:22.538 *** Keyboard input *** key pressed: key: 90; text: "z"
2022-10-13 22:56:22.833 *** Keyboard input *** key pressed: key: 90; text: "z"
2022-10-13 22:56:22.835 *** Process image overlay spent 0.00 seconds.
2022-10-13 22:56:22.837 *** Get cell color spent 0.00 seconds.
2022-10-13 22:56:23.112 *** Keyboard input *** key pressed: key: 90; text: "z"
2022-10-13 22:56:23.554 *** Mouse movement (LeftButton) ***  Mouse coords: (659, 153) (3639, 6663)
2022-10-13 22:56:23.569 *** Mouse movement (LeftButton) ***  Mouse coords: (660, 155) (3640, 6663)
2022-10-13 22:56:23.584 *** Mouse movement (LeftButton) ***  Mouse coords: (664, 160) (3642, 6665)
2022-10-13 22:56:23.603 *** Mouse movement (LeftButton) ***  Mouse coords: (673, 169) (3645, 6668)
2022-10-13 22:56:23.617 *** Mouse movement (LeftButton) ***  Mouse coords: (686, 178) (3647, 6668)
2022-10-13 22:56:23.637 *** Mouse movement (LeftButton) ***  Mouse coords: (700, 190) (3649, 6670)
2022-10-13 22:56:23.657 *** Mouse movement (LeftButton) ***  Mouse coords: (725, 204) (3655, 6672)
2022-10-13 22:56:23.672 *** Mouse movement (LeftButton) ***  Mouse coords: (750, 217) (3656, 6670)
2022-10-13 22:56:23.690 *** Mouse movement (LeftButton) ***  Mouse coords: (773, 229) (3654, 6670)
2022-10-13 22:56:23.708 *** Mouse movement (LeftButton) ***  Mouse coords: (790, 235) (3651, 6666)
2022-10-13 22:56:23.731 *** Mouse movement (LeftButton) ***  Mouse coords: (810, 244) (3652, 6668)
2022-10-13 22:56:23.751 *** Mouse movement (LeftButton) ***  Mouse coords: (816, 247) (3643, 6664)
2022-10-13 22:56:23.772 *** Mouse movement (LeftButton) ***  Mouse coords: (817, 247) (3640, 6662)
2022-10-13 22:56:23.976 *** Keyboard input *** key pressed: key: 90; text: "z"
2022-10-13 22:56:23.977 *** Process image overlay spent 0.00 seconds.
2022-10-13 22:56:23.978 *** Get cell color spent 0.00 seconds.
2022-10-13 22:56:24.348 *** Keyboard input *** key pressed: key: 90; text: "z"
2022-10-13 22:56:24.662 *** Keyboard input *** key pressed: key: 90; text: "z"
2022-10-13 22:56:24.663 *** Process image overlay spent 0.00 seconds.
2022-10-13 22:56:24.665 *** Get cell color spent 0.00 seconds.
2022-10-13 22:56:24.926 *** Keyboard input *** key pressed: key: 90; text: "z"
2022-10-13 22:56:25.197 *** Keyboard input *** key pressed: key: 90; text: "z"
2022-10-13 22:56:25.198 *** Process image overlay spent 0.00 seconds.
2022-10-13 22:56:25.200 *** Get cell color spent 0.00 seconds.
2022-10-13 22:56:25.460 *** Keyboard input *** key pressed: key: 90; text: "z"
2022-10-13 22:56:25.722 *** Keyboard input *** key pressed: key: 90; text: "z"
2022-10-13 22:56:25.723 *** Process image overlay spent 0.00 seconds.
2022-10-13 22:56:25.725 *** Get cell color spent 0.00 seconds.
2022-10-13 22:56:26.026 *** Keyboard input *** key pressed: key: 90; text: "z"
2022-10-13 22:56:26.960 *** Mouse movement (LeftButton) ***  Mouse coords: (830, 298) (3610, 6773)
2022-10-13 22:56:26.985 *** Mouse movement (LeftButton) ***  Mouse coords: (821, 298) (3580, 6770)
2022-10-13 22:56:27.018 *** Mouse movement (LeftButton) ***  Mouse coords: (774, 290) (3446, 6742)
2022-10-13 22:56:27.035 *** Mouse movement (LeftButton) ***  Mouse coords: (718, 283) (3412, 6745)
2022-10-13 22:56:27.052 *** Mouse movement (LeftButton) ***  Mouse coords: (676, 280) (3463, 6759)
2022-10-13 22:56:27.067 *** Mouse movement (LeftButton) ***  Mouse coords: (653, 280) (3531, 6770)
2022-10-13 22:56:27.084 *** Mouse movement (LeftButton) ***  Mouse coords: (615, 280) (3478, 6770)
2022-10-13 22:56:27.100 *** Mouse movement (LeftButton) ***  Mouse coords: (590, 280) (3523, 6770)
2022-10-13 22:56:27.119 *** Mouse movement (LeftButton) ***  Mouse coords: (571, 280) (3545, 6770)
2022-10-13 22:56:27.136 *** Mouse movement (LeftButton) ***  Mouse coords: (565, 281) (3592, 6774)
2022-10-13 22:56:27.150 *** Mouse movement (LeftButton) ***  Mouse coords: (563, 281) (3606, 6770)
2022-10-13 22:56:28.346 *** Keyboard input *** key pressed: key: 90; text: "z"
2022-10-13 22:56:28.349 *** Process image overlay spent 0.00 seconds.
2022-10-13 22:56:28.353 *** Get cell color spent 0.00 seconds.
2022-10-13 22:56:42.293 *** Program closed.
2022-10-13 22:56:42.930 *** EOF in transport thread
2022-10-13 22:56:42.938 *** EOF in transport thread
