2022-09-11 18:35:33.874 *** Start program *** Start program
2022-09-11 18:35:47.406 *** Open case *** /Applications/XAMPP/xamppfiles/htdocs/20220722_Eric_Yang
2022-09-11 18:35:54.466 *** Open processed data
2022-09-11 18:35:54.466 *** Preload all statistics at once.
2022-09-11 18:35:55.745 *** Nuclei stat data loaded, took 1.28 seconds. Total number of nuclei: 604435
2022-09-11 18:36:00.477 *** Mouse movement (LeftButton) ***  Mouse coords: (581, 310) (50608, 16521)
2022-09-11 18:36:00.485 *** Mouse movement (LeftButton) ***  Mouse coords: (582, 311) (50768, 16681)
2022-09-11 18:36:00.499 *** Mouse movement (LeftButton) ***  Mouse coords: (587, 320) (51568, 18121)
2022-09-11 18:36:00.511 *** Mouse movement (LeftButton) ***  Mouse coords: (596, 331) (53008, 19881)
2022-09-11 18:36:00.518 *** Mouse movement (LeftButton) ***  Mouse coords: (597, 332) (53168, 20041)
2022-09-11 18:36:00.532 *** Mouse movement (LeftButton) ***  Mouse coords: (612, 350) (55568, 22921)
2022-09-11 18:36:00.557 *** Mouse movement (LeftButton) ***  Mouse coords: (621, 358) (57008, 24201)
2022-09-11 18:36:00.574 *** Mouse movement (LeftButton) ***  Mouse coords: (645, 375) (60848, 26921)
2022-09-11 18:36:00.584 *** Mouse movement (LeftButton) ***  Mouse coords: (654, 378) (62288, 27401)
2022-09-11 18:36:00.598 *** Mouse movement (LeftButton) ***  Mouse coords: (658, 380) (62928, 27721)
2022-09-11 18:36:00.609 *** Mouse movement (LeftButton) ***  Mouse coords: (661, 381) (63408, 27881)
2022-09-11 18:36:00.624 *** Mouse movement (LeftButton) ***  Mouse coords: (662, 381) (63568, 27881)
2022-09-11 18:36:01.944 *** Mouse movement (LeftButton) ***  Mouse coords: (626, 352) (57808, 23241)
2022-09-11 18:36:01.981 *** Mouse movement (LeftButton) ***  Mouse coords: (626, 352) (57808, 23241)
2022-09-11 18:36:02.003 *** Mouse movement (LeftButton) ***  Mouse coords: (626, 351) (57808, 23081)
2022-09-11 18:36:02.028 *** Mouse movement (LeftButton) ***  Mouse coords: (626, 351) (57808, 23241)
2022-09-11 18:36:02.071 *** Mouse movement (LeftButton) ***  Mouse coords: (627, 351) (57968, 23241)
2022-09-11 18:36:02.101 *** Mouse movement (LeftButton) ***  Mouse coords: (628, 349) (57968, 22921)
2022-09-11 18:36:02.127 *** Mouse movement (LeftButton) ***  Mouse coords: (629, 347) (57968, 22921)
2022-09-11 18:36:02.155 *** Mouse movement (LeftButton) ***  Mouse coords: (633, 343) (58448, 22601)
2022-09-11 18:36:02.179 *** Mouse movement (LeftButton) ***  Mouse coords: (636, 341) (58288, 22921)
2022-09-11 18:36:02.204 *** Mouse movement (LeftButton) ***  Mouse coords: (644, 338) (59088, 22761)
2022-09-11 18:36:02.231 *** Mouse movement (LeftButton) ***  Mouse coords: (649, 337) (58608, 23081)
2022-09-11 18:36:02.257 *** Mouse movement (LeftButton) ***  Mouse coords: (651, 336) (58128, 23081)
2022-09-11 18:36:02.282 *** Mouse movement (LeftButton) ***  Mouse coords: (651, 336) (57808, 23241)
2022-09-11 18:36:04.922 *** Mouse movement (LeftButton) ***  Mouse coords: (665, 429) (52505, 12019)
2022-09-11 18:36:04.951 *** Mouse movement (LeftButton) ***  Mouse coords: (665, 412) (52505, 10417)
2022-09-11 18:36:04.973 *** Mouse movement (LeftButton) ***  Mouse coords: (664, 403) (52411, 11171)
2022-09-11 18:36:04.993 *** Mouse movement (LeftButton) ***  Mouse coords: (659, 378) (52033, 9664)
2022-09-11 18:36:05.012 *** Mouse movement (LeftButton) ***  Mouse coords: (649, 328) (51563, 7308)
2022-09-11 18:36:05.033 *** Mouse movement (LeftButton) ***  Mouse coords: (640, 280) (51657, 7496)
2022-09-11 18:36:05.053 *** Mouse movement (LeftButton) ***  Mouse coords: (638, 259) (52317, 10040)
2022-09-11 18:36:05.073 *** Mouse movement (LeftButton) ***  Mouse coords: (637, 252) (52411, 11360)
2022-09-11 18:36:05.107 *** Mouse movement (LeftButton) ***  Mouse coords: (636, 250) (52410, 11830)
2022-09-11 18:36:15.077 *** starting thread (client mode): 0x496fcb80
2022-09-11 18:36:15.078 *** Local version/idstring: SSH-2.0-paramiko_2.11.0
2022-09-11 18:36:15.104 *** Remote version/idstring: SSH-2.0-OpenSSH_5.3
2022-09-11 18:36:15.104 *** Connected (version 2.0, client OpenSSH_5.3)
2022-09-11 18:36:15.124 *** === Key exchange possibilities ===
2022-09-11 18:36:15.125 *** kex algos: diffie-hellman-group-exchange-sha256, diffie-hellman-group-exchange-sha1, diffie-hellman-group14-sha1, diffie-hellman-group1-sha1
2022-09-11 18:36:15.125 *** server key: ssh-rsa, ssh-rsa-cert-v01@openssh.com, ssh-dss
2022-09-11 18:36:15.125 *** client encrypt: aes128-ctr, aes192-ctr, aes256-ctr, arcfour256, arcfour128, aes128-cbc, 3des-cbc, blowfish-cbc, cast128-cbc, aes192-cbc, aes256-cbc, arcfour, rijndael-cbc@lysator.liu.se
2022-09-11 18:36:15.125 *** server encrypt: aes128-ctr, aes192-ctr, aes256-ctr, arcfour256, arcfour128, aes128-cbc, 3des-cbc, blowfish-cbc, cast128-cbc, aes192-cbc, aes256-cbc, arcfour, rijndael-cbc@lysator.liu.se
2022-09-11 18:36:15.125 *** client mac: hmac-md5, hmac-sha1, umac-64@openssh.com, hmac-sha2-256, hmac-sha2-512, hmac-ripemd160, hmac-ripemd160@openssh.com, hmac-sha1-96, hmac-md5-96
2022-09-11 18:36:15.125 *** server mac: hmac-md5, hmac-sha1, umac-64@openssh.com, hmac-sha2-256, hmac-sha2-512, hmac-ripemd160, hmac-ripemd160@openssh.com, hmac-sha1-96, hmac-md5-96
2022-09-11 18:36:15.125 *** client compress: none, zlib@openssh.com
2022-09-11 18:36:15.125 *** server compress: none, zlib@openssh.com
2022-09-11 18:36:15.125 *** client lang: <none>
2022-09-11 18:36:15.125 *** server lang: <none>
2022-09-11 18:36:15.125 *** kex follows: False
2022-09-11 18:36:15.125 *** === Key exchange agreements ===
2022-09-11 18:36:15.125 *** Kex: diffie-hellman-group-exchange-sha256
2022-09-11 18:36:15.125 *** HostKey: ssh-rsa
2022-09-11 18:36:15.125 *** Cipher: aes128-ctr
2022-09-11 18:36:15.125 *** MAC: hmac-sha2-256
2022-09-11 18:36:15.125 *** Compression: none
2022-09-11 18:36:15.125 *** === End of kex handshake ===
2022-09-11 18:36:15.191 *** Got server p (2048 bits)
2022-09-11 18:36:15.279 *** kex engine KexGexSHA256 specified hash_algo <built-in function openssl_sha256>
2022-09-11 18:36:15.280 *** Switch to new keys ...
2022-09-11 18:36:15.281 *** Adding ssh-rsa host key for 173.201.181.247: b'cca345f774a2d98448d0bcc78f04075d'
2022-09-11 18:36:15.363 *** userauth is OK
2022-09-11 18:36:15.394 *** Authentication (password) successful!
2022-09-11 18:36:15.395 *** [chan 0] Max packet in: 32768 bytes
2022-09-11 18:36:15.419 *** [chan 0] Max packet out: 32768 bytes
2022-09-11 18:36:15.419 *** Secsh channel 0 opened.
2022-09-11 18:36:15.444 *** [chan 0] Sesch channel 0 request ok
2022-09-11 18:36:15.466 *** [chan 0] Opened sftp connection (server version 3)
2022-09-11 18:36:15.466 *** [chan 0] stat(b'/home/b6o162rzivzp/NucFinder_DB/E7F814D2456CF381/interactive_nuclei_dict.pickle')
2022-09-11 18:36:15.491 *** [chan 0] stat(b'/home/b6o162rzivzp/NucFinder_DB/E7F814D2456CF381/model.pickle')
2022-09-11 18:36:15.515 *** [chan 0] open(b'/home/b6o162rzivzp/NucFinder_DB/E7F814D2456CF381/model.pickle', 'rb')
2022-09-11 18:36:15.547 *** [chan 0] open(b'/home/b6o162rzivzp/NucFinder_DB/E7F814D2456CF381/model.pickle', 'rb') -> 00000000
2022-09-11 18:36:16.179 *** [chan 0] close(00000000)
2022-09-11 18:36:16.226 *** Interactive label *** Apply to case start.
2022-09-11 18:38:52.468 *** Program closed.
