2022-09-09 18:34:09.349 *** Start program *** Start program
2022-09-09 18:34:14.417 *** Open case *** /home/zhihuang/Desktop/A14
2022-09-09 18:34:16.026 *** Open processed data
2022-09-09 18:34:16.027 *** Preload all statistics at once.
2022-09-09 18:34:17.873 *** Nuclei stat data loaded, took 1.85 seconds. Total number of nuclei: 1470268
2022-09-09 18:34:31.237 *** starting thread (client mode): 0x2e6bb220
2022-09-09 18:34:31.238 *** Local version/idstring: SSH-2.0-paramiko_2.11.0
2022-09-09 18:34:31.256 *** Remote version/idstring: SSH-2.0-OpenSSH_5.3
2022-09-09 18:34:31.256 *** Connected (version 2.0, client OpenSSH_5.3)
2022-09-09 18:34:31.274 *** === Key exchange possibilities ===
2022-09-09 18:34:31.274 *** kex algos: diffie-hellman-group-exchange-sha256, diffie-hellman-group-exchange-sha1, diffie-hellman-group14-sha1, diffie-hellman-group1-sha1
2022-09-09 18:34:31.275 *** server key: ssh-rsa, ssh-rsa-cert-v01@openssh.com, ssh-dss
2022-09-09 18:34:31.275 *** client encrypt: aes128-ctr, aes192-ctr, aes256-ctr, arcfour256, arcfour128, aes128-cbc, 3des-cbc, blowfish-cbc, cast128-cbc, aes192-cbc, aes256-cbc, arcfour, rijndael-cbc@lysator.liu.se
2022-09-09 18:34:31.275 *** server encrypt: aes128-ctr, aes192-ctr, aes256-ctr, arcfour256, arcfour128, aes128-cbc, 3des-cbc, blowfish-cbc, cast128-cbc, aes192-cbc, aes256-cbc, arcfour, rijndael-cbc@lysator.liu.se
2022-09-09 18:34:31.276 *** client mac: hmac-md5, hmac-sha1, umac-64@openssh.com, hmac-sha2-256, hmac-sha2-512, hmac-ripemd160, hmac-ripemd160@openssh.com, hmac-sha1-96, hmac-md5-96
2022-09-09 18:34:31.276 *** server mac: hmac-md5, hmac-sha1, umac-64@openssh.com, hmac-sha2-256, hmac-sha2-512, hmac-ripemd160, hmac-ripemd160@openssh.com, hmac-sha1-96, hmac-md5-96
2022-09-09 18:34:31.276 *** client compress: none, zlib@openssh.com
2022-09-09 18:34:31.276 *** server compress: none, zlib@openssh.com
2022-09-09 18:34:31.277 *** client lang: <none>
2022-09-09 18:34:31.277 *** server lang: <none>
2022-09-09 18:34:31.277 *** kex follows: False
2022-09-09 18:34:31.277 *** === Key exchange agreements ===
2022-09-09 18:34:31.278 *** Kex: diffie-hellman-group-exchange-sha256
2022-09-09 18:34:31.278 *** HostKey: ssh-rsa
2022-09-09 18:34:31.279 *** Cipher: aes128-ctr
2022-09-09 18:34:31.279 *** MAC: hmac-sha2-256
2022-09-09 18:34:31.280 *** Compression: none
2022-09-09 18:34:31.280 *** === End of kex handshake ===
2022-09-09 18:34:31.339 *** Got server p (2048 bits)
2022-09-09 18:34:31.440 *** kex engine KexGexSHA256 specified hash_algo <built-in function openssl_sha256>
2022-09-09 18:34:31.441 *** Switch to new keys ...
2022-09-09 18:34:31.442 *** Adding ssh-rsa host key for 173.201.181.247: b'cca345f774a2d98448d0bcc78f04075d'
2022-09-09 18:34:31.519 *** userauth is OK
2022-09-09 18:34:31.541 *** Authentication (password) successful!
2022-09-09 18:34:31.544 *** [chan 0] Max packet in: 32768 bytes
2022-09-09 18:34:31.562 *** [chan 0] Max packet out: 32768 bytes
2022-09-09 18:34:31.563 *** Secsh channel 0 opened.
2022-09-09 18:34:31.584 *** [chan 0] Sesch channel 0 request ok
2022-09-09 18:34:31.606 *** [chan 0] Opened sftp connection (server version 3)
2022-09-09 18:34:31.607 *** [chan 0] stat(b'/home/b6o162rzivzp/NucFinder_DB/CFB1B411265361DF/interactive_nuclei_dict.pickle')
2022-09-09 18:34:31.629 *** [chan 0] stat(b'/home/b6o162rzivzp/NucFinder_DB/CFB1B411265361DF/model.pickle')
2022-09-09 18:34:31.651 *** [chan 0] open(b'/home/b6o162rzivzp/NucFinder_DB/CFB1B411265361DF/model.pickle', 'rb')
2022-09-09 18:34:31.672 *** [chan 0] open(b'/home/b6o162rzivzp/NucFinder_DB/CFB1B411265361DF/model.pickle', 'rb') -> 00000000
2022-09-09 18:34:31.800 *** [chan 0] close(00000000)
2022-09-09 18:34:31.830 *** Interactive label *** Apply to case start.
2022-09-09 18:34:37.335 *** Interactive label *** Apply to case done.
2022-09-09 18:34:44.539 *** Interactive label *** Apply to case finish overlay create.
2022-09-09 18:34:45.128 *** Mouse movement (LeftButton) ***  Mouse coords: (751, 358) (41110, 50731)
2022-09-09 18:34:45.157 *** Mouse movement (LeftButton) ***  Mouse coords: (741, 367) (41100, 50741)
2022-09-09 18:34:45.172 *** Mouse movement (LeftButton) ***  Mouse coords: (733, 372) (41103, 50736)
2022-09-09 18:34:45.183 *** Mouse movement (LeftButton) ***  Mouse coords: (719, 380) (41097, 50739)
2022-09-09 18:34:45.200 *** Mouse movement (LeftButton) ***  Mouse coords: (704, 387) (41095, 50738)
2022-09-09 18:34:45.217 *** Mouse movement (LeftButton) ***  Mouse coords: (692, 394) (41099, 50739)
2022-09-09 18:34:45.233 *** Mouse movement (LeftButton) ***  Mouse coords: (667, 406) (41085, 50743)
2022-09-09 18:34:45.250 *** Mouse movement (LeftButton) ***  Mouse coords: (652, 413) (41095, 50738)
2022-09-09 18:34:45.267 *** Mouse movement (LeftButton) ***  Mouse coords: (644, 416) (41103, 50734)
2022-09-09 18:34:45.283 *** Mouse movement (LeftButton) ***  Mouse coords: (638, 419) (41104, 50735)
2022-09-09 18:34:45.300 *** Mouse movement (LeftButton) ***  Mouse coords: (633, 421) (41106, 50733)
2022-09-09 18:34:46.448 *** Mouse movement (LeftButton) ***  Mouse coords: (648, 412) (41213, 50255)
2022-09-09 18:34:46.466 *** Mouse movement (LeftButton) ***  Mouse coords: (651, 408) (41242, 50226)
2022-09-09 18:34:46.483 *** Mouse movement (LeftButton) ***  Mouse coords: (663, 395) (41330, 50139)
2022-09-09 18:34:46.500 *** Mouse movement (LeftButton) ***  Mouse coords: (695, 354) (41525, 49865)
2022-09-09 18:34:46.516 *** Mouse movement (LeftButton) ***  Mouse coords: (708, 334) (41340, 50070)
2022-09-09 18:34:46.533 *** Mouse movement (LeftButton) ***  Mouse coords: (728, 296) (41408, 49895)
2022-09-09 18:34:46.550 *** Mouse movement (LeftButton) ***  Mouse coords: (746, 252) (41389, 49836)
2022-09-09 18:34:46.566 *** Mouse movement (LeftButton) ***  Mouse coords: (760, 219) (41349, 49943)
2022-09-09 18:34:46.583 *** Mouse movement (LeftButton) ***  Mouse coords: (770, 200) (41311, 50080)
2022-09-09 18:34:46.600 *** Mouse movement (LeftButton) ***  Mouse coords: (771, 197) (41222, 50236)
2022-09-09 18:34:47.572 *** Mouse movement (LeftButton) ***  Mouse coords: (695, 331) (39587, 52392)
2022-09-09 18:34:47.583 *** Mouse movement (LeftButton) ***  Mouse coords: (695, 329) (39557, 52363)
2022-09-09 18:34:47.600 *** Mouse movement (LeftButton) ***  Mouse coords: (704, 316) (39826, 52034)
2022-09-09 18:34:47.617 *** Mouse movement (LeftButton) ***  Mouse coords: (710, 305) (39736, 52093)
2022-09-09 18:34:47.633 *** Mouse movement (LeftButton) ***  Mouse coords: (728, 275) (40094, 51527)
2022-09-09 18:34:47.650 *** Mouse movement (LeftButton) ***  Mouse coords: (739, 254) (39886, 51795)
2022-09-09 18:34:47.667 *** Mouse movement (LeftButton) ***  Mouse coords: (748, 237) (39826, 51914)
2022-09-09 18:34:47.683 *** Mouse movement (LeftButton) ***  Mouse coords: (756, 222) (39795, 51974)
2022-09-09 18:34:47.700 *** Mouse movement (LeftButton) ***  Mouse coords: (760, 214) (39677, 52183)
2022-09-09 18:34:49.359 *** Keyboard input *** key pressed: key: 90; text: "z"
2022-09-09 18:34:49.370 *** Process image overlay spent 0.01 seconds.
2022-09-09 18:34:49.397 *** Get cell color spent 0.03 seconds.
2022-09-09 18:34:49.513 *** CACHEDIR=/home/zhihuang/.cache/matplotlib
2022-09-09 18:34:49.514 *** Using fontManager instance from /home/zhihuang/.cache/matplotlib/fontlist-v330.json
2022-09-09 18:34:49.769 *** Loaded backend qtagg version unknown.
2022-09-09 18:34:59.379 *** Keyboard input *** key pressed: key: 90; text: "z"
2022-09-09 18:34:59.683 *** Keyboard input *** key pressed: key: 90; text: "z"
2022-09-09 18:34:59.693 *** Process image overlay spent 0.01 seconds.
2022-09-09 18:34:59.720 *** Get cell color spent 0.03 seconds.
2022-09-09 18:35:00.357 *** Process image overlay spent 0.01 seconds.
2022-09-09 18:35:00.359 *** Get cell color spent 0.00 seconds.
2022-09-09 18:35:01.558 *** Keyboard input *** key pressed: key: 90; text: "z"
2022-09-09 18:35:01.737 *** Keyboard input *** key pressed: key: 90; text: "z"
2022-09-09 18:35:01.763 *** Process image overlay spent 0.02 seconds.
2022-09-09 18:35:01.771 *** Get cell color spent 0.01 seconds.
2022-09-09 18:35:01.957 *** Keyboard input *** key pressed: key: 90; text: "z"
2022-09-09 18:35:02.337 *** Keyboard input *** key pressed: key: 88; text: "x"
2022-09-09 18:35:02.915 *** Keyboard input *** key pressed: key: 88; text: "x"
2022-09-09 18:35:03.108 *** Keyboard input *** key pressed: key: 90; text: "z"
2022-09-09 18:35:03.119 *** Process image overlay spent 0.01 seconds.
2022-09-09 18:35:03.121 *** Get cell color spent 0.00 seconds.
2022-09-09 18:35:03.539 *** Keyboard input *** key pressed: key: 90; text: "z"
2022-09-09 18:35:06.428 *** Interactive label *** Review annotations/active learning start.
