2022-09-23 11:14:29.725 *** Start program *** Start program
2022-09-23 11:14:35.234 *** Open case *** /Applications/XAMPP/xamppfiles/htdocs/20220722_Eric_Yang
2022-09-23 11:14:50.257 *** starting thread (client mode): 0x9a8375e0
2022-09-23 11:14:50.257 *** Local version/idstring: SSH-2.0-paramiko_2.11.0
2022-09-23 11:14:50.283 *** Remote version/idstring: SSH-2.0-OpenSSH_5.3
2022-09-23 11:14:50.283 *** Connected (version 2.0, client OpenSSH_5.3)
2022-09-23 11:14:50.337 *** === Key exchange possibilities ===
2022-09-23 11:14:50.337 *** kex algos: diffie-hellman-group-exchange-sha256, diffie-hellman-group-exchange-sha1, diffie-hellman-group14-sha1, diffie-hellman-group1-sha1
2022-09-23 11:14:50.337 *** server key: ssh-rsa, ssh-rsa-cert-v01@openssh.com, ssh-dss
2022-09-23 11:14:50.337 *** client encrypt: aes128-ctr, aes192-ctr, aes256-ctr, arcfour256, arcfour128, aes128-cbc, 3des-cbc, blowfish-cbc, cast128-cbc, aes192-cbc, aes256-cbc, arcfour, rijndael-cbc@lysator.liu.se
2022-09-23 11:14:50.337 *** server encrypt: aes128-ctr, aes192-ctr, aes256-ctr, arcfour256, arcfour128, aes128-cbc, 3des-cbc, blowfish-cbc, cast128-cbc, aes192-cbc, aes256-cbc, arcfour, rijndael-cbc@lysator.liu.se
2022-09-23 11:14:50.337 *** client mac: hmac-md5, hmac-sha1, umac-64@openssh.com, hmac-sha2-256, hmac-sha2-512, hmac-ripemd160, hmac-ripemd160@openssh.com, hmac-sha1-96, hmac-md5-96
2022-09-23 11:14:50.337 *** server mac: hmac-md5, hmac-sha1, umac-64@openssh.com, hmac-sha2-256, hmac-sha2-512, hmac-ripemd160, hmac-ripemd160@openssh.com, hmac-sha1-96, hmac-md5-96
2022-09-23 11:14:50.337 *** client compress: none, zlib@openssh.com
2022-09-23 11:14:50.337 *** server compress: none, zlib@openssh.com
2022-09-23 11:14:50.338 *** client lang: <none>
2022-09-23 11:14:50.338 *** server lang: <none>
2022-09-23 11:14:50.338 *** kex follows: False
2022-09-23 11:14:50.338 *** === Key exchange agreements ===
2022-09-23 11:14:50.338 *** Kex: diffie-hellman-group-exchange-sha256
2022-09-23 11:14:50.338 *** HostKey: ssh-rsa
2022-09-23 11:14:50.338 *** Cipher: aes128-ctr
2022-09-23 11:14:50.338 *** MAC: hmac-sha2-256
2022-09-23 11:14:50.338 *** Compression: none
2022-09-23 11:14:50.338 *** === End of kex handshake ===
2022-09-23 11:14:50.365 *** Got server p (2048 bits)
2022-09-23 11:14:50.489 *** kex engine KexGexSHA256 specified hash_algo <built-in function openssl_sha256>
2022-09-23 11:14:50.490 *** Switch to new keys ...
2022-09-23 11:14:50.491 *** Adding ssh-rsa host key for 173.201.181.247: b'cca345f774a2d98448d0bcc78f04075d'
2022-09-23 11:14:50.569 *** userauth is OK
2022-09-23 11:14:50.752 *** Authentication (password) successful!
2022-09-23 11:14:50.754 *** [chan 0] Max packet in: 32768 bytes
2022-09-23 11:14:50.776 *** [chan 0] Max packet out: 32768 bytes
2022-09-23 11:14:50.776 *** Secsh channel 0 opened.
2022-09-23 11:14:50.823 *** [chan 0] Sesch channel 0 request ok
2022-09-23 11:14:50.844 *** [chan 0] Opened sftp connection (server version 3)
2022-09-23 11:14:50.845 *** [chan 0] stat(b'/home/b6o162rzivzp/NucFinder_DB/3E4F1863BEC8CC26/interactive_nuclei_dict.pickle')
2022-09-23 11:14:50.870 *** [chan 0] stat(b'/home/b6o162rzivzp/NucFinder_DB/3E4F1863BEC8CC26/model.pickle')
2022-09-23 11:14:50.892 *** [chan 0] open(b'/home/b6o162rzivzp/NucFinder_DB/3E4F1863BEC8CC26/model.pickle', 'rb')
2022-09-23 11:14:50.951 *** [chan 0] open(b'/home/b6o162rzivzp/NucFinder_DB/3E4F1863BEC8CC26/model.pickle', 'rb') -> 00000000
2022-09-23 11:14:54.161 *** [chan 0] close(00000000)
2022-09-23 11:14:57.038 *** Open processed data
2022-09-23 11:14:57.038 *** Preload all statistics at once.
2022-09-23 11:14:58.145 *** Nuclei stat data loaded, took 1.11 seconds. Total number of nuclei: 604435
2022-09-23 11:15:00.045 *** Interactive label *** Apply to case start.
2022-09-23 11:15:04.381 *** Interactive label *** Apply to case done.
2022-09-23 11:15:04.524 *** Interactive label *** Apply to case finish overlay create.
2022-09-23 11:15:15.348 *** Mouse movement (LeftButton) ***  Mouse coords: (507, 409) (25976, 18859)
2022-09-23 11:15:21.694 *** Mouse movement (LeftButton) ***  Mouse coords: (603, 398) (31284, 26577)
2022-09-23 11:15:23.187 *** Keyboard input *** key pressed: key: 90; text: "z"
2022-09-23 11:15:24.992 *** Process image overlay spent 0.00 seconds.
2022-09-23 11:15:25.026 *** Get cell color spent 0.03 seconds.
2022-09-23 11:15:25.476 *** Process image overlay spent 0.00 seconds.
2022-09-23 11:15:25.492 *** Get cell color spent 0.02 seconds.
2022-09-23 11:15:26.155 *** Process image overlay spent 0.00 seconds.
2022-09-23 11:15:26.160 *** Get cell color spent 0.00 seconds.
2022-09-23 11:15:26.643 *** Process image overlay spent 0.00 seconds.
2022-09-23 11:15:26.647 *** Get cell color spent 0.00 seconds.
2022-09-23 11:15:39.670 *** Mouse movement (LeftButton) ***  Mouse coords: (668, 361) (32246, 22970)
2022-09-23 11:15:39.792 *** Mouse movement (LeftButton) ***  Mouse coords: (668, 361) (32246, 22970)
2022-09-23 11:15:39.826 *** Mouse movement (LeftButton) ***  Mouse coords: (668, 368) (32246, 22984)
2022-09-23 11:15:39.853 *** Mouse movement (LeftButton) ***  Mouse coords: (665, 374) (32240, 22983)
2022-09-23 11:15:39.877 *** Mouse movement (LeftButton) ***  Mouse coords: (663, 379) (32242, 22980)
2022-09-23 11:15:39.899 *** Mouse movement (LeftButton) ***  Mouse coords: (661, 381) (32242, 22974)
2022-09-23 11:15:39.921 *** Mouse movement (LeftButton) ***  Mouse coords: (661, 382) (32246, 22972)
2022-09-23 11:15:39.943 *** Mouse movement (LeftButton) ***  Mouse coords: (661, 383) (32246, 22972)
2022-09-23 11:15:39.966 *** Mouse movement (LeftButton) ***  Mouse coords: (661, 383) (32246, 22970)
2022-09-23 11:15:39.997 *** Mouse movement (LeftButton) ***  Mouse coords: (661, 383) (32246, 22970)
2022-09-23 11:15:42.585 *** Mouse movement (LeftButton) ***  Mouse coords: (892, 491) (32726, 23195)
2022-09-23 11:15:42.633 *** Mouse movement (LeftButton) ***  Mouse coords: (883, 499) (32708, 23212)
2022-09-23 11:15:42.673 *** Mouse movement (LeftButton) ***  Mouse coords: (876, 505) (32711, 23207)
2022-09-23 11:15:42.704 *** Mouse movement (LeftButton) ***  Mouse coords: (875, 507) (32724, 23199)
2022-09-23 11:15:42.740 *** Mouse movement (LeftButton) ***  Mouse coords: (874, 507) (32724, 23195)
2022-09-23 11:15:42.771 *** Mouse movement (LeftButton) ***  Mouse coords: (873, 507) (32724, 23195)
2022-09-23 11:15:42.931 *** Process image overlay spent 0.00 seconds.
2022-09-23 11:15:42.935 *** Get cell color spent 0.00 seconds.
2022-09-23 11:15:43.748 *** Process image overlay spent 0.00 seconds.
2022-09-23 11:15:43.749 *** Get cell color spent 0.00 seconds.
2022-09-23 11:15:43.798 *** Process image overlay spent 0.00 seconds.
2022-09-23 11:15:43.800 *** Get cell color spent 0.00 seconds.
2022-09-23 11:15:43.852 *** Process image overlay spent 0.00 seconds.
2022-09-23 11:15:43.853 *** Get cell color spent 0.00 seconds.
2022-09-23 11:15:43.896 *** Process image overlay spent 0.00 seconds.
2022-09-23 11:15:43.897 *** Get cell color spent 0.00 seconds.
2022-09-23 11:15:43.942 *** Process image overlay spent 0.00 seconds.
2022-09-23 11:15:43.944 *** Get cell color spent 0.00 seconds.
2022-09-23 11:15:43.999 *** Process image overlay spent 0.00 seconds.
2022-09-23 11:15:44.001 *** Get cell color spent 0.00 seconds.
2022-09-23 11:15:44.041 *** Process image overlay spent 0.00 seconds.
2022-09-23 11:15:44.042 *** Get cell color spent 0.00 seconds.
2022-09-23 11:15:44.076 *** Process image overlay spent 0.00 seconds.
2022-09-23 11:15:44.077 *** Get cell color spent 0.00 seconds.
2022-09-23 11:15:44.114 *** Process image overlay spent 0.00 seconds.
2022-09-23 11:15:44.116 *** Get cell color spent 0.00 seconds.
2022-09-23 11:15:44.651 *** Mouse movement (LeftButton) ***  Mouse coords: (832, 421) (32651, 23118)
2022-09-23 11:15:44.690 *** Process image overlay spent 0.00 seconds.
2022-09-23 11:15:44.692 *** Get cell color spent 0.00 seconds.
2022-09-23 11:15:44.731 *** Mouse movement (LeftButton) ***  Mouse coords: (832, 437) (32651, 23130)
2022-09-23 11:15:44.734 *** Process image overlay spent 0.00 seconds.
2022-09-23 11:15:44.736 *** Get cell color spent 0.00 seconds.
2022-09-23 11:15:44.779 *** Process image overlay spent 0.00 seconds.
2022-09-23 11:15:44.780 *** Get cell color spent 0.00 seconds.
2022-09-23 11:15:44.790 *** Mouse movement (LeftButton) ***  Mouse coords: (832, 441) (32651, 23120)
2022-09-23 11:15:44.814 *** Process image overlay spent 0.00 seconds.
2022-09-23 11:15:44.815 *** Get cell color spent 0.00 seconds.
2022-09-23 11:15:44.854 *** Process image overlay spent 0.00 seconds.
2022-09-23 11:15:44.855 *** Get cell color spent 0.00 seconds.
2022-09-23 11:15:44.866 *** Mouse movement (LeftButton) ***  Mouse coords: (832, 446) (32651, 23122)
2022-09-23 11:15:44.889 *** Process image overlay spent 0.00 seconds.
2022-09-23 11:15:44.890 *** Get cell color spent 0.00 seconds.
2022-09-23 11:15:44.932 *** Process image overlay spent 0.00 seconds.
2022-09-23 11:15:44.933 *** Get cell color spent 0.00 seconds.
2022-09-23 11:15:46.004 *** Keyboard input *** key pressed: key: 90; text: "z"
2022-09-23 11:15:47.208 *** Keyboard input *** key pressed: key: 16777251; text: ""
2022-09-23 11:15:47.620 *** Keyboard input *** key pressed: key: 16777251; text: ""
2022-09-23 11:16:24.595 *** Mouse movement (LeftButton) ***  Mouse coords: (1131, 679) (32860, 23280)
2022-09-23 11:17:29.368 *** Mouse movement (LeftButton) ***  Mouse coords: (655, 441) (32528, 23183)
2022-09-23 11:17:29.434 *** Mouse movement (LeftButton) ***  Mouse coords: (716, 441) (32638, 23183)
2022-09-23 11:17:29.464 *** Mouse movement (LeftButton) ***  Mouse coords: (734, 441) (32560, 23183)
2022-09-23 11:17:29.509 *** Mouse movement (LeftButton) ***  Mouse coords: (744, 441) (32546, 23183)
2022-09-23 11:17:29.531 *** Mouse movement (LeftButton) ***  Mouse coords: (748, 441) (32535, 23183)
2022-09-23 11:17:29.555 *** Mouse movement (LeftButton) ***  Mouse coords: (749, 441) (32530, 23183)
2022-09-23 11:17:29.589 *** Mouse movement (LeftButton) ***  Mouse coords: (749, 441) (32528, 23183)
2022-09-23 11:17:29.620 *** Mouse movement (LeftButton) ***  Mouse coords: (749, 441) (32528, 23183)
2022-09-23 11:17:30.244 *** Keyboard input *** key pressed: key: 90; text: "z"
2022-09-23 11:17:30.251 *** Process image overlay spent 0.00 seconds.
2022-09-23 11:17:30.257 *** Get cell color spent 0.01 seconds.
2022-09-23 11:17:31.507 *** Keyboard input *** key pressed: key: 90; text: "z"
2022-09-23 11:17:35.713 *** Keyboard input *** key pressed: key: 90; text: "z"
2022-09-23 11:17:36.435 *** Mouse movement (LeftButton) ***  Mouse coords: (747, 450) (25275, 19674)
2022-09-23 11:17:36.471 *** Mouse movement (LeftButton) ***  Mouse coords: (744, 451) (25042, 19752)
2022-09-23 11:17:36.502 *** Mouse movement (LeftButton) ***  Mouse coords: (742, 452) (25119, 19752)
2022-09-23 11:17:36.534 *** Mouse movement (LeftButton) ***  Mouse coords: (742, 453) (25275, 19752)
2022-09-23 11:17:36.619 *** Mouse movement (LeftButton) ***  Mouse coords: (742, 453) (25275, 19674)
2022-09-23 11:17:36.683 *** Mouse movement (LeftButton) ***  Mouse coords: (737, 454) (24885, 19752)
2022-09-23 11:17:36.707 *** Mouse movement (LeftButton) ***  Mouse coords: (734, 454) (25041, 19674)
2022-09-23 11:17:37.624 *** Keyboard input *** key pressed: key: 88; text: "x"
2022-09-23 11:17:37.634 *** Keyboard input *** key pressed: key: 90; text: "z"
2022-09-23 11:17:37.932 *** Keyboard input *** key pressed: key: 90; text: "z"
2022-09-23 11:17:38.291 *** Keyboard input *** key pressed: key: 90; text: "z"
2022-09-23 11:17:38.680 *** Keyboard input *** key pressed: key: 90; text: "z"
2022-09-23 11:17:46.352 *** Mouse movement (LeftButton) ***  Mouse coords: (847, 523) (34087, 25055)
2022-09-23 11:17:46.435 *** Mouse movement (LeftButton) ***  Mouse coords: (831, 526) (32839, 25289)
2022-09-23 11:17:46.466 *** Mouse movement (LeftButton) ***  Mouse coords: (827, 527) (33775, 25133)
2022-09-23 11:17:46.487 *** Mouse movement (LeftButton) ***  Mouse coords: (826, 527) (34009, 25055)
2022-09-23 11:17:46.510 *** Mouse movement (LeftButton) ***  Mouse coords: (826, 527) (34087, 25055)
2022-09-23 11:17:46.532 *** Mouse movement (LeftButton) ***  Mouse coords: (826, 528) (34087, 25133)
2022-09-23 11:17:46.556 *** Mouse movement (LeftButton) ***  Mouse coords: (826, 528) (34087, 25055)
2022-09-23 11:17:46.582 *** Mouse movement (LeftButton) ***  Mouse coords: (825, 529) (34009, 25133)
2022-09-23 11:17:52.451 *** Mouse movement (LeftButton) ***  Mouse coords: (799, 508) (32060, 23417)
2022-09-23 11:17:52.499 *** Mouse movement (LeftButton) ***  Mouse coords: (799, 517) (32060, 24119)
2022-09-23 11:17:52.528 *** Mouse movement (LeftButton) ***  Mouse coords: (799, 519) (32060, 23573)
2022-09-23 11:17:52.551 *** Mouse movement (LeftButton) ***  Mouse coords: (799, 524) (32060, 23807)
2022-09-23 11:17:52.573 *** Mouse movement (LeftButton) ***  Mouse coords: (799, 525) (32060, 23495)
2022-09-23 11:17:53.916 *** Process image overlay spent 0.00 seconds.
2022-09-23 11:17:53.955 *** Get cell color spent 0.04 seconds.
2022-09-23 11:17:54.276 *** Process image overlay spent 0.00 seconds.
2022-09-23 11:17:54.303 *** Get cell color spent 0.03 seconds.
2022-09-23 11:17:54.912 *** Process image overlay spent 0.00 seconds.
2022-09-23 11:17:54.920 *** Get cell color spent 0.01 seconds.
2022-09-23 11:17:55.245 *** Process image overlay spent 0.00 seconds.
2022-09-23 11:17:55.252 *** Get cell color spent 0.01 seconds.
2022-09-23 11:17:55.712 *** Process image overlay spent 0.00 seconds.
2022-09-23 11:17:55.714 *** Get cell color spent 0.00 seconds.
2022-09-23 11:18:58.601 *** Mouse movement (LeftButton) ***  Mouse coords: (344, 515) (31623, 23421)
2022-09-23 11:18:58.651 *** Mouse movement (LeftButton) ***  Mouse coords: (354, 515) (31641, 23421)
2022-09-23 11:18:58.679 *** Mouse movement (LeftButton) ***  Mouse coords: (357, 515) (31628, 23421)
2022-09-23 11:18:58.704 *** Mouse movement (LeftButton) ***  Mouse coords: (367, 515) (31640, 23421)
2022-09-23 11:18:58.729 *** Mouse movement (LeftButton) ***  Mouse coords: (374, 515) (31635, 23421)
2022-09-23 11:18:58.754 *** Mouse movement (LeftButton) ***  Mouse coords: (381, 515) (31635, 23421)
2022-09-23 11:18:58.805 *** Mouse movement (LeftButton) ***  Mouse coords: (388, 515) (31635, 23421)
2022-09-23 11:18:58.828 *** Mouse movement (LeftButton) ***  Mouse coords: (389, 515) (31625, 23421)
2022-09-23 11:18:58.868 *** Mouse movement (LeftButton) ***  Mouse coords: (389, 515) (31623, 23421)
2022-09-23 11:18:58.902 *** Mouse movement (LeftButton) ***  Mouse coords: (389, 515) (31623, 23421)
2022-09-23 11:18:59.055 *** Process image overlay spent 0.00 seconds.
2022-09-23 11:18:59.058 *** Get cell color spent 0.00 seconds.
2022-09-23 11:18:59.920 *** Keyboard input *** key pressed: key: 90; text: "z"
2022-09-23 11:19:00.332 *** Keyboard input *** key pressed: key: 90; text: "z"
2022-09-23 11:19:00.338 *** Process image overlay spent 0.00 seconds.
2022-09-23 11:19:00.345 *** Get cell color spent 0.01 seconds.
2022-09-23 11:42:09.119 *** Mouse movement (LeftButton) ***  Mouse coords: (991, 328) (32662, 23098)
2022-09-23 11:42:09.182 *** Mouse movement (LeftButton) ***  Mouse coords: (979, 328) (32641, 23098)
2022-09-23 11:42:09.214 *** Mouse movement (LeftButton) ***  Mouse coords: (970, 328) (32646, 23098)
2022-09-23 11:42:09.246 *** Mouse movement (LeftButton) ***  Mouse coords: (941, 328) (32612, 23098)
2022-09-23 11:42:09.272 *** Mouse movement (LeftButton) ***  Mouse coords: (934, 328) (32650, 23098)
2022-09-23 11:42:09.295 *** Mouse movement (LeftButton) ***  Mouse coords: (928, 328) (32652, 23098)
2022-09-23 11:42:09.328 *** Mouse movement (LeftButton) ***  Mouse coords: (924, 328) (32655, 23098)
2022-09-23 11:42:09.358 *** Mouse movement (LeftButton) ***  Mouse coords: (921, 328) (32657, 23098)
2022-09-23 11:42:09.386 *** Mouse movement (LeftButton) ***  Mouse coords: (919, 328) (32658, 23098)
2022-09-23 11:42:09.410 *** Mouse movement (LeftButton) ***  Mouse coords: (919, 328) (32662, 23098)
2022-09-23 11:42:09.554 *** Process image overlay spent 0.00 seconds.
2022-09-23 11:42:09.560 *** Get cell color spent 0.01 seconds.
2022-09-23 11:42:15.343 *** Interactive label *** Review annotations/active learning start.
2022-09-23 12:04:11.176 *** starting thread (client mode): 0x4ce59c40
2022-09-23 12:04:11.177 *** Local version/idstring: SSH-2.0-paramiko_2.11.0
2022-09-23 12:04:11.202 *** Remote version/idstring: SSH-2.0-OpenSSH_5.3
2022-09-23 12:04:11.202 *** Connected (version 2.0, client OpenSSH_5.3)
2022-09-23 12:04:11.221 *** === Key exchange possibilities ===
2022-09-23 12:04:11.221 *** kex algos: diffie-hellman-group-exchange-sha256, diffie-hellman-group-exchange-sha1, diffie-hellman-group14-sha1, diffie-hellman-group1-sha1
2022-09-23 12:04:11.221 *** server key: ssh-rsa, ssh-rsa-cert-v01@openssh.com, ssh-dss
2022-09-23 12:04:11.221 *** client encrypt: aes128-ctr, aes192-ctr, aes256-ctr, arcfour256, arcfour128, aes128-cbc, 3des-cbc, blowfish-cbc, cast128-cbc, aes192-cbc, aes256-cbc, arcfour, rijndael-cbc@lysator.liu.se
2022-09-23 12:04:11.221 *** server encrypt: aes128-ctr, aes192-ctr, aes256-ctr, arcfour256, arcfour128, aes128-cbc, 3des-cbc, blowfish-cbc, cast128-cbc, aes192-cbc, aes256-cbc, arcfour, rijndael-cbc@lysator.liu.se
2022-09-23 12:04:11.222 *** client mac: hmac-md5, hmac-sha1, umac-64@openssh.com, hmac-sha2-256, hmac-sha2-512, hmac-ripemd160, hmac-ripemd160@openssh.com, hmac-sha1-96, hmac-md5-96
2022-09-23 12:04:11.222 *** server mac: hmac-md5, hmac-sha1, umac-64@openssh.com, hmac-sha2-256, hmac-sha2-512, hmac-ripemd160, hmac-ripemd160@openssh.com, hmac-sha1-96, hmac-md5-96
2022-09-23 12:04:11.222 *** client compress: none, zlib@openssh.com
2022-09-23 12:04:11.222 *** server compress: none, zlib@openssh.com
2022-09-23 12:04:11.222 *** client lang: <none>
2022-09-23 12:04:11.223 *** server lang: <none>
2022-09-23 12:04:11.223 *** kex follows: False
2022-09-23 12:04:11.223 *** === Key exchange agreements ===
2022-09-23 12:04:11.223 *** Kex: diffie-hellman-group-exchange-sha256
2022-09-23 12:04:11.223 *** HostKey: ssh-rsa
2022-09-23 12:04:11.223 *** Cipher: aes128-ctr
2022-09-23 12:04:11.224 *** MAC: hmac-sha2-256
2022-09-23 12:04:11.224 *** Compression: none
2022-09-23 12:04:11.224 *** === End of kex handshake ===
2022-09-23 12:04:11.286 *** Got server p (2048 bits)
2022-09-23 12:04:11.376 *** kex engine KexGexSHA256 specified hash_algo <built-in function openssl_sha256>
2022-09-23 12:04:11.376 *** Switch to new keys ...
2022-09-23 12:04:11.377 *** Adding ssh-rsa host key for 173.201.181.247: b'cca345f774a2d98448d0bcc78f04075d'
2022-09-23 12:04:11.453 *** userauth is OK
2022-09-23 12:04:11.478 *** Authentication (password) successful!
2022-09-23 12:04:11.478 *** [chan 0] Max packet in: 32768 bytes
2022-09-23 12:04:11.513 *** [chan 0] Max packet out: 32768 bytes
2022-09-23 12:04:11.513 *** Secsh channel 0 opened.
2022-09-23 12:04:11.535 *** [chan 0] Sesch channel 0 request ok
2022-09-23 12:04:11.555 *** [chan 0] Opened sftp connection (server version 3)
2022-09-23 12:04:11.558 *** [chan 0] stat(b'/home/b6o162rzivzp/NucFinder_DB/34A578B649A57F6C/interactive_nuclei_dict.pickle')
2022-09-23 12:04:11.581 *** [chan 0] stat(b'/home/b6o162rzivzp/NucFinder_DB/34A578B649A57F6C/model.pickle')
2022-09-23 12:04:11.600 *** [chan 0] open(b'/home/b6o162rzivzp/NucFinder_DB/34A578B649A57F6C/model.pickle', 'rb')
2022-09-23 12:04:11.650 *** [chan 0] open(b'/home/b6o162rzivzp/NucFinder_DB/34A578B649A57F6C/model.pickle', 'rb') -> 00000000
2022-09-23 12:04:16.453 *** [chan 0] close(00000000)
2022-09-23 12:04:16.557 *** Interactive label *** Apply to case start.
2022-09-23 12:04:32.564 *** Process image overlay spent 0.00 seconds.
2022-09-23 12:04:32.578 *** Get cell color spent 0.01 seconds.
2022-09-23 12:04:33.909 *** Mouse movement (LeftButton) ***  Mouse coords: (1055, 936) (33109, 24150)
2022-09-23 12:04:34.952 *** Mouse movement (LeftButton) ***  Mouse coords: (997, 667) (33009, 23686)
2022-09-23 12:04:35.072 *** Mouse movement (LeftButton) ***  Mouse coords: (996, 666) (33008, 23684)
2022-09-23 12:04:35.108 *** Mouse movement (LeftButton) ***  Mouse coords: (992, 666) (33002, 23686)
2022-09-23 12:04:35.154 *** Mouse movement (LeftButton) ***  Mouse coords: (981, 666) (32990, 23686)
2022-09-23 12:04:35.176 *** Mouse movement (LeftButton) ***  Mouse coords: (975, 666) (32998, 23686)
2022-09-23 12:04:35.199 *** Mouse movement (LeftButton) ***  Mouse coords: (972, 666) (33004, 23686)
2022-09-23 12:04:35.232 *** Mouse movement (LeftButton) ***  Mouse coords: (972, 666) (33009, 23686)
2022-09-23 12:04:35.274 *** Mouse movement (LeftButton) ***  Mouse coords: (972, 666) (33009, 23686)
2022-09-23 12:04:41.068 *** Program closed.
2022-09-23 12:04:42.876 *** EOF in transport thread
2022-09-23 12:04:42.878 *** EOF in transport thread
