2022-09-09 03:04:23.374 *** Start program *** Start program
2022-09-09 03:04:30.564 *** starting thread (client mode): 0x132402b0
2022-09-09 03:04:30.565 *** Local version/idstring: SSH-2.0-paramiko_2.11.0
2022-09-09 03:04:30.589 *** Remote version/idstring: SSH-2.0-OpenSSH_5.3
2022-09-09 03:04:30.590 *** Connected (version 2.0, client OpenSSH_5.3)
2022-09-09 03:04:30.618 *** === Key exchange possibilities ===
2022-09-09 03:04:30.618 *** kex algos: diffie-hellman-group-exchange-sha256, diffie-hellman-group-exchange-sha1, diffie-hellman-group14-sha1, diffie-hellman-group1-sha1
2022-09-09 03:04:30.618 *** server key: ssh-rsa, ssh-rsa-cert-v01@openssh.com, ssh-dss
2022-09-09 03:04:30.618 *** client encrypt: aes128-ctr, aes192-ctr, aes256-ctr, arcfour256, arcfour128, aes128-cbc, 3des-cbc, blowfish-cbc, cast128-cbc, aes192-cbc, aes256-cbc, arcfour, rijndael-cbc@lysator.liu.se
2022-09-09 03:04:30.618 *** server encrypt: aes128-ctr, aes192-ctr, aes256-ctr, arcfour256, arcfour128, aes128-cbc, 3des-cbc, blowfish-cbc, cast128-cbc, aes192-cbc, aes256-cbc, arcfour, rijndael-cbc@lysator.liu.se
2022-09-09 03:04:30.619 *** client mac: hmac-md5, hmac-sha1, umac-64@openssh.com, hmac-sha2-256, hmac-sha2-512, hmac-ripemd160, hmac-ripemd160@openssh.com, hmac-sha1-96, hmac-md5-96
2022-09-09 03:04:30.619 *** server mac: hmac-md5, hmac-sha1, umac-64@openssh.com, hmac-sha2-256, hmac-sha2-512, hmac-ripemd160, hmac-ripemd160@openssh.com, hmac-sha1-96, hmac-md5-96
2022-09-09 03:04:30.619 *** client compress: none, zlib@openssh.com
2022-09-09 03:04:30.619 *** server compress: none, zlib@openssh.com
2022-09-09 03:04:30.619 *** client lang: <none>
2022-09-09 03:04:30.619 *** server lang: <none>
2022-09-09 03:04:30.619 *** kex follows: False
2022-09-09 03:04:30.619 *** === Key exchange agreements ===
2022-09-09 03:04:30.620 *** Kex: diffie-hellman-group-exchange-sha256
2022-09-09 03:04:30.620 *** HostKey: ssh-rsa
2022-09-09 03:04:30.620 *** Cipher: aes128-ctr
2022-09-09 03:04:30.620 *** MAC: hmac-sha2-256
2022-09-09 03:04:30.620 *** Compression: none
2022-09-09 03:04:30.620 *** === End of kex handshake ===
2022-09-09 03:04:30.673 *** Got server p (2048 bits)
2022-09-09 03:04:30.760 *** kex engine KexGexSHA256 specified hash_algo <built-in function openssl_sha256>
2022-09-09 03:04:30.761 *** Switch to new keys ...
2022-09-09 03:04:30.762 *** Adding ssh-rsa host key for 173.201.181.247: b'cca345f774a2d98448d0bcc78f04075d'
2022-09-09 03:04:30.840 *** userauth is OK
2022-09-09 03:04:30.867 *** Authentication (password) successful!
2022-09-09 03:04:30.870 *** [chan 0] Max packet in: 32768 bytes
2022-09-09 03:04:30.891 *** [chan 0] Max packet out: 32768 bytes
2022-09-09 03:04:30.891 *** Secsh channel 0 opened.
2022-09-09 03:04:30.913 *** [chan 0] Sesch channel 0 request ok
2022-09-09 03:04:30.934 *** [chan 0] Opened sftp connection (server version 3)
2022-09-09 03:04:30.934 *** [chan 0] stat(b'/home/b6o162rzivzp/NucFinder_DB/CFB1B411265361DF/interactive_nuclei_dict.pickle')
2022-09-09 03:04:30.954 *** [chan 0] stat(b'/home/b6o162rzivzp/NucFinder_DB/CFB1B411265361DF/model.pickle')
2022-09-09 03:04:30.976 *** [chan 0] open(b'/home/b6o162rzivzp/NucFinder_DB/CFB1B411265361DF/model.pickle', 'rb')
2022-09-09 03:04:30.997 *** [chan 0] open(b'/home/b6o162rzivzp/NucFinder_DB/CFB1B411265361DF/model.pickle', 'rb') -> 00000000
2022-09-09 03:04:31.139 *** [chan 0] close(00000000)
2022-09-09 03:04:34.025 *** Interactive label *** Review annotations/active learning start.
2022-09-09 03:04:38.865 *** Interactive label: Review annotations finished.
2022-09-09 03:04:38.962 *** CACHEDIR=/home/zhihuang/.cache/matplotlib
2022-09-09 03:04:38.964 *** Using fontManager instance from /home/zhihuang/.cache/matplotlib/fontlist-v330.json
2022-09-09 03:04:39.375 *** Loaded backend qtagg version unknown.
