2022-09-16 15:56:39.660 *** Start program *** Start program
2022-09-16 15:56:49.449 *** Open case *** /Applications/XAMPP/xamppfiles/htdocs/20220722_Eric_Yang
2022-09-16 15:57:00.769 *** User Login *** id=640475916; email=zhihuang@stanford.edu; firstname=Zhi; lastname=Huang.
2022-09-16 15:57:16.529 *** starting thread (client mode): 0xc4196970
2022-09-16 15:57:16.530 *** Local version/idstring: SSH-2.0-paramiko_2.11.0
2022-09-16 15:57:16.637 *** Remote version/idstring: SSH-2.0-OpenSSH_5.3
2022-09-16 15:57:16.637 *** Connected (version 2.0, client OpenSSH_5.3)
2022-09-16 15:57:16.727 *** === Key exchange possibilities ===
2022-09-16 15:57:16.727 *** kex algos: diffie-hellman-group-exchange-sha256, diffie-hellman-group-exchange-sha1, diffie-hellman-group14-sha1, diffie-hellman-group1-sha1
2022-09-16 15:57:16.727 *** server key: ssh-rsa, ssh-rsa-cert-v01@openssh.com, ssh-dss
2022-09-16 15:57:16.727 *** client encrypt: aes128-ctr, aes192-ctr, aes256-ctr, arcfour256, arcfour128, aes128-cbc, 3des-cbc, blowfish-cbc, cast128-cbc, aes192-cbc, aes256-cbc, arcfour, rijndael-cbc@lysator.liu.se
2022-09-16 15:57:16.727 *** server encrypt: aes128-ctr, aes192-ctr, aes256-ctr, arcfour256, arcfour128, aes128-cbc, 3des-cbc, blowfish-cbc, cast128-cbc, aes192-cbc, aes256-cbc, arcfour, rijndael-cbc@lysator.liu.se
2022-09-16 15:57:16.727 *** client mac: hmac-md5, hmac-sha1, umac-64@openssh.com, hmac-sha2-256, hmac-sha2-512, hmac-ripemd160, hmac-ripemd160@openssh.com, hmac-sha1-96, hmac-md5-96
2022-09-16 15:57:16.728 *** server mac: hmac-md5, hmac-sha1, umac-64@openssh.com, hmac-sha2-256, hmac-sha2-512, hmac-ripemd160, hmac-ripemd160@openssh.com, hmac-sha1-96, hmac-md5-96
2022-09-16 15:57:16.728 *** client compress: none, zlib@openssh.com
2022-09-16 15:57:16.728 *** server compress: none, zlib@openssh.com
2022-09-16 15:57:16.728 *** client lang: <none>
2022-09-16 15:57:16.728 *** server lang: <none>
2022-09-16 15:57:16.728 *** kex follows: False
2022-09-16 15:57:16.728 *** === Key exchange agreements ===
2022-09-16 15:57:16.729 *** Kex: diffie-hellman-group-exchange-sha256
2022-09-16 15:57:16.729 *** HostKey: ssh-rsa
2022-09-16 15:57:16.729 *** Cipher: aes128-ctr
2022-09-16 15:57:16.729 *** MAC: hmac-sha2-256
2022-09-16 15:57:16.729 *** Compression: none
2022-09-16 15:57:16.729 *** === End of kex handshake ===
2022-09-16 15:57:16.869 *** Got server p (2048 bits)
2022-09-16 15:57:17.019 *** kex engine KexGexSHA256 specified hash_algo <built-in function openssl_sha256>
2022-09-16 15:57:17.020 *** Switch to new keys ...
2022-09-16 15:57:17.021 *** Adding ssh-rsa host key for 173.201.181.247: b'cca345f774a2d98448d0bcc78f04075d'
2022-09-16 15:57:17.238 *** userauth is OK
2022-09-16 15:57:17.338 *** Authentication (password) successful!
2022-09-16 15:57:17.339 *** [chan 0] Max packet in: 32768 bytes
2022-09-16 15:57:17.431 *** [chan 0] Max packet out: 32768 bytes
2022-09-16 15:57:17.432 *** Secsh channel 0 opened.
2022-09-16 15:57:17.528 *** [chan 0] Sesch channel 0 request ok
2022-09-16 15:57:17.620 *** [chan 0] Opened sftp connection (server version 3)
2022-09-16 15:57:17.620 *** [chan 0] stat(b'/home/b6o162rzivzp/NucFinder_DB/A562F9C5E2D9823A/interactive_nuclei_dict.pickle')
2022-09-16 15:57:17.716 *** [chan 0] stat(b'/home/b6o162rzivzp/NucFinder_DB/A562F9C5E2D9823A/model.pickle')
2022-09-16 15:57:17.812 *** [chan 0] open(b'/home/b6o162rzivzp/NucFinder_DB/A562F9C5E2D9823A/model.pickle', 'rb')
2022-09-16 15:57:17.903 *** [chan 0] open(b'/home/b6o162rzivzp/NucFinder_DB/A562F9C5E2D9823A/model.pickle', 'rb') -> 00000000
2022-09-16 15:57:23.366 *** [chan 0] close(00000000)
2022-09-16 15:57:34.225 *** Open processed data
2022-09-16 15:57:34.227 *** Preload all statistics at once.
2022-09-16 15:57:35.108 *** Nuclei stat data loaded, took 0.88 seconds. Total number of nuclei: 420064
2022-09-16 15:57:36.480 *** Interactive label *** Apply to case start.
2022-09-16 15:57:41.690 *** Interactive label *** Apply to case done.
2022-09-16 15:57:42.746 *** Interactive label *** Apply to case finish overlay create.
2022-09-16 15:57:48.913 *** Mouse movement (LeftButton) ***  Mouse coords: (904, 359) (93480, 17479)
2022-09-16 15:57:49.026 *** Mouse movement (LeftButton) ***  Mouse coords: (903, 359) (93480, 17479)
2022-09-16 15:57:49.061 *** Mouse movement (LeftButton) ***  Mouse coords: (931, 362) (98120, 17959)
2022-09-16 15:57:49.094 *** Mouse movement (LeftButton) ***  Mouse coords: (970, 366) (99880, 18119)
2022-09-16 15:57:49.121 *** Mouse movement (LeftButton) ***  Mouse coords: (986, 366) (96199, 17479)
2022-09-16 15:57:49.148 *** Mouse movement (LeftButton) ***  Mouse coords: (990, 366) (94279, 17479)
2022-09-16 15:57:49.178 *** Mouse movement (LeftButton) ***  Mouse coords: (991, 366) (93799, 17479)
2022-09-16 15:57:49.880 *** Keyboard input *** key pressed: key: 90; text: "z"
2022-09-16 15:57:50.283 *** Keyboard input *** key pressed: key: 90; text: "z"
2022-09-16 15:57:50.605 *** Keyboard input *** key pressed: key: 90; text: "z"
2022-09-16 15:57:50.945 *** Keyboard input *** key pressed: key: 90; text: "z"
2022-09-16 15:57:51.240 *** Keyboard input *** key pressed: key: 90; text: "z"
2022-09-16 15:57:51.488 *** Keyboard input *** key pressed: key: 90; text: "z"
2022-09-16 15:57:51.778 *** Keyboard input *** key pressed: key: 90; text: "z"
2022-09-16 15:57:52.018 *** Keyboard input *** key pressed: key: 90; text: "z"
2022-09-16 15:57:57.926 *** Open processed data
2022-09-16 15:57:57.928 *** Preload all statistics at once.
2022-09-16 15:57:59.759 *** Nuclei stat data loaded, took 1.83 seconds. Total number of nuclei: 803016
2022-09-16 15:58:02.350 *** Interactive label *** Apply to case start.
2022-09-16 15:58:06.336 *** Interactive label *** Apply to case done.
2022-09-16 15:58:06.604 *** Interactive label *** Apply to case finish overlay create.
2022-09-16 15:58:07.841 *** Mouse movement (LeftButton) ***  Mouse coords: (711, 499) (23262, 36464)
2022-09-16 15:58:08.420 *** Mouse movement (LeftButton) ***  Mouse coords: (839, 477) (41688, 33297)
2022-09-16 15:58:08.526 *** Mouse movement (LeftButton) ***  Mouse coords: (839, 477) (41544, 33441)
2022-09-16 15:58:08.566 *** Mouse movement (LeftButton) ***  Mouse coords: (822, 478) (39097, 33585)
2022-09-16 15:58:08.615 *** Mouse movement (LeftButton) ***  Mouse coords: (759, 488) (32475, 34880)
2022-09-16 15:58:08.639 *** Mouse movement (LeftButton) ***  Mouse coords: (720, 494) (35929, 34305)
2022-09-16 15:58:08.664 *** Mouse movement (LeftButton) ***  Mouse coords: (701, 497) (38809, 33873)
2022-09-16 15:58:08.702 *** Mouse movement (LeftButton) ***  Mouse coords: (691, 497) (40105, 33441)
2022-09-16 15:58:08.736 *** Mouse movement (LeftButton) ***  Mouse coords: (690, 497) (41400, 33441)
2022-09-16 15:58:08.774 *** Mouse movement (LeftButton) ***  Mouse coords: (688, 496) (41256, 33297)
2022-09-16 15:58:09.016 *** Keyboard input *** key pressed: key: 90; text: "z"
2022-09-16 15:58:09.396 *** Keyboard input *** key pressed: key: 90; text: "z"
2022-09-16 15:58:09.637 *** Keyboard input *** key pressed: key: 90; text: "z"
2022-09-16 15:58:09.871 *** Keyboard input *** key pressed: key: 90; text: "z"
2022-09-16 15:58:10.081 *** Keyboard input *** key pressed: key: 90; text: "z"
2022-09-16 15:58:10.347 *** Keyboard input *** key pressed: key: 90; text: "z"
2022-09-16 15:58:10.577 *** Keyboard input *** key pressed: key: 90; text: "z"
2022-09-16 15:58:10.808 *** Keyboard input *** key pressed: key: 90; text: "z"
2022-09-16 15:58:13.022 *** Mouse movement (LeftButton) ***  Mouse coords: (494, 241) (19793, 34548)
2022-09-16 15:58:13.126 *** Mouse movement (LeftButton) ***  Mouse coords: (494, 242) (19793, 34566)
2022-09-16 15:58:13.164 *** Mouse movement (LeftButton) ***  Mouse coords: (526, 293) (20366, 35461)
2022-09-16 15:58:13.188 *** Mouse movement (LeftButton) ***  Mouse coords: (573, 369) (20635, 35909)
2022-09-16 15:58:13.212 *** Mouse movement (LeftButton) ***  Mouse coords: (593, 403) (20151, 35156)
2022-09-16 15:58:13.255 *** Mouse movement (LeftButton) ***  Mouse coords: (602, 419) (19954, 34835)
2022-09-16 15:58:13.279 *** Mouse movement (LeftButton) ***  Mouse coords: (604, 426) (19829, 34673)
2022-09-16 15:58:13.351 *** Mouse movement (LeftButton) ***  Mouse coords: (604, 427) (19793, 34566)
2022-09-16 15:58:13.384 *** Mouse movement (LeftButton) ***  Mouse coords: (604, 426) (19793, 34530)
2022-09-16 15:58:15.395 *** Keyboard input *** key pressed: key: 90; text: "z"
2022-09-16 15:58:15.404 *** Process image overlay spent 0.01 seconds.
2022-09-16 15:58:15.407 *** Get cell color spent 0.00 seconds.
2022-09-16 15:58:15.837 *** Keyboard input *** key pressed: key: 90; text: "z"
2022-09-16 15:58:16.362 *** Keyboard input *** key pressed: key: 90; text: "z"
2022-09-16 15:58:16.368 *** Process image overlay spent 0.00 seconds.
2022-09-16 15:58:16.371 *** Get cell color spent 0.00 seconds.
2022-09-16 15:58:16.686 *** Keyboard input *** key pressed: key: 90; text: "z"
2022-09-16 15:58:17.677 *** Keyboard input *** key pressed: key: 90; text: "z"
2022-09-16 15:58:17.681 *** Process image overlay spent 0.00 seconds.
2022-09-16 15:58:17.684 *** Get cell color spent 0.00 seconds.
2022-09-16 15:58:18.084 *** Keyboard input *** key pressed: key: 90; text: "z"
2022-09-16 15:58:18.357 *** Keyboard input *** key pressed: key: 90; text: "z"
2022-09-16 15:58:18.363 *** Process image overlay spent 0.00 seconds.
2022-09-16 15:58:18.366 *** Get cell color spent 0.00 seconds.
2022-09-16 15:58:18.681 *** Keyboard input *** key pressed: key: 90; text: "z"
2022-09-16 15:58:19.204 *** Mouse movement (LeftButton) ***  Mouse coords: (534, 407) (19718, 34485)
2022-09-16 15:58:19.301 *** Mouse movement (LeftButton) ***  Mouse coords: (535, 408) (19719, 34486)
2022-09-16 15:58:19.337 *** Mouse movement (LeftButton) ***  Mouse coords: (577, 385) (19771, 34456)
2022-09-16 15:58:19.383 *** Mouse movement (LeftButton) ***  Mouse coords: (659, 346) (19821, 34436)
2022-09-16 15:58:19.406 *** Mouse movement (LeftButton) ***  Mouse coords: (733, 316) (19810, 34448)
2022-09-16 15:58:19.436 *** Mouse movement (LeftButton) ***  Mouse coords: (764, 306) (19757, 34472)
2022-09-16 15:58:19.464 *** Mouse movement (LeftButton) ***  Mouse coords: (805, 297) (19769, 34474)
2022-09-16 15:58:19.493 *** Mouse movement (LeftButton) ***  Mouse coords: (825, 295) (19743, 34483)
2022-09-16 15:58:19.530 *** Mouse movement (LeftButton) ***  Mouse coords: (831, 295) (19726, 34485)
2022-09-16 15:58:19.558 *** Mouse movement (LeftButton) ***  Mouse coords: (832, 295) (19719, 34485)
2022-09-16 15:58:19.586 *** Mouse movement (LeftButton) ***  Mouse coords: (832, 295) (19718, 34485)
2022-09-16 15:58:19.720 *** Keyboard input *** key pressed: key: 90; text: "z"
2022-09-16 15:58:19.722 *** Process image overlay spent 0.00 seconds.
2022-09-16 15:58:19.724 *** Get cell color spent 0.00 seconds.
2022-09-16 15:58:20.103 *** Keyboard input *** key pressed: key: 90; text: "z"
2022-09-16 15:58:20.450 *** Keyboard input *** key pressed: key: 90; text: "z"
2022-09-16 15:58:20.456 *** Process image overlay spent 0.00 seconds.
2022-09-16 15:58:20.459 *** Get cell color spent 0.00 seconds.
2022-09-16 15:58:20.751 *** Keyboard input *** key pressed: key: 90; text: "z"
2022-09-16 15:58:21.101 *** Keyboard input *** key pressed: key: 90; text: "z"
2022-09-16 15:58:21.105 *** Process image overlay spent 0.00 seconds.
2022-09-16 15:58:21.108 *** Get cell color spent 0.00 seconds.
2022-09-16 15:58:22.046 *** Keyboard input *** key pressed: key: 90; text: "z"
2022-09-16 15:58:26.143 *** Interactive label *** Review annotations/active learning start.
2022-09-16 16:18:34.368 *** Mouse movement (LeftButton) ***  Mouse coords: (895, 283) (24145, 29390)
2022-09-16 16:18:34.434 *** Mouse movement (LeftButton) ***  Mouse coords: (895, 283) (24145, 29390)
2022-09-16 16:18:34.462 *** Mouse movement (LeftButton) ***  Mouse coords: (874, 297) (23450, 29854)
2022-09-16 16:18:34.488 *** Mouse movement (LeftButton) ***  Mouse coords: (833, 323) (22788, 30250)
2022-09-16 16:18:34.522 *** Mouse movement (LeftButton) ***  Mouse coords: (800, 343) (23052, 30053)
2022-09-16 16:18:34.556 *** Mouse movement (LeftButton) ***  Mouse coords: (779, 352) (23450, 29688)
2022-09-16 16:18:34.580 *** Mouse movement (LeftButton) ***  Mouse coords: (777, 353) (24079, 29423)
2022-09-16 16:18:34.607 *** Mouse movement (LeftButton) ***  Mouse coords: (772, 354) (23979, 29423)
2022-09-16 16:18:34.643 *** Mouse movement (LeftButton) ***  Mouse coords: (771, 354) (24112, 29390)
2022-09-16 16:18:34.679 *** Mouse movement (LeftButton) ***  Mouse coords: (771, 354) (24145, 29390)
2022-09-16 16:18:34.714 *** Mouse movement (LeftButton) ***  Mouse coords: (770, 355) (24112, 29423)
2022-09-16 16:18:36.100 *** Mouse movement (LeftButton) ***  Mouse coords: (908, 279) (45054, 12669)
2022-09-16 16:18:36.183 *** Mouse movement (LeftButton) ***  Mouse coords: (909, 279) (45159, 12669)
2022-09-16 16:18:36.220 *** Mouse movement (LeftButton) ***  Mouse coords: (872, 279) (41180, 12669)
2022-09-16 16:18:36.257 *** Mouse movement (LeftButton) ***  Mouse coords: (829, 279) (40551, 12669)
2022-09-16 16:18:36.295 *** Mouse movement (LeftButton) ***  Mouse coords: (801, 283) (42122, 13088)
2022-09-16 16:18:36.330 *** Mouse movement (LeftButton) ***  Mouse coords: (746, 288) (39295, 13192)
2022-09-16 16:18:36.368 *** Mouse movement (LeftButton) ***  Mouse coords: (740, 288) (44425, 12669)
2022-09-16 16:18:36.401 *** Mouse movement (LeftButton) ***  Mouse coords: (737, 288) (44740, 12669)
2022-09-16 16:18:36.457 *** Mouse movement (LeftButton) ***  Mouse coords: (736, 288) (44950, 12669)
2022-09-16 16:18:47.676 *** Mouse movement (LeftButton) ***  Mouse coords: (505, 433) (20864, 27853)
2022-09-16 16:18:59.320 *** Mouse movement (LeftButton) ***  Mouse coords: (497, 474) (20027, 32146)
2022-09-16 16:19:05.143 *** Mouse movement (LeftButton) ***  Mouse coords: (912, 438) (7231, 36619)
2022-09-16 16:19:05.250 *** Mouse movement (LeftButton) ***  Mouse coords: (913, 438) (7256, 36619)
2022-09-16 16:19:05.282 *** Mouse movement (LeftButton) ***  Mouse coords: (873, 438) (6237, 36619)
2022-09-16 16:19:05.307 *** Mouse movement (LeftButton) ***  Mouse coords: (831, 438) (6187, 36619)
2022-09-16 16:19:05.338 *** Mouse movement (LeftButton) ***  Mouse coords: (666, 438) (3131, 36619)
2022-09-16 16:19:05.370 *** Mouse movement (LeftButton) ***  Mouse coords: (536, 438) (4001, 36619)
2022-09-16 16:19:05.407 *** Mouse movement (LeftButton) ***  Mouse coords: (403, 438) (3926, 36619)
2022-09-16 16:19:05.432 *** Mouse movement (LeftButton) ***  Mouse coords: (388, 438) (6858, 36619)
2022-09-16 16:19:05.477 *** Mouse movement (LeftButton) ***  Mouse coords: (374, 438) (6884, 36619)
2022-09-16 16:19:05.510 *** Mouse movement (LeftButton) ***  Mouse coords: (367, 437) (7057, 36594)
2022-09-16 16:19:06.394 *** Mouse movement (LeftButton) ***  Mouse coords: (875, 361) (19853, 34731)
2022-09-16 16:19:08.624 *** Mouse movement (LeftButton) ***  Mouse coords: (1069, 503) (20808, 36146)
2022-09-16 16:19:08.654 *** Mouse movement (LeftButton) ***  Mouse coords: (1044, 503) (20642, 36146)
2022-09-16 16:19:08.681 *** Mouse movement (LeftButton) ***  Mouse coords: (995, 503) (20482, 36146)
2022-09-16 16:19:08.705 *** Mouse movement (LeftButton) ***  Mouse coords: (964, 503) (20601, 36146)
2022-09-16 16:19:08.729 *** Mouse movement (LeftButton) ***  Mouse coords: (947, 503) (20695, 36146)
2022-09-16 16:19:08.753 *** Mouse movement (LeftButton) ***  Mouse coords: (944, 503) (20788, 36146)
2022-09-16 16:19:08.778 *** Mouse movement (LeftButton) ***  Mouse coords: (944, 503) (20808, 36146)
2022-09-16 16:19:08.838 *** Mouse movement (LeftButton) ***  Mouse coords: (943, 503) (20802, 36146)
2022-09-16 16:19:10.658 *** Keyboard input *** key pressed: key: 90; text: "z"
2022-09-16 16:19:10.664 *** Process image overlay spent 0.00 seconds.
2022-09-16 16:19:10.677 *** Get cell color spent 0.01 seconds.
2022-09-16 16:19:11.491 *** Mouse movement (LeftButton) ***  Mouse coords: (1034, 404) (21069, 36184)
2022-09-16 16:19:11.536 *** Mouse movement (LeftButton) ***  Mouse coords: (1006, 416) (21020, 36205)
2022-09-16 16:19:11.564 *** Mouse movement (LeftButton) ***  Mouse coords: (983, 437) (21029, 36221)
2022-09-16 16:19:11.596 *** Mouse movement (LeftButton) ***  Mouse coords: (964, 457) (21036, 36219)
2022-09-16 16:19:11.620 *** Mouse movement (LeftButton) ***  Mouse coords: (962, 460) (21065, 36189)
2022-09-16 16:19:11.645 *** Mouse movement (LeftButton) ***  Mouse coords: (955, 467) (21057, 36196)
2022-09-16 16:19:11.678 *** Mouse movement (LeftButton) ***  Mouse coords: (954, 468) (21067, 36186)
2022-09-16 16:19:11.726 *** Mouse movement (LeftButton) ***  Mouse coords: (954, 468) (21069, 36184)
2022-09-16 16:19:11.750 *** Mouse movement (LeftButton) ***  Mouse coords: (952, 469) (21066, 36186)
2022-09-16 16:19:11.925 *** Process image overlay spent 0.00 seconds.
2022-09-16 16:19:11.927 *** Get cell color spent 0.00 seconds.
2022-09-16 16:19:12.454 *** Process image overlay spent 0.00 seconds.
2022-09-16 16:19:12.455 *** Get cell color spent 0.00 seconds.
2022-09-16 16:19:12.511 *** Process image overlay spent 0.00 seconds.
2022-09-16 16:19:12.513 *** Get cell color spent 0.00 seconds.
2022-09-16 16:19:12.570 *** Process image overlay spent 0.00 seconds.
2022-09-16 16:19:12.571 *** Get cell color spent 0.00 seconds.
2022-09-16 16:19:12.614 *** Process image overlay spent 0.00 seconds.
2022-09-16 16:19:12.616 *** Get cell color spent 0.00 seconds.
2022-09-16 16:19:12.671 *** Process image overlay spent 0.00 seconds.
2022-09-16 16:19:12.672 *** Get cell color spent 0.00 seconds.
2022-09-16 16:19:12.713 *** Process image overlay spent 0.00 seconds.
2022-09-16 16:19:12.715 *** Get cell color spent 0.00 seconds.
2022-09-16 16:19:12.766 *** Process image overlay spent 0.00 seconds.
2022-09-16 16:19:12.768 *** Get cell color spent 0.00 seconds.
2022-09-16 16:19:12.810 *** Process image overlay spent 0.00 seconds.
2022-09-16 16:19:12.812 *** Get cell color spent 0.00 seconds.
2022-09-16 16:19:12.846 *** Process image overlay spent 0.00 seconds.
2022-09-16 16:19:12.848 *** Get cell color spent 0.00 seconds.
2022-09-16 16:19:12.884 *** Process image overlay spent 0.00 seconds.
2022-09-16 16:19:12.885 *** Get cell color spent 0.00 seconds.
2022-09-16 16:19:13.235 *** Mouse movement (LeftButton) ***  Mouse coords: (982, 204) (21128, 36076)
2022-09-16 16:19:13.265 *** Process image overlay spent 0.00 seconds.
2022-09-16 16:19:13.267 *** Get cell color spent 0.00 seconds.
2022-09-16 16:19:13.300 *** Mouse movement (LeftButton) ***  Mouse coords: (981, 204) (21127, 36076)
2022-09-16 16:19:13.304 *** Process image overlay spent 0.00 seconds.
2022-09-16 16:19:13.305 *** Get cell color spent 0.00 seconds.
2022-09-16 16:19:13.345 *** Process image overlay spent 0.00 seconds.
2022-09-16 16:19:13.346 *** Get cell color spent 0.00 seconds.
2022-09-16 16:19:13.376 *** Mouse movement (LeftButton) ***  Mouse coords: (981, 227) (21128, 36091)
2022-09-16 16:19:13.380 *** Process image overlay spent 0.00 seconds.
2022-09-16 16:19:13.381 *** Get cell color spent 0.00 seconds.
2022-09-16 16:19:13.427 *** Process image overlay spent 0.00 seconds.
2022-09-16 16:19:13.429 *** Get cell color spent 0.00 seconds.
2022-09-16 16:19:13.437 *** Mouse movement (LeftButton) ***  Mouse coords: (974, 269) (21124, 36101)
2022-09-16 16:19:13.463 *** Process image overlay spent 0.00 seconds.
2022-09-16 16:19:13.464 *** Get cell color spent 0.00 seconds.
2022-09-16 16:19:13.505 *** Process image overlay spent 0.00 seconds.
2022-09-16 16:19:13.506 *** Get cell color spent 0.00 seconds.
2022-09-16 16:19:13.514 *** Mouse movement (LeftButton) ***  Mouse coords: (974, 275) (21128, 36080)
2022-09-16 16:19:13.539 *** Process image overlay spent 0.00 seconds.
2022-09-16 16:19:13.541 *** Get cell color spent 0.00 seconds.
2022-09-16 16:19:13.583 *** Process image overlay spent 0.00 seconds.
2022-09-16 16:19:13.584 *** Get cell color spent 0.00 seconds.
2022-09-16 16:19:13.619 *** Keyboard input *** key pressed: key: 90; text: "z"
2022-09-16 16:19:14.086 *** Keyboard input *** key pressed: key: 90; text: "z"
2022-09-16 16:19:14.088 *** Process image overlay spent 0.00 seconds.
2022-09-16 16:19:14.090 *** Get cell color spent 0.00 seconds.
2022-09-16 16:19:14.533 *** Keyboard input *** key pressed: key: 90; text: "z"
2022-09-16 16:19:14.985 *** Keyboard input *** key pressed: key: 90; text: "z"
2022-09-16 16:19:14.989 *** Process image overlay spent 0.00 seconds.
2022-09-16 16:19:14.990 *** Get cell color spent 0.00 seconds.
2022-09-16 16:19:16.989 *** Keyboard input *** key pressed: key: 90; text: "z"
2022-09-16 16:19:18.144 *** Keyboard input *** key pressed: key: 90; text: "z"
2022-09-16 16:19:18.148 *** Process image overlay spent 0.00 seconds.
2022-09-16 16:19:18.149 *** Get cell color spent 0.00 seconds.
2022-09-16 16:19:18.935 *** Keyboard input *** key pressed: key: 90; text: "z"
2022-09-16 16:19:20.388 *** Keyboard input *** key pressed: key: 90; text: "z"
2022-09-16 16:19:20.391 *** Process image overlay spent 0.00 seconds.
2022-09-16 16:19:20.392 *** Get cell color spent 0.00 seconds.
2022-09-16 16:19:20.939 *** Keyboard input *** key pressed: key: 90; text: "z"
2022-09-16 16:19:21.689 *** Keyboard input *** key pressed: key: 90; text: "z"
2022-09-16 16:19:21.692 *** Process image overlay spent 0.00 seconds.
2022-09-16 16:19:21.694 *** Get cell color spent 0.00 seconds.
2022-09-16 16:19:22.316 *** Mouse movement (LeftButton) ***  Mouse coords: (791, 640) (21015, 36300)
2022-09-16 16:19:22.343 *** Process image overlay spent 0.00 seconds.
2022-09-16 16:19:22.344 *** Get cell color spent 0.00 seconds.
2022-09-16 16:19:22.386 *** Process image overlay spent 0.00 seconds.
2022-09-16 16:19:22.387 *** Get cell color spent 0.00 seconds.
2022-09-16 16:19:22.418 *** Mouse movement (LeftButton) ***  Mouse coords: (791, 580) (21015, 36264)
2022-09-16 16:19:22.422 *** Process image overlay spent 0.00 seconds.
2022-09-16 16:19:22.423 *** Get cell color spent 0.00 seconds.
2022-09-16 16:19:22.467 *** Process image overlay spent 0.00 seconds.
2022-09-16 16:19:22.468 *** Get cell color spent 0.00 seconds.
2022-09-16 16:19:22.476 *** Mouse movement (LeftButton) ***  Mouse coords: (791, 541) (21015, 36277)
2022-09-16 16:19:22.503 *** Process image overlay spent 0.00 seconds.
2022-09-16 16:19:22.504 *** Get cell color spent 0.00 seconds.
2022-09-16 16:19:22.544 *** Process image overlay spent 0.00 seconds.
2022-09-16 16:19:22.545 *** Get cell color spent 0.00 seconds.
2022-09-16 16:19:22.552 *** Mouse movement (LeftButton) ***  Mouse coords: (791, 539) (21015, 36300)
2022-09-16 16:19:22.578 *** Process image overlay spent 0.00 seconds.
2022-09-16 16:19:22.580 *** Get cell color spent 0.00 seconds.
2022-09-16 16:19:22.620 *** Process image overlay spent 0.00 seconds.
2022-09-16 16:19:22.621 *** Get cell color spent 0.00 seconds.
2022-09-16 16:19:23.142 *** Keyboard input *** key pressed: key: 90; text: "z"
2022-09-16 16:19:23.750 *** Mouse movement (LeftButton) ***  Mouse coords: (905, 331) (21085, 36173)
2022-09-16 16:19:23.795 *** Mouse movement (LeftButton) ***  Mouse coords: (885, 359) (21073, 36191)
2022-09-16 16:19:23.852 *** Mouse movement (LeftButton) ***  Mouse coords: (876, 371) (21080, 36180)
2022-09-16 16:19:23.883 *** Mouse movement (LeftButton) ***  Mouse coords: (873, 377) (21083, 36177)
2022-09-16 16:19:23.935 *** Mouse movement (LeftButton) ***  Mouse coords: (873, 381) (21085, 36175)
2022-09-16 16:19:23.989 *** Mouse movement (LeftButton) ***  Mouse coords: (873, 382) (21085, 36174)
2022-09-16 16:19:24.040 *** Mouse movement (LeftButton) ***  Mouse coords: (872, 382) (21084, 36173)
2022-09-16 16:19:27.250 *** Keyboard input *** key pressed: key: 90; text: "z"
2022-09-16 16:19:27.253 *** Process image overlay spent 0.00 seconds.
2022-09-16 16:19:27.255 *** Get cell color spent 0.00 seconds.
2022-09-16 16:19:28.392 *** Keyboard input *** key pressed: key: 90; text: "z"
2022-09-16 16:19:30.175 *** Keyboard input *** key pressed: key: 90; text: "z"
2022-09-16 16:19:30.179 *** Process image overlay spent 0.00 seconds.
2022-09-16 16:19:30.181 *** Get cell color spent 0.00 seconds.
2022-09-16 16:19:37.702 *** Interactive label *** (double click) click on screen. screen: (1064, 188); slide: (21203, 36054). case_id: 20220722_Eric_Yang, slide_id: A_Train_16.svs, Nuclei index selected: 531541
2022-09-16 16:19:39.034 *** Interactive label *** Apply to case start.
2022-09-16 16:19:46.073 *** Interactive label *** Apply to case done.
2022-09-16 16:19:46.348 *** Interactive label *** Apply to case finish overlay create.
2022-09-16 16:19:46.351 *** Process image overlay spent 0.00 seconds.
2022-09-16 16:19:46.352 *** Get cell color spent 0.00 seconds.
2022-09-16 16:19:47.325 *** Mouse movement (LeftButton) ***  Mouse coords: (1095, 356) (21222, 36157)
2022-09-16 16:19:47.350 *** Process image overlay spent 0.00 seconds.
2022-09-16 16:19:47.352 *** Get cell color spent 0.00 seconds.
2022-09-16 16:19:47.386 *** Mouse movement (LeftButton) ***  Mouse coords: (1076, 363) (21210, 36161)
2022-09-16 16:19:47.392 *** Process image overlay spent 0.00 seconds.
2022-09-16 16:19:47.394 *** Get cell color spent 0.00 seconds.
2022-09-16 16:19:47.440 *** Process image overlay spent 0.00 seconds.
2022-09-16 16:19:47.441 *** Get cell color spent 0.00 seconds.
2022-09-16 16:19:47.449 *** Mouse movement (LeftButton) ***  Mouse coords: (1071, 366) (21219, 36159)
2022-09-16 16:19:47.474 *** Process image overlay spent 0.00 seconds.
2022-09-16 16:19:47.476 *** Get cell color spent 0.00 seconds.
2022-09-16 16:19:47.521 *** Process image overlay spent 0.00 seconds.
2022-09-16 16:19:47.522 *** Get cell color spent 0.00 seconds.
2022-09-16 16:19:47.530 *** Mouse movement (LeftButton) ***  Mouse coords: (1061, 372) (21216, 36161)
2022-09-16 16:19:47.556 *** Process image overlay spent 0.00 seconds.
2022-09-16 16:19:47.558 *** Get cell color spent 0.00 seconds.
2022-09-16 16:19:47.600 *** Process image overlay spent 0.00 seconds.
2022-09-16 16:19:47.601 *** Get cell color spent 0.00 seconds.
2022-09-16 16:19:47.609 *** Mouse movement (LeftButton) ***  Mouse coords: (1059, 374) (21221, 36158)
2022-09-16 16:19:47.637 *** Process image overlay spent 0.00 seconds.
2022-09-16 16:19:47.638 *** Get cell color spent 0.00 seconds.
2022-09-16 16:19:47.678 *** Process image overlay spent 0.00 seconds.
2022-09-16 16:19:47.680 *** Get cell color spent 0.00 seconds.
2022-09-16 16:19:47.960 *** Keyboard input *** key pressed: key: 90; text: "z"
2022-09-16 16:19:48.353 *** Keyboard input *** key pressed: key: 90; text: "z"
2022-09-16 16:19:48.357 *** Process image overlay spent 0.00 seconds.
2022-09-16 16:19:48.358 *** Get cell color spent 0.00 seconds.
2022-09-16 16:19:49.442 *** Process image overlay spent 0.00 seconds.
2022-09-16 16:19:49.443 *** Get cell color spent 0.00 seconds.
2022-09-16 16:19:49.485 *** Process image overlay spent 0.00 seconds.
2022-09-16 16:19:49.487 *** Get cell color spent 0.00 seconds.
2022-09-16 16:19:49.540 *** Process image overlay spent 0.00 seconds.
2022-09-16 16:19:49.542 *** Get cell color spent 0.00 seconds.
2022-09-16 16:19:49.579 *** Process image overlay spent 0.00 seconds.
2022-09-16 16:19:49.580 *** Get cell color spent 0.00 seconds.
2022-09-16 16:19:49.673 *** Process image overlay spent 0.00 seconds.
2022-09-16 16:19:49.675 *** Get cell color spent 0.00 seconds.
2022-09-16 16:19:49.708 *** Process image overlay spent 0.00 seconds.
2022-09-16 16:19:49.709 *** Get cell color spent 0.00 seconds.
2022-09-16 16:19:50.109 *** Process image overlay spent 0.00 seconds.
2022-09-16 16:19:50.111 *** Get cell color spent 0.00 seconds.
2022-09-16 16:19:50.152 *** Process image overlay spent 0.00 seconds.
2022-09-16 16:19:50.153 *** Get cell color spent 0.00 seconds.
2022-09-16 16:19:50.209 *** Process image overlay spent 0.00 seconds.
2022-09-16 16:19:50.211 *** Get cell color spent 0.00 seconds.
2022-09-16 16:19:50.252 *** Process image overlay spent 0.00 seconds.
2022-09-16 16:19:50.254 *** Get cell color spent 0.00 seconds.
2022-09-16 16:19:50.290 *** Process image overlay spent 0.00 seconds.
2022-09-16 16:19:50.291 *** Get cell color spent 0.00 seconds.
2022-09-16 16:19:50.329 *** Process image overlay spent 0.00 seconds.
2022-09-16 16:19:50.330 *** Get cell color spent 0.00 seconds.
2022-09-16 16:19:55.477 *** Keyboard input *** key pressed: key: 88; text: "x"
2022-09-16 16:19:56.682 *** Keyboard input *** key pressed: key: 90; text: "z"
2022-09-16 16:20:00.173 *** Keyboard input *** key pressed: key: 90; text: "z"
2022-09-16 16:20:00.177 *** Process image overlay spent 0.00 seconds.
2022-09-16 16:20:00.178 *** Get cell color spent 0.00 seconds.
2022-09-16 16:20:00.610 *** Keyboard input *** key pressed: key: 90; text: "z"
2022-09-16 16:20:23.890 *** Interactive label *** (active learning) click on screen. case_id: 20220722_Eric_Yang, slide_id: A_Train_16.svs, Nuclei index selected: 753567
2022-09-16 16:20:25.114 *** Interactive label *** (active learning) click on screen. case_id: 20220722_Eric_Yang, slide_id: A_Train_16.svs, Nuclei index selected: 583388
2022-09-16 16:20:26.162 *** Interactive label *** (active learning) click on screen. case_id: 20220722_Eric_Yang, slide_id: A_Train_16.svs, Nuclei index selected: 319261
2022-09-16 16:20:27.209 *** Interactive label *** (active learning) click on screen. case_id: 20220722_Eric_Yang, slide_id: A_Train_16.svs, Nuclei index selected: 660973
2022-09-16 16:20:28.406 *** Interactive label *** Apply to case start.
2022-09-16 16:20:35.334 *** Interactive label *** Apply to case done.
2022-09-16 16:20:35.586 *** Interactive label *** Apply to case finish overlay create.
2022-09-16 16:21:27.725 *** Mouse movement (LeftButton) ***  Mouse coords: (848, 262) (21234, 36073)
2022-09-16 16:21:27.898 *** Mouse movement (LeftButton) ***  Mouse coords: (848, 262) (21234, 36073)
2022-09-16 16:21:27.946 *** Mouse movement (LeftButton) ***  Mouse coords: (848, 298) (21234, 36098)
2022-09-16 16:21:27.983 *** Mouse movement (LeftButton) ***  Mouse coords: (848, 309) (21234, 36081)
2022-09-16 16:21:28.036 *** Mouse movement (LeftButton) ***  Mouse coords: (848, 336) (21234, 36092)
2022-09-16 16:21:28.083 *** Mouse movement (LeftButton) ***  Mouse coords: (848, 338) (21234, 36075)
2022-09-16 16:21:28.121 *** Mouse movement (LeftButton) ***  Mouse coords: (848, 338) (21234, 36073)
2022-09-16 16:21:28.168 *** Mouse movement (LeftButton) ***  Mouse coords: (849, 339) (21235, 36074)
2022-09-16 16:21:44.742 *** Keyboard input *** key pressed: key: 90; text: "z"
2022-09-16 16:21:44.746 *** Process image overlay spent 0.00 seconds.
2022-09-16 16:21:44.748 *** Get cell color spent 0.00 seconds.
2022-09-16 16:21:45.502 *** Process image overlay spent 0.00 seconds.
2022-09-16 16:21:45.511 *** Get cell color spent 0.01 seconds.
2022-09-16 16:21:45.874 *** Process image overlay spent 0.00 seconds.
2022-09-16 16:21:45.922 *** Get cell color spent 0.05 seconds.
2022-09-16 16:21:47.184 *** Mouse movement (LeftButton) ***  Mouse coords: (960, 403) (27982, 37867)
2022-09-16 16:21:47.282 *** Mouse movement (LeftButton) ***  Mouse coords: (960, 403) (27982, 37867)
2022-09-16 16:21:47.314 *** Mouse movement (LeftButton) ***  Mouse coords: (954, 406) (27469, 38123)
2022-09-16 16:21:47.341 *** Mouse movement (LeftButton) ***  Mouse coords: (950, 408) (27641, 38038)
2022-09-16 16:21:47.366 *** Mouse movement (LeftButton) ***  Mouse coords: (930, 416) (26274, 38550)
2022-09-16 16:21:47.401 *** Mouse movement (LeftButton) ***  Mouse coords: (872, 439) (23028, 39831)
2022-09-16 16:21:47.439 *** Mouse movement (LeftButton) ***  Mouse coords: (843, 454) (25506, 39148)
2022-09-16 16:21:47.471 *** Mouse movement (LeftButton) ***  Mouse coords: (842, 454) (27896, 37867)
2022-09-16 16:21:47.526 *** Mouse movement (LeftButton) ***  Mouse coords: (842, 454) (27982, 37867)
2022-09-16 16:21:47.938 *** Keyboard input *** key pressed: key: 90; text: "z"
2022-09-16 16:21:49.145 *** Keyboard input *** key pressed: key: 90; text: "z"
2022-09-16 16:21:49.812 *** Keyboard input *** key pressed: key: 90; text: "z"
2022-09-16 16:21:50.091 *** Keyboard input *** key pressed: key: 90; text: "z"
2022-09-16 16:21:55.285 *** Keyboard input *** key pressed: key: 90; text: "z"
2022-09-16 16:21:55.575 *** Keyboard input *** key pressed: key: 90; text: "z"
2022-09-16 16:21:55.854 *** Keyboard input *** key pressed: key: 90; text: "z"
2022-09-16 16:21:56.120 *** Keyboard input *** key pressed: key: 90; text: "z"
2022-09-16 16:21:56.369 *** Keyboard input *** key pressed: key: 90; text: "z"
2022-09-16 16:21:57.666 *** Mouse movement (LeftButton) ***  Mouse coords: (594, 398) (23902, 38095)
2022-09-16 16:21:57.757 *** Mouse movement (LeftButton) ***  Mouse coords: (606, 398) (24087, 38095)
2022-09-16 16:21:57.782 *** Mouse movement (LeftButton) ***  Mouse coords: (650, 398) (24541, 38095)
2022-09-16 16:21:57.805 *** Mouse movement (LeftButton) ***  Mouse coords: (680, 397) (24343, 38080)
2022-09-16 16:21:57.830 *** Mouse movement (LeftButton) ***  Mouse coords: (777, 409) (25295, 38266)
2022-09-16 16:21:57.853 *** Mouse movement (LeftButton) ***  Mouse coords: (892, 428) (25551, 38365)
2022-09-16 16:21:57.879 *** Mouse movement (LeftButton) ***  Mouse coords: (917, 431) (24271, 38138)
2022-09-16 16:21:57.902 *** Mouse movement (LeftButton) ***  Mouse coords: (959, 431) (24513, 38095)
2022-09-16 16:21:57.929 *** Mouse movement (LeftButton) ***  Mouse coords: (969, 431) (24059, 38095)
2022-09-16 16:21:57.952 *** Mouse movement (LeftButton) ***  Mouse coords: (972, 431) (23958, 38095)
2022-09-16 16:21:57.980 *** Mouse movement (LeftButton) ***  Mouse coords: (973, 431) (23930, 38095)
2022-09-16 16:21:58.011 *** Mouse movement (LeftButton) ***  Mouse coords: (970, 431) (23874, 38095)
2022-09-16 16:21:58.239 *** Keyboard input *** key pressed: key: 90; text: "z"
2022-09-16 16:21:58.242 *** Process image overlay spent 0.00 seconds.
2022-09-16 16:21:58.295 *** Get cell color spent 0.05 seconds.
2022-09-16 16:21:58.733 *** Process image overlay spent 0.00 seconds.
2022-09-16 16:21:58.758 *** Get cell color spent 0.02 seconds.
2022-09-16 16:21:59.150 *** Process image overlay spent 0.00 seconds.
2022-09-16 16:21:59.159 *** Get cell color spent 0.01 seconds.
2022-09-16 16:21:59.381 *** Mouse movement (LeftButton) ***  Mouse coords: (611, 436) (22576, 38355)
2022-09-16 16:21:59.431 *** Mouse movement (LeftButton) ***  Mouse coords: (610, 436) (22580, 38355)
2022-09-16 16:21:59.461 *** Mouse movement (LeftButton) ***  Mouse coords: (657, 436) (22811, 38355)
2022-09-16 16:21:59.509 *** Mouse movement (LeftButton) ***  Mouse coords: (789, 436) (23220, 38355)
2022-09-16 16:21:59.534 *** Mouse movement (LeftButton) ***  Mouse coords: (857, 436) (22912, 38355)
2022-09-16 16:21:59.561 *** Mouse movement (LeftButton) ***  Mouse coords: (936, 436) (22965, 38355)
2022-09-16 16:21:59.585 *** Mouse movement (LeftButton) ***  Mouse coords: (983, 436) (22811, 38355)
2022-09-16 16:21:59.609 *** Mouse movement (LeftButton) ***  Mouse coords: (1006, 436) (22695, 38355)
2022-09-16 16:21:59.636 *** Mouse movement (LeftButton) ***  Mouse coords: (1017, 436) (22638, 38355)
2022-09-16 16:21:59.667 *** Mouse movement (LeftButton) ***  Mouse coords: (1015, 436) (22576, 38355)
2022-09-16 16:21:59.693 *** Mouse movement (LeftButton) ***  Mouse coords: (1013, 437) (22575, 38360)
2022-09-16 16:21:59.796 *** Process image overlay spent 0.00 seconds.
2022-09-16 16:21:59.805 *** Get cell color spent 0.01 seconds.
2022-09-16 16:22:00.050 *** Keyboard input *** key pressed: key: 90; text: "z"
2022-09-16 16:22:01.082 *** Mouse movement (LeftButton) ***  Mouse coords: (628, 483) (21970, 38602)
2022-09-16 16:22:01.172 *** Mouse movement (LeftButton) ***  Mouse coords: (629, 482) (21972, 38601)
2022-09-16 16:22:01.204 *** Mouse movement (LeftButton) ***  Mouse coords: (651, 482) (22023, 38604)
2022-09-16 16:22:01.226 *** Mouse movement (LeftButton) ***  Mouse coords: (716, 487) (22125, 38616)
2022-09-16 16:22:01.249 *** Mouse movement (LeftButton) ***  Mouse coords: (775, 503) (22111, 38642)
2022-09-16 16:22:01.275 *** Mouse movement (LeftButton) ***  Mouse coords: (815, 514) (22066, 38631)
2022-09-16 16:22:01.338 *** Mouse movement (LeftButton) ***  Mouse coords: (834, 516) (22015, 38608)
2022-09-16 16:22:01.362 *** Mouse movement (LeftButton) ***  Mouse coords: (843, 516) (21992, 38604)
2022-09-16 16:22:01.385 *** Mouse movement (LeftButton) ***  Mouse coords: (844, 516) (21972, 38604)
2022-09-16 16:22:01.409 *** Mouse movement (LeftButton) ***  Mouse coords: (844, 516) (21970, 38604)
2022-09-16 16:22:01.566 *** Keyboard input *** key pressed: key: 90; text: "z"
2022-09-16 16:22:01.569 *** Process image overlay spent 0.00 seconds.
2022-09-16 16:22:01.574 *** Get cell color spent 0.00 seconds.
2022-09-16 16:22:01.694 *** Process image overlay spent 0.00 seconds.
2022-09-16 16:22:01.698 *** Get cell color spent 0.00 seconds.
2022-09-16 16:22:02.177 *** Keyboard input *** key pressed: key: 90; text: "z"
2022-09-16 16:22:03.546 *** Keyboard input *** key pressed: key: 90; text: "z"
2022-09-16 16:22:03.549 *** Process image overlay spent 0.00 seconds.
2022-09-16 16:22:03.551 *** Get cell color spent 0.00 seconds.
2022-09-16 16:22:03.962 *** Keyboard input *** key pressed: key: 90; text: "z"
2022-09-16 16:22:04.475 *** Mouse movement (LeftButton) ***  Mouse coords: (774, 245) (21849, 38450)
2022-09-16 16:22:04.573 *** Mouse movement (LeftButton) ***  Mouse coords: (773, 245) (21848, 38451)
2022-09-16 16:22:04.599 *** Mouse movement (LeftButton) ***  Mouse coords: (780, 267) (21857, 38476)
2022-09-16 16:22:04.622 *** Mouse movement (LeftButton) ***  Mouse coords: (808, 317) (21880, 38507)
2022-09-16 16:22:04.646 *** Mouse movement (LeftButton) ***  Mouse coords: (835, 359) (21880, 38499)
2022-09-16 16:22:04.672 *** Mouse movement (LeftButton) ***  Mouse coords: (871, 413) (21889, 38511)
2022-09-16 16:22:04.698 *** Mouse movement (LeftButton) ***  Mouse coords: (888, 439) (21868, 38481)
2022-09-16 16:22:04.726 *** Mouse movement (LeftButton) ***  Mouse coords: (896, 454) (21858, 38468)
2022-09-16 16:22:04.752 *** Mouse movement (LeftButton) ***  Mouse coords: (900, 459) (21854, 38456)
2022-09-16 16:22:04.780 *** Mouse movement (LeftButton) ***  Mouse coords: (900, 460) (21849, 38452)
2022-09-16 16:22:04.810 *** Mouse movement (LeftButton) ***  Mouse coords: (901, 461) (21850, 38452)
2022-09-16 16:22:04.838 *** Mouse movement (LeftButton) ***  Mouse coords: (901, 461) (21849, 38451)
2022-09-16 16:22:04.862 *** Mouse movement (LeftButton) ***  Mouse coords: (902, 462) (21850, 38453)
2022-09-16 16:22:05.156 *** Keyboard input *** key pressed: key: 90; text: "z"
2022-09-16 16:22:05.159 *** Process image overlay spent 0.00 seconds.
2022-09-16 16:22:05.161 *** Get cell color spent 0.00 seconds.
2022-09-16 16:22:05.606 *** Keyboard input *** key pressed: key: 90; text: "z"
2022-09-16 16:22:06.304 *** Keyboard input *** key pressed: key: 90; text: "z"
2022-09-16 16:22:06.308 *** Process image overlay spent 0.00 seconds.
2022-09-16 16:22:06.310 *** Get cell color spent 0.00 seconds.
2022-09-16 16:22:07.154 *** Keyboard input *** key pressed: key: 90; text: "z"
2022-09-16 16:22:07.576 *** Keyboard input *** key pressed: key: 90; text: "z"
2022-09-16 16:22:07.578 *** Process image overlay spent 0.00 seconds.
2022-09-16 16:22:07.580 *** Get cell color spent 0.00 seconds.
2022-09-16 16:22:08.205 *** Keyboard input *** key pressed: key: 90; text: "z"
2022-09-16 16:22:09.218 *** Keyboard input *** key pressed: key: 90; text: "z"
2022-09-16 16:22:09.221 *** Process image overlay spent 0.00 seconds.
2022-09-16 16:22:09.223 *** Get cell color spent 0.00 seconds.
2022-09-16 16:22:10.353 *** Keyboard input *** key pressed: key: 90; text: "z"
2022-09-16 16:22:11.019 *** Keyboard input *** key pressed: key: 90; text: "z"
2022-09-16 16:22:11.022 *** Process image overlay spent 0.00 seconds.
2022-09-16 16:22:11.024 *** Get cell color spent 0.00 seconds.
2022-09-16 16:22:13.463 *** Interactive label *** (double click) click on screen. screen: (991, 467); slide: (21949, 38456). case_id: 20220722_Eric_Yang, slide_id: A_Train_16.svs, Nuclei index selected: 530207
2022-09-16 16:22:14.714 *** Interactive label *** Apply to case start.
2022-09-16 16:22:21.598 *** Interactive label *** Apply to case done.
2022-09-16 16:22:21.863 *** Interactive label *** Apply to case finish overlay create.
2022-09-16 16:22:21.866 *** Process image overlay spent 0.00 seconds.
2022-09-16 16:22:21.868 *** Get cell color spent 0.00 seconds.
2022-09-16 16:22:42.981 *** Process image overlay spent 0.00 seconds.
2022-09-16 16:22:42.982 *** Get cell color spent 0.00 seconds.
2022-09-16 16:22:43.036 *** Process image overlay spent 0.00 seconds.
2022-09-16 16:22:43.038 *** Get cell color spent 0.00 seconds.
2022-09-16 16:22:43.100 *** Process image overlay spent 0.00 seconds.
2022-09-16 16:22:43.101 *** Get cell color spent 0.00 seconds.
2022-09-16 16:22:43.147 *** Process image overlay spent 0.00 seconds.
2022-09-16 16:22:43.149 *** Get cell color spent 0.00 seconds.
2022-09-16 16:22:43.207 *** Process image overlay spent 0.00 seconds.
2022-09-16 16:22:43.208 *** Get cell color spent 0.00 seconds.
2022-09-16 16:22:43.245 *** Process image overlay spent 0.00 seconds.
2022-09-16 16:22:43.247 *** Get cell color spent 0.00 seconds.
2022-09-16 16:22:43.617 *** Mouse movement (LeftButton) ***  Mouse coords: (766, 325) (21779, 38418)
2022-09-16 16:22:43.643 *** Process image overlay spent 0.00 seconds.
2022-09-16 16:22:43.644 *** Get cell color spent 0.00 seconds.
2022-09-16 16:22:43.694 *** Process image overlay spent 0.00 seconds.
2022-09-16 16:22:43.695 *** Get cell color spent 0.00 seconds.
2022-09-16 16:22:43.728 *** Mouse movement (LeftButton) ***  Mouse coords: (767, 325) (21781, 38418)
2022-09-16 16:22:43.734 *** Process image overlay spent 0.00 seconds.
2022-09-16 16:22:43.736 *** Get cell color spent 0.00 seconds.
2022-09-16 16:22:43.779 *** Process image overlay spent 0.00 seconds.
2022-09-16 16:22:43.781 *** Get cell color spent 0.00 seconds.
2022-09-16 16:22:43.792 *** Mouse movement (LeftButton) ***  Mouse coords: (777, 329) (21786, 38420)
2022-09-16 16:22:43.814 *** Process image overlay spent 0.00 seconds.
2022-09-16 16:22:43.816 *** Get cell color spent 0.00 seconds.
2022-09-16 16:22:43.857 *** Process image overlay spent 0.00 seconds.
2022-09-16 16:22:43.858 *** Get cell color spent 0.00 seconds.
2022-09-16 16:22:43.869 *** Mouse movement (LeftButton) ***  Mouse coords: (936, 428) (21878, 38479)
2022-09-16 16:22:43.895 *** Process image overlay spent 0.00 seconds.
2022-09-16 16:22:43.896 *** Get cell color spent 0.00 seconds.
2022-09-16 16:22:43.935 *** Process image overlay spent 0.00 seconds.
2022-09-16 16:22:43.937 *** Get cell color spent 0.00 seconds.
2022-09-16 16:22:43.948 *** Mouse movement (LeftButton) ***  Mouse coords: (978, 460) (21805, 38438)
2022-09-16 16:22:43.970 *** Process image overlay spent 0.00 seconds.
2022-09-16 16:22:43.972 *** Get cell color spent 0.00 seconds.
2022-09-16 16:22:44.016 *** Process image overlay spent 0.00 seconds.
2022-09-16 16:22:44.018 *** Get cell color spent 0.00 seconds.
2022-09-16 16:22:44.029 *** Mouse movement (LeftButton) ***  Mouse coords: (982, 464) (21783, 38420)
2022-09-16 16:22:44.053 *** Process image overlay spent 0.00 seconds.
2022-09-16 16:22:44.055 *** Get cell color spent 0.00 seconds.
2022-09-16 16:22:44.097 *** Process image overlay spent 0.00 seconds.
2022-09-16 16:22:44.099 *** Get cell color spent 0.00 seconds.
2022-09-16 16:22:47.698 *** Keyboard input *** key pressed: key: 90; text: "z"
2022-09-16 16:22:48.095 *** Keyboard input *** key pressed: key: 90; text: "z"
2022-09-16 16:22:48.098 *** Process image overlay spent 0.00 seconds.
2022-09-16 16:22:48.099 *** Get cell color spent 0.00 seconds.
2022-09-16 16:22:57.897 *** Process image overlay spent 0.00 seconds.
2022-09-16 16:22:57.898 *** Get cell color spent 0.00 seconds.
2022-09-16 16:22:57.952 *** Process image overlay spent 0.00 seconds.
2022-09-16 16:22:57.953 *** Get cell color spent 0.00 seconds.
2022-09-16 16:22:58.008 *** Process image overlay spent 0.00 seconds.
2022-09-16 16:22:58.010 *** Get cell color spent 0.00 seconds.
2022-09-16 16:22:58.058 *** Process image overlay spent 0.00 seconds.
2022-09-16 16:22:58.060 *** Get cell color spent 0.00 seconds.
2022-09-16 16:22:58.102 *** Process image overlay spent 0.00 seconds.
2022-09-16 16:22:58.104 *** Get cell color spent 0.00 seconds.
2022-09-16 16:22:58.147 *** Process image overlay spent 0.00 seconds.
2022-09-16 16:22:58.149 *** Get cell color spent 0.00 seconds.
2022-09-16 16:23:12.058 *** Mouse movement (LeftButton) ***  Mouse coords: (848, 360) (21750, 38399)
2022-09-16 16:23:12.111 *** Process image overlay spent 0.00 seconds.
2022-09-16 16:23:12.113 *** Get cell color spent 0.00 seconds.
2022-09-16 16:23:12.182 *** Mouse movement (LeftButton) ***  Mouse coords: (848, 360) (21750, 38399)
2022-09-16 16:23:12.206 *** Process image overlay spent 0.00 seconds.
2022-09-16 16:23:12.207 *** Get cell color spent 0.00 seconds.
2022-09-16 16:23:12.249 *** Mouse movement (LeftButton) ***  Mouse coords: (829, 372) (21732, 38410)
2022-09-16 16:23:12.253 *** Process image overlay spent 0.00 seconds.
2022-09-16 16:23:12.255 *** Get cell color spent 0.00 seconds.
2022-09-16 16:23:12.313 *** Process image overlay spent 0.00 seconds.
2022-09-16 16:23:12.315 *** Get cell color spent 0.00 seconds.
2022-09-16 16:23:12.356 *** Mouse movement (LeftButton) ***  Mouse coords: (822, 377) (21743, 38404)
2022-09-16 16:23:12.359 *** Process image overlay spent 0.00 seconds.
2022-09-16 16:23:12.361 *** Get cell color spent 0.00 seconds.
2022-09-16 16:23:12.412 *** Process image overlay spent 0.00 seconds.
2022-09-16 16:23:12.413 *** Get cell color spent 0.00 seconds.
2022-09-16 16:23:12.436 *** Mouse movement (LeftButton) ***  Mouse coords: (820, 380) (21748, 38402)
2022-09-16 16:23:12.460 *** Process image overlay spent 0.00 seconds.
2022-09-16 16:23:12.462 *** Get cell color spent 0.00 seconds.
2022-09-16 16:23:12.513 *** Process image overlay spent 0.00 seconds.
2022-09-16 16:23:12.514 *** Get cell color spent 0.00 seconds.
2022-09-16 16:23:12.532 *** Mouse movement (LeftButton) ***  Mouse coords: (818, 382) (21748, 38401)
2022-09-16 16:23:12.554 *** Process image overlay spent 0.00 seconds.
2022-09-16 16:23:12.556 *** Get cell color spent 0.00 seconds.
2022-09-16 16:23:12.611 *** Process image overlay spent 0.00 seconds.
2022-09-16 16:23:12.613 *** Get cell color spent 0.00 seconds.
2022-09-16 16:23:17.398 *** Mouse movement (LeftButton) ***  Mouse coords: (912, 346) (21843, 38364)
2022-09-16 16:23:17.427 *** Process image overlay spent 0.00 seconds.
2022-09-16 16:23:17.429 *** Get cell color spent 0.00 seconds.
2022-09-16 16:23:17.473 *** Mouse movement (LeftButton) ***  Mouse coords: (855, 427) (21786, 38444)
2022-09-16 16:23:17.476 *** Process image overlay spent 0.00 seconds.
2022-09-16 16:23:17.478 *** Get cell color spent 0.00 seconds.
2022-09-16 16:23:17.532 *** Process image overlay spent 0.00 seconds.
2022-09-16 16:23:17.534 *** Get cell color spent 0.00 seconds.
2022-09-16 16:23:17.573 *** Mouse movement (LeftButton) ***  Mouse coords: (820, 471) (21809, 38408)
2022-09-16 16:23:17.577 *** Process image overlay spent 0.00 seconds.
2022-09-16 16:23:17.578 *** Get cell color spent 0.00 seconds.
2022-09-16 16:23:17.635 *** Process image overlay spent 0.00 seconds.
2022-09-16 16:23:17.636 *** Get cell color spent 0.00 seconds.
2022-09-16 16:23:17.655 *** Mouse movement (LeftButton) ***  Mouse coords: (818, 474) (21841, 38367)
2022-09-16 16:23:17.677 *** Process image overlay spent 0.00 seconds.
2022-09-16 16:23:17.679 *** Get cell color spent 0.00 seconds.
2022-09-16 16:23:17.729 *** Process image overlay spent 0.00 seconds.
2022-09-16 16:23:17.731 *** Get cell color spent 0.00 seconds.
2022-09-16 16:23:17.749 *** Mouse movement (LeftButton) ***  Mouse coords: (818, 473) (21843, 38363)
2022-09-16 16:23:17.772 *** Process image overlay spent 0.00 seconds.
2022-09-16 16:23:17.774 *** Get cell color spent 0.00 seconds.
2022-09-16 16:23:17.825 *** Process image overlay spent 0.00 seconds.
2022-09-16 16:23:17.827 *** Get cell color spent 0.00 seconds.
2022-09-16 16:23:18.320 *** Process image overlay spent 0.00 seconds.
2022-09-16 16:23:18.323 *** Get cell color spent 0.00 seconds.
2022-09-16 16:23:19.145 *** Process image overlay spent 0.00 seconds.
2022-09-16 16:23:19.147 *** Get cell color spent 0.00 seconds.
2022-09-16 16:23:19.193 *** Process image overlay spent 0.00 seconds.
2022-09-16 16:23:19.194 *** Get cell color spent 0.00 seconds.
2022-09-16 16:23:19.239 *** Process image overlay spent 0.00 seconds.
2022-09-16 16:23:19.240 *** Get cell color spent 0.00 seconds.
2022-09-16 16:23:19.276 *** Process image overlay spent 0.00 seconds.
2022-09-16 16:23:19.278 *** Get cell color spent 0.00 seconds.
2022-09-16 16:23:19.314 *** Process image overlay spent 0.00 seconds.
2022-09-16 16:23:19.315 *** Get cell color spent 0.00 seconds.
2022-09-16 16:23:19.898 *** Process image overlay spent 0.00 seconds.
2022-09-16 16:23:19.899 *** Get cell color spent 0.00 seconds.
2022-09-16 16:23:19.935 *** Process image overlay spent 0.00 seconds.
2022-09-16 16:23:19.937 *** Get cell color spent 0.00 seconds.
2022-09-16 16:23:19.972 *** Process image overlay spent 0.00 seconds.
2022-09-16 16:23:19.974 *** Get cell color spent 0.00 seconds.
2022-09-16 16:23:20.010 *** Process image overlay spent 0.00 seconds.
2022-09-16 16:23:20.012 *** Get cell color spent 0.00 seconds.
2022-09-16 16:23:20.047 *** Process image overlay spent 0.00 seconds.
2022-09-16 16:23:20.049 *** Get cell color spent 0.00 seconds.
2022-09-16 16:23:20.087 *** Process image overlay spent 0.00 seconds.
2022-09-16 16:23:20.088 *** Get cell color spent 0.00 seconds.
2022-09-16 16:23:20.121 *** Process image overlay spent 0.00 seconds.
2022-09-16 16:23:20.123 *** Get cell color spent 0.00 seconds.
2022-09-16 16:23:20.162 *** Process image overlay spent 0.00 seconds.
2022-09-16 16:23:20.163 *** Get cell color spent 0.00 seconds.
2022-09-16 16:23:20.196 *** Process image overlay spent 0.00 seconds.
2022-09-16 16:23:20.197 *** Get cell color spent 0.00 seconds.
2022-09-16 16:23:20.235 *** Process image overlay spent 0.00 seconds.
2022-09-16 16:23:20.236 *** Get cell color spent 0.00 seconds.
2022-09-16 16:23:20.270 *** Process image overlay spent 0.00 seconds.
2022-09-16 16:23:20.272 *** Get cell color spent 0.00 seconds.
2022-09-16 16:23:20.310 *** Process image overlay spent 0.00 seconds.
2022-09-16 16:23:20.311 *** Get cell color spent 0.00 seconds.
2022-09-16 16:23:20.343 *** Process image overlay spent 0.00 seconds.
2022-09-16 16:23:20.344 *** Get cell color spent 0.00 seconds.
2022-09-16 16:23:20.377 *** Process image overlay spent 0.00 seconds.
2022-09-16 16:23:20.379 *** Get cell color spent 0.00 seconds.
2022-09-16 16:23:20.853 *** Keyboard input *** key pressed: key: 90; text: "z"
2022-09-16 16:23:21.567 *** Keyboard input *** key pressed: key: 90; text: "z"
2022-09-16 16:23:21.570 *** Process image overlay spent 0.00 seconds.
2022-09-16 16:23:21.571 *** Get cell color spent 0.00 seconds.
2022-09-16 16:23:22.077 *** Keyboard input *** key pressed: key: 90; text: "z"
2022-09-16 16:23:22.899 *** Mouse movement (LeftButton) ***  Mouse coords: (1053, 228) (21730, 38233)
2022-09-16 16:23:24.904 *** Keyboard input *** key pressed: key: 90; text: "z"
2022-09-16 16:23:24.908 *** Process image overlay spent 0.00 seconds.
2022-09-16 16:23:24.909 *** Get cell color spent 0.00 seconds.
2022-09-16 16:23:25.705 *** Keyboard input *** key pressed: key: 90; text: "z"
2022-09-16 16:26:05.599 *** Mouse movement (LeftButton) ***  Mouse coords: (669, 403) (21499, 38339)
2022-09-16 16:27:07.553 *** Interactive label: Review annotations finished.
2022-09-16 16:27:07.580 *** Interactive label *** Apply to case start.
2022-09-16 16:27:07.599 *** Interactive label *** Apply to case finish overlay create.
2022-09-16 16:28:19.729 *** Mouse movement (LeftButton) ***  Mouse coords: (698, 370) (21610, 38397)
2022-09-16 16:28:19.895 *** Keyboard input *** key pressed: key: 90; text: "z"
2022-09-16 16:28:19.900 *** Process image overlay spent 0.00 seconds.
2022-09-16 16:28:19.902 *** Get cell color spent 0.00 seconds.
2022-09-16 16:28:20.854 *** Keyboard input *** key pressed: key: 90; text: "z"
2022-09-16 16:28:21.182 *** Keyboard input *** key pressed: key: 90; text: "z"
2022-09-16 16:28:21.187 *** Process image overlay spent 0.00 seconds.
2022-09-16 16:28:21.188 *** Get cell color spent 0.00 seconds.
2022-09-16 16:28:21.425 *** Keyboard input *** key pressed: key: 90; text: "z"
2022-09-16 16:50:25.082 *** Mouse movement (LeftButton) ***  Mouse coords: (799, 488) (21721, 38526)
2022-09-16 22:18:55.271 *** Program closed.
2022-09-16 22:18:55.317 *** EOF in transport thread
