2022-10-18 16:43:01.028 *** Start program *** Start program
2022-10-18 16:43:17.766 *** Open case *** /Applications/XAMPP/xamppfiles/htdocs/20220722_Eric_Yang
2022-10-18 16:43:34.803 *** Open processed data
2022-10-18 16:43:34.804 *** Preload all statistics at once.
2022-10-18 16:43:35.189 *** Nuclei stat data loaded, took 0.38 seconds. Total number of nuclei: 169921
2022-10-18 16:43:39.801 *** Mouse movement (LeftButton) ***  Mouse coords: (342, 508) (39246, 20199)
2022-10-18 16:43:39.842 *** Mouse movement (LeftButton) ***  Mouse coords: (399, 508) (41290, 20199)
2022-10-18 16:43:39.866 *** Mouse movement (LeftButton) ***  Mouse coords: (438, 508) (40634, 20199)
2022-10-18 16:43:39.895 *** Mouse movement (LeftButton) ***  Mouse coords: (693, 508) (48521, 20199)
2022-10-18 16:43:39.934 *** Mouse movement (LeftButton) ***  Mouse coords: (1046, 548) (52099, 21659)
2022-10-18 16:43:39.982 *** Mouse movement (LeftButton) ***  Mouse coords: (1161, 561) (43409, 20674)
2022-10-18 16:43:40.004 *** Mouse movement (LeftButton) ***  Mouse coords: (1183, 561) (40012, 20199)
2022-10-18 16:43:40.030 *** Mouse movement (LeftButton) ***  Mouse coords: (1186, 561) (39319, 20199)
2022-10-18 16:43:40.058 *** Mouse movement (LeftButton) ***  Mouse coords: (1188, 561) (39282, 20199)
2022-10-18 16:43:40.080 *** Mouse movement (LeftButton) ***  Mouse coords: (1190, 562) (39282, 20236)
2022-10-18 16:43:41.321 *** Mouse movement (LeftButton) ***  Mouse coords: (397, 277) (59975, 34674)
2022-10-18 16:43:41.368 *** Mouse movement (LeftButton) ***  Mouse coords: (398, 278) (60027, 34674)
2022-10-18 16:43:41.404 *** Mouse movement (LeftButton) ***  Mouse coords: (427, 278) (61486, 34622)
2022-10-18 16:43:41.452 *** Mouse movement (LeftButton) ***  Mouse coords: (527, 278) (65188, 34622)
2022-10-18 16:43:41.484 *** Mouse movement (LeftButton) ***  Mouse coords: (780, 341) (73162, 37906)
2022-10-18 16:43:41.518 *** Mouse movement (LeftButton) ***  Mouse coords: (1141, 516) (78792, 43744)
2022-10-18 16:43:41.553 *** Mouse movement (LeftButton) ***  Mouse coords: (1193, 547) (62685, 36238)
2022-10-18 16:43:41.585 *** Mouse movement (LeftButton) ***  Mouse coords: (1231, 570) (61956, 35821)
2022-10-18 16:43:41.615 *** Mouse movement (LeftButton) ***  Mouse coords: (1243, 577) (60600, 34986)
2022-10-18 16:43:41.644 *** Mouse movement (LeftButton) ***  Mouse coords: (1244, 577) (60027, 34622)
2022-10-18 16:43:42.054 *** Mouse movement (LeftButton) ***  Mouse coords: (335, 440) (12595, 27481)
2022-10-18 16:43:42.125 *** Mouse movement (LeftButton) ***  Mouse coords: (336, 439) (12647, 27429)
2022-10-18 16:43:42.161 *** Mouse movement (LeftButton) ***  Mouse coords: (391, 441) (15462, 27586)
2022-10-18 16:43:42.184 *** Mouse movement (LeftButton) ***  Mouse coords: (533, 483) (19996, 29670)
2022-10-18 16:43:42.219 *** Mouse movement (LeftButton) ***  Mouse coords: (673, 551) (19893, 31025)
2022-10-18 16:43:42.262 *** Mouse movement (LeftButton) ***  Mouse coords: (761, 600) (17182, 30035)
2022-10-18 16:43:42.286 *** Mouse movement (LeftButton) ***  Mouse coords: (799, 621) (14575, 28576)
2022-10-18 16:43:42.326 *** Mouse movement (LeftButton) ***  Mouse coords: (815, 630) (13429, 27950)
2022-10-18 16:43:42.392 *** Mouse movement (LeftButton) ***  Mouse coords: (817, 630) (12699, 27481)
2022-10-18 16:43:42.427 *** Mouse movement (LeftButton) ***  Mouse coords: (820, 631) (12752, 27533)
2022-10-18 16:43:42.459 *** Mouse movement (LeftButton) ***  Mouse coords: (822, 634) (12699, 27637)
2022-10-18 16:44:16.765 *** starting thread (client mode): 0x487fd160
2022-10-18 16:44:16.766 *** Local version/idstring: SSH-2.0-paramiko_2.11.0
2022-10-18 16:44:16.788 *** Remote version/idstring: SSH-2.0-OpenSSH_5.3
2022-10-18 16:44:16.789 *** Connected (version 2.0, client OpenSSH_5.3)
2022-10-18 16:44:16.807 *** === Key exchange possibilities ===
2022-10-18 16:44:16.807 *** kex algos: diffie-hellman-group-exchange-sha256, diffie-hellman-group-exchange-sha1, diffie-hellman-group14-sha1, diffie-hellman-group1-sha1
2022-10-18 16:44:16.807 *** server key: ssh-rsa, ssh-rsa-cert-v01@openssh.com, ssh-dss
2022-10-18 16:44:16.807 *** client encrypt: aes128-ctr, aes192-ctr, aes256-ctr, arcfour256, arcfour128, aes128-cbc, 3des-cbc, blowfish-cbc, cast128-cbc, aes192-cbc, aes256-cbc, arcfour, rijndael-cbc@lysator.liu.se
2022-10-18 16:44:16.807 *** server encrypt: aes128-ctr, aes192-ctr, aes256-ctr, arcfour256, arcfour128, aes128-cbc, 3des-cbc, blowfish-cbc, cast128-cbc, aes192-cbc, aes256-cbc, arcfour, rijndael-cbc@lysator.liu.se
2022-10-18 16:44:16.807 *** client mac: hmac-md5, hmac-sha1, umac-64@openssh.com, hmac-sha2-256, hmac-sha2-512, hmac-ripemd160, hmac-ripemd160@openssh.com, hmac-sha1-96, hmac-md5-96
2022-10-18 16:44:16.807 *** server mac: hmac-md5, hmac-sha1, umac-64@openssh.com, hmac-sha2-256, hmac-sha2-512, hmac-ripemd160, hmac-ripemd160@openssh.com, hmac-sha1-96, hmac-md5-96
2022-10-18 16:44:16.807 *** client compress: none, zlib@openssh.com
2022-10-18 16:44:16.807 *** server compress: none, zlib@openssh.com
2022-10-18 16:44:16.807 *** client lang: <none>
2022-10-18 16:44:16.807 *** server lang: <none>
2022-10-18 16:44:16.807 *** kex follows: False
2022-10-18 16:44:16.807 *** === Key exchange agreements ===
2022-10-18 16:44:16.807 *** Kex: diffie-hellman-group-exchange-sha256
2022-10-18 16:44:16.807 *** HostKey: ssh-rsa
2022-10-18 16:44:16.808 *** Cipher: aes128-ctr
2022-10-18 16:44:16.808 *** MAC: hmac-sha2-256
2022-10-18 16:44:16.808 *** Compression: none
2022-10-18 16:44:16.808 *** === End of kex handshake ===
2022-10-18 16:44:16.872 *** Got server p (2048 bits)
2022-10-18 16:44:16.964 *** kex engine KexGexSHA256 specified hash_algo <built-in function openssl_sha256>
2022-10-18 16:44:16.966 *** Switch to new keys ...
2022-10-18 16:44:16.966 *** Adding ssh-rsa host key for 173.201.181.247: b'cca345f774a2d98448d0bcc78f04075d'
2022-10-18 16:44:17.040 *** userauth is OK
2022-10-18 16:44:17.064 *** Authentication (password) successful!
2022-10-18 16:44:17.065 *** [chan 0] Max packet in: 32768 bytes
2022-10-18 16:44:17.084 *** [chan 0] Max packet out: 32768 bytes
2022-10-18 16:44:17.084 *** Secsh channel 0 opened.
2022-10-18 16:44:17.105 *** [chan 0] Sesch channel 0 request ok
2022-10-18 16:44:17.126 *** [chan 0] Opened sftp connection (server version 3)
2022-10-18 16:44:17.126 *** [chan 0] stat(b'/home/b6o162rzivzp/NucFinder_DB/72559C6CD10E3D05/interactive_nuclei_dict.pickle')
2022-10-18 16:44:17.146 *** [chan 0] stat(b'/home/b6o162rzivzp/NucFinder_DB/72559C6CD10E3D05/model.pickle')
2022-10-18 16:44:17.165 *** [chan 0] open(b'/home/b6o162rzivzp/NucFinder_DB/72559C6CD10E3D05/model.pickle', 'rb')
2022-10-18 16:44:17.185 *** [chan 0] open(b'/home/b6o162rzivzp/NucFinder_DB/72559C6CD10E3D05/model.pickle', 'rb') -> 00000000
2022-10-18 16:44:18.286 *** [chan 0] close(00000000)
2022-10-18 16:44:18.379 *** Interactive label *** Apply to case start.
2022-10-18 16:44:23.255 *** Interactive label *** Apply to case done.
2022-10-18 16:44:23.329 *** Interactive label *** Apply to case finish overlay create.
2022-10-18 16:44:24.042 *** Mouse movement (LeftButton) ***  Mouse coords: (722, 349) (8455, 12909)
2022-10-18 16:44:24.079 *** Mouse movement (LeftButton) ***  Mouse coords: (736, 354) (9065, 13127)
2022-10-18 16:44:24.110 *** Mouse movement (LeftButton) ***  Mouse coords: (741, 358) (8673, 13083)
2022-10-18 16:44:24.142 *** Mouse movement (LeftButton) ***  Mouse coords: (767, 386) (9587, 14128)
2022-10-18 16:44:24.177 *** Mouse movement (LeftButton) ***  Mouse coords: (775, 395) (8803, 13301)
2022-10-18 16:44:24.209 *** Mouse movement (LeftButton) ***  Mouse coords: (791, 423) (9151, 14128)
2022-10-18 16:44:24.238 *** Mouse movement (LeftButton) ***  Mouse coords: (795, 431) (8630, 13257)
2022-10-18 16:44:24.274 *** Mouse movement (LeftButton) ***  Mouse coords: (798, 438) (8585, 13214)
2022-10-18 16:44:25.487 *** Mouse movement (LeftButton) ***  Mouse coords: (714, 295) (5383, 7332)
2022-10-18 16:44:25.826 *** Keyboard input *** key pressed: key: 90; text: "z"
2022-10-18 16:44:25.829 *** Process image overlay spent 0.00 seconds.
2022-10-18 16:44:25.861 *** Get cell color spent 0.03 seconds.
2022-10-18 16:44:28.405 *** Mouse movement (LeftButton) ***  Mouse coords: (623, 310) (4388, 7498)
2022-10-18 16:44:28.840 *** Process image overlay spent 0.00 seconds.
2022-10-18 16:44:28.866 *** Get cell color spent 0.03 seconds.
2022-10-18 16:44:29.381 *** Keyboard input *** key pressed: key: 90; text: "z"
2022-10-18 16:44:29.707 *** Keyboard input *** key pressed: key: 90; text: "z"
2022-10-18 16:44:32.777 *** Process image overlay spent 0.00 seconds.
2022-10-18 16:44:32.802 *** Get cell color spent 0.02 seconds.
2022-10-18 16:44:32.929 *** Process image overlay spent 0.00 seconds.
2022-10-18 16:44:32.951 *** Get cell color spent 0.02 seconds.
2022-10-18 16:44:33.217 *** Mouse movement (LeftButton) ***  Mouse coords: (837, 179) (5582, 5952)
2022-10-18 16:44:33.254 *** Mouse movement (LeftButton) ***  Mouse coords: (822, 190) (5411, 6077)
2022-10-18 16:44:33.281 *** Mouse movement (LeftButton) ***  Mouse coords: (790, 205) (5219, 6123)
2022-10-18 16:44:33.325 *** Mouse movement (LeftButton) ***  Mouse coords: (723, 238) (4820, 6327)
2022-10-18 16:44:33.350 *** Mouse movement (LeftButton) ***  Mouse coords: (559, 322) (3718, 6907)
2022-10-18 16:44:33.377 *** Mouse movement (LeftButton) ***  Mouse coords: (539, 333) (5355, 6077)
2022-10-18 16:44:33.402 *** Mouse movement (LeftButton) ***  Mouse coords: (489, 359) (5014, 6247)
2022-10-18 16:44:33.427 *** Mouse movement (LeftButton) ***  Mouse coords: (471, 370) (5377, 6077)
2022-10-18 16:44:33.454 *** Mouse movement (LeftButton) ***  Mouse coords: (467, 372) (5537, 5975)
2022-10-18 16:44:33.498 *** Mouse movement (LeftButton) ***  Mouse coords: (466, 372) (5570, 5952)
2022-10-18 16:44:33.539 *** Mouse movement (LeftButton) ***  Mouse coords: (466, 372) (5582, 5952)
2022-10-18 16:44:33.587 *** Process image overlay spent 0.00 seconds.
2022-10-18 16:44:33.613 *** Get cell color spent 0.03 seconds.
2022-10-18 16:44:33.929 *** Mouse movement (LeftButton) ***  Mouse coords: (503, 353) (6003, 5736)
2022-10-18 16:44:33.984 *** Mouse movement (LeftButton) ***  Mouse coords: (515, 344) (6105, 5645)
2022-10-18 16:44:34.034 *** Mouse movement (LeftButton) ***  Mouse coords: (528, 330) (6117, 5588)
2022-10-18 16:44:34.059 *** Mouse movement (LeftButton) ***  Mouse coords: (541, 316) (6117, 5588)
2022-10-18 16:44:34.083 *** Mouse movement (LeftButton) ***  Mouse coords: (550, 307) (6071, 5644)
2022-10-18 16:44:34.107 *** Mouse movement (LeftButton) ***  Mouse coords: (553, 305) (6003, 5725)
2022-10-18 16:44:34.131 *** Mouse movement (LeftButton) ***  Mouse coords: (553, 304) (5969, 5735)
2022-10-18 16:44:34.156 *** Mouse movement (LeftButton) ***  Mouse coords: (553, 304) (5969, 5747)
2022-10-18 16:44:34.179 *** Mouse movement (LeftButton) ***  Mouse coords: (555, 302) (5992, 5724)
2022-10-18 16:44:34.201 *** Mouse movement (LeftButton) ***  Mouse coords: (558, 298) (6003, 5702)
2022-10-18 16:44:34.225 *** Mouse movement (LeftButton) ***  Mouse coords: (563, 290) (6026, 5656)
2022-10-18 16:44:34.249 *** Mouse movement (LeftButton) ***  Mouse coords: (573, 278) (6082, 5611)
2022-10-18 16:44:34.275 *** Mouse movement (LeftButton) ***  Mouse coords: (581, 270) (6060, 5656)
2022-10-18 16:44:34.299 *** Mouse movement (LeftButton) ***  Mouse coords: (586, 265) (6026, 5690)
2022-10-18 16:44:34.323 *** Mouse movement (LeftButton) ***  Mouse coords: (587, 264) (5980, 5736)
2022-10-18 16:44:34.347 *** Mouse movement (LeftButton) ***  Mouse coords: (588, 264) (5981, 5747)
2022-10-18 16:44:34.389 *** Mouse movement (LeftButton) ***  Mouse coords: (588, 264) (5969, 5747)
2022-10-18 16:44:34.413 *** Mouse movement (LeftButton) ***  Mouse coords: (584, 264) (5923, 5747)
2022-10-18 16:44:34.460 *** Process image overlay spent 0.00 seconds.
2022-10-18 16:44:34.486 *** Get cell color spent 0.03 seconds.
2022-10-18 16:44:34.819 *** Process image overlay spent 0.00 seconds.
2022-10-18 16:44:34.846 *** Get cell color spent 0.03 seconds.
2022-10-18 16:44:35.180 *** Mouse movement (LeftButton) ***  Mouse coords: (583, 279) (5947, 5900)
2022-10-18 16:44:35.250 *** Mouse movement (LeftButton) ***  Mouse coords: (584, 280) (5961, 5900)
2022-10-18 16:44:35.300 *** Mouse movement (LeftButton) ***  Mouse coords: (607, 280) (6272, 5886)
2022-10-18 16:44:35.328 *** Mouse movement (LeftButton) ***  Mouse coords: (654, 280) (6612, 5886)
2022-10-18 16:44:35.351 *** Mouse movement (LeftButton) ***  Mouse coords: (698, 280) (6569, 5886)
2022-10-18 16:44:35.377 *** Mouse movement (LeftButton) ***  Mouse coords: (718, 280) (6230, 5886)
2022-10-18 16:44:35.401 *** Mouse movement (LeftButton) ***  Mouse coords: (725, 280) (6046, 5886)
2022-10-18 16:44:35.457 *** Process image overlay spent 0.00 seconds.
2022-10-18 16:44:35.484 *** Get cell color spent 0.03 seconds.
2022-10-18 16:44:35.553 *** Mouse movement (LeftButton) ***  Mouse coords: (724, 280) (5933, 5886)
2022-10-18 16:44:35.603 *** Process image overlay spent 0.00 seconds.
2022-10-18 16:44:35.629 *** Get cell color spent 0.03 seconds.
2022-10-18 16:44:35.756 *** Keyboard input *** key pressed: key: 90; text: "z"
2022-10-18 16:44:36.339 *** Mouse movement (LeftButton) ***  Mouse coords: (817, 299) (7262, 6155)
2022-10-18 16:44:36.453 *** Mouse movement (LeftButton) ***  Mouse coords: (817, 299) (7248, 6141)
2022-10-18 16:44:36.480 *** Mouse movement (LeftButton) ***  Mouse coords: (814, 299) (7206, 6141)
2022-10-18 16:44:36.503 *** Mouse movement (LeftButton) ***  Mouse coords: (811, 299) (7205, 6141)
2022-10-18 16:44:36.527 *** Mouse movement (LeftButton) ***  Mouse coords: (805, 299) (7164, 6141)
2022-10-18 16:44:36.552 *** Mouse movement (LeftButton) ***  Mouse coords: (795, 299) (7106, 6141)
2022-10-18 16:44:36.575 *** Mouse movement (LeftButton) ***  Mouse coords: (788, 299) (7149, 6141)
2022-10-18 16:44:36.602 *** Mouse movement (LeftButton) ***  Mouse coords: (782, 299) (7163, 6141)
2022-10-18 16:44:36.625 *** Mouse movement (LeftButton) ***  Mouse coords: (780, 299) (7220, 6141)
2022-10-18 16:44:36.652 *** Mouse movement (LeftButton) ***  Mouse coords: (779, 299) (7234, 6141)
2022-10-18 16:44:36.675 *** Mouse movement (LeftButton) ***  Mouse coords: (778, 299) (7234, 6141)
2022-10-18 16:44:36.720 *** Mouse movement (LeftButton) ***  Mouse coords: (778, 299) (7248, 6141)
2022-10-18 16:44:36.761 *** Mouse movement (LeftButton) ***  Mouse coords: (777, 299) (7234, 6141)
2022-10-18 16:44:36.786 *** Mouse movement (LeftButton) ***  Mouse coords: (777, 299) (7248, 6141)
2022-10-18 16:44:36.810 *** Mouse movement (LeftButton) ***  Mouse coords: (776, 299) (7233, 6141)
2022-10-18 16:44:36.835 *** Mouse movement (LeftButton) ***  Mouse coords: (776, 299) (7248, 6141)
2022-10-18 16:44:36.858 *** Mouse movement (LeftButton) ***  Mouse coords: (776, 299) (7248, 6141)
2022-10-18 16:44:36.882 *** Mouse movement (LeftButton) ***  Mouse coords: (776, 299) (7248, 6141)
2022-10-18 16:44:36.904 *** Mouse movement (LeftButton) ***  Mouse coords: (776, 299) (7248, 6141)
2022-10-18 16:44:36.926 *** Mouse movement (LeftButton) ***  Mouse coords: (775, 299) (7234, 6141)
2022-10-18 16:44:36.950 *** Mouse movement (LeftButton) ***  Mouse coords: (775, 299) (7248, 6141)
2022-10-18 16:44:36.972 *** Mouse movement (LeftButton) ***  Mouse coords: (775, 299) (7248, 6141)
2022-10-18 16:44:36.995 *** Mouse movement (LeftButton) ***  Mouse coords: (775, 299) (7248, 6141)
2022-10-18 16:44:37.018 *** Mouse movement (LeftButton) ***  Mouse coords: (773, 299) (7220, 6141)
2022-10-18 16:44:37.041 *** Mouse movement (LeftButton) ***  Mouse coords: (767, 298) (7163, 6127)
2022-10-18 16:44:37.064 *** Mouse movement (LeftButton) ***  Mouse coords: (764, 298) (7206, 6141)
2022-10-18 16:44:37.092 *** Mouse movement (LeftButton) ***  Mouse coords: (753, 297) (7092, 6127)
2022-10-18 16:44:37.115 *** Mouse movement (LeftButton) ***  Mouse coords: (746, 297) (7149, 6141)
2022-10-18 16:44:37.141 *** Mouse movement (LeftButton) ***  Mouse coords: (743, 297) (7206, 6141)
2022-10-18 16:44:37.166 *** Mouse movement (LeftButton) ***  Mouse coords: (743, 297) (7248, 6141)
2022-10-18 16:44:38.089 *** Keyboard input *** key pressed: key: 90; text: "z"
2022-10-18 16:44:38.095 *** Process image overlay spent 0.00 seconds.
2022-10-18 16:44:38.137 *** Get cell color spent 0.04 seconds.
2022-10-18 16:44:38.461 *** Keyboard input *** key pressed: key: 90; text: "z"
2022-10-18 16:44:39.702 *** Mouse movement (LeftButton) ***  Mouse coords: (743, 297) (9507, 6314)
2022-10-18 16:44:39.753 *** Mouse movement (LeftButton) ***  Mouse coords: (809, 306) (10463, 6445)
2022-10-18 16:44:39.779 *** Mouse movement (LeftButton) ***  Mouse coords: (865, 322) (10318, 6545)
2022-10-18 16:44:39.803 *** Mouse movement (LeftButton) ***  Mouse coords: (895, 328) (9941, 6401)
2022-10-18 16:44:39.846 *** Mouse movement (LeftButton) ***  Mouse coords: (913, 330) (9768, 6343)
2022-10-18 16:44:39.871 *** Mouse movement (LeftButton) ***  Mouse coords: (919, 330) (9594, 6314)
2022-10-18 16:44:39.895 *** Mouse movement (LeftButton) ***  Mouse coords: (922, 330) (9550, 6314)
2022-10-18 16:44:39.920 *** Mouse movement (LeftButton) ***  Mouse coords: (923, 330) (9521, 6314)
2022-10-18 16:44:39.944 *** Mouse movement (LeftButton) ***  Mouse coords: (923, 330) (9507, 6314)
2022-10-18 16:44:39.968 *** Mouse movement (LeftButton) ***  Mouse coords: (925, 330) (9536, 6314)
2022-10-18 16:44:39.992 *** Mouse movement (LeftButton) ***  Mouse coords: (929, 331) (9565, 6329)
2022-10-18 16:44:40.017 *** Mouse movement (LeftButton) ***  Mouse coords: (931, 333) (9536, 6343)
2022-10-18 16:44:45.879 *** Mouse movement (LeftButton) ***  Mouse coords: (543, 543) (9071, 9068)
2022-10-18 16:44:45.968 *** Mouse movement (LeftButton) ***  Mouse coords: (553, 543) (9177, 9079)
2022-10-18 16:44:45.991 *** Mouse movement (LeftButton) ***  Mouse coords: (580, 543) (9356, 9079)
2022-10-18 16:44:46.014 *** Mouse movement (LeftButton) ***  Mouse coords: (600, 543) (9282, 9079)
2022-10-18 16:44:46.038 *** Mouse movement (LeftButton) ***  Mouse coords: (667, 546) (9779, 9111)
2022-10-18 16:44:46.062 *** Mouse movement (LeftButton) ***  Mouse coords: (715, 554) (9578, 9163)
2022-10-18 16:44:46.086 *** Mouse movement (LeftButton) ***  Mouse coords: (742, 556) (9356, 9100)
2022-10-18 16:44:46.112 *** Mouse movement (LeftButton) ***  Mouse coords: (757, 556) (9229, 9079)
2022-10-18 16:44:46.137 *** Mouse movement (LeftButton) ***  Mouse coords: (762, 556) (9124, 9079)
2022-10-18 16:44:46.159 *** Mouse movement (LeftButton) ***  Mouse coords: (764, 556) (9092, 9079)
2022-10-18 16:44:46.186 *** Mouse movement (LeftButton) ***  Mouse coords: (766, 556) (9093, 9079)
2022-10-18 16:44:46.210 *** Mouse movement (LeftButton) ***  Mouse coords: (769, 556) (9102, 9079)
2022-10-18 16:44:46.234 *** Mouse movement (LeftButton) ***  Mouse coords: (772, 556) (9103, 9079)
2022-10-18 16:44:46.258 *** Mouse movement (LeftButton) ***  Mouse coords: (775, 555) (9103, 9069)
2022-10-18 16:44:46.283 *** Mouse movement (LeftButton) ***  Mouse coords: (776, 555) (9081, 9079)
2022-10-18 16:44:46.308 *** Mouse movement (LeftButton) ***  Mouse coords: (777, 555) (9082, 9079)
2022-10-18 16:44:46.331 *** Mouse movement (LeftButton) ***  Mouse coords: (776, 555) (9060, 9079)
2022-10-18 16:44:47.617 *** Mouse movement (LeftButton) ***  Mouse coords: (774, 555) (9045, 9058)
2022-10-18 16:44:47.645 *** Mouse movement (LeftButton) ***  Mouse coords: (783, 555) (9150, 9058)
2022-10-18 16:44:47.669 *** Mouse movement (LeftButton) ***  Mouse coords: (799, 555) (9230, 9058)
2022-10-18 16:44:47.711 *** Mouse movement (LeftButton) ***  Mouse coords: (821, 555) (9300, 9058)
2022-10-18 16:44:47.736 *** Mouse movement (LeftButton) ***  Mouse coords: (831, 555) (9160, 9058)
2022-10-18 16:44:47.762 *** Mouse movement (LeftButton) ***  Mouse coords: (844, 555) (9196, 9058)
2022-10-18 16:44:47.788 *** Mouse movement (LeftButton) ***  Mouse coords: (849, 555) (9103, 9058)
2022-10-18 16:44:47.811 *** Mouse movement (LeftButton) ***  Mouse coords: (850, 555) (9057, 9058)
2022-10-18 16:44:47.836 *** Mouse movement (LeftButton) ***  Mouse coords: (850, 555) (9045, 9058)
2022-10-18 16:44:47.877 *** Mouse movement (LeftButton) ***  Mouse coords: (850, 554) (9045, 9046)
2022-10-18 16:44:48.847 *** Mouse movement (LeftButton) ***  Mouse coords: (850, 554) (9030, 8999)
2022-10-18 16:44:48.887 *** Mouse movement (LeftButton) ***  Mouse coords: (864, 554) (9231, 8999)
2022-10-18 16:44:48.915 *** Mouse movement (LeftButton) ***  Mouse coords: (880, 552) (9260, 8971)
2022-10-18 16:44:48.957 *** Mouse movement (LeftButton) ***  Mouse coords: (888, 550) (9146, 8970)
2022-10-18 16:44:48.982 *** Mouse movement (LeftButton) ***  Mouse coords: (892, 550) (9087, 8999)
2022-10-18 16:44:49.027 *** Mouse movement (LeftButton) ***  Mouse coords: (892, 549) (9030, 8984)
2022-10-18 16:44:49.068 *** Mouse movement (LeftButton) ***  Mouse coords: (893, 549) (9045, 8999)
2022-10-18 16:44:49.093 *** Mouse movement (LeftButton) ***  Mouse coords: (896, 545) (9073, 8942)
2022-10-18 16:44:49.117 *** Mouse movement (LeftButton) ***  Mouse coords: (901, 539) (9102, 8912)
2022-10-18 16:44:49.142 *** Mouse movement (LeftButton) ***  Mouse coords: (906, 533) (9102, 8913)
2022-10-18 16:44:49.164 *** Mouse movement (LeftButton) ***  Mouse coords: (909, 530) (9073, 8956)
2022-10-18 16:44:49.191 *** Mouse movement (LeftButton) ***  Mouse coords: (910, 529) (9044, 8984)
2022-10-18 16:44:49.212 *** Mouse movement (LeftButton) ***  Mouse coords: (910, 528) (9030, 8985)
2022-10-18 16:44:49.367 *** Mouse movement (LeftButton) ***  Mouse coords: (910, 528) (9030, 8999)
2022-10-18 16:44:49.404 *** Mouse movement (LeftButton) ***  Mouse coords: (910, 528) (9030, 8999)
2022-10-18 16:44:50.517 *** Mouse movement (LeftButton) ***  Mouse coords: (909, 528) (9016, 8999)
2022-10-18 16:44:50.592 *** Mouse movement (LeftButton) ***  Mouse coords: (909, 522) (9016, 8913)
2022-10-18 16:44:50.625 *** Mouse movement (LeftButton) ***  Mouse coords: (909, 521) (9016, 8984)
2022-10-18 16:44:50.648 *** Mouse movement (LeftButton) ***  Mouse coords: (909, 520) (9016, 8985)
2022-10-18 16:44:50.676 *** Mouse movement (LeftButton) ***  Mouse coords: (909, 520) (9016, 8999)
2022-10-18 16:44:50.842 *** Mouse movement (LeftButton) ***  Mouse coords: (909, 520) (9016, 8999)
2022-10-18 16:44:50.882 *** Mouse movement (LeftButton) ***  Mouse coords: (909, 518) (9016, 8970)
2022-10-18 16:44:50.906 *** Mouse movement (LeftButton) ***  Mouse coords: (909, 518) (9016, 8999)
2022-10-18 16:44:50.947 *** Mouse movement (LeftButton) ***  Mouse coords: (909, 518) (9016, 8999)
2022-10-18 16:44:51.826 *** Keyboard input *** key pressed: key: 16777249; text: ""
2022-10-18 16:44:51.840 *** Keyboard input *** key pressed: key: 16777248; text: ""
2022-10-18 16:44:56.912 *** Keyboard input *** key pressed: key: 90; text: "z"
2022-10-18 16:44:56.915 *** Process image overlay spent 0.00 seconds.
2022-10-18 16:44:56.960 *** Get cell color spent 0.04 seconds.
2022-10-18 16:44:57.724 *** Keyboard input *** key pressed: key: 16777248; text: ""
2022-10-18 16:44:57.748 *** Keyboard input *** key pressed: key: 16777249; text: ""
2022-10-18 16:45:05.049 *** Program closed.
2022-10-18 16:45:05.101 *** EOF in transport thread
