2022-09-09 16:32:49.442 *** Start program *** Start program
2022-09-09 16:32:55.388 *** starting thread (client mode): 0xd3262970
2022-09-09 16:32:55.388 *** Local version/idstring: SSH-2.0-paramiko_2.11.0
2022-09-09 16:32:55.410 *** Remote version/idstring: SSH-2.0-OpenSSH_5.3
2022-09-09 16:32:55.410 *** Connected (version 2.0, client OpenSSH_5.3)
2022-09-09 16:32:55.427 *** === Key exchange possibilities ===
2022-09-09 16:32:55.427 *** kex algos: diffie-hellman-group-exchange-sha256, diffie-hellman-group-exchange-sha1, diffie-hellman-group14-sha1, diffie-hellman-group1-sha1
2022-09-09 16:32:55.428 *** server key: ssh-rsa, ssh-rsa-cert-v01@openssh.com, ssh-dss
2022-09-09 16:32:55.428 *** client encrypt: aes128-ctr, aes192-ctr, aes256-ctr, arcfour256, arcfour128, aes128-cbc, 3des-cbc, blowfish-cbc, cast128-cbc, aes192-cbc, aes256-cbc, arcfour, rijndael-cbc@lysator.liu.se
2022-09-09 16:32:55.428 *** server encrypt: aes128-ctr, aes192-ctr, aes256-ctr, arcfour256, arcfour128, aes128-cbc, 3des-cbc, blowfish-cbc, cast128-cbc, aes192-cbc, aes256-cbc, arcfour, rijndael-cbc@lysator.liu.se
2022-09-09 16:32:55.428 *** client mac: hmac-md5, hmac-sha1, umac-64@openssh.com, hmac-sha2-256, hmac-sha2-512, hmac-ripemd160, hmac-ripemd160@openssh.com, hmac-sha1-96, hmac-md5-96
2022-09-09 16:32:55.429 *** server mac: hmac-md5, hmac-sha1, umac-64@openssh.com, hmac-sha2-256, hmac-sha2-512, hmac-ripemd160, hmac-ripemd160@openssh.com, hmac-sha1-96, hmac-md5-96
2022-09-09 16:32:55.429 *** client compress: none, zlib@openssh.com
2022-09-09 16:32:55.429 *** server compress: none, zlib@openssh.com
2022-09-09 16:32:55.430 *** client lang: <none>
2022-09-09 16:32:55.430 *** server lang: <none>
2022-09-09 16:32:55.430 *** kex follows: False
2022-09-09 16:32:55.430 *** === Key exchange agreements ===
2022-09-09 16:32:55.431 *** Kex: diffie-hellman-group-exchange-sha256
2022-09-09 16:32:55.431 *** HostKey: ssh-rsa
2022-09-09 16:32:55.432 *** Cipher: aes128-ctr
2022-09-09 16:32:55.432 *** MAC: hmac-sha2-256
2022-09-09 16:32:55.432 *** Compression: none
2022-09-09 16:32:55.433 *** === End of kex handshake ===
2022-09-09 16:32:55.489 *** Got server p (2048 bits)
2022-09-09 16:32:55.550 *** kex engine KexGexSHA256 specified hash_algo <built-in function openssl_sha256>
2022-09-09 16:32:55.550 *** Switch to new keys ...
2022-09-09 16:32:55.551 *** Adding ssh-rsa host key for 173.201.181.247: b'cca345f774a2d98448d0bcc78f04075d'
2022-09-09 16:32:55.646 *** userauth is OK
2022-09-09 16:32:55.678 *** Authentication (password) successful!
2022-09-09 16:32:55.681 *** [chan 0] Max packet in: 32768 bytes
2022-09-09 16:32:55.702 *** [chan 0] Max packet out: 32768 bytes
2022-09-09 16:32:55.702 *** Secsh channel 0 opened.
2022-09-09 16:32:55.733 *** [chan 0] Sesch channel 0 request ok
2022-09-09 16:32:55.752 *** [chan 0] Opened sftp connection (server version 3)
2022-09-09 16:32:55.753 *** [chan 0] stat(b'/home/b6o162rzivzp/NucFinder_DB/CFB1B411265361DF/interactive_nuclei_dict.pickle')
2022-09-09 16:32:55.782 *** [chan 0] stat(b'/home/b6o162rzivzp/NucFinder_DB/CFB1B411265361DF/model.pickle')
2022-09-09 16:32:55.811 *** [chan 0] open(b'/home/b6o162rzivzp/NucFinder_DB/CFB1B411265361DF/model.pickle', 'rb')
2022-09-09 16:32:55.847 *** [chan 0] open(b'/home/b6o162rzivzp/NucFinder_DB/CFB1B411265361DF/model.pickle', 'rb') -> 00000000
2022-09-09 16:32:56.345 *** [chan 0] close(00000000)
2022-09-09 16:32:59.539 *** Interactive label *** Review annotations/active learning start.
2022-09-09 16:33:00.521 *** CACHEDIR=/home/zhihuang/.cache/matplotlib
2022-09-09 16:33:00.522 *** Using fontManager instance from /home/zhihuang/.cache/matplotlib/fontlist-v330.json
2022-09-09 16:33:00.777 *** Loaded backend qtagg version unknown.
2022-09-09 16:33:38.310 *** Program closed.
2022-09-09 16:33:39.157 *** EOF in transport thread
