2022-09-23 10:58:00.626 *** Start program *** Start program
2022-09-23 10:58:11.109 *** Open case *** /Users/zhihuang/Desktop/S4325
2022-09-23 11:07:27.987 *** Open processed data
2022-09-23 11:07:27.990 *** Preload all statistics at once.
2022-09-23 11:07:29.332 *** Nuclei stat data loaded, took 1.34 seconds. Total number of nuclei: 922888
2022-09-23 11:07:37.711 *** Mouse movement (LeftButton) ***  Mouse coords: (576, 297) (60312, 21524)
2022-09-23 11:07:37.840 *** Mouse movement (LeftButton) ***  Mouse coords: (576, 297) (60312, 21524)
2022-09-23 11:07:37.877 *** Mouse movement (LeftButton) ***  Mouse coords: (578, 315) (60632, 24404)
2022-09-23 11:07:37.904 *** Mouse movement (LeftButton) ***  Mouse coords: (592, 343) (62551, 26004)
2022-09-23 11:07:37.927 *** Mouse movement (LeftButton) ***  Mouse coords: (597, 352) (61111, 22964)
2022-09-23 11:07:37.952 *** Mouse movement (LeftButton) ***  Mouse coords: (606, 365) (61751, 23604)
2022-09-23 11:07:37.974 *** Mouse movement (LeftButton) ***  Mouse coords: (609, 370) (60792, 22324)
2022-09-23 11:07:37.996 *** Mouse movement (LeftButton) ***  Mouse coords: (610, 371) (60472, 21684)
2022-09-23 11:07:38.019 *** Mouse movement (LeftButton) ***  Mouse coords: (612, 371) (60632, 21524)
2022-09-23 11:07:38.042 *** Mouse movement (LeftButton) ***  Mouse coords: (614, 371) (60632, 21524)
2022-09-23 11:07:38.066 *** Mouse movement (LeftButton) ***  Mouse coords: (619, 370) (61111, 21364)
2022-09-23 11:07:38.088 *** Mouse movement (LeftButton) ***  Mouse coords: (623, 370) (60951, 21524)
2022-09-23 11:07:38.111 *** Mouse movement (LeftButton) ***  Mouse coords: (624, 370) (60472, 21524)
2022-09-23 11:07:38.133 *** Mouse movement (LeftButton) ***  Mouse coords: (626, 369) (60632, 21364)
2022-09-23 11:07:38.157 *** Mouse movement (LeftButton) ***  Mouse coords: (627, 369) (60472, 21524)
2022-09-23 11:07:38.179 *** Mouse movement (LeftButton) ***  Mouse coords: (627, 369) (60311, 21524)
2022-09-23 11:07:38.203 *** Mouse movement (LeftButton) ***  Mouse coords: (627, 369) (60311, 21524)
2022-09-23 11:07:45.034 *** Mouse movement (LeftButton) ***  Mouse coords: (398, 178) (21070, 10865)
2022-09-23 11:07:45.132 *** Mouse movement (LeftButton) ***  Mouse coords: (398, 178) (21070, 10912)
2022-09-23 11:07:45.160 *** Mouse movement (LeftButton) ***  Mouse coords: (398, 198) (21070, 11850)
2022-09-23 11:07:45.210 *** Mouse movement (LeftButton) ***  Mouse coords: (398, 243) (21070, 13024)
2022-09-23 11:07:45.235 *** Mouse movement (LeftButton) ***  Mouse coords: (398, 356) (21070, 16215)
2022-09-23 11:07:45.258 *** Mouse movement (LeftButton) ***  Mouse coords: (398, 411) (21070, 13493)
2022-09-23 11:07:45.281 *** Mouse movement (LeftButton) ***  Mouse coords: (398, 457) (21070, 13071)
2022-09-23 11:07:45.309 *** Mouse movement (LeftButton) ***  Mouse coords: (398, 477) (21070, 11850)
2022-09-23 11:07:45.331 *** Mouse movement (LeftButton) ***  Mouse coords: (398, 480) (21070, 11053)
2022-09-23 11:07:45.353 *** Mouse movement (LeftButton) ***  Mouse coords: (398, 481) (21070, 10959)
2022-09-23 11:07:45.376 *** Mouse movement (LeftButton) ***  Mouse coords: (398, 481) (21070, 10912)
2022-09-23 11:07:45.410 *** Mouse movement (LeftButton) ***  Mouse coords: (398, 484) (21070, 11053)
2022-09-23 11:07:47.413 *** Mouse movement (LeftButton) ***  Mouse coords: (274, 491) (20679, 13200)
2022-09-23 11:07:47.482 *** Mouse movement (LeftButton) ***  Mouse coords: (274, 491) (20679, 13200)
2022-09-23 11:07:47.516 *** Mouse movement (LeftButton) ***  Mouse coords: (309, 491) (20893, 13200)
2022-09-23 11:07:47.540 *** Mouse movement (LeftButton) ***  Mouse coords: (379, 491) (21107, 13200)
2022-09-23 11:07:47.566 *** Mouse movement (LeftButton) ***  Mouse coords: (413, 491) (20886, 13200)
2022-09-23 11:07:47.587 *** Mouse movement (LeftButton) ***  Mouse coords: (526, 491) (21369, 13200)
2022-09-23 11:07:47.609 *** Mouse movement (LeftButton) ***  Mouse coords: (575, 491) (20978, 13200)
2022-09-23 11:07:47.635 *** Mouse movement (LeftButton) ***  Mouse coords: (633, 491) (21034, 13200)
2022-09-23 11:07:47.662 *** Mouse movement (LeftButton) ***  Mouse coords: (653, 491) (20801, 13200)
2022-09-23 11:07:47.683 *** Mouse movement (LeftButton) ***  Mouse coords: (663, 491) (20740, 13200)
2022-09-23 11:07:47.705 *** Mouse movement (LeftButton) ***  Mouse coords: (665, 491) (20691, 13200)
2022-09-23 11:07:47.728 *** Mouse movement (LeftButton) ***  Mouse coords: (665, 491) (20679, 13200)
2022-09-23 11:07:47.751 *** Mouse movement (LeftButton) ***  Mouse coords: (665, 491) (20679, 13200)
2022-09-23 11:07:47.803 *** Mouse movement (LeftButton) ***  Mouse coords: (665, 492) (20679, 13206)
2022-09-23 11:07:50.633 *** Mouse movement (LeftButton) ***  Mouse coords: (844, 386) (19772, 12608)
2022-09-23 11:07:50.740 *** Mouse movement (LeftButton) ***  Mouse coords: (844, 386) (19772, 12608)
2022-09-23 11:07:50.775 *** Mouse movement (LeftButton) ***  Mouse coords: (799, 386) (19677, 12608)
2022-09-23 11:07:50.799 *** Mouse movement (LeftButton) ***  Mouse coords: (756, 386) (19682, 12608)
2022-09-23 11:07:50.820 *** Mouse movement (LeftButton) ***  Mouse coords: (724, 386) (19704, 12608)
2022-09-23 11:07:50.843 *** Mouse movement (LeftButton) ***  Mouse coords: (686, 386) (19692, 12608)
2022-09-23 11:07:50.866 *** Mouse movement (LeftButton) ***  Mouse coords: (653, 386) (19703, 12608)
2022-09-23 11:07:50.889 *** Mouse movement (LeftButton) ***  Mouse coords: (631, 386) (19725, 12608)
2022-09-23 11:07:50.910 *** Mouse movement (LeftButton) ***  Mouse coords: (623, 386) (19756, 12608)
2022-09-23 11:07:50.941 *** Mouse movement (LeftButton) ***  Mouse coords: (621, 386) (19767, 12608)
2022-09-23 11:07:50.968 *** Mouse movement (LeftButton) ***  Mouse coords: (621, 386) (19772, 12608)
2022-09-23 11:07:50.989 *** Mouse movement (LeftButton) ***  Mouse coords: (621, 386) (19772, 12608)
2022-09-23 11:07:51.010 *** Mouse movement (LeftButton) ***  Mouse coords: (621, 386) (19772, 12608)
2022-09-23 11:07:56.405 *** Keyboard input *** key pressed: key: 90; text: "z"
2022-09-23 11:07:56.410 *** Process image overlay spent 0.00 seconds.
2022-09-23 11:07:56.426 *** Get cell color spent 0.02 seconds.
2022-09-23 11:08:09.702 *** Mouse movement (LeftButton) ***  Mouse coords: (1011, 457) (20593, 12758)
2022-09-23 11:08:09.832 *** Mouse movement (LeftButton) ***  Mouse coords: (1011, 457) (20595, 12758)
2022-09-23 11:08:09.859 *** Mouse movement (LeftButton) ***  Mouse coords: (1003, 477) (20579, 12800)
2022-09-23 11:08:09.906 *** Mouse movement (LeftButton) ***  Mouse coords: (990, 505) (20567, 12817)
2022-09-23 11:08:09.927 *** Mouse movement (LeftButton) ***  Mouse coords: (978, 526) (20570, 12802)
2022-09-23 11:08:09.949 *** Mouse movement (LeftButton) ***  Mouse coords: (974, 532) (20586, 12770)
2022-09-23 11:08:09.974 *** Mouse movement (LeftButton) ***  Mouse coords: (972, 535) (20591, 12765)
2022-09-23 11:08:09.996 *** Mouse movement (LeftButton) ***  Mouse coords: (971, 535) (20593, 12758)
2022-09-23 11:08:10.046 *** Mouse movement (LeftButton) ***  Mouse coords: (971, 535) (20595, 12758)
2022-09-23 11:08:10.068 *** Mouse movement (LeftButton) ***  Mouse coords: (971, 535) (20595, 12758)
2022-09-23 11:08:10.089 *** Mouse movement (LeftButton) ***  Mouse coords: (972, 534) (20597, 12756)
2022-09-23 11:08:10.274 *** Process image overlay spent 0.00 seconds.
2022-09-23 11:08:10.277 *** Get cell color spent 0.00 seconds.
2022-09-23 11:08:12.974 *** Mouse movement (LeftButton) ***  Mouse coords: (394, 280) (19378, 12223)
2022-09-23 11:08:13.014 *** Mouse movement (LeftButton) ***  Mouse coords: (417, 290) (19427, 12244)
2022-09-23 11:08:13.040 *** Mouse movement (LeftButton) ***  Mouse coords: (437, 304) (19469, 12273)
2022-09-23 11:08:13.063 *** Mouse movement (LeftButton) ***  Mouse coords: (444, 309) (19484, 12284)
2022-09-23 11:08:13.085 *** Mouse movement (LeftButton) ***  Mouse coords: (452, 314) (19500, 12294)
2022-09-23 11:08:13.105 *** Mouse movement (LeftButton) ***  Mouse coords: (458, 319) (19513, 12305)
2022-09-23 11:08:13.127 *** Mouse movement (LeftButton) ***  Mouse coords: (460, 319) (19517, 12305)
2022-09-23 11:08:13.148 *** Mouse movement (LeftButton) ***  Mouse coords: (460, 320) (19517, 12307)
2022-09-23 11:08:13.169 *** Mouse movement (LeftButton) ***  Mouse coords: (460, 320) (19517, 12307)
2022-09-23 11:08:13.188 *** Mouse movement (LeftButton) ***  Mouse coords: (461, 321) (19519, 12309)
2022-09-23 11:08:13.209 *** Mouse movement (LeftButton) ***  Mouse coords: (461, 321) (19519, 12309)
2022-09-23 11:08:13.228 *** Mouse movement (LeftButton) ***  Mouse coords: (462, 322) (19522, 12311)
2022-09-23 11:08:13.250 *** Mouse movement (LeftButton) ***  Mouse coords: (464, 322) (19526, 12311)
2022-09-23 11:08:13.271 *** Mouse movement (LeftButton) ***  Mouse coords: (464, 323) (19526, 12313)
2022-09-23 11:08:13.293 *** Mouse movement (LeftButton) ***  Mouse coords: (468, 325) (19534, 12318)
2022-09-23 11:08:13.314 *** Mouse movement (LeftButton) ***  Mouse coords: (474, 330) (19547, 12328)
2022-09-23 11:08:13.335 *** Mouse movement (LeftButton) ***  Mouse coords: (481, 336) (19562, 12341)
2022-09-23 11:08:13.357 *** Mouse movement (LeftButton) ***  Mouse coords: (485, 340) (19570, 12349)
2022-09-23 11:08:13.379 *** Mouse movement (LeftButton) ***  Mouse coords: (486, 341) (19572, 12351)
2022-09-23 11:08:13.400 *** Mouse movement (LeftButton) ***  Mouse coords: (487, 342) (19574, 12353)
2022-09-23 11:08:13.421 *** Mouse movement (LeftButton) ***  Mouse coords: (488, 343) (19576, 12356)
2022-09-23 11:08:13.442 *** Mouse movement (LeftButton) ***  Mouse coords: (489, 344) (19578, 12358)
2022-09-23 11:08:13.464 *** Mouse movement (LeftButton) ***  Mouse coords: (489, 347) (19578, 12364)
2022-09-23 11:08:13.485 *** Mouse movement (LeftButton) ***  Mouse coords: (490, 349) (19580, 12368)
2022-09-23 11:08:13.507 *** Mouse movement (LeftButton) ***  Mouse coords: (491, 353) (19583, 12377)
2022-09-23 11:08:13.529 *** Mouse movement (LeftButton) ***  Mouse coords: (492, 358) (19585, 12387)
2022-09-23 11:08:13.550 *** Mouse movement (LeftButton) ***  Mouse coords: (492, 359) (19585, 12389)
2022-09-23 11:08:13.572 *** Mouse movement (LeftButton) ***  Mouse coords: (493, 365) (19587, 12402)
2022-09-23 11:08:13.593 *** Mouse movement (LeftButton) ***  Mouse coords: (493, 367) (19587, 12406)
2022-09-23 11:08:13.615 *** Mouse movement (LeftButton) ***  Mouse coords: (493, 368) (19587, 12408)
2022-09-23 11:08:13.636 *** Mouse movement (LeftButton) ***  Mouse coords: (493, 368) (19587, 12408)
2022-09-23 11:08:13.657 *** Mouse movement (LeftButton) ***  Mouse coords: (493, 370) (19587, 12412)
2022-09-23 11:08:13.678 *** Mouse movement (LeftButton) ***  Mouse coords: (493, 374) (19587, 12421)
2022-09-23 11:08:13.700 *** Mouse movement (LeftButton) ***  Mouse coords: (493, 376) (19587, 12425)
2022-09-23 11:08:13.721 *** Mouse movement (LeftButton) ***  Mouse coords: (493, 379) (19587, 12431)
2022-09-23 11:08:13.743 *** Mouse movement (LeftButton) ***  Mouse coords: (493, 383) (19587, 12440)
2022-09-23 11:08:13.765 *** Mouse movement (LeftButton) ***  Mouse coords: (493, 383) (19587, 12440)
2022-09-23 11:08:13.785 *** Mouse movement (LeftButton) ***  Mouse coords: (493, 384) (19587, 12442)
2022-09-23 11:08:13.806 *** Mouse movement (LeftButton) ***  Mouse coords: (492, 385) (19585, 12444)
2022-09-23 11:08:13.827 *** Mouse movement (LeftButton) ***  Mouse coords: (492, 386) (19585, 12446)
2022-09-23 11:08:13.851 *** Mouse movement (LeftButton) ***  Mouse coords: (492, 388) (19585, 12450)
2022-09-23 11:08:13.872 *** Mouse movement (LeftButton) ***  Mouse coords: (492, 390) (19585, 12454)
2022-09-23 11:08:13.893 *** Mouse movement (LeftButton) ***  Mouse coords: (492, 391) (19585, 12457)
2022-09-23 11:08:13.915 *** Mouse movement (LeftButton) ***  Mouse coords: (492, 392) (19585, 12459)
2022-09-23 11:08:13.939 *** Mouse movement (LeftButton) ***  Mouse coords: (491, 392) (19583, 12459)
2022-09-23 11:08:13.960 *** Mouse movement (LeftButton) ***  Mouse coords: (491, 392) (19583, 12459)
2022-09-23 11:08:13.979 *** Mouse movement (LeftButton) ***  Mouse coords: (491, 392) (19583, 12459)
2022-09-23 11:08:13.999 *** Mouse movement (LeftButton) ***  Mouse coords: (491, 393) (19583, 12461)
2022-09-23 11:08:14.021 *** Mouse movement (LeftButton) ***  Mouse coords: (491, 393) (19583, 12461)
2022-09-23 11:08:14.042 *** Mouse movement (LeftButton) ***  Mouse coords: (490, 393) (19580, 12461)
2022-09-23 11:08:14.063 *** Mouse movement (LeftButton) ***  Mouse coords: (490, 394) (19580, 12463)
2022-09-23 11:08:14.085 *** Mouse movement (LeftButton) ***  Mouse coords: (490, 394) (19580, 12463)
2022-09-23 11:08:14.105 *** Mouse movement (LeftButton) ***  Mouse coords: (490, 394) (19580, 12463)
2022-09-23 11:08:14.125 *** Mouse movement (LeftButton) ***  Mouse coords: (489, 394) (19578, 12463)
2022-09-23 11:08:14.146 *** Mouse movement (LeftButton) ***  Mouse coords: (489, 394) (19578, 12463)
2022-09-23 11:08:14.166 *** Mouse movement (LeftButton) ***  Mouse coords: (487, 394) (19574, 12463)
2022-09-23 11:08:14.188 *** Mouse movement (LeftButton) ***  Mouse coords: (484, 394) (19568, 12463)
2022-09-23 11:08:14.210 *** Mouse movement (LeftButton) ***  Mouse coords: (477, 394) (19553, 12463)
2022-09-23 11:08:14.233 *** Mouse movement (LeftButton) ***  Mouse coords: (468, 392) (19534, 12459)
2022-09-23 11:08:14.255 *** Mouse movement (LeftButton) ***  Mouse coords: (463, 390) (19524, 12454)
2022-09-23 11:08:14.277 *** Mouse movement (LeftButton) ***  Mouse coords: (458, 386) (19513, 12446)
2022-09-23 11:08:14.299 *** Mouse movement (LeftButton) ***  Mouse coords: (456, 383) (19509, 12440)
2022-09-23 11:08:14.319 *** Mouse movement (LeftButton) ***  Mouse coords: (455, 381) (19507, 12436)
2022-09-23 11:08:14.343 *** Mouse movement (LeftButton) ***  Mouse coords: (449, 363) (19494, 12398)
2022-09-23 11:08:14.364 *** Mouse movement (LeftButton) ***  Mouse coords: (447, 355) (19490, 12381)
2022-09-23 11:08:14.386 *** Mouse movement (LeftButton) ***  Mouse coords: (446, 348) (19488, 12366)
2022-09-23 11:08:14.407 *** Mouse movement (LeftButton) ***  Mouse coords: (446, 346) (19488, 12362)
2022-09-23 11:08:14.429 *** Mouse movement (LeftButton) ***  Mouse coords: (446, 346) (19488, 12362)
2022-09-23 11:08:14.450 *** Mouse movement (LeftButton) ***  Mouse coords: (445, 345) (19486, 12360)
2022-09-23 11:08:14.471 *** Mouse movement (LeftButton) ***  Mouse coords: (445, 345) (19486, 12360)
2022-09-23 11:08:14.491 *** Mouse movement (LeftButton) ***  Mouse coords: (445, 344) (19486, 12358)
2022-09-23 11:08:14.513 *** Mouse movement (LeftButton) ***  Mouse coords: (446, 342) (19488, 12353)
2022-09-23 11:08:14.535 *** Mouse movement (LeftButton) ***  Mouse coords: (450, 340) (19496, 12349)
2022-09-23 11:08:14.556 *** Mouse movement (LeftButton) ***  Mouse coords: (453, 339) (19503, 12347)
2022-09-23 11:08:14.578 *** Mouse movement (LeftButton) ***  Mouse coords: (454, 338) (19505, 12345)
2022-09-23 11:08:14.599 *** Mouse movement (LeftButton) ***  Mouse coords: (455, 338) (19507, 12345)
2022-09-23 11:08:14.621 *** Mouse movement (LeftButton) ***  Mouse coords: (455, 337) (19507, 12343)
2022-09-23 11:08:14.644 *** Mouse movement (LeftButton) ***  Mouse coords: (455, 337) (19507, 12343)
2022-09-23 11:08:14.664 *** Mouse movement (LeftButton) ***  Mouse coords: (453, 336) (19503, 12341)
2022-09-23 11:08:14.686 *** Mouse movement (LeftButton) ***  Mouse coords: (451, 336) (19498, 12341)
2022-09-23 11:08:14.707 *** Mouse movement (LeftButton) ***  Mouse coords: (450, 336) (19496, 12341)
2022-09-23 11:08:14.728 *** Mouse movement (LeftButton) ***  Mouse coords: (450, 336) (19496, 12341)
2022-09-23 11:08:14.749 *** Mouse movement (LeftButton) ***  Mouse coords: (450, 336) (19496, 12341)
2022-09-23 11:08:16.489 *** Interactive label *** Apply to case start.
2022-09-23 11:08:19.204 *** Mouse movement (LeftButton) ***  Mouse coords: (448, 114) (19492, 11873)
2022-09-23 11:08:19.298 *** Mouse movement (LeftButton) ***  Mouse coords: (449, 114) (19494, 11873)
2022-09-23 11:08:19.331 *** Mouse movement (LeftButton) ***  Mouse coords: (462, 124) (19522, 11894)
2022-09-23 11:08:19.355 *** Mouse movement (LeftButton) ***  Mouse coords: (472, 136) (19543, 11920)
2022-09-23 11:08:19.377 *** Mouse movement (LeftButton) ***  Mouse coords: (498, 173) (19597, 11998)
2022-09-23 11:08:19.398 *** Mouse movement (LeftButton) ***  Mouse coords: (523, 224) (19650, 12105)
2022-09-23 11:08:19.420 *** Mouse movement (LeftButton) ***  Mouse coords: (532, 253) (19669, 12166)
2022-09-23 11:08:19.442 *** Mouse movement (LeftButton) ***  Mouse coords: (533, 265) (19671, 12191)
2022-09-23 11:08:19.462 *** Mouse movement (LeftButton) ***  Mouse coords: (533, 271) (19671, 12204)
2022-09-23 11:08:19.487 *** Mouse movement (LeftButton) ***  Mouse coords: (533, 273) (19671, 12208)
2022-09-23 11:08:19.599 *** Mouse movement (LeftButton) ***  Mouse coords: (533, 273) (19671, 12208)
2022-09-23 11:08:19.623 *** Mouse movement (LeftButton) ***  Mouse coords: (532, 273) (19669, 12208)
2022-09-23 11:08:19.648 *** Mouse movement (LeftButton) ***  Mouse coords: (531, 273) (19667, 12208)
2022-09-23 11:08:19.674 *** Mouse movement (LeftButton) ***  Mouse coords: (528, 273) (19660, 12208)
2022-09-23 11:08:19.695 *** Mouse movement (LeftButton) ***  Mouse coords: (522, 273) (19648, 12208)
2022-09-23 11:08:19.717 *** Mouse movement (LeftButton) ***  Mouse coords: (519, 273) (19642, 12208)
2022-09-23 11:08:19.737 *** Mouse movement (LeftButton) ***  Mouse coords: (515, 273) (19633, 12208)
2022-09-23 11:08:19.759 *** Mouse movement (LeftButton) ***  Mouse coords: (515, 273) (19633, 12208)
2022-09-23 11:08:19.780 *** Mouse movement (LeftButton) ***  Mouse coords: (514, 273) (19631, 12208)
2022-09-23 11:08:19.801 *** Mouse movement (LeftButton) ***  Mouse coords: (514, 273) (19631, 12208)
2022-09-23 11:08:19.821 *** Mouse movement (LeftButton) ***  Mouse coords: (514, 273) (19631, 12208)
2022-09-23 11:08:19.841 *** Mouse movement (LeftButton) ***  Mouse coords: (514, 273) (19631, 12208)
2022-09-23 11:08:19.898 *** Mouse movement (LeftButton) ***  Mouse coords: (514, 274) (19631, 12210)
2022-09-23 11:08:19.924 *** Mouse movement (LeftButton) ***  Mouse coords: (514, 274) (19631, 12210)
2022-09-23 11:08:19.944 *** Mouse movement (LeftButton) ***  Mouse coords: (514, 274) (19631, 12210)
2022-09-23 11:08:19.964 *** Mouse movement (LeftButton) ***  Mouse coords: (515, 275) (19633, 12212)
2022-09-23 11:08:19.985 *** Mouse movement (LeftButton) ***  Mouse coords: (522, 284) (19648, 12231)
2022-09-23 11:08:20.007 *** Mouse movement (LeftButton) ***  Mouse coords: (528, 290) (19660, 12244)
2022-09-23 11:08:20.029 *** Mouse movement (LeftButton) ***  Mouse coords: (530, 293) (19665, 12250)
2022-09-23 11:08:20.053 *** Mouse movement (LeftButton) ***  Mouse coords: (534, 297) (19673, 12259)
2022-09-23 11:08:20.076 *** Mouse movement (LeftButton) ***  Mouse coords: (536, 299) (19677, 12263)
2022-09-23 11:08:20.098 *** Mouse movement (LeftButton) ***  Mouse coords: (537, 300) (19679, 12265)
2022-09-23 11:08:22.086 *** Interactive label *** Apply to case start.
2022-09-23 11:08:24.612 *** Process image overlay spent 0.00 seconds.
2022-09-23 11:08:24.619 *** Get cell color spent 0.01 seconds.
2022-09-23 11:08:25.156 *** Keyboard input *** key pressed: key: 90; text: "z"
2022-09-23 11:08:25.703 *** Keyboard input *** key pressed: key: 90; text: "z"
2022-09-23 11:08:25.711 *** Process image overlay spent 0.01 seconds.
2022-09-23 11:08:25.717 *** Get cell color spent 0.01 seconds.
2022-09-23 11:08:26.276 *** Keyboard input *** key pressed: key: 88; text: "x"
2022-09-23 11:08:30.383 *** Mouse movement (LeftButton) ***  Mouse coords: (662, 211) (19715, 11956)
2022-09-23 11:08:30.427 *** Mouse movement (LeftButton) ***  Mouse coords: (677, 221) (19747, 11977)
2022-09-23 11:08:30.454 *** Mouse movement (LeftButton) ***  Mouse coords: (701, 251) (19797, 12040)
2022-09-23 11:08:30.478 *** Mouse movement (LeftButton) ***  Mouse coords: (723, 284) (19844, 12109)
2022-09-23 11:08:30.501 *** Mouse movement (LeftButton) ***  Mouse coords: (743, 313) (19886, 12170)
2022-09-23 11:08:30.522 *** Mouse movement (LeftButton) ***  Mouse coords: (749, 324) (19898, 12194)
2022-09-23 11:08:30.544 *** Mouse movement (LeftButton) ***  Mouse coords: (756, 334) (19913, 12215)
2022-09-23 11:08:30.567 *** Mouse movement (LeftButton) ***  Mouse coords: (756, 335) (19913, 12217)
2022-09-23 11:08:30.589 *** Mouse movement (LeftButton) ***  Mouse coords: (756, 336) (19913, 12219)
2022-09-23 11:08:30.657 *** Mouse movement (LeftButton) ***  Mouse coords: (756, 336) (19913, 12219)
2022-09-23 11:08:30.678 *** Mouse movement (LeftButton) ***  Mouse coords: (756, 336) (19913, 12219)
2022-09-23 11:08:30.748 *** Mouse movement (LeftButton) ***  Mouse coords: (756, 336) (19913, 12219)
2022-09-23 11:08:30.770 *** Mouse movement (LeftButton) ***  Mouse coords: (756, 337) (19913, 12221)
2022-09-23 11:08:30.793 *** Mouse movement (LeftButton) ***  Mouse coords: (756, 339) (19913, 12225)
2022-09-23 11:08:30.815 *** Mouse movement (LeftButton) ***  Mouse coords: (756, 341) (19913, 12229)
2022-09-23 11:08:30.837 *** Mouse movement (LeftButton) ***  Mouse coords: (756, 343) (19913, 12234)
2022-09-23 11:08:30.859 *** Mouse movement (LeftButton) ***  Mouse coords: (756, 345) (19913, 12238)
2022-09-23 11:08:30.881 *** Mouse movement (LeftButton) ***  Mouse coords: (756, 350) (19913, 12248)
2022-09-23 11:08:30.903 *** Mouse movement (LeftButton) ***  Mouse coords: (756, 356) (19913, 12261)
2022-09-23 11:08:30.926 *** Mouse movement (LeftButton) ***  Mouse coords: (756, 361) (19913, 12272)
2022-09-23 11:08:30.947 *** Mouse movement (LeftButton) ***  Mouse coords: (756, 367) (19913, 12284)
2022-09-23 11:08:30.969 *** Mouse movement (LeftButton) ***  Mouse coords: (756, 370) (19913, 12290)
2022-09-23 11:08:30.991 *** Mouse movement (LeftButton) ***  Mouse coords: (756, 370) (19913, 12290)
2022-09-23 11:08:31.099 *** Mouse movement (LeftButton) ***  Mouse coords: (756, 370) (19913, 12290)
2022-09-23 11:08:32.474 *** Interactive label *** Apply to case start.
2022-09-23 11:08:35.815 *** Interactive label *** Apply to case done.
2022-09-23 11:08:38.173 *** Interactive label *** Apply to case finish overlay create.
2022-09-23 11:08:38.178 *** Process image overlay spent 0.00 seconds.
2022-09-23 11:08:38.181 *** Get cell color spent 0.00 seconds.
2022-09-23 11:08:41.540 *** Mouse movement (LeftButton) ***  Mouse coords: (492, 531) (19357, 12629)
2022-09-23 11:08:41.581 *** Mouse movement (LeftButton) ***  Mouse coords: (501, 534) (19376, 12636)
2022-09-23 11:08:41.610 *** Mouse movement (LeftButton) ***  Mouse coords: (505, 536) (19385, 12640)
2022-09-23 11:08:41.633 *** Mouse movement (LeftButton) ***  Mouse coords: (518, 548) (19412, 12665)
2022-09-23 11:08:41.656 *** Mouse movement (LeftButton) ***  Mouse coords: (529, 559) (19435, 12688)
2022-09-23 11:08:41.678 *** Mouse movement (LeftButton) ***  Mouse coords: (534, 565) (19446, 12701)
2022-09-23 11:08:41.701 *** Mouse movement (LeftButton) ***  Mouse coords: (537, 568) (19452, 12707)
2022-09-23 11:08:41.724 *** Mouse movement (LeftButton) ***  Mouse coords: (542, 573) (19462, 12718)
2022-09-23 11:08:41.746 *** Mouse movement (LeftButton) ***  Mouse coords: (548, 577) (19475, 12726)
2022-09-23 11:08:41.769 *** Mouse movement (LeftButton) ***  Mouse coords: (553, 581) (19486, 12735)
2022-09-23 11:08:41.793 *** Mouse movement (LeftButton) ***  Mouse coords: (560, 586) (19500, 12745)
2022-09-23 11:08:41.815 *** Mouse movement (LeftButton) ***  Mouse coords: (564, 588) (19509, 12749)
2022-09-23 11:08:41.838 *** Mouse movement (LeftButton) ***  Mouse coords: (565, 589) (19511, 12752)
2022-09-23 11:08:41.862 *** Mouse movement (LeftButton) ***  Mouse coords: (566, 590) (19513, 12754)
2022-09-23 11:08:41.885 *** Mouse movement (LeftButton) ***  Mouse coords: (567, 591) (19515, 12756)
2022-09-23 11:08:41.908 *** Mouse movement (LeftButton) ***  Mouse coords: (575, 599) (19532, 12773)
2022-09-23 11:08:41.930 *** Mouse movement (LeftButton) ***  Mouse coords: (584, 606) (19551, 12787)
2022-09-23 11:08:41.952 *** Mouse movement (LeftButton) ***  Mouse coords: (590, 610) (19564, 12796)
2022-09-23 11:08:41.976 *** Mouse movement (LeftButton) ***  Mouse coords: (595, 613) (19574, 12802)
2022-09-23 11:08:41.999 *** Mouse movement (LeftButton) ***  Mouse coords: (596, 613) (19576, 12802)
2022-09-23 11:08:42.021 *** Mouse movement (LeftButton) ***  Mouse coords: (597, 615) (19578, 12806)
2022-09-23 11:08:42.045 *** Mouse movement (LeftButton) ***  Mouse coords: (598, 620) (19580, 12817)
2022-09-23 11:08:42.068 *** Mouse movement (LeftButton) ***  Mouse coords: (600, 626) (19585, 12829)
2022-09-23 11:08:42.091 *** Mouse movement (LeftButton) ***  Mouse coords: (602, 631) (19589, 12840)
2022-09-23 11:08:42.114 *** Mouse movement (LeftButton) ***  Mouse coords: (603, 633) (19591, 12844)
2022-09-23 11:08:42.136 *** Mouse movement (LeftButton) ***  Mouse coords: (604, 636) (19593, 12850)
2022-09-23 11:08:42.159 *** Mouse movement (LeftButton) ***  Mouse coords: (604, 638) (19593, 12855)
2022-09-23 11:08:42.182 *** Mouse movement (LeftButton) ***  Mouse coords: (605, 641) (19595, 12861)
2022-09-23 11:08:42.204 *** Mouse movement (LeftButton) ***  Mouse coords: (605, 642) (19595, 12863)
2022-09-23 11:08:42.227 *** Mouse movement (LeftButton) ***  Mouse coords: (606, 644) (19597, 12867)
2022-09-23 11:08:42.250 *** Mouse movement (LeftButton) ***  Mouse coords: (607, 647) (19599, 12874)
2022-09-23 11:08:42.273 *** Mouse movement (LeftButton) ***  Mouse coords: (607, 649) (19599, 12878)
2022-09-23 11:08:42.296 *** Mouse movement (LeftButton) ***  Mouse coords: (608, 652) (19601, 12884)
2022-09-23 11:08:42.319 *** Mouse movement (LeftButton) ***  Mouse coords: (608, 654) (19601, 12888)
2022-09-23 11:08:42.341 *** Mouse movement (LeftButton) ***  Mouse coords: (608, 655) (19601, 12890)
2022-09-23 11:08:42.363 *** Mouse movement (LeftButton) ***  Mouse coords: (608, 656) (19601, 12893)
2022-09-23 11:08:42.386 *** Mouse movement (LeftButton) ***  Mouse coords: (608, 657) (19601, 12895)
2022-09-23 11:08:42.410 *** Mouse movement (LeftButton) ***  Mouse coords: (608, 658) (19601, 12897)
2022-09-23 11:08:42.432 *** Mouse movement (LeftButton) ***  Mouse coords: (608, 659) (19601, 12899)
2022-09-23 11:08:42.454 *** Mouse movement (LeftButton) ***  Mouse coords: (608, 660) (19601, 12901)
2022-09-23 11:08:42.477 *** Mouse movement (LeftButton) ***  Mouse coords: (608, 662) (19601, 12905)
2022-09-23 11:08:42.499 *** Mouse movement (LeftButton) ***  Mouse coords: (608, 664) (19601, 12909)
2022-09-23 11:08:42.522 *** Mouse movement (LeftButton) ***  Mouse coords: (608, 665) (19601, 12912)
2022-09-23 11:08:42.544 *** Mouse movement (LeftButton) ***  Mouse coords: (608, 665) (19601, 12912)
2022-09-23 11:08:42.573 *** Mouse movement (LeftButton) ***  Mouse coords: (608, 665) (19601, 12912)
2022-09-23 11:08:42.594 *** Mouse movement (LeftButton) ***  Mouse coords: (608, 665) (19601, 12912)
2022-09-23 11:08:42.615 *** Mouse movement (LeftButton) ***  Mouse coords: (607, 666) (19599, 12914)
2022-09-23 11:08:42.637 *** Mouse movement (LeftButton) ***  Mouse coords: (606, 666) (19597, 12914)
2022-09-23 11:08:42.660 *** Mouse movement (LeftButton) ***  Mouse coords: (604, 667) (19593, 12916)
2022-09-23 11:08:42.682 *** Mouse movement (LeftButton) ***  Mouse coords: (600, 668) (19585, 12918)
2022-09-23 11:08:42.704 *** Mouse movement (LeftButton) ***  Mouse coords: (597, 668) (19578, 12918)
2022-09-23 11:08:42.727 *** Mouse movement (LeftButton) ***  Mouse coords: (597, 668) (19578, 12918)
2022-09-23 11:08:42.747 *** Mouse movement (LeftButton) ***  Mouse coords: (596, 668) (19576, 12918)
2022-09-23 11:08:42.770 *** Mouse movement (LeftButton) ***  Mouse coords: (596, 668) (19576, 12918)
2022-09-23 11:08:42.791 *** Mouse movement (LeftButton) ***  Mouse coords: (595, 668) (19574, 12918)
2022-09-23 11:08:42.814 *** Mouse movement (LeftButton) ***  Mouse coords: (594, 668) (19572, 12918)
2022-09-23 11:08:42.836 *** Mouse movement (LeftButton) ***  Mouse coords: (593, 668) (19570, 12918)
2022-09-23 11:08:42.859 *** Mouse movement (LeftButton) ***  Mouse coords: (587, 668) (19557, 12918)
2022-09-23 11:08:42.882 *** Mouse movement (LeftButton) ***  Mouse coords: (578, 665) (19538, 12912)
2022-09-23 11:08:42.905 *** Mouse movement (LeftButton) ***  Mouse coords: (572, 663) (19526, 12907)
2022-09-23 11:08:42.927 *** Mouse movement (LeftButton) ***  Mouse coords: (570, 662) (19521, 12905)
2022-09-23 11:08:42.949 *** Mouse movement (LeftButton) ***  Mouse coords: (569, 662) (19519, 12905)
2022-09-23 11:08:43.032 *** Mouse movement (LeftButton) ***  Mouse coords: (569, 662) (19519, 12905)
2022-09-23 11:08:43.055 *** Mouse movement (LeftButton) ***  Mouse coords: (573, 664) (19528, 12909)
2022-09-23 11:08:43.078 *** Mouse movement (LeftButton) ***  Mouse coords: (578, 667) (19538, 12916)
2022-09-23 11:08:43.101 *** Mouse movement (LeftButton) ***  Mouse coords: (580, 668) (19542, 12918)
2022-09-23 11:08:43.123 *** Mouse movement (LeftButton) ***  Mouse coords: (580, 669) (19542, 12920)
2022-09-23 11:08:43.145 *** Mouse movement (LeftButton) ***  Mouse coords: (580, 669) (19542, 12920)
2022-09-23 11:08:43.173 *** Mouse movement (LeftButton) ***  Mouse coords: (580, 669) (19542, 12920)
2022-09-23 11:08:43.193 *** Mouse movement (LeftButton) ***  Mouse coords: (581, 669) (19545, 12920)
2022-09-23 11:08:43.216 *** Mouse movement (LeftButton) ***  Mouse coords: (583, 667) (19549, 12916)
2022-09-23 11:08:43.239 *** Mouse movement (LeftButton) ***  Mouse coords: (584, 665) (19551, 12912)
2022-09-23 11:08:43.261 *** Mouse movement (LeftButton) ***  Mouse coords: (586, 663) (19555, 12907)
2022-09-23 11:08:43.284 *** Mouse movement (LeftButton) ***  Mouse coords: (587, 663) (19557, 12907)
2022-09-23 11:08:43.307 *** Mouse movement (LeftButton) ***  Mouse coords: (587, 663) (19557, 12907)
2022-09-23 11:08:43.327 *** Mouse movement (LeftButton) ***  Mouse coords: (587, 663) (19557, 12907)
2022-09-23 11:08:43.347 *** Mouse movement (LeftButton) ***  Mouse coords: (587, 663) (19557, 12907)
2022-09-23 11:08:43.368 *** Mouse movement (LeftButton) ***  Mouse coords: (588, 663) (19559, 12907)
2022-09-23 11:08:43.390 *** Mouse movement (LeftButton) ***  Mouse coords: (589, 663) (19561, 12907)
2022-09-23 11:08:43.413 *** Mouse movement (LeftButton) ***  Mouse coords: (590, 663) (19564, 12907)
2022-09-23 11:08:43.436 *** Mouse movement (LeftButton) ***  Mouse coords: (591, 663) (19566, 12907)
2022-09-23 11:08:43.458 *** Mouse movement (LeftButton) ***  Mouse coords: (591, 663) (19566, 12907)
2022-09-23 11:08:43.479 *** Mouse movement (LeftButton) ***  Mouse coords: (593, 663) (19570, 12907)
2022-09-23 11:08:43.501 *** Mouse movement (LeftButton) ***  Mouse coords: (595, 663) (19574, 12907)
2022-09-23 11:08:43.524 *** Mouse movement (LeftButton) ***  Mouse coords: (596, 664) (19576, 12909)
2022-09-23 11:08:43.547 *** Mouse movement (LeftButton) ***  Mouse coords: (597, 664) (19578, 12909)
2022-09-23 11:08:43.568 *** Mouse movement (LeftButton) ***  Mouse coords: (597, 664) (19578, 12909)
2022-09-23 11:08:43.590 *** Mouse movement (LeftButton) ***  Mouse coords: (597, 664) (19578, 12909)
2022-09-23 11:08:44.714 *** Interactive label *** Apply to case start.
2022-09-23 11:08:47.991 *** Interactive label *** Apply to case done.
2022-09-23 11:08:48.869 *** Interactive label *** Apply to case finish overlay create.
2022-09-23 11:08:48.875 *** Process image overlay spent 0.00 seconds.
2022-09-23 11:08:48.878 *** Get cell color spent 0.00 seconds.
2022-09-23 11:08:51.783 *** Mouse movement (LeftButton) ***  Mouse coords: (768, 439) (19938, 12436)
2022-09-23 11:08:51.824 *** Mouse movement (LeftButton) ***  Mouse coords: (782, 443) (19968, 12444)
2022-09-23 11:08:51.856 *** Mouse movement (LeftButton) ***  Mouse coords: (790, 446) (19985, 12450)
2022-09-23 11:08:51.879 *** Mouse movement (LeftButton) ***  Mouse coords: (792, 447) (19989, 12453)
2022-09-23 11:08:51.902 *** Mouse movement (LeftButton) ***  Mouse coords: (796, 448) (19997, 12455)
2022-09-23 11:08:51.923 *** Mouse movement (LeftButton) ***  Mouse coords: (798, 448) (20001, 12455)
2022-09-23 11:08:51.946 *** Mouse movement (LeftButton) ***  Mouse coords: (800, 448) (20006, 12455)
2022-09-23 11:08:51.970 *** Mouse movement (LeftButton) ***  Mouse coords: (802, 449) (20010, 12457)
2022-09-23 11:08:51.993 *** Mouse movement (LeftButton) ***  Mouse coords: (805, 451) (20016, 12461)
2022-09-23 11:08:52.015 *** Mouse movement (LeftButton) ***  Mouse coords: (808, 453) (20022, 12465)
2022-09-23 11:08:52.037 *** Mouse movement (LeftButton) ***  Mouse coords: (810, 455) (20027, 12469)
2022-09-23 11:08:52.062 *** Mouse movement (LeftButton) ***  Mouse coords: (811, 456) (20029, 12472)
2022-09-23 11:08:52.085 *** Mouse movement (LeftButton) ***  Mouse coords: (812, 457) (20031, 12474)
2022-09-23 11:08:52.109 *** Mouse movement (LeftButton) ***  Mouse coords: (813, 457) (20033, 12474)
2022-09-23 11:08:52.133 *** Mouse movement (LeftButton) ***  Mouse coords: (813, 458) (20033, 12476)
2022-09-23 11:08:52.155 *** Mouse movement (LeftButton) ***  Mouse coords: (814, 461) (20035, 12482)
2022-09-23 11:08:52.178 *** Mouse movement (LeftButton) ***  Mouse coords: (814, 464) (20035, 12488)
2022-09-23 11:08:52.200 *** Mouse movement (LeftButton) ***  Mouse coords: (816, 467) (20039, 12495)
2022-09-23 11:08:52.224 *** Mouse movement (LeftButton) ***  Mouse coords: (817, 471) (20041, 12503)
2022-09-23 11:08:52.246 *** Mouse movement (LeftButton) ***  Mouse coords: (819, 473) (20046, 12507)
2022-09-23 11:08:52.269 *** Mouse movement (LeftButton) ***  Mouse coords: (821, 475) (20050, 12512)
2022-09-23 11:08:52.291 *** Mouse movement (LeftButton) ***  Mouse coords: (822, 477) (20052, 12516)
2022-09-23 11:08:52.314 *** Mouse movement (LeftButton) ***  Mouse coords: (823, 478) (20054, 12518)
2022-09-23 11:08:52.336 *** Mouse movement (LeftButton) ***  Mouse coords: (824, 479) (20056, 12520)
2022-09-23 11:08:53.646 *** Interactive label *** Apply to case start.
2022-09-23 11:08:56.874 *** Interactive label *** Apply to case done.
2022-09-23 11:08:57.722 *** Interactive label *** Apply to case finish overlay create.
2022-09-23 11:08:57.728 *** Process image overlay spent 0.00 seconds.
2022-09-23 11:08:57.731 *** Get cell color spent 0.00 seconds.
2022-09-23 11:09:03.167 *** Mouse movement (LeftButton) ***  Mouse coords: (416, 548) (19197, 12665)
2022-09-23 11:09:04.111 *** Mouse movement (LeftButton) ***  Mouse coords: (461, 433) (19292, 12423)
2022-09-23 11:09:06.096 *** Interactive label *** Apply to case start.
2022-09-23 11:09:09.321 *** Interactive label *** Apply to case done.
2022-09-23 11:09:10.163 *** Interactive label *** Apply to case finish overlay create.
2022-09-23 11:09:10.168 *** Process image overlay spent 0.00 seconds.
2022-09-23 11:09:10.171 *** Get cell color spent 0.00 seconds.
2022-09-23 11:09:12.836 *** Mouse movement (LeftButton) ***  Mouse coords: (753, 512) (19907, 12589)
2022-09-23 11:09:13.030 *** Process image overlay spent 0.00 seconds.
2022-09-23 11:09:13.033 *** Get cell color spent 0.00 seconds.
2022-09-23 11:09:13.749 *** Process image overlay spent 0.00 seconds.
2022-09-23 11:09:13.761 *** Get cell color spent 0.01 seconds.
2022-09-23 11:09:18.069 *** Mouse movement (LeftButton) ***  Mouse coords: (685, 651) (44930, 36099)
2022-09-23 11:09:18.165 *** Mouse movement (LeftButton) ***  Mouse coords: (685, 651) (44930, 36099)
2022-09-23 11:09:18.199 *** Mouse movement (LeftButton) ***  Mouse coords: (685, 636) (44930, 34586)
2022-09-23 11:09:18.224 *** Mouse movement (LeftButton) ***  Mouse coords: (685, 624) (44930, 34888)
2022-09-23 11:09:18.247 *** Mouse movement (LeftButton) ***  Mouse coords: (685, 576) (44930, 31256)
2022-09-23 11:09:18.270 *** Mouse movement (LeftButton) ***  Mouse coords: (687, 528) (45132, 31256)
2022-09-23 11:09:18.293 *** Mouse movement (LeftButton) ***  Mouse coords: (689, 513) (45132, 34585)
2022-09-23 11:09:18.317 *** Mouse movement (LeftButton) ***  Mouse coords: (692, 502) (45232, 34989)
2022-09-23 11:09:18.341 *** Mouse movement (LeftButton) ***  Mouse coords: (692, 499) (44930, 35796)
2022-09-23 11:09:22.610 *** Mouse movement (LeftButton) ***  Mouse coords: (608, 575) (36455, 43768)
2022-09-23 11:09:26.301 *** Mouse movement (LeftButton) ***  Mouse coords: (454, 534) (20916, 39631)
2022-09-23 11:09:26.358 *** Mouse movement (LeftButton) ***  Mouse coords: (473, 539) (22833, 40135)
2022-09-23 11:09:26.384 *** Mouse movement (LeftButton) ***  Mouse coords: (482, 541) (21824, 39833)
2022-09-23 11:09:26.405 *** Mouse movement (LeftButton) ***  Mouse coords: (486, 542) (21320, 39732)
2022-09-23 11:09:26.426 *** Mouse movement (LeftButton) ***  Mouse coords: (492, 542) (21521, 39631)
2022-09-23 11:09:26.447 *** Mouse movement (LeftButton) ***  Mouse coords: (496, 542) (21320, 39631)
2022-09-23 11:09:26.469 *** Mouse movement (LeftButton) ***  Mouse coords: (497, 542) (21017, 39631)
2022-09-23 11:09:26.490 *** Mouse movement (LeftButton) ***  Mouse coords: (498, 542) (21017, 39631)
2022-09-23 11:09:26.511 *** Mouse movement (LeftButton) ***  Mouse coords: (498, 542) (20916, 39631)
2022-09-23 11:09:26.533 *** Mouse movement (LeftButton) ***  Mouse coords: (499, 542) (21017, 39631)
2022-09-23 11:09:33.986 *** Mouse movement (LeftButton) ***  Mouse coords: (671, 585) (28016, 44626)
2022-09-23 11:09:34.192 *** Mouse movement (LeftButton) ***  Mouse coords: (671, 585) (28016, 44626)
2022-09-23 11:09:34.247 *** Mouse movement (LeftButton) ***  Mouse coords: (671, 584) (28016, 44597)
2022-09-23 11:09:34.272 *** Mouse movement (LeftButton) ***  Mouse coords: (671, 583) (28016, 44596)
2022-09-23 11:09:34.294 *** Mouse movement (LeftButton) ***  Mouse coords: (671, 583) (28016, 44626)
2022-09-23 11:09:34.318 *** Mouse movement (LeftButton) ***  Mouse coords: (671, 582) (28016, 44596)
2022-09-23 11:09:34.340 *** Mouse movement (LeftButton) ***  Mouse coords: (671, 581) (28016, 44596)
2022-09-23 11:09:34.368 *** Mouse movement (LeftButton) ***  Mouse coords: (670, 578) (27987, 44536)
2022-09-23 11:09:34.396 *** Mouse movement (LeftButton) ***  Mouse coords: (670, 578) (28016, 44626)
2022-09-23 11:09:34.889 *** Process image overlay spent 0.00 seconds.
2022-09-23 11:09:34.912 *** Get cell color spent 0.02 seconds.
2022-09-23 11:09:35.291 *** Process image overlay spent 0.00 seconds.
2022-09-23 11:09:35.304 *** Get cell color spent 0.01 seconds.
2022-09-23 11:09:35.996 *** Process image overlay spent 0.00 seconds.
2022-09-23 11:09:36.001 *** Get cell color spent 0.00 seconds.
2022-09-23 11:09:36.225 *** Process image overlay spent 0.00 seconds.
2022-09-23 11:09:36.228 *** Get cell color spent 0.00 seconds.
2022-09-23 11:09:36.458 *** Mouse movement (LeftButton) ***  Mouse coords: (457, 682) (28115, 47087)
2022-09-23 11:09:36.549 *** Mouse movement (LeftButton) ***  Mouse coords: (457, 681) (28115, 47084)
2022-09-23 11:09:36.577 *** Mouse movement (LeftButton) ***  Mouse coords: (457, 678) (28115, 47078)
2022-09-23 11:09:36.600 *** Mouse movement (LeftButton) ***  Mouse coords: (457, 675) (28115, 47079)
2022-09-23 11:09:36.623 *** Mouse movement (LeftButton) ***  Mouse coords: (457, 666) (28115, 47061)
2022-09-23 11:09:36.646 *** Mouse movement (LeftButton) ***  Mouse coords: (457, 647) (28115, 47033)
2022-09-23 11:09:36.671 *** Mouse movement (LeftButton) ***  Mouse coords: (457, 635) (28115, 47052)
2022-09-23 11:09:36.695 *** Mouse movement (LeftButton) ***  Mouse coords: (457, 623) (28115, 47053)
2022-09-23 11:09:36.717 *** Mouse movement (LeftButton) ***  Mouse coords: (457, 620) (28115, 47078)
2022-09-23 11:09:36.788 *** Process image overlay spent 0.00 seconds.
2022-09-23 11:09:36.791 *** Get cell color spent 0.00 seconds.
2022-09-23 11:09:38.094 *** Keyboard input *** key pressed: key: 90; text: "z"
2022-09-23 11:09:43.445 *** Keyboard input *** key pressed: key: 90; text: "z"
2022-09-23 11:09:43.452 *** Process image overlay spent 0.01 seconds.
2022-09-23 11:09:43.457 *** Get cell color spent 0.01 seconds.
2022-09-23 11:09:53.786 *** Mouse movement (LeftButton) ***  Mouse coords: (964, 350) (29568, 46314)
2022-09-23 11:10:01.899 *** Process image overlay spent 0.00 seconds.
2022-09-23 11:10:01.928 *** Get cell color spent 0.03 seconds.
2022-09-23 11:10:07.844 *** Mouse movement (LeftButton) ***  Mouse coords: (583, 180) (36952, 13919)
2022-09-23 11:10:07.941 *** Mouse movement (LeftButton) ***  Mouse coords: (583, 181) (36952, 13973)
2022-09-23 11:10:07.976 *** Mouse movement (LeftButton) ***  Mouse coords: (583, 202) (36952, 15051)
2022-09-23 11:10:07.998 *** Mouse movement (LeftButton) ***  Mouse coords: (583, 225) (36952, 15158)
2022-09-23 11:10:08.019 *** Mouse movement (LeftButton) ***  Mouse coords: (583, 234) (36952, 14404)
2022-09-23 11:10:08.042 *** Mouse movement (LeftButton) ***  Mouse coords: (583, 247) (36952, 14620)
2022-09-23 11:10:08.062 *** Mouse movement (LeftButton) ***  Mouse coords: (583, 258) (36952, 14512)
2022-09-23 11:10:08.091 *** Mouse movement (LeftButton) ***  Mouse coords: (583, 261) (36952, 14081)
2022-09-23 11:10:08.112 *** Mouse movement (LeftButton) ***  Mouse coords: (583, 262) (36952, 13973)
2022-09-23 11:10:11.138 *** Open processed data
2022-09-23 11:10:11.139 *** Preload all statistics at once.
2022-09-23 11:10:12.300 *** Nuclei stat data loaded, took 1.16 seconds. Total number of nuclei: 793467
2022-09-23 11:10:14.887 *** Interactive label *** Apply to case start.
2022-09-23 11:10:17.612 *** Interactive label *** Apply to case done.
2022-09-23 11:10:19.509 *** Interactive label *** Apply to case finish overlay create.
2022-09-23 11:10:21.802 *** Mouse movement (LeftButton) ***  Mouse coords: (714, 461) (63036, 22140)
2022-09-23 11:10:21.933 *** Mouse movement (LeftButton) ***  Mouse coords: (714, 460) (63036, 22003)
2022-09-23 11:10:21.977 *** Mouse movement (LeftButton) ***  Mouse coords: (700, 453) (61119, 21182)
2022-09-23 11:10:22.011 *** Mouse movement (LeftButton) ***  Mouse coords: (688, 451) (61394, 21866)
2022-09-23 11:10:22.036 *** Mouse movement (LeftButton) ***  Mouse coords: (687, 451) (62899, 22140)
2022-09-23 11:10:22.074 *** Mouse movement (LeftButton) ***  Mouse coords: (685, 451) (62762, 22140)
2022-09-23 11:10:22.102 *** Mouse movement (LeftButton) ***  Mouse coords: (683, 451) (62762, 22140)
2022-09-23 11:10:22.125 *** Mouse movement (LeftButton) ***  Mouse coords: (682, 451) (62899, 22140)
2022-09-23 11:10:22.149 *** Mouse movement (LeftButton) ***  Mouse coords: (681, 451) (62899, 22140)
2022-09-23 11:10:22.185 *** Mouse movement (LeftButton) ***  Mouse coords: (680, 452) (62899, 22277)
2022-09-23 11:10:22.206 *** Mouse movement (LeftButton) ***  Mouse coords: (678, 452) (62763, 22140)
2022-09-23 11:10:22.228 *** Mouse movement (LeftButton) ***  Mouse coords: (677, 452) (62899, 22140)
2022-09-23 11:10:24.401 *** Mouse movement (LeftButton) ***  Mouse coords: (389, 696) (59283, 16747)
2022-09-23 11:10:24.511 *** Mouse movement (LeftButton) ***  Mouse coords: (389, 695) (59283, 16621)
2022-09-23 11:10:24.548 *** Mouse movement (LeftButton) ***  Mouse coords: (406, 677) (60361, 15542)
2022-09-23 11:10:24.581 *** Mouse movement (LeftButton) ***  Mouse coords: (433, 640) (60996, 14337)
2022-09-23 11:10:24.604 *** Mouse movement (LeftButton) ***  Mouse coords: (453, 610) (60552, 14781)
2022-09-23 11:10:24.631 *** Mouse movement (LeftButton) ***  Mouse coords: (474, 575) (60615, 14463)
2022-09-23 11:10:24.652 *** Mouse movement (LeftButton) ***  Mouse coords: (497, 532) (60742, 13956)
2022-09-23 11:10:24.681 *** Mouse movement (LeftButton) ***  Mouse coords: (516, 496) (60489, 14400)
2022-09-23 11:10:24.703 *** Mouse movement (LeftButton) ***  Mouse coords: (531, 467) (60234, 14845)
2022-09-23 11:10:24.732 *** Mouse movement (LeftButton) ***  Mouse coords: (536, 457) (59601, 16049)
2022-09-23 11:10:24.752 *** Mouse movement (LeftButton) ***  Mouse coords: (543, 445) (59727, 15923)
2022-09-23 11:10:24.780 *** Mouse movement (LeftButton) ***  Mouse coords: (549, 435) (59663, 16050)
2022-09-23 11:10:24.801 *** Mouse movement (LeftButton) ***  Mouse coords: (558, 420) (59854, 15732)
2022-09-23 11:10:24.826 *** Mouse movement (LeftButton) ***  Mouse coords: (572, 393) (60172, 14971)
2022-09-23 11:10:24.867 *** Mouse movement (LeftButton) ***  Mouse coords: (593, 357) (60615, 14400)
2022-09-23 11:10:24.893 *** Mouse movement (LeftButton) ***  Mouse coords: (601, 345) (59790, 15923)
2022-09-23 11:10:24.919 *** Mouse movement (LeftButton) ***  Mouse coords: (602, 344) (59347, 16620)
2022-09-23 11:10:24.939 *** Mouse movement (LeftButton) ***  Mouse coords: (602, 343) (59283, 16621)
2022-09-23 11:10:24.963 *** Mouse movement (LeftButton) ***  Mouse coords: (603, 343) (59346, 16684)
2022-09-23 11:10:26.442 *** Mouse movement (LeftButton) ***  Mouse coords: (363, 641) (57100, 12896)
2022-09-23 11:10:26.585 *** Mouse movement (LeftButton) ***  Mouse coords: (375, 615) (57451, 12165)
2022-09-23 11:10:26.609 *** Mouse movement (LeftButton) ***  Mouse coords: (395, 564) (57668, 11489)
2022-09-23 11:10:26.631 *** Mouse movement (LeftButton) ***  Mouse coords: (414, 512) (57642, 11462)
2022-09-23 11:10:26.653 *** Mouse movement (LeftButton) ***  Mouse coords: (423, 481) (57370, 12030)
2022-09-23 11:10:26.683 *** Mouse movement (LeftButton) ***  Mouse coords: (439, 414) (57560, 11056)
2022-09-23 11:10:26.705 *** Mouse movement (LeftButton) ***  Mouse coords: (472, 281) (58020, 9269)
2022-09-23 11:10:26.728 *** Mouse movement (LeftButton) ***  Mouse coords: (488, 230) (57560, 11489)
2022-09-23 11:10:26.751 *** Mouse movement (LeftButton) ***  Mouse coords: (499, 207) (57425, 12247)
2022-09-23 11:10:26.778 *** Mouse movement (LeftButton) ***  Mouse coords: (513, 189) (57506, 12382)
2022-09-23 11:10:26.800 *** Mouse movement (LeftButton) ***  Mouse coords: (526, 174) (57479, 12463)
2022-09-23 11:10:26.821 *** Mouse movement (LeftButton) ***  Mouse coords: (534, 165) (57343, 12625)
2022-09-23 11:10:26.842 *** Mouse movement (LeftButton) ***  Mouse coords: (538, 161) (57235, 12761)
2022-09-23 11:10:26.868 *** Mouse movement (LeftButton) ***  Mouse coords: (541, 158) (57209, 12788)
2022-09-23 11:10:26.893 *** Mouse movement (LeftButton) ***  Mouse coords: (541, 157) (57127, 12842)
2022-09-23 11:10:27.374 *** Mouse movement (LeftButton) ***  Mouse coords: (192, 505) (47682, 22286)
2022-09-23 11:10:27.406 *** Mouse movement (LeftButton) ***  Mouse coords: (200, 505) (47871, 22286)
2022-09-23 11:10:27.430 *** Mouse movement (LeftButton) ***  Mouse coords: (207, 505) (47845, 22286)
2022-09-23 11:10:27.454 *** Mouse movement (LeftButton) ***  Mouse coords: (227, 505) (48196, 22286)
2022-09-23 11:10:27.476 *** Mouse movement (LeftButton) ***  Mouse coords: (298, 505) (49576, 22286)
2022-09-23 11:10:27.505 *** Mouse movement (LeftButton) ***  Mouse coords: (381, 503) (49902, 22232)
2022-09-23 11:10:27.528 *** Mouse movement (LeftButton) ***  Mouse coords: (439, 503) (49224, 22286)
2022-09-23 11:10:27.550 *** Mouse movement (LeftButton) ***  Mouse coords: (454, 503) (48061, 22286)
2022-09-23 11:10:27.571 *** Mouse movement (LeftButton) ***  Mouse coords: (463, 503) (47899, 22286)
2022-09-23 11:10:27.597 *** Mouse movement (LeftButton) ***  Mouse coords: (466, 503) (47736, 22286)
2022-09-23 11:10:27.627 *** Mouse movement (LeftButton) ***  Mouse coords: (467, 503) (47682, 22286)
2022-09-23 11:10:27.683 *** Mouse movement (LeftButton) ***  Mouse coords: (468, 503) (47682, 22286)
2022-09-23 11:10:27.729 *** Mouse movement (LeftButton) ***  Mouse coords: (468, 503) (47655, 22286)
2022-09-23 11:10:29.727 *** Process image overlay spent 0.00 seconds.
2022-09-23 11:10:29.825 *** Get cell color spent 0.10 seconds.
2022-09-23 11:10:30.268 *** Process image overlay spent 0.00 seconds.
2022-09-23 11:10:30.320 *** Get cell color spent 0.05 seconds.
2022-09-23 11:10:31.216 *** Process image overlay spent 0.00 seconds.
2022-09-23 11:10:31.244 *** Get cell color spent 0.03 seconds.
2022-09-23 11:10:33.008 *** Mouse movement (LeftButton) ***  Mouse coords: (707, 273) (46348, 22676)
2022-09-23 11:10:33.077 *** Mouse movement (LeftButton) ***  Mouse coords: (688, 315) (46228, 22936)
2022-09-23 11:10:33.108 *** Mouse movement (LeftButton) ***  Mouse coords: (676, 336) (46272, 22803)
2022-09-23 11:10:33.130 *** Mouse movement (LeftButton) ***  Mouse coords: (672, 343) (46323, 22714)
2022-09-23 11:10:33.151 *** Mouse movement (LeftButton) ***  Mouse coords: (667, 353) (46316, 22734)
2022-09-23 11:10:33.175 *** Mouse movement (LeftButton) ***  Mouse coords: (664, 359) (46329, 22708)
2022-09-23 11:10:33.204 *** Mouse movement (LeftButton) ***  Mouse coords: (662, 361) (46335, 22682)
2022-09-23 11:10:33.226 *** Mouse movement (LeftButton) ***  Mouse coords: (659, 365) (46330, 22696)
2022-09-23 11:10:33.248 *** Mouse movement (LeftButton) ***  Mouse coords: (658, 367) (46341, 22682)
2022-09-23 11:10:33.271 *** Mouse movement (LeftButton) ***  Mouse coords: (657, 368) (46342, 22676)
2022-09-23 11:10:33.294 *** Mouse movement (LeftButton) ***  Mouse coords: (656, 369) (46342, 22677)
2022-09-23 11:10:33.346 *** Mouse movement (LeftButton) ***  Mouse coords: (655, 371) (46341, 22682)
2022-09-23 11:10:33.368 *** Mouse movement (LeftButton) ***  Mouse coords: (654, 372) (46342, 22677)
2022-09-23 11:10:33.389 *** Mouse movement (LeftButton) ***  Mouse coords: (652, 372) (46335, 22670)
2022-09-23 11:10:33.537 *** Process image overlay spent 0.00 seconds.
2022-09-23 11:10:33.569 *** Get cell color spent 0.03 seconds.
2022-09-23 11:10:34.927 *** Mouse movement (LeftButton) ***  Mouse coords: (866, 246) (47702, 21873)
2022-09-23 11:10:35.024 *** Mouse movement (LeftButton) ***  Mouse coords: (866, 246) (47702, 21866)
2022-09-23 11:10:35.052 *** Mouse movement (LeftButton) ***  Mouse coords: (863, 252) (47683, 21903)
2022-09-23 11:10:35.077 *** Mouse movement (LeftButton) ***  Mouse coords: (856, 262) (47658, 21930)
2022-09-23 11:10:35.104 *** Mouse movement (LeftButton) ***  Mouse coords: (847, 270) (47645, 21916)
2022-09-23 11:10:35.127 *** Mouse movement (LeftButton) ***  Mouse coords: (843, 272) (47677, 21879)
2022-09-23 11:10:35.152 *** Mouse movement (LeftButton) ***  Mouse coords: (834, 277) (47645, 21898)
2022-09-23 11:10:35.174 *** Mouse movement (LeftButton) ***  Mouse coords: (819, 283) (47607, 21904)
2022-09-23 11:10:35.200 *** Mouse movement (LeftButton) ***  Mouse coords: (804, 288) (47607, 21897)
2022-09-23 11:10:35.223 *** Mouse movement (LeftButton) ***  Mouse coords: (793, 291) (47632, 21885)
2022-09-23 11:10:35.246 *** Mouse movement (LeftButton) ***  Mouse coords: (787, 292) (47664, 21873)
2022-09-23 11:10:35.268 *** Mouse movement (LeftButton) ***  Mouse coords: (784, 293) (47683, 21872)
2022-09-23 11:10:35.291 *** Mouse movement (LeftButton) ***  Mouse coords: (782, 294) (47690, 21872)
2022-09-23 11:10:35.322 *** Mouse movement (LeftButton) ***  Mouse coords: (781, 295) (47695, 21873)
2022-09-23 11:10:35.351 *** Mouse movement (LeftButton) ***  Mouse coords: (780, 296) (47696, 21872)
2022-09-23 11:10:35.520 *** Process image overlay spent 0.00 seconds.
2022-09-23 11:10:35.551 *** Get cell color spent 0.03 seconds.
2022-09-23 11:10:40.067 *** Process image overlay spent 0.00 seconds.
2022-09-23 11:10:40.152 *** Get cell color spent 0.08 seconds.
2022-09-23 11:10:41.998 *** Mouse movement (LeftButton) ***  Mouse coords: (561, 589) (71964, 21554)
2022-09-23 11:10:42.082 *** Mouse movement (LeftButton) ***  Mouse coords: (561, 589) (71964, 21554)
2022-09-23 11:10:42.117 *** Mouse movement (LeftButton) ***  Mouse coords: (579, 584) (73871, 21024)
2022-09-23 11:10:42.142 *** Mouse movement (LeftButton) ***  Mouse coords: (607, 565) (74932, 19541)
2022-09-23 11:10:42.163 *** Mouse movement (LeftButton) ***  Mouse coords: (621, 553) (73447, 20282)
2022-09-23 11:10:42.184 *** Mouse movement (LeftButton) ***  Mouse coords: (644, 528) (74402, 18905)
2022-09-23 11:10:42.229 *** Mouse movement (LeftButton) ***  Mouse coords: (660, 506) (73659, 19223)
2022-09-23 11:10:42.250 *** Mouse movement (LeftButton) ***  Mouse coords: (666, 498) (72600, 20706)
2022-09-23 11:10:42.273 *** Mouse movement (LeftButton) ***  Mouse coords: (673, 492) (72706, 20918)
2022-09-23 11:10:42.301 *** Mouse movement (LeftButton) ***  Mouse coords: (676, 490) (72282, 21342)
2022-09-23 11:10:42.323 *** Mouse movement (LeftButton) ***  Mouse coords: (677, 489) (72070, 21448)
2022-09-23 11:10:42.345 *** Mouse movement (LeftButton) ***  Mouse coords: (677, 489) (71964, 21554)
2022-09-23 11:10:43.517 *** Mouse movement (LeftButton) ***  Mouse coords: (476, 495) (91676, 8276)
2022-09-23 11:10:43.616 *** Mouse movement (LeftButton) ***  Mouse coords: (476, 495) (91676, 8276)
2022-09-23 11:10:43.649 *** Mouse movement (LeftButton) ***  Mouse coords: (477, 484) (91813, 6770)
2022-09-23 11:10:43.675 *** Mouse movement (LeftButton) ***  Mouse coords: (480, 474) (92086, 6908)
2022-09-23 11:10:43.696 *** Mouse movement (LeftButton) ***  Mouse coords: (493, 441) (93456, 3758)
2022-09-23 11:10:43.718 *** Mouse movement (LeftButton) ***  Mouse coords: (507, 412) (93592, 4307)
2022-09-23 11:10:43.748 *** Mouse movement (LeftButton) ***  Mouse coords: (542, 353) (96467, 199)
2022-09-23 11:10:43.777 *** Mouse movement (LeftButton) ***  Mouse coords: (581, 285) (97015, -1031)
2022-09-23 11:10:43.803 *** Mouse movement (LeftButton) ***  Mouse coords: (595, 264) (93592, 5400)
2022-09-23 11:10:43.827 *** Mouse movement (LeftButton) ***  Mouse coords: (601, 255) (92497, 7043)
2022-09-23 11:10:43.850 *** Mouse movement (LeftButton) ***  Mouse coords: (603, 253) (91950, 8002)
2022-09-23 11:10:43.873 *** Mouse movement (LeftButton) ***  Mouse coords: (604, 253) (91813, 8275)
2022-09-23 11:10:43.920 *** Mouse movement (LeftButton) ***  Mouse coords: (604, 253) (91676, 8275)
2022-09-23 11:10:43.950 *** Mouse movement (LeftButton) ***  Mouse coords: (604, 253) (91676, 8275)
2022-09-23 11:10:43.972 *** Mouse movement (LeftButton) ***  Mouse coords: (605, 252) (91813, 8138)
2022-09-23 11:10:43.994 *** Mouse movement (LeftButton) ***  Mouse coords: (606, 251) (91813, 8138)
2022-09-23 11:10:44.018 *** Mouse movement (LeftButton) ***  Mouse coords: (610, 249) (92223, 8001)
2022-09-23 11:10:44.053 *** Mouse movement (LeftButton) ***  Mouse coords: (615, 247) (92361, 8001)
2022-09-23 11:10:44.079 *** Mouse movement (LeftButton) ***  Mouse coords: (623, 244) (92771, 7865)
2022-09-23 11:10:44.100 *** Mouse movement (LeftButton) ***  Mouse coords: (631, 240) (92771, 7727)
2022-09-23 11:10:44.123 *** Mouse movement (LeftButton) ***  Mouse coords: (640, 235) (92908, 7591)
2022-09-23 11:10:44.146 *** Mouse movement (LeftButton) ***  Mouse coords: (650, 230) (93045, 7590)
2022-09-23 11:10:44.170 *** Mouse movement (LeftButton) ***  Mouse coords: (656, 227) (92497, 7865)
2022-09-23 11:10:44.201 *** Mouse movement (LeftButton) ***  Mouse coords: (664, 223) (92771, 7727)
2022-09-23 11:10:44.232 *** Mouse movement (LeftButton) ***  Mouse coords: (673, 222) (92908, 8138)
2022-09-23 11:10:44.255 *** Mouse movement (LeftButton) ***  Mouse coords: (685, 221) (93319, 8138)
2022-09-23 11:10:44.278 *** Mouse movement (LeftButton) ***  Mouse coords: (690, 221) (92360, 8275)
2022-09-23 11:10:44.305 *** Mouse movement (LeftButton) ***  Mouse coords: (697, 222) (92635, 8412)
2022-09-23 11:10:44.343 *** Mouse movement (LeftButton) ***  Mouse coords: (703, 223) (92497, 8412)
2022-09-23 11:10:44.371 *** Mouse movement (LeftButton) ***  Mouse coords: (707, 224) (92223, 8412)
2022-09-23 11:10:44.393 *** Mouse movement (LeftButton) ***  Mouse coords: (708, 224) (91813, 8275)
2022-09-23 11:10:44.417 *** Mouse movement (LeftButton) ***  Mouse coords: (708, 224) (91676, 8275)
2022-09-23 11:10:44.448 *** Mouse movement (LeftButton) ***  Mouse coords: (709, 228) (91813, 8823)
2022-09-23 11:10:55.713 *** Interactive label *** Review annotations/active learning start.
2022-09-23 11:11:43.028 *** Mouse movement (LeftButton) ***  Mouse coords: (117, 445) (10640, 37979)
2022-09-23 11:11:50.478 *** Interactive label *** (active learning) click on screen. case_id: S4325, slide_id: A11, Nuclei index selected: 650132
2022-09-23 11:11:50.494 *** Interactive label *** (active learning) click on screen. case_id: S4325, slide_id: A11, Nuclei index selected: 557050
2022-09-23 11:11:50.504 *** Interactive label *** (active learning) click on screen. case_id: S4325, slide_id: A11, Nuclei index selected: 207731
2022-09-23 11:11:50.546 *** Interactive label *** Apply to case start.
2022-09-23 11:11:53.404 *** Interactive label *** Apply to case done.
2022-09-23 11:11:53.516 *** Interactive label *** Apply to case finish overlay create.
2022-09-23 11:14:24.437 *** Program closed.
