2022-09-09 16:22:50.333 *** Start program *** Start program
2022-09-09 16:23:00.888 *** starting thread (client mode): 0xe3be6820
2022-09-09 16:23:00.888 *** Local version/idstring: SSH-2.0-paramiko_2.11.0
2022-09-09 16:23:00.910 *** Remote version/idstring: SSH-2.0-OpenSSH_5.3
2022-09-09 16:23:00.910 *** Connected (version 2.0, client OpenSSH_5.3)
2022-09-09 16:23:00.926 *** === Key exchange possibilities ===
2022-09-09 16:23:00.926 *** kex algos: diffie-hellman-group-exchange-sha256, diffie-hellman-group-exchange-sha1, diffie-hellman-group14-sha1, diffie-hellman-group1-sha1
2022-09-09 16:23:00.926 *** server key: ssh-rsa, ssh-rsa-cert-v01@openssh.com, ssh-dss
2022-09-09 16:23:00.926 *** client encrypt: aes128-ctr, aes192-ctr, aes256-ctr, arcfour256, arcfour128, aes128-cbc, 3des-cbc, blowfish-cbc, cast128-cbc, aes192-cbc, aes256-cbc, arcfour, rijndael-cbc@lysator.liu.se
2022-09-09 16:23:00.926 *** server encrypt: aes128-ctr, aes192-ctr, aes256-ctr, arcfour256, arcfour128, aes128-cbc, 3des-cbc, blowfish-cbc, cast128-cbc, aes192-cbc, aes256-cbc, arcfour, rijndael-cbc@lysator.liu.se
2022-09-09 16:23:00.926 *** client mac: hmac-md5, hmac-sha1, umac-64@openssh.com, hmac-sha2-256, hmac-sha2-512, hmac-ripemd160, hmac-ripemd160@openssh.com, hmac-sha1-96, hmac-md5-96
2022-09-09 16:23:00.926 *** server mac: hmac-md5, hmac-sha1, umac-64@openssh.com, hmac-sha2-256, hmac-sha2-512, hmac-ripemd160, hmac-ripemd160@openssh.com, hmac-sha1-96, hmac-md5-96
2022-09-09 16:23:00.927 *** client compress: none, zlib@openssh.com
2022-09-09 16:23:00.927 *** server compress: none, zlib@openssh.com
2022-09-09 16:23:00.927 *** client lang: <none>
2022-09-09 16:23:00.927 *** server lang: <none>
2022-09-09 16:23:00.927 *** kex follows: False
2022-09-09 16:23:00.927 *** === Key exchange agreements ===
2022-09-09 16:23:00.927 *** Kex: diffie-hellman-group-exchange-sha256
2022-09-09 16:23:00.927 *** HostKey: ssh-rsa
2022-09-09 16:23:00.927 *** Cipher: aes128-ctr
2022-09-09 16:23:00.927 *** MAC: hmac-sha2-256
2022-09-09 16:23:00.927 *** Compression: none
2022-09-09 16:23:00.927 *** === End of kex handshake ===
2022-09-09 16:23:00.984 *** Got server p (2048 bits)
2022-09-09 16:23:01.046 *** kex engine KexGexSHA256 specified hash_algo <built-in function openssl_sha256>
2022-09-09 16:23:01.046 *** Switch to new keys ...
2022-09-09 16:23:01.047 *** Adding ssh-rsa host key for 173.201.181.247: b'cca345f774a2d98448d0bcc78f04075d'
2022-09-09 16:23:01.119 *** userauth is OK
2022-09-09 16:23:01.140 *** Authentication (password) successful!
2022-09-09 16:23:01.140 *** [chan 0] Max packet in: 32768 bytes
2022-09-09 16:23:01.156 *** [chan 0] Max packet out: 32768 bytes
2022-09-09 16:23:01.157 *** Secsh channel 0 opened.
2022-09-09 16:23:01.174 *** [chan 0] Sesch channel 0 request ok
2022-09-09 16:23:01.191 *** [chan 0] Opened sftp connection (server version 3)
2022-09-09 16:23:01.192 *** [chan 0] stat(b'/home/b6o162rzivzp/NucFinder_DB/CFB1B411265361DF/interactive_nuclei_dict.pickle')
2022-09-09 16:23:01.209 *** [chan 0] stat(b'/home/b6o162rzivzp/NucFinder_DB/CFB1B411265361DF/model.pickle')
2022-09-09 16:23:01.227 *** [chan 0] open(b'/home/b6o162rzivzp/NucFinder_DB/CFB1B411265361DF/model.pickle', 'rb')
2022-09-09 16:23:01.244 *** [chan 0] open(b'/home/b6o162rzivzp/NucFinder_DB/CFB1B411265361DF/model.pickle', 'rb') -> 00000000
2022-09-09 16:23:01.421 *** [chan 0] close(00000000)
2022-09-09 16:23:07.253 *** Interactive label *** Review annotations/active learning start.
2022-09-09 16:23:58.611 *** Interactive label: Review annotations finished.
2022-09-09 16:28:14.188 *** Interactive label *** Review annotations/active learning start.
2022-09-09 16:29:00.507 *** Program closed.
2022-09-09 16:29:00.561 *** EOF in transport thread
