2022-09-10 20:50:15.888 *** Start program *** Start program
2022-09-10 20:50:33.684 *** Open case *** /home/zhihuang/Desktop/A14
2022-09-10 20:50:39.026 *** Open processed data
2022-09-10 20:50:39.033 *** Preload all statistics at once.
2022-09-10 20:50:43.126 *** Nuclei stat data loaded, took 4.09 seconds. Total number of nuclei: 2755531
2022-09-10 20:50:59.143 *** Mouse movement (LeftButton) ***  Mouse coords: (561, 70) (37276, 39643)
2022-09-10 20:50:59.173 *** Mouse movement (LeftButton) ***  Mouse coords: (573, 111) (37343, 39865)
2022-09-10 20:50:59.190 *** Mouse movement (LeftButton) ***  Mouse coords: (585, 155) (37342, 39882)
2022-09-10 20:50:59.214 *** Mouse movement (LeftButton) ***  Mouse coords: (621, 243) (37477, 40128)
2022-09-10 20:50:59.242 *** Mouse movement (LeftButton) ***  Mouse coords: (678, 361) (37593, 40294)
2022-09-10 20:50:59.261 *** Mouse movement (LeftButton) ***  Mouse coords: (734, 457) (37588, 40172)
2022-09-10 20:50:59.285 *** Mouse movement (LeftButton) ***  Mouse coords: (803, 545) (37661, 40127)
2022-09-10 20:50:59.304 *** Mouse movement (LeftButton) ***  Mouse coords: (837, 575) (37465, 39804)
2022-09-10 20:50:59.320 *** Mouse movement (LeftButton) ***  Mouse coords: (852, 584) (37360, 39687)
2022-09-10 20:50:59.334 *** Mouse movement (LeftButton) ***  Mouse coords: (856, 587) (37298, 39654)
2022-09-10 20:50:59.702 *** Mouse movement (LeftButton) ***  Mouse coords: (856, 586) (37276, 39631)
2022-09-10 20:50:59.728 *** Mouse movement (LeftButton) ***  Mouse coords: (856, 576) (37276, 39581)
2022-09-10 20:50:59.747 *** Mouse movement (LeftButton) ***  Mouse coords: (857, 567) (37282, 39587)
2022-09-10 20:50:59.768 *** Mouse movement (LeftButton) ***  Mouse coords: (859, 561) (37287, 39604)
2022-09-10 20:50:59.798 *** Mouse movement (LeftButton) ***  Mouse coords: (862, 554) (37292, 39598)
2022-09-10 20:50:59.819 *** Mouse movement (LeftButton) ***  Mouse coords: (867, 550) (37304, 39615)
2022-09-10 20:50:59.840 *** Mouse movement (LeftButton) ***  Mouse coords: (877, 546) (37332, 39614)
2022-09-10 20:50:59.857 *** Mouse movement (LeftButton) ***  Mouse coords: (883, 543) (37309, 39621)
2022-09-10 20:50:59.873 *** Mouse movement (LeftButton) ***  Mouse coords: (889, 540) (37310, 39620)
2022-09-10 20:50:59.890 *** Mouse movement (LeftButton) ***  Mouse coords: (892, 539) (37293, 39631)
2022-09-10 20:50:59.923 *** Mouse movement (LeftButton) ***  Mouse coords: (893, 539) (37281, 39637)
2022-09-10 20:50:59.940 *** Mouse movement (LeftButton) ***  Mouse coords: (895, 540) (37287, 39643)
2022-09-10 20:50:59.957 *** Mouse movement (LeftButton) ***  Mouse coords: (896, 540) (37282, 39637)
2022-09-10 20:51:01.149 *** Mouse movement (LeftButton) ***  Mouse coords: (852, 280) (34550, 38189)
2022-09-10 20:51:01.173 *** Mouse movement (LeftButton) ***  Mouse coords: (843, 282) (34541, 38191)
2022-09-10 20:51:01.190 *** Mouse movement (LeftButton) ***  Mouse coords: (827, 285) (34535, 38192)
2022-09-10 20:51:01.206 *** Mouse movement (LeftButton) ***  Mouse coords: (805, 295) (34528, 38200)
2022-09-10 20:51:01.223 *** Mouse movement (LeftButton) ***  Mouse coords: (773, 313) (34518, 38207)
2022-09-10 20:51:01.240 *** Mouse movement (LeftButton) ***  Mouse coords: (743, 337) (34519, 38214)
2022-09-10 20:51:01.256 *** Mouse movement (LeftButton) ***  Mouse coords: (713, 357) (34520, 38210)
2022-09-10 20:51:01.273 *** Mouse movement (LeftButton) ***  Mouse coords: (688, 373) (34525, 38206)
2022-09-10 20:51:01.290 *** Mouse movement (LeftButton) ***  Mouse coords: (672, 381) (34535, 38197)
2022-09-10 20:51:01.307 *** Mouse movement (LeftButton) ***  Mouse coords: (663, 384) (34541, 38192)
2022-09-10 20:51:01.323 *** Mouse movement (LeftButton) ***  Mouse coords: (657, 386) (34545, 38191)
2022-09-10 20:51:01.340 *** Mouse movement (LeftButton) ***  Mouse coords: (655, 386) (34549, 38189)
2022-09-10 20:51:11.250 *** Mouse movement (LeftButton) ***  Mouse coords: (648, 208) (34544, 38004)
2022-09-10 20:51:11.263 *** Mouse movement (LeftButton) ***  Mouse coords: (650, 214) (34546, 38010)
2022-09-10 20:51:11.273 *** Mouse movement (LeftButton) ***  Mouse coords: (653, 220) (34549, 38017)
2022-09-10 20:51:11.290 *** Mouse movement (LeftButton) ***  Mouse coords: (666, 231) (34562, 38028)
2022-09-10 20:51:11.307 *** Mouse movement (LeftButton) ***  Mouse coords: (683, 244) (34580, 38042)
2022-09-10 20:51:11.323 *** Mouse movement (LeftButton) ***  Mouse coords: (711, 262) (34609, 38060)
2022-09-10 20:51:11.340 *** Mouse movement (LeftButton) ***  Mouse coords: (739, 282) (34638, 38081)
2022-09-10 20:51:11.357 *** Mouse movement (LeftButton) ***  Mouse coords: (767, 297) (34667, 38097)
2022-09-10 20:51:11.373 *** Mouse movement (LeftButton) ***  Mouse coords: (784, 304) (34685, 38104)
2022-09-10 20:51:11.390 *** Mouse movement (LeftButton) ***  Mouse coords: (789, 307) (34690, 38107)
2022-09-10 20:51:11.406 *** Mouse movement (LeftButton) ***  Mouse coords: (795, 313) (34696, 38113)
2022-09-10 20:51:11.423 *** Mouse movement (LeftButton) ***  Mouse coords: (807, 328) (34709, 38129)
2022-09-10 20:51:11.440 *** Mouse movement (LeftButton) ***  Mouse coords: (830, 351) (34733, 38153)
2022-09-10 20:51:11.457 *** Mouse movement (LeftButton) ***  Mouse coords: (857, 373) (34761, 38176)
2022-09-10 20:51:11.473 *** Mouse movement (LeftButton) ***  Mouse coords: (878, 384) (34783, 38187)
2022-09-10 20:51:11.490 *** Mouse movement (LeftButton) ***  Mouse coords: (891, 388) (34796, 38191)
2022-09-10 20:51:11.507 *** Mouse movement (LeftButton) ***  Mouse coords: (895, 389) (34800, 38192)
2022-09-10 20:51:11.613 *** Mouse movement (LeftButton) ***  Mouse coords: (895, 390) (34800, 38193)
2022-09-10 20:51:11.832 *** Mouse movement (LeftButton) ***  Mouse coords: (895, 391) (34800, 38194)
2022-09-10 20:51:11.849 *** Mouse movement (LeftButton) ***  Mouse coords: (902, 408) (34808, 38212)
2022-09-10 20:51:11.865 *** Mouse movement (LeftButton) ***  Mouse coords: (910, 429) (34816, 38234)
2022-09-10 20:51:11.874 *** Mouse movement (LeftButton) ***  Mouse coords: (914, 438) (34820, 38243)
2022-09-10 20:51:11.890 *** Mouse movement (LeftButton) ***  Mouse coords: (915, 442) (34821, 38247)
2022-09-10 20:51:11.973 *** Mouse movement (LeftButton) ***  Mouse coords: (915, 443) (34821, 38249)
2022-09-10 20:51:12.004 *** Mouse movement (LeftButton) ***  Mouse coords: (915, 444) (34821, 38250)
2022-09-10 20:51:12.016 *** Mouse movement (LeftButton) ***  Mouse coords: (915, 445) (34821, 38251)
2022-09-10 20:51:12.044 *** Mouse movement (LeftButton) ***  Mouse coords: (915, 446) (34821, 38252)
2022-09-10 20:51:12.084 *** Mouse movement (LeftButton) ***  Mouse coords: (915, 447) (34821, 38253)
2022-09-10 20:51:14.057 *** Interactive label *** Apply to case start.
2022-09-10 20:51:17.807 *** Mouse movement (LeftButton) ***  Mouse coords: (308, 285) (32620, 35772)
2022-09-10 20:51:17.829 *** Mouse movement (LeftButton) ***  Mouse coords: (327, 308) (32680, 35845)
2022-09-10 20:51:17.840 *** Mouse movement (LeftButton) ***  Mouse coords: (347, 326) (32744, 35902)
2022-09-10 20:51:17.857 *** Mouse movement (LeftButton) ***  Mouse coords: (380, 350) (32849, 35979)
2022-09-10 20:51:17.873 *** Mouse movement (LeftButton) ***  Mouse coords: (407, 369) (32935, 36039)
2022-09-10 20:51:17.890 *** Mouse movement (LeftButton) ***  Mouse coords: (429, 382) (33005, 36081)
2022-09-10 20:51:17.906 *** Mouse movement (LeftButton) ***  Mouse coords: (444, 393) (33053, 36116)
2022-09-10 20:51:17.923 *** Mouse movement (LeftButton) ***  Mouse coords: (452, 396) (33078, 36125)
2022-09-10 20:51:17.940 *** Mouse movement (LeftButton) ***  Mouse coords: (453, 396) (33081, 36125)
2022-09-10 20:51:17.975 *** Mouse movement (LeftButton) ***  Mouse coords: (453, 397) (33081, 36128)
2022-09-10 20:51:17.985 *** Mouse movement (LeftButton) ***  Mouse coords: (453, 398) (33081, 36132)
2022-09-10 20:51:17.992 *** Mouse movement (LeftButton) ***  Mouse coords: (456, 401) (33091, 36141)
2022-09-10 20:51:18.007 *** Mouse movement (LeftButton) ***  Mouse coords: (468, 413) (33129, 36179)
2022-09-10 20:51:18.024 *** Mouse movement (LeftButton) ***  Mouse coords: (482, 427) (33174, 36224)
2022-09-10 20:51:18.040 *** Mouse movement (LeftButton) ***  Mouse coords: (492, 435) (33205, 36249)
2022-09-10 20:51:18.057 *** Mouse movement (LeftButton) ***  Mouse coords: (494, 437) (33212, 36256)
2022-09-10 20:51:18.073 *** Mouse movement (LeftButton) ***  Mouse coords: (497, 439) (33221, 36262)
2022-09-10 20:51:18.090 *** Mouse movement (LeftButton) ***  Mouse coords: (500, 441) (33231, 36268)
2022-09-10 20:51:18.106 *** Mouse movement (LeftButton) ***  Mouse coords: (502, 443) (33237, 36275)
2022-09-10 20:51:18.441 *** Mouse movement (LeftButton) ***  Mouse coords: (502, 442) (33237, 36272)
2022-09-10 20:51:18.459 *** Mouse movement (LeftButton) ***  Mouse coords: (500, 440) (33231, 36265)
2022-09-10 20:51:18.613 *** Mouse movement (LeftButton) ***  Mouse coords: (499, 440) (33228, 36265)
2022-09-10 20:51:19.770 *** Interactive label *** Apply to case start.
2022-09-10 20:51:32.943 *** Interactive label *** Apply to case done.
2022-09-10 20:51:37.872 *** Interactive label *** Apply to case finish overlay create.
2022-09-10 20:51:38.755 *** Mouse movement (LeftButton) ***  Mouse coords: (768, 415) (34084, 36186)
2022-09-10 20:51:38.790 *** Mouse movement (LeftButton) ***  Mouse coords: (752, 420) (34036, 36202)
2022-09-10 20:51:38.806 *** Mouse movement (LeftButton) ***  Mouse coords: (728, 425) (34011, 36202)
2022-09-10 20:51:38.823 *** Mouse movement (LeftButton) ***  Mouse coords: (694, 428) (33978, 36195)
2022-09-10 20:51:38.840 *** Mouse movement (LeftButton) ***  Mouse coords: (654, 431) (33960, 36196)
2022-09-10 20:51:38.856 *** Mouse movement (LeftButton) ***  Mouse coords: (624, 435) (33992, 36198)
2022-09-10 20:51:38.873 *** Mouse movement (LeftButton) ***  Mouse coords: (610, 436) (34042, 36190)
2022-09-10 20:51:38.890 *** Mouse movement (LeftButton) ***  Mouse coords: (607, 436) (34077, 36186)
2022-09-10 20:51:38.906 *** Mouse movement (LeftButton) ***  Mouse coords: (607, 437) (34087, 36189)
2022-09-10 20:51:39.517 *** Interactive label *** Review annotations/active learning start.
2022-09-10 21:00:41.106 *** Interactive label: Review annotations finished.
2022-09-10 21:00:41.139 *** Interactive label *** Apply to case start.
2022-09-10 21:00:41.140 *** Interactive label *** Apply to case finish overlay create.
2022-09-10 21:00:44.012 *** Interactive label *** Review annotations/active learning start.
2022-09-10 21:00:55.625 *** Interactive label: Review annotations finished.
2022-09-10 21:00:55.637 *** Interactive label *** Apply to case start.
2022-09-10 21:00:55.642 *** Interactive label *** Apply to case finish overlay create.
2022-09-10 21:00:56.843 *** Program closed.
