2022-10-14 13:00:34.128 *** Start program *** Start program
2022-10-14 13:00:48.978 *** Open case *** /Users/zhihuang/Desktop/44494262
2022-10-14 13:01:42.727 *** Open case *** /Users/zhihuang/Desktop/44494171
2022-10-14 13:02:44.013 *** Open case *** /Applications/XAMPP/xamppfiles/htdocs/20220722_Eric_Yang
2022-10-14 13:02:56.578 *** Open processed data
2022-10-14 13:02:56.580 *** Preload all statistics at once.
2022-10-14 13:02:58.182 *** Nuclei stat data loaded, took 1.60 seconds. Total number of nuclei: 696907
2022-10-14 13:03:04.045 *** Mouse movement (LeftButton) ***  Mouse coords: (432, 391) (32189, 29149)
2022-10-14 13:03:04.097 *** Mouse movement (LeftButton) ***  Mouse coords: (472, 391) (33424, 29149)
2022-10-14 13:03:04.121 *** Mouse movement (LeftButton) ***  Mouse coords: (524, 405) (33795, 29581)
2022-10-14 13:03:04.143 *** Mouse movement (LeftButton) ***  Mouse coords: (574, 428) (33733, 29860)
2022-10-14 13:03:04.172 *** Mouse movement (LeftButton) ***  Mouse coords: (587, 435) (32590, 29365)
2022-10-14 13:03:04.208 *** Mouse movement (LeftButton) ***  Mouse coords: (607, 445) (32807, 29457)
2022-10-14 13:03:04.245 *** Mouse movement (LeftButton) ***  Mouse coords: (631, 458) (32930, 29551)
2022-10-14 13:03:04.271 *** Mouse movement (LeftButton) ***  Mouse coords: (632, 458) (32220, 29149)
2022-10-14 13:03:07.069 *** Mouse movement (LeftButton) ***  Mouse coords: (969, 253) (35459, 26824)
2022-10-14 13:03:07.151 *** Mouse movement (LeftButton) ***  Mouse coords: (969, 253) (35459, 26824)
2022-10-14 13:03:07.184 *** Mouse movement (LeftButton) ***  Mouse coords: (952, 257) (35422, 26832)
2022-10-14 13:03:07.218 *** Mouse movement (LeftButton) ***  Mouse coords: (939, 265) (35430, 26842)
2022-10-14 13:03:07.244 *** Mouse movement (LeftButton) ***  Mouse coords: (850, 315) (35262, 26935)
2022-10-14 13:03:07.264 *** Mouse movement (LeftButton) ***  Mouse coords: (849, 315) (35457, 26824)
2022-10-14 13:03:07.285 *** Mouse movement (LeftButton) ***  Mouse coords: (842, 317) (35444, 26828)
2022-10-14 13:03:07.304 *** Mouse movement (LeftButton) ***  Mouse coords: (838, 318) (35450, 26826)
2022-10-14 13:03:07.361 *** Mouse movement (LeftButton) ***  Mouse coords: (837, 318) (35457, 26824)
2022-10-14 13:03:19.156 *** Mouse movement (LeftButton) ***  Mouse coords: (805, 326) (35382, 26840)
2022-10-14 13:03:19.277 *** Mouse movement (LeftButton) ***  Mouse coords: (805, 327) (35382, 26842)
2022-10-14 13:03:19.312 *** Mouse movement (LeftButton) ***  Mouse coords: (798, 336) (35365, 26862)
2022-10-14 13:03:19.359 *** Mouse movement (LeftButton) ***  Mouse coords: (796, 345) (35378, 26861)
2022-10-14 13:03:19.379 *** Mouse movement (LeftButton) ***  Mouse coords: (796, 352) (35382, 26857)
2022-10-14 13:03:19.398 *** Mouse movement (LeftButton) ***  Mouse coords: (796, 356) (35382, 26849)
2022-10-14 13:03:19.418 *** Mouse movement (LeftButton) ***  Mouse coords: (796, 357) (35382, 26843)
2022-10-14 13:03:19.438 *** Mouse movement (LeftButton) ***  Mouse coords: (796, 358) (35382, 26842)
2022-10-14 13:03:19.460 *** Mouse movement (LeftButton) ***  Mouse coords: (796, 359) (35382, 26843)
2022-10-14 13:03:19.488 *** Mouse movement (LeftButton) ***  Mouse coords: (796, 359) (35382, 26840)
2022-10-14 13:03:19.530 *** Mouse movement (LeftButton) ***  Mouse coords: (796, 359) (35382, 26840)
2022-10-14 13:03:50.864 *** Mouse movement (LeftButton) ***  Mouse coords: (524, 381) (36582, 18531)
2022-10-14 13:03:50.960 *** Mouse movement (LeftButton) ***  Mouse coords: (523, 381) (36494, 18531)
2022-10-14 13:03:50.990 *** Mouse movement (LeftButton) ***  Mouse coords: (523, 367) (36582, 17301)
2022-10-14 13:03:51.014 *** Mouse movement (LeftButton) ***  Mouse coords: (523, 342) (36582, 16335)
2022-10-14 13:03:51.036 *** Mouse movement (LeftButton) ***  Mouse coords: (523, 326) (36582, 17126)
2022-10-14 13:03:51.056 *** Mouse movement (LeftButton) ***  Mouse coords: (523, 322) (36582, 18179)
2022-10-14 13:03:53.864 *** Mouse movement (LeftButton) ***  Mouse coords: (653, 307) (35075, 28220)
2022-10-14 13:03:53.935 *** Mouse movement (LeftButton) ***  Mouse coords: (653, 307) (35051, 28220)
2022-10-14 13:03:53.960 *** Mouse movement (LeftButton) ***  Mouse coords: (646, 318) (34884, 28482)
2022-10-14 13:03:54.010 *** Mouse movement (LeftButton) ***  Mouse coords: (624, 341) (34526, 28769)
2022-10-14 13:03:54.030 *** Mouse movement (LeftButton) ***  Mouse coords: (591, 381) (34264, 29174)
2022-10-14 13:03:54.051 *** Mouse movement (LeftButton) ***  Mouse coords: (575, 399) (34670, 28649)
2022-10-14 13:03:54.071 *** Mouse movement (LeftButton) ***  Mouse coords: (561, 415) (34717, 28601)
2022-10-14 13:03:54.097 *** Mouse movement (LeftButton) ***  Mouse coords: (556, 423) (34932, 28411)
2022-10-14 13:03:54.118 *** Mouse movement (LeftButton) ***  Mouse coords: (553, 427) (34979, 28316)
2022-10-14 13:03:54.137 *** Mouse movement (LeftButton) ***  Mouse coords: (553, 428) (35051, 28243)
2022-10-14 13:03:56.390 *** Mouse movement (LeftButton) ***  Mouse coords: (518, 236) (35224, 27617)
2022-10-14 13:03:56.460 *** Mouse movement (LeftButton) ***  Mouse coords: (518, 237) (35224, 27619)
2022-10-14 13:03:56.488 *** Mouse movement (LeftButton) ***  Mouse coords: (518, 266) (35224, 27692)
2022-10-14 13:03:56.524 *** Mouse movement (LeftButton) ***  Mouse coords: (518, 317) (35224, 27748)
2022-10-14 13:03:56.544 *** Mouse movement (LeftButton) ***  Mouse coords: (518, 392) (35224, 27811)
2022-10-14 13:03:56.566 *** Mouse movement (LeftButton) ***  Mouse coords: (518, 495) (35224, 27882)
2022-10-14 13:03:56.585 *** Mouse movement (LeftButton) ***  Mouse coords: (518, 565) (35224, 27797)
2022-10-14 13:03:56.606 *** Mouse movement (LeftButton) ***  Mouse coords: (518, 626) (35224, 27775)
2022-10-14 13:03:56.627 *** Mouse movement (LeftButton) ***  Mouse coords: (518, 643) (35224, 27660)
2022-10-14 13:03:56.648 *** Mouse movement (LeftButton) ***  Mouse coords: (518, 658) (35224, 27656)
2022-10-14 13:03:56.670 *** Mouse movement (LeftButton) ***  Mouse coords: (518, 659) (35224, 27620)
2022-10-14 13:03:56.690 *** Mouse movement (LeftButton) ***  Mouse coords: (518, 659) (35224, 27617)
2022-10-14 13:04:02.588 *** Mouse movement (LeftButton) ***  Mouse coords: (502, 353) (35337, 27222)
2022-10-14 13:04:02.679 *** Mouse movement (LeftButton) ***  Mouse coords: (503, 352) (35337, 27222)
2022-10-14 13:04:02.705 *** Mouse movement (LeftButton) ***  Mouse coords: (503, 374) (35334, 27292)
2022-10-14 13:04:02.743 *** Mouse movement (LeftButton) ***  Mouse coords: (503, 399) (35334, 27301)
2022-10-14 13:04:02.763 *** Mouse movement (LeftButton) ***  Mouse coords: (503, 436) (35334, 27338)
2022-10-14 13:04:02.787 *** Mouse movement (LeftButton) ***  Mouse coords: (503, 460) (35334, 27298)
2022-10-14 13:04:02.806 *** Mouse movement (LeftButton) ***  Mouse coords: (503, 477) (35334, 27277)
2022-10-14 13:04:02.829 *** Mouse movement (LeftButton) ***  Mouse coords: (503, 483) (35334, 27243)
2022-10-14 13:04:02.848 *** Mouse movement (LeftButton) ***  Mouse coords: (503, 487) (35334, 27237)
2022-10-14 13:04:02.871 *** Mouse movement (LeftButton) ***  Mouse coords: (503, 487) (35334, 27225)
2022-10-14 13:04:02.943 *** Mouse movement (LeftButton) ***  Mouse coords: (503, 487) (35334, 27225)
2022-10-14 13:04:25.969 *** Mouse movement (LeftButton) ***  Mouse coords: (456, 394) (35262, 26985)
2022-10-14 13:04:26.004 *** Mouse movement (LeftButton) ***  Mouse coords: (456, 404) (35262, 27002)
2022-10-14 13:04:26.027 *** Mouse movement (LeftButton) ***  Mouse coords: (456, 413) (35262, 27017)
2022-10-14 13:04:26.046 *** Mouse movement (LeftButton) ***  Mouse coords: (456, 417) (35262, 27024)
2022-10-14 13:04:26.064 *** Mouse movement (LeftButton) ***  Mouse coords: (456, 423) (35262, 27034)
2022-10-14 13:04:26.081 *** Mouse movement (LeftButton) ***  Mouse coords: (456, 429) (35262, 27045)
2022-10-14 13:04:26.099 *** Mouse movement (LeftButton) ***  Mouse coords: (456, 434) (35262, 27053)
2022-10-14 13:04:26.117 *** Mouse movement (LeftButton) ***  Mouse coords: (456, 439) (35262, 27062)
2022-10-14 13:04:26.134 *** Mouse movement (LeftButton) ***  Mouse coords: (456, 443) (35262, 27069)
2022-10-14 13:04:26.151 *** Mouse movement (LeftButton) ***  Mouse coords: (456, 450) (35262, 27080)
2022-10-14 13:04:26.169 *** Mouse movement (LeftButton) ***  Mouse coords: (460, 463) (35269, 27103)
2022-10-14 13:04:26.186 *** Mouse movement (LeftButton) ***  Mouse coords: (464, 471) (35276, 27116)
2022-10-14 13:04:26.203 *** Mouse movement (LeftButton) ***  Mouse coords: (468, 479) (35282, 27130)
2022-10-14 13:04:26.220 *** Mouse movement (LeftButton) ***  Mouse coords: (470, 485) (35286, 27140)
2022-10-14 13:04:26.237 *** Mouse movement (LeftButton) ***  Mouse coords: (472, 488) (35289, 27145)
2022-10-14 13:04:26.254 *** Mouse movement (LeftButton) ***  Mouse coords: (473, 490) (35291, 27149)
2022-10-14 13:04:26.271 *** Mouse movement (LeftButton) ***  Mouse coords: (474, 491) (35293, 27150)
2022-10-14 13:04:26.289 *** Mouse movement (LeftButton) ***  Mouse coords: (476, 493) (35296, 27154)
2022-10-14 13:04:26.306 *** Mouse movement (LeftButton) ***  Mouse coords: (479, 497) (35301, 27161)
2022-10-14 13:04:26.323 *** Mouse movement (LeftButton) ***  Mouse coords: (483, 501) (35308, 27167)
2022-10-14 13:04:26.340 *** Mouse movement (LeftButton) ***  Mouse coords: (486, 505) (35313, 27174)
2022-10-14 13:04:26.357 *** Mouse movement (LeftButton) ***  Mouse coords: (488, 507) (35317, 27178)
2022-10-14 13:04:26.374 *** Mouse movement (LeftButton) ***  Mouse coords: (489, 508) (35318, 27179)
2022-10-14 13:04:26.392 *** Mouse movement (LeftButton) ***  Mouse coords: (490, 508) (35320, 27179)
2022-10-14 13:04:26.409 *** Mouse movement (LeftButton) ***  Mouse coords: (491, 509) (35322, 27181)
2022-10-14 13:04:26.426 *** Mouse movement (LeftButton) ***  Mouse coords: (495, 510) (35328, 27183)
2022-10-14 13:04:26.444 *** Mouse movement (LeftButton) ***  Mouse coords: (505, 513) (35346, 27188)
2022-10-14 13:04:26.460 *** Mouse movement (LeftButton) ***  Mouse coords: (507, 514) (35349, 27190)
2022-10-14 13:04:26.479 *** Mouse movement (LeftButton) ***  Mouse coords: (510, 514) (35354, 27190)
2022-10-14 13:04:26.496 *** Mouse movement (LeftButton) ***  Mouse coords: (512, 515) (35357, 27191)
2022-10-14 13:04:26.513 *** Mouse movement (LeftButton) ***  Mouse coords: (512, 515) (35357, 27191)
2022-10-14 13:04:26.528 *** Mouse movement (LeftButton) ***  Mouse coords: (513, 515) (35359, 27191)
2022-10-14 13:04:26.545 *** Mouse movement (LeftButton) ***  Mouse coords: (515, 515) (35363, 27191)
2022-10-14 13:04:26.562 *** Mouse movement (LeftButton) ***  Mouse coords: (519, 515) (35369, 27191)
2022-10-14 13:04:26.580 *** Mouse movement (LeftButton) ***  Mouse coords: (522, 516) (35374, 27193)
2022-10-14 13:04:26.597 *** Mouse movement (LeftButton) ***  Mouse coords: (526, 516) (35381, 27193)
2022-10-14 13:04:26.614 *** Mouse movement (LeftButton) ***  Mouse coords: (528, 516) (35385, 27193)
2022-10-14 13:04:26.631 *** Mouse movement (LeftButton) ***  Mouse coords: (530, 516) (35388, 27193)
2022-10-14 13:04:26.647 *** Mouse movement (LeftButton) ***  Mouse coords: (531, 516) (35390, 27193)
2022-10-14 13:04:26.664 *** Mouse movement (LeftButton) ***  Mouse coords: (533, 515) (35393, 27191)
2022-10-14 13:04:26.682 *** Mouse movement (LeftButton) ***  Mouse coords: (535, 515) (35397, 27191)
2022-10-14 13:04:26.699 *** Mouse movement (LeftButton) ***  Mouse coords: (538, 514) (35402, 27190)
2022-10-14 13:04:26.718 *** Mouse movement (LeftButton) ***  Mouse coords: (541, 514) (35407, 27190)
2022-10-14 13:04:26.735 *** Mouse movement (LeftButton) ***  Mouse coords: (542, 513) (35409, 27188)
2022-10-14 13:04:26.753 *** Mouse movement (LeftButton) ***  Mouse coords: (543, 513) (35410, 27188)
2022-10-14 13:04:26.771 *** Mouse movement (LeftButton) ***  Mouse coords: (543, 513) (35410, 27188)
2022-10-14 13:04:26.786 *** Mouse movement (LeftButton) ***  Mouse coords: (544, 513) (35412, 27188)
2022-10-14 13:04:26.804 *** Mouse movement (LeftButton) ***  Mouse coords: (544, 513) (35412, 27188)
2022-10-14 13:04:26.819 *** Mouse movement (LeftButton) ***  Mouse coords: (545, 513) (35414, 27188)
2022-10-14 13:04:26.836 *** Mouse movement (LeftButton) ***  Mouse coords: (545, 513) (35414, 27188)
2022-10-14 13:04:26.852 *** Mouse movement (LeftButton) ***  Mouse coords: (546, 513) (35415, 27188)
2022-10-14 13:04:26.869 *** Mouse movement (LeftButton) ***  Mouse coords: (546, 513) (35415, 27188)
2022-10-14 13:04:26.884 *** Mouse movement (LeftButton) ***  Mouse coords: (548, 513) (35419, 27188)
2022-10-14 13:04:26.901 *** Mouse movement (LeftButton) ***  Mouse coords: (549, 512) (35421, 27186)
2022-10-14 13:04:26.919 *** Mouse movement (LeftButton) ***  Mouse coords: (552, 512) (35426, 27186)
2022-10-14 13:04:26.936 *** Mouse movement (LeftButton) ***  Mouse coords: (553, 512) (35427, 27186)
2022-10-14 13:04:26.952 *** Mouse movement (LeftButton) ***  Mouse coords: (554, 512) (35429, 27186)
2022-10-14 13:04:26.970 *** Mouse movement (LeftButton) ***  Mouse coords: (555, 512) (35431, 27186)
2022-10-14 13:04:26.986 *** Mouse movement (LeftButton) ***  Mouse coords: (556, 512) (35432, 27186)
2022-10-14 13:04:27.004 *** Mouse movement (LeftButton) ***  Mouse coords: (556, 512) (35432, 27186)
2022-10-14 13:04:27.018 *** Mouse movement (LeftButton) ***  Mouse coords: (557, 511) (35434, 27185)
2022-10-14 13:04:27.036 *** Mouse movement (LeftButton) ***  Mouse coords: (557, 511) (35434, 27185)
2022-10-14 13:04:27.051 *** Mouse movement (LeftButton) ***  Mouse coords: (558, 511) (35436, 27185)
2022-10-14 13:04:27.087 *** Mouse movement (LeftButton) ***  Mouse coords: (558, 511) (35436, 27185)
2022-10-14 13:04:28.861 *** Interactive label *** Apply to case start.
2022-10-14 13:04:30.711 *** Mouse movement (LeftButton) ***  Mouse coords: (856, 112) (35944, 26504)
2022-10-14 13:04:30.747 *** Mouse movement (LeftButton) ***  Mouse coords: (856, 130) (35944, 26535)
2022-10-14 13:04:30.770 *** Mouse movement (LeftButton) ***  Mouse coords: (856, 162) (35944, 26589)
2022-10-14 13:04:30.789 *** Mouse movement (LeftButton) ***  Mouse coords: (856, 183) (35944, 26625)
2022-10-14 13:04:30.808 *** Mouse movement (LeftButton) ***  Mouse coords: (856, 208) (35944, 26668)
2022-10-14 13:04:30.826 *** Mouse movement (LeftButton) ***  Mouse coords: (856, 231) (35944, 26707)
2022-10-14 13:04:30.847 *** Mouse movement (LeftButton) ***  Mouse coords: (856, 239) (35944, 26721)
2022-10-14 13:04:30.867 *** Mouse movement (LeftButton) ***  Mouse coords: (856, 255) (35944, 26748)
2022-10-14 13:04:30.884 *** Mouse movement (LeftButton) ***  Mouse coords: (856, 269) (35944, 26772)
2022-10-14 13:04:30.902 *** Mouse movement (LeftButton) ***  Mouse coords: (856, 282) (35944, 26794)
2022-10-14 13:04:30.920 *** Mouse movement (LeftButton) ***  Mouse coords: (856, 300) (35944, 26825)
2022-10-14 13:04:30.937 *** Mouse movement (LeftButton) ***  Mouse coords: (858, 306) (35948, 26835)
2022-10-14 13:04:30.954 *** Mouse movement (LeftButton) ***  Mouse coords: (861, 314) (35953, 26849)
2022-10-14 13:04:30.973 *** Mouse movement (LeftButton) ***  Mouse coords: (862, 319) (35954, 26857)
2022-10-14 13:04:30.991 *** Mouse movement (LeftButton) ***  Mouse coords: (865, 324) (35959, 26866)
2022-10-14 13:04:31.009 *** Mouse movement (LeftButton) ***  Mouse coords: (869, 329) (35966, 26874)
2022-10-14 13:04:31.026 *** Mouse movement (LeftButton) ***  Mouse coords: (882, 339) (35988, 26891)
2022-10-14 13:04:31.044 *** Mouse movement (LeftButton) ***  Mouse coords: (904, 352) (36026, 26913)
2022-10-14 13:04:31.062 *** Mouse movement (LeftButton) ***  Mouse coords: (934, 369) (36077, 26942)
2022-10-14 13:04:31.080 *** Mouse movement (LeftButton) ***  Mouse coords: (948, 377) (36101, 26956)
2022-10-14 13:04:31.097 *** Mouse movement (LeftButton) ***  Mouse coords: (957, 381) (36116, 26963)
2022-10-14 13:04:31.115 *** Mouse movement (LeftButton) ***  Mouse coords: (962, 382) (36125, 26965)
2022-10-14 13:04:31.132 *** Mouse movement (LeftButton) ***  Mouse coords: (969, 383) (36137, 26966)
2022-10-14 13:04:31.150 *** Mouse movement (LeftButton) ***  Mouse coords: (978, 383) (36152, 26966)
2022-10-14 13:04:31.167 *** Mouse movement (LeftButton) ***  Mouse coords: (985, 382) (36164, 26965)
2022-10-14 13:04:31.184 *** Mouse movement (LeftButton) ***  Mouse coords: (992, 379) (36176, 26959)
2022-10-14 13:04:31.203 *** Mouse movement (LeftButton) ***  Mouse coords: (1000, 376) (36190, 26954)
2022-10-14 13:04:31.220 *** Mouse movement (LeftButton) ***  Mouse coords: (1005, 373) (36198, 26949)
2022-10-14 13:04:31.237 *** Mouse movement (LeftButton) ***  Mouse coords: (1012, 371) (36210, 26946)
2022-10-14 13:04:31.256 *** Mouse movement (LeftButton) ***  Mouse coords: (1030, 368) (36241, 26941)
2022-10-14 13:04:31.273 *** Mouse movement (LeftButton) ***  Mouse coords: (1038, 366) (36255, 26937)
2022-10-14 13:04:31.292 *** Mouse movement (LeftButton) ***  Mouse coords: (1043, 365) (36263, 26936)
2022-10-14 13:04:31.310 *** Mouse movement (LeftButton) ***  Mouse coords: (1046, 364) (36268, 26934)
2022-10-14 13:04:31.328 *** Mouse movement (LeftButton) ***  Mouse coords: (1047, 364) (36270, 26934)
2022-10-14 13:04:31.345 *** Mouse movement (LeftButton) ***  Mouse coords: (1048, 363) (36272, 26932)
2022-10-14 13:04:31.362 *** Mouse movement (LeftButton) ***  Mouse coords: (1049, 363) (36273, 26932)
2022-10-14 13:04:31.379 *** Mouse movement (LeftButton) ***  Mouse coords: (1049, 363) (36273, 26932)
2022-10-14 13:04:31.394 *** Mouse movement (LeftButton) ***  Mouse coords: (1049, 363) (36273, 26932)
2022-10-14 13:04:31.410 *** Mouse movement (LeftButton) ***  Mouse coords: (1049, 363) (36273, 26932)
2022-10-14 13:04:31.425 *** Mouse movement (LeftButton) ***  Mouse coords: (1049, 362) (36273, 26930)
2022-10-14 13:04:31.442 *** Mouse movement (LeftButton) ***  Mouse coords: (1049, 362) (36273, 26930)
2022-10-14 13:04:31.457 *** Mouse movement (LeftButton) ***  Mouse coords: (1049, 362) (36273, 26930)
2022-10-14 13:04:31.472 *** Mouse movement (LeftButton) ***  Mouse coords: (1049, 362) (36273, 26930)
2022-10-14 13:04:31.488 *** Mouse movement (LeftButton) ***  Mouse coords: (1049, 361) (36273, 26929)
2022-10-14 13:04:31.504 *** Mouse movement (LeftButton) ***  Mouse coords: (1050, 359) (36275, 26925)
2022-10-14 13:04:31.522 *** Mouse movement (LeftButton) ***  Mouse coords: (1051, 358) (36277, 26924)
2022-10-14 13:04:31.539 *** Mouse movement (LeftButton) ***  Mouse coords: (1053, 355) (36280, 26918)
2022-10-14 13:04:31.556 *** Mouse movement (LeftButton) ***  Mouse coords: (1056, 353) (36285, 26915)
2022-10-14 13:04:31.573 *** Mouse movement (LeftButton) ***  Mouse coords: (1058, 352) (36289, 26913)
2022-10-14 13:04:31.591 *** Mouse movement (LeftButton) ***  Mouse coords: (1060, 351) (36292, 26912)
2022-10-14 13:04:31.608 *** Mouse movement (LeftButton) ***  Mouse coords: (1061, 351) (36294, 26912)
2022-10-14 13:04:31.625 *** Mouse movement (LeftButton) ***  Mouse coords: (1062, 351) (36295, 26912)
2022-10-14 13:04:31.642 *** Mouse movement (LeftButton) ***  Mouse coords: (1062, 351) (36295, 26912)
2022-10-14 13:04:31.660 *** Mouse movement (LeftButton) ***  Mouse coords: (1062, 350) (36295, 26910)
2022-10-14 13:04:31.677 *** Mouse movement (LeftButton) ***  Mouse coords: (1062, 350) (36295, 26910)
2022-10-14 13:04:33.116 *** Interactive label *** Apply to case start.
2022-10-14 13:04:36.307 *** Interactive label *** Apply to case done.
2022-10-14 13:04:37.446 *** Interactive label *** Apply to case finish overlay create.
2022-10-14 13:04:38.930 *** Keyboard input *** key pressed: key: 90; text: "z"
2022-10-14 13:04:38.934 *** Process image overlay spent 0.00 seconds.
2022-10-14 13:04:38.943 *** Get cell color spent 0.01 seconds.
2022-10-14 13:04:40.437 *** Process image overlay spent 0.00 seconds.
2022-10-14 13:04:40.455 *** Get cell color spent 0.02 seconds.
2022-10-14 13:04:50.845 *** Process image overlay spent 0.00 seconds.
2022-10-14 13:04:50.906 *** Get cell color spent 0.06 seconds.
2022-10-14 13:04:53.167 *** Process image overlay spent 0.00 seconds.
2022-10-14 13:04:53.180 *** Get cell color spent 0.01 seconds.
2022-10-14 13:05:26.293 *** Keyboard input *** key pressed: key: 90; text: "z"
2022-10-14 13:05:27.175 *** Keyboard input *** key pressed: key: 90; text: "z"
2022-10-14 13:05:27.182 *** Process image overlay spent 0.00 seconds.
2022-10-14 13:05:27.203 *** Get cell color spent 0.02 seconds.
2022-10-14 13:06:42.756 *** Mouse movement (LeftButton) ***  Mouse coords: (870, 301) (35862, 25034)
2022-10-14 13:07:35.713 *** Open processed data
2022-10-14 13:07:35.714 *** Preload all statistics at once.
2022-10-14 13:07:40.629 *** Nuclei stat data loaded, took 4.91 seconds. Total number of nuclei: 1937159
2022-10-14 13:07:46.881 *** Interactive label *** Apply to case start.
2022-10-14 13:07:55.186 *** Interactive label *** Apply to case done.
2022-10-14 13:07:56.275 *** Interactive label *** Apply to case finish overlay create.
2022-10-14 13:07:58.809 *** Mouse movement (LeftButton) ***  Mouse coords: (201, 114) (36281, 1686)
2022-10-14 13:08:01.656 *** Mouse movement (LeftButton) ***  Mouse coords: (345, 400) (56946, 42728)
2022-10-14 13:08:01.727 *** Mouse movement (LeftButton) ***  Mouse coords: (345, 401) (56946, 42872)
2022-10-14 13:08:01.761 *** Mouse movement (LeftButton) ***  Mouse coords: (361, 403) (59242, 43015)
2022-10-14 13:08:01.781 *** Mouse movement (LeftButton) ***  Mouse coords: (373, 407) (58668, 43302)
2022-10-14 13:08:01.803 *** Mouse movement (LeftButton) ***  Mouse coords: (411, 415) (62399, 43876)
2022-10-14 13:08:01.822 *** Mouse movement (LeftButton) ***  Mouse coords: (452, 420) (62830, 43445)
2022-10-14 13:08:01.853 *** Mouse movement (LeftButton) ***  Mouse coords: (489, 420) (62256, 42728)
2022-10-14 13:08:01.895 *** Mouse movement (LeftButton) ***  Mouse coords: (505, 420) (59242, 42728)
2022-10-14 13:08:05.782 *** Mouse movement (LeftButton) ***  Mouse coords: (774, 319) (54115, 37078)
2022-10-14 13:08:05.836 *** Mouse movement (LeftButton) ***  Mouse coords: (773, 319) (54071, 37078)
2022-10-14 13:08:05.863 *** Mouse movement (LeftButton) ***  Mouse coords: (761, 324) (53824, 37189)
2022-10-14 13:08:05.885 *** Mouse movement (LeftButton) ***  Mouse coords: (751, 330) (53870, 37213)
2022-10-14 13:08:05.912 *** Mouse movement (LeftButton) ***  Mouse coords: (746, 333) (53981, 37145)
2022-10-14 13:08:05.938 *** Mouse movement (LeftButton) ***  Mouse coords: (721, 354) (53534, 37547)
2022-10-14 13:08:05.958 *** Mouse movement (LeftButton) ***  Mouse coords: (718, 358) (54026, 37168)
2022-10-14 13:08:05.978 *** Mouse movement (LeftButton) ***  Mouse coords: (715, 363) (54026, 37189)
2022-10-14 13:08:06.004 *** Mouse movement (LeftButton) ***  Mouse coords: (714, 369) (54071, 37212)
2022-10-14 13:08:06.029 *** Mouse movement (LeftButton) ***  Mouse coords: (713, 375) (54070, 37213)
2022-10-14 13:08:06.049 *** Mouse movement (LeftButton) ***  Mouse coords: (713, 375) (54093, 37078)
2022-10-14 13:08:06.070 *** Mouse movement (LeftButton) ***  Mouse coords: (713, 377) (54093, 37122)
2022-10-14 13:08:06.093 *** Mouse movement (LeftButton) ***  Mouse coords: (713, 378) (54093, 37101)
2022-10-14 13:08:07.314 *** Process image overlay spent 0.00 seconds.
2022-10-14 13:08:07.373 *** Get cell color spent 0.06 seconds.
2022-10-14 13:08:07.681 *** Process image overlay spent 0.00 seconds.
2022-10-14 13:08:07.719 *** Get cell color spent 0.04 seconds.
2022-10-14 13:08:08.155 *** Mouse movement (LeftButton) ***  Mouse coords: (623, 271) (55743, 36056)
2022-10-14 13:08:08.261 *** Mouse movement (LeftButton) ***  Mouse coords: (623, 272) (55743, 36065)
2022-10-14 13:08:08.289 *** Mouse movement (LeftButton) ***  Mouse coords: (627, 279) (55777, 36116)
2022-10-14 13:08:08.312 *** Mouse movement (LeftButton) ***  Mouse coords: (640, 293) (55856, 36177)
2022-10-14 13:08:08.333 *** Mouse movement (LeftButton) ***  Mouse coords: (653, 305) (55855, 36160)
2022-10-14 13:08:08.353 *** Mouse movement (LeftButton) ***  Mouse coords: (661, 314) (55812, 36133)
2022-10-14 13:08:08.374 *** Mouse movement (LeftButton) ***  Mouse coords: (664, 317) (55769, 36082)
2022-10-14 13:08:08.393 *** Mouse movement (LeftButton) ***  Mouse coords: (664, 318) (55743, 36065)
2022-10-14 13:08:08.414 *** Mouse movement (LeftButton) ***  Mouse coords: (665, 318) (55752, 36056)
2022-10-14 13:08:08.486 *** Mouse movement (LeftButton) ***  Mouse coords: (665, 318) (55743, 36056)
2022-10-14 13:08:09.430 *** Process image overlay spent 0.01 seconds.
2022-10-14 13:08:09.442 *** Get cell color spent 0.01 seconds.
2022-10-14 13:08:10.204 *** Mouse movement (LeftButton) ***  Mouse coords: (676, 456) (56679, 36301)
2022-10-14 13:08:10.237 *** Mouse movement (LeftButton) ***  Mouse coords: (701, 443) (56775, 36251)
2022-10-14 13:08:10.261 *** Mouse movement (LeftButton) ***  Mouse coords: (731, 434) (56794, 36267)
2022-10-14 13:08:10.283 *** Mouse movement (LeftButton) ***  Mouse coords: (741, 433) (56717, 36297)
2022-10-14 13:08:10.320 *** Mouse movement (LeftButton) ***  Mouse coords: (748, 432) (56706, 36297)
2022-10-14 13:08:10.345 *** Mouse movement (LeftButton) ***  Mouse coords: (750, 432) (56686, 36301)
2022-10-14 13:08:10.435 *** Process image overlay spent 0.00 seconds.
2022-10-14 13:08:10.447 *** Get cell color spent 0.01 seconds.
2022-10-14 13:08:11.343 *** Process image overlay spent 0.01 seconds.
2022-10-14 13:08:11.386 *** Get cell color spent 0.04 seconds.
2022-10-14 13:08:22.398 *** Program closed.
