2022-08-11 20:51:14.673 *** Start program *** Start program
2022-08-11 20:51:35.789 *** Open case *** /media/zhihuang/Drive3/Google_Colon_lnm_pos_2015_slides/slides/S0425
2022-08-11 20:51:40.084 *** Open processed data
2022-08-11 20:51:40.085 *** Preload all statistics at once.
2022-08-11 20:51:44.775 *** Nuclei stat data loaded, took 4.69 seconds. Total number of nuclei: 954361
2022-08-11 20:51:49.734 *** Process image overlay spent 0.01 seconds.
2022-08-11 20:51:49.764 *** Get cell color spent 0.03 seconds.
2022-08-11 20:51:50.048 *** Process image overlay spent 0.00 seconds.
2022-08-11 20:51:50.074 *** Get cell color spent 0.03 seconds.
2022-08-11 20:51:50.509 *** Process image overlay spent 0.01 seconds.
2022-08-11 20:51:50.512 *** Get cell color spent 0.00 seconds.
2022-08-11 20:51:50.691 *** Process image overlay spent 0.01 seconds.
2022-08-11 20:51:50.693 *** Get cell color spent 0.00 seconds.
2022-08-11 20:51:50.740 *** Process image overlay spent 0.01 seconds.
2022-08-11 20:51:50.743 *** Get cell color spent 0.00 seconds.
2022-08-11 20:51:51.147 *** Process image overlay spent 0.01 seconds.
2022-08-11 20:51:51.149 *** Get cell color spent 0.00 seconds.
2022-08-11 20:51:51.227 *** Process image overlay spent 0.01 seconds.
2022-08-11 20:51:51.229 *** Get cell color spent 0.00 seconds.
2022-08-11 20:51:53.288 *** Mouse movement (LeftButton) ***  Mouse coords: (809, 425) (56759, 60551)
2022-08-11 20:51:53.311 *** Mouse movement (LeftButton) ***  Mouse coords: (808, 425) (56759, 60551)
2022-08-11 20:51:53.321 *** Mouse movement (LeftButton) ***  Mouse coords: (806, 425) (56758, 60551)
2022-08-11 20:51:53.335 *** Mouse movement (LeftButton) ***  Mouse coords: (800, 425) (56757, 60551)
2022-08-11 20:51:53.352 *** Mouse movement (LeftButton) ***  Mouse coords: (792, 426) (56756, 60551)
2022-08-11 20:51:53.368 *** Mouse movement (LeftButton) ***  Mouse coords: (774, 429) (56753, 60552)
2022-08-11 20:51:53.385 *** Mouse movement (LeftButton) ***  Mouse coords: (765, 430) (56756, 60551)
2022-08-11 20:51:53.402 *** Mouse movement (LeftButton) ***  Mouse coords: (739, 434) (56750, 60553)
2022-08-11 20:51:53.418 *** Mouse movement (LeftButton) ***  Mouse coords: (729, 437) (56756, 60552)
2022-08-11 20:51:53.435 *** Mouse movement (LeftButton) ***  Mouse coords: (725, 438) (56757, 60551)
2022-08-11 20:51:53.452 *** Mouse movement (LeftButton) ***  Mouse coords: (720, 440) (56758, 60552)
2022-08-11 20:51:53.469 *** Mouse movement (LeftButton) ***  Mouse coords: (718, 440) (56758, 60551)
2022-08-11 20:51:53.508 *** Process image overlay spent 0.02 seconds.
2022-08-11 20:51:53.514 *** Get cell color spent 0.01 seconds.
2022-08-11 20:52:01.231 *** Mouse movement (LeftButton) ***  Mouse coords: (401, 372) (56652, 60528)
2022-08-11 20:52:01.241 *** Mouse movement (LeftButton) ***  Mouse coords: (402, 373) (56652, 60528)
2022-08-11 20:52:01.252 *** Mouse movement (LeftButton) ***  Mouse coords: (403, 374) (56652, 60528)
2022-08-11 20:52:01.268 *** Mouse movement (LeftButton) ***  Mouse coords: (415, 391) (56656, 60534)
2022-08-11 20:52:01.285 *** Mouse movement (LeftButton) ***  Mouse coords: (448, 424) (56667, 60545)
2022-08-11 20:52:01.301 *** Mouse movement (LeftButton) ***  Mouse coords: (465, 436) (56673, 60549)
2022-08-11 20:52:01.318 *** Mouse movement (LeftButton) ***  Mouse coords: (495, 462) (56683, 60558)
2022-08-11 20:52:01.335 *** Mouse movement (LeftButton) ***  Mouse coords: (529, 486) (56695, 60566)
2022-08-11 20:52:01.351 *** Mouse movement (LeftButton) ***  Mouse coords: (570, 515) (56709, 60576)
2022-08-11 20:52:01.368 *** Mouse movement (LeftButton) ***  Mouse coords: (602, 536) (56720, 60583)
2022-08-11 20:52:01.385 *** Mouse movement (LeftButton) ***  Mouse coords: (630, 554) (56729, 60589)
2022-08-11 20:52:01.401 *** Mouse movement (LeftButton) ***  Mouse coords: (645, 564) (56734, 60593)
2022-08-11 20:52:01.418 *** Mouse movement (LeftButton) ***  Mouse coords: (665, 579) (56741, 60598)
2022-08-11 20:52:01.435 *** Mouse movement (LeftButton) ***  Mouse coords: (677, 590) (56745, 60602)
2022-08-11 20:52:01.452 *** Mouse movement (LeftButton) ***  Mouse coords: (679, 593) (56746, 60603)
2022-08-11 20:52:01.516 *** Mouse movement (LeftButton) ***  Mouse coords: (679, 594) (56746, 60603)
2022-08-11 20:52:01.523 *** Mouse movement (LeftButton) ***  Mouse coords: (679, 595) (56746, 60603)
2022-08-11 20:52:01.535 *** Mouse movement (LeftButton) ***  Mouse coords: (679, 596) (56746, 60604)
2022-08-11 20:52:01.552 *** Mouse movement (LeftButton) ***  Mouse coords: (679, 601) (56746, 60605)
2022-08-11 20:52:01.568 *** Mouse movement (LeftButton) ***  Mouse coords: (679, 605) (56746, 60607)
2022-08-11 20:52:01.585 *** Mouse movement (LeftButton) ***  Mouse coords: (679, 607) (56746, 60607)
2022-08-11 20:52:01.601 *** Mouse movement (LeftButton) ***  Mouse coords: (679, 608) (56746, 60608)
2022-08-11 20:52:01.628 *** Mouse movement (LeftButton) ***  Mouse coords: (679, 609) (56746, 60608)
2022-08-11 20:52:09.985 *** Process image overlay spent 0.01 seconds.
2022-08-11 20:52:09.988 *** Get cell color spent 0.00 seconds.
2022-08-11 20:52:10.076 *** Process image overlay spent 0.01 seconds.
2022-08-11 20:52:10.078 *** Get cell color spent 0.00 seconds.
2022-08-11 20:52:10.121 *** Process image overlay spent 0.01 seconds.
2022-08-11 20:52:10.124 *** Get cell color spent 0.00 seconds.
2022-08-11 20:52:11.046 *** Process image overlay spent 0.01 seconds.
2022-08-11 20:52:11.049 *** Get cell color spent 0.00 seconds.
2022-08-11 20:52:11.519 *** Process image overlay spent 0.00 seconds.
2022-08-11 20:52:11.521 *** Get cell color spent 0.00 seconds.
2022-08-11 20:52:11.900 *** Process image overlay spent 0.01 seconds.
2022-08-11 20:52:11.903 *** Get cell color spent 0.00 seconds.
2022-08-11 20:52:11.954 *** Process image overlay spent 0.01 seconds.
2022-08-11 20:52:11.956 *** Get cell color spent 0.00 seconds.
2022-08-11 20:52:12.613 *** Process image overlay spent 0.01 seconds.
2022-08-11 20:52:12.617 *** Get cell color spent 0.00 seconds.
2022-08-11 20:52:12.723 *** Process image overlay spent 0.01 seconds.
2022-08-11 20:52:12.725 *** Get cell color spent 0.00 seconds.
2022-08-11 20:52:13.361 *** Process image overlay spent 0.01 seconds.
2022-08-11 20:52:13.366 *** Get cell color spent 0.00 seconds.
2022-08-11 20:52:13.436 *** Process image overlay spent 0.01 seconds.
2022-08-11 20:52:13.440 *** Get cell color spent 0.00 seconds.
2022-08-11 20:52:13.575 *** Process image overlay spent 0.01 seconds.
2022-08-11 20:52:13.588 *** Get cell color spent 0.01 seconds.
2022-08-11 20:52:13.669 *** Process image overlay spent 0.01 seconds.
2022-08-11 20:52:13.682 *** Get cell color spent 0.01 seconds.
2022-08-11 20:52:14.090 *** Process image overlay spent 0.01 seconds.
2022-08-11 20:52:14.094 *** Get cell color spent 0.00 seconds.
2022-08-11 20:52:14.194 *** Process image overlay spent 0.01 seconds.
2022-08-11 20:52:14.197 *** Get cell color spent 0.00 seconds.
2022-08-11 20:52:14.298 *** Process image overlay spent 0.01 seconds.
2022-08-11 20:52:14.301 *** Get cell color spent 0.00 seconds.
2022-08-11 20:52:14.645 *** Process image overlay spent 0.01 seconds.
2022-08-11 20:52:14.648 *** Get cell color spent 0.00 seconds.
2022-08-11 20:52:14.694 *** Process image overlay spent 0.01 seconds.
2022-08-11 20:52:14.696 *** Get cell color spent 0.00 seconds.
2022-08-11 20:52:15.196 *** Mouse movement (LeftButton) ***  Mouse coords: (760, 364) (56846, 60620)
2022-08-11 20:52:15.203 *** Mouse movement (LeftButton) ***  Mouse coords: (761, 366) (56847, 60622)
2022-08-11 20:52:15.219 *** Mouse movement (LeftButton) ***  Mouse coords: (778, 387) (56865, 60644)
2022-08-11 20:52:15.235 *** Mouse movement (LeftButton) ***  Mouse coords: (796, 402) (56883, 60660)
2022-08-11 20:52:15.252 *** Mouse movement (LeftButton) ***  Mouse coords: (822, 423) (56910, 60682)
2022-08-11 20:52:15.268 *** Mouse movement (LeftButton) ***  Mouse coords: (853, 446) (56943, 60706)
2022-08-11 20:52:15.285 *** Mouse movement (LeftButton) ***  Mouse coords: (887, 468) (56978, 60728)
2022-08-11 20:52:15.302 *** Mouse movement (LeftButton) ***  Mouse coords: (921, 487) (57013, 60748)
2022-08-11 20:52:15.318 *** Mouse movement (LeftButton) ***  Mouse coords: (938, 497) (57031, 60759)
2022-08-11 20:52:15.335 *** Mouse movement (LeftButton) ***  Mouse coords: (946, 501) (57039, 60763)
2022-08-11 20:52:15.534 *** Mouse movement (LeftButton) ***  Mouse coords: (946, 502) (57039, 60764)
2022-08-11 20:52:15.546 *** Mouse movement (LeftButton) ***  Mouse coords: (946, 503) (57039, 60765)
2022-08-11 20:52:15.559 *** Mouse movement (LeftButton) ***  Mouse coords: (946, 506) (57039, 60768)
2022-08-11 20:52:15.569 *** Mouse movement (LeftButton) ***  Mouse coords: (944, 509) (57037, 60771)
2022-08-11 20:52:15.585 *** Mouse movement (LeftButton) ***  Mouse coords: (942, 512) (57035, 60774)
2022-08-11 20:52:15.601 *** Mouse movement (LeftButton) ***  Mouse coords: (940, 515) (57033, 60777)
2022-08-11 20:52:19.640 *** Process image overlay spent 0.01 seconds.
2022-08-11 20:52:19.643 *** Get cell color spent 0.00 seconds.
2022-08-11 20:53:01.551 *** Program closed.
