2022-08-13 22:11:00.983 *** Start program *** Start program
2022-08-13 22:11:07.524 *** Open case *** /media/zhihuang/Drive14/Google_Colon_lnm_pos_2015_slides/slides/S0425
2022-08-13 22:11:09.873 *** Open processed data
2022-08-13 22:11:09.875 *** Preload all statistics at once.
2022-08-13 22:11:10.736 *** Nuclei stat data loaded, took 0.86 seconds. Total number of nuclei: 954361
2022-08-13 22:11:16.788 *** Keyboard input *** key pressed: key: 66; text: "b"
2022-08-13 22:11:17.254 *** Keyboard input *** key pressed: key: 66; text: "b"
2022-08-13 22:11:17.702 *** Keyboard input *** key pressed: key: 66; text: "b"
2022-08-13 22:11:18.060 *** Keyboard input *** key pressed: key: 66; text: "b"
2022-08-13 22:11:19.160 *** Mouse movement (LeftButton) ***  Mouse coords: (414, 350) (42219, 58380)
2022-08-13 22:11:19.180 *** Mouse movement (LeftButton) ***  Mouse coords: (418, 351) (42222, 58381)
2022-08-13 22:11:19.197 *** Mouse movement (LeftButton) ***  Mouse coords: (445, 357) (42245, 58386)
2022-08-13 22:11:19.214 *** Mouse movement (LeftButton) ***  Mouse coords: (510, 369) (42284, 58393)
2022-08-13 22:11:19.230 *** Mouse movement (LeftButton) ***  Mouse coords: (556, 377) (42265, 58388)
2022-08-13 22:11:19.247 *** Mouse movement (LeftButton) ***  Mouse coords: (622, 389) (42286, 58392)
2022-08-13 22:11:19.264 *** Mouse movement (LeftButton) ***  Mouse coords: (696, 400) (42293, 58392)
2022-08-13 22:11:19.280 *** Mouse movement (LeftButton) ***  Mouse coords: (794, 419) (42319, 58400)
2022-08-13 22:11:19.298 *** Mouse movement (LeftButton) ***  Mouse coords: (828, 426) (42253, 58387)
2022-08-13 22:11:19.321 *** Mouse movement (LeftButton) ***  Mouse coords: (876, 436) (42267, 58390)
2022-08-13 22:11:19.331 *** Mouse movement (LeftButton) ***  Mouse coords: (885, 439) (42226, 58383)
2022-08-13 22:11:19.347 *** Mouse movement (LeftButton) ***  Mouse coords: (892, 441) (42224, 58382)
2022-08-13 22:11:19.364 *** Mouse movement (LeftButton) ***  Mouse coords: (901, 447) (42227, 58387)
2022-08-13 22:11:19.380 *** Mouse movement (LeftButton) ***  Mouse coords: (909, 450) (42225, 58383)
2022-08-13 22:11:19.398 *** Mouse movement (LeftButton) ***  Mouse coords: (915, 452) (42223, 58382)
2022-08-13 22:11:19.420 *** Mouse movement (LeftButton) ***  Mouse coords: (921, 453) (42223, 58381)
2022-08-13 22:11:28.902 *** Keyboard input *** key pressed: key: 66; text: "b"
2022-08-13 22:11:29.363 *** Keyboard input *** key pressed: key: 66; text: "b"
2022-08-13 22:11:29.692 *** Keyboard input *** key pressed: key: 66; text: "b"
2022-08-13 22:11:29.908 *** Keyboard input *** key pressed: key: 66; text: "b"
2022-08-13 22:11:30.136 *** Keyboard input *** key pressed: key: 66; text: "b"
2022-08-13 22:11:30.344 *** Keyboard input *** key pressed: key: 66; text: "b"
2022-08-13 22:11:30.525 *** Keyboard input *** key pressed: key: 66; text: "b"
2022-08-13 22:11:30.742 *** Keyboard input *** key pressed: key: 66; text: "b"
2022-08-13 22:12:26.231 *** Program closed.
