2022-09-10 21:01:00.360 *** Start program *** Start program
2022-09-10 21:01:07.391 *** Open case *** /home/zhihuang/Desktop/A14
2022-09-10 21:01:10.679 *** Open processed data
2022-09-10 21:01:10.680 *** Preload all statistics at once.
2022-09-10 21:01:14.411 *** Nuclei stat data loaded, took 3.73 seconds. Total number of nuclei: 2755531
2022-09-10 21:09:10.098 *** Mouse movement (LeftButton) ***  Mouse coords: (756, 289) (40407, 57872)
2022-09-10 21:09:10.122 *** Mouse movement (LeftButton) ***  Mouse coords: (768, 319) (40419, 57903)
2022-09-10 21:09:10.139 *** Mouse movement (LeftButton) ***  Mouse coords: (796, 375) (40436, 57929)
2022-09-10 21:09:10.156 *** Mouse movement (LeftButton) ***  Mouse coords: (839, 442) (40452, 57940)
2022-09-10 21:09:10.173 *** Mouse movement (LeftButton) ***  Mouse coords: (881, 500) (40451, 57932)
2022-09-10 21:09:10.189 *** Mouse movement (LeftButton) ***  Mouse coords: (915, 535) (40442, 57907)
2022-09-10 21:09:10.206 *** Mouse movement (LeftButton) ***  Mouse coords: (947, 564) (40440, 57901)
2022-09-10 21:09:10.223 *** Mouse movement (LeftButton) ***  Mouse coords: (980, 586) (40442, 57894)
2022-09-10 21:09:10.239 *** Mouse movement (LeftButton) ***  Mouse coords: (1003, 597) (40431, 57883)
2022-09-10 21:09:10.256 *** Mouse movement (LeftButton) ***  Mouse coords: (1014, 603) (40418, 57877)
2022-09-10 21:09:10.272 *** Mouse movement (LeftButton) ***  Mouse coords: (1015, 603) (40408, 57871)
2022-09-10 21:09:13.104 *** Mouse movement (LeftButton) ***  Mouse coords: (385, 381) (39577, 57574)
2022-09-10 21:09:13.112 *** Mouse movement (LeftButton) ***  Mouse coords: (386, 383) (39580, 57581)
2022-09-10 21:09:13.122 *** Mouse movement (LeftButton) ***  Mouse coords: (392, 392) (39599, 57609)
2022-09-10 21:09:13.140 *** Mouse movement (LeftButton) ***  Mouse coords: (411, 417) (39660, 57689)
2022-09-10 21:09:13.156 *** Mouse movement (LeftButton) ***  Mouse coords: (433, 444) (39730, 57775)
2022-09-10 21:09:13.172 *** Mouse movement (LeftButton) ***  Mouse coords: (458, 471) (39809, 57861)
2022-09-10 21:09:13.189 *** Mouse movement (LeftButton) ***  Mouse coords: (485, 496) (39895, 57941)
2022-09-10 21:09:13.206 *** Mouse movement (LeftButton) ***  Mouse coords: (504, 512) (39956, 57991)
2022-09-10 21:09:13.222 *** Mouse movement (LeftButton) ***  Mouse coords: (512, 516) (39981, 58004)
2022-09-10 21:09:13.239 *** Mouse movement (LeftButton) ***  Mouse coords: (513, 517) (39984, 58007)
2022-09-10 21:09:14.501 *** Interactive label *** Apply to case start.
2022-09-10 21:09:14.793 *** Mouse movement (LeftButton) ***  Mouse coords: (498, 134) (39937, 56788)
2022-09-10 21:09:14.804 *** Mouse movement (LeftButton) ***  Mouse coords: (501, 137) (39946, 56798)
2022-09-10 21:09:14.822 *** Mouse movement (LeftButton) ***  Mouse coords: (513, 144) (39984, 56820)
2022-09-10 21:09:14.839 *** Mouse movement (LeftButton) ***  Mouse coords: (528, 155) (40032, 56855)
2022-09-10 21:09:14.856 *** Mouse movement (LeftButton) ***  Mouse coords: (547, 169) (40093, 56900)
2022-09-10 21:09:14.872 *** Mouse movement (LeftButton) ***  Mouse coords: (564, 182) (40147, 56941)
2022-09-10 21:09:14.889 *** Mouse movement (LeftButton) ***  Mouse coords: (582, 192) (40204, 56973)
2022-09-10 21:09:14.906 *** Mouse movement (LeftButton) ***  Mouse coords: (594, 198) (40242, 56992)
2022-09-10 21:09:14.923 *** Mouse movement (LeftButton) ***  Mouse coords: (600, 201) (40261, 57002)
2022-09-10 21:09:14.939 *** Mouse movement (LeftButton) ***  Mouse coords: (602, 201) (40268, 57002)
2022-09-10 21:09:14.956 *** Mouse movement (LeftButton) ***  Mouse coords: (602, 202) (40268, 57005)
2022-09-10 21:09:14.973 *** Mouse movement (LeftButton) ***  Mouse coords: (603, 203) (40271, 57008)
2022-09-10 21:09:14.990 *** Mouse movement (LeftButton) ***  Mouse coords: (605, 204) (40277, 57011)
2022-09-10 21:09:15.006 *** Mouse movement (LeftButton) ***  Mouse coords: (609, 206) (40290, 57017)
2022-09-10 21:09:15.022 *** Mouse movement (LeftButton) ***  Mouse coords: (612, 207) (40299, 57021)
2022-09-10 21:09:15.039 *** Mouse movement (LeftButton) ***  Mouse coords: (614, 207) (40306, 57021)
2022-09-10 21:09:15.059 *** Mouse movement (LeftButton) ***  Mouse coords: (615, 207) (40309, 57021)
2022-09-10 21:09:15.077 *** Mouse movement (LeftButton) ***  Mouse coords: (615, 208) (40309, 57024)
2022-09-10 21:09:15.089 *** Mouse movement (LeftButton) ***  Mouse coords: (617, 208) (40315, 57024)
2022-09-10 21:09:15.106 *** Mouse movement (LeftButton) ***  Mouse coords: (620, 208) (40325, 57024)
2022-09-10 21:09:15.122 *** Mouse movement (LeftButton) ***  Mouse coords: (623, 208) (40334, 57024)
2022-09-10 21:09:15.139 *** Mouse movement (LeftButton) ***  Mouse coords: (624, 208) (40338, 57024)
2022-09-10 21:09:16.517 *** Interactive label *** Apply to case start.
2022-09-10 21:09:28.874 *** Interactive label *** Apply to case done.
2022-09-10 21:09:34.595 *** Interactive label *** Apply to case finish overlay create.
2022-09-10 21:09:47.959 *** Mouse movement (LeftButton) ***  Mouse coords: (714, 243) (39934, 57285)
2022-09-10 21:09:47.990 *** Mouse movement (LeftButton) ***  Mouse coords: (717, 244) (39945, 57284)
2022-09-10 21:09:48.006 *** Mouse movement (LeftButton) ***  Mouse coords: (718, 245) (39933, 57285)
2022-09-10 21:09:48.022 *** Mouse movement (LeftButton) ***  Mouse coords: (736, 268) (40029, 57407)
2022-09-10 21:09:48.039 *** Mouse movement (LeftButton) ***  Mouse coords: (788, 329) (40217, 57619)
2022-09-10 21:09:48.056 *** Mouse movement (LeftButton) ***  Mouse coords: (839, 388) (40212, 57607)
2022-09-10 21:09:48.072 *** Mouse movement (LeftButton) ***  Mouse coords: (872, 425) (40112, 57485)
2022-09-10 21:09:48.089 *** Mouse movement (LeftButton) ***  Mouse coords: (893, 443) (40045, 57380)
2022-09-10 21:09:48.105 *** Mouse movement (LeftButton) ***  Mouse coords: (906, 454) (40001, 57340)
2022-09-10 21:09:48.123 *** Mouse movement (LeftButton) ***  Mouse coords: (910, 457) (39950, 57296)
2022-09-10 21:09:51.010 *** Interactive label *** Review annotations/active learning start.
2022-09-10 21:10:51.679 *** Program closed.
