2022-08-12 14:32:53.925 *** Start program *** Start program
2022-08-12 14:32:58.787 *** starting thread (client mode): 0x810af550
2022-08-12 14:32:58.788 *** Local version/idstring: SSH-2.0-paramiko_2.11.0
2022-08-12 14:32:58.811 *** Remote version/idstring: SSH-2.0-OpenSSH_5.3
2022-08-12 14:32:58.811 *** Connected (version 2.0, client OpenSSH_5.3)
2022-08-12 14:32:58.828 *** === Key exchange possibilities ===
2022-08-12 14:32:58.828 *** kex algos: diffie-hellman-group-exchange-sha256, diffie-hellman-group-exchange-sha1, diffie-hellman-group14-sha1, diffie-hellman-group1-sha1
2022-08-12 14:32:58.828 *** server key: ssh-rsa, ssh-rsa-cert-v01@openssh.com, ssh-dss
2022-08-12 14:32:58.829 *** client encrypt: aes128-ctr, aes192-ctr, aes256-ctr, arcfour256, arcfour128, aes128-cbc, 3des-cbc, blowfish-cbc, cast128-cbc, aes192-cbc, aes256-cbc, arcfour, rijndael-cbc@lysator.liu.se
2022-08-12 14:32:58.829 *** server encrypt: aes128-ctr, aes192-ctr, aes256-ctr, arcfour256, arcfour128, aes128-cbc, 3des-cbc, blowfish-cbc, cast128-cbc, aes192-cbc, aes256-cbc, arcfour, rijndael-cbc@lysator.liu.se
2022-08-12 14:32:58.829 *** client mac: hmac-md5, hmac-sha1, umac-64@openssh.com, hmac-sha2-256, hmac-sha2-512, hmac-ripemd160, hmac-ripemd160@openssh.com, hmac-sha1-96, hmac-md5-96
2022-08-12 14:32:58.829 *** server mac: hmac-md5, hmac-sha1, umac-64@openssh.com, hmac-sha2-256, hmac-sha2-512, hmac-ripemd160, hmac-ripemd160@openssh.com, hmac-sha1-96, hmac-md5-96
2022-08-12 14:32:58.829 *** client compress: none, zlib@openssh.com
2022-08-12 14:32:58.829 *** server compress: none, zlib@openssh.com
2022-08-12 14:32:58.829 *** client lang: <none>
2022-08-12 14:32:58.829 *** server lang: <none>
2022-08-12 14:32:58.830 *** kex follows: False
2022-08-12 14:32:58.830 *** === Key exchange agreements ===
2022-08-12 14:32:58.830 *** Kex: diffie-hellman-group-exchange-sha256
2022-08-12 14:32:58.830 *** HostKey: ssh-rsa
2022-08-12 14:32:58.830 *** Cipher: aes128-ctr
2022-08-12 14:32:58.831 *** MAC: hmac-sha2-256
2022-08-12 14:32:58.831 *** Compression: none
2022-08-12 14:32:58.831 *** === End of kex handshake ===
2022-08-12 14:32:58.889 *** Got server p (2048 bits)
2022-08-12 14:32:58.953 *** kex engine KexGexSHA256 specified hash_algo <built-in function openssl_sha256>
2022-08-12 14:32:58.953 *** Switch to new keys ...
2022-08-12 14:32:58.953 *** Adding ssh-rsa host key for 173.201.181.247: b'cca345f774a2d98448d0bcc78f04075d'
2022-08-12 14:32:59.028 *** userauth is OK
2022-08-12 14:32:59.050 *** Authentication (password) successful!
2022-08-12 14:32:59.051 *** [chan 0] Max packet in: 32768 bytes
2022-08-12 14:32:59.069 *** [chan 0] Max packet out: 32768 bytes
2022-08-12 14:32:59.069 *** Secsh channel 0 opened.
2022-08-12 14:32:59.088 *** [chan 0] Sesch channel 0 request ok
2022-08-12 14:32:59.107 *** [chan 0] Opened sftp connection (server version 3)
2022-08-12 14:32:59.113 *** [chan 0] stat(b'/home/b6o162rzivzp/NucFinder_DB/05313943FB3B68B7/interactive_nuclei_dict.pickle')
2022-08-12 14:32:59.131 *** [chan 0] open(b'/home/b6o162rzivzp/NucFinder_DB/05313943FB3B68B7/interactive_nuclei_dict.pickle', 'rb')
2022-08-12 14:32:59.149 *** [chan 0] open(b'/home/b6o162rzivzp/NucFinder_DB/05313943FB3B68B7/interactive_nuclei_dict.pickle', 'rb') -> 00000000
2022-08-12 14:32:59.989 *** [chan 0] close(00000000)
2022-08-12 14:33:36.630 *** Open case *** /media/zhihuang/Drive14/Google_Colon_lnm_pos_2015_slides/slides/S0425
2022-08-12 14:33:38.985 *** Open processed data
2022-08-12 14:33:38.986 *** Preload all statistics at once.
2022-08-12 14:33:39.781 *** Nuclei stat data loaded, took 0.80 seconds. Total number of nuclei: 954361
2022-08-12 14:34:46.408 *** Program closed.
2022-08-12 14:34:46.464 *** EOF in transport thread
