2022-08-31 14:09:32.678 *** Start program *** Start program
2022-08-31 14:09:38.099 *** Open case *** /Applications/XAMPP/xamppfiles/htdocs/20220722_Eric_Yang
2022-08-31 14:09:46.129 *** Open processed data
2022-08-31 14:09:46.129 *** Preload all statistics at once.
2022-08-31 14:09:46.681 *** Nuclei stat data loaded, took 0.55 seconds. Total number of nuclei: 670699
2022-08-31 14:09:52.744 *** Mouse movement (LeftButton) ***  Mouse coords: (576, 378) (85452, 36344)
2022-08-31 14:10:03.986 *** Mouse movement (LeftButton) ***  Mouse coords: (806, 349) (90830, 39736)
2022-08-31 14:10:09.633 *** Mouse movement (LeftButton) ***  Mouse coords: (859, 356) (90879, 39742)
2022-08-31 14:10:09.717 *** Mouse movement (LeftButton) ***  Mouse coords: (859, 359) (90879, 39745)
2022-08-31 14:10:09.742 *** Mouse movement (LeftButton) ***  Mouse coords: (859, 359) (90879, 39742)
2022-08-31 14:10:09.765 *** Mouse movement (LeftButton) ***  Mouse coords: (858, 359) (90878, 39742)
2022-08-31 14:10:09.788 *** Mouse movement (LeftButton) ***  Mouse coords: (856, 359) (90877, 39742)
2022-08-31 14:10:09.849 *** Mouse movement (LeftButton) ***  Mouse coords: (853, 359) (90876, 39742)
2022-08-31 14:10:09.871 *** Mouse movement (LeftButton) ***  Mouse coords: (851, 359) (90877, 39742)
2022-08-31 14:10:12.406 *** Mouse movement (LeftButton) ***  Mouse coords: (702, 297) (90747, 39687)
2022-08-31 14:10:12.448 *** Mouse movement (LeftButton) ***  Mouse coords: (692, 297) (90738, 39687)
2022-08-31 14:10:12.470 *** Mouse movement (LeftButton) ***  Mouse coords: (688, 298) (90744, 39688)
2022-08-31 14:10:12.509 *** Mouse movement (LeftButton) ***  Mouse coords: (682, 299) (90741, 39687)
2022-08-31 14:10:12.535 *** Mouse movement (LeftButton) ***  Mouse coords: (676, 299) (90742, 39687)
2022-08-31 14:10:12.560 *** Mouse movement (LeftButton) ***  Mouse coords: (673, 299) (90744, 39687)
2022-08-31 14:10:12.584 *** Mouse movement (LeftButton) ***  Mouse coords: (669, 299) (90744, 39687)
2022-08-31 14:10:12.634 *** Mouse movement (LeftButton) ***  Mouse coords: (665, 299) (90743, 39687)
2022-08-31 14:10:12.658 *** Mouse movement (LeftButton) ***  Mouse coords: (662, 299) (90744, 39687)
2022-08-31 14:10:12.724 *** Mouse movement (LeftButton) ***  Mouse coords: (657, 299) (90743, 39687)
2022-08-31 14:10:12.747 *** Mouse movement (LeftButton) ***  Mouse coords: (656, 299) (90746, 39687)
2022-08-31 14:10:14.502 *** Mouse movement (LeftButton) ***  Mouse coords: (844, 419) (90750, 39690)
2022-08-31 14:10:14.651 *** Interactive label *** (double click) click on screen. screen: (843, 418); slide: (90749, 39690). case_id: 20220722_Eric_Yang, slide_id: 3BQMJY_44661.svs, Nuclei index selected: 396256
2022-08-31 14:10:14.666 *** Interactive label *** Apply to case start.
2022-08-31 14:10:18.191 *** Mouse movement (LeftButton) ***  Mouse coords: (908, 313) (90782, 39637)
2022-08-31 14:10:18.267 *** Mouse movement (LeftButton) ***  Mouse coords: (880, 313) (90768, 39637)
2022-08-31 14:10:18.313 *** Mouse movement (LeftButton) ***  Mouse coords: (863, 311) (90773, 39636)
2022-08-31 14:10:18.357 *** Mouse movement (LeftButton) ***  Mouse coords: (857, 309) (90779, 39636)
2022-08-31 14:10:18.401 *** Mouse movement (LeftButton) ***  Mouse coords: (857, 309) (90782, 39637)
2022-08-31 14:10:18.439 *** Mouse movement (LeftButton) ***  Mouse coords: (857, 309) (90782, 39637)
2022-08-31 14:10:18.475 *** Mouse movement (LeftButton) ***  Mouse coords: (857, 309) (90782, 39637)
2022-08-31 14:10:19.960 *** Mouse movement (LeftButton) ***  Mouse coords: (951, 320) (90830, 39642)
2022-08-31 14:10:20.064 *** Mouse movement (LeftButton) ***  Mouse coords: (952, 320) (90830, 39642)
2022-08-31 14:10:20.103 *** Mouse movement (LeftButton) ***  Mouse coords: (952, 303) (90830, 39634)
2022-08-31 14:10:20.146 *** Mouse movement (LeftButton) ***  Mouse coords: (952, 268) (90830, 39624)
2022-08-31 14:10:20.191 *** Mouse movement (LeftButton) ***  Mouse coords: (952, 256) (90830, 39636)
2022-08-31 14:10:22.876 *** Mouse movement (LeftButton) ***  Mouse coords: (817, 389) (90762, 39709)
2022-08-31 14:10:23.451 *** Keyboard input *** key pressed: key: 78; text: "n"
2022-08-31 14:10:24.335 *** Mouse movement (LeftButton) ***  Mouse coords: (864, 376) (90786, 39703)
2022-08-31 14:10:24.456 *** Mouse movement (LeftButton) ***  Mouse coords: (864, 376) (90786, 39703)
2022-08-31 14:10:24.501 *** Mouse movement (LeftButton) ***  Mouse coords: (858, 371) (90783, 39700)
2022-08-31 14:10:24.549 *** Mouse movement (LeftButton) ***  Mouse coords: (848, 339) (90781, 39687)
2022-08-31 14:10:24.598 *** Mouse movement (LeftButton) ***  Mouse coords: (847, 328) (90785, 39697)
2022-08-31 14:10:25.302 *** Keyboard input *** key pressed: key: 77; text: "m"
2022-08-31 14:10:25.308 *** Process image overlay spent 0.00 seconds.
2022-08-31 14:10:25.311 *** Get cell color spent 0.00 seconds.
2022-08-31 14:10:26.053 *** Mouse movement (LeftButton) ***  Mouse coords: (851, 337) (90788, 39708)
2022-08-31 14:10:26.089 *** Process image overlay spent 0.00 seconds.
2022-08-31 14:10:26.090 *** Get cell color spent 0.00 seconds.
2022-08-31 14:10:26.156 *** Mouse movement (LeftButton) ***  Mouse coords: (851, 337) (90788, 39708)
2022-08-31 14:10:26.177 *** Process image overlay spent 0.00 seconds.
2022-08-31 14:10:26.178 *** Get cell color spent 0.00 seconds.
2022-08-31 14:10:26.201 *** Mouse movement (LeftButton) ***  Mouse coords: (848, 348) (90787, 39714)
2022-08-31 14:10:26.204 *** Process image overlay spent 0.00 seconds.
2022-08-31 14:10:26.206 *** Get cell color spent 0.00 seconds.
2022-08-31 14:10:26.235 *** Process image overlay spent 0.00 seconds.
2022-08-31 14:10:26.236 *** Get cell color spent 0.00 seconds.
2022-08-31 14:10:26.258 *** Mouse movement (LeftButton) ***  Mouse coords: (800, 384) (90764, 39726)
2022-08-31 14:10:26.261 *** Process image overlay spent 0.00 seconds.
2022-08-31 14:10:26.262 *** Get cell color spent 0.00 seconds.
2022-08-31 14:10:26.292 *** Process image overlay spent 0.00 seconds.
2022-08-31 14:10:26.293 *** Get cell color spent 0.00 seconds.
2022-08-31 14:10:26.317 *** Mouse movement (LeftButton) ***  Mouse coords: (773, 389) (90774, 39710)
2022-08-31 14:10:26.320 *** Process image overlay spent 0.00 seconds.
2022-08-31 14:10:26.321 *** Get cell color spent 0.00 seconds.
2022-08-31 14:10:26.354 *** Process image overlay spent 0.00 seconds.
2022-08-31 14:10:26.355 *** Get cell color spent 0.00 seconds.
2022-08-31 14:10:26.377 *** Mouse movement (LeftButton) ***  Mouse coords: (772, 389) (90788, 39708)
2022-08-31 14:10:26.380 *** Process image overlay spent 0.00 seconds.
2022-08-31 14:10:26.381 *** Get cell color spent 0.00 seconds.
2022-08-31 14:10:26.404 *** Mouse movement (LeftButton) ***  Mouse coords: (772, 389) (90788, 39708)
2022-08-31 14:10:26.407 *** Process image overlay spent 0.00 seconds.
2022-08-31 14:10:26.409 *** Get cell color spent 0.00 seconds.
2022-08-31 14:10:26.433 *** Mouse movement (LeftButton) ***  Mouse coords: (772, 388) (90788, 39708)
2022-08-31 14:10:26.437 *** Process image overlay spent 0.00 seconds.
2022-08-31 14:10:26.438 *** Get cell color spent 0.00 seconds.
2022-08-31 14:10:27.920 *** Mouse movement (LeftButton) ***  Mouse coords: (838, 433) (90821, 39730)
2022-08-31 14:10:27.961 *** Process image overlay spent 0.00 seconds.
2022-08-31 14:10:27.962 *** Get cell color spent 0.00 seconds.
2022-08-31 14:10:28.092 *** Interactive label *** (double click) click on screen. screen: (838, 434); slide: (90821, 39731). case_id: 20220722_Eric_Yang, slide_id: 3BQMJY_44661.svs, Nuclei index selected: 398266
2022-08-31 14:10:28.108 *** Interactive label *** Apply to case start.
2022-08-31 14:10:29.035 *** Mouse movement (LeftButton) ***  Mouse coords: (751, 437) (90777, 39732)
2022-08-31 14:10:29.068 *** Process image overlay spent 0.00 seconds.
2022-08-31 14:10:29.070 *** Get cell color spent 0.00 seconds.
2022-08-31 14:10:29.165 *** Mouse movement (LeftButton) ***  Mouse coords: (751, 436) (90777, 39732)
2022-08-31 14:10:29.187 *** Process image overlay spent 0.00 seconds.
2022-08-31 14:10:29.188 *** Get cell color spent 0.00 seconds.
2022-08-31 14:10:29.213 *** Mouse movement (LeftButton) ***  Mouse coords: (750, 423) (90776, 39725)
2022-08-31 14:10:29.216 *** Process image overlay spent 0.00 seconds.
2022-08-31 14:10:29.217 *** Get cell color spent 0.00 seconds.
2022-08-31 14:10:29.248 *** Process image overlay spent 0.00 seconds.
2022-08-31 14:10:29.249 *** Get cell color spent 0.00 seconds.
2022-08-31 14:10:29.271 *** Mouse movement (LeftButton) ***  Mouse coords: (750, 413) (90777, 39727)
2022-08-31 14:10:29.274 *** Process image overlay spent 0.00 seconds.
2022-08-31 14:10:29.275 *** Get cell color spent 0.00 seconds.
2022-08-31 14:10:29.308 *** Process image overlay spent 0.00 seconds.
2022-08-31 14:10:29.309 *** Get cell color spent 0.00 seconds.
2022-08-31 14:10:30.274 *** Mouse movement (LeftButton) ***  Mouse coords: (753, 417) (90779, 39734)
2022-08-31 14:10:30.293 *** Process image overlay spent 0.00 seconds.
2022-08-31 14:10:30.294 *** Get cell color spent 0.00 seconds.
2022-08-31 14:10:30.373 *** Mouse movement (LeftButton) ***  Mouse coords: (753, 417) (90779, 39734)
2022-08-31 14:10:30.392 *** Process image overlay spent 0.00 seconds.
2022-08-31 14:10:30.393 *** Get cell color spent 0.00 seconds.
2022-08-31 14:10:30.419 *** Mouse movement (LeftButton) ***  Mouse coords: (753, 436) (90779, 39744)
2022-08-31 14:10:30.422 *** Process image overlay spent 0.00 seconds.
2022-08-31 14:10:30.423 *** Get cell color spent 0.00 seconds.
2022-08-31 14:10:30.456 *** Process image overlay spent 0.00 seconds.
2022-08-31 14:10:30.457 *** Get cell color spent 0.00 seconds.
2022-08-31 14:10:30.478 *** Mouse movement (LeftButton) ***  Mouse coords: (750, 457) (90777, 39744)
2022-08-31 14:10:30.481 *** Process image overlay spent 0.00 seconds.
2022-08-31 14:10:30.482 *** Get cell color spent 0.00 seconds.
2022-08-31 14:10:30.514 *** Process image overlay spent 0.00 seconds.
2022-08-31 14:10:30.516 *** Get cell color spent 0.00 seconds.
2022-08-31 14:10:30.537 *** Mouse movement (LeftButton) ***  Mouse coords: (744, 462) (90776, 39737)
2022-08-31 14:10:30.541 *** Process image overlay spent 0.00 seconds.
2022-08-31 14:10:30.542 *** Get cell color spent 0.00 seconds.
2022-08-31 14:10:30.573 *** Process image overlay spent 0.00 seconds.
2022-08-31 14:10:30.574 *** Get cell color spent 0.00 seconds.
2022-08-31 14:10:30.596 *** Mouse movement (LeftButton) ***  Mouse coords: (741, 463) (90778, 39734)
2022-08-31 14:10:30.599 *** Process image overlay spent 0.00 seconds.
2022-08-31 14:10:30.600 *** Get cell color spent 0.00 seconds.
2022-08-31 14:10:30.632 *** Process image overlay spent 0.00 seconds.
2022-08-31 14:10:30.633 *** Get cell color spent 0.00 seconds.
2022-08-31 14:10:30.654 *** Mouse movement (LeftButton) ***  Mouse coords: (740, 463) (90778, 39734)
2022-08-31 14:10:30.657 *** Process image overlay spent 0.00 seconds.
2022-08-31 14:10:30.659 *** Get cell color spent 0.00 seconds.
2022-08-31 14:10:30.689 *** Process image overlay spent 0.00 seconds.
2022-08-31 14:10:30.690 *** Get cell color spent 0.00 seconds.
2022-08-31 14:10:30.712 *** Mouse movement (LeftButton) ***  Mouse coords: (738, 460) (90778, 39733)
2022-08-31 14:10:30.715 *** Process image overlay spent 0.00 seconds.
2022-08-31 14:10:30.717 *** Get cell color spent 0.00 seconds.
2022-08-31 14:10:30.751 *** Process image overlay spent 0.00 seconds.
2022-08-31 14:10:30.753 *** Get cell color spent 0.00 seconds.
2022-08-31 14:10:31.529 *** Interactive label *** (double click) click on screen. screen: (843, 540); slide: (90832, 39774). case_id: 20220722_Eric_Yang, slide_id: 3BQMJY_44661.svs, Nuclei index selected: 399313
2022-08-31 14:10:31.552 *** Interactive label *** Apply to case start.
2022-08-31 14:11:15.334 *** Program closed.
