2022-08-14 15:50:12.228 *** Start program *** Start program
2022-08-14 15:50:21.568 *** Open case *** /media/zhihuang/Drive14/Google_Colon_lnm_pos_2015_slides/slides/S0425
2022-08-14 15:50:24.029 *** Open processed data
2022-08-14 15:50:24.031 *** Preload all statistics at once.
2022-08-14 15:50:24.868 *** Nuclei stat data loaded, took 0.84 seconds. Total number of nuclei: 954361
2022-08-14 15:50:32.008 *** Mouse movement (LeftButton) ***  Mouse coords: (863, 479) (30953, 44722)
2022-08-14 15:50:32.019 *** Mouse movement (LeftButton) ***  Mouse coords: (868, 478) (30969, 44719)
2022-08-14 15:50:32.085 *** Mouse movement (LeftButton) ***  Mouse coords: (868, 477) (30969, 44716)
2022-08-14 15:50:32.118 *** Mouse movement (LeftButton) ***  Mouse coords: (871, 466) (30979, 44681)
2022-08-14 15:50:32.340 *** Mouse movement (LeftButton) ***  Mouse coords: (938, 278) (31192, 44083)
2022-08-14 15:50:32.378 *** Mouse movement (LeftButton) ***  Mouse coords: (938, 276) (31192, 44076)
2022-08-14 15:50:32.536 *** Mouse movement (LeftButton) ***  Mouse coords: (803, 93) (30762, 43494)
2022-08-14 15:50:32.552 *** Mouse movement (LeftButton) ***  Mouse coords: (802, 93) (30759, 43494)
2022-08-14 15:50:43.665 *** Mouse movement (LeftButton) ***  Mouse coords: (765, 293) (30954, 43979)
2022-08-14 15:50:43.685 *** Mouse movement (LeftButton) ***  Mouse coords: (764, 293) (30955, 43979)
2022-08-14 15:50:43.703 *** Mouse movement (LeftButton) ***  Mouse coords: (763, 295) (30954, 43983)
2022-08-14 15:50:43.718 *** Mouse movement (LeftButton) ***  Mouse coords: (760, 302) (30950, 43992)
2022-08-14 15:50:43.735 *** Mouse movement (LeftButton) ***  Mouse coords: (757, 308) (30951, 43990)
2022-08-14 15:50:43.753 *** Mouse movement (LeftButton) ***  Mouse coords: (753, 316) (30949, 43993)
2022-08-14 15:50:43.768 *** Mouse movement (LeftButton) ***  Mouse coords: (744, 329) (30939, 44003)
2022-08-14 15:50:43.785 *** Mouse movement (LeftButton) ***  Mouse coords: (737, 339) (30944, 43997)
2022-08-14 15:50:43.801 *** Mouse movement (LeftButton) ***  Mouse coords: (732, 345) (30946, 43990)
2022-08-14 15:50:43.818 *** Mouse movement (LeftButton) ***  Mouse coords: (728, 349) (30949, 43986)
2022-08-14 15:50:43.835 *** Mouse movement (LeftButton) ***  Mouse coords: (725, 352) (30951, 43985)
2022-08-14 15:50:43.852 *** Mouse movement (LeftButton) ***  Mouse coords: (724, 354) (30954, 43982)
2022-08-14 15:50:43.869 *** Mouse movement (LeftButton) ***  Mouse coords: (723, 354) (30954, 43979)
