2022-09-11 03:09:45.431 *** Start program *** Start program
2022-09-11 03:09:52.649 *** Open case *** /home/zhihuang/Desktop/A14
2022-09-11 03:09:57.056 *** Open processed data
2022-09-11 03:09:57.057 *** Preload all statistics at once.
2022-09-11 03:09:58.515 *** Nuclei stat data loaded, took 1.46 seconds. Total number of nuclei: 1470268
2022-09-11 03:10:30.599 *** Mouse movement (LeftButton) ***  Mouse coords: (415, 224) (78890, 44602)
2022-09-11 03:10:30.616 *** Mouse movement (LeftButton) ***  Mouse coords: (433, 244) (78948, 44665)
2022-09-11 03:10:30.630 *** Mouse movement (LeftButton) ***  Mouse coords: (457, 264) (79024, 44729)
2022-09-11 03:10:30.641 *** Mouse movement (LeftButton) ***  Mouse coords: (477, 279) (79088, 44777)
2022-09-11 03:10:30.658 *** Mouse movement (LeftButton) ***  Mouse coords: (498, 294) (79155, 44825)
2022-09-11 03:10:30.675 *** Mouse movement (LeftButton) ***  Mouse coords: (505, 297) (79177, 44834)
2022-09-11 03:10:30.691 *** Mouse movement (LeftButton) ***  Mouse coords: (506, 298) (79180, 44837)
2022-09-11 03:10:30.713 *** Mouse movement (LeftButton) ***  Mouse coords: (506, 299) (79180, 44840)
2022-09-11 03:10:30.726 *** Mouse movement (LeftButton) ***  Mouse coords: (507, 300) (79183, 44844)
2022-09-11 03:10:30.742 *** Mouse movement (LeftButton) ***  Mouse coords: (508, 303) (79186, 44853)
2022-09-11 03:10:30.758 *** Mouse movement (LeftButton) ***  Mouse coords: (510, 306) (79193, 44863)
2022-09-11 03:10:30.775 *** Mouse movement (LeftButton) ***  Mouse coords: (514, 312) (79205, 44882)
2022-09-11 03:10:30.791 *** Mouse movement (LeftButton) ***  Mouse coords: (519, 317) (79221, 44898)
2022-09-11 03:10:30.808 *** Mouse movement (LeftButton) ***  Mouse coords: (522, 319) (79231, 44904)
2022-09-11 03:10:30.836 *** Mouse movement (LeftButton) ***  Mouse coords: (523, 320) (79234, 44907)
2022-09-11 03:10:30.843 *** Mouse movement (LeftButton) ***  Mouse coords: (523, 321) (79234, 44910)
2022-09-11 03:10:30.858 *** Mouse movement (LeftButton) ***  Mouse coords: (526, 324) (79244, 44920)
2022-09-11 03:10:30.875 *** Mouse movement (LeftButton) ***  Mouse coords: (533, 329) (79266, 44936)
2022-09-11 03:10:30.891 *** Mouse movement (LeftButton) ***  Mouse coords: (541, 336) (79291, 44958)
2022-09-11 03:10:30.908 *** Mouse movement (LeftButton) ***  Mouse coords: (543, 337) (79298, 44961)
2022-09-11 03:10:32.092 *** Interactive label *** Apply to case start.
2022-09-11 03:12:03.512 *** Mouse movement (LeftButton) ***  Mouse coords: (747, 66) (79947, 44099)
2022-09-11 03:12:03.519 *** Mouse movement (LeftButton) ***  Mouse coords: (747, 67) (79947, 44102)
2022-09-11 03:12:03.526 *** Mouse movement (LeftButton) ***  Mouse coords: (746, 68) (79944, 44105)
2022-09-11 03:12:03.541 *** Mouse movement (LeftButton) ***  Mouse coords: (746, 69) (79944, 44108)
2022-09-11 03:12:03.558 *** Mouse movement (LeftButton) ***  Mouse coords: (746, 72) (79944, 44118)
2022-09-11 03:12:03.575 *** Mouse movement (LeftButton) ***  Mouse coords: (746, 76) (79944, 44131)
2022-09-11 03:12:03.591 *** Mouse movement (LeftButton) ***  Mouse coords: (747, 80) (79947, 44143)
2022-09-11 03:12:03.608 *** Mouse movement (LeftButton) ***  Mouse coords: (751, 85) (79960, 44159)
2022-09-11 03:12:03.625 *** Mouse movement (LeftButton) ***  Mouse coords: (762, 98) (79995, 44201)
2022-09-11 03:12:03.641 *** Mouse movement (LeftButton) ***  Mouse coords: (778, 112) (80046, 44245)
2022-09-11 03:12:03.658 *** Mouse movement (LeftButton) ***  Mouse coords: (790, 122) (80084, 44277)
2022-09-11 03:12:03.675 *** Mouse movement (LeftButton) ***  Mouse coords: (798, 128) (80109, 44296)
2022-09-11 03:12:03.691 *** Mouse movement (LeftButton) ***  Mouse coords: (800, 130) (80116, 44303)
2022-09-11 03:12:05.235 *** Interactive label *** Apply to case start.
2022-09-11 03:12:11.932 *** Interactive label *** Apply to case done.
2022-09-11 03:12:15.222 *** Interactive label *** Apply to case finish overlay create.
2022-09-11 03:12:17.237 *** Interactive label *** Review annotations/active learning start.
2022-09-11 03:28:19.703 *** Program closed.
