2022-08-09 10:54:16.049 *** Start program *** Start program
2022-08-09 10:54:23.631 *** Open processed data
2022-08-09 10:54:23.631 *** Preload all statistics at once.
2022-08-09 10:54:24.754 *** Nuclei stat data loaded, took 1.12 seconds. Total number of nuclei: 1470268
2022-08-09 10:54:28.611 *** Mouse movement ***  Mouse coords: (339, 544) (37604, 69807)
2022-08-09 10:54:28.645 *** Mouse movement ***  Mouse coords: (336, 545) (37444, 69647)
2022-08-09 10:54:32.023 *** Mouse movement ***  Mouse coords: (348, 521) (-15145, -16679)
2022-08-09 10:54:32.706 *** Mouse movement ***  Mouse coords: (407, 533) (-15028, -16656)
2022-08-09 10:54:32.731 *** Mouse movement ***  Mouse coords: (409, 534) (-15024, -16654)
2022-08-09 10:54:32.745 *** Mouse movement ***  Mouse coords: (413, 538) (-15017, -16646)
2022-08-09 10:54:32.762 *** Mouse movement ***  Mouse coords: (417, 541) (-15009, -16640)
2022-08-09 10:54:32.778 *** Mouse movement ***  Mouse coords: (422, 544) (-14999, -16634)
2022-08-09 10:54:32.795 *** Mouse movement ***  Mouse coords: (430, 547) (-14983, -16628)
2022-08-09 10:54:32.812 *** Mouse movement ***  Mouse coords: (441, 550) (-14961, -16622)
2022-08-09 10:54:32.830 *** Mouse movement ***  Mouse coords: (444, 550) (-14955, -16622)
2022-08-09 10:54:32.845 *** Mouse movement ***  Mouse coords: (447, 551) (-14949, -16620)
2022-08-09 10:54:33.454 *** Process image overlay spent 0.01 seconds.
2022-08-09 10:54:33.457 *** Get cell color spent 0.00 seconds.
2022-08-09 10:54:33.477 *** Process image overlay spent 0.01 seconds.
2022-08-09 10:54:33.478 *** Get cell color spent 0.00 seconds.
2022-08-09 10:54:34.188 *** Process image overlay spent 0.01 seconds.
2022-08-09 10:54:34.190 *** Get cell color spent 0.00 seconds.
2022-08-09 10:54:34.220 *** Process image overlay spent 0.01 seconds.
2022-08-09 10:54:34.222 *** Get cell color spent 0.00 seconds.
2022-08-09 10:54:35.071 *** Process image overlay spent 0.01 seconds.
2022-08-09 10:54:35.072 *** Get cell color spent 0.00 seconds.
2022-08-09 10:54:35.136 *** Process image overlay spent 0.01 seconds.
2022-08-09 10:54:35.137 *** Get cell color spent 0.00 seconds.
2022-08-09 10:54:36.178 *** Mouse movement ***  Mouse coords: (832, 291) (28539, 62746)
2022-08-09 10:54:36.195 *** Mouse movement ***  Mouse coords: (827, 295) (28531, 62752)
2022-08-09 10:54:36.211 *** Mouse movement ***  Mouse coords: (808, 304) (28504, 62762)
2022-08-09 10:54:36.227 *** Mouse movement ***  Mouse coords: (781, 314) (28487, 62763)
2022-08-09 10:54:36.244 *** Mouse movement ***  Mouse coords: (757, 323) (28493, 62762)
2022-08-09 10:54:36.261 *** Mouse movement ***  Mouse coords: (682, 346) (28393, 62790)
2022-08-09 10:54:36.277 *** Mouse movement ***  Mouse coords: (629, 370) (28436, 62792)
2022-08-09 10:54:36.294 *** Mouse movement ***  Mouse coords: (583, 392) (28449, 62787)
2022-08-09 10:54:36.311 *** Mouse movement ***  Mouse coords: (542, 413) (28460, 62786)
2022-08-09 10:54:36.327 *** Mouse movement ***  Mouse coords: (492, 435) (28442, 62787)
2022-08-09 10:54:36.344 *** Mouse movement ***  Mouse coords: (425, 459) (28408, 62792)
2022-08-09 10:54:36.361 *** Mouse movement ***  Mouse coords: (402, 466) (28495, 62758)
2022-08-09 10:54:36.377 *** Mouse movement ***  Mouse coords: (373, 474) (28484, 62760)
2022-08-09 10:54:36.394 *** Mouse movement ***  Mouse coords: (358, 478) (28511, 62752)
2022-08-09 10:54:36.411 *** Mouse movement ***  Mouse coords: (352, 479) (28529, 62746)
2022-08-09 10:54:36.434 *** Process image overlay spent 0.01 seconds.
2022-08-09 10:54:36.437 *** Get cell color spent 0.00 seconds.
2022-08-09 10:54:36.505 *** Process image overlay spent 0.01 seconds.
2022-08-09 10:54:36.508 *** Get cell color spent 0.00 seconds.
2022-08-09 10:54:36.864 *** Process image overlay spent 0.02 seconds.
2022-08-09 10:54:36.877 *** Get cell color spent 0.01 seconds.
2022-08-09 10:54:37.018 *** Process image overlay spent 0.01 seconds.
2022-08-09 10:54:37.040 *** Get cell color spent 0.02 seconds.
2022-08-09 10:54:37.135 *** Process image overlay spent 0.01 seconds.
2022-08-09 10:54:37.156 *** Get cell color spent 0.02 seconds.
2022-08-09 10:54:37.603 *** Mouse movement ***  Mouse coords: (741, 278) (29820, 62264)
2022-08-09 10:54:37.629 *** Mouse movement ***  Mouse coords: (740, 281) (29814, 62276)
2022-08-09 10:54:37.645 *** Mouse movement ***  Mouse coords: (739, 282) (29814, 62264)
2022-08-09 10:54:37.661 *** Mouse movement ***  Mouse coords: (738, 283) (29814, 62264)
2022-08-09 10:54:37.678 *** Mouse movement ***  Mouse coords: (737, 285) (29814, 62270)
2022-08-09 10:54:37.701 *** Mouse movement ***  Mouse coords: (736, 287) (29814, 62270)
2022-08-09 10:54:37.711 *** Mouse movement ***  Mouse coords: (733, 289) (29802, 62271)
2022-08-09 10:54:37.727 *** Mouse movement ***  Mouse coords: (727, 295) (29783, 62294)
2022-08-09 10:54:37.744 *** Mouse movement ***  Mouse coords: (717, 308) (29760, 62337)
2022-08-09 10:54:37.761 *** Mouse movement ***  Mouse coords: (701, 323) (29722, 62349)
2022-08-09 10:54:37.777 *** Mouse movement ***  Mouse coords: (682, 342) (29705, 62374)
2022-08-09 10:54:37.794 *** Mouse movement ***  Mouse coords: (666, 354) (29723, 62330)
2022-08-09 10:54:37.811 *** Mouse movement ***  Mouse coords: (649, 365) (29717, 62325)
2022-08-09 10:54:37.827 *** Mouse movement ***  Mouse coords: (637, 371) (29747, 62295)
2022-08-09 10:54:37.844 *** Mouse movement ***  Mouse coords: (609, 387) (29650, 62355)
2022-08-09 10:54:37.861 *** Mouse movement ***  Mouse coords: (594, 395) (29729, 62306)
2022-08-09 10:54:37.878 *** Mouse movement ***  Mouse coords: (586, 398) (29771, 62277)
2022-08-09 10:54:37.898 *** Mouse movement ***  Mouse coords: (575, 405) (29753, 62300)
2022-08-09 10:54:37.913 *** Mouse movement ***  Mouse coords: (574, 405) (29814, 62258)
2022-08-09 10:54:37.952 *** Process image overlay spent 0.01 seconds.
2022-08-09 10:54:38.008 *** Get cell color spent 0.06 seconds.
2022-08-09 10:54:38.101 *** Process image overlay spent 0.01 seconds.
2022-08-09 10:54:38.128 *** Get cell color spent 0.03 seconds.
2022-08-09 10:54:38.946 *** Mouse movement ***  Mouse coords: (638, 361) (30209, 61991)
2022-08-09 10:54:38.978 *** Mouse movement ***  Mouse coords: (624, 368) (30130, 62033)
2022-08-09 10:54:38.995 *** Mouse movement ***  Mouse coords: (607, 378) (30112, 62052)
2022-08-09 10:54:39.011 *** Mouse movement ***  Mouse coords: (591, 384) (30117, 62028)
2022-08-09 10:54:39.027 *** Mouse movement ***  Mouse coords: (570, 394) (30088, 62051)
2022-08-09 10:54:39.045 *** Mouse movement ***  Mouse coords: (538, 409) (30021, 62082)
2022-08-09 10:54:39.064 *** Mouse movement ***  Mouse coords: (519, 420) (30099, 62058)
2022-08-09 10:54:39.077 *** Mouse movement ***  Mouse coords: (507, 426) (30142, 62028)
2022-08-09 10:54:39.094 *** Mouse movement ***  Mouse coords: (492, 433) (30124, 62033)
2022-08-09 10:54:39.111 *** Mouse movement ***  Mouse coords: (481, 436) (30148, 62009)
2022-08-09 10:54:39.127 *** Mouse movement ***  Mouse coords: (478, 437) (30197, 61997)
2022-08-09 10:54:39.171 *** Process image overlay spent 0.02 seconds.
2022-08-09 10:54:39.215 *** Get cell color spent 0.04 seconds.
2022-08-09 10:54:39.364 *** Process image overlay spent 0.01 seconds.
2022-08-09 10:54:39.418 *** Get cell color spent 0.05 seconds.
2022-08-09 10:54:40.985 *** Mouse movement ***  Mouse coords: (479, 460) (30221, 62131)
2022-08-09 10:54:40.994 *** Mouse movement ***  Mouse coords: (478, 460) (30215, 62125)
2022-08-09 10:54:41.020 *** Process image overlay spent 0.01 seconds.
2022-08-09 10:54:41.058 *** Get cell color spent 0.04 seconds.
2022-08-09 10:54:41.195 *** Mouse movement ***  Mouse coords: (473, 464) (30191, 62149)
2022-08-09 10:54:41.212 *** Mouse movement ***  Mouse coords: (472, 465) (30215, 62131)
2022-08-09 10:54:41.229 *** Mouse movement ***  Mouse coords: (472, 466) (30221, 62132)
2022-08-09 10:54:41.245 *** Mouse movement ***  Mouse coords: (471, 466) (30215, 62125)
2022-08-09 10:54:41.281 *** Process image overlay spent 0.01 seconds.
2022-08-09 10:54:41.319 *** Get cell color spent 0.04 seconds.
2022-08-09 10:54:41.469 *** Process image overlay spent 0.01 seconds.
2022-08-09 10:54:41.522 *** Get cell color spent 0.05 seconds.
2022-08-09 10:54:45.835 *** Process image overlay spent 0.01 seconds.
2022-08-09 10:54:45.849 *** Get cell color spent 0.01 seconds.
2022-08-09 10:54:46.077 *** Process image overlay spent 0.01 seconds.
2022-08-09 10:54:46.091 *** Get cell color spent 0.01 seconds.
2022-08-09 10:54:47.102 *** Process image overlay spent 0.01 seconds.
2022-08-09 10:54:47.136 *** Get cell color spent 0.03 seconds.
2022-08-09 10:54:47.286 *** Process image overlay spent 0.01 seconds.
2022-08-09 10:54:47.337 *** Get cell color spent 0.05 seconds.
2022-08-09 10:54:47.868 *** Process image overlay spent 0.01 seconds.
2022-08-09 10:54:47.986 *** Get cell color spent 0.12 seconds.
2022-08-09 10:54:48.264 *** Process image overlay spent 0.01 seconds.
2022-08-09 10:54:48.379 *** Get cell color spent 0.11 seconds.
2022-08-09 10:54:49.304 *** Mouse movement ***  Mouse coords: (576, 488) (31070, 62367)
2022-08-09 10:54:49.328 *** Mouse movement ***  Mouse coords: (573, 494) (31038, 62421)
2022-08-09 10:54:49.345 *** Mouse movement ***  Mouse coords: (570, 498) (31038, 62400)
2022-08-09 10:54:49.361 *** Mouse movement ***  Mouse coords: (557, 511) (30932, 62495)
2022-08-09 10:54:49.377 *** Mouse movement ***  Mouse coords: (546, 522) (30953, 62474)
2022-08-09 10:54:49.394 *** Mouse movement ***  Mouse coords: (533, 534) (30932, 62484)
2022-08-09 10:54:49.411 *** Mouse movement ***  Mouse coords: (518, 545) (30911, 62474)
2022-08-09 10:54:49.432 *** Mouse movement ***  Mouse coords: (495, 560) (30825, 62517)
2022-08-09 10:54:49.444 *** Mouse movement ***  Mouse coords: (490, 562) (31017, 62378)
2022-08-09 10:54:49.461 *** Mouse movement ***  Mouse coords: (477, 570) (30932, 62442)
2022-08-09 10:54:49.477 *** Mouse movement ***  Mouse coords: (472, 573) (31017, 62389)
2022-08-09 10:54:49.495 *** Mouse movement ***  Mouse coords: (471, 573) (31059, 62357)
2022-08-09 10:54:49.530 *** Process image overlay spent 0.01 seconds.
2022-08-09 10:54:49.659 *** Get cell color spent 0.13 seconds.
2022-08-09 10:54:49.956 *** Process image overlay spent 0.01 seconds.
2022-08-09 10:54:50.083 *** Get cell color spent 0.13 seconds.
2022-08-09 10:54:51.684 *** Program closed.
