2022-08-12 12:12:43.181 *** Start program *** Start program
2022-08-12 12:12:49.692 *** Open case *** /media/zhihuang/Drive14/Google_Colon_lnm_pos_2015_slides/slides/S0425
2022-08-12 12:12:52.480 *** Open processed data
2022-08-12 12:12:52.481 *** Preload all statistics at once.
2022-08-12 12:12:53.305 *** Nuclei stat data loaded, took 0.82 seconds. Total number of nuclei: 954361
2022-08-12 12:12:57.987 *** Keyboard input *** key pressed: key: 68; text: "d"
2022-08-12 12:12:59.502 *** Keyboard input *** key pressed: key: 65; text: "a"
2022-08-12 12:13:01.084 *** Keyboard input *** key pressed: key: 65; text: "a"
2022-08-12 12:13:02.108 *** Keyboard input *** key pressed: key: 68; text: "d"
2022-08-12 12:13:03.824 *** Keyboard input *** key pressed: key: 65; text: "a"
2022-08-12 12:13:04.888 *** Keyboard input *** key pressed: key: 68; text: "d"
2022-08-12 12:13:06.500 *** Keyboard input *** key pressed: key: 65; text: "a"
2022-08-12 12:13:07.382 *** Keyboard input *** key pressed: key: 68; text: "d"
2022-08-12 12:16:11.921 *** Process image overlay spent 0.00 seconds.
2022-08-12 12:16:11.941 *** Get cell color spent 0.02 seconds.
2022-08-12 12:16:11.961 *** Process image overlay spent 0.00 seconds.
2022-08-12 12:16:11.965 *** Get cell color spent 0.00 seconds.
2022-08-12 12:16:12.152 *** Process image overlay spent 0.00 seconds.
2022-08-12 12:16:12.154 *** Get cell color spent 0.00 seconds.
2022-08-12 12:16:12.220 *** Process image overlay spent 0.00 seconds.
2022-08-12 12:16:12.221 *** Get cell color spent 0.00 seconds.
2022-08-12 12:16:12.237 *** Process image overlay spent 0.00 seconds.
2022-08-12 12:16:12.238 *** Get cell color spent 0.00 seconds.
2022-08-12 12:16:12.301 *** Process image overlay spent 0.00 seconds.
2022-08-12 12:16:12.303 *** Get cell color spent 0.00 seconds.
2022-08-12 12:16:12.551 *** Process image overlay spent 0.02 seconds.
2022-08-12 12:16:12.555 *** Get cell color spent 0.00 seconds.
2022-08-12 12:16:12.576 *** Process image overlay spent 0.01 seconds.
2022-08-12 12:16:12.578 *** Get cell color spent 0.00 seconds.
2022-08-12 12:16:12.598 *** Process image overlay spent 0.01 seconds.
2022-08-12 12:16:12.600 *** Get cell color spent 0.00 seconds.
2022-08-12 12:16:12.606 *** Process image overlay spent 0.00 seconds.
2022-08-12 12:16:12.607 *** Get cell color spent 0.00 seconds.
2022-08-12 12:16:12.619 *** Process image overlay spent 0.00 seconds.
2022-08-12 12:16:12.620 *** Get cell color spent 0.00 seconds.
2022-08-12 12:16:13.635 *** Keyboard input *** key pressed: key: 68; text: "d"
2022-08-12 12:16:13.647 *** Process image overlay spent 0.00 seconds.
2022-08-12 12:16:13.648 *** Get cell color spent 0.00 seconds.
2022-08-12 12:16:13.668 *** Process image overlay spent 0.00 seconds.
2022-08-12 12:16:13.669 *** Get cell color spent 0.00 seconds.
2022-08-12 12:16:15.116 *** Process image overlay spent 0.00 seconds.
2022-08-12 12:16:15.117 *** Get cell color spent 0.00 seconds.
2022-08-12 12:16:15.157 *** Process image overlay spent 0.00 seconds.
2022-08-12 12:16:15.158 *** Get cell color spent 0.00 seconds.
2022-08-12 12:16:16.479 *** Interactive label *** (double click) click on screen. screen: (502, 258); slide: (48927, 61165). case_id: S0425, slide_id: A9, Nuclei index selected: 749364
2022-08-12 12:16:16.488 *** Interactive label *** Apply to case start.
2022-08-12 12:16:18.305 *** Interactive label *** Apply to case done.
2022-08-12 12:16:20.528 *** Interactive label *** Apply to case finish overlay create.
2022-08-12 12:16:20.533 *** Process image overlay spent 0.00 seconds.
2022-08-12 12:16:20.534 *** Get cell color spent 0.00 seconds.
2022-08-12 12:16:20.542 *** Interactive label *** (double click) click on screen. screen: (502, 258); slide: (48927, 61165). case_id: S0425, slide_id: A9, Nuclei index selected: 749364
2022-08-12 12:16:20.543 *** Interactive label *** Apply to case start.
2022-08-12 12:16:20.548 *** Interactive label *** (double click) click on screen. screen: (502, 258); slide: (48927, 61165). case_id: S0425, slide_id: A9, Nuclei index selected: 749364
2022-08-12 12:16:20.556 *** Interactive label *** Apply to case start.
2022-08-12 12:16:20.556 *** Interactive label *** Apply to case finish overlay create.
2022-08-12 12:16:20.560 *** Process image overlay spent 0.00 seconds.
2022-08-12 12:16:20.561 *** Get cell color spent 0.00 seconds.
2022-08-12 12:16:24.595 *** Keyboard input *** key pressed: key: 68; text: "d"
2022-08-12 12:16:24.606 *** Process image overlay spent 0.00 seconds.
2022-08-12 12:16:24.607 *** Get cell color spent 0.00 seconds.
2022-08-12 12:16:24.612 *** Process image overlay spent 0.00 seconds.
2022-08-12 12:16:24.613 *** Get cell color spent 0.00 seconds.
2022-08-12 12:16:35.576 *** Keyboard input *** key pressed: key: 65; text: "a"
2022-08-12 12:16:35.588 *** Process image overlay spent 0.00 seconds.
2022-08-12 12:16:35.589 *** Get cell color spent 0.00 seconds.
2022-08-12 12:16:35.594 *** Process image overlay spent 0.00 seconds.
2022-08-12 12:16:35.595 *** Get cell color spent 0.00 seconds.
2022-08-12 12:16:36.357 *** Keyboard input *** key pressed: key: 68; text: "d"
2022-08-12 12:16:36.370 *** Process image overlay spent 0.00 seconds.
2022-08-12 12:16:36.371 *** Get cell color spent 0.00 seconds.
2022-08-12 12:16:36.376 *** Process image overlay spent 0.00 seconds.
2022-08-12 12:16:36.377 *** Get cell color spent 0.00 seconds.
2022-08-12 12:16:36.954 *** Keyboard input *** key pressed: key: 83; text: "s"
2022-08-12 12:16:36.967 *** Process image overlay spent 0.01 seconds.
2022-08-12 12:16:36.968 *** Get cell color spent 0.00 seconds.
2022-08-12 12:16:36.978 *** Process image overlay spent 0.00 seconds.
2022-08-12 12:16:36.979 *** Get cell color spent 0.00 seconds.
2022-08-12 12:16:37.579 *** Keyboard input *** key pressed: key: 65; text: "a"
2022-08-12 12:16:37.592 *** Process image overlay spent 0.00 seconds.
2022-08-12 12:16:37.593 *** Get cell color spent 0.00 seconds.
2022-08-12 12:16:37.598 *** Process image overlay spent 0.00 seconds.
2022-08-12 12:16:37.599 *** Get cell color spent 0.00 seconds.
2022-08-12 12:16:38.143 *** Keyboard input *** key pressed: key: 83; text: "s"
2022-08-12 12:16:38.156 *** Process image overlay spent 0.00 seconds.
2022-08-12 12:16:38.157 *** Get cell color spent 0.00 seconds.
2022-08-12 12:16:38.162 *** Process image overlay spent 0.00 seconds.
2022-08-12 12:16:38.163 *** Get cell color spent 0.00 seconds.
2022-08-12 12:16:38.525 *** Keyboard input *** key pressed: key: 83; text: "s"
2022-08-12 12:16:38.540 *** Process image overlay spent 0.00 seconds.
2022-08-12 12:16:38.542 *** Get cell color spent 0.00 seconds.
2022-08-12 12:16:38.547 *** Process image overlay spent 0.00 seconds.
2022-08-12 12:16:38.548 *** Get cell color spent 0.00 seconds.
2022-08-12 12:16:38.853 *** Keyboard input *** key pressed: key: 83; text: "s"
2022-08-12 12:16:38.865 *** Process image overlay spent 0.00 seconds.
2022-08-12 12:16:38.866 *** Get cell color spent 0.00 seconds.
2022-08-12 12:16:38.872 *** Process image overlay spent 0.00 seconds.
2022-08-12 12:16:38.873 *** Get cell color spent 0.00 seconds.
2022-08-12 12:16:39.740 *** Keyboard input *** key pressed: key: 83; text: "s"
2022-08-12 12:16:39.751 *** Process image overlay spent 0.00 seconds.
2022-08-12 12:16:39.752 *** Get cell color spent 0.00 seconds.
2022-08-12 12:16:39.757 *** Process image overlay spent 0.00 seconds.
2022-08-12 12:16:39.758 *** Get cell color spent 0.00 seconds.
2022-08-12 12:16:40.375 *** Keyboard input *** key pressed: key: 83; text: "s"
2022-08-12 12:16:40.388 *** Process image overlay spent 0.00 seconds.
2022-08-12 12:16:40.389 *** Get cell color spent 0.00 seconds.
2022-08-12 12:16:40.394 *** Process image overlay spent 0.00 seconds.
2022-08-12 12:16:40.395 *** Get cell color spent 0.00 seconds.
2022-08-12 12:25:50.447 *** Program closed.
