2022-09-07 19:25:52.502 *** Start program *** Start program
2022-09-07 19:26:17.204 *** Open case *** /home/zhihuang/Desktop/A14
2022-09-07 19:26:19.664 *** Open processed data
2022-09-07 19:26:19.664 *** Preload all statistics at once.
2022-09-07 19:26:27.325 *** Nuclei stat data loaded, took 7.66 seconds. Total number of nuclei: 1470268
2022-09-07 19:26:41.199 *** Keyboard input *** key pressed: key: 16777249; text: ""
2022-09-07 19:26:42.156 *** Keyboard input *** key pressed: key: 90; text: "z"
2022-09-07 19:26:42.200 *** Process image overlay spent 0.04 seconds.
2022-09-07 19:26:42.202 *** Get cell color spent 0.00 seconds.
2022-09-07 19:26:42.246 *** Keyboard input *** key pressed: key: 88; text: "x"
2022-09-07 19:26:42.628 *** Keyboard input *** key pressed: key: 90; text: "z"
2022-09-07 19:26:42.930 *** Keyboard input *** key pressed: key: 90; text: "z"
2022-09-07 19:26:42.944 *** Process image overlay spent 0.01 seconds.
2022-09-07 19:26:42.947 *** Get cell color spent 0.00 seconds.
2022-09-07 19:26:43.127 *** Keyboard input *** key pressed: key: 90; text: "z"
2022-09-07 19:26:43.324 *** Keyboard input *** key pressed: key: 90; text: "z"
2022-09-07 19:26:43.341 *** Process image overlay spent 0.02 seconds.
2022-09-07 19:26:43.343 *** Get cell color spent 0.00 seconds.
2022-09-07 19:26:43.538 *** Keyboard input *** key pressed: key: 90; text: "z"
2022-09-07 19:26:43.856 *** Keyboard input *** key pressed: key: 88; text: "x"
2022-09-07 19:26:44.130 *** Keyboard input *** key pressed: key: 88; text: "x"
2022-09-07 19:26:44.363 *** Keyboard input *** key pressed: key: 88; text: "x"
2022-09-07 19:26:44.665 *** Keyboard input *** key pressed: key: 88; text: "x"
2022-09-07 19:26:45.825 *** Keyboard input *** key pressed: key: 88; text: "x"
2022-09-07 19:26:46.201 *** Keyboard input *** key pressed: key: 88; text: "x"
2022-09-07 19:26:46.857 *** Keyboard input *** key pressed: key: 90; text: "z"
2022-09-07 19:26:46.871 *** Process image overlay spent 0.01 seconds.
2022-09-07 19:26:46.879 *** Get cell color spent 0.01 seconds.
2022-09-07 19:26:47.275 *** Keyboard input *** key pressed: key: 90; text: "z"
2022-09-07 19:26:47.615 *** Keyboard input *** key pressed: key: 90; text: "z"
2022-09-07 19:26:47.631 *** Process image overlay spent 0.01 seconds.
2022-09-07 19:26:47.639 *** Get cell color spent 0.01 seconds.
2022-09-07 19:26:47.884 *** Keyboard input *** key pressed: key: 90; text: "z"
2022-09-07 19:26:52.287 *** Mouse movement (LeftButton) ***  Mouse coords: (1180, 118) (79157, 21448)
2022-09-07 19:26:52.312 *** Mouse movement (LeftButton) ***  Mouse coords: (1154, 154) (75661, 26153)
2022-09-07 19:26:52.329 *** Mouse movement (LeftButton) ***  Mouse coords: (1110, 208) (73241, 28573)
2022-09-07 19:26:52.347 *** Mouse movement (LeftButton) ***  Mouse coords: (1056, 274) (71897, 30186)
2022-09-07 19:26:52.362 *** Mouse movement (LeftButton) ***  Mouse coords: (1005, 333) (72301, 29245)
2022-09-07 19:26:52.365 *** Mouse movement (LeftButton) ***  Mouse coords: (1002, 336) (78753, 21716)
2022-09-07 19:26:52.382 *** Mouse movement (LeftButton) ***  Mouse coords: (934, 406) (70015, 30725)
2022-09-07 19:26:52.400 *** Mouse movement (LeftButton) ***  Mouse coords: (867, 466) (70149, 29379)
2022-09-07 19:26:52.418 *** Mouse movement (LeftButton) ***  Mouse coords: (806, 519) (70956, 28439)
2022-09-07 19:26:52.433 *** Mouse movement (LeftButton) ***  Mouse coords: (769, 549) (74183, 25346)
2022-09-07 19:26:52.449 *** Mouse movement (LeftButton) ***  Mouse coords: (746, 569) (76065, 24002)
2022-09-07 19:26:52.464 *** Mouse movement (LeftButton) ***  Mouse coords: (737, 575) (77947, 22120)
2022-09-07 19:26:52.479 *** Mouse movement (LeftButton) ***  Mouse coords: (735, 577) (78888, 21581)
2022-09-07 19:26:56.052 *** Mouse movement (LeftButton) ***  Mouse coords: (2070, 937) (20265, 20234)
2022-09-07 19:26:56.113 *** Mouse movement (LeftButton) ***  Mouse coords: (2002, 956) (19306, 20507)
2022-09-07 19:26:56.181 *** Mouse movement (LeftButton) ***  Mouse coords: (1790, 1064) (17241, 21782)
2022-09-07 19:26:56.223 *** Mouse movement (LeftButton) ***  Mouse coords: (1728, 1099) (19391, 20735)
2022-09-07 19:26:56.884 *** Mouse movement (LeftButton) ***  Mouse coords: (2075, 1122) (25254, 20564)
2022-09-07 19:26:56.946 *** Mouse movement (LeftButton) ***  Mouse coords: (2073, 1120) (25239, 20536)
2022-09-07 19:26:57.015 *** Mouse movement (LeftButton) ***  Mouse coords: (2015, 1083) (24437, 20033)
2022-09-07 19:26:57.055 *** Mouse movement (LeftButton) ***  Mouse coords: (1872, 936) (23218, 18457)
2022-09-07 19:26:57.097 *** Mouse movement (LeftButton) ***  Mouse coords: (1670, 751) (22372, 17912)
2022-09-07 19:26:57.139 *** Mouse movement (LeftButton) ***  Mouse coords: (1585, 693) (24050, 19733)
2022-09-07 19:26:57.182 *** Mouse movement (LeftButton) ***  Mouse coords: (1585, 692) (25268, 20549)
2022-09-07 19:27:01.325 *** Keyboard input *** key pressed: key: 90; text: "z"
2022-09-07 19:27:01.339 *** Process image overlay spent 0.01 seconds.
2022-09-07 19:27:01.370 *** Get cell color spent 0.03 seconds.
2022-09-07 19:27:01.927 *** Process image overlay spent 0.01 seconds.
2022-09-07 19:27:01.961 *** Get cell color spent 0.03 seconds.
2022-09-07 19:27:03.480 *** Keyboard input *** key pressed: key: 90; text: "z"
2022-09-07 19:27:03.939 *** Keyboard input *** key pressed: key: 90; text: "z"
2022-09-07 19:27:03.962 *** Process image overlay spent 0.02 seconds.
2022-09-07 19:27:03.997 *** Get cell color spent 0.03 seconds.
2022-09-07 19:27:04.966 *** Keyboard input *** key pressed: key: 90; text: "z"
2022-09-07 19:27:07.433 *** Mouse movement (LeftButton) ***  Mouse coords: (1507, 782) (23630, 22027)
2022-09-07 19:27:07.479 *** Mouse movement (LeftButton) ***  Mouse coords: (1498, 818) (23501, 22529)
2022-09-07 19:27:07.548 *** Mouse movement (LeftButton) ***  Mouse coords: (1445, 929) (22870, 23605)
2022-09-07 19:27:07.589 *** Mouse movement (LeftButton) ***  Mouse coords: (1402, 1007) (23014, 23131)
2022-09-07 19:27:07.632 *** Mouse movement (LeftButton) ***  Mouse coords: (1390, 1031) (23458, 22357)
2022-09-07 19:27:07.674 *** Mouse movement (LeftButton) ***  Mouse coords: (1389, 1032) (23615, 22027)
2022-09-07 19:27:08.281 *** Mouse movement (LeftButton) ***  Mouse coords: (1661, 751) (27529, 17985)
2022-09-07 19:27:08.345 *** Mouse movement (LeftButton) ***  Mouse coords: (1535, 973) (25738, 21153)
2022-09-07 19:27:08.411 *** Mouse movement (LeftButton) ***  Mouse coords: (1344, 1214) (24806, 21426)
2022-09-07 19:27:08.453 *** Mouse movement (LeftButton) ***  Mouse coords: (1309, 1249) (27043, 18473)
2022-09-07 19:27:21.060 *** Interactive label *** Review annotations/active learning start.
2022-09-07 19:31:44.727 *** Program closed.
