2022-08-11 19:12:07.183 *** Start program *** Start program
2022-08-11 19:12:32.114 *** Open case *** /media/zhihuang/Drive3/Google_Colon_lnm_pos_2015_slides/slides/S0425
2022-08-11 19:12:34.445 *** Open processed data
2022-08-11 19:12:34.446 *** Preload all statistics at once.
2022-08-11 19:12:35.697 *** Nuclei stat data loaded, took 1.25 seconds. Total number of nuclei: 954361
2022-08-11 19:12:39.813 *** Process image overlay spent 0.01 seconds.
2022-08-11 19:12:39.848 *** Get cell color spent 0.03 seconds.
2022-08-11 19:12:40.575 *** Process image overlay spent 0.00 seconds.
2022-08-11 19:12:40.580 *** Get cell color spent 0.00 seconds.
2022-08-11 19:12:40.672 *** Process image overlay spent 0.01 seconds.
2022-08-11 19:12:40.677 *** Get cell color spent 0.00 seconds.
2022-08-11 19:12:41.153 *** Process image overlay spent 0.01 seconds.
2022-08-11 19:12:41.156 *** Get cell color spent 0.00 seconds.
2022-08-11 19:12:41.353 *** Process image overlay spent 0.00 seconds.
2022-08-11 19:12:41.355 *** Get cell color spent 0.00 seconds.
2022-08-11 19:12:41.399 *** Process image overlay spent 0.01 seconds.
2022-08-11 19:12:41.401 *** Get cell color spent 0.00 seconds.
2022-08-11 19:12:42.658 *** Mouse movement (LeftButton) ***  Mouse coords: (474, 344) (41002, 49769)
2022-08-11 19:12:42.667 *** Mouse movement (LeftButton) ***  Mouse coords: (474, 346) (41002, 49771)
2022-08-11 19:12:42.682 *** Mouse movement (LeftButton) ***  Mouse coords: (489, 377) (41017, 49803)
2022-08-11 19:12:42.699 *** Mouse movement (LeftButton) ***  Mouse coords: (506, 402) (41035, 49829)
2022-08-11 19:12:42.715 *** Mouse movement (LeftButton) ***  Mouse coords: (533, 435) (41063, 49863)
2022-08-11 19:12:42.732 *** Mouse movement (LeftButton) ***  Mouse coords: (567, 468) (41098, 49897)
2022-08-11 19:12:42.748 *** Mouse movement (LeftButton) ***  Mouse coords: (600, 499) (41133, 49930)
2022-08-11 19:12:42.765 *** Mouse movement (LeftButton) ***  Mouse coords: (627, 520) (41161, 49952)
2022-08-11 19:12:42.782 *** Mouse movement (LeftButton) ***  Mouse coords: (645, 533) (41179, 49965)
2022-08-11 19:12:42.798 *** Mouse movement (LeftButton) ***  Mouse coords: (654, 539) (41189, 49971)
2022-08-11 19:12:42.815 *** Mouse movement (LeftButton) ***  Mouse coords: (655, 540) (41190, 49972)
2022-08-11 19:12:43.055 *** Mouse movement (LeftButton) ***  Mouse coords: (655, 538) (41190, 49970)
2022-08-11 19:12:43.070 *** Mouse movement (LeftButton) ***  Mouse coords: (655, 537) (41190, 49969)
2022-08-11 19:12:43.083 *** Mouse movement (LeftButton) ***  Mouse coords: (655, 532) (41190, 49964)
2022-08-11 19:12:43.099 *** Mouse movement (LeftButton) ***  Mouse coords: (655, 529) (41190, 49961)
2022-08-11 19:12:43.115 *** Mouse movement (LeftButton) ***  Mouse coords: (655, 523) (41190, 49955)
2022-08-11 19:12:43.132 *** Mouse movement (LeftButton) ***  Mouse coords: (655, 520) (41190, 49952)
2022-08-11 19:12:43.149 *** Mouse movement (LeftButton) ***  Mouse coords: (654, 518) (41189, 49949)
2022-08-11 19:12:43.165 *** Mouse movement (LeftButton) ***  Mouse coords: (654, 517) (41189, 49948)
2022-08-11 19:12:43.205 *** Mouse movement (LeftButton) ***  Mouse coords: (654, 516) (41189, 49947)
2022-08-11 19:12:43.212 *** Mouse movement (LeftButton) ***  Mouse coords: (653, 516) (41188, 49947)
2022-08-11 19:12:43.220 *** Mouse movement (LeftButton) ***  Mouse coords: (653, 515) (41188, 49946)
2022-08-11 19:12:43.232 *** Mouse movement (LeftButton) ***  Mouse coords: (652, 515) (41187, 49946)
2022-08-11 19:12:43.249 *** Mouse movement (LeftButton) ***  Mouse coords: (648, 514) (41183, 49945)
2022-08-11 19:12:43.265 *** Mouse movement (LeftButton) ***  Mouse coords: (638, 513) (41172, 49944)
2022-08-11 19:12:43.282 *** Mouse movement (LeftButton) ***  Mouse coords: (631, 513) (41165, 49944)
2022-08-11 19:12:43.299 *** Mouse movement (LeftButton) ***  Mouse coords: (625, 513) (41159, 49944)
2022-08-11 19:12:43.315 *** Mouse movement (LeftButton) ***  Mouse coords: (620, 513) (41153, 49944)
2022-08-11 19:12:43.332 *** Mouse movement (LeftButton) ***  Mouse coords: (618, 513) (41151, 49944)
2022-08-11 19:12:47.217 *** Mouse movement (LeftButton) ***  Mouse coords: (463, 299) (40990, 49722)
2022-08-11 19:12:47.225 *** Mouse movement (LeftButton) ***  Mouse coords: (464, 302) (40991, 49725)
2022-08-11 19:12:47.232 *** Mouse movement (LeftButton) ***  Mouse coords: (470, 309) (40997, 49732)
2022-08-11 19:12:47.248 *** Mouse movement (LeftButton) ***  Mouse coords: (482, 325) (41010, 49749)
2022-08-11 19:12:47.265 *** Mouse movement (LeftButton) ***  Mouse coords: (497, 341) (41026, 49765)
2022-08-11 19:12:47.282 *** Mouse movement (LeftButton) ***  Mouse coords: (525, 365) (41055, 49790)
2022-08-11 19:12:47.299 *** Mouse movement (LeftButton) ***  Mouse coords: (559, 397) (41090, 49824)
2022-08-11 19:12:47.315 *** Mouse movement (LeftButton) ***  Mouse coords: (604, 438) (41137, 49866)
2022-08-11 19:12:47.332 *** Mouse movement (LeftButton) ***  Mouse coords: (638, 467) (41172, 49896)
2022-08-11 19:12:47.349 *** Mouse movement (LeftButton) ***  Mouse coords: (675, 497) (41211, 49928)
2022-08-11 19:12:47.365 *** Mouse movement (LeftButton) ***  Mouse coords: (698, 514) (41234, 49945)
2022-08-11 19:12:47.382 *** Mouse movement (LeftButton) ***  Mouse coords: (727, 532) (41265, 49964)
2022-08-11 19:12:47.399 *** Mouse movement (LeftButton) ***  Mouse coords: (746, 543) (41284, 49975)
2022-08-11 19:12:47.415 *** Mouse movement (LeftButton) ***  Mouse coords: (748, 543) (41286, 49975)
2022-08-11 19:12:51.071 *** Process image overlay spent 0.01 seconds.
2022-08-11 19:12:51.074 *** Get cell color spent 0.00 seconds.
2022-08-11 19:12:51.534 *** Process image overlay spent 0.00 seconds.
2022-08-11 19:12:51.536 *** Get cell color spent 0.00 seconds.
2022-08-11 19:12:52.649 *** Mouse movement (LeftButton) ***  Mouse coords: (679, 255) (41280, 49461)
2022-08-11 19:12:52.664 *** Mouse movement (LeftButton) ***  Mouse coords: (684, 264) (41289, 49478)
2022-08-11 19:12:52.682 *** Mouse movement (LeftButton) ***  Mouse coords: (696, 277) (41311, 49501)
2022-08-11 19:12:52.699 *** Mouse movement (LeftButton) ***  Mouse coords: (724, 306) (41362, 49554)
2022-08-11 19:12:52.715 *** Mouse movement (LeftButton) ***  Mouse coords: (776, 342) (41457, 49620)
2022-08-11 19:12:52.732 *** Mouse movement (LeftButton) ***  Mouse coords: (801, 357) (41502, 49647)
2022-08-11 19:12:52.749 *** Mouse movement (LeftButton) ***  Mouse coords: (827, 370) (41549, 49670)
2022-08-11 19:12:52.765 *** Mouse movement (LeftButton) ***  Mouse coords: (851, 380) (41593, 49689)
2022-08-11 19:12:52.782 *** Mouse movement (LeftButton) ***  Mouse coords: (864, 387) (41617, 49701)
2022-08-11 19:12:52.799 *** Mouse movement (LeftButton) ***  Mouse coords: (872, 393) (41631, 49712)
2022-08-11 19:12:52.815 *** Mouse movement (LeftButton) ***  Mouse coords: (875, 396) (41637, 49718)
2022-08-11 19:12:52.832 *** Mouse movement (LeftButton) ***  Mouse coords: (880, 404) (41646, 49732)
2022-08-11 19:12:52.849 *** Mouse movement (LeftButton) ***  Mouse coords: (883, 407) (41651, 49738)
2022-08-11 19:12:52.865 *** Mouse movement (LeftButton) ***  Mouse coords: (887, 411) (41658, 49745)
2022-08-11 19:12:52.882 *** Mouse movement (LeftButton) ***  Mouse coords: (887, 412) (41658, 49747)
2022-08-11 19:12:52.910 *** Mouse movement (LeftButton) ***  Mouse coords: (888, 412) (41660, 49747)
2022-08-11 19:12:52.917 *** Mouse movement (LeftButton) ***  Mouse coords: (889, 414) (41662, 49751)
2022-08-11 19:12:52.932 *** Mouse movement (LeftButton) ***  Mouse coords: (890, 416) (41664, 49754)
2022-08-11 19:12:52.948 *** Mouse movement (LeftButton) ***  Mouse coords: (893, 420) (41669, 49761)
2022-08-11 19:12:52.965 *** Mouse movement (LeftButton) ***  Mouse coords: (895, 424) (41673, 49769)
2022-08-11 19:12:52.985 *** Mouse movement (LeftButton) ***  Mouse coords: (895, 425) (41673, 49771)
2022-08-11 19:12:52.999 *** Mouse movement (LeftButton) ***  Mouse coords: (896, 425) (41675, 49771)
2022-08-11 19:12:53.015 *** Mouse movement (LeftButton) ***  Mouse coords: (898, 429) (41678, 49778)
2022-08-11 19:12:53.032 *** Mouse movement (LeftButton) ***  Mouse coords: (901, 434) (41684, 49787)
2022-08-11 19:12:53.049 *** Mouse movement (LeftButton) ***  Mouse coords: (903, 438) (41688, 49794)
2022-08-11 19:12:53.065 *** Mouse movement (LeftButton) ***  Mouse coords: (905, 440) (41691, 49798)
2022-08-11 19:12:54.690 *** Process image overlay spent 0.01 seconds.
2022-08-11 19:12:54.696 *** Get cell color spent 0.01 seconds.
2022-08-11 19:12:54.802 *** Process image overlay spent 0.01 seconds.
2022-08-11 19:12:54.815 *** Get cell color spent 0.01 seconds.
2022-08-11 19:12:54.946 *** Process image overlay spent 0.01 seconds.
2022-08-11 19:12:54.975 *** Get cell color spent 0.03 seconds.
2022-08-11 19:12:55.215 *** Process image overlay spent 0.01 seconds.
2022-08-11 19:12:55.245 *** Get cell color spent 0.03 seconds.
2022-08-11 19:12:56.685 *** Process image overlay spent 0.01 seconds.
2022-08-11 19:12:56.696 *** Get cell color spent 0.01 seconds.
2022-08-11 19:12:56.812 *** Process image overlay spent 0.01 seconds.
2022-08-11 19:12:56.834 *** Get cell color spent 0.02 seconds.
2022-08-11 19:12:57.507 *** Mouse movement (LeftButton) ***  Mouse coords: (695, 294) (42334, 48434)
2022-08-11 19:12:57.515 *** Mouse movement (LeftButton) ***  Mouse coords: (695, 296) (42334, 48445)
2022-08-11 19:12:57.531 *** Mouse movement (LeftButton) ***  Mouse coords: (707, 315) (42401, 48551)
2022-08-11 19:12:57.549 *** Mouse movement (LeftButton) ***  Mouse coords: (723, 334) (42490, 48656)
2022-08-11 19:12:57.565 *** Mouse movement (LeftButton) ***  Mouse coords: (735, 346) (42557, 48723)
2022-08-11 19:12:57.581 *** Mouse movement (LeftButton) ***  Mouse coords: (756, 367) (42674, 48840)
2022-08-11 19:12:57.598 *** Mouse movement (LeftButton) ***  Mouse coords: (792, 403) (42874, 49041)
2022-08-11 19:12:57.615 *** Mouse movement (LeftButton) ***  Mouse coords: (804, 413) (42941, 49096)
2022-08-11 19:12:57.632 *** Mouse movement (LeftButton) ***  Mouse coords: (816, 425) (43008, 49163)
2022-08-11 19:12:57.648 *** Mouse movement (LeftButton) ***  Mouse coords: (827, 437) (43069, 49230)
2022-08-11 19:12:57.665 *** Mouse movement (LeftButton) ***  Mouse coords: (835, 444) (43114, 49269)
2022-08-11 19:12:57.682 *** Mouse movement (LeftButton) ***  Mouse coords: (840, 450) (43142, 49303)
2022-08-11 19:12:57.698 *** Mouse movement (LeftButton) ***  Mouse coords: (844, 456) (43164, 49336)
2022-08-11 19:12:57.715 *** Mouse movement (LeftButton) ***  Mouse coords: (847, 460) (43181, 49358)
2022-08-11 19:12:57.732 *** Mouse movement (LeftButton) ***  Mouse coords: (850, 462) (43198, 49369)
2022-08-11 19:12:57.748 *** Mouse movement (LeftButton) ***  Mouse coords: (853, 466) (43214, 49392)
2022-08-11 19:12:57.765 *** Mouse movement (LeftButton) ***  Mouse coords: (856, 468) (43231, 49403)
2022-08-11 19:12:57.781 *** Mouse movement (LeftButton) ***  Mouse coords: (857, 470) (43237, 49414)
2022-08-11 19:12:57.799 *** Mouse movement (LeftButton) ***  Mouse coords: (858, 471) (43242, 49420)
2022-08-11 19:12:57.815 *** Mouse movement (LeftButton) ***  Mouse coords: (862, 475) (43264, 49442)
2022-08-11 19:12:57.831 *** Mouse movement (LeftButton) ***  Mouse coords: (870, 480) (43309, 49470)
2022-08-11 19:12:57.848 *** Mouse movement (LeftButton) ***  Mouse coords: (877, 484) (43348, 49492)
2022-08-11 19:12:57.865 *** Mouse movement (LeftButton) ***  Mouse coords: (883, 487) (43381, 49509)
2022-08-11 19:12:57.882 *** Mouse movement (LeftButton) ***  Mouse coords: (886, 488) (43398, 49514)
2022-08-11 19:12:57.899 *** Mouse movement (LeftButton) ***  Mouse coords: (887, 488) (43404, 49514)
2022-08-11 19:13:00.569 *** Process image overlay spent 0.01 seconds.
2022-08-11 19:13:00.604 *** Get cell color spent 0.04 seconds.
2022-08-11 19:13:00.826 *** Process image overlay spent 0.01 seconds.
2022-08-11 19:13:00.886 *** Get cell color spent 0.06 seconds.
2022-08-11 19:13:02.675 *** Mouse movement (LeftButton) ***  Mouse coords: (193, 344) (31575, 44341)
2022-08-11 19:13:02.684 *** Mouse movement (LeftButton) ***  Mouse coords: (195, 345) (31635, 44371)
2022-08-11 19:13:02.699 *** Mouse movement (LeftButton) ***  Mouse coords: (199, 350) (31754, 44521)
2022-08-11 19:13:02.715 *** Mouse movement (LeftButton) ***  Mouse coords: (203, 356) (31874, 44700)
2022-08-11 19:13:02.732 *** Mouse movement (LeftButton) ***  Mouse coords: (208, 363) (32023, 44909)
2022-08-11 19:13:02.749 *** Mouse movement (LeftButton) ***  Mouse coords: (219, 372) (32351, 45177)
2022-08-11 19:13:02.765 *** Mouse movement (LeftButton) ***  Mouse coords: (227, 381) (32590, 45446)
2022-08-11 19:13:02.782 *** Mouse movement (LeftButton) ***  Mouse coords: (232, 386) (32739, 45595)
2022-08-11 19:13:02.799 *** Mouse movement (LeftButton) ***  Mouse coords: (237, 391) (32889, 45745)
2022-08-11 19:13:02.815 *** Mouse movement (LeftButton) ***  Mouse coords: (242, 394) (33038, 45834)
2022-08-11 19:13:02.832 *** Mouse movement (LeftButton) ***  Mouse coords: (243, 395) (33068, 45864)
2022-08-11 19:13:02.849 *** Mouse movement (LeftButton) ***  Mouse coords: (244, 395) (33098, 45864)
2022-08-11 19:13:02.865 *** Mouse movement (LeftButton) ***  Mouse coords: (244, 396) (33098, 45894)
2022-08-11 19:13:02.882 *** Mouse movement (LeftButton) ***  Mouse coords: (245, 397) (33128, 45924)
2022-08-11 19:13:02.899 *** Mouse movement (LeftButton) ***  Mouse coords: (247, 398) (33187, 45954)
2022-08-11 19:13:02.915 *** Mouse movement (LeftButton) ***  Mouse coords: (248, 398) (33217, 45954)
2022-08-11 19:13:02.998 *** Mouse movement (LeftButton) ***  Mouse coords: (249, 398) (33247, 45954)
2022-08-11 19:13:03.088 *** Mouse movement (LeftButton) ***  Mouse coords: (249, 399) (33247, 45983)
2022-08-11 19:13:03.099 *** Mouse movement (LeftButton) ***  Mouse coords: (249, 400) (33247, 46013)
2022-08-11 19:13:03.115 *** Mouse movement (LeftButton) ***  Mouse coords: (251, 403) (33307, 46103)
2022-08-11 19:13:03.131 *** Mouse movement (LeftButton) ***  Mouse coords: (252, 405) (33337, 46163)
2022-08-11 19:13:03.148 *** Mouse movement (LeftButton) ***  Mouse coords: (253, 406) (33366, 46192)
2022-08-11 19:13:03.208 *** Mouse movement (LeftButton) ***  Mouse coords: (253, 407) (33366, 46222)
2022-08-11 19:13:03.217 *** Mouse movement (LeftButton) ***  Mouse coords: (254, 407) (33396, 46222)
2022-08-11 19:13:03.232 *** Mouse movement (LeftButton) ***  Mouse coords: (254, 409) (33396, 46282)
2022-08-11 19:13:03.248 *** Mouse movement (LeftButton) ***  Mouse coords: (255, 409) (33426, 46282)
2022-08-11 19:13:03.267 *** Mouse movement (LeftButton) ***  Mouse coords: (256, 410) (33456, 46312)
2022-08-11 19:13:03.282 *** Mouse movement (LeftButton) ***  Mouse coords: (257, 413) (33486, 46401)
2022-08-11 19:13:03.299 *** Mouse movement (LeftButton) ***  Mouse coords: (260, 420) (33575, 46610)
2022-08-11 19:13:03.315 *** Mouse movement (LeftButton) ***  Mouse coords: (263, 425) (33665, 46760)
2022-08-11 19:13:03.332 *** Mouse movement (LeftButton) ***  Mouse coords: (264, 429) (33695, 46879)
2022-08-11 19:13:03.348 *** Mouse movement (LeftButton) ***  Mouse coords: (265, 430) (33725, 46909)
2022-08-11 19:13:03.365 *** Mouse movement (LeftButton) ***  Mouse coords: (265, 431) (33725, 46939)
2022-08-11 19:13:03.560 *** Mouse movement (LeftButton) ***  Mouse coords: (265, 430) (33725, 46909)
2022-08-11 19:13:03.573 *** Mouse movement (LeftButton) ***  Mouse coords: (265, 429) (33725, 46879)
2022-08-11 19:13:03.586 *** Mouse movement (LeftButton) ***  Mouse coords: (265, 427) (33725, 46819)
2022-08-11 19:13:03.599 *** Mouse movement (LeftButton) ***  Mouse coords: (265, 425) (33725, 46760)
2022-08-11 19:13:03.615 *** Mouse movement (LeftButton) ***  Mouse coords: (265, 424) (33725, 46730)
2022-08-11 19:13:03.631 *** Mouse movement (LeftButton) ***  Mouse coords: (265, 422) (33725, 46670)
2022-08-11 19:13:03.650 *** Mouse movement (LeftButton) ***  Mouse coords: (265, 421) (33725, 46640)
2022-08-11 19:13:03.807 *** Mouse movement (LeftButton) ***  Mouse coords: (264, 421) (33695, 46640)
2022-08-11 19:13:03.830 *** Mouse movement (LeftButton) ***  Mouse coords: (264, 420) (33695, 46610)
2022-08-11 19:13:03.883 *** Mouse movement (LeftButton) ***  Mouse coords: (264, 419) (33695, 46581)
2022-08-11 19:13:03.898 *** Mouse movement (LeftButton) ***  Mouse coords: (264, 418) (33695, 46551)
2022-08-11 19:13:03.906 *** Mouse movement (LeftButton) ***  Mouse coords: (264, 416) (33695, 46491)
2022-08-11 19:13:03.935 *** Mouse movement (LeftButton) ***  Mouse coords: (263, 415) (33665, 46461)
2022-08-11 19:13:22.570 *** Program closed.
