2022-08-11 22:29:04.725 *** Start program *** Start program
2022-08-11 22:29:14.773 *** Open case *** /media/zhihuang/Drive3/Google_Colon_lnm_pos_2015_slides/slides/S0425
2022-08-11 22:29:17.400 *** Open processed data
2022-08-11 22:29:17.401 *** Preload all statistics at once.
2022-08-11 22:29:18.481 *** Nuclei stat data loaded, took 1.08 seconds. Total number of nuclei: 954361
2022-08-11 22:29:26.436 *** Process image overlay spent 0.01 seconds.
2022-08-11 22:29:26.519 *** Get cell color spent 0.08 seconds.
2022-08-11 22:29:27.064 *** Process image overlay spent 0.01 seconds.
2022-08-11 22:29:27.089 *** Get cell color spent 0.03 seconds.
2022-08-11 22:29:27.278 *** Process image overlay spent 0.01 seconds.
2022-08-11 22:29:27.303 *** Get cell color spent 0.02 seconds.
2022-08-11 22:29:27.665 *** Mouse movement (LeftButton) ***  Mouse coords: (308, 474) (26538, 50230)
2022-08-11 22:29:27.690 *** Mouse movement (LeftButton) ***  Mouse coords: (332, 469) (26650, 50202)
2022-08-11 22:29:27.707 *** Mouse movement (LeftButton) ***  Mouse coords: (359, 463) (26666, 50197)
2022-08-11 22:29:27.722 *** Mouse movement (LeftButton) ***  Mouse coords: (379, 459) (26628, 50208)
2022-08-11 22:29:27.739 *** Mouse movement (LeftButton) ***  Mouse coords: (411, 450) (26694, 50180)
2022-08-11 22:29:27.756 *** Mouse movement (LeftButton) ***  Mouse coords: (447, 438) (26717, 50163)
2022-08-11 22:29:27.772 *** Mouse movement (LeftButton) ***  Mouse coords: (474, 428) (26666, 50174)
2022-08-11 22:29:27.789 *** Mouse movement (LeftButton) ***  Mouse coords: (499, 415) (26655, 50158)
2022-08-11 22:29:27.806 *** Mouse movement (LeftButton) ***  Mouse coords: (512, 406) (26589, 50179)
2022-08-11 22:29:27.822 *** Mouse movement (LeftButton) ***  Mouse coords: (534, 390) (26638, 50141)
2022-08-11 22:29:27.826 *** Mouse movement (LeftButton) ***  Mouse coords: (545, 379) (26578, 50169)
2022-08-11 22:29:27.840 *** Mouse movement (LeftButton) ***  Mouse coords: (556, 370) (26577, 50180)
2022-08-11 22:29:27.867 *** Process image overlay spent 0.01 seconds.
2022-08-11 22:29:27.898 *** Get cell color spent 0.03 seconds.
2022-08-11 22:29:28.065 *** Process image overlay spent 0.01 seconds.
2022-08-11 22:29:28.091 *** Get cell color spent 0.03 seconds.
2022-08-11 22:29:28.394 *** Process image overlay spent 0.01 seconds.
2022-08-11 22:29:28.407 *** Get cell color spent 0.01 seconds.
2022-08-11 22:29:28.557 *** Process image overlay spent 0.01 seconds.
2022-08-11 22:29:28.561 *** Get cell color spent 0.00 seconds.
2022-08-11 22:29:29.078 *** Process image overlay spent 0.01 seconds.
2022-08-11 22:29:29.081 *** Get cell color spent 0.00 seconds.
2022-08-11 22:29:29.157 *** Mouse movement (LeftButton) ***  Mouse coords: (741, 154) (27494, 50182)
2022-08-11 22:29:29.173 *** Mouse movement (LeftButton) ***  Mouse coords: (737, 164) (27487, 50196)
2022-08-11 22:29:29.189 *** Mouse movement (LeftButton) ***  Mouse coords: (733, 177) (27486, 50201)
2022-08-11 22:29:29.206 *** Mouse movement (LeftButton) ***  Mouse coords: (727, 194) (27483, 50209)
2022-08-11 22:29:29.223 *** Mouse movement (LeftButton) ***  Mouse coords: (719, 223) (27480, 50231)
2022-08-11 22:29:29.239 *** Mouse movement (LeftButton) ***  Mouse coords: (710, 252) (27478, 50231)
2022-08-11 22:29:29.256 *** Mouse movement (LeftButton) ***  Mouse coords: (701, 270) (27477, 50211)
2022-08-11 22:29:29.272 *** Mouse movement (LeftButton) ***  Mouse coords: (696, 280) (27485, 50196)
2022-08-11 22:29:29.289 *** Mouse movement (LeftButton) ***  Mouse coords: (695, 286) (27492, 50189)
2022-08-11 22:29:29.306 *** Mouse movement (LeftButton) ***  Mouse coords: (695, 287) (27494, 50180)
2022-08-11 22:29:29.347 *** Process image overlay spent 0.01 seconds.
2022-08-11 22:29:29.350 *** Get cell color spent 0.00 seconds.
2022-08-11 22:29:29.442 *** Process image overlay spent 0.01 seconds.
2022-08-11 22:29:29.445 *** Get cell color spent 0.00 seconds.
2022-08-11 22:29:29.649 *** Process image overlay spent 0.01 seconds.
2022-08-11 22:29:29.651 *** Get cell color spent 0.00 seconds.
2022-08-11 22:29:29.702 *** Process image overlay spent 0.01 seconds.
2022-08-11 22:29:29.704 *** Get cell color spent 0.00 seconds.
2022-08-11 22:29:31.880 *** Mouse movement (LeftButton) ***  Mouse coords: (480, 161) (27270, 50095)
2022-08-11 22:29:31.892 *** Mouse movement (LeftButton) ***  Mouse coords: (480, 162) (27270, 50096)
2022-08-11 22:29:31.907 *** Mouse movement (LeftButton) ***  Mouse coords: (480, 163) (27270, 50097)
2022-08-11 22:29:31.923 *** Mouse movement (LeftButton) ***  Mouse coords: (481, 164) (27271, 50099)
2022-08-11 22:29:31.939 *** Mouse movement (LeftButton) ***  Mouse coords: (483, 167) (27273, 50102)
2022-08-11 22:29:31.956 *** Mouse movement (LeftButton) ***  Mouse coords: (503, 186) (27294, 50121)
2022-08-11 22:29:31.972 *** Mouse movement (LeftButton) ***  Mouse coords: (521, 204) (27313, 50140)
2022-08-11 22:29:31.989 *** Mouse movement (LeftButton) ***  Mouse coords: (540, 226) (27332, 50163)
2022-08-11 22:29:32.006 *** Mouse movement (LeftButton) ***  Mouse coords: (576, 269) (27370, 50208)
2022-08-11 22:29:32.022 *** Mouse movement (LeftButton) ***  Mouse coords: (609, 306) (27404, 50246)
2022-08-11 22:29:32.040 *** Mouse movement (LeftButton) ***  Mouse coords: (637, 342) (27433, 50284)
2022-08-11 22:29:32.056 *** Mouse movement (LeftButton) ***  Mouse coords: (654, 363) (27451, 50305)
2022-08-11 22:29:32.072 *** Mouse movement (LeftButton) ***  Mouse coords: (666, 382) (27463, 50325)
2022-08-11 22:29:32.089 *** Mouse movement (LeftButton) ***  Mouse coords: (675, 396) (27473, 50340)
2022-08-11 22:29:32.106 *** Mouse movement (LeftButton) ***  Mouse coords: (682, 410) (27480, 50354)
2022-08-11 22:29:32.122 *** Mouse movement (LeftButton) ***  Mouse coords: (684, 415) (27482, 50359)
2022-08-11 22:29:32.139 *** Mouse movement (LeftButton) ***  Mouse coords: (685, 418) (27483, 50363)
2022-08-11 22:29:32.156 *** Mouse movement (LeftButton) ***  Mouse coords: (686, 420) (27484, 50365)
2022-08-11 22:29:32.653 *** Mouse movement (LeftButton) ***  Mouse coords: (686, 419) (27484, 50364)
2022-08-11 22:29:32.662 *** Mouse movement (LeftButton) ***  Mouse coords: (686, 418) (27484, 50363)
2022-08-11 22:29:32.673 *** Mouse movement (LeftButton) ***  Mouse coords: (686, 417) (27484, 50361)
2022-08-11 22:29:32.690 *** Mouse movement (LeftButton) ***  Mouse coords: (687, 415) (27485, 50359)
2022-08-11 22:29:32.706 *** Mouse movement (LeftButton) ***  Mouse coords: (688, 413) (27486, 50357)
2022-08-11 22:29:32.723 *** Mouse movement (LeftButton) ***  Mouse coords: (688, 412) (27486, 50356)
2022-08-11 22:29:32.740 *** Mouse movement (LeftButton) ***  Mouse coords: (688, 411) (27486, 50355)
2022-08-11 22:29:36.675 *** Process image overlay spent 0.01 seconds.
2022-08-11 22:29:36.681 *** Get cell color spent 0.01 seconds.
2022-08-11 22:29:36.786 *** Process image overlay spent 0.01 seconds.
2022-08-11 22:29:36.793 *** Get cell color spent 0.01 seconds.
2022-08-11 22:29:36.900 *** Process image overlay spent 0.01 seconds.
2022-08-11 22:29:36.907 *** Get cell color spent 0.01 seconds.
2022-08-11 22:29:38.390 *** Process image overlay spent 0.01 seconds.
2022-08-11 22:29:38.395 *** Get cell color spent 0.00 seconds.
2022-08-11 22:29:38.490 *** Process image overlay spent 0.01 seconds.
2022-08-11 22:29:38.492 *** Get cell color spent 0.00 seconds.
2022-08-11 22:29:38.535 *** Process image overlay spent 0.01 seconds.
2022-08-11 22:29:38.538 *** Get cell color spent 0.00 seconds.
2022-08-11 22:29:39.283 *** Mouse movement (LeftButton) ***  Mouse coords: (726, 318) (28022, 50363)
2022-08-11 22:29:39.294 *** Mouse movement (LeftButton) ***  Mouse coords: (726, 319) (28022, 50364)
2022-08-11 22:29:39.306 *** Mouse movement (LeftButton) ***  Mouse coords: (727, 324) (28023, 50369)
2022-08-11 22:29:39.322 *** Mouse movement (LeftButton) ***  Mouse coords: (727, 331) (28023, 50376)
2022-08-11 22:29:39.339 *** Mouse movement (LeftButton) ***  Mouse coords: (728, 341) (28024, 50386)
2022-08-11 22:29:39.356 *** Mouse movement (LeftButton) ***  Mouse coords: (732, 354) (28028, 50400)
2022-08-11 22:29:39.372 *** Mouse movement (LeftButton) ***  Mouse coords: (737, 372) (28033, 50419)
2022-08-11 22:29:39.389 *** Mouse movement (LeftButton) ***  Mouse coords: (759, 411) (28056, 50459)
2022-08-11 22:29:39.406 *** Mouse movement (LeftButton) ***  Mouse coords: (771, 430) (28068, 50479)
2022-08-11 22:29:39.422 *** Mouse movement (LeftButton) ***  Mouse coords: (796, 465) (28094, 50515)
2022-08-11 22:29:39.439 *** Mouse movement (LeftButton) ***  Mouse coords: (817, 489) (28116, 50540)
2022-08-11 22:29:39.456 *** Mouse movement (LeftButton) ***  Mouse coords: (853, 526) (28154, 50579)
2022-08-11 22:29:39.472 *** Mouse movement (LeftButton) ***  Mouse coords: (865, 537) (28166, 50590)
2022-08-11 22:29:39.490 *** Mouse movement (LeftButton) ***  Mouse coords: (877, 549) (28179, 50603)
2022-08-11 22:29:39.506 *** Mouse movement (LeftButton) ***  Mouse coords: (902, 575) (28205, 50630)
2022-08-11 22:29:39.523 *** Mouse movement (LeftButton) ***  Mouse coords: (916, 590) (28219, 50645)
2022-08-11 22:29:39.540 *** Mouse movement (LeftButton) ***  Mouse coords: (925, 600) (28228, 50656)
2022-08-11 22:29:39.556 *** Mouse movement (LeftButton) ***  Mouse coords: (929, 605) (28233, 50661)
2022-08-11 22:29:39.573 *** Mouse movement (LeftButton) ***  Mouse coords: (931, 607) (28235, 50663)
2022-08-11 22:29:39.590 *** Mouse movement (LeftButton) ***  Mouse coords: (931, 608) (28235, 50664)
2022-08-11 22:29:39.695 *** Mouse movement (LeftButton) ***  Mouse coords: (930, 608) (28234, 50664)
2022-08-11 22:29:39.706 *** Mouse movement (LeftButton) ***  Mouse coords: (929, 608) (28233, 50664)
2022-08-11 22:29:39.723 *** Mouse movement (LeftButton) ***  Mouse coords: (926, 609) (28229, 50665)
2022-08-11 22:29:39.740 *** Mouse movement (LeftButton) ***  Mouse coords: (923, 611) (28226, 50667)
2022-08-11 22:29:39.756 *** Mouse movement (LeftButton) ***  Mouse coords: (918, 615) (28221, 50671)
2022-08-11 22:29:39.772 *** Mouse movement (LeftButton) ***  Mouse coords: (916, 616) (28219, 50672)
2022-08-11 22:29:39.789 *** Mouse movement (LeftButton) ***  Mouse coords: (913, 617) (28216, 50673)
2022-08-11 22:29:39.806 *** Mouse movement (LeftButton) ***  Mouse coords: (911, 617) (28214, 50673)
2022-08-11 22:29:39.823 *** Mouse movement (LeftButton) ***  Mouse coords: (907, 617) (28210, 50673)
2022-08-11 22:29:39.840 *** Mouse movement (LeftButton) ***  Mouse coords: (905, 617) (28208, 50673)
2022-08-11 22:29:39.857 *** Mouse movement (LeftButton) ***  Mouse coords: (903, 617) (28206, 50673)
2022-08-11 22:29:39.872 *** Mouse movement (LeftButton) ***  Mouse coords: (900, 617) (28202, 50673)
2022-08-11 22:29:39.889 *** Mouse movement (LeftButton) ***  Mouse coords: (893, 616) (28195, 50672)
2022-08-11 22:29:39.906 *** Mouse movement (LeftButton) ***  Mouse coords: (884, 615) (28186, 50671)
2022-08-11 22:29:39.922 *** Mouse movement (LeftButton) ***  Mouse coords: (878, 614) (28180, 50670)
2022-08-11 22:29:39.940 *** Mouse movement (LeftButton) ***  Mouse coords: (870, 612) (28171, 50668)
2022-08-11 22:29:39.956 *** Mouse movement (LeftButton) ***  Mouse coords: (866, 611) (28167, 50667)
2022-08-11 22:29:39.973 *** Mouse movement (LeftButton) ***  Mouse coords: (862, 610) (28163, 50666)
2022-08-11 22:29:39.989 *** Mouse movement (LeftButton) ***  Mouse coords: (860, 609) (28161, 50665)
2022-08-11 22:29:40.006 *** Mouse movement (LeftButton) ***  Mouse coords: (859, 609) (28160, 50665)
2022-08-11 22:29:40.023 *** Mouse movement (LeftButton) ***  Mouse coords: (859, 608) (28160, 50664)
2022-08-11 22:29:40.039 *** Mouse movement (LeftButton) ***  Mouse coords: (858, 608) (28159, 50664)
2022-08-11 22:29:40.056 *** Mouse movement (LeftButton) ***  Mouse coords: (853, 605) (28154, 50661)
2022-08-11 22:29:40.073 *** Mouse movement (LeftButton) ***  Mouse coords: (851, 604) (28152, 50660)
2022-08-11 22:29:40.089 *** Mouse movement (LeftButton) ***  Mouse coords: (848, 603) (28148, 50659)
2022-08-11 22:29:40.106 *** Mouse movement (LeftButton) ***  Mouse coords: (845, 602) (28145, 50658)
2022-08-11 22:29:40.123 *** Mouse movement (LeftButton) ***  Mouse coords: (841, 601) (28141, 50657)
2022-08-11 22:29:40.139 *** Mouse movement (LeftButton) ***  Mouse coords: (840, 601) (28140, 50657)
2022-08-11 22:29:40.156 *** Mouse movement (LeftButton) ***  Mouse coords: (839, 601) (28139, 50657)
2022-08-11 22:29:42.790 *** Process image overlay spent 0.01 seconds.
2022-08-11 22:29:42.795 *** Get cell color spent 0.00 seconds.
2022-08-11 22:29:43.252 *** Process image overlay spent 0.00 seconds.
2022-08-11 22:29:43.256 *** Get cell color spent 0.00 seconds.
2022-08-11 22:29:43.377 *** Mouse movement (LeftButton) ***  Mouse coords: (554, 355) (27739, 50278)
2022-08-11 22:29:43.385 *** Mouse movement (LeftButton) ***  Mouse coords: (554, 357) (27739, 50282)
2022-08-11 22:29:43.396 *** Mouse movement (LeftButton) ***  Mouse coords: (555, 360) (27741, 50287)
2022-08-11 22:29:43.407 *** Mouse movement (LeftButton) ***  Mouse coords: (556, 362) (27742, 50291)
2022-08-11 22:29:43.423 *** Mouse movement (LeftButton) ***  Mouse coords: (559, 371) (27748, 50307)
2022-08-11 22:29:43.440 *** Mouse movement (LeftButton) ***  Mouse coords: (563, 378) (27755, 50320)
2022-08-11 22:29:43.456 *** Mouse movement (LeftButton) ***  Mouse coords: (568, 390) (27764, 50342)
2022-08-11 22:29:43.473 *** Mouse movement (LeftButton) ***  Mouse coords: (581, 418) (27788, 50393)
2022-08-11 22:29:43.490 *** Mouse movement (LeftButton) ***  Mouse coords: (595, 442) (27813, 50436)
2022-08-11 22:29:43.506 *** Mouse movement (LeftButton) ***  Mouse coords: (614, 476) (27848, 50498)
2022-08-11 22:29:43.523 *** Mouse movement (LeftButton) ***  Mouse coords: (632, 502) (27881, 50546)
2022-08-11 22:29:43.540 *** Mouse movement (LeftButton) ***  Mouse coords: (643, 515) (27901, 50569)
2022-08-11 22:29:43.556 *** Mouse movement (LeftButton) ***  Mouse coords: (656, 530) (27924, 50597)
2022-08-11 22:29:43.573 *** Mouse movement (LeftButton) ***  Mouse coords: (661, 534) (27933, 50604)
2022-08-11 22:29:43.574 *** Mouse movement (LeftButton) ***  Mouse coords: (664, 537) (27939, 50609)
2022-08-11 22:29:43.589 *** Mouse movement (LeftButton) ***  Mouse coords: (665, 539) (27941, 50613)
2022-08-11 22:29:43.606 *** Mouse movement (LeftButton) ***  Mouse coords: (667, 541) (27944, 50617)
2022-08-11 22:29:43.622 *** Mouse movement (LeftButton) ***  Mouse coords: (669, 547) (27948, 50627)
2022-08-11 22:29:43.639 *** Mouse movement (LeftButton) ***  Mouse coords: (671, 551) (27952, 50635)
2022-08-11 22:29:43.656 *** Mouse movement (LeftButton) ***  Mouse coords: (674, 557) (27957, 50646)
2022-08-11 22:29:43.672 *** Mouse movement (LeftButton) ***  Mouse coords: (676, 561) (27961, 50653)
2022-08-11 22:29:43.690 *** Mouse movement (LeftButton) ***  Mouse coords: (677, 562) (27963, 50655)
2022-08-11 22:29:43.706 *** Mouse movement (LeftButton) ***  Mouse coords: (678, 564) (27964, 50658)
2022-08-11 22:29:43.723 *** Mouse movement (LeftButton) ***  Mouse coords: (678, 565) (27964, 50660)
2022-08-11 22:29:43.739 *** Mouse movement (LeftButton) ***  Mouse coords: (678, 566) (27964, 50662)
2022-08-11 22:29:43.756 *** Mouse movement (LeftButton) ***  Mouse coords: (678, 567) (27964, 50664)
2022-08-11 22:29:43.772 *** Mouse movement (LeftButton) ***  Mouse coords: (679, 569) (27966, 50667)
2022-08-11 22:29:43.790 *** Mouse movement (LeftButton) ***  Mouse coords: (679, 571) (27966, 50671)
2022-08-11 22:29:43.820 *** Mouse movement (LeftButton) ***  Mouse coords: (679, 572) (27966, 50673)
2022-08-11 22:29:43.985 *** Mouse movement (LeftButton) ***  Mouse coords: (678, 572) (27964, 50673)
2022-08-11 22:29:43.995 *** Mouse movement (LeftButton) ***  Mouse coords: (676, 573) (27961, 50675)
2022-08-11 22:29:44.006 *** Mouse movement (LeftButton) ***  Mouse coords: (673, 573) (27955, 50675)
2022-08-11 22:29:44.023 *** Mouse movement (LeftButton) ***  Mouse coords: (663, 576) (27937, 50680)
2022-08-11 22:29:44.039 *** Mouse movement (LeftButton) ***  Mouse coords: (657, 577) (27926, 50682)
2022-08-11 22:29:44.056 *** Mouse movement (LeftButton) ***  Mouse coords: (656, 577) (27924, 50682)
2022-08-11 22:29:44.073 *** Mouse movement (LeftButton) ***  Mouse coords: (655, 578) (27922, 50684)
2022-08-11 22:29:44.361 *** Mouse movement (LeftButton) ***  Mouse coords: (656, 578) (27924, 50684)
2022-08-11 22:29:44.374 *** Mouse movement (LeftButton) ***  Mouse coords: (657, 578) (27926, 50684)
2022-08-11 22:29:44.390 *** Mouse movement (LeftButton) ***  Mouse coords: (659, 578) (27930, 50684)
2022-08-11 22:29:44.406 *** Mouse movement (LeftButton) ***  Mouse coords: (662, 579) (27935, 50686)
2022-08-11 22:29:44.422 *** Mouse movement (LeftButton) ***  Mouse coords: (665, 579) (27941, 50686)
2022-08-11 22:29:44.439 *** Mouse movement (LeftButton) ***  Mouse coords: (667, 579) (27944, 50686)
2022-08-11 22:29:44.456 *** Mouse movement (LeftButton) ***  Mouse coords: (668, 579) (27946, 50686)
2022-08-11 22:29:47.193 *** Interactive label *** Apply to case start.
2022-08-11 22:29:50.584 *** Interactive label *** Apply to case done.
2022-08-11 22:29:50.587 *** Interactive label *** Apply to case finish overlay create.
2022-08-11 22:29:59.980 *** Program closed.
