2022-08-13 04:59:49.519 *** Start program *** Start program
2022-08-13 05:00:09.138 *** Open case *** /media/zhihuang/Drive3/Google_Colon_lnm_pos_2015_slides/slides/S0425
2022-08-13 05:00:12.243 *** Open processed data
2022-08-13 05:00:12.244 *** Preload all statistics at once.
2022-08-13 05:00:13.239 *** Nuclei stat data loaded, took 1.00 seconds. Total number of nuclei: 954361
2022-08-13 05:00:34.210 *** Process image overlay spent 0.01 seconds.
2022-08-13 05:00:34.212 *** Get cell color spent 0.00 seconds.
2022-08-13 05:00:34.518 *** Process image overlay spent 0.01 seconds.
2022-08-13 05:00:34.548 *** Get cell color spent 0.03 seconds.
2022-08-13 05:00:34.577 *** Process image overlay spent 0.01 seconds.
2022-08-13 05:00:34.579 *** Get cell color spent 0.00 seconds.
2022-08-13 05:00:35.336 *** Process image overlay spent 0.01 seconds.
2022-08-13 05:00:35.340 *** Get cell color spent 0.00 seconds.
2022-08-13 05:00:36.001 *** Process image overlay spent 0.01 seconds.
2022-08-13 05:00:36.003 *** Get cell color spent 0.00 seconds.
2022-08-13 05:00:36.892 *** Process image overlay spent 0.01 seconds.
2022-08-13 05:00:36.928 *** Get cell color spent 0.04 seconds.
2022-08-13 05:00:40.299 *** Process image overlay spent 0.00 seconds.
2022-08-13 05:00:40.325 *** Get cell color spent 0.03 seconds.
2022-08-13 05:00:42.376 *** Process image overlay spent 0.01 seconds.
2022-08-13 05:00:42.541 *** Get cell color spent 0.17 seconds.
2022-08-13 05:00:43.848 *** Mouse movement (LeftButton) ***  Mouse coords: (2070, 895) (27690, 42080)
2022-08-13 05:00:43.911 *** Mouse movement (LeftButton) ***  Mouse coords: (2008, 1042) (27344, 42894)
2022-08-13 05:00:43.961 *** Mouse movement (LeftButton) ***  Mouse coords: (1927, 1276) (27239, 43378)
2022-08-13 05:00:44.027 *** Mouse movement (LeftButton) ***  Mouse coords: (1897, 1384) (27523, 42677)
2022-08-13 05:00:44.069 *** Mouse movement (LeftButton) ***  Mouse coords: (1897, 1388) (27690, 42097)
2022-08-13 05:00:44.601 *** Process image overlay spent 0.01 seconds.
2022-08-13 05:00:44.768 *** Get cell color spent 0.17 seconds.
2022-08-13 05:00:46.737 *** Mouse movement (LeftButton) ***  Mouse coords: (1861, 603) (27490, 37703)
2022-08-13 05:00:46.794 *** Mouse movement (LeftButton) ***  Mouse coords: (1946, 756) (27963, 38549)
2022-08-13 05:00:46.844 *** Mouse movement (LeftButton) ***  Mouse coords: (2107, 972) (28387, 38900)
2022-08-13 05:00:46.912 *** Mouse movement (LeftButton) ***  Mouse coords: (2294, 1181) (28532, 38861)
2022-08-13 05:00:46.953 *** Mouse movement (LeftButton) ***  Mouse coords: (2334, 1215) (27712, 37887)
2022-08-13 05:00:47.421 *** Process image overlay spent 0.01 seconds.
2022-08-13 05:00:47.534 *** Get cell color spent 0.11 seconds.
2022-08-13 05:00:48.417 *** Mouse movement (LeftButton) ***  Mouse coords: (2086, 1479) (26109, 39167)
2022-08-13 05:00:48.478 *** Mouse movement (LeftButton) ***  Mouse coords: (2090, 1456) (26125, 39039)
2022-08-13 05:00:48.528 *** Mouse movement (LeftButton) ***  Mouse coords: (2087, 1398) (26086, 38844)
2022-08-13 05:00:48.594 *** Mouse movement (LeftButton) ***  Mouse coords: (1967, 1147) (25435, 37769)
2022-08-13 05:00:48.636 *** Mouse movement (LeftButton) ***  Mouse coords: (1833, 902) (25357, 37802)
2022-08-13 05:00:48.678 *** Mouse movement (LeftButton) ***  Mouse coords: (1705, 689) (25390, 37981)
2022-08-13 05:00:48.719 *** Mouse movement (LeftButton) ***  Mouse coords: (1611, 542) (25579, 38348)
2022-08-13 05:00:48.762 *** Mouse movement (LeftButton) ***  Mouse coords: (1530, 437) (25652, 38582)
2022-08-13 05:00:48.804 *** Mouse movement (LeftButton) ***  Mouse coords: (1476, 391) (25802, 38911)
2022-08-13 05:00:48.845 *** Mouse movement (LeftButton) ***  Mouse coords: (1465, 381) (26042, 39111)
2022-08-13 05:00:49.372 *** Process image overlay spent 0.01 seconds.
2022-08-13 05:00:49.584 *** Get cell color spent 0.21 seconds.
2022-08-13 05:00:50.968 *** Mouse movement (LeftButton) ***  Mouse coords: (2442, 1677) (31545, 46386)
2022-08-13 05:00:51.011 *** Mouse movement (LeftButton) ***  Mouse coords: (2419, 1629) (31417, 46125)
2022-08-13 05:00:51.061 *** Mouse movement (LeftButton) ***  Mouse coords: (2334, 1458) (31071, 45439)
2022-08-13 05:00:51.126 *** Mouse movement (LeftButton) ***  Mouse coords: (2155, 1101) (30548, 44404)
2022-08-13 05:00:51.171 *** Mouse movement (LeftButton) ***  Mouse coords: (2080, 879) (31127, 45155)
2022-08-13 05:00:51.239 *** Mouse movement (LeftButton) ***  Mouse coords: (2073, 677) (31506, 45267)
2022-08-13 05:00:51.350 *** Mouse movement (LeftButton) ***  Mouse coords: (2081, 652) (31590, 46252)
2022-08-13 05:00:51.437 *** Mouse movement (LeftButton) ***  Mouse coords: (2082, 655) (31551, 46409)
2022-08-13 05:00:51.987 *** Process image overlay spent 0.01 seconds.
2022-08-13 05:00:52.157 *** Get cell color spent 0.17 seconds.
2022-08-13 05:00:53.423 *** Mouse movement (LeftButton) ***  Mouse coords: (1552, 1503) (28592, 51116)
2022-08-13 05:00:53.494 *** Mouse movement (LeftButton) ***  Mouse coords: (1682, 1483) (29305, 51005)
2022-08-13 05:00:53.544 *** Mouse movement (LeftButton) ***  Mouse coords: (1920, 1459) (29907, 50982)
2022-08-13 05:00:53.610 *** Mouse movement (LeftButton) ***  Mouse coords: (2219, 1410) (30247, 50843)
2022-08-13 05:00:53.653 *** Mouse movement (LeftButton) ***  Mouse coords: (2342, 1393) (29266, 51021)
2022-08-13 05:00:53.718 *** Mouse movement (LeftButton) ***  Mouse coords: (2361, 1392) (28687, 51111)
2022-08-13 05:00:54.204 *** Process image overlay spent 0.01 seconds.
2022-08-13 05:00:54.354 *** Get cell color spent 0.15 seconds.
2022-08-13 05:00:55.658 *** Mouse movement (LeftButton) ***  Mouse coords: (2198, 796) (27673, 47796)
2022-08-13 05:00:55.728 *** Mouse movement (LeftButton) ***  Mouse coords: (2257, 935) (28001, 48564)
2022-08-13 05:00:55.778 *** Mouse movement (LeftButton) ***  Mouse coords: (2327, 1091) (28063, 48659)
2022-08-13 05:00:55.846 *** Mouse movement (LeftButton) ***  Mouse coords: (2422, 1244) (28203, 48642)
2022-08-13 05:00:55.888 *** Mouse movement (LeftButton) ***  Mouse coords: (2452, 1282) (27840, 48002)
2022-08-13 05:00:55.930 *** Mouse movement (LeftButton) ***  Mouse coords: (2455, 1287) (27689, 47818)
2022-08-13 05:00:56.414 *** Process image overlay spent 0.01 seconds.
2022-08-13 05:00:56.565 *** Get cell color spent 0.15 seconds.
2022-08-13 05:00:57.550 *** Mouse movement (LeftButton) ***  Mouse coords: (1501, 687) (22359, 44447)
2022-08-13 05:00:57.611 *** Mouse movement (LeftButton) ***  Mouse coords: (1616, 855) (23000, 45378)
2022-08-13 05:00:57.661 *** Mouse movement (LeftButton) ***  Mouse coords: (1857, 1062) (23701, 45595)
2022-08-13 05:00:57.730 *** Mouse movement (LeftButton) ***  Mouse coords: (2158, 1309) (24036, 45818)
2022-08-13 05:00:57.772 *** Mouse movement (LeftButton) ***  Mouse coords: (2240, 1366) (22816, 44760)
2022-08-13 05:00:57.837 *** Mouse movement (LeftButton) ***  Mouse coords: (2248, 1372) (22403, 44475)
2022-08-13 05:00:58.312 *** Process image overlay spent 0.01 seconds.
2022-08-13 05:00:58.420 *** Get cell color spent 0.11 seconds.
2022-08-13 05:01:01.736 *** Mouse movement (LeftButton) ***  Mouse coords: (1870, 1250) (26001, 42173)
2022-08-13 05:01:01.799 *** Mouse movement (LeftButton) ***  Mouse coords: (1758, 1069) (22657, 36798)
2022-08-13 05:01:01.862 *** Mouse movement (LeftButton) ***  Mouse coords: (1592, 811) (21046, 34500)
2022-08-13 05:01:01.903 *** Mouse movement (LeftButton) ***  Mouse coords: (1529, 737) (24120, 39992)
2022-08-13 05:01:01.944 *** Mouse movement (LeftButton) ***  Mouse coords: (1522, 728) (25792, 41934)
2022-08-13 05:01:05.126 *** Process image overlay spent 0.01 seconds.
2022-08-13 05:01:05.358 *** Get cell color spent 0.23 seconds.
2022-08-13 05:01:06.613 *** Interactive label *** (double click) click on screen. screen: (2078, 1551); slide: (38846, 61501). case_id: S0425, slide_id: A9, Nuclei index selected: 739861
2022-08-13 05:01:06.632 *** Interactive label *** Apply to case start.
2022-08-13 05:01:11.224 *** Interactive label *** Apply to case done.
2022-08-13 05:01:14.594 *** Interactive label *** Apply to case finish overlay create.
2022-08-13 05:01:14.600 *** Process image overlay spent 0.01 seconds.
2022-08-13 05:01:14.780 *** Get cell color spent 0.18 seconds.
2022-08-13 05:01:17.313 *** Mouse movement (LeftButton) ***  Mouse coords: (2047, 821) (38543, 54384)
2022-08-13 05:01:17.361 *** Mouse movement (LeftButton) ***  Mouse coords: (2062, 858) (38690, 54736)
2022-08-13 05:01:17.413 *** Mouse movement (LeftButton) ***  Mouse coords: (2111, 943) (39020, 55204)
2022-08-13 05:01:17.487 *** Mouse movement (LeftButton) ***  Mouse coords: (2179, 1032) (39206, 55242)
2022-08-13 05:01:17.538 *** Mouse movement (LeftButton) ***  Mouse coords: (2193, 1051) (38680, 54561)
2022-08-13 05:01:17.578 *** Mouse movement (LeftButton) ***  Mouse coords: (2200, 1061) (38611, 54472)
2022-08-13 05:01:17.609 *** Mouse movement (LeftButton) ***  Mouse coords: (2208, 1073) (38621, 54492)
2022-08-13 05:01:17.650 *** Mouse movement (LeftButton) ***  Mouse coords: (2212, 1079) (38582, 54433)
2022-08-13 05:01:17.691 *** Mouse movement (LeftButton) ***  Mouse coords: (2214, 1083) (38562, 54414)
2022-08-13 05:01:17.741 *** Mouse movement (LeftButton) ***  Mouse coords: (2215, 1086) (38553, 54405)
2022-08-13 05:01:19.035 *** Process image overlay spent 0.01 seconds.
2022-08-13 05:01:19.231 *** Get cell color spent 0.20 seconds.
2022-08-13 05:01:20.056 *** Mouse movement (LeftButton) ***  Mouse coords: (1980, 740) (36252, 51002)
2022-08-13 05:01:20.111 *** Mouse movement (LeftButton) ***  Mouse coords: (1997, 758) (36418, 51167)
2022-08-13 05:01:20.161 *** Mouse movement (LeftButton) ***  Mouse coords: (2038, 792) (36652, 51324)
2022-08-13 05:01:20.235 *** Mouse movement (LeftButton) ***  Mouse coords: (2078, 826) (36642, 51323)
2022-08-13 05:01:20.285 *** Mouse movement (LeftButton) ***  Mouse coords: (2087, 834) (36339, 51070)
2022-08-13 05:01:20.325 *** Mouse movement (LeftButton) ***  Mouse coords: (2098, 842) (36360, 51070)
2022-08-13 05:01:20.356 *** Mouse movement (LeftButton) ***  Mouse coords: (2107, 849) (36339, 51060)
2022-08-13 05:01:20.399 *** Mouse movement (LeftButton) ***  Mouse coords: (2123, 861) (36408, 51109)
2022-08-13 05:01:20.441 *** Mouse movement (LeftButton) ***  Mouse coords: (2155, 885) (36564, 51226)
2022-08-13 05:01:20.483 *** Mouse movement (LeftButton) ***  Mouse coords: (2214, 920) (36827, 51334)
2022-08-13 05:01:20.524 *** Mouse movement (LeftButton) ***  Mouse coords: (2262, 953) (36720, 51313)
2022-08-13 05:01:20.567 *** Mouse movement (LeftButton) ***  Mouse coords: (2306, 981) (36681, 51265)
2022-08-13 05:01:20.609 *** Mouse movement (LeftButton) ***  Mouse coords: (2337, 1001) (36554, 51187)
2022-08-13 05:01:20.658 *** Mouse movement (LeftButton) ***  Mouse coords: (2342, 1005) (36301, 51031)
2022-08-13 05:01:20.700 *** Mouse movement (LeftButton) ***  Mouse coords: (2350, 1011) (36330, 51051)
2022-08-13 05:01:20.732 *** Mouse movement (LeftButton) ***  Mouse coords: (2358, 1017) (36330, 51050)
2022-08-13 05:01:20.775 *** Mouse movement (LeftButton) ***  Mouse coords: (2367, 1024) (36340, 51060)
2022-08-13 05:01:20.815 *** Mouse movement (LeftButton) ***  Mouse coords: (2368, 1025) (36262, 51002)
2022-08-13 05:01:22.157 *** Process image overlay spent 0.01 seconds.
2022-08-13 05:01:22.382 *** Get cell color spent 0.22 seconds.
2022-08-13 05:01:32.195 *** Process image overlay spent 0.01 seconds.
2022-08-13 05:01:32.239 *** Get cell color spent 0.04 seconds.
2022-08-13 05:01:34.256 *** Process image overlay spent 0.01 seconds.
2022-08-13 05:01:34.272 *** Get cell color spent 0.02 seconds.
2022-08-13 05:01:41.520 *** Process image overlay spent 0.01 seconds.
2022-08-13 05:01:41.530 *** Get cell color spent 0.01 seconds.
2022-08-13 05:01:42.429 *** Mouse movement (LeftButton) ***  Mouse coords: (2155, 400) (29586, 46133)
2022-08-13 05:01:42.465 *** Mouse movement (LeftButton) ***  Mouse coords: (2194, 444) (29627, 46179)
2022-08-13 05:01:42.494 *** Mouse movement (LeftButton) ***  Mouse coords: (2256, 494) (29691, 46231)
2022-08-13 05:01:42.522 *** Mouse movement (LeftButton) ***  Mouse coords: (2320, 547) (29757, 46286)
2022-08-13 05:01:42.551 *** Mouse movement (LeftButton) ***  Mouse coords: (2370, 595) (29809, 46336)
2022-08-13 05:01:42.580 *** Mouse movement (LeftButton) ***  Mouse coords: (2385, 621) (29825, 46363)
2022-08-13 05:01:42.610 *** Mouse movement (LeftButton) ***  Mouse coords: (2390, 636) (29830, 46379)
2022-08-13 05:01:42.638 *** Mouse movement (LeftButton) ***  Mouse coords: (2391, 637) (29831, 46380)
2022-08-13 05:01:42.819 *** Mouse movement (LeftButton) ***  Mouse coords: (2390, 637) (29830, 46380)
2022-08-13 05:01:42.872 *** Mouse movement (LeftButton) ***  Mouse coords: (2360, 637) (29799, 46380)
2022-08-13 05:01:42.900 *** Mouse movement (LeftButton) ***  Mouse coords: (2356, 637) (29795, 46380)
2022-08-13 05:01:43.080 *** Mouse movement (LeftButton) ***  Mouse coords: (2355, 637) (29794, 46380)
2022-08-13 05:01:44.664 *** Interactive label *** Apply to case start.
2022-08-13 05:01:48.741 *** Interactive label *** Apply to case done.
2022-08-13 05:01:55.918 *** Interactive label *** Apply to case finish overlay create.
2022-08-13 05:01:55.923 *** Process image overlay spent 0.00 seconds.
2022-08-13 05:01:55.930 *** Get cell color spent 0.01 seconds.
2022-08-13 05:01:57.435 *** Mouse movement (LeftButton) ***  Mouse coords: (1592, 1116) (29001, 46877)
2022-08-13 05:01:57.465 *** Mouse movement (LeftButton) ***  Mouse coords: (1603, 1134) (29012, 46896)
2022-08-13 05:01:57.496 *** Mouse movement (LeftButton) ***  Mouse coords: (1637, 1171) (29048, 46935)
2022-08-13 05:01:57.526 *** Mouse movement (LeftButton) ***  Mouse coords: (1677, 1216) (29089, 46981)
2022-08-13 05:01:57.554 *** Mouse movement (LeftButton) ***  Mouse coords: (1719, 1265) (29133, 47032)
2022-08-13 05:01:57.582 *** Mouse movement (LeftButton) ***  Mouse coords: (1739, 1294) (29154, 47062)
2022-08-13 05:01:57.611 *** Mouse movement (LeftButton) ***  Mouse coords: (1760, 1321) (29175, 47091)
2022-08-13 05:01:57.640 *** Mouse movement (LeftButton) ***  Mouse coords: (1777, 1340) (29193, 47110)
2022-08-13 05:01:57.669 *** Mouse movement (LeftButton) ***  Mouse coords: (1784, 1347) (29200, 47118)
2022-08-13 05:01:57.697 *** Mouse movement (LeftButton) ***  Mouse coords: (1787, 1352) (29203, 47123)
2022-08-13 05:01:57.727 *** Mouse movement (LeftButton) ***  Mouse coords: (1803, 1369) (29220, 47140)
2022-08-13 05:01:57.756 *** Mouse movement (LeftButton) ***  Mouse coords: (1820, 1381) (29238, 47153)
2022-08-13 05:01:57.784 *** Mouse movement (LeftButton) ***  Mouse coords: (1826, 1385) (29244, 47157)
2022-08-13 05:01:57.813 *** Mouse movement (LeftButton) ***  Mouse coords: (1830, 1387) (29248, 47159)
2022-08-13 05:01:57.842 *** Mouse movement (LeftButton) ***  Mouse coords: (1831, 1387) (29249, 47159)
2022-08-13 05:01:59.682 *** Mouse movement (LeftButton) ***  Mouse coords: (1531, 1198) (28937, 46963)
2022-08-13 05:01:59.718 *** Mouse movement (LeftButton) ***  Mouse coords: (1559, 1224) (28966, 46990)
2022-08-13 05:01:59.747 *** Mouse movement (LeftButton) ***  Mouse coords: (1612, 1264) (29022, 47031)
2022-08-13 05:01:59.776 *** Mouse movement (LeftButton) ***  Mouse coords: (1666, 1314) (29078, 47083)
2022-08-13 05:01:59.805 *** Mouse movement (LeftButton) ***  Mouse coords: (1709, 1359) (29122, 47130)
2022-08-13 05:01:59.834 *** Mouse movement (LeftButton) ***  Mouse coords: (1736, 1389) (29150, 47161)
2022-08-13 05:01:59.863 *** Mouse movement (LeftButton) ***  Mouse coords: (1752, 1411) (29167, 47184)
2022-08-13 05:01:59.892 *** Mouse movement (LeftButton) ***  Mouse coords: (1754, 1414) (29169, 47187)
2022-08-13 05:02:00.040 *** Mouse movement (LeftButton) ***  Mouse coords: (1754, 1415) (29169, 47188)
2022-08-13 05:02:00.072 *** Mouse movement (LeftButton) ***  Mouse coords: (1756, 1419) (29171, 47192)
2022-08-13 05:02:00.101 *** Mouse movement (LeftButton) ***  Mouse coords: (1762, 1429) (29177, 47203)
2022-08-13 05:02:00.129 *** Mouse movement (LeftButton) ***  Mouse coords: (1794, 1455) (29211, 47230)
2022-08-13 05:02:00.159 *** Mouse movement (LeftButton) ***  Mouse coords: (1820, 1467) (29238, 47242)
2022-08-13 05:02:00.188 *** Mouse movement (LeftButton) ***  Mouse coords: (1823, 1469) (29241, 47244)
2022-08-13 05:02:01.377 *** Interactive label *** Apply to case start.
2022-08-13 05:02:05.549 *** Interactive label *** Apply to case done.
2022-08-13 05:02:06.982 *** Interactive label *** Apply to case finish overlay create.
2022-08-13 05:02:06.987 *** Process image overlay spent 0.01 seconds.
2022-08-13 05:02:06.995 *** Get cell color spent 0.01 seconds.
2022-08-13 05:02:08.911 *** Process image overlay spent 0.01 seconds.
2022-08-13 05:02:08.933 *** Get cell color spent 0.02 seconds.
2022-08-13 05:02:09.496 *** Process image overlay spent 0.01 seconds.
2022-08-13 05:02:09.545 *** Get cell color spent 0.05 seconds.
2022-08-13 05:02:11.158 *** Process image overlay spent 0.01 seconds.
2022-08-13 05:02:11.178 *** Get cell color spent 0.02 seconds.
2022-08-13 05:02:11.781 *** Process image overlay spent 0.01 seconds.
2022-08-13 05:02:11.828 *** Get cell color spent 0.05 seconds.
2022-08-13 05:02:14.534 *** Process image overlay spent 0.01 seconds.
2022-08-13 05:02:14.665 *** Get cell color spent 0.13 seconds.
2022-08-13 05:02:17.615 *** Process image overlay spent 0.01 seconds.
2022-08-13 05:02:17.864 *** Get cell color spent 0.25 seconds.
2022-08-13 05:02:28.558 *** Process image overlay spent 0.01 seconds.
2022-08-13 05:02:28.580 *** Get cell color spent 0.02 seconds.
2022-08-13 05:02:29.154 *** Process image overlay spent 0.01 seconds.
2022-08-13 05:02:29.161 *** Get cell color spent 0.01 seconds.
2022-08-13 05:02:30.964 *** Process image overlay spent 0.01 seconds.
2022-08-13 05:02:30.968 *** Get cell color spent 0.00 seconds.
2022-08-13 05:02:31.856 *** Mouse movement (LeftButton) ***  Mouse coords: (2043, 705) (78729, 50287)
2022-08-13 05:02:31.897 *** Mouse movement (LeftButton) ***  Mouse coords: (2074, 732) (78786, 50336)
2022-08-13 05:02:31.923 *** Mouse movement (LeftButton) ***  Mouse coords: (2161, 777) (78944, 50418)
2022-08-13 05:02:31.949 *** Mouse movement (LeftButton) ***  Mouse coords: (2254, 813) (79113, 50483)
2022-08-13 05:02:31.976 *** Mouse movement (LeftButton) ***  Mouse coords: (2339, 842) (79268, 50536)
2022-08-13 05:02:32.003 *** Mouse movement (LeftButton) ***  Mouse coords: (2373, 857) (79330, 50563)
2022-08-13 05:02:32.029 *** Mouse movement (LeftButton) ***  Mouse coords: (2375, 859) (79333, 50567)
2022-08-13 05:02:32.055 *** Mouse movement (LeftButton) ***  Mouse coords: (2375, 861) (79333, 50570)
2022-08-13 05:02:32.136 *** Mouse movement (LeftButton) ***  Mouse coords: (2375, 862) (79333, 50572)
2022-08-13 05:02:32.168 *** Mouse movement (LeftButton) ***  Mouse coords: (2374, 866) (79331, 50579)
2022-08-13 05:02:32.194 *** Mouse movement (LeftButton) ***  Mouse coords: (2374, 868) (79331, 50583)
2022-08-13 05:02:32.221 *** Mouse movement (LeftButton) ***  Mouse coords: (2376, 875) (79335, 50596)
2022-08-13 05:02:32.247 *** Mouse movement (LeftButton) ***  Mouse coords: (2384, 885) (79350, 50614)
2022-08-13 05:02:32.274 *** Mouse movement (LeftButton) ***  Mouse coords: (2388, 889) (79357, 50621)
2022-08-13 05:02:32.300 *** Mouse movement (LeftButton) ***  Mouse coords: (2389, 891) (79359, 50625)
2022-08-13 05:02:32.328 *** Mouse movement (LeftButton) ***  Mouse coords: (2392, 894) (79364, 50630)
2022-08-13 05:02:32.355 *** Mouse movement (LeftButton) ***  Mouse coords: (2403, 908) (79384, 50656)
2022-08-13 05:02:32.381 *** Mouse movement (LeftButton) ***  Mouse coords: (2413, 916) (79402, 50670)
2022-08-13 05:02:33.663 *** Interactive label *** Apply to case start.
2022-08-13 05:02:37.872 *** Interactive label *** Apply to case done.
2022-08-13 05:02:39.990 *** Interactive label *** Apply to case finish overlay create.
2022-08-13 05:02:39.997 *** Process image overlay spent 0.01 seconds.
2022-08-13 05:02:40.000 *** Get cell color spent 0.00 seconds.
2022-08-13 05:02:40.800 *** Process image overlay spent 0.01 seconds.
2022-08-13 05:02:40.807 *** Get cell color spent 0.01 seconds.
2022-08-13 05:02:47.322 *** Process image overlay spent 0.01 seconds.
2022-08-13 05:02:47.328 *** Get cell color spent 0.01 seconds.
2022-08-13 05:02:48.292 *** Mouse movement (LeftButton) ***  Mouse coords: (1317, 491) (48933, 40912)
2022-08-13 05:02:48.323 *** Mouse movement (LeftButton) ***  Mouse coords: (1336, 536) (48967, 40994)
2022-08-13 05:02:48.354 *** Mouse movement (LeftButton) ***  Mouse coords: (1390, 591) (49066, 41094)
2022-08-13 05:02:48.382 *** Mouse movement (LeftButton) ***  Mouse coords: (1464, 662) (49200, 41223)
2022-08-13 05:02:48.410 *** Mouse movement (LeftButton) ***  Mouse coords: (1571, 773) (49395, 41426)
2022-08-13 05:02:48.437 *** Mouse movement (LeftButton) ***  Mouse coords: (1706, 920) (49641, 41693)
2022-08-13 05:02:48.465 *** Mouse movement (LeftButton) ***  Mouse coords: (1822, 1045) (49852, 41921)
2022-08-13 05:02:48.493 *** Mouse movement (LeftButton) ***  Mouse coords: (1894, 1114) (49984, 42047)
2022-08-13 05:02:48.521 *** Mouse movement (LeftButton) ***  Mouse coords: (1918, 1130) (50027, 42076)
2022-08-13 05:02:48.602 *** Mouse movement (LeftButton) ***  Mouse coords: (1919, 1130) (50029, 42076)
2022-08-13 05:02:48.636 *** Mouse movement (LeftButton) ***  Mouse coords: (1924, 1123) (50038, 42063)
2022-08-13 05:02:48.662 *** Mouse movement (LeftButton) ***  Mouse coords: (1925, 1116) (50040, 42050)
2022-08-13 05:02:48.691 *** Mouse movement (LeftButton) ***  Mouse coords: (1925, 1112) (50040, 42043)
2022-08-13 05:02:48.718 *** Mouse movement (LeftButton) ***  Mouse coords: (1926, 1111) (50042, 42041)
2022-08-13 05:02:49.945 *** Interactive label *** Apply to case start.
2022-08-13 05:02:54.187 *** Interactive label *** Apply to case done.
2022-08-13 05:02:55.065 *** Interactive label *** Apply to case finish overlay create.
2022-08-13 05:02:55.073 *** Process image overlay spent 0.01 seconds.
2022-08-13 05:02:55.078 *** Get cell color spent 0.00 seconds.
2022-08-13 05:02:56.231 *** Process image overlay spent 0.01 seconds.
2022-08-13 05:02:56.244 *** Get cell color spent 0.01 seconds.
2022-08-13 05:03:08.004 *** Process image overlay spent 0.01 seconds.
2022-08-13 05:03:08.007 *** Get cell color spent 0.00 seconds.
2022-08-13 05:03:09.403 *** Process image overlay spent 0.01 seconds.
2022-08-13 05:03:09.405 *** Get cell color spent 0.00 seconds.
2022-08-13 05:03:09.554 *** Process image overlay spent 0.01 seconds.
2022-08-13 05:03:09.556 *** Get cell color spent 0.00 seconds.
2022-08-13 05:03:15.995 *** Process image overlay spent 0.01 seconds.
2022-08-13 05:03:16.009 *** Get cell color spent 0.01 seconds.
2022-08-13 05:03:17.943 *** Process image overlay spent 0.01 seconds.
2022-08-13 05:03:17.945 *** Get cell color spent 0.00 seconds.
2022-08-13 05:03:18.766 *** Process image overlay spent 0.01 seconds.
2022-08-13 05:03:18.767 *** Get cell color spent 0.00 seconds.
2022-08-13 05:03:18.987 *** Process image overlay spent 0.01 seconds.
2022-08-13 05:03:18.989 *** Get cell color spent 0.00 seconds.
2022-08-13 05:03:19.962 *** Process image overlay spent 0.01 seconds.
2022-08-13 05:03:19.963 *** Get cell color spent 0.00 seconds.
2022-08-13 05:03:24.423 *** Mouse movement (LeftButton) ***  Mouse coords: (1035, 346) (18698, 37457)
2022-08-13 05:03:24.478 *** Mouse movement (LeftButton) ***  Mouse coords: (1129, 440) (23512, 42271)
2022-08-13 05:03:24.545 *** Mouse movement (LeftButton) ***  Mouse coords: (1284, 613) (26703, 46404)
2022-08-13 05:03:24.588 *** Mouse movement (LeftButton) ***  Mouse coords: (1356, 695) (22361, 41643)
2022-08-13 05:03:24.632 *** Mouse movement (LeftButton) ***  Mouse coords: (1383, 741) (20007, 39760)
2022-08-13 05:03:24.675 *** Mouse movement (LeftButton) ***  Mouse coords: (1404, 774) (19693, 39079)
2022-08-13 05:03:24.718 *** Mouse movement (LeftButton) ***  Mouse coords: (1404, 775) (18594, 37406)
2022-08-13 05:03:29.147 *** Mouse movement (LeftButton) ***  Mouse coords: (1920, 888) (48639, 43400)
2022-08-13 05:03:29.211 *** Mouse movement (LeftButton) ***  Mouse coords: (1940, 890) (49207, 43459)
2022-08-13 05:03:29.279 *** Mouse movement (LeftButton) ***  Mouse coords: (1959, 892) (49177, 43460)
2022-08-13 05:03:29.320 *** Mouse movement (LeftButton) ***  Mouse coords: (2028, 860) (50672, 42443)
2022-08-13 05:03:29.361 *** Mouse movement (LeftButton) ***  Mouse coords: (2080, 846) (50164, 42982)
2022-08-13 05:03:29.404 *** Mouse movement (LeftButton) ***  Mouse coords: (2087, 846) (48818, 43400)
2022-08-13 05:03:30.556 *** Mouse movement (LeftButton) ***  Mouse coords: (1778, 804) (39371, 42144)
2022-08-13 05:03:30.611 *** Mouse movement (LeftButton) ***  Mouse coords: (1810, 861) (40328, 43818)
2022-08-13 05:03:30.674 *** Mouse movement (LeftButton) ***  Mouse coords: (1899, 950) (42031, 44775)
2022-08-13 05:03:30.715 *** Mouse movement (LeftButton) ***  Mouse coords: (1960, 980) (41195, 43011)
2022-08-13 05:03:30.754 *** Mouse movement (LeftButton) ***  Mouse coords: (1982, 989) (40029, 42383)
2022-08-13 05:03:30.793 *** Mouse movement (LeftButton) ***  Mouse coords: (1983, 990) (39401, 42144)
2022-08-13 05:03:32.581 *** Mouse movement (LeftButton) ***  Mouse coords: (1865, 804) (35843, 36553)
2022-08-13 05:03:32.627 *** Mouse movement (LeftButton) ***  Mouse coords: (1860, 856) (35693, 38078)
2022-08-13 05:03:32.692 *** Mouse movement (LeftButton) ***  Mouse coords: (1884, 949) (36561, 39303)
2022-08-13 05:03:32.731 *** Mouse movement (LeftButton) ***  Mouse coords: (1885, 953) (35873, 36643)
2022-08-13 05:03:33.378 *** Mouse movement (LeftButton) ***  Mouse coords: (2096, 1052) (42151, 39482)
2022-08-13 05:03:33.444 *** Mouse movement (LeftButton) ***  Mouse coords: (1964, 987) (38205, 37569)
2022-08-13 05:03:33.508 *** Mouse movement (LeftButton) ***  Mouse coords: (1820, 932) (37846, 37868)
2022-08-13 05:03:33.548 *** Mouse movement (LeftButton) ***  Mouse coords: (1816, 931) (42031, 39482)
2022-08-13 05:03:34.256 *** Mouse movement (LeftButton) ***  Mouse coords: (2072, 1345) (49804, 51889)
2022-08-13 05:03:34.313 *** Mouse movement (LeftButton) ***  Mouse coords: (2041, 1263) (48878, 49468)
2022-08-13 05:03:34.378 *** Mouse movement (LeftButton) ***  Mouse coords: (2014, 1123) (48996, 47733)
2022-08-13 05:03:34.421 *** Mouse movement (LeftButton) ***  Mouse coords: (1990, 1070) (49087, 50335)
2022-08-13 05:03:34.462 *** Mouse movement (LeftButton) ***  Mouse coords: (1986, 1064) (49684, 51739)
2022-08-13 05:03:34.623 *** Mouse movement (LeftButton) ***  Mouse coords: (1986, 1063) (49804, 51889)
2022-08-13 05:03:34.678 *** Mouse movement (LeftButton) ***  Mouse coords: (1987, 1040) (49834, 51232)
2022-08-13 05:03:34.752 *** Mouse movement (LeftButton) ***  Mouse coords: (1989, 1020) (49864, 51321)
2022-08-13 05:03:35.263 *** Mouse movement (LeftButton) ***  Mouse coords: (2017, 1150) (50641, 55805)
2022-08-13 05:03:35.328 *** Mouse movement (LeftButton) ***  Mouse coords: (2016, 1161) (50611, 56104)
2022-08-13 05:03:35.394 *** Mouse movement (LeftButton) ***  Mouse coords: (1995, 1209) (50013, 57210)
2022-08-13 05:03:35.436 *** Mouse movement (LeftButton) ***  Mouse coords: (1966, 1246) (49774, 56881)
2022-08-13 05:03:35.476 *** Mouse movement (LeftButton) ***  Mouse coords: (1949, 1266) (50133, 56373)
2022-08-13 05:03:35.517 *** Mouse movement (LeftButton) ***  Mouse coords: (1944, 1271) (50492, 55925)
2022-08-13 05:03:35.557 *** Mouse movement (LeftButton) ***  Mouse coords: (1939, 1277) (50491, 55954)
2022-08-13 05:03:35.598 *** Mouse movement (LeftButton) ***  Mouse coords: (1927, 1286) (50282, 56044)
2022-08-13 05:03:35.638 *** Mouse movement (LeftButton) ***  Mouse coords: (1906, 1296) (50014, 56074)
2022-08-13 05:03:35.679 *** Mouse movement (LeftButton) ***  Mouse coords: (1869, 1306) (49534, 56074)
2022-08-13 05:03:35.720 *** Mouse movement (LeftButton) ***  Mouse coords: (1819, 1309) (49147, 55865)
2022-08-13 05:03:35.760 *** Mouse movement (LeftButton) ***  Mouse coords: (1761, 1300) (48907, 55506)
2022-08-13 05:03:35.800 *** Mouse movement (LeftButton) ***  Mouse coords: (1704, 1271) (48937, 54908)
2022-08-13 05:03:35.842 *** Mouse movement (LeftButton) ***  Mouse coords: (1676, 1242) (49804, 54908)
2022-08-13 05:03:35.882 *** Mouse movement (LeftButton) ***  Mouse coords: (1669, 1219) (50431, 55087)
2022-08-13 05:03:35.923 *** Mouse movement (LeftButton) ***  Mouse coords: (1667, 1188) (50581, 54848)
2022-08-13 05:03:35.966 *** Mouse movement (LeftButton) ***  Mouse coords: (1673, 1156) (50821, 54819)
2022-08-13 05:03:36.009 *** Mouse movement (LeftButton) ***  Mouse coords: (1688, 1123) (51089, 54788)
2022-08-13 05:03:36.051 *** Mouse movement (LeftButton) ***  Mouse coords: (1697, 1108) (50910, 55327)
2022-08-13 05:03:36.094 *** Mouse movement (LeftButton) ***  Mouse coords: (1702, 1104) (50791, 55655)
2022-08-13 05:03:36.136 *** Mouse movement (LeftButton) ***  Mouse coords: (1703, 1104) (50671, 55775)
2022-08-13 05:03:36.199 *** Mouse movement (LeftButton) ***  Mouse coords: (1704, 1104) (50671, 55775)
2022-08-13 05:03:36.804 *** Mouse movement (LeftButton) ***  Mouse coords: (1727, 1008) (51328, 52905)
2022-08-13 05:03:36.863 *** Mouse movement (LeftButton) ***  Mouse coords: (1754, 1049) (52135, 54101)
2022-08-13 05:03:36.927 *** Mouse movement (LeftButton) ***  Mouse coords: (1776, 1086) (51986, 53981)
2022-08-13 05:03:36.967 *** Mouse movement (LeftButton) ***  Mouse coords: (1791, 1107) (51777, 53503)
2022-08-13 05:03:37.008 *** Mouse movement (LeftButton) ***  Mouse coords: (1795, 1114) (51447, 53084)
2022-08-13 05:03:37.048 *** Mouse movement (LeftButton) ***  Mouse coords: (1796, 1114) (51358, 52875)
2022-08-13 05:03:38.871 *** Mouse movement (LeftButton) ***  Mouse coords: (1777, 1114) (50862, 53566)
2022-08-13 05:03:38.927 *** Mouse movement (LeftButton) ***  Mouse coords: (1803, 1094) (51290, 53225)
2022-08-13 05:03:38.993 *** Mouse movement (LeftButton) ***  Mouse coords: (1891, 987) (52348, 51738)
2022-08-13 05:03:39.035 *** Mouse movement (LeftButton) ***  Mouse coords: (1995, 888) (52622, 51874)
2022-08-13 05:03:39.076 *** Mouse movement (LeftButton) ***  Mouse coords: (2046, 842) (51716, 52781)
2022-08-13 05:03:39.821 *** Mouse movement (LeftButton) ***  Mouse coords: (1790, 995) (46471, 56179)
2022-08-13 05:03:39.877 *** Mouse movement (LeftButton) ***  Mouse coords: (1832, 1007) (47189, 56367)
2022-08-13 05:03:39.944 *** Mouse movement (LeftButton) ***  Mouse coords: (2009, 1050) (49495, 56897)
2022-08-13 05:03:39.986 *** Mouse movement (LeftButton) ***  Mouse coords: (2103, 1080) (48077, 56674)
2022-08-13 05:03:40.028 *** Mouse movement (LeftButton) ***  Mouse coords: (2166, 1104) (47547, 56572)
2022-08-13 05:03:40.069 *** Mouse movement (LeftButton) ***  Mouse coords: (2174, 1108) (46608, 56231)
2022-08-13 05:03:40.740 *** Mouse movement (LeftButton) ***  Mouse coords: (1626, 867) (37109, 52045)
2022-08-13 05:03:40.811 *** Mouse movement (LeftButton) ***  Mouse coords: (1631, 862) (37160, 51959)
2022-08-13 05:03:40.877 *** Mouse movement (LeftButton) ***  Mouse coords: (1653, 866) (37451, 52114)
2022-08-13 05:03:40.918 *** Mouse movement (LeftButton) ***  Mouse coords: (1702, 890) (37912, 52455)
2022-08-13 05:03:40.959 *** Mouse movement (LeftButton) ***  Mouse coords: (1728, 899) (37519, 52198)
2022-08-13 05:03:41.000 *** Mouse movement (LeftButton) ***  Mouse coords: (1730, 899) (37109, 52045)
2022-08-13 05:03:41.041 *** Mouse movement (LeftButton) ***  Mouse coords: (1735, 901) (37161, 52079)
2022-08-13 05:03:41.082 *** Mouse movement (LeftButton) ***  Mouse coords: (1754, 904) (37399, 52097)
2022-08-13 05:03:41.123 *** Mouse movement (LeftButton) ***  Mouse coords: (1770, 907) (37349, 52096)
2022-08-13 05:03:41.165 *** Mouse movement (LeftButton) ***  Mouse coords: (1799, 918) (37570, 52233)
2022-08-13 05:03:41.205 *** Mouse movement (LeftButton) ***  Mouse coords: (1846, 933) (37878, 52301)
2022-08-13 05:03:41.246 *** Mouse movement (LeftButton) ***  Mouse coords: (1893, 952) (37878, 52370)
2022-08-13 05:03:41.288 *** Mouse movement (LeftButton) ***  Mouse coords: (1917, 962) (37485, 52216)
2022-08-13 05:03:41.328 *** Mouse movement (LeftButton) ***  Mouse coords: (1926, 966) (37229, 52113)
2022-08-13 05:03:41.370 *** Mouse movement (LeftButton) ***  Mouse coords: (1927, 966) (37092, 52045)
2022-08-13 05:03:42.646 *** Mouse movement (LeftButton) ***  Mouse coords: (1879, 780) (36255, 48867)
2022-08-13 05:03:42.694 *** Mouse movement (LeftButton) ***  Mouse coords: (1890, 808) (36443, 49329)
2022-08-13 05:03:42.760 *** Mouse movement (LeftButton) ***  Mouse coords: (1899, 826) (36409, 49157)
2022-08-13 05:03:42.801 *** Mouse movement (LeftButton) ***  Mouse coords: (1900, 828) (36272, 48884)
2022-08-13 05:03:42.843 *** Mouse movement (LeftButton) ***  Mouse coords: (1901, 829) (36272, 48867)
2022-08-13 05:03:42.884 *** Mouse movement (LeftButton) ***  Mouse coords: (1902, 832) (36272, 48902)
2022-08-13 05:03:42.975 *** Mouse movement (LeftButton) ***  Mouse coords: (1902, 833) (36255, 48867)
2022-08-13 05:03:43.027 *** Mouse movement (LeftButton) ***  Mouse coords: (1905, 839) (36306, 48952)
2022-08-13 05:03:43.077 *** Mouse movement (LeftButton) ***  Mouse coords: (1907, 843) (36289, 48919)
2022-08-13 05:03:45.053 *** Mouse movement (LeftButton) ***  Mouse coords: (1907, 844) (36255, 48867)
2022-08-13 05:03:45.112 *** Mouse movement (LeftButton) ***  Mouse coords: (1924, 865) (36546, 49208)
2022-08-13 05:03:45.178 *** Mouse movement (LeftButton) ***  Mouse coords: (1934, 879) (36426, 49090)
2022-08-13 05:03:45.219 *** Mouse movement (LeftButton) ***  Mouse coords: (1935, 882) (36272, 48901)
2022-08-13 05:04:49.350 *** Mouse movement (LeftButton) ***  Mouse coords: (1953, 620) (36562, 44374)
2022-08-13 05:04:49.390 *** Mouse movement (LeftButton) ***  Mouse coords: (1953, 621) (36682, 44271)
2022-08-13 05:04:49.458 *** Mouse movement (LeftButton) ***  Mouse coords: (1871, 646) (35281, 44681)
2022-08-13 05:04:49.499 *** Mouse movement (LeftButton) ***  Mouse coords: (1860, 643) (36494, 44203)
2022-08-13 05:04:49.541 *** Mouse movement (LeftButton) ***  Mouse coords: (1839, 615) (36324, 43776)
2022-08-13 05:04:49.582 *** Mouse movement (LeftButton) ***  Mouse coords: (1788, 575) (35810, 43570)
2022-08-13 05:04:49.623 *** Mouse movement (LeftButton) ***  Mouse coords: (1753, 557) (36084, 43947)
2022-08-13 05:04:49.664 *** Mouse movement (LeftButton) ***  Mouse coords: (1731, 547) (36307, 44083)
2022-08-13 05:04:49.705 *** Mouse movement (LeftButton) ***  Mouse coords: (1696, 530) (36084, 43963)
2022-08-13 05:04:49.746 *** Mouse movement (LeftButton) ***  Mouse coords: (1648, 504) (35862, 43810)
2022-08-13 05:04:49.787 *** Mouse movement (LeftButton) ***  Mouse coords: (1627, 487) (36323, 43964)
2022-08-13 05:04:49.827 *** Mouse movement (LeftButton) ***  Mouse coords: (1595, 460) (36135, 43793)
2022-08-13 05:04:49.868 *** Mouse movement (LeftButton) ***  Mouse coords: (1575, 441) (36341, 43929)
2022-08-13 05:04:49.910 *** Mouse movement (LeftButton) ***  Mouse coords: (1559, 426) (36408, 43998)
2022-08-13 05:04:49.952 *** Mouse movement (LeftButton) ***  Mouse coords: (1541, 411) (36375, 43998)
2022-08-13 05:04:49.994 *** Mouse movement (LeftButton) ***  Mouse coords: (1496, 388) (35913, 43861)
2022-08-13 05:04:50.035 *** Mouse movement (LeftButton) ***  Mouse coords: (1480, 382) (36409, 44151)
2022-08-13 05:04:50.076 *** Mouse movement (LeftButton) ***  Mouse coords: (1452, 373) (36203, 44100)
2022-08-13 05:04:50.118 *** Mouse movement (LeftButton) ***  Mouse coords: (1409, 362) (35948, 44066)
2022-08-13 05:04:50.162 *** Mouse movement (LeftButton) ***  Mouse coords: (1405, 360) (36613, 44220)
2022-08-13 05:04:56.455 *** Mouse movement (LeftButton) ***  Mouse coords: (1406, 360) (36699, 44254)
2022-08-13 05:04:56.527 *** Mouse movement (LeftButton) ***  Mouse coords: (1427, 367) (37041, 44374)
2022-08-13 05:04:56.591 *** Mouse movement (LeftButton) ***  Mouse coords: (1439, 370) (36887, 44305)
2022-08-13 05:04:57.603 *** Mouse movement (LeftButton) ***  Mouse coords: (1403, 332) (36067, 43605)
2022-08-13 05:04:57.644 *** Mouse movement (LeftButton) ***  Mouse coords: (1411, 338) (36204, 43690)
2022-08-13 05:04:57.711 *** Mouse movement (LeftButton) ***  Mouse coords: (1442, 366) (36596, 44067)
2022-08-13 05:04:57.753 *** Mouse movement (LeftButton) ***  Mouse coords: (1445, 369) (36119, 43639)
2022-08-13 05:04:58.836 *** Mouse movement (LeftButton) ***  Mouse coords: (1446, 369) (36084, 43588)
2022-08-13 05:04:58.894 *** Mouse movement (LeftButton) ***  Mouse coords: (1449, 368) (36118, 43571)
2022-08-13 05:04:58.965 *** Mouse movement (LeftButton) ***  Mouse coords: (1458, 373) (36221, 43673)
2022-08-13 05:04:59.008 *** Mouse movement (LeftButton) ***  Mouse coords: (1472, 379) (36306, 43691)
2022-08-13 05:04:59.050 *** Mouse movement (LeftButton) ***  Mouse coords: (1478, 381) (36169, 43622)
2022-08-13 05:04:59.091 *** Mouse movement (LeftButton) ***  Mouse coords: (1479, 381) (36085, 43588)
2022-08-13 05:04:59.255 *** Mouse movement (LeftButton) ***  Mouse coords: (1480, 381) (36084, 43588)
2022-08-13 05:04:59.294 *** Mouse movement (LeftButton) ***  Mouse coords: (1489, 382) (36220, 43605)
2022-08-13 05:04:59.344 *** Mouse movement (LeftButton) ***  Mouse coords: (1494, 382) (36153, 43588)
2022-08-13 05:05:20.613 *** Mouse movement (LeftButton) ***  Mouse coords: (2423, 1139) (55038, 56994)
2022-08-13 05:05:20.683 *** Mouse movement (LeftButton) ***  Mouse coords: (2265, 1028) (50344, 53676)
2022-08-13 05:05:20.767 *** Mouse movement (LeftButton) ***  Mouse coords: (1862, 837) (43020, 51284)
2022-08-13 05:05:20.807 *** Mouse movement (LeftButton) ***  Mouse coords: (1655, 744) (48880, 54213)
2022-08-13 05:05:20.847 *** Mouse movement (LeftButton) ***  Mouse coords: (1462, 662) (49298, 54543)
2022-08-13 05:05:20.889 *** Mouse movement (LeftButton) ***  Mouse coords: (1296, 596) (50105, 55021)
2022-08-13 05:05:20.930 *** Mouse movement (LeftButton) ***  Mouse coords: (1136, 537) (50285, 55230)
2022-08-13 05:05:20.971 *** Mouse movement (LeftButton) ***  Mouse coords: (1065, 517) (52945, 56396)
2022-08-13 05:05:21.012 *** Mouse movement (LeftButton) ***  Mouse coords: (1059, 514) (54889, 56904)
2022-08-13 05:05:21.634 *** Mouse movement (LeftButton) ***  Mouse coords: (2211, 943) (89508, 69820)
2022-08-13 05:05:21.694 *** Mouse movement (LeftButton) ***  Mouse coords: (2203, 941) (89239, 69760)
2022-08-13 05:05:21.763 *** Mouse movement (LeftButton) ***  Mouse coords: (1964, 874) (82333, 67817)
2022-08-13 05:05:21.804 *** Mouse movement (LeftButton) ***  Mouse coords: (1703, 831) (81675, 68534)
2022-08-13 05:05:21.844 *** Mouse movement (LeftButton) ***  Mouse coords: (1446, 800) (81794, 68894)
2022-08-13 05:05:21.884 *** Mouse movement (LeftButton) ***  Mouse coords: (1257, 787) (83828, 69431)
2022-08-13 05:05:21.923 *** Mouse movement (LeftButton) ***  Mouse coords: (1135, 784) (85831, 69730)
2022-08-13 05:05:21.963 *** Mouse movement (LeftButton) ***  Mouse coords: (1107, 790) (88641, 70000)
2022-08-13 05:05:22.002 *** Mouse movement (LeftButton) ***  Mouse coords: (1110, 793) (89567, 69909)
2022-08-13 05:05:22.865 *** Mouse movement (LeftButton) ***  Mouse coords: (1334, 379) (96175, 57443)
2022-08-13 05:05:22.927 *** Mouse movement (LeftButton) ***  Mouse coords: (1402, 601) (98208, 64051)
2022-08-13 05:05:22.991 *** Mouse movement (LeftButton) ***  Mouse coords: (1586, 923) (101676, 67041)
2022-08-13 05:05:23.033 *** Mouse movement (LeftButton) ***  Mouse coords: (1707, 1036) (99792, 60792)
2022-08-13 05:05:23.074 *** Mouse movement (LeftButton) ***  Mouse coords: (1771, 1086) (98089, 58909)
2022-08-13 05:05:23.115 *** Mouse movement (LeftButton) ***  Mouse coords: (1782, 1096) (96504, 57713)
2022-08-13 05:05:23.790 *** Mouse movement (LeftButton) ***  Mouse coords: (1181, 523) (78207, 40283)
2022-08-13 05:05:23.844 *** Mouse movement (LeftButton) ***  Mouse coords: (1230, 590) (79672, 42257)
2022-08-13 05:05:23.908 *** Mouse movement (LeftButton) ***  Mouse coords: (1324, 696) (81017, 43423)
2022-08-13 05:05:23.950 *** Mouse movement (LeftButton) ***  Mouse coords: (1444, 786) (81795, 42945)
2022-08-13 05:05:23.991 *** Mouse movement (LeftButton) ***  Mouse coords: (1635, 881) (83917, 43094)
2022-08-13 05:05:24.032 *** Mouse movement (LeftButton) ***  Mouse coords: (1901, 963) (86159, 42706)
2022-08-13 05:05:24.074 *** Mouse movement (LeftButton) ***  Mouse coords: (2182, 1008) (86608, 41599)
2022-08-13 05:05:24.115 *** Mouse movement (LeftButton) ***  Mouse coords: (2378, 1030) (84067, 40912)
2022-08-13 05:05:24.157 *** Mouse movement (LeftButton) ***  Mouse coords: (2425, 1036) (79612, 40433)
2022-08-13 05:05:24.887 *** Mouse movement (LeftButton) ***  Mouse coords: (1258, 520) (43318, 24828)
2022-08-13 05:05:24.944 *** Mouse movement (LeftButton) ***  Mouse coords: (1404, 661) (47653, 29013)
2022-08-13 05:05:25.012 *** Mouse movement (LeftButton) ***  Mouse coords: (1664, 859) (51061, 30718)
2022-08-13 05:05:25.055 *** Mouse movement (LeftButton) ***  Mouse coords: (1791, 936) (47085, 27100)
2022-08-13 05:05:25.096 *** Mouse movement (LeftButton) ***  Mouse coords: (1854, 969) (45171, 25784)
2022-08-13 05:05:25.136 *** Mouse movement (LeftButton) ***  Mouse coords: (1857, 971) (43378, 24858)
2022-08-13 05:05:25.175 *** Mouse movement (LeftButton) ***  Mouse coords: (1858, 971) (43318, 24798)
2022-08-13 05:05:31.017 *** Mouse movement (LeftButton) ***  Mouse coords: (1985, 1311) (47084, 34963)
2022-08-13 05:05:31.078 *** Mouse movement (LeftButton) ***  Mouse coords: (1966, 1300) (46546, 34634)
2022-08-13 05:05:31.150 *** Mouse movement (LeftButton) ***  Mouse coords: (1853, 1151) (43736, 30508)
2022-08-13 05:05:31.193 *** Mouse movement (LeftButton) ***  Mouse coords: (1703, 1007) (42630, 30658)
2022-08-13 05:05:31.236 *** Mouse movement (LeftButton) ***  Mouse coords: (1610, 919) (44333, 32332)
2022-08-13 05:05:31.280 *** Mouse movement (LeftButton) ***  Mouse coords: (1564, 872) (45739, 33558)
2022-08-13 05:05:31.324 *** Mouse movement (LeftButton) ***  Mouse coords: (1563, 872) (47084, 34963)
2022-08-13 05:05:35.004 *** Mouse movement (LeftButton) ***  Mouse coords: (1869, 973) (56262, 37983)
2022-08-13 05:05:35.060 *** Mouse movement (LeftButton) ***  Mouse coords: (1777, 875) (53542, 35053)
2022-08-13 05:05:35.126 *** Mouse movement (LeftButton) ***  Mouse coords: (1348, 561) (43467, 28595)
2022-08-13 05:05:35.167 *** Mouse movement (LeftButton) ***  Mouse coords: (1073, 412) (48070, 33529)
2022-08-13 05:05:35.208 *** Mouse movement (LeftButton) ***  Mouse coords: (902, 335) (51180, 35681)
2022-08-13 05:05:35.250 *** Mouse movement (LeftButton) ***  Mouse coords: (847, 308) (54648, 37176)
2022-08-13 05:05:35.290 *** Mouse movement (LeftButton) ***  Mouse coords: (846, 307) (56262, 37953)
2022-08-13 05:05:36.059 *** Mouse movement (LeftButton) ***  Mouse coords: (1707, 841) (82032, 53947)
2022-08-13 05:05:36.110 *** Mouse movement (LeftButton) ***  Mouse coords: (1633, 802) (79820, 52811)
2022-08-13 05:05:36.183 *** Mouse movement (LeftButton) ***  Mouse coords: (1334, 695) (73093, 50779)
2022-08-13 05:05:36.227 *** Mouse movement (LeftButton) ***  Mouse coords: (1231, 664) (78953, 53050)
2022-08-13 05:05:36.267 *** Mouse movement (LeftButton) ***  Mouse coords: (1216, 656) (81583, 53738)
2022-08-13 05:05:37.318 *** Mouse movement (LeftButton) ***  Mouse coords: (1212, 673) (81913, 54485)
2022-08-13 05:05:37.360 *** Mouse movement (LeftButton) ***  Mouse coords: (1196, 663) (81464, 54186)
2022-08-13 05:05:37.425 *** Mouse movement (LeftButton) ***  Mouse coords: (1096, 619) (78954, 53169)
2022-08-13 05:05:37.464 *** Mouse movement (LeftButton) ***  Mouse coords: (1035, 600) (80119, 53917)
2022-08-13 05:05:37.504 *** Mouse movement (LeftButton) ***  Mouse coords: (994, 589) (80717, 54157)
2022-08-13 05:05:37.544 *** Mouse movement (LeftButton) ***  Mouse coords: (991, 588) (81854, 54455)
2022-08-13 05:05:38.362 *** Mouse movement (LeftButton) ***  Mouse coords: (436, 289) (65350, 45546)
2022-08-13 05:05:38.427 *** Mouse movement (LeftButton) ***  Mouse coords: (556, 389) (68938, 48505)
2022-08-13 05:05:38.490 *** Mouse movement (LeftButton) ***  Mouse coords: (964, 647) (77548, 53230)
2022-08-13 05:05:38.530 *** Mouse movement (LeftButton) ***  Mouse coords: (1261, 789) (74229, 49761)
2022-08-13 05:05:38.571 *** Mouse movement (LeftButton) ***  Mouse coords: (1499, 880) (72465, 48236)
2022-08-13 05:05:38.612 *** Mouse movement (LeftButton) ***  Mouse coords: (1618, 933) (68908, 47101)
2022-08-13 05:05:38.653 *** Mouse movement (LeftButton) ***  Mouse coords: (1689, 971) (67472, 46652)
2022-08-13 05:05:38.694 *** Mouse movement (LeftButton) ***  Mouse coords: (1693, 974) (65470, 45606)
2022-08-13 05:05:38.735 *** Mouse movement (LeftButton) ***  Mouse coords: (1685, 968) (65111, 45336)
2022-08-13 05:05:39.514 *** Mouse movement (LeftButton) ***  Mouse coords: (824, 456) (39609, 30209)
2022-08-13 05:05:39.577 *** Mouse movement (LeftButton) ***  Mouse coords: (915, 525) (42300, 32272)
2022-08-13 05:05:39.645 *** Mouse movement (LeftButton) ***  Mouse coords: (1296, 709) (50969, 35710)
2022-08-13 05:05:39.688 *** Mouse movement (LeftButton) ***  Mouse coords: (1550, 820) (47173, 33528)
2022-08-13 05:05:39.731 *** Mouse movement (LeftButton) ***  Mouse coords: (1708, 882) (44302, 32062)
2022-08-13 05:05:39.770 *** Mouse movement (LeftButton) ***  Mouse coords: (1733, 894) (40327, 30568)
2022-08-13 05:05:40.626 *** Mouse movement (LeftButton) ***  Mouse coords: (1280, 588) (26036, 21061)
2022-08-13 05:05:40.694 *** Mouse movement (LeftButton) ***  Mouse coords: (1401, 727) (29653, 25186)
2022-08-13 05:05:40.759 *** Mouse movement (LeftButton) ***  Mouse coords: (1538, 846) (30132, 24589)
2022-08-13 05:05:40.799 *** Mouse movement (LeftButton) ***  Mouse coords: (1629, 910) (28756, 22944)
2022-08-13 05:05:40.841 *** Mouse movement (LeftButton) ***  Mouse coords: (1707, 945) (28368, 22078)
2022-08-13 05:05:40.880 *** Mouse movement (LeftButton) ***  Mouse coords: (1721, 951) (26455, 21210)
2022-08-13 05:05:41.957 *** Mouse movement (LeftButton) ***  Mouse coords: (1721, 962) (26036, 21360)
2022-08-13 05:05:42.010 *** Mouse movement (LeftButton) ***  Mouse coords: (1699, 929) (25378, 20403)
2022-08-13 05:05:42.074 *** Mouse movement (LeftButton) ***  Mouse coords: (1685, 910) (25618, 20822)
2022-08-13 05:05:42.114 *** Mouse movement (LeftButton) ***  Mouse coords: (1684, 909) (26006, 21360)
2022-08-13 05:05:48.608 *** Mouse movement (LeftButton) ***  Mouse coords: (1912, 1244) (32852, 31405)
2022-08-13 05:05:48.660 *** Mouse movement (LeftButton) ***  Mouse coords: (1931, 1254) (33390, 31704)
2022-08-13 05:05:48.723 *** Mouse movement (LeftButton) ***  Mouse coords: (1998, 1308) (34825, 33020)
2022-08-13 05:05:48.762 *** Mouse movement (LeftButton) ***  Mouse coords: (2016, 1320) (33360, 31764)
2022-08-13 05:05:48.801 *** Mouse movement (LeftButton) ***  Mouse coords: (2019, 1323) (32912, 31494)
2022-08-13 05:05:49.737 *** Mouse movement (LeftButton) ***  Mouse coords: (2229, 1350) (39100, 32212)
2022-08-13 05:05:49.794 *** Mouse movement (LeftButton) ***  Mouse coords: (2206, 1353) (38442, 32302)
2022-08-13 05:05:49.858 *** Mouse movement (LeftButton) ***  Mouse coords: (2110, 1367) (36260, 32631)
2022-08-13 05:05:49.897 *** Mouse movement (LeftButton) ***  Mouse coords: (2017, 1392) (36350, 32959)
2022-08-13 05:05:49.937 *** Mouse movement (LeftButton) ***  Mouse coords: (1921, 1413) (36260, 32840)
2022-08-13 05:05:49.977 *** Mouse movement (LeftButton) ***  Mouse coords: (1896, 1419) (38383, 32391)
2022-08-13 05:05:50.016 *** Mouse movement (LeftButton) ***  Mouse coords: (1895, 1419) (39100, 32212)
2022-08-13 05:05:50.766 *** Mouse movement (LeftButton) ***  Mouse coords: (2340, 1517) (52434, 35142)
2022-08-13 05:05:50.827 *** Mouse movement (LeftButton) ***  Mouse coords: (2297, 1487) (51148, 34275)
2022-08-13 05:05:50.890 *** Mouse movement (LeftButton) ***  Mouse coords: (2097, 1389) (46455, 32242)
2022-08-13 05:05:50.931 *** Mouse movement (LeftButton) ***  Mouse coords: (1962, 1309) (48398, 32781)
2022-08-13 05:05:50.972 *** Mouse movement (LeftButton) ***  Mouse coords: (1864, 1219) (49504, 32481)
2022-08-13 05:05:51.013 *** Mouse movement (LeftButton) ***  Mouse coords: (1837, 1186) (51627, 34186)
2022-08-13 05:05:52.156 *** Mouse movement (LeftButton) ***  Mouse coords: (1885, 1419) (53869, 42137)
2022-08-13 05:05:52.210 *** Mouse movement (LeftButton) ***  Mouse coords: (1890, 1414) (53988, 41988)
2022-08-13 05:05:52.276 *** Mouse movement (LeftButton) ***  Mouse coords: (1951, 1381) (55663, 41150)
2022-08-13 05:05:52.317 *** Mouse movement (LeftButton) ***  Mouse coords: (2011, 1330) (55633, 40613)
2022-08-13 05:05:52.358 *** Mouse movement (LeftButton) ***  Mouse coords: (2081, 1245) (55931, 39595)
2022-08-13 05:05:52.398 *** Mouse movement (LeftButton) ***  Mouse coords: (2123, 1199) (55095, 40762)
2022-08-13 05:05:52.438 *** Mouse movement (LeftButton) ***  Mouse coords: (2127, 1195) (53959, 42018)
2022-08-13 05:05:53.806 *** Mouse movement (LeftButton) ***  Mouse coords: (2278, 1334) (58353, 46292)
2022-08-13 05:05:53.877 *** Mouse movement (LeftButton) ***  Mouse coords: (2295, 1321) (58831, 45933)
2022-08-13 05:05:53.946 *** Mouse movement (LeftButton) ***  Mouse coords: (2372, 1281) (60625, 45127)
2022-08-13 05:05:53.987 *** Mouse movement (LeftButton) ***  Mouse coords: (2454, 1242) (60775, 45156)
2022-08-13 05:05:54.029 *** Mouse movement (LeftButton) ***  Mouse coords: (2489, 1228) (59369, 45903)
2022-08-13 05:05:54.070 *** Mouse movement (LeftButton) ***  Mouse coords: (2490, 1227) (58353, 46292)
2022-08-13 05:06:14.693 *** Program closed.
