2022-10-13 20:45:06.194 *** Start program *** Start program
2022-10-13 20:45:20.760 *** Open case *** /media/zhihuang/Drive16/20220722_Eric_Yang
2022-10-13 20:45:25.912 *** Open processed data
2022-10-13 20:45:25.912 *** Preload all statistics at once.
2022-10-13 20:45:26.333 *** Nuclei stat data loaded, took 0.42 seconds. Total number of nuclei: 169921
2022-10-13 20:45:42.883 *** starting thread (client mode): 0x842b67f0
2022-10-13 20:45:42.883 *** Local version/idstring: SSH-2.0-paramiko_2.11.0
2022-10-13 20:45:42.907 *** Remote version/idstring: SSH-2.0-OpenSSH_5.3
2022-10-13 20:45:42.907 *** Connected (version 2.0, client OpenSSH_5.3)
2022-10-13 20:45:42.925 *** === Key exchange possibilities ===
2022-10-13 20:45:42.925 *** kex algos: diffie-hellman-group-exchange-sha256, diffie-hellman-group-exchange-sha1, diffie-hellman-group14-sha1, diffie-hellman-group1-sha1
2022-10-13 20:45:42.925 *** server key: ssh-rsa, ssh-rsa-cert-v01@openssh.com, ssh-dss
2022-10-13 20:45:42.925 *** client encrypt: aes128-ctr, aes192-ctr, aes256-ctr, arcfour256, arcfour128, aes128-cbc, 3des-cbc, blowfish-cbc, cast128-cbc, aes192-cbc, aes256-cbc, arcfour, rijndael-cbc@lysator.liu.se
2022-10-13 20:45:42.925 *** server encrypt: aes128-ctr, aes192-ctr, aes256-ctr, arcfour256, arcfour128, aes128-cbc, 3des-cbc, blowfish-cbc, cast128-cbc, aes192-cbc, aes256-cbc, arcfour, rijndael-cbc@lysator.liu.se
2022-10-13 20:45:42.925 *** client mac: hmac-md5, hmac-sha1, umac-64@openssh.com, hmac-sha2-256, hmac-sha2-512, hmac-ripemd160, hmac-ripemd160@openssh.com, hmac-sha1-96, hmac-md5-96
2022-10-13 20:45:42.925 *** server mac: hmac-md5, hmac-sha1, umac-64@openssh.com, hmac-sha2-256, hmac-sha2-512, hmac-ripemd160, hmac-ripemd160@openssh.com, hmac-sha1-96, hmac-md5-96
2022-10-13 20:45:42.925 *** client compress: none, zlib@openssh.com
2022-10-13 20:45:42.925 *** server compress: none, zlib@openssh.com
2022-10-13 20:45:42.926 *** client lang: <none>
2022-10-13 20:45:42.926 *** server lang: <none>
2022-10-13 20:45:42.926 *** kex follows: False
2022-10-13 20:45:42.926 *** === Key exchange agreements ===
2022-10-13 20:45:42.926 *** Kex: diffie-hellman-group-exchange-sha256
2022-10-13 20:45:42.926 *** HostKey: ssh-rsa
2022-10-13 20:45:42.926 *** Cipher: aes128-ctr
2022-10-13 20:45:42.926 *** MAC: hmac-sha2-256
2022-10-13 20:45:42.926 *** Compression: none
2022-10-13 20:45:42.926 *** === End of kex handshake ===
2022-10-13 20:45:42.985 *** Got server p (2048 bits)
2022-10-13 20:45:43.058 *** kex engine KexGexSHA256 specified hash_algo <built-in function openssl_sha256>
2022-10-13 20:45:43.059 *** Switch to new keys ...
2022-10-13 20:45:43.059 *** Adding ssh-rsa host key for 173.201.181.247: b'cca345f774a2d98448d0bcc78f04075d'
2022-10-13 20:45:43.134 *** userauth is OK
2022-10-13 20:45:43.157 *** Authentication (password) successful!
2022-10-13 20:45:43.158 *** [chan 0] Max packet in: 32768 bytes
2022-10-13 20:45:43.176 *** [chan 0] Max packet out: 32768 bytes
2022-10-13 20:45:43.176 *** Secsh channel 0 opened.
2022-10-13 20:45:43.195 *** [chan 0] Sesch channel 0 request ok
2022-10-13 20:45:43.214 *** [chan 0] Opened sftp connection (server version 3)
2022-10-13 20:45:43.214 *** [chan 0] stat(b'/home/b6o162rzivzp/NucFinder_DB/857CA2D6D34F00F5/interactive_nuclei_dict.pickle')
2022-10-13 20:45:43.232 *** [chan 0] stat(b'/home/b6o162rzivzp/NucFinder_DB/857CA2D6D34F00F5/model.pickle')
2022-10-13 20:45:43.251 *** [chan 0] open(b'/home/b6o162rzivzp/NucFinder_DB/857CA2D6D34F00F5/model.pickle', 'rb')
2022-10-13 20:45:43.269 *** [chan 0] open(b'/home/b6o162rzivzp/NucFinder_DB/857CA2D6D34F00F5/model.pickle', 'rb') -> 00000000
2022-10-13 20:45:43.862 *** [chan 0] close(00000000)
2022-10-13 20:45:43.928 *** Interactive label *** Apply to case start.
2022-10-13 20:45:47.601 *** Interactive label *** Apply to case done.
2022-10-13 20:45:47.724 *** Interactive label *** Apply to case finish overlay create.
2022-10-13 20:45:54.709 *** Mouse movement (LeftButton) ***  Mouse coords: (592, 431) (51320, 24412)
2022-10-13 20:45:54.739 *** Mouse movement (LeftButton) ***  Mouse coords: (595, 433) (51800, 24572)
2022-10-13 20:45:54.768 *** Mouse movement (LeftButton) ***  Mouse coords: (614, 438) (54359, 25052)
2022-10-13 20:45:54.786 *** Mouse movement (LeftButton) ***  Mouse coords: (631, 440) (54039, 24572)
2022-10-13 20:45:54.803 *** Mouse movement (LeftButton) ***  Mouse coords: (640, 440) (52759, 24252)
2022-10-13 20:45:54.821 *** Mouse movement (LeftButton) ***  Mouse coords: (649, 440) (52759, 24252)
2022-10-13 20:45:54.839 *** Mouse movement (LeftButton) ***  Mouse coords: (655, 440) (52280, 24252)
2022-10-13 20:45:54.852 *** Mouse movement (LeftButton) ***  Mouse coords: (657, 440) (51639, 24252)
2022-10-13 20:45:56.352 *** Mouse movement (LeftButton) ***  Mouse coords: (471, 329) (12586, 22955)
2022-10-13 20:45:56.369 *** Mouse movement (LeftButton) ***  Mouse coords: (473, 331) (12615, 22985)
2022-10-13 20:45:56.385 *** Mouse movement (LeftButton) ***  Mouse coords: (475, 333) (12616, 22985)
2022-10-13 20:45:56.402 *** Mouse movement (LeftButton) ***  Mouse coords: (480, 338) (12705, 23074)
2022-10-13 20:45:56.418 *** Mouse movement (LeftButton) ***  Mouse coords: (485, 343) (12706, 23074)
2022-10-13 20:45:56.435 *** Mouse movement (LeftButton) ***  Mouse coords: (498, 356) (12944, 23313)
2022-10-13 20:45:56.452 *** Mouse movement (LeftButton) ***  Mouse coords: (508, 367) (12854, 23254)
2022-10-13 20:45:56.472 *** Mouse movement (LeftButton) ***  Mouse coords: (513, 372) (12706, 23074)
2022-10-13 20:45:56.490 *** Mouse movement (LeftButton) ***  Mouse coords: (519, 382) (12735, 23223)
2022-10-13 20:45:56.503 *** Mouse movement (LeftButton) ***  Mouse coords: (522, 387) (12645, 23075)
2022-10-13 20:45:56.519 *** Mouse movement (LeftButton) ***  Mouse coords: (525, 391) (12646, 23044)
2022-10-13 20:45:56.537 *** Mouse movement (LeftButton) ***  Mouse coords: (528, 397) (12645, 23104)
2022-10-13 20:45:56.554 *** Mouse movement (LeftButton) ***  Mouse coords: (530, 400) (12616, 23015)
2022-10-13 20:45:56.570 *** Mouse movement (LeftButton) ***  Mouse coords: (532, 403) (12616, 23014)
2022-10-13 20:45:56.585 *** Mouse movement (LeftButton) ***  Mouse coords: (533, 405) (12586, 22985)
2022-10-13 20:45:56.956 *** Keyboard input *** key pressed: key: 90; text: "z"
2022-10-13 20:45:57.653 *** Keyboard input *** key pressed: key: 90; text: "z"
2022-10-13 20:45:57.881 *** Keyboard input *** key pressed: key: 90; text: "z"
2022-10-13 20:45:58.109 *** Keyboard input *** key pressed: key: 90; text: "z"
2022-10-13 20:45:58.373 *** Keyboard input *** key pressed: key: 90; text: "z"
2022-10-13 20:45:58.717 *** Keyboard input *** key pressed: key: 90; text: "z"
2022-10-13 20:45:58.760 *** Mouse movement (LeftButton) ***  Mouse coords: (451, 311) (10108, 20119)
2022-10-13 20:45:58.785 *** Mouse movement (LeftButton) ***  Mouse coords: (451, 310) (10108, 20119)
2022-10-13 20:45:58.821 *** Mouse movement (LeftButton) ***  Mouse coords: (455, 302) (10227, 19910)
2022-10-13 20:45:58.837 *** Mouse movement (LeftButton) ***  Mouse coords: (457, 298) (10168, 20030)
2022-10-13 20:45:58.852 *** Mouse movement (LeftButton) ***  Mouse coords: (459, 293) (10167, 19999)
2022-10-13 20:45:58.871 *** Mouse movement (LeftButton) ***  Mouse coords: (460, 288) (10138, 20000)
2022-10-13 20:45:58.886 *** Mouse movement (LeftButton) ***  Mouse coords: (462, 283) (10168, 20000)
2022-10-13 20:45:58.902 *** Mouse movement (LeftButton) ***  Mouse coords: (464, 273) (10168, 19850)
2022-10-13 20:45:58.919 *** Mouse movement (LeftButton) ***  Mouse coords: (465, 266) (10138, 19940)
2022-10-13 20:45:58.935 *** Mouse movement (LeftButton) ***  Mouse coords: (466, 258) (10137, 19911)
2022-10-13 20:45:58.952 *** Mouse movement (LeftButton) ***  Mouse coords: (468, 250) (10168, 19910)
2022-10-13 20:45:58.970 *** Mouse movement (LeftButton) ***  Mouse coords: (470, 237) (10168, 19761)
2022-10-13 20:45:58.988 *** Mouse movement (LeftButton) ***  Mouse coords: (471, 231) (10138, 19969)
2022-10-13 20:45:59.008 *** Mouse movement (LeftButton) ***  Mouse coords: (472, 225) (10138, 19970)
2022-10-13 20:45:59.022 *** Mouse movement (LeftButton) ***  Mouse coords: (472, 223) (10108, 20090)
2022-10-13 20:45:59.036 *** Mouse movement (LeftButton) ***  Mouse coords: (472, 222) (10108, 20119)
2022-10-13 20:45:59.053 *** Mouse movement (LeftButton) ***  Mouse coords: (472, 221) (10108, 20119)
2022-10-13 20:45:59.870 *** Keyboard input *** key pressed: key: 90; text: "z"
2022-10-13 20:46:00.176 *** Keyboard input *** key pressed: key: 90; text: "z"
2022-10-13 20:46:00.387 *** Mouse movement (LeftButton) ***  Mouse coords: (459, 91) (8410, 3575)
2022-10-13 20:46:00.406 *** Mouse movement (LeftButton) ***  Mouse coords: (463, 97) (8719, 4087)
2022-10-13 20:46:00.422 *** Mouse movement (LeftButton) ***  Mouse coords: (467, 101) (8718, 3883)
2022-10-13 20:46:00.447 *** Mouse movement (LeftButton) ***  Mouse coords: (495, 139) (11181, 7370)
2022-10-13 20:46:00.471 *** Mouse movement (LeftButton) ***  Mouse coords: (518, 168) (10667, 6447)
2022-10-13 20:46:00.497 *** Mouse movement (LeftButton) ***  Mouse coords: (541, 196) (10668, 6345)
2022-10-13 20:46:00.520 *** Mouse movement (LeftButton) ***  Mouse coords: (565, 228) (10770, 6755)
2022-10-13 20:46:00.537 *** Mouse movement (LeftButton) ***  Mouse coords: (575, 243) (9334, 5011)
2022-10-13 20:46:00.556 *** Mouse movement (LeftButton) ***  Mouse coords: (593, 265) (10155, 5729)
2022-10-13 20:46:00.583 *** Mouse movement (LeftButton) ***  Mouse coords: (603, 278) (9334, 4805)
2022-10-13 20:46:00.602 *** Mouse movement (LeftButton) ***  Mouse coords: (606, 281) (8615, 3780)
2022-10-13 20:46:00.819 *** Keyboard input *** key pressed: key: 90; text: "z"
2022-10-13 20:46:01.074 *** Keyboard input *** key pressed: key: 90; text: "z"
2022-10-13 20:46:01.834 *** Mouse movement (LeftButton) ***  Mouse coords: (442, 179) (4753, 10188)
2022-10-13 20:46:01.852 *** Mouse movement (LeftButton) ***  Mouse coords: (452, 191) (4781, 10217)
2022-10-13 20:46:01.868 *** Mouse movement (LeftButton) ***  Mouse coords: (484, 233) (4861, 10324)
2022-10-13 20:46:01.885 *** Mouse movement (LeftButton) ***  Mouse coords: (514, 274) (4853, 10321)
2022-10-13 20:46:01.902 *** Mouse movement (LeftButton) ***  Mouse coords: (570, 342) (4946, 10416)
2022-10-13 20:46:01.918 *** Mouse movement (LeftButton) ***  Mouse coords: (640, 417) (4996, 10442)
2022-10-13 20:46:01.935 *** Mouse movement (LeftButton) ***  Mouse coords: (675, 452) (4871, 10299)
2022-10-13 20:46:01.952 *** Mouse movement (LeftButton) ***  Mouse coords: (715, 494) (4889, 10324)
2022-10-13 20:46:01.968 *** Mouse movement (LeftButton) ***  Mouse coords: (760, 540) (4906, 10339)
2022-10-13 20:46:01.985 *** Mouse movement (LeftButton) ***  Mouse coords: (815, 597) (4943, 10377)
2022-10-13 20:46:02.002 *** Mouse movement (LeftButton) ***  Mouse coords: (835, 616) (4817, 10242)
2022-10-13 20:46:02.018 *** Mouse movement (LeftButton) ***  Mouse coords: (858, 640) (4829, 10260)
2022-10-13 20:46:02.035 *** Mouse movement (LeftButton) ***  Mouse coords: (881, 659) (4828, 10242)
2022-10-13 20:46:02.052 *** Mouse movement (LeftButton) ***  Mouse coords: (896, 673) (4799, 10224)
2022-10-13 20:46:02.068 *** Mouse movement (LeftButton) ***  Mouse coords: (914, 687) (4811, 10224)
2022-10-13 20:46:02.085 *** Mouse movement (LeftButton) ***  Mouse coords: (923, 694) (4778, 10199)
2022-10-13 20:46:02.102 *** Mouse movement (LeftButton) ***  Mouse coords: (927, 697) (4760, 10184)
2022-10-13 20:46:02.119 *** Mouse movement (LeftButton) ***  Mouse coords: (934, 701) (4771, 10189)
2022-10-13 20:46:02.135 *** Mouse movement (LeftButton) ***  Mouse coords: (938, 703) (4760, 10181)
2022-10-13 20:46:02.524 *** Mouse movement (LeftButton) ***  Mouse coords: (587, 203) (3493, 8388)
2022-10-13 20:46:02.552 *** Mouse movement (LeftButton) ***  Mouse coords: (595, 223) (3521, 8448)
2022-10-13 20:46:02.585 *** Mouse movement (LeftButton) ***  Mouse coords: (655, 344) (3707, 8810)
2022-10-13 20:46:02.602 *** Mouse movement (LeftButton) ***  Mouse coords: (685, 390) (3601, 8541)
2022-10-13 20:46:02.618 *** Mouse movement (LeftButton) ***  Mouse coords: (714, 429) (3596, 8516)
2022-10-13 20:46:02.635 *** Mouse movement (LeftButton) ***  Mouse coords: (733, 450) (3561, 8452)
2022-10-13 20:46:02.652 *** Mouse movement (LeftButton) ***  Mouse coords: (745, 460) (3536, 8413)
2022-10-13 20:46:02.668 *** Mouse movement (LeftButton) ***  Mouse coords: (765, 476) (3564, 8434)
2022-10-13 20:46:02.685 *** Mouse movement (LeftButton) ***  Mouse coords: (774, 482) (3525, 8398)
2022-10-13 20:46:02.702 *** Mouse movement (LeftButton) ***  Mouse coords: (777, 484) (3504, 8385)
2022-10-13 20:46:02.718 *** Mouse movement (LeftButton) ***  Mouse coords: (778, 485) (3497, 8380)
2022-10-13 20:46:02.907 *** Keyboard input *** key pressed: key: 90; text: "z"
2022-10-13 20:46:02.908 *** Process image overlay spent 0.00 seconds.
2022-10-13 20:46:02.912 *** Get cell color spent 0.00 seconds.
2022-10-13 20:46:03.329 *** Keyboard input *** key pressed: key: 90; text: "z"
2022-10-13 20:46:04.123 *** Keyboard input *** key pressed: key: 90; text: "z"
2022-10-13 20:46:04.124 *** Process image overlay spent 0.00 seconds.
2022-10-13 20:46:04.125 *** Get cell color spent 0.00 seconds.
2022-10-13 20:46:04.687 *** Keyboard input *** key pressed: key: 90; text: "z"
2022-10-13 20:46:05.289 *** Keyboard input *** key pressed: key: 90; text: "z"
2022-10-13 20:46:05.290 *** Process image overlay spent 0.00 seconds.
2022-10-13 20:46:05.292 *** Get cell color spent 0.00 seconds.
2022-10-13 20:46:05.553 *** Keyboard input *** key pressed: key: 90; text: "z"
2022-10-13 20:46:05.842 *** Keyboard input *** key pressed: key: 90; text: "z"
2022-10-13 20:46:05.845 *** Process image overlay spent 0.00 seconds.
2022-10-13 20:46:05.846 *** Get cell color spent 0.00 seconds.
2022-10-13 20:46:06.137 *** Keyboard input *** key pressed: key: 90; text: "z"
2022-10-13 20:46:06.867 *** Keyboard input *** key pressed: key: 90; text: "z"
2022-10-13 20:46:06.869 *** Process image overlay spent 0.00 seconds.
2022-10-13 20:46:06.872 *** Get cell color spent 0.00 seconds.
2022-10-13 20:46:07.155 *** Keyboard input *** key pressed: key: 90; text: "z"
2022-10-13 20:46:07.418 *** Keyboard input *** key pressed: key: 90; text: "z"
2022-10-13 20:46:07.421 *** Process image overlay spent 0.00 seconds.
2022-10-13 20:46:07.423 *** Get cell color spent 0.00 seconds.
2022-10-13 20:46:07.679 *** Keyboard input *** key pressed: key: 90; text: "z"
2022-10-13 20:46:07.925 *** Keyboard input *** key pressed: key: 90; text: "z"
2022-10-13 20:46:07.927 *** Process image overlay spent 0.00 seconds.
2022-10-13 20:46:07.929 *** Get cell color spent 0.00 seconds.
2022-10-13 20:46:08.171 *** Keyboard input *** key pressed: key: 90; text: "z"
2022-10-13 20:46:08.433 *** Keyboard input *** key pressed: key: 90; text: "z"
2022-10-13 20:46:08.434 *** Process image overlay spent 0.00 seconds.
2022-10-13 20:46:08.437 *** Get cell color spent 0.00 seconds.
2022-10-13 20:46:09.033 *** Process image overlay spent 0.00 seconds.
2022-10-13 20:46:09.038 *** Get cell color spent 0.00 seconds.
2022-10-13 20:46:09.852 *** Process image overlay spent 0.00 seconds.
2022-10-13 20:46:09.883 *** Get cell color spent 0.03 seconds.
2022-10-13 20:46:11.211 *** Process image overlay spent 0.00 seconds.
2022-10-13 20:46:11.223 *** Get cell color spent 0.01 seconds.
2022-10-13 20:46:11.674 *** Mouse movement (LeftButton) ***  Mouse coords: (591, 181) (6262, 8952)
2022-10-13 20:46:11.685 *** Mouse movement (LeftButton) ***  Mouse coords: (593, 185) (6284, 8985)
2022-10-13 20:46:11.702 *** Mouse movement (LeftButton) ***  Mouse coords: (610, 224) (6448, 9367)
2022-10-13 20:46:11.718 *** Mouse movement (LeftButton) ***  Mouse coords: (629, 263) (6470, 9368)
2022-10-13 20:46:11.735 *** Mouse movement (LeftButton) ***  Mouse coords: (676, 351) (6776, 9904)
2022-10-13 20:46:11.752 *** Mouse movement (LeftButton) ***  Mouse coords: (707, 403) (6601, 9509)
2022-10-13 20:46:11.768 *** Mouse movement (LeftButton) ***  Mouse coords: (735, 443) (6569, 9379)
2022-10-13 20:46:11.785 *** Mouse movement (LeftButton) ***  Mouse coords: (756, 475) (6491, 9291)
2022-10-13 20:46:11.802 *** Mouse movement (LeftButton) ***  Mouse coords: (775, 500) (6470, 9214)
2022-10-13 20:46:11.818 *** Mouse movement (LeftButton) ***  Mouse coords: (796, 522) (6492, 9182)
2022-10-13 20:46:11.835 *** Mouse movement (LeftButton) ***  Mouse coords: (810, 533) (6415, 9061)
2022-10-13 20:46:11.852 *** Mouse movement (LeftButton) ***  Mouse coords: (816, 539) (6328, 9007)
2022-10-13 20:46:11.868 *** Mouse movement (LeftButton) ***  Mouse coords: (818, 540) (6284, 8952)
2022-10-13 20:46:11.909 *** Process image overlay spent 0.00 seconds.
2022-10-13 20:46:11.927 *** Get cell color spent 0.02 seconds.
2022-10-13 20:46:12.393 *** Process image overlay spent 0.00 seconds.
2022-10-13 20:46:12.404 *** Get cell color spent 0.01 seconds.
2022-10-13 20:46:12.478 *** Process image overlay spent 0.00 seconds.
2022-10-13 20:46:12.484 *** Get cell color spent 0.01 seconds.
2022-10-13 20:46:13.368 *** Process image overlay spent 0.00 seconds.
2022-10-13 20:46:13.390 *** Get cell color spent 0.02 seconds.
2022-10-13 20:46:14.315 *** Mouse movement (LeftButton) ***  Mouse coords: (800, 385) (13906, 7356)
2022-10-13 20:46:14.337 *** Mouse movement (LeftButton) ***  Mouse coords: (792, 381) (13291, 6945)
2022-10-13 20:46:14.354 *** Mouse movement (LeftButton) ***  Mouse coords: (770, 371) (11854, 6331)
2022-10-13 20:46:14.375 *** Mouse movement (LeftButton) ***  Mouse coords: (757, 366) (12777, 6843)
2022-10-13 20:46:14.387 *** Mouse movement (LeftButton) ***  Mouse coords: (739, 358) (12264, 6535)
2022-10-13 20:46:14.403 *** Mouse movement (LeftButton) ***  Mouse coords: (718, 350) (11957, 6535)
2022-10-13 20:46:14.427 *** Mouse movement (LeftButton) ***  Mouse coords: (689, 342) (11136, 6535)
2022-10-13 20:46:14.442 *** Mouse movement (LeftButton) ***  Mouse coords: (651, 332) (10212, 6330)
2022-10-13 20:46:14.463 *** Mouse movement (LeftButton) ***  Mouse coords: (624, 327) (11341, 6844)
2022-10-13 20:46:14.481 *** Mouse movement (LeftButton) ***  Mouse coords: (611, 326) (12777, 7253)
2022-10-13 20:46:14.498 *** Mouse movement (LeftButton) ***  Mouse coords: (589, 325) (11854, 7253)
2022-10-13 20:46:14.520 *** Mouse movement (LeftButton) ***  Mouse coords: (576, 323) (12778, 7151)
2022-10-13 20:46:14.538 *** Mouse movement (LeftButton) ***  Mouse coords: (572, 323) (13700, 7356)
2022-10-13 20:46:14.561 *** Mouse movement (LeftButton) ***  Mouse coords: (570, 323) (13906, 7356)
2022-10-13 20:46:14.899 *** Mouse movement (LeftButton) ***  Mouse coords: (843, 378) (42119, 12999)
2022-10-13 20:46:14.920 *** Mouse movement (LeftButton) ***  Mouse coords: (839, 379) (41810, 12998)
2022-10-13 20:46:14.944 *** Mouse movement (LeftButton) ***  Mouse coords: (815, 379) (39759, 12896)
2022-10-13 20:46:14.965 *** Mouse movement (LeftButton) ***  Mouse coords: (768, 378) (37399, 12794)
2022-10-13 20:46:14.967 *** Mouse movement (LeftButton) ***  Mouse coords: (754, 378) (40785, 12896)
2022-10-13 20:46:14.978 *** Mouse movement (LeftButton) ***  Mouse coords: (718, 376) (38528, 12691)
2022-10-13 20:46:14.990 *** Mouse movement (LeftButton) ***  Mouse coords: (693, 376) (39656, 12896)
2022-10-13 20:46:15.002 *** Mouse movement (LeftButton) ***  Mouse coords: (654, 376) (38220, 12896)
2022-10-13 20:46:15.018 *** Mouse movement (LeftButton) ***  Mouse coords: (623, 376) (39040, 12896)
2022-10-13 20:46:15.035 *** Mouse movement (LeftButton) ***  Mouse coords: (582, 376) (38015, 12896)
2022-10-13 20:46:15.054 *** Mouse movement (LeftButton) ***  Mouse coords: (566, 376) (40580, 12896)
2022-10-13 20:46:15.071 *** Mouse movement (LeftButton) ***  Mouse coords: (559, 376) (41503, 12896)
2022-10-13 20:46:15.088 *** Mouse movement (LeftButton) ***  Mouse coords: (558, 376) (42118, 12896)
2022-10-13 20:46:15.799 *** Mouse movement (LeftButton) ***  Mouse coords: (630, 384) (49608, 13716)
2022-10-13 20:46:15.821 *** Mouse movement (LeftButton) ***  Mouse coords: (623, 386) (48889, 13819)
2022-10-13 20:46:15.839 *** Mouse movement (LeftButton) ***  Mouse coords: (617, 387) (48993, 13717)
2022-10-13 20:46:15.853 *** Mouse movement (LeftButton) ***  Mouse coords: (605, 392) (48377, 14127)
2022-10-13 20:46:15.869 *** Mouse movement (LeftButton) ***  Mouse coords: (597, 394) (48787, 13819)
2022-10-13 20:46:15.885 *** Mouse movement (LeftButton) ***  Mouse coords: (593, 395) (49198, 13717)
2022-10-13 20:46:15.905 *** Mouse movement (LeftButton) ***  Mouse coords: (589, 396) (49197, 13716)
2022-10-13 20:46:15.925 *** Mouse movement (LeftButton) ***  Mouse coords: (587, 396) (49403, 13614)
2022-10-13 20:46:16.355 *** Keyboard input *** key pressed: key: 90; text: "z"
2022-10-13 20:46:16.649 *** Keyboard input *** key pressed: key: 90; text: "z"
2022-10-13 20:46:16.977 *** Keyboard input *** key pressed: key: 90; text: "z"
2022-10-13 20:46:17.273 *** Keyboard input *** key pressed: key: 90; text: "z"
2022-10-13 20:46:17.525 *** Keyboard input *** key pressed: key: 90; text: "z"
2022-10-13 20:46:17.763 *** Keyboard input *** key pressed: key: 90; text: "z"
2022-10-13 20:46:17.965 *** Keyboard input *** key pressed: key: 90; text: "z"
2022-10-13 20:46:18.229 *** Keyboard input *** key pressed: key: 90; text: "z"
2022-10-13 20:46:18.507 *** Keyboard input *** key pressed: key: 90; text: "z"
2022-10-13 20:46:18.766 *** Keyboard input *** key pressed: key: 90; text: "z"
2022-10-13 20:46:18.963 *** Keyboard input *** key pressed: key: 90; text: "z"
2022-10-13 20:46:19.299 *** Keyboard input *** key pressed: key: 90; text: "z"
2022-10-13 20:46:19.564 *** Keyboard input *** key pressed: key: 90; text: "z"
2022-10-13 20:46:19.783 *** Keyboard input *** key pressed: key: 90; text: "z"
2022-10-13 20:46:20.128 *** Keyboard input *** key pressed: key: 90; text: "z"
2022-10-13 20:46:21.500 *** Keyboard input *** key pressed: key: 90; text: "z"
2022-10-13 20:46:22.297 *** Keyboard input *** key pressed: key: 90; text: "z"
2022-10-13 20:46:22.570 *** Keyboard input *** key pressed: key: 90; text: "z"
2022-10-13 20:46:22.815 *** Keyboard input *** key pressed: key: 90; text: "z"
2022-10-13 20:46:23.085 *** Keyboard input *** key pressed: key: 90; text: "z"
2022-10-13 20:46:23.331 *** Keyboard input *** key pressed: key: 90; text: "z"
2022-10-13 20:46:24.133 *** Keyboard input *** key pressed: key: 90; text: "z"
2022-10-13 20:46:24.429 *** Keyboard input *** key pressed: key: 90; text: "z"
2022-10-13 20:46:24.665 *** Keyboard input *** key pressed: key: 90; text: "z"
2022-10-13 20:46:24.869 *** Keyboard input *** key pressed: key: 90; text: "z"
2022-10-13 20:46:25.090 *** Keyboard input *** key pressed: key: 90; text: "z"
2022-10-13 20:46:25.372 *** Keyboard input *** key pressed: key: 90; text: "z"
2022-10-13 20:46:25.623 *** Keyboard input *** key pressed: key: 90; text: "z"
2022-10-13 20:46:25.877 *** Keyboard input *** key pressed: key: 90; text: "z"
2022-10-13 20:46:26.545 *** Keyboard input *** key pressed: key: 90; text: "z"
2022-10-13 20:46:26.841 *** Keyboard input *** key pressed: key: 90; text: "z"
2022-10-13 20:46:27.079 *** Mouse movement (LeftButton) ***  Mouse coords: (485, 495) (15594, 6628)
2022-10-13 20:46:27.102 *** Mouse movement (LeftButton) ***  Mouse coords: (474, 503) (14728, 7179)
2022-10-13 20:46:27.124 *** Mouse movement (LeftButton) ***  Mouse coords: (463, 509) (14727, 7022)
2022-10-13 20:46:27.156 *** Mouse movement (LeftButton) ***  Mouse coords: (417, 534) (11970, 8519)
2022-10-13 20:46:27.197 *** Mouse movement (LeftButton) ***  Mouse coords: (367, 557) (11654, 8361)
2022-10-13 20:46:27.226 *** Mouse movement (LeftButton) ***  Mouse coords: (319, 569) (11813, 7494)
2022-10-13 20:46:27.252 *** Mouse movement (LeftButton) ***  Mouse coords: (308, 571) (14727, 6707)
2022-10-13 20:46:27.274 *** Mouse movement (LeftButton) ***  Mouse coords: (306, 571) (15436, 6549)
2022-10-13 20:46:27.561 *** Keyboard input *** key pressed: key: 90; text: "z"
2022-10-13 20:46:27.790 *** Keyboard input *** key pressed: key: 90; text: "z"
2022-10-13 20:46:28.019 *** Keyboard input *** key pressed: key: 90; text: "z"
2022-10-13 20:46:28.257 *** Keyboard input *** key pressed: key: 90; text: "z"
2022-10-13 20:46:28.455 *** Keyboard input *** key pressed: key: 88; text: "x"
2022-10-13 20:46:28.875 *** Keyboard input *** key pressed: key: 90; text: "z"
2022-10-13 20:46:29.403 *** Keyboard input *** key pressed: key: 88; text: "x"
2022-10-13 20:46:29.765 *** Keyboard input *** key pressed: key: 90; text: "z"
2022-10-13 20:46:30.127 *** Keyboard input *** key pressed: key: 90; text: "z"
2022-10-13 20:46:30.342 *** Keyboard input *** key pressed: key: 90; text: "z"
2022-10-13 20:46:30.597 *** Keyboard input *** key pressed: key: 90; text: "z"
2022-10-13 20:46:30.850 *** Keyboard input *** key pressed: key: 90; text: "z"
2022-10-13 20:46:31.269 *** Keyboard input *** key pressed: key: 90; text: "z"
2022-10-13 20:46:31.600 *** Keyboard input *** key pressed: key: 90; text: "z"
2022-10-13 20:46:32.002 *** Keyboard input *** key pressed: key: 90; text: "z"
2022-10-13 20:46:32.555 *** Keyboard input *** key pressed: key: 90; text: "z"
2022-10-13 20:46:33.017 *** Keyboard input *** key pressed: key: 90; text: "z"
2022-10-13 21:45:49.299 *** Process image overlay spent 0.00 seconds.
2022-10-13 21:45:49.304 *** Get cell color spent 0.00 seconds.
2022-10-13 21:45:49.757 *** Process image overlay spent 0.00 seconds.
2022-10-13 21:45:49.773 *** Get cell color spent 0.02 seconds.
2022-10-13 21:45:50.727 *** Program closed.
2022-10-13 21:45:50.814 *** EOF in transport thread
