2022-09-02 01:38:20.577 *** Start program *** Start program
2022-09-02 01:38:27.349 *** Open case *** /Applications/XAMPP/xamppfiles/htdocs/20220722_Eric_Yang
2022-09-02 01:38:31.309 *** Open processed data
2022-09-02 01:38:31.310 *** Preload all statistics at once.
2022-09-02 01:38:32.234 *** Nuclei stat data loaded, took 0.92 seconds. Total number of nuclei: 843996
2022-09-02 01:38:40.348 *** Mouse movement (LeftButton) ***  Mouse coords: (200, 100) (125154, 39650)
2022-09-02 01:38:41.193 *** Mouse movement (LeftButton) ***  Mouse coords: (639, 250) (127144, 40330)
2022-09-02 01:38:45.773 *** Interactive label *** (double click) click on screen. screen: (768, 603); slide: (127889, 40787). case_id: 20220722_Eric_Yang, slide_id: 3BNI3N_44662.svs, Nuclei index selected: 510372
2022-09-02 01:38:45.809 *** Interactive label *** Apply to case start.
2022-09-02 01:38:46.433 *** Interactive label *** (double click) click on screen. screen: (770, 585); slide: (127892, 40753). case_id: 20220722_Eric_Yang, slide_id: 3BNI3N_44662.svs, Nuclei index selected: 510716
2022-09-02 01:38:46.474 *** Interactive label *** Apply to case start.
2022-09-02 01:38:48.432 *** Interactive label *** (double click) click on screen. screen: (835, 319); slide: (128015, 40252). case_id: 20220722_Eric_Yang, slide_id: 3BNI3N_44662.svs, Nuclei index selected: 512029
2022-09-02 01:38:48.470 *** Interactive label *** Apply to case start.
2022-09-02 01:38:51.314 *** Interactive label *** Apply to case done.
2022-09-02 01:38:51.474 *** Interactive label *** Apply to case finish overlay create.
2022-09-02 01:38:51.512 *** Interactive label *** (double click) click on screen. screen: (816, 248); slide: (127979, 40119). case_id: 20220722_Eric_Yang, slide_id: 3BNI3N_44662.svs, Nuclei index selected: 512163
2022-09-02 01:38:51.540 *** Interactive label *** Apply to case start.
2022-09-02 01:38:54.326 *** Interactive label *** Apply to case done.
2022-09-02 01:38:54.417 *** Interactive label *** Apply to case finish overlay create.
2022-09-02 01:39:09.669 *** User Login *** id=640475916; email=zhihuang@stanford.edu; firstname=Zhi; lastname=Huang.
2022-09-02 01:39:11.927 *** Interactive label: Sync start.
2022-09-02 01:39:11.963 *** starting thread (client mode): 0x9afea1c0
2022-09-02 01:39:11.964 *** Local version/idstring: SSH-2.0-paramiko_2.11.0
2022-09-02 01:39:11.997 *** Remote version/idstring: SSH-2.0-OpenSSH_5.3
2022-09-02 01:39:11.997 *** Connected (version 2.0, client OpenSSH_5.3)
2022-09-02 01:39:12.024 *** === Key exchange possibilities ===
2022-09-02 01:39:12.025 *** kex algos: diffie-hellman-group-exchange-sha256, diffie-hellman-group-exchange-sha1, diffie-hellman-group14-sha1, diffie-hellman-group1-sha1
2022-09-02 01:39:12.025 *** server key: ssh-rsa, ssh-rsa-cert-v01@openssh.com, ssh-dss
2022-09-02 01:39:12.025 *** client encrypt: aes128-ctr, aes192-ctr, aes256-ctr, arcfour256, arcfour128, aes128-cbc, 3des-cbc, blowfish-cbc, cast128-cbc, aes192-cbc, aes256-cbc, arcfour, rijndael-cbc@lysator.liu.se
2022-09-02 01:39:12.025 *** server encrypt: aes128-ctr, aes192-ctr, aes256-ctr, arcfour256, arcfour128, aes128-cbc, 3des-cbc, blowfish-cbc, cast128-cbc, aes192-cbc, aes256-cbc, arcfour, rijndael-cbc@lysator.liu.se
2022-09-02 01:39:12.025 *** client mac: hmac-md5, hmac-sha1, umac-64@openssh.com, hmac-sha2-256, hmac-sha2-512, hmac-ripemd160, hmac-ripemd160@openssh.com, hmac-sha1-96, hmac-md5-96
2022-09-02 01:39:12.025 *** server mac: hmac-md5, hmac-sha1, umac-64@openssh.com, hmac-sha2-256, hmac-sha2-512, hmac-ripemd160, hmac-ripemd160@openssh.com, hmac-sha1-96, hmac-md5-96
2022-09-02 01:39:12.025 *** client compress: none, zlib@openssh.com
2022-09-02 01:39:12.025 *** server compress: none, zlib@openssh.com
2022-09-02 01:39:12.025 *** client lang: <none>
2022-09-02 01:39:12.025 *** server lang: <none>
2022-09-02 01:39:12.025 *** kex follows: False
2022-09-02 01:39:12.025 *** === Key exchange agreements ===
2022-09-02 01:39:12.025 *** Kex: diffie-hellman-group-exchange-sha256
2022-09-02 01:39:12.025 *** HostKey: ssh-rsa
2022-09-02 01:39:12.025 *** Cipher: aes128-ctr
2022-09-02 01:39:12.025 *** MAC: hmac-sha2-256
2022-09-02 01:39:12.025 *** Compression: none
2022-09-02 01:39:12.025 *** === End of kex handshake ===
2022-09-02 01:39:12.097 *** Got server p (2048 bits)
2022-09-02 01:39:12.203 *** kex engine KexGexSHA256 specified hash_algo <built-in function openssl_sha256>
2022-09-02 01:39:12.204 *** Switch to new keys ...
2022-09-02 01:39:12.205 *** Adding ssh-rsa host key for 173.201.181.247: b'cca345f774a2d98448d0bcc78f04075d'
2022-09-02 01:39:12.317 *** userauth is OK
2022-09-02 01:39:12.350 *** Authentication (password) successful!
2022-09-02 01:39:12.352 *** [chan 0] Max packet in: 32768 bytes
2022-09-02 01:39:12.383 *** [chan 0] Max packet out: 32768 bytes
2022-09-02 01:39:12.383 *** Secsh channel 0 opened.
2022-09-02 01:39:12.414 *** [chan 0] Sesch channel 0 request ok
2022-09-02 01:39:12.418 *** [chan 0] EOF received (0)
2022-09-02 01:39:12.420 *** [chan 1] Max packet in: 32768 bytes
2022-09-02 01:39:12.420 *** [chan 0] EOF sent (0)
2022-09-02 01:39:12.450 *** [chan 1] Max packet out: 32768 bytes
2022-09-02 01:39:12.450 *** Secsh channel 1 opened.
2022-09-02 01:39:12.551 *** [chan 1] Sesch channel 1 request ok
2022-09-02 01:39:12.581 *** [chan 1] Opened sftp connection (server version 3)
2022-09-02 01:39:12.582 *** [chan 1] open(b'/home/b6o162rzivzp/NucFinder_DB/573429CAE9E89C15/interactive_nuclei_dict.pickle', 'wb')
2022-09-02 01:39:12.612 *** [chan 1] open(b'/home/b6o162rzivzp/NucFinder_DB/573429CAE9E89C15/interactive_nuclei_dict.pickle', 'wb') -> 00000000
2022-09-02 01:39:12.615 *** [chan 1] close(00000000)
2022-09-02 01:39:12.673 *** [chan 1] stat(b'/home/b6o162rzivzp/NucFinder_DB/573429CAE9E89C15/interactive_nuclei_dict.pickle')
2022-09-02 01:39:12.704 *** [chan 1] sftp session closed.
2022-09-02 01:39:12.704 *** [chan 1] EOF sent (1)
2022-09-02 01:39:12.804 *** EOF in transport thread
2022-09-02 01:40:10.382 *** Program closed.
