2022-08-12 00:27:09.507 *** Start program *** Start program
2022-08-12 00:27:22.213 *** Open case *** /media/zhihuang/Drive3/Google_Colon_lnm_pos_2015_slides/slides/S0425
2022-08-12 00:27:24.838 *** Open processed data
2022-08-12 00:27:24.839 *** Preload all statistics at once.
2022-08-12 00:27:25.849 *** Nuclei stat data loaded, took 1.01 seconds. Total number of nuclei: 954361
2022-08-12 00:27:31.425 *** Process image overlay spent 0.01 seconds.
2022-08-12 00:27:31.568 *** Get cell color spent 0.14 seconds.
2022-08-12 00:27:32.690 *** Process image overlay spent 0.00 seconds.
2022-08-12 00:27:32.828 *** Get cell color spent 0.14 seconds.
2022-08-12 00:27:37.668 *** Process image overlay spent 0.01 seconds.
2022-08-12 00:27:37.759 *** Get cell color spent 0.09 seconds.
2022-08-12 00:27:38.324 *** Process image overlay spent 0.01 seconds.
2022-08-12 00:27:38.381 *** Get cell color spent 0.06 seconds.
2022-08-12 00:27:40.777 *** Process image overlay spent 0.01 seconds.
2022-08-12 00:27:40.801 *** Get cell color spent 0.02 seconds.
2022-08-12 00:27:41.133 *** Process image overlay spent 0.01 seconds.
2022-08-12 00:27:41.152 *** Get cell color spent 0.02 seconds.
2022-08-12 00:27:42.478 *** Process image overlay spent 0.00 seconds.
2022-08-12 00:27:42.536 *** Get cell color spent 0.06 seconds.
2022-08-12 00:27:43.033 *** Process image overlay spent 0.01 seconds.
2022-08-12 00:27:43.088 *** Get cell color spent 0.05 seconds.
2022-08-12 00:27:44.785 *** Process image overlay spent 0.01 seconds.
2022-08-12 00:27:44.941 *** Get cell color spent 0.16 seconds.
2022-08-12 00:27:46.138 *** Process image overlay spent 0.00 seconds.
2022-08-12 00:27:46.268 *** Get cell color spent 0.13 seconds.
2022-08-12 00:27:50.396 *** Program closed.
