2022-08-10 16:32:03.196 *** Start program *** Start program
2022-08-10 16:32:08.467 *** Open processed data
2022-08-10 16:32:11.966 *** Mouse movement (LeftButton) ***  Mouse coords: (405, 317) (45176, 19075)
2022-08-10 16:32:12.072 *** Mouse movement (LeftButton) ***  Mouse coords: (405, 318) (45176, 19235)
2022-08-10 16:32:12.079 *** Mouse movement (LeftButton) ***  Mouse coords: (405, 319) (45176, 19395)
2022-08-10 16:32:12.094 *** Mouse movement (LeftButton) ***  Mouse coords: (405, 321) (45176, 19715)
2022-08-10 16:32:12.112 *** Mouse movement (LeftButton) ***  Mouse coords: (404, 331) (45016, 21315)
2022-08-10 16:32:12.128 *** Mouse movement (LeftButton) ***  Mouse coords: (403, 336) (44856, 22115)
2022-08-10 16:32:12.145 *** Mouse movement (LeftButton) ***  Mouse coords: (403, 340) (44856, 22755)
2022-08-10 16:32:12.162 *** Mouse movement (LeftButton) ***  Mouse coords: (402, 345) (44696, 23555)
2022-08-10 16:32:12.178 *** Mouse movement (LeftButton) ***  Mouse coords: (402, 351) (44696, 24515)
2022-08-10 16:32:12.195 *** Mouse movement (LeftButton) ***  Mouse coords: (402, 353) (44696, 24835)
2022-08-10 16:32:12.212 *** Mouse movement (LeftButton) ***  Mouse coords: (402, 355) (44696, 25155)
2022-08-10 16:32:12.228 *** Mouse movement (LeftButton) ***  Mouse coords: (403, 355) (44856, 25155)
2022-08-10 16:32:12.334 *** Mouse movement (LeftButton) ***  Mouse coords: (405, 358) (45176, 25635)
2022-08-10 16:32:12.346 *** Mouse movement (LeftButton) ***  Mouse coords: (406, 361) (45336, 26115)
2022-08-10 16:32:12.364 *** Mouse movement (LeftButton) ***  Mouse coords: (407, 365) (45496, 26755)
2022-08-10 16:32:12.384 *** Mouse movement (LeftButton) ***  Mouse coords: (410, 375) (45976, 28355)
2022-08-10 16:32:12.399 *** Mouse movement (LeftButton) ***  Mouse coords: (412, 383) (46296, 29635)
2022-08-10 16:32:12.412 *** Mouse movement (LeftButton) ***  Mouse coords: (416, 393) (46936, 31235)
2022-08-10 16:32:12.428 *** Mouse movement (LeftButton) ***  Mouse coords: (422, 405) (47896, 33155)
2022-08-10 16:32:12.445 *** Mouse movement (LeftButton) ***  Mouse coords: (428, 414) (48856, 34595)
2022-08-10 16:32:12.462 *** Mouse movement (LeftButton) ***  Mouse coords: (431, 419) (49336, 35395)
2022-08-10 16:32:12.479 *** Mouse movement (LeftButton) ***  Mouse coords: (436, 422) (50136, 35875)
2022-08-10 16:32:12.495 *** Mouse movement (LeftButton) ***  Mouse coords: (440, 425) (50776, 36355)
2022-08-10 16:32:12.512 *** Mouse movement (LeftButton) ***  Mouse coords: (446, 429) (51736, 36995)
2022-08-10 16:32:12.528 *** Mouse movement (LeftButton) ***  Mouse coords: (450, 431) (52376, 37315)
2022-08-10 16:32:12.545 *** Mouse movement (LeftButton) ***  Mouse coords: (457, 435) (53496, 37955)
2022-08-10 16:32:12.562 *** Mouse movement (LeftButton) ***  Mouse coords: (463, 436) (54456, 38115)
2022-08-10 16:32:12.578 *** Mouse movement (LeftButton) ***  Mouse coords: (465, 436) (54776, 38115)
2022-08-10 16:32:12.745 *** Mouse movement (LeftButton) ***  Mouse coords: (485, 406) (57976, 33315)
2022-08-10 16:32:12.762 *** Mouse movement (LeftButton) ***  Mouse coords: (486, 403) (58136, 32835)
2022-08-10 16:32:12.779 *** Mouse movement (LeftButton) ***  Mouse coords: (487, 395) (58296, 31555)
2022-08-10 16:32:12.800 *** Mouse movement (LeftButton) ***  Mouse coords: (487, 390) (58296, 30755)
2022-08-10 16:32:12.812 *** Mouse movement (LeftButton) ***  Mouse coords: (487, 379) (58296, 28995)
2022-08-10 16:32:12.828 *** Mouse movement (LeftButton) ***  Mouse coords: (487, 367) (58296, 27075)
2022-08-10 16:32:12.845 *** Mouse movement (LeftButton) ***  Mouse coords: (484, 346) (57816, 23715)
2022-08-10 16:32:12.862 *** Mouse movement (LeftButton) ***  Mouse coords: (481, 336) (57336, 22115)
2022-08-10 16:32:12.878 *** Mouse movement (LeftButton) ***  Mouse coords: (477, 324) (56696, 20195)
2022-08-10 16:32:12.895 *** Mouse movement (LeftButton) ***  Mouse coords: (471, 313) (55736, 18435)
2022-08-10 16:32:12.912 *** Mouse movement (LeftButton) ***  Mouse coords: (459, 297) (53816, 15875)
2022-08-10 16:32:12.928 *** Mouse movement (LeftButton) ***  Mouse coords: (447, 284) (51896, 13795)
2022-08-10 16:32:12.946 *** Mouse movement (LeftButton) ***  Mouse coords: (439, 277) (50616, 12675)
2022-08-10 16:32:12.966 *** Mouse movement (LeftButton) ***  Mouse coords: (435, 275) (49976, 12355)
2022-08-10 16:32:12.980 *** Mouse movement (LeftButton) ***  Mouse coords: (434, 274) (49816, 12195)
2022-08-10 16:32:13.533 *** Mouse movement (LeftButton) ***  Mouse coords: (385, 459) (41976, 41795)
2022-08-10 16:32:14.317 *** Keyboard input *** key pressed: key: 16777216; text: ""
2022-08-10 16:32:15.558 *** Program closed.
