2022-10-18 18:36:32.603 *** Start program *** Start program
2022-10-18 18:36:43.568 *** Open case *** /Applications/XAMPP/xamppfiles/htdocs/20220722_Eric_Yang
2022-10-18 18:37:00.186 *** starting thread (client mode): 0x5c1a2970
2022-10-18 18:37:00.187 *** Local version/idstring: SSH-2.0-paramiko_2.11.0
2022-10-18 18:37:00.210 *** Remote version/idstring: SSH-2.0-OpenSSH_5.3
2022-10-18 18:37:00.211 *** Connected (version 2.0, client OpenSSH_5.3)
2022-10-18 18:37:00.229 *** === Key exchange possibilities ===
2022-10-18 18:37:00.229 *** kex algos: diffie-hellman-group-exchange-sha256, diffie-hellman-group-exchange-sha1, diffie-hellman-group14-sha1, diffie-hellman-group1-sha1
2022-10-18 18:37:00.229 *** server key: ssh-rsa, ssh-rsa-cert-v01@openssh.com, ssh-dss
2022-10-18 18:37:00.229 *** client encrypt: aes128-ctr, aes192-ctr, aes256-ctr, arcfour256, arcfour128, aes128-cbc, 3des-cbc, blowfish-cbc, cast128-cbc, aes192-cbc, aes256-cbc, arcfour, rijndael-cbc@lysator.liu.se
2022-10-18 18:37:00.229 *** server encrypt: aes128-ctr, aes192-ctr, aes256-ctr, arcfour256, arcfour128, aes128-cbc, 3des-cbc, blowfish-cbc, cast128-cbc, aes192-cbc, aes256-cbc, arcfour, rijndael-cbc@lysator.liu.se
2022-10-18 18:37:00.229 *** client mac: hmac-md5, hmac-sha1, umac-64@openssh.com, hmac-sha2-256, hmac-sha2-512, hmac-ripemd160, hmac-ripemd160@openssh.com, hmac-sha1-96, hmac-md5-96
2022-10-18 18:37:00.229 *** server mac: hmac-md5, hmac-sha1, umac-64@openssh.com, hmac-sha2-256, hmac-sha2-512, hmac-ripemd160, hmac-ripemd160@openssh.com, hmac-sha1-96, hmac-md5-96
2022-10-18 18:37:00.229 *** client compress: none, zlib@openssh.com
2022-10-18 18:37:00.229 *** server compress: none, zlib@openssh.com
2022-10-18 18:37:00.229 *** client lang: <none>
2022-10-18 18:37:00.230 *** server lang: <none>
2022-10-18 18:37:00.230 *** kex follows: False
2022-10-18 18:37:00.230 *** === Key exchange agreements ===
2022-10-18 18:37:00.230 *** Kex: diffie-hellman-group-exchange-sha256
2022-10-18 18:37:00.230 *** HostKey: ssh-rsa
2022-10-18 18:37:00.230 *** Cipher: aes128-ctr
2022-10-18 18:37:00.230 *** MAC: hmac-sha2-256
2022-10-18 18:37:00.230 *** Compression: none
2022-10-18 18:37:00.230 *** === End of kex handshake ===
2022-10-18 18:37:00.289 *** Got server p (2048 bits)
2022-10-18 18:37:00.391 *** kex engine KexGexSHA256 specified hash_algo <built-in function openssl_sha256>
2022-10-18 18:37:00.392 *** Switch to new keys ...
2022-10-18 18:37:00.393 *** Adding ssh-rsa host key for 173.201.181.247: b'cca345f774a2d98448d0bcc78f04075d'
2022-10-18 18:37:00.470 *** userauth is OK
2022-10-18 18:37:00.493 *** Authentication (password) successful!
2022-10-18 18:37:00.494 *** [chan 0] Max packet in: 32768 bytes
2022-10-18 18:37:00.513 *** [chan 0] Max packet out: 32768 bytes
2022-10-18 18:37:00.513 *** Secsh channel 0 opened.
2022-10-18 18:37:00.535 *** [chan 0] Sesch channel 0 request ok
2022-10-18 18:37:00.555 *** [chan 0] Opened sftp connection (server version 3)
2022-10-18 18:37:00.555 *** [chan 0] stat(b'/home/b6o162rzivzp/NucFinder_DB/72559C6CD10E3D05/interactive_nuclei_dict.pickle')
2022-10-18 18:37:00.581 *** [chan 0] stat(b'/home/b6o162rzivzp/NucFinder_DB/72559C6CD10E3D05/model.pickle')
2022-10-18 18:37:00.601 *** [chan 0] open(b'/home/b6o162rzivzp/NucFinder_DB/72559C6CD10E3D05/model.pickle', 'rb')
2022-10-18 18:37:00.620 *** [chan 0] open(b'/home/b6o162rzivzp/NucFinder_DB/72559C6CD10E3D05/model.pickle', 'rb') -> 00000000
2022-10-18 18:37:01.951 *** [chan 0] close(00000000)
2022-10-18 18:37:15.056 *** Open processed data
2022-10-18 18:37:15.057 *** Preload all statistics at once.
2022-10-18 18:37:15.599 *** Nuclei stat data loaded, took 0.54 seconds. Total number of nuclei: 248490
2022-10-18 18:37:16.414 *** Interactive label *** Apply to case start.
2022-10-18 18:37:20.770 *** Interactive label *** Apply to case done.
2022-10-18 18:37:21.224 *** Interactive label *** Apply to case finish overlay create.
2022-10-18 18:37:22.693 *** Mouse movement (LeftButton) ***  Mouse coords: (437, 495) (16768, 21214)
2022-10-18 18:37:22.821 *** Mouse movement (LeftButton) ***  Mouse coords: (438, 495) (16928, 21214)
2022-10-18 18:37:22.861 *** Mouse movement (LeftButton) ***  Mouse coords: (464, 509) (20927, 23454)
2022-10-18 18:37:22.890 *** Mouse movement (LeftButton) ***  Mouse coords: (510, 540) (24127, 26174)
2022-10-18 18:37:22.954 *** Mouse movement (LeftButton) ***  Mouse coords: (551, 568) (23328, 25694)
2022-10-18 18:37:22.980 *** Mouse movement (LeftButton) ***  Mouse coords: (555, 571) (17407, 21694)
2022-10-18 18:37:23.007 *** Mouse movement (LeftButton) ***  Mouse coords: (556, 571) (16927, 21214)
2022-10-18 18:37:23.036 *** Mouse movement (LeftButton) ***  Mouse coords: (557, 571) (16928, 21214)
2022-10-18 18:37:24.557 *** Mouse movement (LeftButton) ***  Mouse coords: (762, 562) (10221, 14276)
2022-10-18 18:37:24.605 *** Mouse movement (LeftButton) ***  Mouse coords: (714, 529) (8406, 13028)
2022-10-18 18:37:24.635 *** Mouse movement (LeftButton) ***  Mouse coords: (682, 502) (9012, 13255)
2022-10-18 18:37:24.659 *** Mouse movement (LeftButton) ***  Mouse coords: (654, 474) (9162, 13218)
2022-10-18 18:37:24.710 *** Mouse movement (LeftButton) ***  Mouse coords: (642, 461) (9767, 13784)
2022-10-18 18:37:24.755 *** Mouse movement (LeftButton) ***  Mouse coords: (642, 461) (10221, 14276)
2022-10-18 18:37:24.801 *** Mouse movement (LeftButton) ***  Mouse coords: (642, 461) (10221, 14276)
2022-10-18 18:37:25.525 *** Keyboard input *** key pressed: key: 90; text: "z"
2022-10-18 18:37:26.039 *** Keyboard input *** key pressed: key: 90; text: "z"
2022-10-18 18:37:26.983 *** Keyboard input *** key pressed: key: 90; text: "z"
2022-10-18 18:37:27.396 *** Keyboard input *** key pressed: key: 90; text: "z"
2022-10-18 18:37:27.796 *** Keyboard input *** key pressed: key: 90; text: "z"
2022-10-18 18:37:28.064 *** Keyboard input *** key pressed: key: 90; text: "z"
2022-10-18 18:37:30.806 *** Mouse movement (LeftButton) ***  Mouse coords: (874, 83) (23311, 18958)
2022-10-18 18:37:30.863 *** Mouse movement (LeftButton) ***  Mouse coords: (874, 227) (23311, 20020)
2022-10-18 18:37:30.887 *** Mouse movement (LeftButton) ***  Mouse coords: (874, 329) (23311, 19706)
2022-10-18 18:37:30.910 *** Mouse movement (LeftButton) ***  Mouse coords: (874, 434) (23311, 19728)
2022-10-18 18:37:30.947 *** Mouse movement (LeftButton) ***  Mouse coords: (874, 507) (23311, 19488)
2022-10-18 18:37:30.999 *** Mouse movement (LeftButton) ***  Mouse coords: (874, 524) (23311, 19071)
2022-10-18 18:37:31.022 *** Mouse movement (LeftButton) ***  Mouse coords: (874, 526) (23311, 18958)
2022-10-18 18:37:31.054 *** Mouse movement (LeftButton) ***  Mouse coords: (874, 526) (23311, 18943)
2022-10-18 18:37:31.081 *** Mouse movement (LeftButton) ***  Mouse coords: (873, 526) (23304, 18943)
2022-10-18 18:37:32.213 *** Keyboard input *** key pressed: key: 90; text: "z"
2022-10-18 18:37:32.215 *** Process image overlay spent 0.00 seconds.
2022-10-18 18:37:32.218 *** Get cell color spent 0.00 seconds.
2022-10-18 18:37:32.638 *** Keyboard input *** key pressed: key: 90; text: "z"
2022-10-18 18:37:33.322 *** Keyboard input *** key pressed: key: 90; text: "z"
2022-10-18 18:37:33.325 *** Process image overlay spent 0.00 seconds.
2022-10-18 18:37:33.331 *** Get cell color spent 0.01 seconds.
2022-10-18 18:37:33.711 *** Keyboard input *** key pressed: key: 90; text: "z"
2022-10-18 18:37:34.007 *** Keyboard input *** key pressed: key: 90; text: "z"
2022-10-18 18:37:34.014 *** Process image overlay spent 0.00 seconds.
2022-10-18 18:37:34.020 *** Get cell color spent 0.01 seconds.
2022-10-18 18:37:34.355 *** Keyboard input *** key pressed: key: 90; text: "z"
2022-10-18 18:37:34.924 *** Keyboard input *** key pressed: key: 90; text: "z"
2022-10-18 18:37:34.927 *** Process image overlay spent 0.00 seconds.
2022-10-18 18:37:34.932 *** Get cell color spent 0.00 seconds.
2022-10-18 18:37:35.217 *** Keyboard input *** key pressed: key: 90; text: "z"
2022-10-18 18:37:35.507 *** Keyboard input *** key pressed: key: 90; text: "z"
2022-10-18 18:37:35.509 *** Process image overlay spent 0.00 seconds.
2022-10-18 18:37:35.512 *** Get cell color spent 0.00 seconds.
2022-10-18 18:37:35.812 *** Keyboard input *** key pressed: key: 90; text: "z"
2022-10-18 18:37:36.121 *** Keyboard input *** key pressed: key: 90; text: "z"
2022-10-18 18:37:36.124 *** Process image overlay spent 0.00 seconds.
2022-10-18 18:37:36.128 *** Get cell color spent 0.00 seconds.
2022-10-18 18:37:36.413 *** Keyboard input *** key pressed: key: 90; text: "z"
2022-10-18 18:37:36.700 *** Keyboard input *** key pressed: key: 90; text: "z"
2022-10-18 18:37:36.703 *** Process image overlay spent 0.00 seconds.
2022-10-18 18:37:36.707 *** Get cell color spent 0.00 seconds.
2022-10-18 18:37:36.980 *** Keyboard input *** key pressed: key: 90; text: "z"
2022-10-18 18:37:39.834 *** Open processed data
2022-10-18 18:37:39.836 *** Preload all statistics at once.
2022-10-18 18:37:40.167 *** Nuclei stat data loaded, took 0.33 seconds. Total number of nuclei: 169921
2022-10-18 18:37:40.694 *** Interactive label *** Apply to case start.
2022-10-18 18:37:41.420 *** Interactive label *** Apply to case done.
2022-10-18 18:37:41.486 *** Interactive label *** Apply to case finish overlay create.
2022-10-18 18:37:43.047 *** Mouse movement (LeftButton) ***  Mouse coords: (520, 554) (19705, 13450)
2022-10-18 18:37:43.112 *** Mouse movement (LeftButton) ***  Mouse coords: (623, 554) (29460, 13450)
2022-10-18 18:37:43.141 *** Mouse movement (LeftButton) ***  Mouse coords: (714, 554) (28323, 13450)
2022-10-18 18:37:43.166 *** Mouse movement (LeftButton) ***  Mouse coords: (769, 553) (24914, 13355)
2022-10-18 18:37:43.193 *** Mouse movement (LeftButton) ***  Mouse coords: (788, 553) (21504, 13450)
2022-10-18 18:37:43.219 *** Mouse movement (LeftButton) ***  Mouse coords: (793, 553) (20179, 13450)
2022-10-18 18:37:43.244 *** Mouse movement (LeftButton) ***  Mouse coords: (793, 553) (19705, 13450)
2022-10-18 18:37:43.305 *** Mouse movement (LeftButton) ***  Mouse coords: (793, 552) (19705, 13355)
2022-10-18 18:37:43.479 *** Keyboard input *** key pressed: key: 90; text: "z"
2022-10-18 18:37:43.859 *** Keyboard input *** key pressed: key: 90; text: "z"
2022-10-18 18:37:44.087 *** Keyboard input *** key pressed: key: 90; text: "z"
2022-10-18 18:37:44.299 *** Keyboard input *** key pressed: key: 90; text: "z"
2022-10-18 18:37:44.584 *** Mouse movement (LeftButton) ***  Mouse coords: (1034, 600) (42529, 17996)
2022-10-18 18:37:44.654 *** Mouse movement (LeftButton) ***  Mouse coords: (1033, 600) (42435, 17996)
2022-10-18 18:37:44.691 *** Mouse movement (LeftButton) ***  Mouse coords: (996, 600) (39024, 17996)
2022-10-18 18:37:44.715 *** Mouse movement (LeftButton) ***  Mouse coords: (887, 600) (32206, 17996)
2022-10-18 18:37:44.739 *** Mouse movement (LeftButton) ***  Mouse coords: (740, 587) (28608, 16765)
2022-10-18 18:37:44.764 *** Mouse movement (LeftButton) ***  Mouse coords: (613, 566) (30501, 16007)
2022-10-18 18:37:44.812 *** Mouse movement (LeftButton) ***  Mouse coords: (509, 554) (32679, 16860)
2022-10-18 18:37:44.882 *** Mouse movement (LeftButton) ***  Mouse coords: (488, 554) (40540, 17996)
2022-10-18 18:37:44.907 *** Mouse movement (LeftButton) ***  Mouse coords: (488, 554) (42529, 17996)
2022-10-18 18:37:44.929 *** Mouse movement (LeftButton) ***  Mouse coords: (488, 554) (42529, 17996)
2022-10-18 18:37:45.141 *** Keyboard input *** key pressed: key: 90; text: "z"
2022-10-18 18:37:45.424 *** Keyboard input *** key pressed: key: 90; text: "z"
2022-10-18 18:37:45.668 *** Keyboard input *** key pressed: key: 90; text: "z"
2022-10-18 18:37:45.867 *** Keyboard input *** key pressed: key: 90; text: "z"
2022-10-18 18:37:46.255 *** Mouse movement (LeftButton) ***  Mouse coords: (463, 576) (40162, 20079)
2022-10-18 18:37:46.299 *** Mouse movement (LeftButton) ***  Mouse coords: (493, 576) (43003, 20079)
2022-10-18 18:37:46.327 *** Mouse movement (LeftButton) ***  Mouse coords: (542, 576) (44803, 20079)
2022-10-18 18:37:46.351 *** Mouse movement (LeftButton) ***  Mouse coords: (604, 576) (46033, 20079)
2022-10-18 18:37:46.374 *** Mouse movement (LeftButton) ***  Mouse coords: (683, 576) (47644, 20079)
2022-10-18 18:37:46.397 *** Mouse movement (LeftButton) ***  Mouse coords: (778, 576) (49159, 20079)
2022-10-18 18:37:46.422 *** Mouse movement (LeftButton) ***  Mouse coords: (864, 576) (48307, 20079)
2022-10-18 18:37:46.462 *** Mouse movement (LeftButton) ***  Mouse coords: (941, 576) (47455, 20079)
2022-10-18 18:37:46.531 *** Mouse movement (LeftButton) ***  Mouse coords: (1008, 568) (46507, 19322)
2022-10-18 18:37:46.555 *** Mouse movement (LeftButton) ***  Mouse coords: (1009, 567) (40257, 19984)
2022-10-18 18:37:46.580 *** Mouse movement (LeftButton) ***  Mouse coords: (1009, 567) (40162, 20079)
2022-10-18 18:37:46.605 *** Mouse movement (LeftButton) ***  Mouse coords: (1009, 567) (40162, 20079)
2022-10-18 18:37:46.732 *** Keyboard input *** key pressed: key: 90; text: "z"
2022-10-18 18:37:47.066 *** Keyboard input *** key pressed: key: 90; text: "z"
2022-10-18 18:37:47.300 *** Keyboard input *** key pressed: key: 90; text: "z"
2022-10-18 18:37:47.524 *** Keyboard input *** key pressed: key: 90; text: "z"
2022-10-18 18:37:47.965 *** Keyboard input *** key pressed: key: 90; text: "z"
2022-10-18 18:37:48.237 *** Keyboard input *** key pressed: key: 90; text: "z"
2022-10-18 18:37:48.478 *** Keyboard input *** key pressed: key: 90; text: "z"
2022-10-18 18:37:48.742 *** Keyboard input *** key pressed: key: 90; text: "z"
2022-10-18 18:37:49.810 *** Mouse movement (LeftButton) ***  Mouse coords: (854, 582) (15757, 25900)
2022-10-18 18:37:49.896 *** Mouse movement (LeftButton) ***  Mouse coords: (855, 582) (15758, 25900)
2022-10-18 18:37:49.926 *** Mouse movement (LeftButton) ***  Mouse coords: (843, 550) (15449, 25141)
2022-10-18 18:37:49.956 *** Mouse movement (LeftButton) ***  Mouse coords: (774, 434) (14097, 23148)
2022-10-18 18:37:49.979 *** Mouse movement (LeftButton) ***  Mouse coords: (751, 396) (15189, 24999)
2022-10-18 18:37:50.005 *** Mouse movement (LeftButton) ***  Mouse coords: (736, 370) (15378, 25283)
2022-10-18 18:37:50.034 *** Mouse movement (LeftButton) ***  Mouse coords: (731, 360) (15615, 25662)
2022-10-18 18:37:50.065 *** Mouse movement (LeftButton) ***  Mouse coords: (731, 359) (15734, 25877)
2022-10-18 18:37:52.206 *** Mouse movement (LeftButton) ***  Mouse coords: (987, 695) (18659, 31916)
2022-10-18 18:37:52.266 *** Mouse movement (LeftButton) ***  Mouse coords: (928, 676) (18192, 31766)
2022-10-18 18:37:52.292 *** Mouse movement (LeftButton) ***  Mouse coords: (862, 642) (18136, 31647)
2022-10-18 18:37:52.315 *** Mouse movement (LeftButton) ***  Mouse coords: (825, 621) (18367, 31749)
2022-10-18 18:37:52.337 *** Mouse movement (LeftButton) ***  Mouse coords: (813, 615) (18564, 31869)
2022-10-18 18:37:52.359 *** Mouse movement (LeftButton) ***  Mouse coords: (804, 610) (18588, 31876)
2022-10-18 18:37:52.384 *** Mouse movement (LeftButton) ***  Mouse coords: (803, 610) (18651, 31916)
2022-10-18 18:37:52.640 *** Keyboard input *** key pressed: key: 90; text: "z"
2022-10-18 18:37:52.641 *** Process image overlay spent 0.00 seconds.
2022-10-18 18:37:52.653 *** Get cell color spent 0.01 seconds.
2022-10-18 18:37:53.024 *** Keyboard input *** key pressed: key: 90; text: "z"
2022-10-18 18:37:53.299 *** Keyboard input *** key pressed: key: 90; text: "z"
2022-10-18 18:37:53.301 *** Process image overlay spent 0.00 seconds.
2022-10-18 18:37:53.317 *** Get cell color spent 0.02 seconds.
2022-10-18 18:37:53.519 *** Keyboard input *** key pressed: key: 90; text: "z"
2022-10-18 18:37:54.541 *** Mouse movement (LeftButton) ***  Mouse coords: (818, 240) (18088, 24620)
2022-10-18 18:37:54.588 *** Mouse movement (LeftButton) ***  Mouse coords: (818, 240) (18088, 24648)
2022-10-18 18:37:54.632 *** Mouse movement (LeftButton) ***  Mouse coords: (837, 323) (18623, 26986)
2022-10-18 18:37:54.657 *** Mouse movement (LeftButton) ***  Mouse coords: (869, 464) (18990, 28620)
2022-10-18 18:37:54.701 *** Mouse movement (LeftButton) ***  Mouse coords: (924, 717) (19637, 31775)
2022-10-18 18:37:54.746 *** Mouse movement (LeftButton) ***  Mouse coords: (943, 790) (18623, 26704)
2022-10-18 18:37:54.792 *** Mouse movement (LeftButton) ***  Mouse coords: (944, 795) (18116, 24789)
2022-10-18 18:37:54.972 *** Keyboard input *** key pressed: key: 90; text: "z"
2022-10-18 18:37:55.314 *** Keyboard input *** key pressed: key: 90; text: "z"
2022-10-18 18:37:56.476 *** Mouse movement (LeftButton) ***  Mouse coords: (744, 399) (14181, 20602)
2022-10-18 18:37:56.531 *** Mouse movement (LeftButton) ***  Mouse coords: (744, 399) (14181, 20602)
2022-10-18 18:37:56.565 *** Mouse movement (LeftButton) ***  Mouse coords: (744, 415) (14181, 21272)
2022-10-18 18:37:56.590 *** Mouse movement (LeftButton) ***  Mouse coords: (744, 436) (14181, 21481)
2022-10-18 18:37:56.612 *** Mouse movement (LeftButton) ***  Mouse coords: (744, 448) (14181, 21105)
2022-10-18 18:37:56.657 *** Mouse movement (LeftButton) ***  Mouse coords: (744, 456) (14181, 20937)
2022-10-18 18:37:56.703 *** Mouse movement (LeftButton) ***  Mouse coords: (744, 464) (14181, 20936)
2022-10-18 18:37:56.749 *** Mouse movement (LeftButton) ***  Mouse coords: (744, 465) (14181, 20644)
2022-10-18 18:37:56.796 *** Mouse movement (LeftButton) ***  Mouse coords: (744, 465) (14181, 20602)
2022-10-18 18:37:56.838 *** Mouse movement (LeftButton) ***  Mouse coords: (743, 471) (14139, 20854)
2022-10-18 18:37:56.862 *** Mouse movement (LeftButton) ***  Mouse coords: (742, 472) (14139, 20643)
2022-10-18 18:37:56.884 *** Mouse movement (LeftButton) ***  Mouse coords: (742, 474) (14181, 20686)
2022-10-18 18:37:56.928 *** Mouse movement (LeftButton) ***  Mouse coords: (742, 474) (14181, 20602)
2022-10-18 18:37:56.970 *** Mouse movement (LeftButton) ***  Mouse coords: (741, 475) (14140, 20644)
2022-10-18 18:37:56.994 *** Mouse movement (LeftButton) ***  Mouse coords: (741, 475) (14181, 20602)
2022-10-18 18:37:57.018 *** Mouse movement (LeftButton) ***  Mouse coords: (741, 475) (14181, 20602)
2022-10-18 18:38:00.288 *** Mouse movement (LeftButton) ***  Mouse coords: (508, 148) (4426, 6913)
2022-10-18 18:42:08.679 *** Mouse movement (LeftButton) ***  Mouse coords: (948, 206) (22888, 9341)
2022-10-18 18:42:08.805 *** Mouse movement (LeftButton) ***  Mouse coords: (948, 206) (22888, 9299)
2022-10-18 18:42:08.845 *** Mouse movement (LeftButton) ***  Mouse coords: (940, 206) (22553, 9299)
2022-10-18 18:42:08.881 *** Mouse movement (LeftButton) ***  Mouse coords: (922, 206) (22135, 9299)
2022-10-18 18:42:08.909 *** Mouse movement (LeftButton) ***  Mouse coords: (916, 208) (22637, 9382)
2022-10-18 18:42:08.961 *** Mouse movement (LeftButton) ***  Mouse coords: (916, 208) (22888, 9299)
2022-10-18 18:42:09.016 *** Mouse movement (LeftButton) ***  Mouse coords: (916, 208) (22888, 9299)
2022-10-18 18:42:09.080 *** Mouse movement (LeftButton) ***  Mouse coords: (916, 208) (22888, 9299)
2022-10-18 18:42:09.122 *** Mouse movement (LeftButton) ***  Mouse coords: (916, 208) (22888, 9299)
2022-10-18 18:42:19.136 *** Mouse movement (LeftButton) ***  Mouse coords: (517, 579) (17044, 10755)
2022-10-18 18:42:19.205 *** Mouse movement (LeftButton) ***  Mouse coords: (518, 578) (17082, 10755)
2022-10-18 18:42:19.261 *** Mouse movement (LeftButton) ***  Mouse coords: (576, 563) (18118, 10500)
2022-10-18 18:42:19.289 *** Mouse movement (LeftButton) ***  Mouse coords: (887, 475) (22725, 9171)
2022-10-18 18:42:19.338 *** Mouse movement (LeftButton) ***  Mouse coords: (1036, 459) (19775, 10481)
2022-10-18 18:42:19.381 *** Mouse movement (LeftButton) ***  Mouse coords: (1075, 459) (17773, 10773)
2022-10-18 18:42:19.424 *** Mouse movement (LeftButton) ***  Mouse coords: (1082, 462) (17190, 10828)
2022-10-18 18:42:19.470 *** Mouse movement (LeftButton) ***  Mouse coords: (1088, 470) (17172, 10919)
2022-10-18 18:42:19.518 *** Mouse movement (LeftButton) ***  Mouse coords: (1090, 474) (17100, 10845)
2022-10-18 18:42:20.002 *** Mouse movement (LeftButton) ***  Mouse coords: (814, 374) (12039, 8953)
2022-10-18 18:42:20.080 *** Mouse movement (LeftButton) ***  Mouse coords: (814, 374) (12039, 8953)
2022-10-18 18:42:20.114 *** Mouse movement (LeftButton) ***  Mouse coords: (859, 461) (12858, 10537)
2022-10-18 18:42:20.139 *** Mouse movement (LeftButton) ***  Mouse coords: (905, 567) (12876, 10882)
2022-10-18 18:42:20.161 *** Mouse movement (LeftButton) ***  Mouse coords: (931, 642) (12513, 10319)
2022-10-18 18:42:20.205 *** Mouse movement (LeftButton) ***  Mouse coords: (958, 745) (12530, 10827)
2022-10-18 18:42:20.248 *** Mouse movement (LeftButton) ***  Mouse coords: (982, 893) (12476, 11648)
2022-10-18 18:42:20.298 *** Mouse movement (LeftButton) ***  Mouse coords: (984, 908) (12075, 9226)
2022-10-18 18:42:20.348 *** Mouse movement (LeftButton) ***  Mouse coords: (985, 908) (12058, 8953)
2022-10-18 18:42:20.396 *** Mouse movement (LeftButton) ***  Mouse coords: (985, 908) (12039, 8953)
2022-10-18 18:42:20.447 *** Mouse movement (LeftButton) ***  Mouse coords: (985, 909) (12039, 8971)
2022-10-18 18:42:20.477 *** Mouse movement (LeftButton) ***  Mouse coords: (983, 900) (12002, 8789)
2022-10-18 18:42:20.533 *** Mouse movement (LeftButton) ***  Mouse coords: (886, 710) (10273, 5494)
2022-10-18 18:42:20.580 *** Mouse movement (LeftButton) ***  Mouse coords: (826, 586) (10947, 6696)
2022-10-18 18:42:20.625 *** Mouse movement (LeftButton) ***  Mouse coords: (815, 536) (11839, 8043)
2022-10-18 18:42:20.669 *** Mouse movement (LeftButton) ***  Mouse coords: (809, 514) (11930, 8553)
2022-10-18 18:42:20.714 *** Mouse movement (LeftButton) ***  Mouse coords: (801, 498) (11893, 8661)
2022-10-18 18:42:20.758 *** Mouse movement (LeftButton) ***  Mouse coords: (798, 490) (11985, 8808)
2022-10-18 18:42:20.803 *** Mouse movement (LeftButton) ***  Mouse coords: (797, 488) (12020, 8916)
2022-10-18 18:42:26.392 *** Mouse movement (LeftButton) ***  Mouse coords: (709, 420) (10437, 7715)
2022-10-18 18:42:26.475 *** Mouse movement (LeftButton) ***  Mouse coords: (689, 329) (10073, 6078)
2022-10-18 18:42:26.507 *** Mouse movement (LeftButton) ***  Mouse coords: (669, 241) (10073, 6132)
2022-10-18 18:42:26.559 *** Mouse movement (LeftButton) ***  Mouse coords: (643, 121) (9964, 5550)
2022-10-18 18:42:26.604 *** Mouse movement (LeftButton) ***  Mouse coords: (617, 41) (9964, 6277)
2022-10-18 18:42:26.648 *** Mouse movement (LeftButton) ***  Mouse coords: (599, -26) (10109, 6515)
2022-10-18 18:42:26.693 *** Mouse movement (LeftButton) ***  Mouse coords: (595, -60) (10364, 7115)
2022-10-18 18:42:26.737 *** Mouse movement (LeftButton) ***  Mouse coords: (589, -89) (10328, 7206)
2022-10-18 18:42:26.781 *** Mouse movement (LeftButton) ***  Mouse coords: (582, -103) (10310, 7479)
2022-10-18 18:42:26.825 *** Mouse movement (LeftButton) ***  Mouse coords: (582, -103) (10437, 7734)
2022-10-18 18:42:27.227 *** Mouse movement (LeftButton) ***  Mouse coords: (947, 532) (17081, 19293)
2022-10-18 18:42:27.313 *** Mouse movement (LeftButton) ***  Mouse coords: (947, 532) (17081, 19293)
2022-10-18 18:42:27.347 *** Mouse movement (LeftButton) ***  Mouse coords: (945, 503) (17044, 18765)
2022-10-18 18:42:27.372 *** Mouse movement (LeftButton) ***  Mouse coords: (932, 459) (16845, 18492)
2022-10-18 18:42:27.394 *** Mouse movement (LeftButton) ***  Mouse coords: (922, 420) (16899, 18583)
2022-10-18 18:42:27.439 *** Mouse movement (LeftButton) ***  Mouse coords: (909, 341) (16844, 17855)
2022-10-18 18:42:27.484 *** Mouse movement (LeftButton) ***  Mouse coords: (907, 238) (17045, 17418)
2022-10-18 18:42:27.529 *** Mouse movement (LeftButton) ***  Mouse coords: (907, 231) (17081, 19166)
2022-10-18 18:42:27.573 *** Mouse movement (LeftButton) ***  Mouse coords: (907, 230) (17081, 19275)
2022-10-18 18:42:27.989 *** Mouse movement (LeftButton) ***  Mouse coords: (964, 332) (18118, 21150)
2022-10-18 18:42:28.027 *** Mouse movement (LeftButton) ***  Mouse coords: (947, 319) (17809, 20913)
2022-10-18 18:42:28.054 *** Mouse movement (LeftButton) ***  Mouse coords: (924, 291) (17699, 20640)
2022-10-18 18:42:28.076 *** Mouse movement (LeftButton) ***  Mouse coords: (901, 255) (17699, 20495)
2022-10-18 18:42:28.119 *** Mouse movement (LeftButton) ***  Mouse coords: (872, 209) (17591, 20313)
2022-10-18 18:42:28.166 *** Mouse movement (LeftButton) ***  Mouse coords: (861, 191) (17917, 20822)
2022-10-18 18:42:28.213 *** Mouse movement (LeftButton) ***  Mouse coords: (858, 170) (18064, 20768)
2022-10-18 18:42:28.257 *** Mouse movement (LeftButton) ***  Mouse coords: (858, 161) (18118, 20986)
2022-10-18 18:42:28.301 *** Mouse movement (LeftButton) ***  Mouse coords: (855, 155) (18063, 21041)
2022-10-18 18:42:28.345 *** Mouse movement (LeftButton) ***  Mouse coords: (854, 152) (18100, 21095)
2022-10-18 18:42:28.391 *** Mouse movement (LeftButton) ***  Mouse coords: (854, 152) (18118, 21150)
2022-10-18 18:42:28.436 *** Mouse movement (LeftButton) ***  Mouse coords: (855, 151) (18136, 21132)
2022-10-18 18:42:28.459 *** Mouse movement (LeftButton) ***  Mouse coords: (862, 155) (18246, 21223)
2022-10-18 18:42:28.483 *** Mouse movement (LeftButton) ***  Mouse coords: (870, 173) (18263, 21477)
2022-10-18 18:42:28.529 *** Mouse movement (LeftButton) ***  Mouse coords: (890, 244) (18482, 22443)
2022-10-18 18:42:28.572 *** Mouse movement (LeftButton) ***  Mouse coords: (904, 282) (18373, 21841)
2022-10-18 18:42:28.919 *** Mouse movement (LeftButton) ***  Mouse coords: (1067, 516) (21085, 25410)
2022-10-18 18:42:29.005 *** Mouse movement (LeftButton) ***  Mouse coords: (1067, 517) (21085, 25428)
2022-10-18 18:42:29.037 *** Mouse movement (LeftButton) ***  Mouse coords: (1065, 504) (21049, 25174)
2022-10-18 18:42:29.059 *** Mouse movement (LeftButton) ***  Mouse coords: (1051, 460) (20830, 24609)
2022-10-18 18:42:29.103 *** Mouse movement (LeftButton) ***  Mouse coords: (1002, 332) (20193, 23080)
2022-10-18 18:42:29.147 *** Mouse movement (LeftButton) ***  Mouse coords: (978, 256) (20648, 24026)
2022-10-18 18:42:29.192 *** Mouse movement (LeftButton) ***  Mouse coords: (976, 217) (21049, 24700)
2022-10-18 18:42:29.235 *** Mouse movement (LeftButton) ***  Mouse coords: (976, 208) (21085, 25246)
2022-10-18 18:42:29.280 *** Mouse movement (LeftButton) ***  Mouse coords: (976, 207) (21085, 25392)
2022-10-18 18:42:30.824 *** Mouse movement (LeftButton) ***  Mouse coords: (944, 291) (19436, 31469)
2022-10-18 18:42:30.905 *** Mouse movement (LeftButton) ***  Mouse coords: (943, 291) (19431, 31474)
2022-10-18 18:42:30.934 *** Mouse movement (LeftButton) ***  Mouse coords: (943, 294) (19436, 31489)
2022-10-18 18:42:30.981 *** Mouse movement (LeftButton) ***  Mouse coords: (942, 304) (19431, 31524)
2022-10-18 18:42:31.004 *** Mouse movement (LeftButton) ***  Mouse coords: (942, 307) (19436, 31489)
2022-10-18 18:42:31.048 *** Mouse movement (LeftButton) ***  Mouse coords: (942, 310) (19436, 31489)
2022-10-18 18:42:31.071 *** Mouse movement (LeftButton) ***  Mouse coords: (942, 312) (19436, 31484)
2022-10-18 18:42:34.877 *** Mouse movement (LeftButton) ***  Mouse coords: (922, 370) (19335, 31767)
2022-10-18 18:42:34.938 *** Mouse movement (LeftButton) ***  Mouse coords: (922, 370) (19330, 31772)
2022-10-18 18:42:34.966 *** Mouse movement (LeftButton) ***  Mouse coords: (884, 370) (19139, 31772)
2022-10-18 18:42:35.011 *** Mouse movement (LeftButton) ***  Mouse coords: (728, 374) (18544, 31792)
2022-10-18 18:42:35.035 *** Mouse movement (LeftButton) ***  Mouse coords: (617, 397) (18771, 31888)
2022-10-18 18:42:35.083 *** Mouse movement (LeftButton) ***  Mouse coords: (491, 449) (18696, 32033)
2022-10-18 18:42:35.107 *** Mouse movement (LeftButton) ***  Mouse coords: (470, 461) (19224, 31833)
2022-10-18 18:42:35.156 *** Mouse movement (LeftButton) ***  Mouse coords: (456, 470) (19259, 31817)
2022-10-18 18:42:35.178 *** Mouse movement (LeftButton) ***  Mouse coords: (456, 471) (19330, 31777)
2022-10-18 18:42:35.222 *** Mouse movement (LeftButton) ***  Mouse coords: (455, 471) (19325, 31772)
2022-10-18 18:42:40.926 *** Mouse movement (LeftButton) ***  Mouse coords: (182, 535) (17955, 32095)
2022-10-18 18:42:41.063 *** Mouse movement (LeftButton) ***  Mouse coords: (183, 535) (17960, 32095)
2022-10-18 18:42:41.100 *** Mouse movement (LeftButton) ***  Mouse coords: (270, 535) (18394, 32095)
2022-10-18 18:42:41.123 *** Mouse movement (LeftButton) ***  Mouse coords: (458, 538) (18901, 32110)
2022-10-18 18:42:41.145 *** Mouse movement (LeftButton) ***  Mouse coords: (566, 543) (18499, 32120)
2022-10-18 18:42:41.188 *** Mouse movement (LeftButton) ***  Mouse coords: (690, 549) (18580, 32125)
2022-10-18 18:42:41.211 *** Mouse movement (LeftButton) ***  Mouse coords: (759, 549) (18302, 32095)
2022-10-18 18:42:41.255 *** Mouse movement (LeftButton) ***  Mouse coords: (766, 549) (17991, 32095)
2022-10-18 18:42:41.291 *** Mouse movement (LeftButton) ***  Mouse coords: (766, 549) (17955, 32095)
2022-10-18 18:42:41.354 *** Mouse movement (LeftButton) ***  Mouse coords: (766, 547) (17955, 32085)
2022-10-18 18:42:53.265 *** Mouse movement (LeftButton) ***  Mouse coords: (816, 478) (17781, 31785)
2022-10-18 18:42:53.330 *** Mouse movement (LeftButton) ***  Mouse coords: (774, 478) (17722, 31785)
2022-10-18 18:42:53.365 *** Mouse movement (LeftButton) ***  Mouse coords: (755, 478) (17755, 31785)
2022-10-18 18:42:53.410 *** Mouse movement (LeftButton) ***  Mouse coords: (754, 478) (17779, 31785)
2022-10-18 18:43:20.786 *** Mouse movement (LeftButton) ***  Mouse coords: (659, 397) (17649, 31673)
2022-10-18 18:43:20.905 *** Mouse movement (LeftButton) ***  Mouse coords: (659, 396) (17649, 31672)
2022-10-18 18:43:20.937 *** Mouse movement (LeftButton) ***  Mouse coords: (678, 404) (17676, 31684)
2022-10-18 18:43:20.981 *** Mouse movement (LeftButton) ***  Mouse coords: (741, 424) (17736, 31700)
2022-10-18 18:43:21.004 *** Mouse movement (LeftButton) ***  Mouse coords: (765, 426) (17683, 31676)
2022-10-18 18:43:21.052 *** Mouse movement (LeftButton) ***  Mouse coords: (780, 426) (17670, 31673)
2022-10-18 18:43:21.075 *** Mouse movement (LeftButton) ***  Mouse coords: (795, 426) (17669, 31673)
2022-10-18 18:43:21.117 *** Mouse movement (LeftButton) ***  Mouse coords: (797, 426) (17652, 31673)
2022-10-18 18:43:21.141 *** Mouse movement (LeftButton) ***  Mouse coords: (801, 425) (17655, 31672)
2022-10-18 18:43:21.184 *** Mouse movement (LeftButton) ***  Mouse coords: (803, 425) (17651, 31673)
2022-10-18 18:43:27.486 *** Mouse movement (LeftButton) ***  Mouse coords: (708, 433) (17359, 31684)
2022-10-18 18:43:29.977 *** Mouse movement (LeftButton) ***  Mouse coords: (862, 365) (17445, 31646)
2022-10-18 18:43:30.063 *** Mouse movement (LeftButton) ***  Mouse coords: (862, 365) (17445, 31646)
2022-10-18 18:43:30.107 *** Mouse movement (LeftButton) ***  Mouse coords: (795, 365) (17408, 31646)
2022-10-18 18:43:30.156 *** Mouse movement (LeftButton) ***  Mouse coords: (560, 365) (17313, 31646)
2022-10-18 18:43:30.208 *** Mouse movement (LeftButton) ***  Mouse coords: (447, 366) (17381, 31647)
2022-10-18 18:43:30.257 *** Mouse movement (LeftButton) ***  Mouse coords: (435, 366) (17439, 31646)
2022-10-18 18:43:30.380 *** Mouse movement (LeftButton) ***  Mouse coords: (435, 366) (17445, 31646)
2022-10-18 18:43:30.424 *** Mouse movement (LeftButton) ***  Mouse coords: (435, 365) (17445, 31645)
2022-10-18 18:43:30.473 *** Mouse movement (LeftButton) ***  Mouse coords: (435, 363) (17445, 31645)
2022-10-18 18:43:34.327 *** Mouse movement (LeftButton) ***  Mouse coords: (393, 439) (17422, 31689)
2022-10-18 18:43:34.422 *** Mouse movement (LeftButton) ***  Mouse coords: (393, 439) (17422, 31689)
2022-10-18 18:43:34.466 *** Mouse movement (LeftButton) ***  Mouse coords: (447, 439) (17452, 31689)
2022-10-18 18:43:34.516 *** Mouse movement (LeftButton) ***  Mouse coords: (568, 433) (17489, 31685)
2022-10-18 18:43:34.564 *** Mouse movement (LeftButton) ***  Mouse coords: (612, 430) (17447, 31687)
2022-10-18 18:43:34.613 *** Mouse movement (LeftButton) ***  Mouse coords: (616, 430) (17424, 31689)
2022-10-18 18:43:34.661 *** Mouse movement (LeftButton) ***  Mouse coords: (617, 430) (17423, 31689)
2022-10-18 18:43:41.957 *** Keyboard input *** key pressed: key: 90; text: "z"
2022-10-18 18:43:41.960 *** Process image overlay spent 0.00 seconds.
2022-10-18 18:43:41.965 *** Get cell color spent 0.00 seconds.
2022-10-18 18:43:43.228 *** Process image overlay spent 0.00 seconds.
2022-10-18 18:43:43.231 *** Get cell color spent 0.00 seconds.
2022-10-18 18:43:43.272 *** Process image overlay spent 0.00 seconds.
2022-10-18 18:43:43.273 *** Get cell color spent 0.00 seconds.
2022-10-18 18:43:43.336 *** Process image overlay spent 0.00 seconds.
2022-10-18 18:43:43.338 *** Get cell color spent 0.00 seconds.
2022-10-18 18:43:43.386 *** Process image overlay spent 0.00 seconds.
2022-10-18 18:43:43.387 *** Get cell color spent 0.00 seconds.
2022-10-18 18:43:43.687 *** Process image overlay spent 0.00 seconds.
2022-10-18 18:43:43.689 *** Get cell color spent 0.00 seconds.
2022-10-18 18:43:45.804 *** Mouse movement (LeftButton) ***  Mouse coords: (809, 369) (18597, 31184)
2022-10-18 18:43:46.192 *** Keyboard input *** key pressed: key: 90; text: "z"
2022-10-18 18:43:46.553 *** Keyboard input *** key pressed: key: 90; text: "z"
2022-10-18 18:43:46.556 *** Process image overlay spent 0.00 seconds.
2022-10-18 18:43:46.574 *** Get cell color spent 0.02 seconds.
2022-10-18 18:43:48.109 *** Process image overlay spent 0.00 seconds.
2022-10-18 18:43:48.116 *** Get cell color spent 0.01 seconds.
2022-10-18 18:43:48.636 *** Process image overlay spent 0.00 seconds.
2022-10-18 18:43:48.639 *** Get cell color spent 0.00 seconds.
2022-10-18 18:43:49.328 *** Process image overlay spent 0.00 seconds.
2022-10-18 18:43:49.329 *** Get cell color spent 0.00 seconds.
2022-10-18 18:43:49.400 *** Process image overlay spent 0.00 seconds.
2022-10-18 18:43:49.402 *** Get cell color spent 0.00 seconds.
2022-10-18 18:43:49.471 *** Process image overlay spent 0.00 seconds.
2022-10-18 18:43:49.473 *** Get cell color spent 0.00 seconds.
2022-10-18 18:43:49.512 *** Process image overlay spent 0.00 seconds.
2022-10-18 18:43:49.513 *** Get cell color spent 0.00 seconds.
2022-10-18 18:43:49.578 *** Process image overlay spent 0.00 seconds.
2022-10-18 18:43:49.579 *** Get cell color spent 0.00 seconds.
2022-10-18 18:43:49.614 *** Process image overlay spent 0.00 seconds.
2022-10-18 18:43:49.616 *** Get cell color spent 0.00 seconds.
2022-10-18 18:43:49.645 *** Process image overlay spent 0.00 seconds.
2022-10-18 18:43:49.646 *** Get cell color spent 0.00 seconds.
2022-10-18 18:43:49.680 *** Process image overlay spent 0.00 seconds.
2022-10-18 18:43:49.681 *** Get cell color spent 0.00 seconds.
2022-10-18 18:43:49.710 *** Process image overlay spent 0.00 seconds.
2022-10-18 18:43:49.711 *** Get cell color spent 0.00 seconds.
2022-10-18 18:43:49.970 *** Mouse movement (LeftButton) ***  Mouse coords: (656, 170) (19335, 30950)
2022-10-18 18:43:50.006 *** Process image overlay spent 0.00 seconds.
2022-10-18 18:43:50.007 *** Get cell color spent 0.00 seconds.
2022-10-18 18:43:50.072 *** Mouse movement (LeftButton) ***  Mouse coords: (657, 170) (19335, 30950)
2022-10-18 18:43:50.094 *** Process image overlay spent 0.00 seconds.
2022-10-18 18:43:50.095 *** Get cell color spent 0.00 seconds.
2022-10-18 18:43:50.125 *** Mouse movement (LeftButton) ***  Mouse coords: (691, 202) (19355, 30968)
2022-10-18 18:43:50.127 *** Process image overlay spent 0.00 seconds.
2022-10-18 18:43:50.128 *** Get cell color spent 0.00 seconds.
2022-10-18 18:43:50.166 *** Process image overlay spent 0.00 seconds.
2022-10-18 18:43:50.167 *** Get cell color spent 0.00 seconds.
2022-10-18 18:43:50.194 *** Mouse movement (LeftButton) ***  Mouse coords: (776, 291) (19383, 31001)
2022-10-18 18:43:50.196 *** Process image overlay spent 0.00 seconds.
2022-10-18 18:43:50.197 *** Get cell color spent 0.00 seconds.
2022-10-18 18:43:50.233 *** Process image overlay spent 0.00 seconds.
2022-10-18 18:43:50.234 *** Get cell color spent 0.00 seconds.
2022-10-18 18:43:50.262 *** Mouse movement (LeftButton) ***  Mouse coords: (836, 365) (19369, 30992)
2022-10-18 18:43:50.264 *** Process image overlay spent 0.00 seconds.
2022-10-18 18:43:50.265 *** Get cell color spent 0.00 seconds.
2022-10-18 18:43:50.304 *** Process image overlay spent 0.00 seconds.
2022-10-18 18:43:50.305 *** Get cell color spent 0.00 seconds.
2022-10-18 18:43:50.333 *** Mouse movement (LeftButton) ***  Mouse coords: (899, 433) (19371, 30989)
2022-10-18 18:43:50.335 *** Process image overlay spent 0.00 seconds.
2022-10-18 18:43:50.336 *** Get cell color spent 0.00 seconds.
2022-10-18 18:43:50.378 *** Process image overlay spent 0.00 seconds.
2022-10-18 18:43:50.379 *** Get cell color spent 0.00 seconds.
2022-10-18 18:43:50.406 *** Mouse movement (LeftButton) ***  Mouse coords: (985, 481) (19384, 30977)
2022-10-18 18:43:50.410 *** Process image overlay spent 0.00 seconds.
2022-10-18 18:43:50.411 *** Get cell color spent 0.00 seconds.
2022-10-18 18:43:50.448 *** Process image overlay spent 0.00 seconds.
2022-10-18 18:43:50.449 *** Get cell color spent 0.00 seconds.
2022-10-18 18:43:50.478 *** Mouse movement (LeftButton) ***  Mouse coords: (1006, 485) (19347, 30953)
2022-10-18 18:43:50.480 *** Process image overlay spent 0.00 seconds.
2022-10-18 18:43:50.482 *** Get cell color spent 0.00 seconds.
2022-10-18 18:43:50.522 *** Process image overlay spent 0.00 seconds.
2022-10-18 18:43:50.523 *** Get cell color spent 0.00 seconds.
2022-10-18 18:43:50.963 *** Keyboard input *** key pressed: key: 90; text: "z"
2022-10-18 18:43:51.333 *** Mouse movement (LeftButton) ***  Mouse coords: (682, 217) (19151, 30797)
2022-10-18 18:43:51.422 *** Mouse movement (LeftButton) ***  Mouse coords: (682, 216) (19151, 30796)
2022-10-18 18:43:51.489 *** Mouse movement (LeftButton) ***  Mouse coords: (689, 237) (19155, 30809)
2022-10-18 18:43:51.536 *** Mouse movement (LeftButton) ***  Mouse coords: (721, 325) (19169, 30847)
2022-10-18 18:43:51.595 *** Mouse movement (LeftButton) ***  Mouse coords: (730, 353) (19156, 30813)
2022-10-18 18:43:51.645 *** Mouse movement (LeftButton) ***  Mouse coords: (731, 357) (19152, 30800)
2022-10-18 18:43:51.692 *** Mouse movement (LeftButton) ***  Mouse coords: (731, 357) (19151, 30797)
2022-10-18 18:43:52.143 *** Keyboard input *** key pressed: key: 90; text: "z"
2022-10-18 18:43:52.146 *** Process image overlay spent 0.00 seconds.
2022-10-18 18:43:52.149 *** Get cell color spent 0.00 seconds.
2022-10-18 18:43:52.467 *** Keyboard input *** key pressed: key: 90; text: "z"
2022-10-18 18:43:53.117 *** Keyboard input *** key pressed: key: 90; text: "z"
2022-10-18 18:43:53.120 *** Process image overlay spent 0.00 seconds.
2022-10-18 18:43:53.123 *** Get cell color spent 0.00 seconds.
2022-10-18 18:43:54.687 *** Keyboard input *** key pressed: key: 90; text: "z"
2022-10-18 18:43:55.183 *** Keyboard input *** key pressed: key: 90; text: "z"
2022-10-18 18:43:55.185 *** Process image overlay spent 0.00 seconds.
2022-10-18 18:43:55.187 *** Get cell color spent 0.00 seconds.
2022-10-18 18:43:56.846 *** Keyboard input *** key pressed: key: 90; text: "z"
2022-10-18 18:43:58.342 *** Mouse movement (LeftButton) ***  Mouse coords: (688, 354) (19126, 30795)
2022-10-18 18:44:00.057 *** Keyboard input *** key pressed: key: 90; text: "z"
2022-10-18 18:44:00.060 *** Process image overlay spent 0.00 seconds.
2022-10-18 18:44:00.061 *** Get cell color spent 0.00 seconds.
2022-10-18 18:44:00.862 *** Keyboard input *** key pressed: key: 90; text: "z"
2022-10-18 18:44:01.306 *** Keyboard input *** key pressed: key: 90; text: "z"
2022-10-18 18:44:01.309 *** Process image overlay spent 0.00 seconds.
2022-10-18 18:44:01.312 *** Get cell color spent 0.00 seconds.
2022-10-18 18:44:01.697 *** Process image overlay spent 0.00 seconds.
2022-10-18 18:44:01.698 *** Get cell color spent 0.00 seconds.
2022-10-18 18:44:01.740 *** Process image overlay spent 0.00 seconds.
2022-10-18 18:44:01.742 *** Get cell color spent 0.00 seconds.
2022-10-18 18:44:01.860 *** Process image overlay spent 0.00 seconds.
2022-10-18 18:44:01.864 *** Get cell color spent 0.00 seconds.
2022-10-18 18:44:02.059 *** Process image overlay spent 0.00 seconds.
2022-10-18 18:44:02.064 *** Get cell color spent 0.00 seconds.
2022-10-18 18:44:02.455 *** Process image overlay spent 0.00 seconds.
2022-10-18 18:44:02.463 *** Get cell color spent 0.01 seconds.
2022-10-18 18:44:03.185 *** Mouse movement (LeftButton) ***  Mouse coords: (759, 224) (16710, 29251)
2022-10-18 18:44:03.239 *** Mouse movement (LeftButton) ***  Mouse coords: (759, 224) (16710, 29251)
2022-10-18 18:44:03.263 *** Mouse movement (LeftButton) ***  Mouse coords: (759, 231) (16710, 29338)
2022-10-18 18:44:03.289 *** Mouse movement (LeftButton) ***  Mouse coords: (759, 269) (16710, 29724)
2022-10-18 18:44:03.340 *** Process image overlay spent 0.00 seconds.
2022-10-18 18:44:03.349 *** Get cell color spent 0.01 seconds.
2022-10-18 18:44:03.364 *** Mouse movement (LeftButton) ***  Mouse coords: (775, 411) (16910, 31019)
2022-10-18 18:44:03.394 *** Mouse movement (LeftButton) ***  Mouse coords: (786, 503) (16847, 30397)
2022-10-18 18:44:03.438 *** Mouse movement (LeftButton) ***  Mouse coords: (786, 520) (16710, 29463)
2022-10-18 18:44:03.507 *** Process image overlay spent 0.00 seconds.
2022-10-18 18:44:03.521 *** Get cell color spent 0.01 seconds.
2022-10-18 18:44:04.282 *** Mouse movement (LeftButton) ***  Mouse coords: (822, 175) (11708, 22858)
2022-10-18 18:44:04.331 *** Mouse movement (LeftButton) ***  Mouse coords: (822, 175) (11708, 22858)
2022-10-18 18:44:04.357 *** Mouse movement (LeftButton) ***  Mouse coords: (822, 194) (11708, 23583)
2022-10-18 18:44:04.382 *** Mouse movement (LeftButton) ***  Mouse coords: (822, 231) (11708, 24271)
2022-10-18 18:44:04.428 *** Mouse movement (LeftButton) ***  Mouse coords: (822, 371) (11708, 28203)
2022-10-18 18:44:04.475 *** Mouse movement (LeftButton) ***  Mouse coords: (822, 503) (11708, 27898)
2022-10-18 18:44:04.524 *** Mouse movement (LeftButton) ***  Mouse coords: (822, 565) (11708, 25226)
2022-10-18 18:44:04.568 *** Mouse movement (LeftButton) ***  Mouse coords: (822, 575) (11708, 23239)
2022-10-18 18:44:04.612 *** Mouse movement (LeftButton) ***  Mouse coords: (822, 576) (11708, 22897)
2022-10-18 18:44:05.528 *** Mouse movement (LeftButton) ***  Mouse coords: (601, 147) (3270, 6477)
2022-10-18 18:44:05.643 *** Mouse movement (LeftButton) ***  Mouse coords: (601, 150) (3270, 6631)
2022-10-18 18:44:05.667 *** Mouse movement (LeftButton) ***  Mouse coords: (610, 176) (3614, 7509)
2022-10-18 18:44:05.689 *** Mouse movement (LeftButton) ***  Mouse coords: (625, 218) (3843, 8119)
2022-10-18 18:44:05.737 *** Mouse movement (LeftButton) ***  Mouse coords: (637, 251) (3728, 7776)
2022-10-18 18:44:05.789 *** Mouse movement (LeftButton) ***  Mouse coords: (639, 260) (3346, 6860)
2022-10-18 18:44:07.687 *** Process image overlay spent 0.00 seconds.
2022-10-18 18:44:07.706 *** Get cell color spent 0.02 seconds.
2022-10-18 18:44:07.822 *** Process image overlay spent 0.00 seconds.
2022-10-18 18:44:07.837 *** Get cell color spent 0.01 seconds.
2022-10-18 18:44:08.176 *** Mouse movement (LeftButton) ***  Mouse coords: (1009, 360) (4066, 7014)
2022-10-18 18:44:08.249 *** Process image overlay spent 0.00 seconds.
2022-10-18 18:44:08.264 *** Get cell color spent 0.01 seconds.
2022-10-18 18:44:08.309 *** Mouse movement (LeftButton) ***  Mouse coords: (974, 360) (3616, 7001)
2022-10-18 18:44:08.334 *** Mouse movement (LeftButton) ***  Mouse coords: (938, 360) (3603, 7001)
2022-10-18 18:44:08.385 *** Process image overlay spent 0.00 seconds.
2022-10-18 18:44:08.404 *** Get cell color spent 0.02 seconds.
2022-10-18 18:44:08.457 *** Mouse movement (LeftButton) ***  Mouse coords: (910, 360) (3706, 7001)
2022-10-18 18:44:08.481 *** Mouse movement (LeftButton) ***  Mouse coords: (908, 360) (4041, 7001)
2022-10-18 18:44:08.531 *** Process image overlay spent 0.00 seconds.
2022-10-18 18:44:08.549 *** Get cell color spent 0.02 seconds.
2022-10-18 18:44:09.003 *** Process image overlay spent 0.00 seconds.
2022-10-18 18:44:09.009 *** Get cell color spent 0.01 seconds.
2022-10-18 18:44:09.224 *** Process image overlay spent 0.00 seconds.
2022-10-18 18:44:09.228 *** Get cell color spent 0.00 seconds.
2022-10-18 18:44:09.558 *** Process image overlay spent 0.00 seconds.
2022-10-18 18:44:09.562 *** Get cell color spent 0.00 seconds.
2022-10-18 18:44:10.115 *** Keyboard input *** key pressed: key: 90; text: "z"
2022-10-18 18:44:11.244 *** Mouse movement (LeftButton) ***  Mouse coords: (924, 295) (4137, 7216)
2022-10-18 18:44:11.364 *** Mouse movement (LeftButton) ***  Mouse coords: (924, 294) (4137, 7215)
2022-10-18 18:44:11.434 *** Mouse movement (LeftButton) ***  Mouse coords: (924, 315) (4137, 7230)
2022-10-18 18:44:11.481 *** Mouse movement (LeftButton) ***  Mouse coords: (931, 354) (4141, 7241)
2022-10-18 18:44:11.529 *** Mouse movement (LeftButton) ***  Mouse coords: (931, 363) (4137, 7221)
2022-10-18 18:44:11.576 *** Mouse movement (LeftButton) ***  Mouse coords: (931, 367) (4137, 7219)
2022-10-18 18:44:11.714 *** Keyboard input *** key pressed: key: 90; text: "z"
2022-10-18 18:44:11.715 *** Process image overlay spent 0.00 seconds.
2022-10-18 18:44:11.717 *** Get cell color spent 0.00 seconds.
2022-10-18 18:44:12.120 *** Keyboard input *** key pressed: key: 90; text: "z"
2022-10-18 18:44:13.397 *** Keyboard input *** key pressed: key: 90; text: "z"
2022-10-18 18:44:13.400 *** Process image overlay spent 0.00 seconds.
2022-10-18 18:44:13.403 *** Get cell color spent 0.00 seconds.
2022-10-18 18:44:13.851 *** Keyboard input *** key pressed: key: 90; text: "z"
2022-10-18 18:44:14.229 *** Keyboard input *** key pressed: key: 90; text: "z"
2022-10-18 18:44:14.231 *** Process image overlay spent 0.00 seconds.
2022-10-18 18:44:14.233 *** Get cell color spent 0.00 seconds.
2022-10-18 18:44:15.209 *** Process image overlay spent 0.00 seconds.
2022-10-18 18:44:15.212 *** Get cell color spent 0.00 seconds.
2022-10-18 18:44:15.255 *** Process image overlay spent 0.00 seconds.
2022-10-18 18:44:15.257 *** Get cell color spent 0.00 seconds.
2022-10-18 18:44:15.320 *** Process image overlay spent 0.00 seconds.
2022-10-18 18:44:15.321 *** Get cell color spent 0.00 seconds.
2022-10-18 18:44:15.356 *** Process image overlay spent 0.00 seconds.
2022-10-18 18:44:15.357 *** Get cell color spent 0.00 seconds.
2022-10-18 18:44:15.445 *** Process image overlay spent 0.00 seconds.
2022-10-18 18:44:15.447 *** Get cell color spent 0.00 seconds.
2022-10-18 18:44:15.481 *** Process image overlay spent 0.00 seconds.
2022-10-18 18:44:15.482 *** Get cell color spent 0.00 seconds.
2022-10-18 18:44:15.510 *** Process image overlay spent 0.00 seconds.
2022-10-18 18:44:15.511 *** Get cell color spent 0.00 seconds.
2022-10-18 18:44:15.856 *** Mouse movement (LeftButton) ***  Mouse coords: (932, 367) (4145, 7214)
2022-10-18 18:44:15.893 *** Process image overlay spent 0.00 seconds.
2022-10-18 18:44:15.894 *** Get cell color spent 0.00 seconds.
2022-10-18 18:44:15.932 *** Process image overlay spent 0.00 seconds.
2022-10-18 18:44:15.933 *** Get cell color spent 0.00 seconds.
2022-10-18 18:44:15.957 *** Mouse movement (LeftButton) ***  Mouse coords: (985, 367) (4163, 7214)
2022-10-18 18:44:15.960 *** Process image overlay spent 0.00 seconds.
2022-10-18 18:44:15.961 *** Get cell color spent 0.00 seconds.
2022-10-18 18:44:15.992 *** Process image overlay spent 0.00 seconds.
2022-10-18 18:44:15.993 *** Get cell color spent 0.00 seconds.
2022-10-18 18:44:16.017 *** Mouse movement (LeftButton) ***  Mouse coords: (1068, 367) (4176, 7214)
2022-10-18 18:44:16.019 *** Process image overlay spent 0.00 seconds.
2022-10-18 18:44:16.020 *** Get cell color spent 0.00 seconds.
2022-10-18 18:44:16.052 *** Process image overlay spent 0.00 seconds.
2022-10-18 18:44:16.053 *** Get cell color spent 0.00 seconds.
2022-10-18 18:44:16.078 *** Mouse movement (LeftButton) ***  Mouse coords: (1077, 367) (4147, 7214)
2022-10-18 18:44:16.081 *** Process image overlay spent 0.00 seconds.
2022-10-18 18:44:16.082 *** Get cell color spent 0.00 seconds.
2022-10-18 18:44:16.114 *** Process image overlay spent 0.00 seconds.
2022-10-18 18:44:16.115 *** Get cell color spent 0.00 seconds.
2022-10-18 18:44:16.142 *** Mouse movement (LeftButton) ***  Mouse coords: (1077, 367) (4144, 7214)
2022-10-18 18:44:16.144 *** Process image overlay spent 0.00 seconds.
2022-10-18 18:44:16.145 *** Get cell color spent 0.00 seconds.
2022-10-18 18:44:16.180 *** Mouse movement (LeftButton) ***  Mouse coords: (1077, 367) (4144, 7214)
2022-10-18 18:44:16.200 *** Process image overlay spent 0.00 seconds.
2022-10-18 18:44:16.201 *** Get cell color spent 0.00 seconds.
2022-10-18 18:44:18.708 *** Keyboard input *** key pressed: key: 90; text: "z"
2022-10-18 18:44:19.069 *** Keyboard input *** key pressed: key: 90; text: "z"
2022-10-18 18:44:19.072 *** Process image overlay spent 0.00 seconds.
2022-10-18 18:44:19.075 *** Get cell color spent 0.00 seconds.
2022-10-18 18:44:19.612 *** Keyboard input *** key pressed: key: 90; text: "z"
2022-10-18 18:44:20.453 *** Keyboard input *** key pressed: key: 90; text: "z"
2022-10-18 18:44:20.454 *** Process image overlay spent 0.00 seconds.
2022-10-18 18:44:20.456 *** Get cell color spent 0.00 seconds.
2022-10-18 18:45:12.122 *** Mouse movement (LeftButton) ***  Mouse coords: (686, 372) (3914, 7220)
2022-10-18 18:45:12.160 *** Process image overlay spent 0.00 seconds.
2022-10-18 18:45:12.162 *** Get cell color spent 0.00 seconds.
2022-10-18 18:45:12.198 *** Mouse movement (LeftButton) ***  Mouse coords: (686, 372) (3914, 7220)
2022-10-18 18:45:12.219 *** Process image overlay spent 0.00 seconds.
2022-10-18 18:45:12.220 *** Get cell color spent 0.00 seconds.
2022-10-18 18:45:12.248 *** Mouse movement (LeftButton) ***  Mouse coords: (665, 372) (3906, 7220)
2022-10-18 18:45:12.252 *** Process image overlay spent 0.00 seconds.
2022-10-18 18:45:12.253 *** Get cell color spent 0.00 seconds.
2022-10-18 18:45:12.297 *** Process image overlay spent 0.00 seconds.
2022-10-18 18:45:12.298 *** Get cell color spent 0.00 seconds.
2022-10-18 18:45:12.323 *** Mouse movement (LeftButton) ***  Mouse coords: (599, 372) (3890, 7220)
2022-10-18 18:45:12.326 *** Process image overlay spent 0.00 seconds.
2022-10-18 18:45:12.327 *** Get cell color spent 0.00 seconds.
2022-10-18 18:45:12.362 *** Process image overlay spent 0.00 seconds.
2022-10-18 18:45:12.363 *** Get cell color spent 0.00 seconds.
2022-10-18 18:45:12.390 *** Mouse movement (LeftButton) ***  Mouse coords: (590, 373) (3910, 7220)
2022-10-18 18:45:12.392 *** Process image overlay spent 0.00 seconds.
2022-10-18 18:45:12.393 *** Get cell color spent 0.00 seconds.
2022-10-18 18:45:12.429 *** Process image overlay spent 0.00 seconds.
2022-10-18 18:45:12.430 *** Get cell color spent 0.00 seconds.
2022-10-18 18:45:12.454 *** Mouse movement (LeftButton) ***  Mouse coords: (590, 373) (3914, 7220)
2022-10-18 18:45:12.457 *** Process image overlay spent 0.00 seconds.
2022-10-18 18:45:12.458 *** Get cell color spent 0.00 seconds.
2022-10-18 18:45:12.864 *** Process image overlay spent 0.00 seconds.
2022-10-18 18:45:12.866 *** Get cell color spent 0.00 seconds.
2022-10-18 18:45:12.908 *** Process image overlay spent 0.00 seconds.
2022-10-18 18:45:12.909 *** Get cell color spent 0.00 seconds.
2022-10-18 18:45:13.128 *** Process image overlay spent 0.00 seconds.
2022-10-18 18:45:13.130 *** Get cell color spent 0.00 seconds.
2022-10-18 18:45:13.459 *** Mouse movement (LeftButton) ***  Mouse coords: (735, 298) (3492, 7111)
2022-10-18 18:45:13.564 *** Mouse movement (LeftButton) ***  Mouse coords: (735, 297) (3492, 7110)
2022-10-18 18:45:13.599 *** Mouse movement (LeftButton) ***  Mouse coords: (716, 304) (3469, 7119)
2022-10-18 18:45:13.645 *** Mouse movement (LeftButton) ***  Mouse coords: (686, 318) (3456, 7128)
2022-10-18 18:45:13.667 *** Mouse movement (LeftButton) ***  Mouse coords: (682, 320) (3487, 7114)
2022-10-18 18:45:13.745 *** Process image overlay spent 0.00 seconds.
2022-10-18 18:45:13.747 *** Get cell color spent 0.00 seconds.
2022-10-18 18:45:15.976 *** Process image overlay spent 0.00 seconds.
2022-10-18 18:45:15.979 *** Get cell color spent 0.00 seconds.
2022-10-19 19:45:12.419 *** Program closed.
2022-10-19 19:45:12.510 *** EOF in transport thread
