2022-08-11 21:40:11.204 *** Start program *** Start program
2022-08-11 21:40:21.663 *** Open case *** /media/zhihuang/Drive3/Google_Colon_lnm_pos_2015_slides/slides/S1054
2022-08-11 21:40:23.831 *** Open processed data
2022-08-11 21:40:23.832 *** Preload all statistics at once.
2022-08-11 21:40:24.126 *** Nuclei stat data loaded, took 0.29 seconds. Total number of nuclei: 230851
2022-08-11 21:40:30.939 *** Process image overlay spent 0.00 seconds.
2022-08-11 21:40:30.959 *** Get cell color spent 0.02 seconds.
2022-08-11 21:40:31.100 *** Process image overlay spent 0.00 seconds.
2022-08-11 21:40:31.106 *** Get cell color spent 0.01 seconds.
2022-08-11 21:40:31.190 *** Process image overlay spent 0.00 seconds.
2022-08-11 21:40:31.195 *** Get cell color spent 0.00 seconds.
2022-08-11 21:40:31.349 *** Process image overlay spent 0.00 seconds.
2022-08-11 21:40:31.351 *** Get cell color spent 0.00 seconds.
2022-08-11 21:40:31.526 *** Process image overlay spent 0.00 seconds.
2022-08-11 21:40:31.528 *** Get cell color spent 0.00 seconds.
2022-08-11 21:40:33.337 *** Mouse movement (LeftButton) ***  Mouse coords: (801, 250) (69396, 50865)
2022-08-11 21:40:33.345 *** Mouse movement (LeftButton) ***  Mouse coords: (802, 250) (69398, 50865)
2022-08-11 21:40:33.362 *** Mouse movement (LeftButton) ***  Mouse coords: (807, 257) (69407, 50878)
2022-08-11 21:40:33.379 *** Mouse movement (LeftButton) ***  Mouse coords: (812, 263) (69416, 50889)
2022-08-11 21:40:33.395 *** Mouse movement (LeftButton) ***  Mouse coords: (822, 271) (69434, 50903)
2022-08-11 21:40:33.412 *** Mouse movement (LeftButton) ***  Mouse coords: (844, 292) (69474, 50942)
2022-08-11 21:40:33.429 *** Mouse movement (LeftButton) ***  Mouse coords: (859, 304) (69502, 50963)
2022-08-11 21:40:33.446 *** Mouse movement (LeftButton) ***  Mouse coords: (876, 317) (69532, 50987)
2022-08-11 21:40:33.462 *** Mouse movement (LeftButton) ***  Mouse coords: (891, 329) (69560, 51009)
2022-08-11 21:40:33.479 *** Mouse movement (LeftButton) ***  Mouse coords: (898, 336) (69572, 51022)
2022-08-11 21:40:33.496 *** Mouse movement (LeftButton) ***  Mouse coords: (908, 343) (69591, 51034)
2022-08-11 21:40:33.513 *** Mouse movement (LeftButton) ***  Mouse coords: (910, 344) (69594, 51036)
2022-08-11 21:40:35.351 *** Process image overlay spent 0.00 seconds.
2022-08-11 21:40:35.360 *** Get cell color spent 0.01 seconds.
2022-08-11 21:40:35.452 *** Process image overlay spent 0.00 seconds.
2022-08-11 21:40:35.460 *** Get cell color spent 0.01 seconds.
2022-08-11 21:40:35.576 *** Process image overlay spent 0.00 seconds.
2022-08-11 21:40:35.597 *** Get cell color spent 0.02 seconds.
2022-08-11 21:40:35.720 *** Process image overlay spent 0.00 seconds.
2022-08-11 21:40:35.741 *** Get cell color spent 0.02 seconds.
2022-08-11 21:40:36.357 *** Process image overlay spent 0.00 seconds.
2022-08-11 21:40:36.365 *** Get cell color spent 0.01 seconds.
2022-08-11 21:40:36.482 *** Process image overlay spent 0.00 seconds.
2022-08-11 21:40:36.486 *** Get cell color spent 0.00 seconds.
2022-08-11 21:40:36.618 *** Process image overlay spent 0.00 seconds.
2022-08-11 21:40:36.620 *** Get cell color spent 0.00 seconds.
2022-08-11 21:40:37.057 *** Mouse movement (LeftButton) ***  Mouse coords: (750, 356) (70227, 51504)
2022-08-11 21:40:37.071 *** Mouse movement (LeftButton) ***  Mouse coords: (750, 357) (70227, 51506)
2022-08-11 21:40:37.079 *** Mouse movement (LeftButton) ***  Mouse coords: (751, 359) (70229, 51509)
2022-08-11 21:40:37.096 *** Mouse movement (LeftButton) ***  Mouse coords: (753, 362) (70233, 51515)
2022-08-11 21:40:37.112 *** Mouse movement (LeftButton) ***  Mouse coords: (755, 368) (70236, 51526)
2022-08-11 21:40:37.129 *** Mouse movement (LeftButton) ***  Mouse coords: (759, 374) (70244, 51537)
2022-08-11 21:40:37.146 *** Mouse movement (LeftButton) ***  Mouse coords: (766, 383) (70256, 51553)
2022-08-11 21:40:37.162 *** Mouse movement (LeftButton) ***  Mouse coords: (777, 398) (70276, 51580)
2022-08-11 21:40:37.179 *** Mouse movement (LeftButton) ***  Mouse coords: (783, 405) (70287, 51593)
2022-08-11 21:40:37.196 *** Mouse movement (LeftButton) ***  Mouse coords: (788, 410) (70296, 51602)
2022-08-11 21:40:37.212 *** Mouse movement (LeftButton) ***  Mouse coords: (792, 416) (70304, 51613)
2022-08-11 21:40:37.229 *** Mouse movement (LeftButton) ***  Mouse coords: (795, 418) (70309, 51617)
2022-08-11 21:40:37.246 *** Mouse movement (LeftButton) ***  Mouse coords: (799, 423) (70316, 51626)
2022-08-11 21:40:37.262 *** Mouse movement (LeftButton) ***  Mouse coords: (801, 425) (70320, 51630)
2022-08-11 21:40:37.342 *** Mouse movement (LeftButton) ***  Mouse coords: (801, 426) (70320, 51631)
2022-08-11 21:40:37.349 *** Mouse movement (LeftButton) ***  Mouse coords: (802, 426) (70322, 51631)
2022-08-11 21:40:37.362 *** Mouse movement (LeftButton) ***  Mouse coords: (802, 427) (70322, 51633)
2022-08-11 21:40:37.379 *** Mouse movement (LeftButton) ***  Mouse coords: (804, 428) (70326, 51635)
2022-08-11 21:40:37.396 *** Mouse movement (LeftButton) ***  Mouse coords: (805, 428) (70327, 51635)
2022-08-11 21:40:37.417 *** Mouse movement (LeftButton) ***  Mouse coords: (805, 429) (70327, 51637)
2022-08-11 21:40:37.429 *** Mouse movement (LeftButton) ***  Mouse coords: (807, 430) (70331, 51639)
2022-08-11 21:40:37.446 *** Mouse movement (LeftButton) ***  Mouse coords: (810, 432) (70336, 51642)
2022-08-11 21:40:37.462 *** Mouse movement (LeftButton) ***  Mouse coords: (825, 442) (70364, 51660)
2022-08-11 21:40:37.479 *** Mouse movement (LeftButton) ***  Mouse coords: (829, 444) (70371, 51664)
2022-08-11 21:40:37.496 *** Mouse movement (LeftButton) ***  Mouse coords: (832, 444) (70376, 51664)
2022-08-11 21:40:39.668 *** Process image overlay spent 0.00 seconds.
2022-08-11 21:40:39.670 *** Get cell color spent 0.00 seconds.
2022-08-11 21:40:39.718 *** Process image overlay spent 0.00 seconds.
2022-08-11 21:40:39.721 *** Get cell color spent 0.00 seconds.
2022-08-11 21:41:11.506 *** Program closed.
