2022-08-31 14:14:22.821 *** Start program *** Start program
2022-08-31 14:14:29.363 *** Open case *** /Applications/XAMPP/xamppfiles/htdocs/20220722_Eric_Yang
2022-08-31 14:14:33.706 *** Open processed data
2022-08-31 14:14:33.707 *** Preload all statistics at once.
2022-08-31 14:14:34.249 *** Nuclei stat data loaded, took 0.54 seconds. Total number of nuclei: 670699
2022-08-31 14:14:38.182 *** Mouse movement (LeftButton) ***  Mouse coords: (634, 437) (94732, 45784)
2022-08-31 14:14:40.486 *** Mouse movement (LeftButton) ***  Mouse coords: (354, 418) (77466, 33321)
2022-08-31 14:14:40.528 *** Mouse movement (LeftButton) ***  Mouse coords: (354, 418) (77466, 33334)
2022-08-31 14:14:40.551 *** Mouse movement (LeftButton) ***  Mouse coords: (389, 396) (77913, 33053)
2022-08-31 14:14:40.589 *** Mouse movement (LeftButton) ***  Mouse coords: (477, 343) (78589, 32658)
2022-08-31 14:14:40.610 *** Mouse movement (LeftButton) ***  Mouse coords: (539, 306) (78257, 32862)
2022-08-31 14:14:40.631 *** Mouse movement (LeftButton) ***  Mouse coords: (588, 278) (78091, 32977)
2022-08-31 14:14:40.649 *** Mouse movement (LeftButton) ***  Mouse coords: (627, 252) (77964, 33002)
2022-08-31 14:14:40.671 *** Mouse movement (LeftButton) ***  Mouse coords: (636, 244) (77580, 33232)
2022-08-31 14:14:40.690 *** Mouse movement (LeftButton) ***  Mouse coords: (641, 240) (77530, 33283)
2022-08-31 14:14:40.712 *** Mouse movement (LeftButton) ***  Mouse coords: (642, 240) (77479, 33334)
2022-08-31 14:14:48.649 *** Mouse movement (LeftButton) ***  Mouse coords: (584, 325) (77646, 33566)
2022-08-31 14:14:51.347 *** Interactive label *** (double click) click on screen. screen: (633, 308); slide: (77659, 33568). case_id: 20220722_Eric_Yang, slide_id: 3BQMJY_44661.svs, Nuclei index selected: 255471
2022-08-31 14:14:51.389 *** Interactive label *** Apply to case start.
2022-08-31 14:14:52.300 *** Mouse movement (LeftButton) ***  Mouse coords: (761, 254) (77691, 33554)
2022-08-31 14:14:52.363 *** Mouse movement (LeftButton) ***  Mouse coords: (761, 293) (77691, 33564)
2022-08-31 14:14:52.394 *** Mouse movement (LeftButton) ***  Mouse coords: (761, 300) (77691, 33556)
2022-08-31 14:14:52.436 *** Mouse movement (LeftButton) ***  Mouse coords: (761, 319) (77691, 33558)
2022-08-31 14:14:52.480 *** Mouse movement (LeftButton) ***  Mouse coords: (761, 326) (77691, 33556)
2022-08-31 14:14:52.526 *** Mouse movement (LeftButton) ***  Mouse coords: (761, 327) (77691, 33554)
2022-08-31 14:14:52.961 *** Mouse movement (LeftButton) ***  Mouse coords: (648, 302) (77663, 33548)
2022-08-31 14:14:53.093 *** Interactive label *** (double click) click on screen. screen: (648, 302); slide: (77663, 33548). case_id: 20220722_Eric_Yang, slide_id: 3BQMJY_44661.svs, Nuclei index selected: 255197
2022-08-31 14:14:53.126 *** Interactive label *** Apply to case start.
2022-08-31 14:14:53.764 *** Interactive label *** (double click) click on screen. screen: (648, 302); slide: (77663, 33548). case_id: 20220722_Eric_Yang, slide_id: 3BQMJY_44661.svs, Nuclei index selected: 255197
2022-08-31 14:14:53.802 *** Interactive label *** Apply to case start.
2022-08-31 14:14:54.466 *** Mouse movement (LeftButton) ***  Mouse coords: (727, 285) (77682, 33544)
2022-08-31 14:14:54.615 *** Mouse movement (LeftButton) ***  Mouse coords: (727, 285) (77682, 33544)
2022-08-31 14:14:54.660 *** Mouse movement (LeftButton) ***  Mouse coords: (718, 280) (77680, 33543)
2022-08-31 14:14:54.705 *** Mouse movement (LeftButton) ***  Mouse coords: (713, 277) (77681, 33543)
2022-08-31 14:14:54.733 *** Mouse movement (LeftButton) ***  Mouse coords: (708, 274) (77681, 33543)
2022-08-31 14:14:54.777 *** Mouse movement (LeftButton) ***  Mouse coords: (707, 273) (77681, 33544)
2022-08-31 14:14:55.639 *** Interactive label *** (double click) click on screen. screen: (633, 373); slide: (77664, 33569). case_id: 20220722_Eric_Yang, slide_id: 3BQMJY_44661.svs, Nuclei index selected: 255471
2022-08-31 14:14:55.675 *** Interactive label *** Apply to case start.
2022-08-31 14:14:56.102 *** Mouse movement (LeftButton) ***  Mouse coords: (833, 361) (77714, 33566)
2022-08-31 14:14:56.207 *** Mouse movement (LeftButton) ***  Mouse coords: (833, 361) (77714, 33566)
2022-08-31 14:14:56.249 *** Mouse movement (LeftButton) ***  Mouse coords: (815, 358) (77709, 33565)
2022-08-31 14:14:56.292 *** Mouse movement (LeftButton) ***  Mouse coords: (803, 355) (77711, 33565)
2022-08-31 14:14:56.318 *** Mouse movement (LeftButton) ***  Mouse coords: (798, 354) (77713, 33566)
2022-08-31 14:14:56.360 *** Mouse movement (LeftButton) ***  Mouse coords: (795, 354) (77713, 33566)
2022-08-31 14:14:57.002 *** Interactive label *** (double click) click on screen. screen: (733, 377); slide: (77699, 33572). case_id: 20220722_Eric_Yang, slide_id: 3BQMJY_44661.svs, Nuclei index selected: 256073
2022-08-31 14:14:57.039 *** Interactive label *** Apply to case start.
2022-08-31 14:14:57.428 *** Mouse movement (LeftButton) ***  Mouse coords: (733, 303) (77699, 33553)
2022-08-31 14:14:57.585 *** Interactive label *** (double click) click on screen. screen: (733, 302); slide: (77699, 33553). case_id: 20220722_Eric_Yang, slide_id: 3BQMJY_44661.svs, Nuclei index selected: 256837
2022-08-31 14:14:57.618 *** Interactive label *** Apply to case start.
2022-08-31 14:14:58.206 *** Interactive label *** (double click) click on screen. screen: (766, 292); slide: (77707, 33551). case_id: 20220722_Eric_Yang, slide_id: 3BQMJY_44661.svs, Nuclei index selected: 256837
2022-08-31 14:14:58.241 *** Interactive label *** Apply to case start.
2022-08-31 14:14:58.746 *** Mouse movement (LeftButton) ***  Mouse coords: (843, 309) (77726, 33555)
2022-08-31 14:14:58.893 *** Interactive label *** (double click) click on screen. screen: (843, 309); slide: (77726, 33555). case_id: 20220722_Eric_Yang, slide_id: 3BQMJY_44661.svs, Nuclei index selected: 256928
2022-08-31 14:14:58.926 *** Interactive label *** Apply to case start.
2022-08-31 14:14:59.408 *** Mouse movement (LeftButton) ***  Mouse coords: (862, 213) (77731, 33531)
2022-08-31 14:14:59.559 *** Interactive label *** (double click) click on screen. screen: (862, 212); slide: (77731, 33531). case_id: 20220722_Eric_Yang, slide_id: 3BQMJY_44661.svs, Nuclei index selected: 256529
2022-08-31 14:14:59.593 *** Interactive label *** Apply to case start.
2022-08-31 14:15:00.295 *** Mouse movement (LeftButton) ***  Mouse coords: (863, 302) (77731, 33553)
2022-08-31 14:15:00.460 *** Interactive label *** (double click) click on screen. screen: (863, 302); slide: (77731, 33553). case_id: 20220722_Eric_Yang, slide_id: 3BQMJY_44661.svs, Nuclei index selected: 256928
2022-08-31 14:15:00.489 *** Interactive label *** Apply to case start.
2022-08-31 14:15:00.929 *** Mouse movement (LeftButton) ***  Mouse coords: (848, 158) (77728, 33517)
2022-08-31 14:15:01.085 *** Interactive label *** (double click) click on screen. screen: (848, 158); slide: (77728, 33517). case_id: 20220722_Eric_Yang, slide_id: 3BQMJY_44661.svs, Nuclei index selected: 256529
2022-08-31 14:15:01.111 *** Interactive label *** Apply to case start.
2022-08-31 14:15:02.220 *** Mouse movement (LeftButton) ***  Mouse coords: (749, 395) (77703, 33576)
2022-08-31 14:15:02.360 *** Interactive label *** (double click) click on screen. screen: (749, 395); slide: (77703, 33576). case_id: 20220722_Eric_Yang, slide_id: 3BQMJY_44661.svs, Nuclei index selected: 256073
2022-08-31 14:15:02.383 *** Interactive label *** Apply to case start.
2022-08-31 14:15:05.775 *** Mouse movement (LeftButton) ***  Mouse coords: (764, 404) (77709, 33579)
2022-08-31 14:15:05.917 *** Interactive label *** (double click) click on screen. screen: (764, 404); slide: (77709, 33579). case_id: 20220722_Eric_Yang, slide_id: 3BQMJY_44661.svs, Nuclei index selected: 256073
2022-08-31 14:15:05.943 *** Interactive label *** Apply to case start.
2022-08-31 14:15:06.658 *** Interactive label *** (double click) click on screen. screen: (765, 294); slide: (77709, 33551). case_id: 20220722_Eric_Yang, slide_id: 3BQMJY_44661.svs, Nuclei index selected: 256837
2022-08-31 14:15:06.700 *** Interactive label *** Apply to case start.
2022-08-31 14:15:08.544 *** Mouse movement (LeftButton) ***  Mouse coords: (764, 294) (77709, 33551)
2022-08-31 14:15:08.685 *** Interactive label *** (double click) click on screen. screen: (764, 294); slide: (77709, 33551). case_id: 20220722_Eric_Yang, slide_id: 3BQMJY_44661.svs, Nuclei index selected: 256837
2022-08-31 14:15:08.717 *** Interactive label *** Apply to case start.
2022-08-31 14:15:10.668 *** Interactive label *** Apply to case done.
2022-08-31 14:15:10.810 *** Interactive label *** Apply to case finish overlay create.
2022-08-31 14:15:14.140 *** Interactive label *** (double click) click on screen. screen: (576, 370); slide: (77703, 33555). case_id: 20220722_Eric_Yang, slide_id: 3BQMJY_44661.svs, Nuclei index selected: 256837
2022-08-31 14:15:14.170 *** Interactive label *** Apply to case start.
2022-08-31 14:15:14.508 *** Mouse movement (LeftButton) ***  Mouse coords: (576, 408) (77703, 33575)
2022-08-31 14:15:14.660 *** Interactive label *** (double click) click on screen. screen: (576, 408); slide: (77703, 33575). case_id: 20220722_Eric_Yang, slide_id: 3BQMJY_44661.svs, Nuclei index selected: 256073
2022-08-31 14:15:14.688 *** Interactive label *** Apply to case start.
2022-08-31 14:15:15.381 *** Interactive label *** (double click) click on screen. screen: (576, 408); slide: (77703, 33575). case_id: 20220722_Eric_Yang, slide_id: 3BQMJY_44661.svs, Nuclei index selected: 256073
2022-08-31 14:15:15.418 *** Interactive label *** Apply to case start.
2022-08-31 14:15:17.177 *** Mouse movement (LeftButton) ***  Mouse coords: (780, 429) (77806, 33585)
2022-08-31 14:15:17.248 *** Mouse movement (LeftButton) ***  Mouse coords: (780, 429) (77806, 33585)
2022-08-31 14:15:17.271 *** Mouse movement (LeftButton) ***  Mouse coords: (780, 436) (77806, 33589)
2022-08-31 14:15:17.301 *** Mouse movement (LeftButton) ***  Mouse coords: (779, 442) (77805, 33588)
2022-08-31 14:15:17.347 *** Mouse movement (LeftButton) ***  Mouse coords: (756, 481) (77795, 33604)
2022-08-31 14:15:17.393 *** Mouse movement (LeftButton) ***  Mouse coords: (734, 508) (77794, 33599)
2022-08-31 14:15:17.436 *** Mouse movement (LeftButton) ***  Mouse coords: (731, 512) (77805, 33587)
2022-08-31 14:15:18.152 *** Mouse movement (LeftButton) ***  Mouse coords: (701, 357) (77791, 33507)
2022-08-31 14:15:18.301 *** Interactive label *** (double click) click on screen. screen: (701, 357); slide: (77791, 33507). case_id: 20220722_Eric_Yang, slide_id: 3BQMJY_44661.svs, Nuclei index selected: 255565
2022-08-31 14:15:18.334 *** Interactive label *** Apply to case start.
2022-08-31 14:15:21.919 *** Interactive label *** (double click) click on screen. screen: (716, 349); slide: (77804, 33475). case_id: 20220722_Eric_Yang, slide_id: 3BQMJY_44661.svs, Nuclei index selected: 255693
2022-08-31 14:15:21.960 *** Interactive label *** Apply to case start.
2022-08-31 14:15:26.083 *** Interactive label *** (double click) click on screen. screen: (625, 366); slide: (77824, 33463). case_id: 20220722_Eric_Yang, slide_id: 3BQMJY_44661.svs, Nuclei index selected: 255477
2022-08-31 14:15:26.127 *** Interactive label *** Apply to case start.
2022-08-31 14:15:32.811 *** Interactive label *** (double click) click on screen. screen: (764, 403); slide: (77916, 33184). case_id: 20220722_Eric_Yang, slide_id: 3BQMJY_44661.svs, Nuclei index selected: 255914
2022-08-31 14:15:32.849 *** Interactive label *** Apply to case start.
2022-08-31 14:15:34.286 *** Mouse movement (LeftButton) ***  Mouse coords: (797, 401) (77939, 33182)
2022-08-31 14:15:34.443 *** Interactive label *** (double click) click on screen. screen: (797, 402); slide: (77939, 33183). case_id: 20220722_Eric_Yang, slide_id: 3BQMJY_44661.svs, Nuclei index selected: 256862
2022-08-31 14:15:34.472 *** Interactive label *** Apply to case start.
2022-08-31 14:15:36.100 *** Interactive label *** (double click) click on screen. screen: (793, 349); slide: (77947, 33139). case_id: 20220722_Eric_Yang, slide_id: 3BQMJY_44661.svs, Nuclei index selected: 257637
2022-08-31 14:15:36.144 *** Interactive label *** Apply to case start.
2022-08-31 14:15:37.255 *** Keyboard input *** key pressed: key: 78; text: "n"
2022-08-31 14:15:38.221 *** Keyboard input *** key pressed: key: 77; text: "m"
2022-08-31 14:15:38.228 *** Process image overlay spent 0.00 seconds.
2022-08-31 14:15:38.231 *** Get cell color spent 0.00 seconds.
2022-08-31 14:15:39.286 *** Keyboard input *** key pressed: key: 78; text: "n"
2022-08-31 14:15:39.738 *** Keyboard input *** key pressed: key: 78; text: "n"
2022-08-31 14:15:40.872 *** Keyboard input *** key pressed: key: 78; text: "n"
2022-08-31 14:15:43.671 *** Process image overlay spent 0.00 seconds.
2022-08-31 14:15:43.672 *** Get cell color spent 0.00 seconds.
2022-08-31 14:15:43.701 *** Process image overlay spent 0.00 seconds.
2022-08-31 14:15:43.702 *** Get cell color spent 0.00 seconds.
2022-08-31 14:15:43.731 *** Process image overlay spent 0.00 seconds.
2022-08-31 14:15:43.733 *** Get cell color spent 0.00 seconds.
2022-08-31 14:15:43.760 *** Process image overlay spent 0.00 seconds.
2022-08-31 14:15:43.761 *** Get cell color spent 0.00 seconds.
2022-08-31 14:15:43.789 *** Process image overlay spent 0.00 seconds.
2022-08-31 14:15:43.790 *** Get cell color spent 0.00 seconds.
2022-08-31 14:15:43.815 *** Process image overlay spent 0.00 seconds.
2022-08-31 14:15:43.817 *** Get cell color spent 0.00 seconds.
2022-08-31 14:15:43.848 *** Process image overlay spent 0.00 seconds.
2022-08-31 14:15:43.849 *** Get cell color spent 0.00 seconds.
2022-08-31 14:15:43.881 *** Process image overlay spent 0.00 seconds.
2022-08-31 14:15:43.882 *** Get cell color spent 0.00 seconds.
2022-08-31 14:15:43.906 *** Process image overlay spent 0.00 seconds.
2022-08-31 14:15:43.907 *** Get cell color spent 0.00 seconds.
2022-08-31 14:15:43.930 *** Process image overlay spent 0.00 seconds.
2022-08-31 14:15:43.932 *** Get cell color spent 0.00 seconds.
2022-08-31 14:15:43.957 *** Process image overlay spent 0.00 seconds.
2022-08-31 14:15:43.959 *** Get cell color spent 0.00 seconds.
2022-08-31 14:15:44.463 *** Process image overlay spent 0.00 seconds.
2022-08-31 14:15:44.465 *** Get cell color spent 0.00 seconds.
2022-08-31 14:15:44.490 *** Process image overlay spent 0.00 seconds.
2022-08-31 14:15:44.491 *** Get cell color spent 0.00 seconds.
2022-08-31 14:15:44.516 *** Process image overlay spent 0.00 seconds.
2022-08-31 14:15:44.517 *** Get cell color spent 0.00 seconds.
2022-08-31 14:15:44.550 *** Process image overlay spent 0.00 seconds.
2022-08-31 14:15:44.551 *** Get cell color spent 0.00 seconds.
2022-08-31 14:15:44.577 *** Process image overlay spent 0.00 seconds.
2022-08-31 14:15:44.578 *** Get cell color spent 0.00 seconds.
2022-08-31 14:15:44.603 *** Process image overlay spent 0.00 seconds.
2022-08-31 14:15:44.604 *** Get cell color spent 0.00 seconds.
2022-08-31 14:15:44.632 *** Process image overlay spent 0.00 seconds.
2022-08-31 14:15:44.633 *** Get cell color spent 0.00 seconds.
2022-08-31 14:15:44.661 *** Process image overlay spent 0.00 seconds.
2022-08-31 14:15:44.662 *** Get cell color spent 0.00 seconds.
2022-08-31 14:15:44.689 *** Process image overlay spent 0.00 seconds.
2022-08-31 14:15:44.690 *** Get cell color spent 0.00 seconds.
2022-08-31 14:15:44.715 *** Process image overlay spent 0.00 seconds.
2022-08-31 14:15:44.716 *** Get cell color spent 0.00 seconds.
2022-08-31 14:15:44.745 *** Process image overlay spent 0.00 seconds.
2022-08-31 14:15:44.746 *** Get cell color spent 0.00 seconds.
2022-08-31 14:15:44.769 *** Process image overlay spent 0.00 seconds.
2022-08-31 14:15:44.770 *** Get cell color spent 0.00 seconds.
2022-08-31 14:15:44.796 *** Process image overlay spent 0.00 seconds.
2022-08-31 14:15:44.797 *** Get cell color spent 0.00 seconds.
2022-08-31 14:15:45.097 *** Keyboard input *** key pressed: key: 78; text: "n"
2022-08-31 14:15:45.414 *** Keyboard input *** key pressed: key: 78; text: "n"
2022-08-31 14:15:45.720 *** Keyboard input *** key pressed: key: 78; text: "n"
2022-08-31 14:15:46.075 *** Keyboard input *** key pressed: key: 78; text: "n"
2022-08-31 14:15:46.608 *** Process image overlay spent 0.00 seconds.
2022-08-31 14:15:46.610 *** Get cell color spent 0.00 seconds.
2022-08-31 14:15:46.639 *** Process image overlay spent 0.00 seconds.
2022-08-31 14:15:46.641 *** Get cell color spent 0.00 seconds.
2022-08-31 14:15:46.671 *** Process image overlay spent 0.00 seconds.
2022-08-31 14:15:46.672 *** Get cell color spent 0.00 seconds.
2022-08-31 14:15:46.697 *** Process image overlay spent 0.00 seconds.
2022-08-31 14:15:46.699 *** Get cell color spent 0.00 seconds.
2022-08-31 14:15:46.726 *** Process image overlay spent 0.00 seconds.
2022-08-31 14:15:46.727 *** Get cell color spent 0.00 seconds.
2022-08-31 14:15:46.753 *** Process image overlay spent 0.00 seconds.
2022-08-31 14:15:46.754 *** Get cell color spent 0.00 seconds.
2022-08-31 14:15:46.783 *** Process image overlay spent 0.00 seconds.
2022-08-31 14:15:46.784 *** Get cell color spent 0.00 seconds.
2022-08-31 14:15:46.812 *** Process image overlay spent 0.00 seconds.
2022-08-31 14:15:46.813 *** Get cell color spent 0.00 seconds.
2022-08-31 14:15:46.837 *** Process image overlay spent 0.00 seconds.
2022-08-31 14:15:46.838 *** Get cell color spent 0.00 seconds.
2022-08-31 14:15:46.863 *** Process image overlay spent 0.00 seconds.
2022-08-31 14:15:46.864 *** Get cell color spent 0.00 seconds.
2022-08-31 14:15:46.895 *** Process image overlay spent 0.00 seconds.
2022-08-31 14:15:46.896 *** Get cell color spent 0.00 seconds.
2022-08-31 14:15:46.920 *** Process image overlay spent 0.00 seconds.
2022-08-31 14:15:46.921 *** Get cell color spent 0.00 seconds.
2022-08-31 14:15:46.945 *** Process image overlay spent 0.00 seconds.
2022-08-31 14:15:46.946 *** Get cell color spent 0.00 seconds.
2022-08-31 14:15:46.973 *** Process image overlay spent 0.00 seconds.
2022-08-31 14:15:46.974 *** Get cell color spent 0.00 seconds.
2022-08-31 14:15:47.336 *** Keyboard input *** key pressed: key: 77; text: "m"
2022-08-31 14:15:48.825 *** Keyboard input *** key pressed: key: 77; text: "m"
2022-08-31 14:15:48.831 *** Process image overlay spent 0.00 seconds.
2022-08-31 14:15:48.833 *** Get cell color spent 0.00 seconds.
2022-08-31 14:15:49.280 *** Keyboard input *** key pressed: key: 77; text: "m"
2022-08-31 14:15:49.594 *** Keyboard input *** key pressed: key: 77; text: "m"
2022-08-31 14:15:49.596 *** Process image overlay spent 0.00 seconds.
2022-08-31 14:15:49.597 *** Get cell color spent 0.00 seconds.
2022-08-31 14:15:49.867 *** Keyboard input *** key pressed: key: 77; text: "m"
2022-08-31 14:15:52.409 *** Keyboard input *** key pressed: key: 77; text: "m"
2022-08-31 14:15:52.414 *** Process image overlay spent 0.00 seconds.
2022-08-31 14:15:52.420 *** Get cell color spent 0.01 seconds.
2022-08-31 14:15:52.657 *** Keyboard input *** key pressed: key: 77; text: "m"
2022-08-31 14:15:55.147 *** Interactive label *** (double click) click on screen. screen: (737, 530); slide: (77798, 33482). case_id: 20220722_Eric_Yang, slide_id: 3BQMJY_44661.svs, Nuclei index selected: 255693
2022-08-31 14:15:55.184 *** Interactive label *** Apply to case start.
2022-08-31 14:15:57.070 *** Interactive label *** Apply to case done.
2022-08-31 14:15:57.163 *** Interactive label *** Apply to case finish overlay create.
2022-08-31 14:16:05.706 *** Keyboard input *** key pressed: key: 77; text: "m"
2022-08-31 14:16:05.711 *** Process image overlay spent 0.00 seconds.
2022-08-31 14:16:05.719 *** Get cell color spent 0.01 seconds.
2022-08-31 14:16:06.307 *** Keyboard input *** key pressed: key: 77; text: "m"
2022-08-31 14:16:06.581 *** Keyboard input *** key pressed: key: 77; text: "m"
2022-08-31 14:16:06.587 *** Process image overlay spent 0.00 seconds.
2022-08-31 14:16:06.595 *** Get cell color spent 0.01 seconds.
2022-08-31 14:16:07.390 *** Process image overlay spent 0.00 seconds.
2022-08-31 14:16:07.398 *** Get cell color spent 0.01 seconds.
2022-08-31 14:16:08.025 *** Process image overlay spent 0.00 seconds.
2022-08-31 14:16:08.030 *** Get cell color spent 0.00 seconds.
2022-08-31 14:16:08.247 *** Process image overlay spent 0.00 seconds.
2022-08-31 14:16:08.251 *** Get cell color spent 0.00 seconds.
2022-08-31 14:16:08.431 *** Process image overlay spent 0.00 seconds.
2022-08-31 14:16:08.434 *** Get cell color spent 0.00 seconds.
2022-08-31 14:16:09.000 *** Process image overlay spent 0.00 seconds.
2022-08-31 14:16:09.002 *** Get cell color spent 0.00 seconds.
2022-08-31 14:16:10.932 *** Interactive label *** (double click) click on screen. screen: (859, 393); slide: (77905, 33197). case_id: 20220722_Eric_Yang, slide_id: 3BQMJY_44661.svs, Nuclei index selected: 255914
2022-08-31 14:16:10.986 *** Interactive label *** Apply to case start.
2022-08-31 14:16:12.848 *** Interactive label *** Apply to case done.
2022-08-31 14:16:12.929 *** Interactive label *** Apply to case finish overlay create.
2022-08-31 14:16:12.931 *** Process image overlay spent 0.00 seconds.
2022-08-31 14:16:12.933 *** Get cell color spent 0.00 seconds.
2022-08-31 14:16:18.041 *** Process image overlay spent 0.00 seconds.
2022-08-31 14:16:18.043 *** Get cell color spent 0.00 seconds.
2022-08-31 14:16:19.270 *** Process image overlay spent 0.00 seconds.
2022-08-31 14:16:19.272 *** Get cell color spent 0.00 seconds.
2022-08-31 14:16:23.810 *** Mouse movement (LeftButton) ***  Mouse coords: (920, 267) (78012, 33002)
2022-08-31 14:16:24.188 *** Mouse movement (LeftButton) ***  Mouse coords: (885, 250) (77956, 32975)
2022-08-31 14:16:24.542 *** Mouse movement (LeftButton) ***  Mouse coords: (848, 228) (77896, 32939)
2022-08-31 14:16:25.616 *** Mouse movement (LeftButton) ***  Mouse coords: (631, 285) (77547, 33031)
2022-08-31 14:16:26.019 *** Mouse movement (LeftButton) ***  Mouse coords: (661, 382) (77595, 33187)
2022-08-31 14:16:26.454 *** Mouse movement (LeftButton) ***  Mouse coords: (718, 450) (77687, 33297)
2022-08-31 14:16:29.195 *** Interactive label *** Apply to case start.
2022-08-31 14:16:31.154 *** Interactive label *** Apply to case done.
2022-08-31 14:16:33.819 *** Interactive label *** Apply to case finish overlay create.
2022-08-31 14:16:33.823 *** Process image overlay spent 0.00 seconds.
2022-08-31 14:16:33.825 *** Get cell color spent 0.00 seconds.
2022-08-31 14:16:35.892 *** Keyboard input *** key pressed: key: 96; text: "`"
2022-08-31 14:16:36.743 *** Mouse movement (LeftButton) ***  Mouse coords: (787, 489) (77798, 33360)
2022-08-31 14:16:39.013 *** Mouse movement (LeftButton) ***  Mouse coords: (797, 538) (77814, 33439)
2022-08-31 14:16:39.613 *** Mouse movement (LeftButton) ***  Mouse coords: (822, 569) (77855, 33489)
2022-08-31 14:16:41.211 *** Mouse movement (LeftButton) ***  Mouse coords: (564, 656) (77439, 33629)
2022-08-31 14:16:43.170 *** Interactive label *** Apply to case start.
2022-08-31 14:16:43.973 *** Process image overlay spent 0.00 seconds.
2022-08-31 14:16:43.975 *** Get cell color spent 0.00 seconds.
2022-08-31 14:16:46.232 *** Process image overlay spent 0.00 seconds.
2022-08-31 14:16:46.235 *** Get cell color spent 0.00 seconds.
2022-08-31 14:16:48.760 *** Mouse movement (LeftButton) ***  Mouse coords: (914, 313) (78020, 32869)
2022-08-31 14:16:50.893 *** Mouse movement (LeftButton) ***  Mouse coords: (923, 405) (78042, 33091)
2022-08-31 14:16:52.578 *** Mouse movement (LeftButton) ***  Mouse coords: (962, 616) (78136, 33600)
2022-08-31 14:16:53.175 *** Mouse movement (LeftButton) ***  Mouse coords: (1057, 479) (78365, 33270)
2022-08-31 14:16:53.709 *** Mouse movement (LeftButton) ***  Mouse coords: (1058, 322) (78368, 32891)
2022-08-31 14:16:55.143 *** Interactive label *** Apply to case start.
2022-08-31 14:16:57.181 *** Interactive label *** Apply to case done.
2022-08-31 14:16:59.409 *** Interactive label *** Apply to case finish overlay create.
2022-08-31 14:16:59.413 *** Process image overlay spent 0.00 seconds.
2022-08-31 14:16:59.416 *** Get cell color spent 0.00 seconds.
2022-08-31 14:17:00.214 *** Process image overlay spent 0.00 seconds.
2022-08-31 14:17:00.217 *** Get cell color spent 0.00 seconds.
2022-08-31 14:17:00.420 *** Process image overlay spent 0.00 seconds.
2022-08-31 14:17:00.426 *** Get cell color spent 0.01 seconds.
2022-08-31 14:17:01.097 *** Process image overlay spent 0.00 seconds.
2022-08-31 14:17:01.108 *** Get cell color spent 0.01 seconds.
2022-08-31 14:17:02.167 *** Process image overlay spent 0.00 seconds.
2022-08-31 14:17:02.178 *** Get cell color spent 0.01 seconds.
2022-08-31 14:17:03.279 *** Process image overlay spent 0.00 seconds.
2022-08-31 14:17:03.283 *** Get cell color spent 0.00 seconds.
2022-08-31 14:17:03.444 *** Process image overlay spent 0.00 seconds.
2022-08-31 14:17:03.447 *** Get cell color spent 0.00 seconds.
2022-08-31 14:17:03.606 *** Process image overlay spent 0.00 seconds.
2022-08-31 14:17:03.609 *** Get cell color spent 0.00 seconds.
2022-08-31 14:17:04.815 *** Process image overlay spent 0.00 seconds.
2022-08-31 14:17:04.817 *** Get cell color spent 0.00 seconds.
2022-08-31 14:17:05.943 *** Process image overlay spent 0.00 seconds.
2022-08-31 14:17:05.946 *** Get cell color spent 0.00 seconds.
2022-08-31 14:17:06.303 *** Keyboard input *** key pressed: key: 77; text: "m"
2022-08-31 14:17:06.824 *** Keyboard input *** key pressed: key: 77; text: "m"
2022-08-31 14:17:06.829 *** Process image overlay spent 0.00 seconds.
2022-08-31 14:17:06.833 *** Get cell color spent 0.00 seconds.
2022-08-31 14:17:07.204 *** Keyboard input *** key pressed: key: 77; text: "m"
2022-08-31 14:17:07.571 *** Keyboard input *** key pressed: key: 77; text: "m"
2022-08-31 14:17:07.576 *** Process image overlay spent 0.00 seconds.
2022-08-31 14:17:07.582 *** Get cell color spent 0.01 seconds.
2022-08-31 14:17:08.049 *** Mouse movement (LeftButton) ***  Mouse coords: (574, 228) (76119, 31704)
2022-08-31 14:17:08.678 *** Mouse movement (LeftButton) ***  Mouse coords: (709, 187) (76400, 31619)
2022-08-31 14:17:09.392 *** Mouse movement (LeftButton) ***  Mouse coords: (761, 342) (76508, 31942)
2022-08-31 14:17:09.845 *** Mouse movement (LeftButton) ***  Mouse coords: (846, 363) (76685, 31985)
2022-08-31 14:17:10.192 *** Mouse movement (LeftButton) ***  Mouse coords: (847, 480) (76687, 32229)
2022-08-31 14:17:10.420 *** Mouse movement (LeftButton) ***  Mouse coords: (847, 485) (76687, 32239)
2022-08-31 14:17:10.427 *** Mouse movement (LeftButton) ***  Mouse coords: (847, 486) (76687, 32241)
2022-08-31 14:17:10.433 *** Mouse movement (LeftButton) ***  Mouse coords: (847, 487) (76687, 32243)
2022-08-31 14:17:10.447 *** Mouse movement (LeftButton) ***  Mouse coords: (847, 488) (76687, 32245)
2022-08-31 14:17:10.458 *** Mouse movement (LeftButton) ***  Mouse coords: (846, 492) (76685, 32254)
2022-08-31 14:17:10.472 *** Mouse movement (LeftButton) ***  Mouse coords: (844, 494) (76681, 32258)
2022-08-31 14:17:10.483 *** Mouse movement (LeftButton) ***  Mouse coords: (839, 499) (76670, 32268)
2022-08-31 14:17:10.497 *** Mouse movement (LeftButton) ***  Mouse coords: (837, 501) (76666, 32272)
2022-08-31 14:17:10.508 *** Mouse movement (LeftButton) ***  Mouse coords: (834, 502) (76660, 32274)
2022-08-31 14:17:10.522 *** Mouse movement (LeftButton) ***  Mouse coords: (833, 503) (76658, 32277)
2022-08-31 14:17:10.533 *** Mouse movement (LeftButton) ***  Mouse coords: (832, 503) (76656, 32277)
2022-08-31 14:17:10.640 *** Mouse movement (LeftButton) ***  Mouse coords: (831, 503) (76654, 32277)
2022-08-31 14:17:10.649 *** Mouse movement (LeftButton) ***  Mouse coords: (831, 503) (76654, 32277)
2022-08-31 14:17:10.659 *** Mouse movement (LeftButton) ***  Mouse coords: (830, 503) (76652, 32277)
2022-08-31 14:17:10.666 *** Mouse movement (LeftButton) ***  Mouse coords: (829, 503) (76649, 32277)
2022-08-31 14:17:10.674 *** Mouse movement (LeftButton) ***  Mouse coords: (828, 503) (76647, 32277)
2022-08-31 14:17:10.689 *** Mouse movement (LeftButton) ***  Mouse coords: (827, 503) (76645, 32277)
2022-08-31 14:17:10.700 *** Mouse movement (LeftButton) ***  Mouse coords: (826, 502) (76643, 32274)
2022-08-31 14:17:13.026 *** Mouse movement (LeftButton) ***  Mouse coords: (799, 350) (76587, 31958)
2022-08-31 14:17:13.409 *** Mouse movement (LeftButton) ***  Mouse coords: (701, 262) (76383, 31775)
2022-08-31 14:17:13.902 *** Mouse movement (LeftButton) ***  Mouse coords: (716, 173) (76414, 31590)
2022-08-31 14:17:14.780 *** Mouse movement (LeftButton) ***  Mouse coords: (482, 301) (75928, 31856)
2022-08-31 14:17:15.142 *** Mouse movement (LeftButton) ***  Mouse coords: (496, 439) (75957, 32143)
2022-08-31 14:17:15.518 *** Mouse movement (LeftButton) ***  Mouse coords: (604, 559) (76181, 32393)
2022-08-31 14:17:17.925 *** Interactive label *** Apply to case start.
2022-08-31 14:17:20.066 *** Interactive label *** Apply to case done.
2022-08-31 14:17:21.731 *** Interactive label *** Apply to case finish overlay create.
2022-08-31 14:17:21.733 *** Process image overlay spent 0.00 seconds.
2022-08-31 14:17:21.736 *** Get cell color spent 0.00 seconds.
2022-08-31 14:17:22.063 *** Process image overlay spent 0.00 seconds.
2022-08-31 14:17:22.065 *** Get cell color spent 0.00 seconds.
2022-08-31 14:17:22.740 *** Process image overlay spent 0.00 seconds.
2022-08-31 14:17:22.744 *** Get cell color spent 0.00 seconds.
2022-08-31 14:17:23.674 *** Process image overlay spent 0.00 seconds.
2022-08-31 14:17:23.683 *** Get cell color spent 0.01 seconds.
2022-08-31 14:17:27.559 *** Process image overlay spent 0.00 seconds.
2022-08-31 14:17:27.562 *** Get cell color spent 0.00 seconds.
2022-08-31 14:17:27.787 *** Process image overlay spent 0.00 seconds.
2022-08-31 14:17:27.790 *** Get cell color spent 0.00 seconds.
2022-08-31 14:17:28.961 *** Process image overlay spent 0.00 seconds.
2022-08-31 14:17:28.963 *** Get cell color spent 0.00 seconds.
2022-08-31 14:17:30.002 *** Process image overlay spent 0.00 seconds.
2022-08-31 14:17:30.004 *** Get cell color spent 0.00 seconds.
2022-08-31 14:17:30.285 *** Process image overlay spent 0.00 seconds.
2022-08-31 14:17:30.287 *** Get cell color spent 0.00 seconds.
2022-08-31 14:17:30.795 *** Process image overlay spent 0.00 seconds.
2022-08-31 14:17:30.799 *** Get cell color spent 0.00 seconds.
2022-08-31 14:17:30.965 *** Process image overlay spent 0.00 seconds.
2022-08-31 14:17:30.971 *** Get cell color spent 0.01 seconds.
2022-08-31 14:17:32.320 *** Process image overlay spent 0.00 seconds.
2022-08-31 14:17:32.326 *** Get cell color spent 0.01 seconds.
2022-08-31 14:17:33.463 *** Process image overlay spent 0.00 seconds.
2022-08-31 14:17:33.476 *** Get cell color spent 0.01 seconds.
2022-08-31 14:17:35.044 *** Process image overlay spent 0.00 seconds.
2022-08-31 14:17:35.049 *** Get cell color spent 0.00 seconds.
2022-08-31 14:17:35.253 *** Process image overlay spent 0.00 seconds.
2022-08-31 14:17:35.256 *** Get cell color spent 0.00 seconds.
2022-08-31 14:17:35.976 *** Keyboard input *** key pressed: key: 77; text: "m"
2022-08-31 14:17:37.491 *** Mouse movement (LeftButton) ***  Mouse coords: (483, 283) (74825, 31644)
2022-08-31 14:17:38.688 *** Mouse movement (LeftButton) ***  Mouse coords: (412, 389) (74646, 31911)
2022-08-31 14:17:43.681 *** Interactive label *** Apply to case start.
2022-08-31 14:17:45.852 *** Interactive label *** Apply to case done.
2022-08-31 14:17:47.588 *** Interactive label *** Apply to case finish overlay create.
2022-08-31 14:17:49.011 *** Keyboard input *** key pressed: key: 77; text: "m"
2022-08-31 14:17:49.013 *** Process image overlay spent 0.00 seconds.
2022-08-31 14:17:49.021 *** Get cell color spent 0.01 seconds.
2022-08-31 14:17:49.846 *** Process image overlay spent 0.00 seconds.
2022-08-31 14:17:49.864 *** Get cell color spent 0.02 seconds.
2022-08-31 14:17:50.596 *** Process image overlay spent 0.00 seconds.
2022-08-31 14:17:50.618 *** Get cell color spent 0.02 seconds.
2022-08-31 14:17:57.695 *** Process image overlay spent 0.00 seconds.
2022-08-31 14:17:57.725 *** Get cell color spent 0.03 seconds.
2022-08-31 14:17:57.994 *** Process image overlay spent 0.00 seconds.
2022-08-31 14:17:58.013 *** Get cell color spent 0.02 seconds.
2022-08-31 14:17:58.588 *** Process image overlay spent 0.00 seconds.
2022-08-31 14:17:58.604 *** Get cell color spent 0.02 seconds.
2022-08-31 14:18:00.230 *** Process image overlay spent 0.00 seconds.
2022-08-31 14:18:00.240 *** Get cell color spent 0.01 seconds.
2022-08-31 14:18:00.772 *** Keyboard input *** key pressed: key: 77; text: "m"
2022-08-31 14:18:02.284 *** Keyboard input *** key pressed: key: 77; text: "m"
2022-08-31 14:18:02.289 *** Process image overlay spent 0.00 seconds.
2022-08-31 14:18:02.296 *** Get cell color spent 0.01 seconds.
2022-08-31 14:18:02.773 *** Keyboard input *** key pressed: key: 77; text: "m"
2022-08-31 14:18:03.220 *** Keyboard input *** key pressed: key: 77; text: "m"
2022-08-31 14:18:03.226 *** Process image overlay spent 0.00 seconds.
2022-08-31 14:18:03.232 *** Get cell color spent 0.01 seconds.
2022-08-31 14:18:11.211 *** Mouse movement (LeftButton) ***  Mouse coords: (403, 625) (92219, 27087)
2022-08-31 14:18:11.235 *** Mouse movement (LeftButton) ***  Mouse coords: (403, 624) (92219, 27085)
2022-08-31 14:18:11.259 *** Mouse movement (LeftButton) ***  Mouse coords: (403, 624) (92219, 27085)
2022-08-31 14:18:11.413 *** Mouse movement (LeftButton) ***  Mouse coords: (458, 556) (92317, 26965)
2022-08-31 14:18:11.437 *** Mouse movement (LeftButton) ***  Mouse coords: (459, 553) (92319, 26959)
2022-08-31 14:18:11.462 *** Mouse movement (LeftButton) ***  Mouse coords: (460, 551) (92321, 26956)
2022-08-31 14:18:11.486 *** Mouse movement (LeftButton) ***  Mouse coords: (462, 542) (92324, 26940)
2022-08-31 14:18:11.603 *** Mouse movement (LeftButton) ***  Mouse coords: (473, 482) (92344, 26833)
2022-08-31 14:18:11.629 *** Mouse movement (LeftButton) ***  Mouse coords: (474, 473) (92345, 26817)
2022-08-31 14:18:11.653 *** Mouse movement (LeftButton) ***  Mouse coords: (477, 462) (92351, 26798)
2022-08-31 14:18:11.771 *** Mouse movement (LeftButton) ***  Mouse coords: (477, 408) (92351, 26702)
2022-08-31 14:18:11.797 *** Mouse movement (LeftButton) ***  Mouse coords: (477, 406) (92351, 26699)
2022-08-31 14:18:11.822 *** Mouse movement (LeftButton) ***  Mouse coords: (476, 404) (92349, 26695)
2022-08-31 14:18:11.942 *** Mouse movement (LeftButton) ***  Mouse coords: (452, 344) (92306, 26589)
2022-08-31 14:18:11.967 *** Mouse movement (LeftButton) ***  Mouse coords: (451, 341) (92305, 26583)
2022-08-31 14:18:11.993 *** Mouse movement (LeftButton) ***  Mouse coords: (451, 340) (92305, 26582)
2022-08-31 14:18:12.018 *** Mouse movement (LeftButton) ***  Mouse coords: (449, 336) (92301, 26575)
2022-08-31 14:18:12.044 *** Mouse movement (LeftButton) ***  Mouse coords: (448, 335) (92299, 26573)
2022-08-31 14:18:13.322 *** Interactive label *** Apply to case start.
2022-08-31 14:18:15.643 *** Interactive label *** Apply to case done.
2022-08-31 14:18:17.300 *** Interactive label *** Apply to case finish overlay create.
2022-08-31 14:18:17.304 *** Process image overlay spent 0.00 seconds.
2022-08-31 14:18:17.307 *** Get cell color spent 0.00 seconds.
2022-08-31 14:18:17.950 *** Process image overlay spent 0.00 seconds.
2022-08-31 14:18:17.952 *** Get cell color spent 0.00 seconds.
2022-08-31 14:18:18.654 *** Process image overlay spent 0.00 seconds.
2022-08-31 14:18:18.657 *** Get cell color spent 0.00 seconds.
2022-08-31 14:18:19.053 *** Process image overlay spent 0.00 seconds.
2022-08-31 14:18:19.055 *** Get cell color spent 0.00 seconds.
2022-08-31 14:18:19.877 *** Process image overlay spent 0.00 seconds.
2022-08-31 14:18:19.879 *** Get cell color spent 0.00 seconds.
2022-08-31 14:18:20.703 *** Process image overlay spent 0.00 seconds.
2022-08-31 14:18:20.709 *** Get cell color spent 0.01 seconds.
2022-08-31 14:18:20.948 *** Process image overlay spent 0.00 seconds.
2022-08-31 14:18:20.957 *** Get cell color spent 0.01 seconds.
2022-08-31 14:18:23.220 *** Process image overlay spent 0.00 seconds.
2022-08-31 14:18:23.235 *** Get cell color spent 0.01 seconds.
2022-08-31 14:18:25.099 *** Mouse movement (LeftButton) ***  Mouse coords: (652, 235) (97257, 27017)
2022-08-31 14:18:25.121 *** Mouse movement (LeftButton) ***  Mouse coords: (648, 239) (97227, 27046)
2022-08-31 14:18:25.143 *** Mouse movement (LeftButton) ***  Mouse coords: (645, 242) (97206, 27068)
2022-08-31 14:18:25.166 *** Mouse movement (LeftButton) ***  Mouse coords: (640, 248) (97169, 27111)
2022-08-31 14:18:25.187 *** Mouse movement (LeftButton) ***  Mouse coords: (638, 251) (97155, 27133)
2022-08-31 14:18:25.210 *** Mouse movement (LeftButton) ***  Mouse coords: (638, 253) (97155, 27148)
2022-08-31 14:18:25.232 *** Mouse movement (LeftButton) ***  Mouse coords: (637, 256) (97147, 27169)
2022-08-31 14:18:25.254 *** Mouse movement (LeftButton) ***  Mouse coords: (635, 264) (97133, 27228)
2022-08-31 14:18:25.276 *** Mouse movement (LeftButton) ***  Mouse coords: (634, 275) (97126, 27308)
2022-08-31 14:18:25.298 *** Mouse movement (LeftButton) ***  Mouse coords: (632, 283) (97111, 27366)
2022-08-31 14:18:25.321 *** Mouse movement (LeftButton) ***  Mouse coords: (631, 290) (97104, 27417)
2022-08-31 14:18:25.344 *** Mouse movement (LeftButton) ***  Mouse coords: (631, 295) (97104, 27453)
2022-08-31 14:18:25.367 *** Mouse movement (LeftButton) ***  Mouse coords: (631, 296) (97104, 27460)
2022-08-31 14:18:25.389 *** Mouse movement (LeftButton) ***  Mouse coords: (632, 297) (97111, 27468)
2022-08-31 14:18:25.411 *** Mouse movement (LeftButton) ***  Mouse coords: (632, 299) (97111, 27482)
2022-08-31 14:18:25.433 *** Mouse movement (LeftButton) ***  Mouse coords: (632, 300) (97111, 27489)
2022-08-31 14:18:25.519 *** Mouse movement (LeftButton) ***  Mouse coords: (634, 311) (97126, 27569)
2022-08-31 14:18:25.541 *** Mouse movement (LeftButton) ***  Mouse coords: (635, 313) (97133, 27584)
2022-08-31 14:18:25.564 *** Mouse movement (LeftButton) ***  Mouse coords: (635, 315) (97133, 27598)
2022-08-31 14:18:25.587 *** Mouse movement (LeftButton) ***  Mouse coords: (636, 319) (97140, 27628)
2022-08-31 14:18:25.692 *** Mouse movement (LeftButton) ***  Mouse coords: (658, 356) (97300, 27897)
2022-08-31 14:18:25.715 *** Mouse movement (LeftButton) ***  Mouse coords: (661, 360) (97322, 27926)
2022-08-31 14:18:25.738 *** Mouse movement (LeftButton) ***  Mouse coords: (664, 361) (97344, 27933)
2022-08-31 14:18:25.761 *** Mouse movement (LeftButton) ***  Mouse coords: (666, 361) (97358, 27933)
2022-08-31 14:18:25.783 *** Mouse movement (LeftButton) ***  Mouse coords: (672, 361) (97402, 27933)
2022-08-31 14:18:25.850 *** Mouse movement (LeftButton) ***  Mouse coords: (707, 367) (97656, 27977)
2022-08-31 14:18:25.874 *** Mouse movement (LeftButton) ***  Mouse coords: (707, 367) (97656, 27977)
2022-08-31 14:18:25.896 *** Mouse movement (LeftButton) ***  Mouse coords: (707, 367) (97656, 27977)
2022-08-31 14:18:25.917 *** Mouse movement (LeftButton) ***  Mouse coords: (708, 367) (97664, 27977)
2022-08-31 14:18:25.940 *** Mouse movement (LeftButton) ***  Mouse coords: (710, 366) (97678, 27969)
2022-08-31 14:18:26.033 *** Mouse movement (LeftButton) ***  Mouse coords: (746, 354) (97940, 27882)
2022-08-31 14:18:26.058 *** Mouse movement (LeftButton) ***  Mouse coords: (753, 353) (97991, 27875)
2022-08-31 14:18:26.083 *** Mouse movement (LeftButton) ***  Mouse coords: (759, 352) (98035, 27867)
2022-08-31 14:18:26.107 *** Mouse movement (LeftButton) ***  Mouse coords: (764, 349) (98071, 27846)
2022-08-31 14:18:26.219 *** Mouse movement (LeftButton) ***  Mouse coords: (783, 329) (98209, 27700)
2022-08-31 14:18:26.243 *** Mouse movement (LeftButton) ***  Mouse coords: (784, 329) (98216, 27700)
2022-08-31 14:18:26.268 *** Mouse movement (LeftButton) ***  Mouse coords: (784, 329) (98216, 27700)
2022-08-31 14:18:26.290 *** Mouse movement (LeftButton) ***  Mouse coords: (784, 328) (98216, 27693)
2022-08-31 14:18:26.363 *** Mouse movement (LeftButton) ***  Mouse coords: (798, 304) (98318, 27518)
2022-08-31 14:18:26.389 *** Mouse movement (LeftButton) ***  Mouse coords: (798, 302) (98318, 27504)
2022-08-31 14:18:26.414 *** Mouse movement (LeftButton) ***  Mouse coords: (798, 301) (98318, 27497)
2022-08-31 14:18:26.439 *** Mouse movement (LeftButton) ***  Mouse coords: (797, 298) (98311, 27475)
2022-08-31 14:18:26.512 *** Mouse movement (LeftButton) ***  Mouse coords: (793, 283) (98282, 27366)
2022-08-31 14:18:26.537 *** Mouse movement (LeftButton) ***  Mouse coords: (793, 283) (98282, 27366)
2022-08-31 14:18:26.561 *** Mouse movement (LeftButton) ***  Mouse coords: (793, 283) (98282, 27366)
2022-08-31 14:18:26.584 *** Mouse movement (LeftButton) ***  Mouse coords: (792, 281) (98274, 27351)
2022-08-31 14:18:26.609 *** Mouse movement (LeftButton) ***  Mouse coords: (791, 280) (98267, 27344)
2022-08-31 14:18:26.683 *** Mouse movement (LeftButton) ***  Mouse coords: (778, 268) (98173, 27257)
2022-08-31 14:18:26.709 *** Mouse movement (LeftButton) ***  Mouse coords: (778, 268) (98173, 27257)
2022-08-31 14:18:26.733 *** Mouse movement (LeftButton) ***  Mouse coords: (778, 268) (98173, 27257)
2022-08-31 14:18:26.757 *** Mouse movement (LeftButton) ***  Mouse coords: (778, 267) (98173, 27249)
2022-08-31 14:18:26.783 *** Mouse movement (LeftButton) ***  Mouse coords: (777, 267) (98165, 27249)
2022-08-31 14:18:26.809 *** Mouse movement (LeftButton) ***  Mouse coords: (777, 267) (98165, 27249)
2022-08-31 14:18:26.876 *** Mouse movement (LeftButton) ***  Mouse coords: (767, 262) (98093, 27213)
2022-08-31 14:18:26.883 *** Mouse movement (LeftButton) ***  Mouse coords: (767, 261) (98093, 27206)
2022-08-31 14:18:26.897 *** Mouse movement (LeftButton) ***  Mouse coords: (766, 261) (98085, 27206)
2022-08-31 14:18:26.908 *** Mouse movement (LeftButton) ***  Mouse coords: (766, 261) (98085, 27206)
2022-08-31 14:18:26.919 *** Mouse movement (LeftButton) ***  Mouse coords: (766, 261) (98085, 27206)
2022-08-31 14:18:26.930 *** Mouse movement (LeftButton) ***  Mouse coords: (764, 261) (98071, 27206)
2022-08-31 14:18:26.942 *** Mouse movement (LeftButton) ***  Mouse coords: (763, 261) (98064, 27206)
2022-08-31 14:18:26.953 *** Mouse movement (LeftButton) ***  Mouse coords: (761, 261) (98049, 27206)
2022-08-31 14:18:26.966 *** Mouse movement (LeftButton) ***  Mouse coords: (760, 261) (98042, 27206)
2022-08-31 14:18:26.976 *** Mouse movement (LeftButton) ***  Mouse coords: (759, 261) (98035, 27206)
2022-08-31 14:18:28.509 *** Mouse movement (LeftButton) ***  Mouse coords: (713, 238) (97700, 27039)
2022-08-31 14:18:28.531 *** Mouse movement (LeftButton) ***  Mouse coords: (713, 238) (97700, 27039)
2022-08-31 14:18:28.693 *** Mouse movement (LeftButton) ***  Mouse coords: (695, 231) (97569, 26988)
2022-08-31 14:18:28.716 *** Mouse movement (LeftButton) ***  Mouse coords: (694, 231) (97562, 26988)
2022-08-31 14:18:28.968 *** Mouse movement (LeftButton) ***  Mouse coords: (654, 251) (97271, 27133)
2022-08-31 14:18:28.992 *** Mouse movement (LeftButton) ***  Mouse coords: (653, 252) (97264, 27140)
2022-08-31 14:18:29.015 *** Mouse movement (LeftButton) ***  Mouse coords: (652, 252) (97257, 27140)
2022-08-31 14:18:29.143 *** Mouse movement (LeftButton) ***  Mouse coords: (635, 293) (97133, 27438)
2022-08-31 14:18:29.167 *** Mouse movement (LeftButton) ***  Mouse coords: (634, 299) (97126, 27482)
2022-08-31 14:18:29.191 *** Mouse movement (LeftButton) ***  Mouse coords: (633, 302) (97118, 27504)
2022-08-31 14:18:29.215 *** Mouse movement (LeftButton) ***  Mouse coords: (634, 315) (97126, 27598)
2022-08-31 14:18:29.304 *** Mouse movement (LeftButton) ***  Mouse coords: (645, 337) (97206, 27758)
2022-08-31 14:18:29.329 *** Mouse movement (LeftButton) ***  Mouse coords: (646, 341) (97213, 27787)
2022-08-31 14:18:29.352 *** Mouse movement (LeftButton) ***  Mouse coords: (648, 343) (97227, 27802)
2022-08-31 14:18:29.376 *** Mouse movement (LeftButton) ***  Mouse coords: (651, 345) (97249, 27817)
2022-08-31 14:18:29.400 *** Mouse movement (LeftButton) ***  Mouse coords: (663, 347) (97337, 27831)
2022-08-31 14:18:29.494 *** Mouse movement (LeftButton) ***  Mouse coords: (715, 356) (97715, 27897)
2022-08-31 14:18:29.519 *** Mouse movement (LeftButton) ***  Mouse coords: (717, 357) (97729, 27904)
2022-08-31 14:18:29.543 *** Mouse movement (LeftButton) ***  Mouse coords: (722, 357) (97765, 27904)
2022-08-31 14:18:29.567 *** Mouse movement (LeftButton) ***  Mouse coords: (725, 355) (97787, 27889)
2022-08-31 14:18:29.592 *** Mouse movement (LeftButton) ***  Mouse coords: (730, 353) (97824, 27875)
2022-08-31 14:18:29.663 *** Mouse movement (LeftButton) ***  Mouse coords: (757, 331) (98020, 27715)
2022-08-31 14:18:29.688 *** Mouse movement (LeftButton) ***  Mouse coords: (757, 331) (98020, 27715)
2022-08-31 14:18:29.711 *** Mouse movement (LeftButton) ***  Mouse coords: (758, 329) (98027, 27700)
2022-08-31 14:18:29.736 *** Mouse movement (LeftButton) ***  Mouse coords: (759, 327) (98035, 27686)
2022-08-31 14:18:29.761 *** Mouse movement (LeftButton) ***  Mouse coords: (764, 318) (98071, 27620)
2022-08-31 14:18:29.785 *** Mouse movement (LeftButton) ***  Mouse coords: (766, 314) (98085, 27591)
2022-08-31 14:18:29.810 *** Mouse movement (LeftButton) ***  Mouse coords: (773, 305) (98136, 27526)
2022-08-31 14:18:29.835 *** Mouse movement (LeftButton) ***  Mouse coords: (775, 302) (98151, 27504)
2022-08-31 14:18:29.860 *** Mouse movement (LeftButton) ***  Mouse coords: (777, 299) (98165, 27482)
2022-08-31 14:18:30.599 *** Mouse movement (LeftButton) ***  Mouse coords: (779, 290) (98180, 27417)
2022-08-31 14:18:30.643 *** Mouse movement (LeftButton) ***  Mouse coords: (779, 290) (98180, 27417)
2022-08-31 14:18:30.669 *** Mouse movement (LeftButton) ***  Mouse coords: (780, 286) (98187, 27388)
2022-08-31 14:18:30.695 *** Mouse movement (LeftButton) ***  Mouse coords: (781, 285) (98194, 27380)
2022-08-31 14:18:30.721 *** Mouse movement (LeftButton) ***  Mouse coords: (782, 282) (98202, 27358)
2022-08-31 14:18:30.747 *** Mouse movement (LeftButton) ***  Mouse coords: (782, 279) (98202, 27337)
2022-08-31 14:18:30.772 *** Mouse movement (LeftButton) ***  Mouse coords: (782, 278) (98202, 27329)
2022-08-31 14:18:32.249 *** Mouse movement (LeftButton) ***  Mouse coords: (779, 293) (98180, 27438)
2022-08-31 14:18:32.278 *** Mouse movement (LeftButton) ***  Mouse coords: (779, 294) (98180, 27446)
2022-08-31 14:18:32.306 *** Mouse movement (LeftButton) ***  Mouse coords: (779, 295) (98180, 27453)
2022-08-31 14:18:32.333 *** Mouse movement (LeftButton) ***  Mouse coords: (778, 299) (98173, 27482)
2022-08-31 14:18:32.362 *** Mouse movement (LeftButton) ***  Mouse coords: (778, 302) (98173, 27504)
2022-08-31 14:18:32.390 *** Mouse movement (LeftButton) ***  Mouse coords: (776, 308) (98158, 27548)
2022-08-31 14:18:32.417 *** Mouse movement (LeftButton) ***  Mouse coords: (775, 315) (98151, 27598)
2022-08-31 14:18:32.444 *** Mouse movement (LeftButton) ***  Mouse coords: (774, 319) (98144, 27628)
2022-08-31 14:18:32.470 *** Mouse movement (LeftButton) ***  Mouse coords: (774, 320) (98144, 27635)
2022-08-31 14:18:32.497 *** Mouse movement (LeftButton) ***  Mouse coords: (774, 321) (98144, 27642)
2022-08-31 14:18:35.979 *** Interactive label *** Apply to case start.
2022-08-31 14:18:38.301 *** Interactive label *** Apply to case done.
2022-08-31 14:18:39.305 *** Interactive label *** Apply to case finish overlay create.
2022-08-31 14:18:39.309 *** Process image overlay spent 0.00 seconds.
2022-08-31 14:18:39.324 *** Get cell color spent 0.01 seconds.
2022-08-31 14:18:40.369 *** Process image overlay spent 0.00 seconds.
2022-08-31 14:18:40.402 *** Get cell color spent 0.03 seconds.
2022-08-31 14:18:40.582 *** Process image overlay spent 0.00 seconds.
2022-08-31 14:18:40.621 *** Get cell color spent 0.04 seconds.
2022-08-31 14:18:47.204 *** Process image overlay spent 0.00 seconds.
2022-08-31 14:18:47.219 *** Get cell color spent 0.01 seconds.
2022-08-31 14:18:49.824 *** Process image overlay spent 0.00 seconds.
2022-08-31 14:18:49.841 *** Get cell color spent 0.02 seconds.
2022-08-31 14:18:51.232 *** Process image overlay spent 0.00 seconds.
2022-08-31 14:18:51.243 *** Get cell color spent 0.01 seconds.
2022-08-31 14:18:52.375 *** Mouse movement (LeftButton) ***  Mouse coords: (505, 179) (64202, 37547)
2022-08-31 14:18:52.397 *** Mouse movement (LeftButton) ***  Mouse coords: (505, 179) (64202, 37547)
2022-08-31 14:18:52.417 *** Mouse movement (LeftButton) ***  Mouse coords: (502, 181) (64182, 37560)
2022-08-31 14:18:52.439 *** Mouse movement (LeftButton) ***  Mouse coords: (497, 185) (64149, 37587)
2022-08-31 14:18:52.461 *** Mouse movement (LeftButton) ***  Mouse coords: (493, 189) (64122, 37614)
2022-08-31 14:18:52.483 *** Mouse movement (LeftButton) ***  Mouse coords: (490, 191) (64102, 37627)
2022-08-31 14:18:52.568 *** Mouse movement (LeftButton) ***  Mouse coords: (474, 208) (63995, 37740)
2022-08-31 14:18:52.591 *** Mouse movement (LeftButton) ***  Mouse coords: (474, 214) (63995, 37780)
2022-08-31 14:18:52.613 *** Mouse movement (LeftButton) ***  Mouse coords: (471, 221) (63975, 37827)
2022-08-31 14:18:52.635 *** Mouse movement (LeftButton) ***  Mouse coords: (471, 226) (63975, 37860)
2022-08-31 14:18:52.658 *** Mouse movement (LeftButton) ***  Mouse coords: (470, 232) (63969, 37900)
2022-08-31 14:18:52.680 *** Mouse movement (LeftButton) ***  Mouse coords: (471, 236) (63975, 37927)
2022-08-31 14:18:52.786 *** Mouse movement (LeftButton) ***  Mouse coords: (511, 291) (64242, 38294)
2022-08-31 14:18:52.808 *** Mouse movement (LeftButton) ***  Mouse coords: (513, 293) (64255, 38307)
2022-08-31 14:18:52.831 *** Mouse movement (LeftButton) ***  Mouse coords: (515, 293) (64269, 38307)
2022-08-31 14:18:52.958 *** Mouse movement (LeftButton) ***  Mouse coords: (535, 296) (64402, 38327)
2022-08-31 14:18:52.981 *** Mouse movement (LeftButton) ***  Mouse coords: (535, 296) (64402, 38327)
2022-08-31 14:18:53.002 *** Mouse movement (LeftButton) ***  Mouse coords: (539, 296) (64429, 38327)
2022-08-31 14:18:53.113 *** Mouse movement (LeftButton) ***  Mouse coords: (565, 292) (64602, 38301)
2022-08-31 14:18:53.138 *** Mouse movement (LeftButton) ***  Mouse coords: (565, 291) (64602, 38294)
2022-08-31 14:18:53.162 *** Mouse movement (LeftButton) ***  Mouse coords: (566, 288) (64609, 38274)
2022-08-31 14:18:53.185 *** Mouse movement (LeftButton) ***  Mouse coords: (567, 285) (64615, 38254)
2022-08-31 14:18:53.341 *** Mouse movement (LeftButton) ***  Mouse coords: (589, 236) (64762, 37927)
2022-08-31 14:18:53.365 *** Mouse movement (LeftButton) ***  Mouse coords: (589, 235) (64762, 37920)
2022-08-31 14:18:53.545 *** Mouse movement (LeftButton) ***  Mouse coords: (603, 220) (64855, 37820)
2022-08-31 14:18:55.668 *** Interactive label *** Apply to case start.
2022-08-31 14:18:57.984 *** Interactive label *** Apply to case done.
2022-08-31 14:18:58.957 *** Interactive label *** Apply to case finish overlay create.
2022-08-31 14:18:58.961 *** Process image overlay spent 0.00 seconds.
2022-08-31 14:18:58.974 *** Get cell color spent 0.01 seconds.
2022-08-31 14:19:02.807 *** Mouse movement (LeftButton) ***  Mouse coords: (906, 459) (66876, 39414)
2022-08-31 14:19:02.853 *** Mouse movement (LeftButton) ***  Mouse coords: (900, 462) (66916, 39394)
2022-08-31 14:19:02.884 *** Mouse movement (LeftButton) ***  Mouse coords: (892, 467) (66903, 39407)
2022-08-31 14:19:02.903 *** Mouse movement (LeftButton) ***  Mouse coords: (884, 473) (66902, 39414)
2022-08-31 14:19:02.922 *** Mouse movement (LeftButton) ***  Mouse coords: (875, 477) (66896, 39401)
2022-08-31 14:19:02.948 *** Mouse movement (LeftButton) ***  Mouse coords: (870, 478) (66923, 39381)
2022-08-31 14:19:02.972 *** Mouse movement (LeftButton) ***  Mouse coords: (861, 479) (66896, 39381)
2022-08-31 14:19:02.995 *** Mouse movement (LeftButton) ***  Mouse coords: (851, 477) (66889, 39360)
2022-08-31 14:19:03.020 *** Mouse movement (LeftButton) ***  Mouse coords: (839, 470) (66876, 39327)
2022-08-31 14:19:03.043 *** Mouse movement (LeftButton) ***  Mouse coords: (815, 449) (66796, 39234)
2022-08-31 14:19:03.063 *** Mouse movement (LeftButton) ***  Mouse coords: (792, 429) (66803, 39241)
2022-08-31 14:19:03.083 *** Mouse movement (LeftButton) ***  Mouse coords: (778, 411) (66862, 39254)
2022-08-31 14:19:03.103 *** Mouse movement (LeftButton) ***  Mouse coords: (768, 395) (66890, 39267)
2022-08-31 14:19:03.124 *** Mouse movement (LeftButton) ***  Mouse coords: (765, 390) (66936, 39341)
2022-08-31 14:19:03.143 *** Mouse movement (LeftButton) ***  Mouse coords: (764, 387) (66949, 39354)
2022-08-31 14:19:03.164 *** Mouse movement (LeftButton) ***  Mouse coords: (764, 386) (66956, 39367)
2022-08-31 14:19:03.184 *** Mouse movement (LeftButton) ***  Mouse coords: (765, 386) (66963, 39374)
2022-08-31 14:19:03.291 *** Process image overlay spent 0.00 seconds.
2022-08-31 14:19:03.303 *** Get cell color spent 0.01 seconds.
2022-08-31 14:19:03.978 *** Process image overlay spent 0.00 seconds.
2022-08-31 14:19:04.001 *** Get cell color spent 0.02 seconds.
2022-08-31 14:19:05.005 *** Process image overlay spent 0.00 seconds.
2022-08-31 14:19:05.026 *** Get cell color spent 0.02 seconds.
2022-08-31 14:19:05.251 *** Process image overlay spent 0.00 seconds.
2022-08-31 14:19:05.265 *** Get cell color spent 0.01 seconds.
2022-08-31 14:19:06.376 *** Process image overlay spent 0.00 seconds.
2022-08-31 14:19:06.380 *** Get cell color spent 0.00 seconds.
2022-08-31 14:19:06.702 *** Process image overlay spent 0.00 seconds.
2022-08-31 14:19:06.704 *** Get cell color spent 0.00 seconds.
2022-08-31 14:19:08.068 *** Process image overlay spent 0.00 seconds.
2022-08-31 14:19:08.070 *** Get cell color spent 0.00 seconds.
2022-08-31 14:19:08.105 *** Process image overlay spent 0.00 seconds.
2022-08-31 14:19:08.107 *** Get cell color spent 0.00 seconds.
2022-08-31 14:19:08.146 *** Process image overlay spent 0.00 seconds.
2022-08-31 14:19:08.147 *** Get cell color spent 0.00 seconds.
2022-08-31 14:19:08.181 *** Process image overlay spent 0.00 seconds.
2022-08-31 14:19:08.183 *** Get cell color spent 0.00 seconds.
2022-08-31 14:19:15.689 *** Program closed.
