2022-08-12 13:13:05.782 *** Start program *** Start program
2022-08-12 13:13:10.938 *** Open case *** /media/zhihuang/Drive14/Google_Colon_lnm_pos_2015_slides/slides/S0425
2022-08-12 13:13:13.265 *** Open processed data
2022-08-12 13:13:13.266 *** Preload all statistics at once.
2022-08-12 13:13:14.082 *** Nuclei stat data loaded, took 0.82 seconds. Total number of nuclei: 954361
2022-08-12 13:13:18.249 *** Process image overlay spent 0.00 seconds.
2022-08-12 13:13:18.284 *** Get cell color spent 0.03 seconds.
2022-08-12 13:13:18.910 *** Process image overlay spent 0.00 seconds.
2022-08-12 13:13:18.914 *** Get cell color spent 0.00 seconds.
2022-08-12 13:13:22.350 *** Mouse movement (LeftButton) ***  Mouse coords: (409, 226) (20181, 44060)
2022-08-12 13:13:22.357 *** Mouse movement (LeftButton) ***  Mouse coords: (410, 229) (20183, 44065)
2022-08-12 13:13:22.377 *** Mouse movement (LeftButton) ***  Mouse coords: (414, 236) (20190, 44078)
2022-08-12 13:13:22.401 *** Mouse movement (LeftButton) ***  Mouse coords: (439, 269) (20236, 44138)
2022-08-12 13:13:22.412 *** Mouse movement (LeftButton) ***  Mouse coords: (464, 296) (20281, 44187)
2022-08-12 13:13:22.426 *** Mouse movement (LeftButton) ***  Mouse coords: (480, 312) (20310, 44216)
2022-08-12 13:13:22.442 *** Mouse movement (LeftButton) ***  Mouse coords: (499, 326) (20345, 44241)
2022-08-12 13:13:22.459 *** Mouse movement (LeftButton) ***  Mouse coords: (509, 334) (20363, 44256)
2022-08-12 13:13:22.476 *** Mouse movement (LeftButton) ***  Mouse coords: (514, 337) (20372, 44261)
2022-08-12 13:13:22.493 *** Mouse movement (LeftButton) ***  Mouse coords: (516, 339) (20376, 44265)
2022-08-12 13:13:22.515 *** Mouse movement (LeftButton) ***  Mouse coords: (517, 340) (20377, 44267)
2022-08-12 13:13:22.532 *** Mouse movement (LeftButton) ***  Mouse coords: (518, 343) (20379, 44272)
2022-08-12 13:13:22.548 *** Mouse movement (LeftButton) ***  Mouse coords: (520, 345) (20383, 44276)
2022-08-12 13:13:22.559 *** Mouse movement (LeftButton) ***  Mouse coords: (521, 346) (20385, 44278)
2022-08-12 13:13:22.576 *** Mouse movement (LeftButton) ***  Mouse coords: (522, 347) (20387, 44280)
2022-08-12 13:13:22.605 *** Mouse movement (LeftButton) ***  Mouse coords: (522, 348) (20387, 44281)
2022-08-12 13:13:22.612 *** Mouse movement (LeftButton) ***  Mouse coords: (522, 349) (20387, 44283)
2022-08-12 13:13:22.626 *** Mouse movement (LeftButton) ***  Mouse coords: (523, 350) (20388, 44285)
2022-08-12 13:13:23.305 *** Interactive label *** Apply to case start.
2022-08-12 13:13:26.031 *** Mouse movement (LeftButton) ***  Mouse coords: (864, 682) (21009, 44889)
2022-08-12 13:13:27.381 *** Interactive label *** Apply to case start.
2022-08-12 13:13:40.784 *** Program closed.
