2022-09-23 03:45:31.133 *** Start program *** Start program
2022-09-23 03:46:21.986 *** Keyboard input *** key pressed: key: 16777248; text: ""
2022-09-23 03:46:22.003 *** Keyboard input *** key pressed: key: 16777249; text: ""
2022-09-23 03:46:39.769 *** Keyboard input *** key pressed: key: 16777248; text: ""
2022-09-23 03:46:39.791 *** Keyboard input *** key pressed: key: 16777249; text: ""
2022-09-23 03:46:41.650 *** Keyboard input *** key pressed: key: 16777249; text: ""
2022-09-23 03:46:41.651 *** Keyboard input *** key pressed: key: 16777248; text: ""
2022-09-23 03:47:05.821 *** Keyboard input *** key pressed: key: 16777248; text: ""
2022-09-23 03:47:05.834 *** Keyboard input *** key pressed: key: 16777249; text: ""
2022-09-23 04:03:53.969 *** Open case *** /Users/zhihuang/Desktop/S4325
2022-09-23 04:03:56.427 *** Open processed data
2022-09-23 04:03:56.438 *** Preload all statistics at once.
2022-09-23 04:03:59.479 *** Nuclei stat data loaded, took 3.04 seconds. Total number of nuclei: 922888
2022-09-23 04:04:04.414 *** Mouse movement (LeftButton) ***  Mouse coords: (130, 64) (-27980, -50962)
2022-09-23 04:04:07.378 *** Mouse movement (LeftButton) ***  Mouse coords: (570, 220) (74679, 20080)
2022-09-23 04:04:07.420 *** Mouse movement (LeftButton) ***  Mouse coords: (606, 242) (76104, 20976)
2022-09-23 04:04:07.445 *** Mouse movement (LeftButton) ***  Mouse coords: (643, 272) (76146, 21302)
2022-09-23 04:04:07.467 *** Mouse movement (LeftButton) ***  Mouse coords: (800, 404) (81033, 25457)
2022-09-23 04:04:07.488 *** Mouse movement (LeftButton) ***  Mouse coords: (916, 498) (79363, 23910)
2022-09-23 04:04:07.515 *** Mouse movement (LeftButton) ***  Mouse coords: (1043, 598) (79812, 24153)
2022-09-23 04:04:07.538 *** Mouse movement (LeftButton) ***  Mouse coords: (1092, 634) (76634, 21547)
2022-09-23 04:04:07.561 *** Mouse movement (LeftButton) ***  Mouse coords: (1108, 646) (75290, 20568)
2022-09-23 04:04:07.586 *** Mouse movement (LeftButton) ***  Mouse coords: (1110, 647) (74719, 20121)
2022-09-23 04:04:08.213 *** Mouse movement (LeftButton) ***  Mouse coords: (435, 532) (47142, 15396)
2022-09-23 04:04:08.266 *** Mouse movement (LeftButton) ***  Mouse coords: (590, 532) (53415, 15396)
2022-09-23 04:04:08.290 *** Mouse movement (LeftButton) ***  Mouse coords: (792, 532) (55329, 15396)
2022-09-23 04:04:08.312 *** Mouse movement (LeftButton) ***  Mouse coords: (922, 532) (52397, 15396)
2022-09-23 04:04:08.355 *** Mouse movement (LeftButton) ***  Mouse coords: (994, 532) (50034, 15396)
2022-09-23 04:04:08.380 *** Mouse movement (LeftButton) ***  Mouse coords: (1011, 532) (47793, 15396)
2022-09-23 04:04:08.408 *** Mouse movement (LeftButton) ***  Mouse coords: (1021, 532) (47509, 15396)
2022-09-23 04:04:08.444 *** Mouse movement (LeftButton) ***  Mouse coords: (1021, 532) (47101, 15396)
2022-09-23 04:04:08.479 *** Mouse movement (LeftButton) ***  Mouse coords: (1021, 532) (47101, 15396)
2022-09-23 04:04:09.957 *** Mouse movement (LeftButton) ***  Mouse coords: (747, 306) (54549, 18447)
2022-09-23 04:04:10.028 *** Mouse movement (LeftButton) ***  Mouse coords: (748, 306) (54559, 18447)
2022-09-23 04:04:10.078 *** Mouse movement (LeftButton) ***  Mouse coords: (760, 359) (54668, 18976)
2022-09-23 04:04:10.117 *** Mouse movement (LeftButton) ***  Mouse coords: (774, 471) (54689, 19563)
2022-09-23 04:04:10.145 *** Mouse movement (LeftButton) ***  Mouse coords: (775, 626) (54559, 19993)
2022-09-23 04:04:10.167 *** Mouse movement (LeftButton) ***  Mouse coords: (775, 644) (54549, 18626)
2022-09-23 04:04:10.188 *** Mouse movement (LeftButton) ***  Mouse coords: (775, 679) (54549, 18796)
2022-09-23 04:04:10.210 *** Mouse movement (LeftButton) ***  Mouse coords: (775, 701) (54549, 18666)
2022-09-23 04:04:10.231 *** Mouse movement (LeftButton) ***  Mouse coords: (775, 708) (54549, 18517)
2022-09-23 04:04:10.254 *** Mouse movement (LeftButton) ***  Mouse coords: (775, 710) (54549, 18467)
2022-09-23 04:04:10.294 *** Mouse movement (LeftButton) ***  Mouse coords: (775, 710) (54549, 18447)
2022-09-23 04:04:10.322 *** Mouse movement (LeftButton) ***  Mouse coords: (775, 710) (54549, 18447)
2022-09-23 04:04:10.345 *** Mouse movement (LeftButton) ***  Mouse coords: (774, 710) (54539, 18447)
2022-09-23 04:04:10.366 *** Mouse movement (LeftButton) ***  Mouse coords: (774, 710) (54549, 18447)
2022-09-23 04:04:10.811 *** Mouse movement (LeftButton) ***  Mouse coords: (698, 181) (53791, 13173)
2022-09-23 04:04:10.894 *** Mouse movement (LeftButton) ***  Mouse coords: (698, 181) (53791, 13173)
2022-09-23 04:04:10.924 *** Mouse movement (LeftButton) ***  Mouse coords: (698, 210) (53791, 13462)
2022-09-23 04:04:10.947 *** Mouse movement (LeftButton) ***  Mouse coords: (698, 310) (53791, 14170)
2022-09-23 04:04:10.970 *** Mouse movement (LeftButton) ***  Mouse coords: (698, 427) (53791, 14340)
2022-09-23 04:04:10.991 *** Mouse movement (LeftButton) ***  Mouse coords: (695, 506) (53761, 13960)
2022-09-23 04:04:11.013 *** Mouse movement (LeftButton) ***  Mouse coords: (681, 581) (53652, 13921)
2022-09-23 04:04:11.034 *** Mouse movement (LeftButton) ***  Mouse coords: (673, 610) (53711, 13462)
2022-09-23 04:04:11.058 *** Mouse movement (LeftButton) ***  Mouse coords: (671, 617) (53771, 13243)
2022-09-23 04:04:11.079 *** Mouse movement (LeftButton) ***  Mouse coords: (668, 626) (53761, 13263)
2022-09-23 04:04:11.100 *** Mouse movement (LeftButton) ***  Mouse coords: (667, 631) (53781, 13222)
2022-09-23 04:04:11.123 *** Mouse movement (LeftButton) ***  Mouse coords: (667, 631) (53791, 13173)
2022-09-23 04:04:11.178 *** Mouse movement (LeftButton) ***  Mouse coords: (667, 631) (53791, 13173)
2022-09-23 04:04:11.873 *** Mouse movement (LeftButton) ***  Mouse coords: (343, 488) (50561, 11748)
2022-09-23 04:04:11.920 *** Mouse movement (LeftButton) ***  Mouse coords: (343, 488) (50561, 11758)
2022-09-23 04:04:11.949 *** Mouse movement (LeftButton) ***  Mouse coords: (355, 488) (50681, 11758)
2022-09-23 04:04:11.972 *** Mouse movement (LeftButton) ***  Mouse coords: (410, 488) (51109, 11758)
2022-09-23 04:04:11.995 *** Mouse movement (LeftButton) ***  Mouse coords: (552, 493) (51977, 11808)
2022-09-23 04:04:12.018 *** Mouse movement (LeftButton) ***  Mouse coords: (690, 520) (51937, 12027)
2022-09-23 04:04:12.040 *** Mouse movement (LeftButton) ***  Mouse coords: (759, 539) (51248, 11947)
2022-09-23 04:04:12.062 *** Mouse movement (LeftButton) ***  Mouse coords: (886, 582) (51828, 12187)
2022-09-23 04:04:12.084 *** Mouse movement (LeftButton) ***  Mouse coords: (982, 621) (51518, 12147)
2022-09-23 04:04:12.106 *** Mouse movement (LeftButton) ***  Mouse coords: (1021, 636) (50950, 11907)
2022-09-23 04:04:12.144 *** Mouse movement (LeftButton) ***  Mouse coords: (1030, 640) (50650, 11798)
2022-09-23 04:04:12.187 *** Mouse movement (LeftButton) ***  Mouse coords: (1033, 641) (50591, 11768)
2022-09-23 04:04:12.216 *** Mouse movement (LeftButton) ***  Mouse coords: (1033, 640) (50561, 11748)
2022-09-23 04:04:12.787 *** Mouse movement (LeftButton) ***  Mouse coords: (322, 423) (43473, 9595)
2022-09-23 04:04:12.830 *** Mouse movement (LeftButton) ***  Mouse coords: (431, 395) (44549, 9316)
2022-09-23 04:04:12.854 *** Mouse movement (LeftButton) ***  Mouse coords: (640, 322) (45547, 8867)
2022-09-23 04:04:12.875 *** Mouse movement (LeftButton) ***  Mouse coords: (727, 289) (44330, 9266)
2022-09-23 04:04:12.897 *** Mouse movement (LeftButton) ***  Mouse coords: (796, 260) (44151, 9306)
2022-09-23 04:04:12.918 *** Mouse movement (LeftButton) ***  Mouse coords: (824, 250) (43743, 9495)
2022-09-23 04:04:12.941 *** Mouse movement (LeftButton) ***  Mouse coords: (831, 248) (43532, 9575)
2022-09-23 04:04:12.962 *** Mouse movement (LeftButton) ***  Mouse coords: (841, 246) (43563, 9575)
2022-09-23 04:04:12.982 *** Mouse movement (LeftButton) ***  Mouse coords: (847, 245) (43523, 9585)
2022-09-23 04:04:13.021 *** Mouse movement (LeftButton) ***  Mouse coords: (849, 245) (43483, 9595)
2022-09-23 04:04:13.043 *** Mouse movement (LeftButton) ***  Mouse coords: (851, 245) (43483, 9595)
2022-09-23 04:04:13.065 *** Mouse movement (LeftButton) ***  Mouse coords: (851, 244) (43463, 9585)
2022-09-23 04:04:13.528 *** Mouse movement (LeftButton) ***  Mouse coords: (517, 442) (40133, 11569)
2022-09-23 04:04:13.594 *** Mouse movement (LeftButton) ***  Mouse coords: (517, 442) (40133, 11559)
2022-09-23 04:04:13.622 *** Mouse movement (LeftButton) ***  Mouse coords: (542, 424) (40382, 11380)
2022-09-23 04:04:13.646 *** Mouse movement (LeftButton) ***  Mouse coords: (627, 360) (40980, 10921)
2022-09-23 04:04:13.667 *** Mouse movement (LeftButton) ***  Mouse coords: (725, 292) (41111, 10881)
2022-09-23 04:04:13.688 *** Mouse movement (LeftButton) ***  Mouse coords: (782, 256) (40701, 11200)
2022-09-23 04:04:13.710 *** Mouse movement (LeftButton) ***  Mouse coords: (858, 214) (40890, 11140)
2022-09-23 04:04:13.731 *** Mouse movement (LeftButton) ***  Mouse coords: (920, 185) (40752, 11270)
2022-09-23 04:04:13.771 *** Mouse movement (LeftButton) ***  Mouse coords: (969, 169) (40621, 11399)
2022-09-23 04:04:13.798 *** Mouse movement (LeftButton) ***  Mouse coords: (993, 166) (40372, 11529)
2022-09-23 04:04:13.861 *** Mouse movement (LeftButton) ***  Mouse coords: (993, 166) (40133, 11559)
2022-09-23 04:04:13.888 *** Mouse movement (LeftButton) ***  Mouse coords: (993, 166) (40133, 11559)
2022-09-23 04:04:16.524 *** Mouse movement (LeftButton) ***  Mouse coords: (746, 395) (41590, 12330)
2022-09-23 04:04:16.611 *** Mouse movement (LeftButton) ***  Mouse coords: (746, 395) (41590, 12330)
2022-09-23 04:04:16.645 *** Mouse movement (LeftButton) ***  Mouse coords: (720, 388) (41539, 12317)
2022-09-23 04:04:16.669 *** Mouse movement (LeftButton) ***  Mouse coords: (683, 369) (41518, 12293)
2022-09-23 04:04:16.691 *** Mouse movement (LeftButton) ***  Mouse coords: (665, 359) (41555, 12310)
2022-09-23 04:04:16.711 *** Mouse movement (LeftButton) ***  Mouse coords: (630, 337) (41521, 12287)
2022-09-23 04:04:16.734 *** Mouse movement (LeftButton) ***  Mouse coords: (604, 318) (41540, 12293)
2022-09-23 04:04:16.755 *** Mouse movement (LeftButton) ***  Mouse coords: (597, 311) (41576, 12316)
2022-09-23 04:04:16.783 *** Mouse movement (LeftButton) ***  Mouse coords: (597, 310) (41590, 12328)
2022-09-23 04:04:16.894 *** Mouse movement (LeftButton) ***  Mouse coords: (597, 310) (41590, 12330)
2022-09-23 04:04:16.922 *** Mouse movement (LeftButton) ***  Mouse coords: (609, 313) (41613, 12336)
2022-09-23 04:04:16.964 *** Mouse movement (LeftButton) ***  Mouse coords: (692, 341) (41752, 12385)
2022-09-23 04:04:16.988 *** Mouse movement (LeftButton) ***  Mouse coords: (811, 385) (41823, 12416)
2022-09-23 04:04:17.010 *** Mouse movement (LeftButton) ***  Mouse coords: (1019, 484) (41996, 12523)
2022-09-23 04:04:17.033 *** Mouse movement (LeftButton) ***  Mouse coords: (1192, 571) (41928, 12500)
2022-09-23 04:04:17.066 *** Mouse movement (LeftButton) ***  Mouse coords: (1250, 599) (41703, 12385)
2022-09-23 04:04:17.089 *** Mouse movement (LeftButton) ***  Mouse coords: (1311, 630) (41710, 12390)
2022-09-23 04:04:17.113 *** Mouse movement (LeftButton) ***  Mouse coords: (1324, 636) (41615, 12342)
2022-09-23 04:04:17.135 *** Mouse movement (LeftButton) ***  Mouse coords: (1327, 638) (41596, 12334)
2022-09-23 04:04:17.156 *** Mouse movement (LeftButton) ***  Mouse coords: (1328, 638) (41592, 12330)
2022-09-23 04:04:17.179 *** Mouse movement (LeftButton) ***  Mouse coords: (1328, 638) (41590, 12330)
2022-09-23 04:04:24.329 *** Mouse movement (LeftButton) ***  Mouse coords: (547, 384) (40064, 11834)
2022-09-23 04:04:24.377 *** Mouse movement (LeftButton) ***  Mouse coords: (548, 384) (40066, 11834)
2022-09-23 04:04:24.402 *** Mouse movement (LeftButton) ***  Mouse coords: (554, 384) (40078, 11834)
2022-09-23 04:04:24.423 *** Mouse movement (LeftButton) ***  Mouse coords: (560, 384) (40090, 11834)
2022-09-23 04:04:24.444 *** Mouse movement (LeftButton) ***  Mouse coords: (588, 397) (40144, 11859)
2022-09-23 04:04:24.464 *** Mouse movement (LeftButton) ***  Mouse coords: (640, 432) (40246, 11928)
2022-09-23 04:04:24.484 *** Mouse movement (LeftButton) ***  Mouse coords: (733, 515) (40428, 12090)
2022-09-23 04:04:24.503 *** Mouse movement (LeftButton) ***  Mouse coords: (772, 552) (40504, 12162)
2022-09-23 04:04:24.522 *** Mouse movement (LeftButton) ***  Mouse coords: (813, 597) (40584, 12250)
2022-09-23 04:04:24.541 *** Mouse movement (LeftButton) ***  Mouse coords: (822, 608) (40601, 12272)
2022-09-23 04:04:24.561 *** Mouse movement (LeftButton) ***  Mouse coords: (830, 618) (40617, 12291)
2022-09-23 04:04:24.581 *** Mouse movement (LeftButton) ***  Mouse coords: (830, 619) (40617, 12293)
2022-09-23 04:04:24.796 *** Mouse movement (LeftButton) ***  Mouse coords: (829, 619) (40615, 12293)
2022-09-23 04:04:24.844 *** Mouse movement (LeftButton) ***  Mouse coords: (829, 619) (40615, 12293)
2022-09-23 04:04:24.866 *** Mouse movement (LeftButton) ***  Mouse coords: (824, 618) (40605, 12291)
2022-09-23 04:04:24.887 *** Mouse movement (LeftButton) ***  Mouse coords: (819, 617) (40596, 12289)
2022-09-23 04:04:24.907 *** Mouse movement (LeftButton) ***  Mouse coords: (810, 614) (40578, 12283)
2022-09-23 04:04:24.926 *** Mouse movement (LeftButton) ***  Mouse coords: (804, 612) (40566, 12279)
2022-09-23 04:04:24.946 *** Mouse movement (LeftButton) ***  Mouse coords: (800, 611) (40558, 12277)
2022-09-23 04:04:24.965 *** Mouse movement (LeftButton) ***  Mouse coords: (795, 610) (40549, 12275)
2022-09-23 04:04:24.985 *** Mouse movement (LeftButton) ***  Mouse coords: (790, 607) (40539, 12270)
2022-09-23 04:04:25.006 *** Mouse movement (LeftButton) ***  Mouse coords: (789, 607) (40537, 12270)
2022-09-23 04:04:25.026 *** Mouse movement (LeftButton) ***  Mouse coords: (785, 606) (40529, 12268)
2022-09-23 04:04:25.045 *** Mouse movement (LeftButton) ***  Mouse coords: (782, 605) (40523, 12266)
2022-09-23 04:04:25.064 *** Mouse movement (LeftButton) ***  Mouse coords: (779, 604) (40517, 12264)
2022-09-23 04:04:25.085 *** Mouse movement (LeftButton) ***  Mouse coords: (778, 603) (40515, 12262)
2022-09-23 04:04:25.104 *** Mouse movement (LeftButton) ***  Mouse coords: (777, 603) (40513, 12262)
2022-09-23 04:04:25.124 *** Mouse movement (LeftButton) ***  Mouse coords: (776, 603) (40512, 12262)
2022-09-23 04:04:25.144 *** Mouse movement (LeftButton) ***  Mouse coords: (775, 602) (40510, 12260)
2022-09-23 04:04:25.163 *** Mouse movement (LeftButton) ***  Mouse coords: (774, 602) (40508, 12260)
2022-09-23 04:04:25.183 *** Mouse movement (LeftButton) ***  Mouse coords: (773, 602) (40506, 12260)
2022-09-23 04:04:25.203 *** Mouse movement (LeftButton) ***  Mouse coords: (773, 602) (40506, 12260)
2022-09-23 04:04:25.220 *** Mouse movement (LeftButton) ***  Mouse coords: (773, 602) (40506, 12260)
2022-09-23 04:04:25.237 *** Mouse movement (LeftButton) ***  Mouse coords: (771, 601) (40502, 12258)
2022-09-23 04:04:25.256 *** Mouse movement (LeftButton) ***  Mouse coords: (769, 600) (40498, 12256)
2022-09-23 04:04:25.276 *** Mouse movement (LeftButton) ***  Mouse coords: (765, 599) (40490, 12254)
2022-09-23 04:04:25.295 *** Mouse movement (LeftButton) ***  Mouse coords: (758, 597) (40476, 12250)
2022-09-23 04:04:25.315 *** Mouse movement (LeftButton) ***  Mouse coords: (754, 596) (40469, 12248)
2022-09-23 04:04:25.335 *** Mouse movement (LeftButton) ***  Mouse coords: (752, 595) (40465, 12246)
2022-09-23 04:04:25.354 *** Mouse movement (LeftButton) ***  Mouse coords: (751, 595) (40463, 12246)
2022-09-23 04:04:25.373 *** Mouse movement (LeftButton) ***  Mouse coords: (751, 594) (40463, 12244)
2022-09-23 04:04:25.392 *** Mouse movement (LeftButton) ***  Mouse coords: (751, 594) (40463, 12244)
2022-09-23 04:04:25.830 *** Mouse movement (LeftButton) ***  Mouse coords: (751, 594) (40463, 12244)
2022-09-23 04:04:25.866 *** Mouse movement (LeftButton) ***  Mouse coords: (749, 595) (40459, 12246)
2022-09-23 04:04:25.890 *** Mouse movement (LeftButton) ***  Mouse coords: (744, 595) (40449, 12246)
2022-09-23 04:04:25.911 *** Mouse movement (LeftButton) ***  Mouse coords: (742, 595) (40445, 12246)
2022-09-23 04:04:25.930 *** Mouse movement (LeftButton) ***  Mouse coords: (742, 595) (40445, 12246)
2022-09-23 04:04:25.948 *** Mouse movement (LeftButton) ***  Mouse coords: (741, 595) (40443, 12246)
2022-09-23 04:04:25.967 *** Mouse movement (LeftButton) ***  Mouse coords: (741, 595) (40443, 12246)
2022-09-23 04:04:25.984 *** Mouse movement (LeftButton) ***  Mouse coords: (740, 595) (40441, 12246)
2022-09-23 04:04:26.003 *** Mouse movement (LeftButton) ***  Mouse coords: (740, 595) (40441, 12246)
2022-09-23 04:04:26.078 *** Mouse movement (LeftButton) ***  Mouse coords: (740, 595) (40441, 12246)
2022-09-23 04:04:26.097 *** Mouse movement (LeftButton) ***  Mouse coords: (740, 596) (40441, 12248)
2022-09-23 04:04:26.118 *** Mouse movement (LeftButton) ***  Mouse coords: (740, 596) (40441, 12248)
2022-09-23 04:04:26.135 *** Mouse movement (LeftButton) ***  Mouse coords: (739, 596) (40439, 12248)
2022-09-23 04:04:26.154 *** Mouse movement (LeftButton) ***  Mouse coords: (737, 596) (40435, 12248)
2022-09-23 04:04:26.173 *** Mouse movement (LeftButton) ***  Mouse coords: (736, 596) (40433, 12248)
2022-09-23 04:04:26.192 *** Mouse movement (LeftButton) ***  Mouse coords: (735, 596) (40431, 12248)
2022-09-23 04:04:26.211 *** Mouse movement (LeftButton) ***  Mouse coords: (735, 596) (40431, 12248)
2022-09-23 04:04:26.721 *** Mouse movement (LeftButton) ***  Mouse coords: (734, 596) (40429, 12248)
2022-09-23 04:04:26.765 *** Mouse movement (LeftButton) ***  Mouse coords: (732, 594) (40426, 12244)
2022-09-23 04:04:26.790 *** Mouse movement (LeftButton) ***  Mouse coords: (730, 593) (40422, 12242)
2022-09-23 04:04:26.810 *** Mouse movement (LeftButton) ***  Mouse coords: (727, 592) (40416, 12240)
2022-09-23 04:04:26.829 *** Mouse movement (LeftButton) ***  Mouse coords: (725, 592) (40412, 12240)
2022-09-23 04:04:26.849 *** Mouse movement (LeftButton) ***  Mouse coords: (722, 592) (40406, 12240)
2022-09-23 04:04:26.868 *** Mouse movement (LeftButton) ***  Mouse coords: (720, 592) (40402, 12240)
2022-09-23 04:04:26.887 *** Mouse movement (LeftButton) ***  Mouse coords: (719, 592) (40400, 12240)
2022-09-23 04:04:26.905 *** Mouse movement (LeftButton) ***  Mouse coords: (719, 592) (40400, 12240)
2022-09-23 04:04:27.053 *** Mouse movement (LeftButton) ***  Mouse coords: (719, 592) (40400, 12240)
2022-09-23 04:04:27.079 *** Mouse movement (LeftButton) ***  Mouse coords: (719, 592) (40400, 12240)
2022-09-23 04:04:27.098 *** Mouse movement (LeftButton) ***  Mouse coords: (719, 592) (40400, 12240)
2022-09-23 04:04:27.117 *** Mouse movement (LeftButton) ***  Mouse coords: (719, 592) (40400, 12240)
2022-09-23 04:04:27.134 *** Mouse movement (LeftButton) ***  Mouse coords: (720, 592) (40402, 12240)
2022-09-23 04:04:27.154 *** Mouse movement (LeftButton) ***  Mouse coords: (720, 592) (40402, 12240)
2022-09-23 04:04:27.171 *** Mouse movement (LeftButton) ***  Mouse coords: (720, 592) (40402, 12240)
2022-09-23 04:04:27.188 *** Mouse movement (LeftButton) ***  Mouse coords: (720, 592) (40402, 12240)
2022-09-23 04:04:27.205 *** Mouse movement (LeftButton) ***  Mouse coords: (721, 592) (40404, 12240)
2022-09-23 04:04:27.224 *** Mouse movement (LeftButton) ***  Mouse coords: (721, 592) (40404, 12240)
2022-09-23 04:04:27.241 *** Mouse movement (LeftButton) ***  Mouse coords: (721, 592) (40404, 12240)
2022-09-23 04:04:27.258 *** Mouse movement (LeftButton) ***  Mouse coords: (722, 592) (40406, 12240)
2022-09-23 04:04:27.278 *** Mouse movement (LeftButton) ***  Mouse coords: (722, 592) (40406, 12240)
2022-09-23 04:04:27.295 *** Mouse movement (LeftButton) ***  Mouse coords: (722, 592) (40406, 12240)
2022-09-23 04:04:28.786 *** Interactive label *** Apply to case start.
2022-09-23 04:04:29.497 *** Mouse movement (LeftButton) ***  Mouse coords: (445, 299) (39865, 11668)
2022-09-23 04:04:29.538 *** Mouse movement (LeftButton) ***  Mouse coords: (513, 331) (39998, 11730)
2022-09-23 04:04:29.562 *** Mouse movement (LeftButton) ***  Mouse coords: (579, 368) (40127, 11803)
2022-09-23 04:04:29.583 *** Mouse movement (LeftButton) ***  Mouse coords: (622, 391) (40211, 11848)
2022-09-23 04:04:29.603 *** Mouse movement (LeftButton) ***  Mouse coords: (658, 413) (40281, 11891)
2022-09-23 04:04:29.622 *** Mouse movement (LeftButton) ***  Mouse coords: (668, 420) (40301, 11904)
2022-09-23 04:04:29.644 *** Mouse movement (LeftButton) ***  Mouse coords: (675, 425) (40314, 11914)
2022-09-23 04:04:29.663 *** Mouse movement (LeftButton) ***  Mouse coords: (677, 426) (40318, 11916)
2022-09-23 04:04:29.683 *** Mouse movement (LeftButton) ***  Mouse coords: (679, 427) (40322, 11918)
2022-09-23 04:04:29.703 *** Mouse movement (LeftButton) ***  Mouse coords: (679, 427) (40322, 11918)
2022-09-23 04:04:29.721 *** Mouse movement (LeftButton) ***  Mouse coords: (679, 427) (40322, 11918)
2022-09-23 04:04:29.739 *** Mouse movement (LeftButton) ***  Mouse coords: (679, 427) (40322, 11918)
2022-09-23 04:04:29.756 *** Mouse movement (LeftButton) ***  Mouse coords: (679, 427) (40322, 11918)
2022-09-23 04:04:29.777 *** Mouse movement (LeftButton) ***  Mouse coords: (679, 427) (40322, 11918)
2022-09-23 04:04:29.795 *** Mouse movement (LeftButton) ***  Mouse coords: (679, 427) (40322, 11918)
2022-09-23 04:04:29.853 *** Mouse movement (LeftButton) ***  Mouse coords: (679, 428) (40322, 11920)
2022-09-23 04:04:29.873 *** Mouse movement (LeftButton) ***  Mouse coords: (679, 428) (40322, 11920)
2022-09-23 04:04:29.903 *** Mouse movement (LeftButton) ***  Mouse coords: (679, 428) (40322, 11920)
2022-09-23 04:04:29.944 *** Mouse movement (LeftButton) ***  Mouse coords: (679, 428) (40322, 11920)
2022-09-23 04:04:29.978 *** Mouse movement (LeftButton) ***  Mouse coords: (679, 428) (40322, 11920)
2022-09-23 04:04:29.995 *** Mouse movement (LeftButton) ***  Mouse coords: (679, 428) (40322, 11920)
2022-09-23 04:04:30.013 *** Mouse movement (LeftButton) ***  Mouse coords: (678, 428) (40320, 11920)
2022-09-23 04:04:30.032 *** Mouse movement (LeftButton) ***  Mouse coords: (676, 428) (40316, 11920)
2022-09-23 04:04:30.052 *** Mouse movement (LeftButton) ***  Mouse coords: (675, 428) (40314, 11920)
2022-09-23 04:04:30.074 *** Mouse movement (LeftButton) ***  Mouse coords: (674, 428) (40312, 11920)
2022-09-23 04:04:30.094 *** Mouse movement (LeftButton) ***  Mouse coords: (673, 428) (40310, 11920)
2022-09-23 04:04:30.113 *** Mouse movement (LeftButton) ***  Mouse coords: (672, 428) (40308, 11920)
2022-09-23 04:04:30.132 *** Mouse movement (LeftButton) ***  Mouse coords: (670, 428) (40304, 11920)
2022-09-23 04:04:30.152 *** Mouse movement (LeftButton) ***  Mouse coords: (669, 428) (40303, 11920)
2022-09-23 04:04:30.171 *** Mouse movement (LeftButton) ***  Mouse coords: (668, 427) (40301, 11918)
2022-09-23 04:04:30.191 *** Mouse movement (LeftButton) ***  Mouse coords: (667, 427) (40299, 11918)
2022-09-23 04:04:30.211 *** Mouse movement (LeftButton) ***  Mouse coords: (667, 426) (40299, 11916)
2022-09-23 04:04:30.232 *** Mouse movement (LeftButton) ***  Mouse coords: (667, 426) (40299, 11916)
2022-09-23 04:04:30.249 *** Mouse movement (LeftButton) ***  Mouse coords: (667, 426) (40299, 11916)
2022-09-23 04:04:30.269 *** Mouse movement (LeftButton) ***  Mouse coords: (666, 426) (40297, 11916)
2022-09-23 04:04:30.289 *** Mouse movement (LeftButton) ***  Mouse coords: (666, 425) (40297, 11914)
2022-09-23 04:04:30.308 *** Mouse movement (LeftButton) ***  Mouse coords: (665, 425) (40295, 11914)
2022-09-23 04:04:30.328 *** Mouse movement (LeftButton) ***  Mouse coords: (663, 424) (40291, 11912)
2022-09-23 04:04:30.347 *** Mouse movement (LeftButton) ***  Mouse coords: (661, 423) (40287, 11910)
2022-09-23 04:04:30.369 *** Mouse movement (LeftButton) ***  Mouse coords: (659, 422) (40283, 11908)
2022-09-23 04:04:30.388 *** Mouse movement (LeftButton) ***  Mouse coords: (656, 422) (40277, 11908)
2022-09-23 04:04:30.408 *** Mouse movement (LeftButton) ***  Mouse coords: (655, 421) (40275, 11906)
2022-09-23 04:04:30.428 *** Mouse movement (LeftButton) ***  Mouse coords: (654, 421) (40273, 11906)
2022-09-23 04:04:30.447 *** Mouse movement (LeftButton) ***  Mouse coords: (654, 421) (40273, 11906)
2022-09-23 04:04:30.465 *** Mouse movement (LeftButton) ***  Mouse coords: (653, 420) (40271, 11904)
2022-09-23 04:04:30.484 *** Mouse movement (LeftButton) ***  Mouse coords: (653, 420) (40271, 11904)
2022-09-23 04:04:30.500 *** Mouse movement (LeftButton) ***  Mouse coords: (653, 420) (40271, 11904)
2022-09-23 04:04:30.518 *** Mouse movement (LeftButton) ***  Mouse coords: (653, 419) (40271, 11902)
2022-09-23 04:04:30.544 *** Mouse movement (LeftButton) ***  Mouse coords: (653, 419) (40271, 11902)
2022-09-23 04:04:30.561 *** Mouse movement (LeftButton) ***  Mouse coords: (652, 419) (40269, 11902)
2022-09-23 04:04:30.580 *** Mouse movement (LeftButton) ***  Mouse coords: (652, 419) (40269, 11902)
2022-09-23 04:04:30.597 *** Mouse movement (LeftButton) ***  Mouse coords: (652, 418) (40269, 11900)
2022-09-23 04:04:30.617 *** Mouse movement (LeftButton) ***  Mouse coords: (651, 417) (40267, 11898)
2022-09-23 04:04:30.636 *** Mouse movement (LeftButton) ***  Mouse coords: (650, 416) (40265, 11896)
2022-09-23 04:04:30.655 *** Mouse movement (LeftButton) ***  Mouse coords: (649, 414) (40263, 11893)
2022-09-23 04:04:30.674 *** Mouse movement (LeftButton) ***  Mouse coords: (648, 414) (40261, 11893)
2022-09-23 04:04:30.693 *** Mouse movement (LeftButton) ***  Mouse coords: (648, 414) (40261, 11893)
2022-09-23 04:04:31.988 *** Interactive label *** Apply to case start.
2022-09-23 04:04:39.895 *** Mouse movement (LeftButton) ***  Mouse coords: (554, 369) (34901, 15840)
2022-09-23 04:04:39.927 *** Mouse movement (LeftButton) ***  Mouse coords: (565, 369) (34939, 15840)
2022-09-23 04:04:39.949 *** Mouse movement (LeftButton) ***  Mouse coords: (574, 372) (34970, 15850)
2022-09-23 04:04:39.970 *** Mouse movement (LeftButton) ***  Mouse coords: (604, 385) (35073, 15895)
2022-09-23 04:04:39.989 *** Mouse movement (LeftButton) ***  Mouse coords: (663, 415) (35277, 15998)
2022-09-23 04:04:40.010 *** Mouse movement (LeftButton) ***  Mouse coords: (699, 435) (35401, 16067)
2022-09-23 04:04:40.030 *** Mouse movement (LeftButton) ***  Mouse coords: (727, 451) (35498, 16123)
2022-09-23 04:04:40.050 *** Mouse movement (LeftButton) ***  Mouse coords: (736, 455) (35529, 16136)
2022-09-23 04:04:40.070 *** Mouse movement (LeftButton) ***  Mouse coords: (738, 456) (35536, 16140)
2022-09-23 04:04:40.089 *** Mouse movement (LeftButton) ***  Mouse coords: (739, 456) (35539, 16140)
2022-09-23 04:04:40.194 *** Mouse movement (LeftButton) ***  Mouse coords: (739, 456) (35539, 16140)
2022-09-23 04:04:40.217 *** Mouse movement (LeftButton) ***  Mouse coords: (739, 456) (35539, 16140)
2022-09-23 04:04:40.235 *** Mouse movement (LeftButton) ***  Mouse coords: (739, 456) (35539, 16140)
2022-09-23 04:04:40.253 *** Mouse movement (LeftButton) ***  Mouse coords: (739, 456) (35539, 16140)
2022-09-23 04:04:40.271 *** Mouse movement (LeftButton) ***  Mouse coords: (739, 455) (35539, 16136)
2022-09-23 04:04:40.290 *** Mouse movement (LeftButton) ***  Mouse coords: (739, 455) (35539, 16136)
2022-09-23 04:04:40.309 *** Mouse movement (LeftButton) ***  Mouse coords: (739, 455) (35539, 16136)
2022-09-23 04:04:40.327 *** Mouse movement (LeftButton) ***  Mouse coords: (739, 455) (35539, 16136)
2022-09-23 04:04:40.345 *** Mouse movement (LeftButton) ***  Mouse coords: (739, 454) (35539, 16133)
2022-09-23 04:04:40.365 *** Mouse movement (LeftButton) ***  Mouse coords: (739, 454) (35539, 16133)
2022-09-23 04:04:40.383 *** Mouse movement (LeftButton) ***  Mouse coords: (738, 453) (35536, 16129)
2022-09-23 04:04:40.403 *** Mouse movement (LeftButton) ***  Mouse coords: (737, 452) (35532, 16126)
2022-09-23 04:04:40.422 *** Mouse movement (LeftButton) ***  Mouse coords: (736, 451) (35529, 16123)
2022-09-23 04:04:40.442 *** Mouse movement (LeftButton) ***  Mouse coords: (736, 451) (35529, 16123)
2022-09-23 04:04:40.460 *** Mouse movement (LeftButton) ***  Mouse coords: (735, 450) (35525, 16119)
2022-09-23 04:04:40.479 *** Mouse movement (LeftButton) ***  Mouse coords: (734, 450) (35522, 16119)
2022-09-23 04:04:40.499 *** Mouse movement (LeftButton) ***  Mouse coords: (733, 450) (35518, 16119)
2022-09-23 04:04:40.519 *** Mouse movement (LeftButton) ***  Mouse coords: (733, 449) (35518, 16116)
2022-09-23 04:04:40.538 *** Mouse movement (LeftButton) ***  Mouse coords: (732, 449) (35515, 16116)
2022-09-23 04:04:40.558 *** Mouse movement (LeftButton) ***  Mouse coords: (732, 449) (35515, 16116)
2022-09-23 04:04:40.720 *** Mouse movement (LeftButton) ***  Mouse coords: (732, 449) (35515, 16116)
2022-09-23 04:04:40.748 *** Mouse movement (LeftButton) ***  Mouse coords: (731, 448) (35511, 16112)
2022-09-23 04:04:40.770 *** Mouse movement (LeftButton) ***  Mouse coords: (730, 448) (35508, 16112)
2022-09-23 04:04:40.790 *** Mouse movement (LeftButton) ***  Mouse coords: (730, 448) (35508, 16112)
2022-09-23 04:04:42.431 *** Interactive label *** Apply to case start.
2022-09-23 04:04:45.750 *** Interactive label *** Apply to case done.
2022-09-23 04:04:50.437 *** Interactive label *** Apply to case finish overlay create.
2022-09-23 04:04:53.140 *** Mouse movement (LeftButton) ***  Mouse coords: (443, 352) (34518, 15781)
2022-09-23 04:04:56.165 *** Mouse movement (LeftButton) ***  Mouse coords: (583, 469) (35001, 16185)
2022-09-23 04:04:56.737 *** Keyboard input *** key pressed: key: 90; text: "z"
2022-09-23 04:04:56.748 *** Process image overlay spent 0.01 seconds.
2022-09-23 04:04:56.759 *** Get cell color spent 0.01 seconds.
2022-09-23 04:04:59.460 *** Keyboard input *** key pressed: key: 88; text: "x"
2022-09-23 04:05:00.620 *** Process image overlay spent 0.00 seconds.
2022-09-23 04:05:00.634 *** Get cell color spent 0.01 seconds.
2022-09-23 04:05:01.136 *** Process image overlay spent 0.00 seconds.
2022-09-23 04:05:01.185 *** Get cell color spent 0.05 seconds.
2022-09-23 04:05:07.837 *** Process image overlay spent 0.00 seconds.
2022-09-23 04:05:07.842 *** Get cell color spent 0.00 seconds.
2022-09-23 04:05:10.428 *** Mouse movement (LeftButton) ***  Mouse coords: (343, 288) (29558, 31550)
2022-09-23 04:05:10.452 *** Mouse movement (LeftButton) ***  Mouse coords: (354, 288) (29620, 31550)
2022-09-23 04:05:10.474 *** Mouse movement (LeftButton) ***  Mouse coords: (430, 294) (30049, 31583)
2022-09-23 04:05:10.495 *** Mouse movement (LeftButton) ***  Mouse coords: (509, 307) (30495, 31657)
2022-09-23 04:05:10.516 *** Mouse movement (LeftButton) ***  Mouse coords: (557, 313) (30766, 31691)
2022-09-23 04:05:10.537 *** Mouse movement (LeftButton) ***  Mouse coords: (593, 318) (30969, 31719)
2022-09-23 04:05:10.558 *** Mouse movement (LeftButton) ***  Mouse coords: (603, 319) (31025, 31725)
2022-09-23 04:05:10.579 *** Mouse movement (LeftButton) ***  Mouse coords: (607, 320) (31048, 31730)
2022-09-23 04:05:10.599 *** Mouse movement (LeftButton) ***  Mouse coords: (607, 319) (31048, 31725)
2022-09-23 04:05:10.737 *** Mouse movement (LeftButton) ***  Mouse coords: (607, 319) (31048, 31725)
2022-09-23 04:05:10.764 *** Mouse movement (LeftButton) ***  Mouse coords: (609, 323) (31059, 31747)
2022-09-23 04:05:10.787 *** Mouse movement (LeftButton) ***  Mouse coords: (613, 330) (31082, 31787)
2022-09-23 04:05:10.808 *** Mouse movement (LeftButton) ***  Mouse coords: (616, 334) (31099, 31809)
2022-09-23 04:05:10.829 *** Mouse movement (LeftButton) ***  Mouse coords: (618, 339) (31110, 31837)
2022-09-23 04:05:10.851 *** Mouse movement (LeftButton) ***  Mouse coords: (619, 340) (31115, 31843)
2022-09-23 04:05:10.872 *** Mouse movement (LeftButton) ***  Mouse coords: (619, 341) (31115, 31849)
2022-09-23 04:05:10.893 *** Mouse movement (LeftButton) ***  Mouse coords: (619, 341) (31115, 31849)
2022-09-23 04:05:10.911 *** Mouse movement (LeftButton) ***  Mouse coords: (619, 341) (31115, 31849)
2022-09-23 04:05:10.930 *** Mouse movement (LeftButton) ***  Mouse coords: (619, 342) (31115, 31854)
2022-09-23 04:05:10.951 *** Mouse movement (LeftButton) ***  Mouse coords: (619, 342) (31115, 31854)
2022-09-23 04:05:10.969 *** Mouse movement (LeftButton) ***  Mouse coords: (619, 342) (31115, 31854)
2022-09-23 04:05:10.988 *** Mouse movement (LeftButton) ***  Mouse coords: (619, 342) (31115, 31854)
2022-09-23 04:05:11.006 *** Mouse movement (LeftButton) ***  Mouse coords: (619, 343) (31115, 31860)
2022-09-23 04:05:11.027 *** Mouse movement (LeftButton) ***  Mouse coords: (619, 343) (31115, 31860)
2022-09-23 04:05:11.078 *** Mouse movement (LeftButton) ***  Mouse coords: (619, 343) (31115, 31860)
2022-09-23 04:05:12.295 *** Interactive label *** Apply to case start.
2022-09-23 04:05:15.548 *** Interactive label *** Apply to case done.
2022-09-23 04:05:17.739 *** Interactive label *** Apply to case finish overlay create.
2022-09-23 04:05:17.742 *** Process image overlay spent 0.00 seconds.
2022-09-23 04:05:17.748 *** Get cell color spent 0.01 seconds.
2022-09-23 04:05:18.062 *** Process image overlay spent 0.00 seconds.
2022-09-23 04:05:18.068 *** Get cell color spent 0.01 seconds.
2022-09-23 04:05:19.462 *** Process image overlay spent 0.00 seconds.
2022-09-23 04:05:19.469 *** Get cell color spent 0.01 seconds.
2022-09-23 04:05:20.106 *** Process image overlay spent 0.00 seconds.
2022-09-23 04:05:20.110 *** Get cell color spent 0.00 seconds.
2022-09-23 04:05:20.276 *** Process image overlay spent 0.00 seconds.
2022-09-23 04:05:20.280 *** Get cell color spent 0.00 seconds.
2022-09-23 04:05:21.225 *** Process image overlay spent 0.00 seconds.
2022-09-23 04:05:21.229 *** Get cell color spent 0.00 seconds.
2022-09-23 04:05:22.145 *** Process image overlay spent 0.00 seconds.
2022-09-23 04:05:22.148 *** Get cell color spent 0.00 seconds.
2022-09-23 04:05:22.847 *** Mouse movement (LeftButton) ***  Mouse coords: (466, 364) (28962, 34443)
2022-09-23 04:05:22.888 *** Mouse movement (LeftButton) ***  Mouse coords: (512, 370) (29062, 34456)
2022-09-23 04:05:22.914 *** Mouse movement (LeftButton) ***  Mouse coords: (580, 390) (29210, 34499)
2022-09-23 04:05:22.936 *** Mouse movement (LeftButton) ***  Mouse coords: (631, 406) (29320, 34534)
2022-09-23 04:05:22.957 *** Mouse movement (LeftButton) ***  Mouse coords: (645, 410) (29351, 34543)
2022-09-23 04:05:22.979 *** Mouse movement (LeftButton) ***  Mouse coords: (672, 418) (29409, 34560)
2022-09-23 04:05:22.999 *** Mouse movement (LeftButton) ***  Mouse coords: (689, 423) (29446, 34571)
2022-09-23 04:05:23.020 *** Mouse movement (LeftButton) ***  Mouse coords: (693, 424) (29455, 34573)
2022-09-23 04:05:23.041 *** Mouse movement (LeftButton) ***  Mouse coords: (694, 425) (29457, 34575)
2022-09-23 04:05:23.062 *** Mouse movement (LeftButton) ***  Mouse coords: (695, 425) (29459, 34575)
2022-09-23 04:05:23.083 *** Mouse movement (LeftButton) ***  Mouse coords: (695, 425) (29459, 34575)
2022-09-23 04:05:23.103 *** Mouse movement (LeftButton) ***  Mouse coords: (695, 425) (29459, 34575)
2022-09-23 04:05:23.122 *** Mouse movement (LeftButton) ***  Mouse coords: (695, 425) (29459, 34575)
2022-09-23 04:05:23.141 *** Mouse movement (LeftButton) ***  Mouse coords: (695, 425) (29459, 34575)
2022-09-23 04:05:23.160 *** Mouse movement (LeftButton) ***  Mouse coords: (695, 425) (29459, 34575)
2022-09-23 04:05:23.179 *** Mouse movement (LeftButton) ***  Mouse coords: (696, 425) (29462, 34575)
2022-09-23 04:05:23.200 *** Mouse movement (LeftButton) ***  Mouse coords: (696, 425) (29462, 34575)
2022-09-23 04:05:23.219 *** Mouse movement (LeftButton) ***  Mouse coords: (696, 425) (29462, 34575)
2022-09-23 04:05:23.238 *** Mouse movement (LeftButton) ***  Mouse coords: (697, 425) (29464, 34575)
2022-09-23 04:05:23.259 *** Mouse movement (LeftButton) ***  Mouse coords: (703, 426) (29477, 34578)
2022-09-23 04:05:23.280 *** Mouse movement (LeftButton) ***  Mouse coords: (707, 427) (29485, 34580)
2022-09-23 04:05:23.301 *** Mouse movement (LeftButton) ***  Mouse coords: (713, 429) (29498, 34584)
2022-09-23 04:05:23.322 *** Mouse movement (LeftButton) ***  Mouse coords: (715, 429) (29503, 34584)
2022-09-23 04:05:23.342 *** Mouse movement (LeftButton) ***  Mouse coords: (716, 430) (29505, 34586)
2022-09-23 04:05:23.364 *** Mouse movement (LeftButton) ***  Mouse coords: (716, 430) (29505, 34586)
2022-09-23 04:05:23.382 *** Mouse movement (LeftButton) ***  Mouse coords: (716, 430) (29505, 34586)
2022-09-23 04:05:23.401 *** Mouse movement (LeftButton) ***  Mouse coords: (716, 431) (29505, 34588)
2022-09-23 04:05:23.422 *** Mouse movement (LeftButton) ***  Mouse coords: (716, 433) (29505, 34593)
2022-09-23 04:05:23.443 *** Mouse movement (LeftButton) ***  Mouse coords: (716, 434) (29505, 34595)
2022-09-23 04:05:23.464 *** Mouse movement (LeftButton) ***  Mouse coords: (716, 437) (29505, 34601)
2022-09-23 04:05:23.484 *** Mouse movement (LeftButton) ***  Mouse coords: (716, 439) (29505, 34606)
2022-09-23 04:05:23.505 *** Mouse movement (LeftButton) ***  Mouse coords: (716, 442) (29505, 34612)
2022-09-23 04:05:23.526 *** Mouse movement (LeftButton) ***  Mouse coords: (716, 443) (29505, 34614)
2022-09-23 04:05:23.546 *** Mouse movement (LeftButton) ***  Mouse coords: (716, 444) (29505, 34617)
2022-09-23 04:05:23.567 *** Mouse movement (LeftButton) ***  Mouse coords: (716, 445) (29505, 34619)
2022-09-23 04:05:23.588 *** Mouse movement (LeftButton) ***  Mouse coords: (716, 445) (29505, 34619)
2022-09-23 04:05:23.607 *** Mouse movement (LeftButton) ***  Mouse coords: (716, 446) (29505, 34621)
2022-09-23 04:05:23.628 *** Mouse movement (LeftButton) ***  Mouse coords: (716, 446) (29505, 34621)
2022-09-23 04:05:23.646 *** Mouse movement (LeftButton) ***  Mouse coords: (716, 447) (29505, 34623)
2022-09-23 04:05:23.668 *** Mouse movement (LeftButton) ***  Mouse coords: (716, 448) (29505, 34625)
2022-09-23 04:05:23.689 *** Mouse movement (LeftButton) ***  Mouse coords: (716, 449) (29505, 34627)
2022-09-23 04:05:23.709 *** Mouse movement (LeftButton) ***  Mouse coords: (716, 449) (29505, 34627)
2022-09-23 04:05:23.728 *** Mouse movement (LeftButton) ***  Mouse coords: (716, 450) (29505, 34630)
2022-09-23 04:05:23.749 *** Mouse movement (LeftButton) ***  Mouse coords: (716, 450) (29505, 34630)
2022-09-23 04:05:23.767 *** Mouse movement (LeftButton) ***  Mouse coords: (716, 450) (29505, 34630)
2022-09-23 04:05:24.937 *** Interactive label *** Apply to case start.
2022-09-23 04:05:28.144 *** Interactive label *** Apply to case done.
2022-09-23 04:05:30.491 *** Interactive label *** Apply to case finish overlay create.
2022-09-23 04:05:30.496 *** Process image overlay spent 0.00 seconds.
2022-09-23 04:05:30.498 *** Get cell color spent 0.00 seconds.
2022-09-23 04:05:31.773 *** Process image overlay spent 0.00 seconds.
2022-09-23 04:05:31.780 *** Get cell color spent 0.01 seconds.
2022-09-23 04:05:35.196 *** Process image overlay spent 0.00 seconds.
2022-09-23 04:05:35.200 *** Get cell color spent 0.00 seconds.
2022-09-23 04:05:35.413 *** Process image overlay spent 0.00 seconds.
2022-09-23 04:05:35.416 *** Get cell color spent 0.00 seconds.
2022-09-23 04:05:36.463 *** Mouse movement (LeftButton) ***  Mouse coords: (517, 434) (29863, 35097)
2022-09-23 04:05:36.506 *** Mouse movement (LeftButton) ***  Mouse coords: (535, 448) (29912, 35135)
2022-09-23 04:05:36.535 *** Mouse movement (LeftButton) ***  Mouse coords: (551, 461) (29956, 35171)
2022-09-23 04:05:36.557 *** Mouse movement (LeftButton) ***  Mouse coords: (564, 474) (29992, 35206)
2022-09-23 04:05:36.579 *** Mouse movement (LeftButton) ***  Mouse coords: (574, 484) (30019, 35234)
2022-09-23 04:05:36.601 *** Mouse movement (LeftButton) ***  Mouse coords: (577, 489) (30028, 35248)
2022-09-23 04:05:36.623 *** Mouse movement (LeftButton) ***  Mouse coords: (583, 495) (30044, 35264)
2022-09-23 04:05:36.645 *** Mouse movement (LeftButton) ***  Mouse coords: (586, 499) (30052, 35275)
2022-09-23 04:05:36.667 *** Mouse movement (LeftButton) ***  Mouse coords: (588, 500) (30058, 35278)
2022-09-23 04:05:36.688 *** Mouse movement (LeftButton) ***  Mouse coords: (590, 502) (30063, 35283)
2022-09-23 04:05:36.709 *** Mouse movement (LeftButton) ***  Mouse coords: (592, 503) (30069, 35286)
2022-09-23 04:05:36.732 *** Mouse movement (LeftButton) ***  Mouse coords: (592, 503) (30069, 35286)
2022-09-23 04:05:36.751 *** Mouse movement (LeftButton) ***  Mouse coords: (593, 504) (30072, 35289)
2022-09-23 04:05:36.772 *** Mouse movement (LeftButton) ***  Mouse coords: (593, 504) (30072, 35289)
2022-09-23 04:05:36.811 *** Mouse movement (LeftButton) ***  Mouse coords: (593, 504) (30072, 35289)
2022-09-23 04:05:36.831 *** Mouse movement (LeftButton) ***  Mouse coords: (593, 504) (30072, 35289)
2022-09-23 04:05:36.850 *** Mouse movement (LeftButton) ***  Mouse coords: (596, 505) (30080, 35292)
2022-09-23 04:05:36.872 *** Mouse movement (LeftButton) ***  Mouse coords: (606, 511) (30107, 35308)
2022-09-23 04:05:36.894 *** Mouse movement (LeftButton) ***  Mouse coords: (613, 515) (30127, 35319)
2022-09-23 04:05:36.915 *** Mouse movement (LeftButton) ***  Mouse coords: (616, 517) (30135, 35325)
2022-09-23 04:05:36.937 *** Mouse movement (LeftButton) ***  Mouse coords: (621, 521) (30149, 35336)
2022-09-23 04:05:36.958 *** Mouse movement (LeftButton) ***  Mouse coords: (624, 523) (30157, 35341)
2022-09-23 04:05:36.980 *** Mouse movement (LeftButton) ***  Mouse coords: (624, 523) (30157, 35341)
2022-09-23 04:05:36.999 *** Mouse movement (LeftButton) ***  Mouse coords: (624, 523) (30157, 35341)
2022-09-23 04:05:38.309 *** Process image overlay spent 0.00 seconds.
2022-09-23 04:05:38.311 *** Get cell color spent 0.00 seconds.
2022-09-23 04:05:39.343 *** Process image overlay spent 0.00 seconds.
2022-09-23 04:05:39.346 *** Get cell color spent 0.00 seconds.
2022-09-23 04:05:40.353 *** Mouse movement (LeftButton) ***  Mouse coords: (487, 449) (29818, 35140)
2022-09-23 04:05:40.378 *** Mouse movement (LeftButton) ***  Mouse coords: (491, 451) (29828, 35145)
2022-09-23 04:05:40.400 *** Mouse movement (LeftButton) ***  Mouse coords: (498, 455) (29845, 35156)
2022-09-23 04:05:40.421 *** Mouse movement (LeftButton) ***  Mouse coords: (508, 459) (29871, 35166)
2022-09-23 04:05:40.442 *** Mouse movement (LeftButton) ***  Mouse coords: (528, 470) (29921, 35193)
2022-09-23 04:05:40.464 *** Mouse movement (LeftButton) ***  Mouse coords: (541, 476) (29954, 35209)
2022-09-23 04:05:40.486 *** Mouse movement (LeftButton) ***  Mouse coords: (551, 481) (29979, 35221)
2022-09-23 04:05:40.506 *** Mouse movement (LeftButton) ***  Mouse coords: (556, 483) (29992, 35226)
2022-09-23 04:05:40.528 *** Mouse movement (LeftButton) ***  Mouse coords: (560, 484) (30002, 35229)
2022-09-23 04:05:40.550 *** Mouse movement (LeftButton) ***  Mouse coords: (561, 484) (30004, 35229)
2022-09-23 04:05:40.571 *** Mouse movement (LeftButton) ***  Mouse coords: (562, 485) (30007, 35231)
2022-09-23 04:05:40.592 *** Mouse movement (LeftButton) ***  Mouse coords: (562, 485) (30007, 35231)
2022-09-23 04:05:40.612 *** Mouse movement (LeftButton) ***  Mouse coords: (563, 486) (30009, 35234)
2022-09-23 04:05:40.633 *** Mouse movement (LeftButton) ***  Mouse coords: (563, 486) (30009, 35234)
2022-09-23 04:05:40.653 *** Mouse movement (LeftButton) ***  Mouse coords: (565, 487) (30014, 35236)
2022-09-23 04:05:40.675 *** Mouse movement (LeftButton) ***  Mouse coords: (567, 488) (30019, 35239)
2022-09-23 04:05:40.696 *** Mouse movement (LeftButton) ***  Mouse coords: (568, 489) (30022, 35241)
2022-09-23 04:05:40.717 *** Mouse movement (LeftButton) ***  Mouse coords: (571, 490) (30030, 35244)
2022-09-23 04:05:40.739 *** Mouse movement (LeftButton) ***  Mouse coords: (595, 500) (30090, 35269)
2022-09-23 04:05:40.760 *** Mouse movement (LeftButton) ***  Mouse coords: (609, 508) (30125, 35289)
2022-09-23 04:05:40.781 *** Mouse movement (LeftButton) ***  Mouse coords: (623, 517) (30161, 35312)
2022-09-23 04:05:40.802 *** Mouse movement (LeftButton) ***  Mouse coords: (627, 520) (30171, 35320)
2022-09-23 04:05:40.824 *** Mouse movement (LeftButton) ***  Mouse coords: (629, 521) (30176, 35322)
2022-09-23 04:05:40.845 *** Mouse movement (LeftButton) ***  Mouse coords: (629, 521) (30176, 35322)
2022-09-23 04:05:41.172 *** Mouse movement (LeftButton) ***  Mouse coords: (629, 521) (30176, 35322)
2022-09-23 04:05:41.212 *** Mouse movement (LeftButton) ***  Mouse coords: (629, 521) (30176, 35322)
2022-09-23 04:05:42.441 *** Interactive label *** Apply to case start.
2022-09-23 04:05:45.751 *** Interactive label *** Apply to case done.
2022-09-23 04:05:48.660 *** Interactive label *** Apply to case finish overlay create.
2022-09-23 04:05:48.664 *** Process image overlay spent 0.00 seconds.
2022-09-23 04:05:48.666 *** Get cell color spent 0.00 seconds.
2022-09-23 04:05:50.361 *** Mouse movement (LeftButton) ***  Mouse coords: (284, 433) (29305, 35100)
2022-09-23 04:05:50.394 *** Mouse movement (LeftButton) ***  Mouse coords: (289, 446) (29318, 35133)
2022-09-23 04:05:50.419 *** Mouse movement (LeftButton) ***  Mouse coords: (295, 456) (29333, 35158)
2022-09-23 04:05:50.442 *** Mouse movement (LeftButton) ***  Mouse coords: (324, 496) (29406, 35259)
2022-09-23 04:05:50.466 *** Mouse movement (LeftButton) ***  Mouse coords: (346, 523) (29462, 35327)
2022-09-23 04:05:50.489 *** Mouse movement (LeftButton) ***  Mouse coords: (354, 535) (29482, 35357)
2022-09-23 04:05:50.510 *** Mouse movement (LeftButton) ***  Mouse coords: (359, 542) (29495, 35375)
2022-09-23 04:05:50.532 *** Mouse movement (LeftButton) ***  Mouse coords: (360, 544) (29497, 35380)
2022-09-23 04:05:50.555 *** Mouse movement (LeftButton) ***  Mouse coords: (360, 544) (29497, 35380)
2022-09-23 04:05:50.574 *** Mouse movement (LeftButton) ***  Mouse coords: (360, 544) (29497, 35380)
2022-09-23 04:05:50.596 *** Mouse movement (LeftButton) ***  Mouse coords: (364, 550) (29507, 35395)
2022-09-23 04:05:50.618 *** Mouse movement (LeftButton) ***  Mouse coords: (368, 553) (29517, 35403)
2022-09-23 04:05:50.639 *** Mouse movement (LeftButton) ***  Mouse coords: (375, 559) (29535, 35418)
2022-09-23 04:05:50.661 *** Mouse movement (LeftButton) ***  Mouse coords: (378, 560) (29543, 35421)
2022-09-23 04:05:50.683 *** Mouse movement (LeftButton) ***  Mouse coords: (380, 561) (29548, 35423)
2022-09-23 04:05:50.705 *** Mouse movement (LeftButton) ***  Mouse coords: (383, 562) (29555, 35426)
2022-09-23 04:05:50.726 *** Mouse movement (LeftButton) ***  Mouse coords: (385, 562) (29560, 35426)
2022-09-23 04:05:50.748 *** Mouse movement (LeftButton) ***  Mouse coords: (387, 562) (29565, 35426)
2022-09-23 04:05:50.769 *** Mouse movement (LeftButton) ***  Mouse coords: (388, 562) (29568, 35426)
2022-09-23 04:05:50.791 *** Mouse movement (LeftButton) ***  Mouse coords: (390, 561) (29573, 35423)
2022-09-23 04:05:50.813 *** Mouse movement (LeftButton) ***  Mouse coords: (391, 561) (29575, 35423)
2022-09-23 04:05:50.834 *** Mouse movement (LeftButton) ***  Mouse coords: (393, 561) (29580, 35423)
2022-09-23 04:05:50.857 *** Mouse movement (LeftButton) ***  Mouse coords: (393, 561) (29580, 35423)
2022-09-23 04:05:50.877 *** Mouse movement (LeftButton) ***  Mouse coords: (394, 561) (29583, 35423)
2022-09-23 04:05:52.024 *** Interactive label *** Apply to case start.
2022-09-23 04:05:55.269 *** Interactive label *** Apply to case done.
2022-09-23 04:05:58.171 *** Interactive label *** Apply to case finish overlay create.
2022-09-23 04:05:58.174 *** Process image overlay spent 0.00 seconds.
2022-09-23 04:05:58.177 *** Get cell color spent 0.00 seconds.
2022-09-23 04:05:59.163 *** Process image overlay spent 0.00 seconds.
2022-09-23 04:05:59.168 *** Get cell color spent 0.00 seconds.
2022-09-23 04:06:00.979 *** Process image overlay spent 0.00 seconds.
2022-09-23 04:06:00.988 *** Get cell color spent 0.01 seconds.
2022-09-23 04:06:02.517 *** Process image overlay spent 0.00 seconds.
2022-09-23 04:06:02.522 *** Get cell color spent 0.00 seconds.
2022-09-23 04:06:03.282 *** Process image overlay spent 0.00 seconds.
2022-09-23 04:06:03.287 *** Get cell color spent 0.00 seconds.
2022-09-23 04:06:04.480 *** Process image overlay spent 0.00 seconds.
2022-09-23 04:06:04.483 *** Get cell color spent 0.00 seconds.
2022-09-23 04:06:05.034 *** Process image overlay spent 0.00 seconds.
2022-09-23 04:06:05.036 *** Get cell color spent 0.00 seconds.
2022-09-23 04:06:05.910 *** Process image overlay spent 0.00 seconds.
2022-09-23 04:06:05.911 *** Get cell color spent 0.00 seconds.
2022-09-23 04:06:06.051 *** Process image overlay spent 0.00 seconds.
2022-09-23 04:06:06.052 *** Get cell color spent 0.00 seconds.
2022-09-23 04:06:06.687 *** Process image overlay spent 0.00 seconds.
2022-09-23 04:06:06.689 *** Get cell color spent 0.00 seconds.
2022-09-23 04:06:06.879 *** Keyboard input *** key pressed: key: 90; text: "z"
2022-09-23 04:06:07.317 *** Keyboard input *** key pressed: key: 90; text: "z"
2022-09-23 04:06:07.326 *** Process image overlay spent 0.01 seconds.
2022-09-23 04:06:07.330 *** Get cell color spent 0.00 seconds.
2022-09-23 04:06:07.590 *** Keyboard input *** key pressed: key: 90; text: "z"
2022-09-23 04:06:08.194 *** Keyboard input *** key pressed: key: 90; text: "z"
2022-09-23 04:06:08.204 *** Process image overlay spent 0.01 seconds.
2022-09-23 04:06:08.207 *** Get cell color spent 0.00 seconds.
2022-09-23 04:06:08.439 *** Keyboard input *** key pressed: key: 90; text: "z"
2022-09-23 04:06:08.713 *** Keyboard input *** key pressed: key: 90; text: "z"
2022-09-23 04:06:08.722 *** Process image overlay spent 0.01 seconds.
2022-09-23 04:06:08.726 *** Get cell color spent 0.00 seconds.
2022-09-23 04:06:09.037 *** Keyboard input *** key pressed: key: 90; text: "z"
2022-09-23 04:06:11.427 *** Keyboard input *** key pressed: key: 90; text: "z"
2022-09-23 04:06:11.433 *** Process image overlay spent 0.00 seconds.
2022-09-23 04:06:11.458 *** Get cell color spent 0.02 seconds.
2022-09-23 04:06:11.830 *** Keyboard input *** key pressed: key: 90; text: "z"
2022-09-23 04:06:12.151 *** Keyboard input *** key pressed: key: 90; text: "z"
2022-09-23 04:06:12.163 *** Process image overlay spent 0.01 seconds.
2022-09-23 04:06:12.187 *** Get cell color spent 0.02 seconds.
2022-09-23 04:06:12.477 *** Keyboard input *** key pressed: key: 90; text: "z"
2022-09-23 04:06:14.204 *** Keyboard input *** key pressed: key: 90; text: "z"
2022-09-23 04:06:14.212 *** Process image overlay spent 0.01 seconds.
2022-09-23 04:06:14.236 *** Get cell color spent 0.02 seconds.
2022-09-23 04:06:14.573 *** Keyboard input *** key pressed: key: 90; text: "z"
2022-09-23 04:06:15.099 *** Mouse movement (LeftButton) ***  Mouse coords: (424, 718) (19686, 40539)
2022-09-23 04:06:15.138 *** Mouse movement (LeftButton) ***  Mouse coords: (424, 718) (19686, 40539)
2022-09-23 04:06:15.159 *** Mouse movement (LeftButton) ***  Mouse coords: (428, 716) (19724, 40521)
2022-09-23 04:06:15.180 *** Mouse movement (LeftButton) ***  Mouse coords: (440, 704) (19838, 40407)
2022-09-23 04:06:15.199 *** Mouse movement (LeftButton) ***  Mouse coords: (447, 696) (19905, 40331)
2022-09-23 04:06:15.219 *** Mouse movement (LeftButton) ***  Mouse coords: (458, 686) (20009, 40236)
2022-09-23 04:06:15.238 *** Mouse movement (LeftButton) ***  Mouse coords: (462, 681) (20047, 40189)
2022-09-23 04:06:15.258 *** Mouse movement (LeftButton) ***  Mouse coords: (472, 673) (20142, 40113)
2022-09-23 04:06:15.277 *** Mouse movement (LeftButton) ***  Mouse coords: (483, 664) (20246, 40027)
2022-09-23 04:06:15.297 *** Mouse movement (LeftButton) ***  Mouse coords: (508, 646) (20483, 39857)
2022-09-23 04:06:15.317 *** Mouse movement (LeftButton) ***  Mouse coords: (531, 630) (20701, 39705)
2022-09-23 04:06:15.337 *** Mouse movement (LeftButton) ***  Mouse coords: (552, 614) (20900, 39553)
2022-09-23 04:06:15.357 *** Mouse movement (LeftButton) ***  Mouse coords: (578, 593) (21147, 39354)
2022-09-23 04:06:15.377 *** Mouse movement (LeftButton) ***  Mouse coords: (596, 579) (21318, 39221)
2022-09-23 04:06:15.397 *** Mouse movement (LeftButton) ***  Mouse coords: (618, 558) (21526, 39022)
2022-09-23 04:06:15.416 *** Mouse movement (LeftButton) ***  Mouse coords: (628, 548) (21621, 38927)
2022-09-23 04:06:15.436 *** Mouse movement (LeftButton) ***  Mouse coords: (633, 541) (21669, 38861)
2022-09-23 04:06:15.455 *** Mouse movement (LeftButton) ***  Mouse coords: (638, 537) (21716, 38823)
2022-09-23 04:06:15.475 *** Mouse movement (LeftButton) ***  Mouse coords: (638, 536) (21716, 38813)
2022-09-23 04:06:15.494 *** Mouse movement (LeftButton) ***  Mouse coords: (639, 536) (21726, 38813)
2022-09-23 04:06:16.233 *** Keyboard input *** key pressed: key: 90; text: "z"
2022-09-23 04:06:16.242 *** Process image overlay spent 0.01 seconds.
2022-09-23 04:06:16.266 *** Get cell color spent 0.02 seconds.
2022-09-23 04:06:16.768 *** Keyboard input *** key pressed: key: 90; text: "z"
2022-09-23 04:06:17.679 *** Keyboard input *** key pressed: key: 90; text: "z"
2022-09-23 04:06:17.684 *** Process image overlay spent 0.00 seconds.
2022-09-23 04:06:17.707 *** Get cell color spent 0.02 seconds.
2022-09-23 04:06:18.129 *** Keyboard input *** key pressed: key: 90; text: "z"
2022-09-23 04:06:19.386 *** Keyboard input *** key pressed: key: 90; text: "z"
2022-09-23 04:06:19.393 *** Process image overlay spent 0.00 seconds.
2022-09-23 04:06:19.402 *** Get cell color spent 0.01 seconds.
2022-09-23 04:06:19.814 *** Keyboard input *** key pressed: key: 90; text: "z"
2022-09-23 04:06:20.640 *** Keyboard input *** key pressed: key: 90; text: "z"
2022-09-23 04:06:20.645 *** Process image overlay spent 0.00 seconds.
2022-09-23 04:06:20.649 *** Get cell color spent 0.00 seconds.
2022-09-23 04:06:21.103 *** Keyboard input *** key pressed: key: 90; text: "z"
2022-09-23 04:06:22.514 *** Keyboard input *** key pressed: key: 90; text: "z"
2022-09-23 04:06:23.272 *** Keyboard input *** key pressed: key: 90; text: "z"
2022-09-23 04:06:23.899 *** Mouse movement (LeftButton) ***  Mouse coords: (262, 756) (10305, 51176)
2022-09-23 04:06:25.051 *** Keyboard input *** key pressed: key: 90; text: "z"
2022-09-23 04:06:25.644 *** Process image overlay spent 0.00 seconds.
2022-09-23 04:06:25.668 *** Get cell color spent 0.02 seconds.
2022-09-23 04:06:26.013 *** Process image overlay spent 0.00 seconds.
2022-09-23 04:06:26.024 *** Get cell color spent 0.01 seconds.
2022-09-23 04:06:26.790 *** Process image overlay spent 0.00 seconds.
2022-09-23 04:06:26.793 *** Get cell color spent 0.00 seconds.
2022-09-23 04:06:28.121 *** Keyboard input *** key pressed: key: 90; text: "z"
2022-09-23 04:06:29.807 *** Keyboard input *** key pressed: key: 90; text: "z"
2022-09-23 04:06:29.810 *** Process image overlay spent 0.00 seconds.
2022-09-23 04:06:29.811 *** Get cell color spent 0.00 seconds.
2022-09-23 04:06:30.180 *** Keyboard input *** key pressed: key: 90; text: "z"
2022-09-23 04:06:31.172 *** Keyboard input *** key pressed: key: 90; text: "z"
2022-09-23 04:06:31.179 *** Process image overlay spent 0.01 seconds.
2022-09-23 04:06:31.182 *** Get cell color spent 0.00 seconds.
2022-09-23 04:06:31.590 *** Keyboard input *** key pressed: key: 90; text: "z"
2022-09-23 04:06:32.010 *** Keyboard input *** key pressed: key: 90; text: "z"
2022-09-23 04:06:32.020 *** Process image overlay spent 0.01 seconds.
2022-09-23 04:06:32.023 *** Get cell color spent 0.00 seconds.
2022-09-23 04:06:32.231 *** Keyboard input *** key pressed: key: 90; text: "z"
2022-09-23 04:06:32.757 *** Keyboard input *** key pressed: key: 90; text: "z"
2022-09-23 04:06:32.765 *** Process image overlay spent 0.01 seconds.
2022-09-23 04:06:32.769 *** Get cell color spent 0.00 seconds.
2022-09-23 04:06:33.091 *** Keyboard input *** key pressed: key: 90; text: "z"
2022-09-23 04:06:33.340 *** Mouse movement (LeftButton) ***  Mouse coords: (574, 189) (10125, 53629)
2022-09-23 04:06:33.513 *** Mouse movement (LeftButton) ***  Mouse coords: (574, 189) (10125, 53629)
2022-09-23 04:06:33.553 *** Mouse movement (LeftButton) ***  Mouse coords: (603, 192) (10181, 53635)
2022-09-23 04:06:33.578 *** Mouse movement (LeftButton) ***  Mouse coords: (628, 201) (10230, 53652)
2022-09-23 04:06:33.598 *** Mouse movement (LeftButton) ***  Mouse coords: (695, 235) (10361, 53719)
2022-09-23 04:06:33.618 *** Mouse movement (LeftButton) ***  Mouse coords: (737, 262) (10443, 53771)
2022-09-23 04:06:33.638 *** Mouse movement (LeftButton) ***  Mouse coords: (873, 380) (10708, 54002)
2022-09-23 04:06:33.657 *** Mouse movement (LeftButton) ***  Mouse coords: (907, 420) (10774, 54080)
2022-09-23 04:06:33.677 *** Mouse movement (LeftButton) ***  Mouse coords: (926, 444) (10811, 54126)
2022-09-23 04:06:33.697 *** Mouse movement (LeftButton) ***  Mouse coords: (940, 462) (10839, 54161)
2022-09-23 04:06:33.717 *** Mouse movement (LeftButton) ***  Mouse coords: (947, 471) (10852, 54179)
2022-09-23 04:06:33.737 *** Mouse movement (LeftButton) ***  Mouse coords: (951, 474) (10860, 54185)
2022-09-23 04:06:33.756 *** Mouse movement (LeftButton) ***  Mouse coords: (955, 477) (10868, 54191)
2022-09-23 04:06:33.776 *** Mouse movement (LeftButton) ***  Mouse coords: (958, 478) (10874, 54193)
2022-09-23 04:06:33.795 *** Mouse movement (LeftButton) ***  Mouse coords: (960, 479) (10878, 54195)
2022-09-23 04:06:33.815 *** Mouse movement (LeftButton) ***  Mouse coords: (963, 481) (10884, 54199)
2022-09-23 04:06:33.834 *** Mouse movement (LeftButton) ***  Mouse coords: (967, 483) (10891, 54202)
2022-09-23 04:06:33.854 *** Mouse movement (LeftButton) ***  Mouse coords: (974, 487) (10905, 54210)
2022-09-23 04:06:33.873 *** Mouse movement (LeftButton) ***  Mouse coords: (997, 501) (10950, 54238)
2022-09-23 04:06:33.894 *** Mouse movement (LeftButton) ***  Mouse coords: (1024, 520) (11002, 54275)
2022-09-23 04:06:33.913 *** Mouse movement (LeftButton) ***  Mouse coords: (1028, 523) (11010, 54280)
2022-09-23 04:06:33.933 *** Mouse movement (LeftButton) ***  Mouse coords: (1033, 526) (11020, 54286)
2022-09-23 04:06:33.953 *** Mouse movement (LeftButton) ***  Mouse coords: (1034, 528) (11022, 54290)
2022-09-23 04:06:33.972 *** Mouse movement (LeftButton) ***  Mouse coords: (1034, 531) (11022, 54296)
2022-09-23 04:06:33.992 *** Mouse movement (LeftButton) ***  Mouse coords: (1031, 542) (11016, 54318)
2022-09-23 04:06:34.012 *** Mouse movement (LeftButton) ***  Mouse coords: (1028, 552) (11010, 54337)
2022-09-23 04:06:34.031 *** Mouse movement (LeftButton) ***  Mouse coords: (1022, 566) (10999, 54364)
2022-09-23 04:06:34.051 *** Mouse movement (LeftButton) ***  Mouse coords: (1020, 572) (10995, 54376)
2022-09-23 04:06:34.071 *** Mouse movement (LeftButton) ***  Mouse coords: (1019, 574) (10993, 54380)
2022-09-23 04:06:34.090 *** Mouse movement (LeftButton) ***  Mouse coords: (1019, 574) (10993, 54380)
2022-09-23 04:06:34.153 *** Mouse movement (LeftButton) ***  Mouse coords: (1019, 574) (10993, 54380)
2022-09-23 04:06:34.173 *** Mouse movement (LeftButton) ***  Mouse coords: (1019, 574) (10993, 54380)
2022-09-23 04:06:34.191 *** Mouse movement (LeftButton) ***  Mouse coords: (1019, 578) (10993, 54388)
2022-09-23 04:06:34.211 *** Mouse movement (LeftButton) ***  Mouse coords: (1020, 586) (10995, 54403)
2022-09-23 04:06:34.230 *** Mouse movement (LeftButton) ***  Mouse coords: (1022, 592) (10999, 54415)
2022-09-23 04:06:34.250 *** Mouse movement (LeftButton) ***  Mouse coords: (1026, 602) (11006, 54435)
2022-09-23 04:06:34.270 *** Mouse movement (LeftButton) ***  Mouse coords: (1030, 610) (11014, 54450)
2022-09-23 04:06:34.289 *** Mouse movement (LeftButton) ***  Mouse coords: (1033, 617) (11020, 54464)
2022-09-23 04:06:34.309 *** Mouse movement (LeftButton) ***  Mouse coords: (1033, 617) (11020, 54464)
2022-09-23 04:06:34.327 *** Mouse movement (LeftButton) ***  Mouse coords: (1034, 618) (11022, 54466)
2022-09-23 04:06:34.346 *** Mouse movement (LeftButton) ***  Mouse coords: (1034, 618) (11022, 54466)
2022-09-23 04:06:36.367 *** Interactive label *** Apply to case start.
2022-09-23 04:06:39.780 *** Interactive label *** Apply to case done.
2022-09-23 04:06:42.227 *** Interactive label *** Apply to case finish overlay create.
2022-09-23 04:06:46.703 *** Keyboard input *** key pressed: key: 90; text: "z"
2022-09-23 04:06:47.107 *** Keyboard input *** key pressed: key: 90; text: "z"
2022-09-23 04:06:47.397 *** Keyboard input *** key pressed: key: 90; text: "z"
2022-09-23 04:06:47.665 *** Keyboard input *** key pressed: key: 90; text: "z"
2022-09-23 04:06:48.366 *** Keyboard input *** key pressed: key: 90; text: "z"
2022-09-23 04:06:49.081 *** Keyboard input *** key pressed: key: 90; text: "z"
2022-09-23 04:06:49.692 *** Keyboard input *** key pressed: key: 90; text: "z"
2022-09-23 04:06:50.010 *** Keyboard input *** key pressed: key: 90; text: "z"
2022-09-23 04:06:50.293 *** Keyboard input *** key pressed: key: 90; text: "z"
2022-09-23 04:06:50.653 *** Keyboard input *** key pressed: key: 90; text: "z"
2022-09-23 04:06:50.978 *** Keyboard input *** key pressed: key: 90; text: "z"
2022-09-23 04:06:51.291 *** Keyboard input *** key pressed: key: 90; text: "z"
2022-09-23 04:06:53.925 *** Keyboard input *** key pressed: key: 90; text: "z"
2022-09-23 04:06:54.888 *** Process image overlay spent 0.00 seconds.
2022-09-23 04:06:54.900 *** Get cell color spent 0.01 seconds.
2022-09-23 04:06:56.213 *** Keyboard input *** key pressed: key: 90; text: "z"
2022-09-23 04:06:57.629 *** Keyboard input *** key pressed: key: 90; text: "z"
2022-09-23 04:06:57.636 *** Process image overlay spent 0.01 seconds.
2022-09-23 04:06:57.643 *** Get cell color spent 0.01 seconds.
2022-09-23 04:06:58.071 *** Keyboard input *** key pressed: key: 90; text: "z"
2022-09-23 04:06:58.339 *** Mouse movement (LeftButton) ***  Mouse coords: (718, 422) (99332, 21247)
2022-09-23 04:06:58.379 *** Mouse movement (LeftButton) ***  Mouse coords: (777, 461) (99581, 21411)
2022-09-23 04:06:58.404 *** Mouse movement (LeftButton) ***  Mouse coords: (939, 581) (100265, 21918)
2022-09-23 04:06:58.424 *** Mouse movement (LeftButton) ***  Mouse coords: (1039, 654) (100687, 22226)
2022-09-23 04:06:58.444 *** Mouse movement (LeftButton) ***  Mouse coords: (1112, 705) (100995, 22441)
2022-09-23 04:06:58.464 *** Mouse movement (LeftButton) ***  Mouse coords: (1145, 726) (101134, 22529)
2022-09-23 04:06:58.483 *** Mouse movement (LeftButton) ***  Mouse coords: (1189, 755) (101319, 22652)
2022-09-23 04:06:58.503 *** Mouse movement (LeftButton) ***  Mouse coords: (1208, 768) (101400, 22707)
2022-09-23 04:06:58.523 *** Mouse movement (LeftButton) ***  Mouse coords: (1223, 777) (101463, 22745)
2022-09-23 04:06:58.542 *** Mouse movement (LeftButton) ***  Mouse coords: (1225, 778) (101471, 22749)
2022-09-23 04:06:58.562 *** Mouse movement (LeftButton) ***  Mouse coords: (1225, 778) (101471, 22749)
2022-09-23 04:06:58.579 *** Mouse movement (LeftButton) ***  Mouse coords: (1226, 778) (101476, 22749)
2022-09-23 04:06:58.599 *** Mouse movement (LeftButton) ***  Mouse coords: (1226, 778) (101476, 22749)
2022-09-23 04:06:58.616 *** Mouse movement (LeftButton) ***  Mouse coords: (1226, 778) (101476, 22749)
2022-09-23 04:06:58.635 *** Mouse movement (LeftButton) ***  Mouse coords: (1226, 778) (101476, 22749)
2022-09-23 04:06:58.652 *** Mouse movement (LeftButton) ***  Mouse coords: (1226, 778) (101476, 22749)
2022-09-23 04:06:58.670 *** Mouse movement (LeftButton) ***  Mouse coords: (1230, 778) (101492, 22749)
2022-09-23 04:06:58.691 *** Mouse movement (LeftButton) ***  Mouse coords: (1230, 778) (101492, 22749)
2022-09-23 04:06:58.708 *** Mouse movement (LeftButton) ***  Mouse coords: (1235, 778) (101514, 22749)
2022-09-23 04:06:58.728 *** Mouse movement (LeftButton) ***  Mouse coords: (1240, 778) (101535, 22749)
2022-09-23 04:06:58.748 *** Mouse movement (LeftButton) ***  Mouse coords: (1244, 778) (101551, 22749)
2022-09-23 04:06:58.767 *** Mouse movement (LeftButton) ***  Mouse coords: (1245, 778) (101556, 22749)
2022-09-23 04:06:58.786 *** Mouse movement (LeftButton) ***  Mouse coords: (1246, 778) (101560, 22749)
2022-09-23 04:06:58.805 *** Mouse movement (LeftButton) ***  Mouse coords: (1246, 778) (101560, 22749)
2022-09-23 04:06:58.823 *** Mouse movement (LeftButton) ***  Mouse coords: (1246, 778) (101560, 22749)
2022-09-23 04:06:58.840 *** Mouse movement (LeftButton) ***  Mouse coords: (1246, 776) (101560, 22740)
2022-09-23 04:06:58.861 *** Mouse movement (LeftButton) ***  Mouse coords: (1243, 772) (101547, 22724)
2022-09-23 04:06:58.881 *** Mouse movement (LeftButton) ***  Mouse coords: (1242, 770) (101543, 22715)
2022-09-23 04:06:58.900 *** Mouse movement (LeftButton) ***  Mouse coords: (1239, 767) (101530, 22702)
2022-09-23 04:06:58.920 *** Mouse movement (LeftButton) ***  Mouse coords: (1238, 765) (101526, 22694)
2022-09-23 04:06:58.938 *** Mouse movement (LeftButton) ***  Mouse coords: (1237, 764) (101522, 22690)
2022-09-23 04:06:58.958 *** Mouse movement (LeftButton) ***  Mouse coords: (1237, 763) (101522, 22686)
2022-09-23 04:06:58.978 *** Mouse movement (LeftButton) ***  Mouse coords: (1237, 763) (101522, 22686)
2022-09-23 04:06:59.003 *** Mouse movement (LeftButton) ***  Mouse coords: (1237, 763) (101522, 22686)
2022-09-23 04:07:00.665 *** Interactive label *** Apply to case start.
2022-09-23 04:07:04.022 *** Interactive label *** Apply to case done.
2022-09-23 04:07:05.968 *** Interactive label *** Apply to case finish overlay create.
2022-09-23 04:07:07.601 *** Keyboard input *** key pressed: key: 90; text: "z"
2022-09-23 04:07:07.979 *** Keyboard input *** key pressed: key: 90; text: "z"
2022-09-23 04:07:09.983 *** Mouse movement (LeftButton) ***  Mouse coords: (910, 567) (84390, 30891)
2022-09-23 04:07:10.977 *** Keyboard input *** key pressed: key: 90; text: "z"
2022-09-23 04:07:11.392 *** Keyboard input *** key pressed: key: 90; text: "z"
2022-09-23 04:07:12.245 *** Keyboard input *** key pressed: key: 90; text: "z"
2022-09-23 04:07:12.696 *** Keyboard input *** key pressed: key: 90; text: "z"
2022-09-23 04:07:14.099 *** Keyboard input *** key pressed: key: 90; text: "z"
2022-09-23 04:07:14.427 *** Keyboard input *** key pressed: key: 90; text: "z"
2022-09-23 04:07:15.330 *** Mouse movement (LeftButton) ***  Mouse coords: (547, 397) (74583, 27798)
2022-09-23 04:07:15.369 *** Mouse movement (LeftButton) ***  Mouse coords: (555, 398) (74853, 27831)
2022-09-23 04:07:15.393 *** Mouse movement (LeftButton) ***  Mouse coords: (559, 400) (74988, 27899)
2022-09-23 04:07:15.415 *** Mouse movement (LeftButton) ***  Mouse coords: (566, 403) (75224, 28000)
2022-09-23 04:07:15.437 *** Mouse movement (LeftButton) ***  Mouse coords: (576, 410) (75561, 28236)
2022-09-23 04:07:15.457 *** Mouse movement (LeftButton) ***  Mouse coords: (584, 416) (75831, 28438)
2022-09-23 04:07:15.477 *** Mouse movement (LeftButton) ***  Mouse coords: (586, 420) (75898, 28573)
2022-09-23 04:07:15.496 *** Mouse movement (LeftButton) ***  Mouse coords: (588, 423) (75965, 28674)
2022-09-23 04:07:15.517 *** Mouse movement (LeftButton) ***  Mouse coords: (589, 426) (75999, 28775)
2022-09-23 04:07:15.537 *** Mouse movement (LeftButton) ***  Mouse coords: (591, 430) (76067, 28910)
2022-09-23 04:07:15.557 *** Mouse movement (LeftButton) ***  Mouse coords: (593, 432) (76134, 28978)
2022-09-23 04:07:15.577 *** Mouse movement (LeftButton) ***  Mouse coords: (595, 434) (76201, 29045)
2022-09-23 04:07:15.597 *** Mouse movement (LeftButton) ***  Mouse coords: (595, 435) (76201, 29079)
2022-09-23 04:07:15.617 *** Mouse movement (LeftButton) ***  Mouse coords: (596, 437) (76235, 29146)
2022-09-23 04:07:15.638 *** Mouse movement (LeftButton) ***  Mouse coords: (597, 437) (76269, 29146)
2022-09-23 04:07:15.659 *** Mouse movement (LeftButton) ***  Mouse coords: (597, 438) (76269, 29180)
2022-09-23 04:07:15.679 *** Mouse movement (LeftButton) ***  Mouse coords: (597, 439) (76269, 29214)
2022-09-23 04:07:15.700 *** Mouse movement (LeftButton) ***  Mouse coords: (598, 440) (76303, 29247)
2022-09-23 04:07:15.722 *** Mouse movement (LeftButton) ***  Mouse coords: (598, 443) (76303, 29349)
2022-09-23 04:07:15.742 *** Mouse movement (LeftButton) ***  Mouse coords: (599, 449) (76336, 29551)
2022-09-23 04:07:15.762 *** Mouse movement (LeftButton) ***  Mouse coords: (601, 453) (76404, 29686)
2022-09-23 04:07:15.782 *** Mouse movement (LeftButton) ***  Mouse coords: (602, 456) (76437, 29787)
2022-09-23 04:07:15.802 *** Mouse movement (LeftButton) ***  Mouse coords: (602, 457) (76437, 29821)
2022-09-23 04:07:15.821 *** Mouse movement (LeftButton) ***  Mouse coords: (602, 457) (76437, 29821)
2022-09-23 04:07:17.190 *** Interactive label *** Apply to case start.
2022-09-23 04:07:20.732 *** Interactive label *** Apply to case done.
2022-09-23 04:07:22.475 *** Interactive label *** Apply to case finish overlay create.
2022-09-23 04:07:24.040 *** Keyboard input *** key pressed: key: 90; text: "z"
2022-09-23 04:07:24.422 *** Keyboard input *** key pressed: key: 90; text: "z"
2022-09-23 04:07:25.197 *** Keyboard input *** key pressed: key: 90; text: "z"
2022-09-23 04:07:25.614 *** Keyboard input *** key pressed: key: 90; text: "z"
2022-09-23 04:07:25.901 *** Keyboard input *** key pressed: key: 90; text: "z"
2022-09-23 04:07:26.219 *** Keyboard input *** key pressed: key: 90; text: "z"
2022-09-23 04:07:26.485 *** Keyboard input *** key pressed: key: 90; text: "z"
2022-09-23 04:07:26.861 *** Keyboard input *** key pressed: key: 90; text: "z"
2022-09-23 04:07:27.165 *** Keyboard input *** key pressed: key: 90; text: "z"
2022-09-23 04:07:27.480 *** Keyboard input *** key pressed: key: 90; text: "z"
2022-09-23 04:07:30.393 *** Keyboard input *** key pressed: key: 90; text: "z"
2022-09-23 04:07:30.725 *** Keyboard input *** key pressed: key: 90; text: "z"
2022-09-23 04:07:31.042 *** Keyboard input *** key pressed: key: 90; text: "z"
2022-09-23 04:07:32.323 *** Keyboard input *** key pressed: key: 90; text: "z"
2022-09-23 04:07:32.682 *** Keyboard input *** key pressed: key: 90; text: "z"
2022-09-23 04:07:33.251 *** Keyboard input *** key pressed: key: 90; text: "z"
2022-09-23 04:07:33.512 *** Keyboard input *** key pressed: key: 90; text: "z"
2022-09-23 04:07:33.805 *** Keyboard input *** key pressed: key: 90; text: "z"
2022-09-23 04:07:39.150 *** Open processed data
2022-09-23 04:07:39.151 *** Preload all statistics at once.
2022-09-23 04:07:40.302 *** Nuclei stat data loaded, took 1.15 seconds. Total number of nuclei: 793467
2022-09-23 04:07:42.931 *** Interactive label *** Apply to case start.
2022-09-23 04:07:45.678 *** Interactive label *** Apply to case done.
2022-09-23 04:07:47.520 *** Interactive label *** Apply to case finish overlay create.
2022-09-23 04:07:49.247 *** Mouse movement (LeftButton) ***  Mouse coords: (669, 548) (35191, 20957)
2022-09-23 04:07:50.131 *** Keyboard input *** key pressed: key: 90; text: "z"
2022-09-23 04:07:50.633 *** Keyboard input *** key pressed: key: 90; text: "z"
2022-09-23 04:07:50.891 *** Keyboard input *** key pressed: key: 90; text: "z"
2022-09-23 04:07:51.132 *** Keyboard input *** key pressed: key: 90; text: "z"
2022-09-23 04:07:51.443 *** Keyboard input *** key pressed: key: 90; text: "z"
2022-09-23 04:07:51.735 *** Keyboard input *** key pressed: key: 90; text: "z"
2022-09-23 04:07:52.063 *** Keyboard input *** key pressed: key: 90; text: "z"
2022-09-23 04:07:52.345 *** Keyboard input *** key pressed: key: 90; text: "z"
2022-09-23 04:07:52.671 *** Keyboard input *** key pressed: key: 90; text: "z"
2022-09-23 04:07:52.953 *** Keyboard input *** key pressed: key: 90; text: "z"
2022-09-23 04:07:55.157 *** Keyboard input *** key pressed: key: 90; text: "z"
2022-09-23 04:07:55.162 *** Process image overlay spent 0.00 seconds.
2022-09-23 04:07:55.236 *** Get cell color spent 0.07 seconds.
2022-09-23 04:07:55.439 *** Keyboard input *** key pressed: key: 90; text: "z"
2022-09-23 04:07:56.453 *** Keyboard input *** key pressed: key: 90; text: "z"
2022-09-23 04:07:56.460 *** Process image overlay spent 0.01 seconds.
2022-09-23 04:07:56.488 *** Get cell color spent 0.03 seconds.
2022-09-23 04:07:57.610 *** Process image overlay spent 0.00 seconds.
2022-09-23 04:07:57.629 *** Get cell color spent 0.02 seconds.
2022-09-23 04:07:57.689 *** Keyboard input *** key pressed: key: 90; text: "z"
2022-09-23 04:07:57.994 *** Keyboard input *** key pressed: key: 90; text: "z"
2022-09-23 04:07:58.002 *** Process image overlay spent 0.01 seconds.
2022-09-23 04:07:58.035 *** Get cell color spent 0.03 seconds.
2022-09-23 04:07:58.421 *** Keyboard input *** key pressed: key: 90; text: "z"
2022-09-23 04:07:59.083 *** Keyboard input *** key pressed: key: 90; text: "z"
2022-09-23 04:07:59.092 *** Process image overlay spent 0.01 seconds.
2022-09-23 04:07:59.122 *** Get cell color spent 0.03 seconds.
2022-09-23 04:07:59.359 *** Keyboard input *** key pressed: key: 90; text: "z"
2022-09-23 04:08:00.880 *** Keyboard input *** key pressed: key: 90; text: "z"
2022-09-23 04:08:01.310 *** Keyboard input *** key pressed: key: 90; text: "z"
2022-09-23 04:08:01.548 *** Keyboard input *** key pressed: key: 90; text: "z"
2022-09-23 04:08:01.884 *** Keyboard input *** key pressed: key: 90; text: "z"
2022-09-23 04:08:03.300 *** Keyboard input *** key pressed: key: 90; text: "z"
2022-09-23 04:08:03.520 *** Keyboard input *** key pressed: key: 90; text: "z"
2022-09-23 04:08:06.354 *** Program closed.
