2022-09-08 01:38:18.108 *** Start program *** Start program
2022-09-08 01:38:32.647 *** starting thread (client mode): 0x5f374be0
2022-09-08 01:38:32.647 *** Local version/idstring: SSH-2.0-paramiko_2.11.0
2022-09-08 01:38:32.674 *** Remote version/idstring: SSH-2.0-OpenSSH_5.3
2022-09-08 01:38:32.674 *** Connected (version 2.0, client OpenSSH_5.3)
2022-09-08 01:38:32.693 *** === Key exchange possibilities ===
2022-09-08 01:38:32.693 *** kex algos: diffie-hellman-group-exchange-sha256, diffie-hellman-group-exchange-sha1, diffie-hellman-group14-sha1, diffie-hellman-group1-sha1
2022-09-08 01:38:32.693 *** server key: ssh-rsa, ssh-rsa-cert-v01@openssh.com, ssh-dss
2022-09-08 01:38:32.693 *** client encrypt: aes128-ctr, aes192-ctr, aes256-ctr, arcfour256, arcfour128, aes128-cbc, 3des-cbc, blowfish-cbc, cast128-cbc, aes192-cbc, aes256-cbc, arcfour, rijndael-cbc@lysator.liu.se
2022-09-08 01:38:32.694 *** server encrypt: aes128-ctr, aes192-ctr, aes256-ctr, arcfour256, arcfour128, aes128-cbc, 3des-cbc, blowfish-cbc, cast128-cbc, aes192-cbc, aes256-cbc, arcfour, rijndael-cbc@lysator.liu.se
2022-09-08 01:38:32.694 *** client mac: hmac-md5, hmac-sha1, umac-64@openssh.com, hmac-sha2-256, hmac-sha2-512, hmac-ripemd160, hmac-ripemd160@openssh.com, hmac-sha1-96, hmac-md5-96
2022-09-08 01:38:32.694 *** server mac: hmac-md5, hmac-sha1, umac-64@openssh.com, hmac-sha2-256, hmac-sha2-512, hmac-ripemd160, hmac-ripemd160@openssh.com, hmac-sha1-96, hmac-md5-96
2022-09-08 01:38:32.694 *** client compress: none, zlib@openssh.com
2022-09-08 01:38:32.694 *** server compress: none, zlib@openssh.com
2022-09-08 01:38:32.694 *** client lang: <none>
2022-09-08 01:38:32.694 *** server lang: <none>
2022-09-08 01:38:32.694 *** kex follows: False
2022-09-08 01:38:32.694 *** === Key exchange agreements ===
2022-09-08 01:38:32.694 *** Kex: diffie-hellman-group-exchange-sha256
2022-09-08 01:38:32.694 *** HostKey: ssh-rsa
2022-09-08 01:38:32.695 *** Cipher: aes128-ctr
2022-09-08 01:38:32.695 *** MAC: hmac-sha2-256
2022-09-08 01:38:32.695 *** Compression: none
2022-09-08 01:38:32.695 *** === End of kex handshake ===
2022-09-08 01:38:32.764 *** Got server p (2048 bits)
2022-09-08 01:38:32.847 *** kex engine KexGexSHA256 specified hash_algo <built-in function openssl_sha256>
2022-09-08 01:38:32.847 *** Switch to new keys ...
2022-09-08 01:38:32.848 *** Adding ssh-rsa host key for 173.201.181.247: b'cca345f774a2d98448d0bcc78f04075d'
2022-09-08 01:38:32.932 *** userauth is OK
2022-09-08 01:38:32.961 *** Authentication (password) successful!
2022-09-08 01:38:32.964 *** [chan 0] Max packet in: 32768 bytes
2022-09-08 01:38:32.986 *** [chan 0] Max packet out: 32768 bytes
2022-09-08 01:38:32.986 *** Secsh channel 0 opened.
2022-09-08 01:38:33.008 *** [chan 0] Sesch channel 0 request ok
2022-09-08 01:38:33.033 *** [chan 0] Opened sftp connection (server version 3)
2022-09-08 01:38:33.033 *** [chan 0] stat(b'/home/b6o162rzivzp/NucFinder_DB/CFB1B411265361DF/interactive_nuclei_dict.pickle')
2022-09-08 01:38:33.055 *** [chan 0] stat(b'/home/b6o162rzivzp/NucFinder_DB/CFB1B411265361DF/model.pickle')
2022-09-08 01:38:33.081 *** [chan 0] open(b'/home/b6o162rzivzp/NucFinder_DB/CFB1B411265361DF/model.pickle', 'rb')
2022-09-08 01:38:33.104 *** [chan 0] open(b'/home/b6o162rzivzp/NucFinder_DB/CFB1B411265361DF/model.pickle', 'rb') -> 00000000
2022-09-08 01:38:33.256 *** [chan 0] close(00000000)
2022-09-08 01:38:36.659 *** Interactive label *** Review annotations/active learning start.
2022-09-08 01:38:39.097 *** CACHEDIR=/home/zhihuang/.cache/matplotlib
2022-09-08 01:38:39.099 *** Using fontManager instance from /home/zhihuang/.cache/matplotlib/fontlist-v330.json
2022-09-08 01:38:39.540 *** Loaded backend qtagg version unknown.
