2022-09-11 02:02:02.299 *** Start program *** Start program
2022-09-11 02:02:24.078 *** Open case *** /home/zhihuang/Desktop/A14
2022-09-11 02:02:25.857 *** Open processed data
2022-09-11 02:02:25.857 *** Preload all statistics at once.
2022-09-11 02:02:27.297 *** Nuclei stat data loaded, took 1.44 seconds. Total number of nuclei: 1470268
2022-09-11 02:11:21.321 *** Mouse movement (LeftButton) ***  Mouse coords: (919, 467) (78165, 40990)
2022-09-11 02:11:21.372 *** Mouse movement (LeftButton) ***  Mouse coords: (920, 467) (78195, 40990)
2022-09-11 02:11:21.409 *** Mouse movement (LeftButton) ***  Mouse coords: (921, 467) (78225, 40990)
2022-09-11 02:11:21.420 *** Mouse movement (LeftButton) ***  Mouse coords: (923, 469) (78285, 41049)
2022-09-11 02:11:21.434 *** Mouse movement (LeftButton) ***  Mouse coords: (925, 473) (78345, 41169)
2022-09-11 02:11:21.450 *** Mouse movement (LeftButton) ***  Mouse coords: (928, 475) (78434, 41228)
2022-09-11 02:11:21.467 *** Mouse movement (LeftButton) ***  Mouse coords: (929, 475) (78464, 41228)
2022-09-11 02:11:21.483 *** Mouse movement (LeftButton) ***  Mouse coords: (930, 476) (78494, 41258)
2022-09-11 02:11:21.500 *** Mouse movement (LeftButton) ***  Mouse coords: (931, 478) (78524, 41318)
2022-09-11 02:11:21.517 *** Mouse movement (LeftButton) ***  Mouse coords: (934, 482) (78613, 41437)
2022-09-11 02:11:21.533 *** Mouse movement (LeftButton) ***  Mouse coords: (938, 487) (78733, 41587)
2022-09-11 02:11:21.550 *** Mouse movement (LeftButton) ***  Mouse coords: (939, 489) (78763, 41646)
2022-09-11 02:11:23.430 *** Interactive label *** Apply to case start.
2022-09-11 02:11:24.064 *** Mouse movement (LeftButton) ***  Mouse coords: (931, 572) (78524, 44124)
2022-09-11 02:11:24.084 *** Mouse movement (LeftButton) ***  Mouse coords: (932, 574) (78554, 44184)
2022-09-11 02:11:24.100 *** Mouse movement (LeftButton) ***  Mouse coords: (933, 575) (78583, 44214)
2022-09-11 02:11:24.118 *** Mouse movement (LeftButton) ***  Mouse coords: (933, 576) (78583, 44244)
2022-09-11 02:11:24.133 *** Mouse movement (LeftButton) ***  Mouse coords: (935, 578) (78643, 44303)
2022-09-11 02:11:24.150 *** Mouse movement (LeftButton) ***  Mouse coords: (937, 584) (78703, 44483)
2022-09-11 02:11:24.167 *** Mouse movement (LeftButton) ***  Mouse coords: (940, 592) (78792, 44721)
2022-09-11 02:11:24.184 *** Mouse movement (LeftButton) ***  Mouse coords: (942, 595) (78852, 44811)
2022-09-11 02:11:24.200 *** Mouse movement (LeftButton) ***  Mouse coords: (942, 596) (78852, 44841)
2022-09-11 02:11:24.247 *** Mouse movement (LeftButton) ***  Mouse coords: (943, 596) (78882, 44841)
2022-09-11 02:11:24.498 *** Mouse movement (LeftButton) ***  Mouse coords: (944, 596) (78912, 44841)
2022-09-11 02:11:24.513 *** Mouse movement (LeftButton) ***  Mouse coords: (944, 595) (78912, 44811)
2022-09-11 02:11:24.528 *** Mouse movement (LeftButton) ***  Mouse coords: (945, 595) (78942, 44811)
2022-09-11 02:11:24.576 *** Mouse movement (LeftButton) ***  Mouse coords: (946, 595) (78972, 44811)
2022-09-11 02:11:24.588 *** Mouse movement (LeftButton) ***  Mouse coords: (947, 595) (79001, 44811)
2022-09-11 02:11:24.609 *** Mouse movement (LeftButton) ***  Mouse coords: (948, 595) (79031, 44811)
2022-09-11 02:11:24.617 *** Mouse movement (LeftButton) ***  Mouse coords: (948, 594) (79031, 44781)
2022-09-11 02:11:24.634 *** Mouse movement (LeftButton) ***  Mouse coords: (949, 594) (79061, 44781)
2022-09-11 02:11:24.650 *** Mouse movement (LeftButton) ***  Mouse coords: (950, 594) (79091, 44781)
2022-09-11 02:11:24.667 *** Mouse movement (LeftButton) ***  Mouse coords: (951, 594) (79121, 44781)
2022-09-11 02:11:24.684 *** Mouse movement (LeftButton) ***  Mouse coords: (952, 594) (79151, 44781)
2022-09-11 02:11:26.290 *** Interactive label *** Apply to case start.
2022-09-11 02:11:32.777 *** Interactive label *** Apply to case done.
2022-09-11 02:11:34.772 *** Interactive label *** Apply to case finish overlay create.
2022-09-11 02:11:36.085 *** Interactive label *** Review annotations/active learning start.
2022-09-11 02:26:15.327 *** Program closed.
