2022-08-12 11:05:45.725 *** Start program *** Start program
2022-08-12 11:05:56.230 *** Open case *** /media/zhihuang/Drive14/Google_Colon_lnm_pos_2015_slides/slides/S0425
2022-08-12 11:06:05.242 *** Open case *** /media/zhihuang/Drive14/Google_Colon_lnm_pos_2015_slides/slides/S1054
2022-08-12 11:06:07.106 *** Open processed data
2022-08-12 11:06:07.106 *** Preload all statistics at once.
2022-08-12 11:06:07.343 *** Nuclei stat data loaded, took 0.24 seconds. Total number of nuclei: 230851
2022-08-12 11:06:11.456 *** Process image overlay spent 0.00 seconds.
2022-08-12 11:06:11.476 *** Get cell color spent 0.02 seconds.
2022-08-12 11:06:11.511 *** Process image overlay spent 0.00 seconds.
2022-08-12 11:06:11.522 *** Get cell color spent 0.01 seconds.
2022-08-12 11:06:15.105 *** Process image overlay spent 0.00 seconds.
2022-08-12 11:06:15.110 *** Get cell color spent 0.00 seconds.
2022-08-12 11:06:15.206 *** Process image overlay spent 0.00 seconds.
2022-08-12 11:06:15.208 *** Get cell color spent 0.00 seconds.
2022-08-12 11:06:15.348 *** Process image overlay spent 0.00 seconds.
2022-08-12 11:06:15.350 *** Get cell color spent 0.00 seconds.
2022-08-12 11:06:17.085 *** Mouse movement (LeftButton) ***  Mouse coords: (430, 378) (70497, 49356)
2022-08-12 11:06:17.094 *** Mouse movement (LeftButton) ***  Mouse coords: (430, 380) (70497, 49360)
2022-08-12 11:06:17.101 *** Mouse movement (LeftButton) ***  Mouse coords: (432, 387) (70501, 49372)
2022-08-12 11:06:17.119 *** Mouse movement (LeftButton) ***  Mouse coords: (441, 407) (70517, 49409)
2022-08-12 11:06:17.135 *** Mouse movement (LeftButton) ***  Mouse coords: (450, 424) (70534, 49440)
2022-08-12 11:06:17.152 *** Mouse movement (LeftButton) ***  Mouse coords: (468, 454) (70566, 49494)
2022-08-12 11:06:17.169 *** Mouse movement (LeftButton) ***  Mouse coords: (480, 475) (70588, 49532)
2022-08-12 11:06:17.185 *** Mouse movement (LeftButton) ***  Mouse coords: (491, 493) (70608, 49565)
2022-08-12 11:06:17.202 *** Mouse movement (LeftButton) ***  Mouse coords: (507, 518) (70637, 49611)
2022-08-12 11:06:17.219 *** Mouse movement (LeftButton) ***  Mouse coords: (516, 535) (70654, 49642)
2022-08-12 11:06:17.235 *** Mouse movement (LeftButton) ***  Mouse coords: (527, 557) (70674, 49682)
2022-08-12 11:06:17.252 *** Mouse movement (LeftButton) ***  Mouse coords: (529, 560) (70677, 49687)
2022-08-12 11:06:17.269 *** Mouse movement (LeftButton) ***  Mouse coords: (530, 562) (70679, 49691)
2022-08-12 11:06:17.333 *** Mouse movement (LeftButton) ***  Mouse coords: (531, 562) (70681, 49691)
2022-08-12 11:06:17.527 *** Mouse movement (LeftButton) ***  Mouse coords: (532, 561) (70683, 49689)
2022-08-12 11:06:17.544 *** Mouse movement (LeftButton) ***  Mouse coords: (533, 561) (70685, 49689)
2022-08-12 11:06:17.560 *** Mouse movement (LeftButton) ***  Mouse coords: (540, 560) (70697, 49687)
2022-08-12 11:06:17.570 *** Mouse movement (LeftButton) ***  Mouse coords: (542, 560) (70701, 49687)
2022-08-12 11:06:17.585 *** Mouse movement (LeftButton) ***  Mouse coords: (548, 559) (70712, 49685)
2022-08-12 11:06:17.602 *** Mouse movement (LeftButton) ***  Mouse coords: (550, 558) (70716, 49683)
2022-08-12 11:06:19.118 *** Mouse movement (LeftButton) ***  Mouse coords: (517, 87) (70655, 48827)
2022-08-12 11:06:19.127 *** Mouse movement (LeftButton) ***  Mouse coords: (517, 88) (70655, 48829)
2022-08-12 11:06:19.137 *** Mouse movement (LeftButton) ***  Mouse coords: (519, 92) (70659, 48836)
2022-08-12 11:06:19.152 *** Mouse movement (LeftButton) ***  Mouse coords: (529, 104) (70677, 48858)
2022-08-12 11:06:19.169 *** Mouse movement (LeftButton) ***  Mouse coords: (547, 122) (70710, 48890)
2022-08-12 11:06:19.185 *** Mouse movement (LeftButton) ***  Mouse coords: (581, 150) (70772, 48941)
2022-08-12 11:06:19.202 *** Mouse movement (LeftButton) ***  Mouse coords: (610, 173) (70825, 48983)
2022-08-12 11:06:19.219 *** Mouse movement (LeftButton) ***  Mouse coords: (639, 196) (70877, 49025)
2022-08-12 11:06:19.235 *** Mouse movement (LeftButton) ***  Mouse coords: (658, 212) (70912, 49054)
2022-08-12 11:06:19.252 *** Mouse movement (LeftButton) ***  Mouse coords: (684, 237) (70959, 49100)
2022-08-12 11:06:19.269 *** Mouse movement (LeftButton) ***  Mouse coords: (709, 260) (71005, 49141)
2022-08-12 11:06:19.285 *** Mouse movement (LeftButton) ***  Mouse coords: (724, 273) (71032, 49165)
2022-08-12 11:06:19.302 *** Mouse movement (LeftButton) ***  Mouse coords: (733, 278) (71048, 49174)
2022-08-12 11:06:19.319 *** Mouse movement (LeftButton) ***  Mouse coords: (736, 278) (71054, 49174)
2022-08-12 11:06:35.556 *** Program closed.
