2022-08-10 13:55:32.218 *** Start program *** Start program
2022-08-10 13:55:50.682 *** Open processed data
2022-08-10 13:55:55.737 *** Mouse movement ***  Mouse coords: (402, 417) (91816, 28355)
2022-08-10 13:55:55.751 *** Mouse movement ***  Mouse coords: (403, 419) (91976, 28355)
2022-08-10 13:55:55.768 *** Mouse movement ***  Mouse coords: (413, 425) (93416, 28995)
2022-08-10 13:55:55.783 *** Mouse movement ***  Mouse coords: (422, 428) (93256, 28515)
2022-08-10 13:55:55.801 *** Mouse movement ***  Mouse coords: (430, 430) (93096, 28355)
2022-08-10 13:55:55.817 *** Mouse movement ***  Mouse coords: (442, 434) (93736, 28675)
2022-08-10 13:55:55.833 *** Mouse movement ***  Mouse coords: (463, 442) (95176, 29315)
2022-08-10 13:55:55.850 *** Mouse movement ***  Mouse coords: (498, 457) (97416, 30435)
2022-08-10 13:55:55.867 *** Mouse movement ***  Mouse coords: (530, 468) (96936, 29795)
2022-08-10 13:55:55.883 *** Mouse movement ***  Mouse coords: (564, 478) (97256, 29635)
2022-08-10 13:55:55.900 *** Mouse movement ***  Mouse coords: (589, 482) (95816, 28675)
2022-08-10 13:55:55.919 *** Mouse movement ***  Mouse coords: (622, 487) (97096, 28835)
2022-08-10 13:55:55.937 *** Mouse movement ***  Mouse coords: (664, 493) (98536, 28995)
2022-08-10 13:55:55.950 *** Mouse movement ***  Mouse coords: (677, 494) (93896, 28195)
2022-08-10 13:55:55.968 *** Mouse movement ***  Mouse coords: (686, 496) (93256, 28355)
2022-08-10 13:55:55.983 *** Mouse movement ***  Mouse coords: (689, 497) (92296, 28195)
2022-08-10 13:55:55.999 *** Mouse movement ***  Mouse coords: (693, 499) (92456, 28355)
2022-08-10 13:55:56.017 *** Mouse movement ***  Mouse coords: (701, 504) (93096, 28835)
2022-08-10 13:55:56.032 *** Mouse movement ***  Mouse coords: (710, 511) (93256, 29155)
2022-08-10 13:55:56.051 *** Mouse movement ***  Mouse coords: (720, 517) (93416, 28995)
2022-08-10 13:55:56.072 *** Mouse movement ***  Mouse coords: (725, 518) (92616, 28194)
2022-08-10 13:55:56.084 *** Mouse movement ***  Mouse coords: (726, 519) (91976, 28194)
2022-08-10 13:55:56.100 *** Mouse movement ***  Mouse coords: (727, 519) (91976, 28034)
2022-08-10 13:55:58.842 *** Keyboard input *** key pressed: key: 16777216; text: ""
2022-08-10 13:56:00.893 *** Program closed.
