2022-09-11 18:59:07.574 *** Start program *** Start program
2022-09-11 18:59:13.341 *** Open case *** /Applications/XAMPP/xamppfiles/htdocs/20220722_Eric_Yang
2022-09-11 18:59:18.535 *** starting thread (client mode): 0x38f25280
2022-09-11 18:59:18.536 *** Local version/idstring: SSH-2.0-paramiko_2.11.0
2022-09-11 18:59:18.560 *** Remote version/idstring: SSH-2.0-OpenSSH_5.3
2022-09-11 18:59:18.560 *** Connected (version 2.0, client OpenSSH_5.3)
2022-09-11 18:59:18.579 *** === Key exchange possibilities ===
2022-09-11 18:59:18.580 *** kex algos: diffie-hellman-group-exchange-sha256, diffie-hellman-group-exchange-sha1, diffie-hellman-group14-sha1, diffie-hellman-group1-sha1
2022-09-11 18:59:18.580 *** server key: ssh-rsa, ssh-rsa-cert-v01@openssh.com, ssh-dss
2022-09-11 18:59:18.580 *** client encrypt: aes128-ctr, aes192-ctr, aes256-ctr, arcfour256, arcfour128, aes128-cbc, 3des-cbc, blowfish-cbc, cast128-cbc, aes192-cbc, aes256-cbc, arcfour, rijndael-cbc@lysator.liu.se
2022-09-11 18:59:18.581 *** server encrypt: aes128-ctr, aes192-ctr, aes256-ctr, arcfour256, arcfour128, aes128-cbc, 3des-cbc, blowfish-cbc, cast128-cbc, aes192-cbc, aes256-cbc, arcfour, rijndael-cbc@lysator.liu.se
2022-09-11 18:59:18.581 *** client mac: hmac-md5, hmac-sha1, umac-64@openssh.com, hmac-sha2-256, hmac-sha2-512, hmac-ripemd160, hmac-ripemd160@openssh.com, hmac-sha1-96, hmac-md5-96
2022-09-11 18:59:18.581 *** server mac: hmac-md5, hmac-sha1, umac-64@openssh.com, hmac-sha2-256, hmac-sha2-512, hmac-ripemd160, hmac-ripemd160@openssh.com, hmac-sha1-96, hmac-md5-96
2022-09-11 18:59:18.581 *** client compress: none, zlib@openssh.com
2022-09-11 18:59:18.581 *** server compress: none, zlib@openssh.com
2022-09-11 18:59:18.581 *** client lang: <none>
2022-09-11 18:59:18.581 *** server lang: <none>
2022-09-11 18:59:18.581 *** kex follows: False
2022-09-11 18:59:18.581 *** === Key exchange agreements ===
2022-09-11 18:59:18.582 *** Kex: diffie-hellman-group-exchange-sha256
2022-09-11 18:59:18.582 *** HostKey: ssh-rsa
2022-09-11 18:59:18.582 *** Cipher: aes128-ctr
2022-09-11 18:59:18.582 *** MAC: hmac-sha2-256
2022-09-11 18:59:18.582 *** Compression: none
2022-09-11 18:59:18.582 *** === End of kex handshake ===
2022-09-11 18:59:18.646 *** Got server p (2048 bits)
2022-09-11 18:59:18.733 *** kex engine KexGexSHA256 specified hash_algo <built-in function openssl_sha256>
2022-09-11 18:59:18.734 *** Switch to new keys ...
2022-09-11 18:59:18.734 *** Adding ssh-rsa host key for 173.201.181.247: b'cca345f774a2d98448d0bcc78f04075d'
2022-09-11 18:59:18.812 *** userauth is OK
2022-09-11 18:59:18.837 *** Authentication (password) successful!
2022-09-11 18:59:18.838 *** [chan 0] Max packet in: 32768 bytes
2022-09-11 18:59:18.858 *** [chan 0] Max packet out: 32768 bytes
2022-09-11 18:59:18.858 *** Secsh channel 0 opened.
2022-09-11 18:59:18.880 *** [chan 0] Sesch channel 0 request ok
2022-09-11 18:59:18.902 *** [chan 0] Opened sftp connection (server version 3)
2022-09-11 18:59:18.902 *** [chan 0] stat(b'/home/b6o162rzivzp/NucFinder_DB/E7F814D2456CF381/interactive_nuclei_dict.pickle')
2022-09-11 18:59:18.924 *** [chan 0] stat(b'/home/b6o162rzivzp/NucFinder_DB/E7F814D2456CF381/model.pickle')
2022-09-11 18:59:18.944 *** [chan 0] open(b'/home/b6o162rzivzp/NucFinder_DB/E7F814D2456CF381/model.pickle', 'rb')
2022-09-11 18:59:18.967 *** [chan 0] open(b'/home/b6o162rzivzp/NucFinder_DB/E7F814D2456CF381/model.pickle', 'rb') -> 00000000
2022-09-11 18:59:19.958 *** [chan 0] close(00000000)
2022-09-11 18:59:26.420 *** Open processed data
2022-09-11 18:59:26.421 *** Preload all statistics at once.
2022-09-11 18:59:27.484 *** Nuclei stat data loaded, took 1.06 seconds. Total number of nuclei: 604435
2022-09-11 18:59:29.471 *** Interactive label *** Apply to case start.
2022-09-11 18:59:34.119 *** Program closed.
2022-09-11 18:59:34.141 *** EOF in transport thread
