2022-08-12 14:04:03.974 *** Start program *** Start program
2022-08-12 14:04:07.791 *** starting thread (client mode): 0x49272550
2022-08-12 14:04:07.791 *** Local version/idstring: SSH-2.0-paramiko_2.11.0
2022-08-12 14:04:07.815 *** Remote version/idstring: SSH-2.0-OpenSSH_5.3
2022-08-12 14:04:07.816 *** Connected (version 2.0, client OpenSSH_5.3)
2022-08-12 14:04:07.833 *** === Key exchange possibilities ===
2022-08-12 14:04:07.834 *** kex algos: diffie-hellman-group-exchange-sha256, diffie-hellman-group-exchange-sha1, diffie-hellman-group14-sha1, diffie-hellman-group1-sha1
2022-08-12 14:04:07.834 *** server key: ssh-rsa, ssh-rsa-cert-v01@openssh.com, ssh-dss
2022-08-12 14:04:07.834 *** client encrypt: aes128-ctr, aes192-ctr, aes256-ctr, arcfour256, arcfour128, aes128-cbc, 3des-cbc, blowfish-cbc, cast128-cbc, aes192-cbc, aes256-cbc, arcfour, rijndael-cbc@lysator.liu.se
2022-08-12 14:04:07.834 *** server encrypt: aes128-ctr, aes192-ctr, aes256-ctr, arcfour256, arcfour128, aes128-cbc, 3des-cbc, blowfish-cbc, cast128-cbc, aes192-cbc, aes256-cbc, arcfour, rijndael-cbc@lysator.liu.se
2022-08-12 14:04:07.834 *** client mac: hmac-md5, hmac-sha1, umac-64@openssh.com, hmac-sha2-256, hmac-sha2-512, hmac-ripemd160, hmac-ripemd160@openssh.com, hmac-sha1-96, hmac-md5-96
2022-08-12 14:04:07.834 *** server mac: hmac-md5, hmac-sha1, umac-64@openssh.com, hmac-sha2-256, hmac-sha2-512, hmac-ripemd160, hmac-ripemd160@openssh.com, hmac-sha1-96, hmac-md5-96
2022-08-12 14:04:07.834 *** client compress: none, zlib@openssh.com
2022-08-12 14:04:07.835 *** server compress: none, zlib@openssh.com
2022-08-12 14:04:07.835 *** client lang: <none>
2022-08-12 14:04:07.835 *** server lang: <none>
2022-08-12 14:04:07.835 *** kex follows: False
2022-08-12 14:04:07.835 *** === Key exchange agreements ===
2022-08-12 14:04:07.835 *** Kex: diffie-hellman-group-exchange-sha256
2022-08-12 14:04:07.836 *** HostKey: ssh-rsa
2022-08-12 14:04:07.836 *** Cipher: aes128-ctr
2022-08-12 14:04:07.836 *** MAC: hmac-sha2-256
2022-08-12 14:04:07.836 *** Compression: none
2022-08-12 14:04:07.836 *** === End of kex handshake ===
2022-08-12 14:04:07.893 *** Got server p (2048 bits)
2022-08-12 14:04:07.995 *** kex engine KexGexSHA256 specified hash_algo <built-in function openssl_sha256>
2022-08-12 14:04:07.995 *** Switch to new keys ...
2022-08-12 14:04:07.995 *** Adding ssh-rsa host key for 173.201.181.247: b'cca345f774a2d98448d0bcc78f04075d'
2022-08-12 14:04:08.069 *** userauth is OK
2022-08-12 14:04:08.093 *** Authentication (password) successful!
2022-08-12 14:04:08.094 *** [chan 0] Max packet in: 32768 bytes
2022-08-12 14:04:08.113 *** [chan 0] Max packet out: 32768 bytes
2022-08-12 14:04:08.113 *** Secsh channel 0 opened.
2022-08-12 14:04:08.133 *** [chan 0] Sesch channel 0 request ok
2022-08-12 14:04:08.153 *** [chan 0] Opened sftp connection (server version 3)
2022-08-12 14:04:08.159 *** [chan 0] stat(b'/home/b6o162rzivzp/NucFinder_DB/05313943FB3B68B7/interactive_nuclei_dict.pickle')
2022-08-12 14:04:08.177 *** [chan 0] open(b'/home/b6o162rzivzp/NucFinder_DB/05313943FB3B68B7/interactive_nuclei_dict.pickle', 'rb')
2022-08-12 14:04:08.195 *** [chan 0] open(b'/home/b6o162rzivzp/NucFinder_DB/05313943FB3B68B7/interactive_nuclei_dict.pickle', 'rb') -> 00000000
2022-08-12 14:04:13.645 *** [chan 0] close(00000000)
2022-08-12 14:04:27.509 *** Program closed.
2022-08-12 14:04:27.591 *** EOF in transport thread
