2022-10-13 22:49:50.047 *** Start program *** Start program
2022-10-13 22:49:58.818 *** starting thread (client mode): 0xbc63b640
2022-10-13 22:49:58.819 *** Local version/idstring: SSH-2.0-paramiko_2.11.0
2022-10-13 22:49:58.841 *** Remote version/idstring: SSH-2.0-OpenSSH_5.3
2022-10-13 22:49:58.841 *** Connected (version 2.0, client OpenSSH_5.3)
2022-10-13 22:49:58.859 *** === Key exchange possibilities ===
2022-10-13 22:49:58.859 *** kex algos: diffie-hellman-group-exchange-sha256, diffie-hellman-group-exchange-sha1, diffie-hellman-group14-sha1, diffie-hellman-group1-sha1
2022-10-13 22:49:58.859 *** server key: ssh-rsa, ssh-rsa-cert-v01@openssh.com, ssh-dss
2022-10-13 22:49:58.859 *** client encrypt: aes128-ctr, aes192-ctr, aes256-ctr, arcfour256, arcfour128, aes128-cbc, 3des-cbc, blowfish-cbc, cast128-cbc, aes192-cbc, aes256-cbc, arcfour, rijndael-cbc@lysator.liu.se
2022-10-13 22:49:58.859 *** server encrypt: aes128-ctr, aes192-ctr, aes256-ctr, arcfour256, arcfour128, aes128-cbc, 3des-cbc, blowfish-cbc, cast128-cbc, aes192-cbc, aes256-cbc, arcfour, rijndael-cbc@lysator.liu.se
2022-10-13 22:49:58.859 *** client mac: hmac-md5, hmac-sha1, umac-64@openssh.com, hmac-sha2-256, hmac-sha2-512, hmac-ripemd160, hmac-ripemd160@openssh.com, hmac-sha1-96, hmac-md5-96
2022-10-13 22:49:58.859 *** server mac: hmac-md5, hmac-sha1, umac-64@openssh.com, hmac-sha2-256, hmac-sha2-512, hmac-ripemd160, hmac-ripemd160@openssh.com, hmac-sha1-96, hmac-md5-96
2022-10-13 22:49:58.859 *** client compress: none, zlib@openssh.com
2022-10-13 22:49:58.859 *** server compress: none, zlib@openssh.com
2022-10-13 22:49:58.859 *** client lang: <none>
2022-10-13 22:49:58.859 *** server lang: <none>
2022-10-13 22:49:58.859 *** kex follows: False
2022-10-13 22:49:58.859 *** === Key exchange agreements ===
2022-10-13 22:49:58.859 *** Kex: diffie-hellman-group-exchange-sha256
2022-10-13 22:49:58.859 *** HostKey: ssh-rsa
2022-10-13 22:49:58.859 *** Cipher: aes128-ctr
2022-10-13 22:49:58.859 *** MAC: hmac-sha2-256
2022-10-13 22:49:58.859 *** Compression: none
2022-10-13 22:49:58.860 *** === End of kex handshake ===
2022-10-13 22:49:58.919 *** Got server p (2048 bits)
2022-10-13 22:49:58.979 *** kex engine KexGexSHA256 specified hash_algo <built-in function openssl_sha256>
2022-10-13 22:49:58.979 *** Switch to new keys ...
2022-10-13 22:49:58.979 *** Adding ssh-rsa host key for 173.201.181.247: b'cca345f774a2d98448d0bcc78f04075d'
2022-10-13 22:49:59.055 *** userauth is OK
2022-10-13 22:49:59.079 *** Authentication (password) successful!
2022-10-13 22:49:59.079 *** [chan 0] Max packet in: 32768 bytes
2022-10-13 22:49:59.097 *** [chan 0] Max packet out: 32768 bytes
2022-10-13 22:49:59.097 *** Secsh channel 0 opened.
2022-10-13 22:49:59.116 *** [chan 0] Sesch channel 0 request ok
2022-10-13 22:49:59.135 *** [chan 0] Opened sftp connection (server version 3)
2022-10-13 22:49:59.135 *** [chan 0] stat(b'/home/b6o162rzivzp/NucFinder_DB/857CA2D6D34F00F5/interactive_nuclei_dict.pickle')
2022-10-13 22:49:59.154 *** [chan 0] stat(b'/home/b6o162rzivzp/NucFinder_DB/857CA2D6D34F00F5/model.pickle')
2022-10-13 22:49:59.172 *** [chan 0] open(b'/home/b6o162rzivzp/NucFinder_DB/857CA2D6D34F00F5/model.pickle', 'rb')
2022-10-13 22:49:59.191 *** [chan 0] open(b'/home/b6o162rzivzp/NucFinder_DB/857CA2D6D34F00F5/model.pickle', 'rb') -> 00000000
2022-10-13 22:50:03.542 *** [chan 0] close(00000000)
2022-10-13 22:50:10.390 *** Open case *** /media/zhihuang/Drive16/20220722_Eric_Yang
2022-10-13 22:50:13.356 *** Open processed data
2022-10-13 22:50:13.357 *** Preload all statistics at once.
2022-10-13 22:50:13.656 *** Nuclei stat data loaded, took 0.30 seconds. Total number of nuclei: 169921
2022-10-13 22:50:14.113 *** Interactive label *** Apply to case start.
2022-10-13 22:50:17.343 *** Interactive label *** Apply to case done.
2022-10-13 22:50:17.434 *** Interactive label *** Apply to case finish overlay create.
2022-10-13 22:50:19.720 *** Mouse movement (LeftButton) ***  Mouse coords: (402, 179) (4916, 8955)
2022-10-13 22:50:19.731 *** Mouse movement (LeftButton) ***  Mouse coords: (403, 180) (4916, 8972)
2022-10-13 22:50:19.748 *** Mouse movement (LeftButton) ***  Mouse coords: (408, 193) (4985, 9177)
2022-10-13 22:50:19.764 *** Mouse movement (LeftButton) ***  Mouse coords: (417, 215) (5052, 9330)
2022-10-13 22:50:19.781 *** Mouse movement (LeftButton) ***  Mouse coords: (446, 293) (5394, 10286)
2022-10-13 22:50:19.798 *** Mouse movement (LeftButton) ***  Mouse coords: (470, 349) (5308, 9910)
2022-10-13 22:50:19.814 *** Mouse movement (LeftButton) ***  Mouse coords: (486, 385) (5172, 9570)
2022-10-13 22:50:19.831 *** Mouse movement (LeftButton) ***  Mouse coords: (507, 421) (5258, 9569)
2022-10-13 22:50:19.848 *** Mouse movement (LeftButton) ***  Mouse coords: (524, 451) (5189, 9467)
2022-10-13 22:50:19.864 *** Mouse movement (LeftButton) ***  Mouse coords: (532, 462) (5035, 9142)
2022-10-13 22:50:19.881 *** Mouse movement (LeftButton) ***  Mouse coords: (535, 467) (4950, 9040)
2022-10-13 22:50:19.897 *** Mouse movement (LeftButton) ***  Mouse coords: (536, 468) (4916, 8973)
2022-10-13 22:50:20.083 *** Keyboard input *** key pressed: key: 90; text: "z"
2022-10-13 22:50:20.438 *** Keyboard input *** key pressed: key: 90; text: "z"
2022-10-13 22:50:20.644 *** Keyboard input *** key pressed: key: 90; text: "z"
2022-10-13 22:52:06.554 *** Program closed.
2022-10-13 22:52:06.567 *** EOF in transport thread
