2022-08-11 21:44:36.930 *** Start program *** Start program
2022-08-11 21:44:48.243 *** Open case *** /media/zhihuang/Drive3/Google_Colon_lnm_pos_2015_slides/slides/S0425
2022-08-11 21:44:51.133 *** Open processed data
2022-08-11 21:44:51.134 *** Preload all statistics at once.
2022-08-11 21:44:53.064 *** Nuclei stat data loaded, took 1.93 seconds. Total number of nuclei: 954361
2022-08-11 21:44:58.086 *** Process image overlay spent 0.01 seconds.
2022-08-11 21:44:58.101 *** Get cell color spent 0.01 seconds.
2022-08-11 21:44:58.229 *** Process image overlay spent 0.01 seconds.
2022-08-11 21:44:58.247 *** Get cell color spent 0.02 seconds.
2022-08-11 21:44:58.734 *** Mouse movement (LeftButton) ***  Mouse coords: (690, 635) (57206, 49349)
2022-08-11 21:44:58.762 *** Mouse movement (LeftButton) ***  Mouse coords: (690, 622) (57206, 49294)
2022-08-11 21:44:58.779 *** Mouse movement (LeftButton) ***  Mouse coords: (686, 598) (57184, 49232)
2022-08-11 21:44:58.795 *** Mouse movement (LeftButton) ***  Mouse coords: (677, 573) (57156, 49227)
2022-08-11 21:44:58.812 *** Mouse movement (LeftButton) ***  Mouse coords: (666, 546) (57145, 49215)
2022-08-11 21:44:58.828 *** Mouse movement (LeftButton) ***  Mouse coords: (646, 500) (57094, 49110)
2022-08-11 21:44:58.845 *** Mouse movement (LeftButton) ***  Mouse coords: (630, 467) (57117, 49182)
2022-08-11 21:44:58.862 *** Mouse movement (LeftButton) ***  Mouse coords: (610, 431) (57095, 49166)
2022-08-11 21:44:58.878 *** Mouse movement (LeftButton) ***  Mouse coords: (608, 427) (57194, 49343)
2022-08-11 21:44:58.895 *** Mouse movement (LeftButton) ***  Mouse coords: (608, 425) (57206, 49355)
2022-08-11 21:44:58.912 *** Mouse movement (LeftButton) ***  Mouse coords: (607, 425) (57201, 49366)
2022-08-11 21:44:58.935 *** Process image overlay spent 0.01 seconds.
2022-08-11 21:44:58.948 *** Get cell color spent 0.01 seconds.
2022-08-11 21:44:59.060 *** Process image overlay spent 0.01 seconds.
2022-08-11 21:44:59.073 *** Get cell color spent 0.01 seconds.
2022-08-11 21:44:59.274 *** Process image overlay spent 0.01 seconds.
2022-08-11 21:44:59.281 *** Get cell color spent 0.01 seconds.
2022-08-11 21:44:59.407 *** Process image overlay spent 0.01 seconds.
2022-08-11 21:44:59.411 *** Get cell color spent 0.00 seconds.
2022-08-11 21:44:59.561 *** Process image overlay spent 0.01 seconds.
2022-08-11 21:44:59.565 *** Get cell color spent 0.00 seconds.
2022-08-11 21:45:00.191 *** Process image overlay spent 0.01 seconds.
2022-08-11 21:45:00.195 *** Get cell color spent 0.00 seconds.
2022-08-11 21:45:00.269 *** Process image overlay spent 0.01 seconds.
2022-08-11 21:45:00.272 *** Get cell color spent 0.00 seconds.
2022-08-11 21:45:00.343 *** Process image overlay spent 0.01 seconds.
2022-08-11 21:45:00.345 *** Get cell color spent 0.00 seconds.
2022-08-11 21:45:06.396 *** Process image overlay spent 0.01 seconds.
2022-08-11 21:45:06.400 *** Get cell color spent 0.00 seconds.
2022-08-11 21:45:06.871 *** Mouse movement (LeftButton) ***  Mouse coords: (489, 206) (57458, 49913)
2022-08-11 21:45:06.878 *** Mouse movement (LeftButton) ***  Mouse coords: (489, 208) (57458, 49914)
2022-08-11 21:45:06.895 *** Mouse movement (LeftButton) ***  Mouse coords: (490, 214) (57459, 49918)
2022-08-11 21:45:06.911 *** Mouse movement (LeftButton) ***  Mouse coords: (497, 227) (57463, 49926)
2022-08-11 21:45:06.928 *** Mouse movement (LeftButton) ***  Mouse coords: (503, 238) (57466, 49932)
2022-08-11 21:45:06.945 *** Mouse movement (LeftButton) ***  Mouse coords: (519, 262) (57476, 49946)
2022-08-11 21:45:06.961 *** Mouse movement (LeftButton) ***  Mouse coords: (542, 290) (57490, 49963)
2022-08-11 21:45:06.978 *** Mouse movement (LeftButton) ***  Mouse coords: (552, 300) (57495, 49969)
2022-08-11 21:45:06.995 *** Mouse movement (LeftButton) ***  Mouse coords: (569, 317) (57506, 49979)
2022-08-11 21:45:07.011 *** Mouse movement (LeftButton) ***  Mouse coords: (587, 335) (57516, 49990)
2022-08-11 21:45:07.028 *** Mouse movement (LeftButton) ***  Mouse coords: (609, 354) (57529, 50001)
2022-08-11 21:45:07.045 *** Mouse movement (LeftButton) ***  Mouse coords: (619, 362) (57535, 50006)
2022-08-11 21:45:07.061 *** Mouse movement (LeftButton) ***  Mouse coords: (626, 367) (57539, 50009)
2022-08-11 21:45:07.078 *** Mouse movement (LeftButton) ***  Mouse coords: (628, 368) (57541, 50009)
2022-08-11 21:45:07.095 *** Mouse movement (LeftButton) ***  Mouse coords: (628, 369) (57541, 50010)
2022-08-11 21:45:07.126 *** Mouse movement (LeftButton) ***  Mouse coords: (628, 370) (57541, 50010)
2022-08-11 21:45:07.141 *** Mouse movement (LeftButton) ***  Mouse coords: (629, 371) (57541, 50011)
2022-08-11 21:45:07.149 *** Mouse movement (LeftButton) ***  Mouse coords: (630, 371) (57542, 50011)
2022-08-11 21:45:07.161 *** Mouse movement (LeftButton) ***  Mouse coords: (631, 372) (57542, 50012)
2022-08-11 21:45:07.178 *** Mouse movement (LeftButton) ***  Mouse coords: (635, 372) (57545, 50012)
2022-08-11 21:45:07.195 *** Mouse movement (LeftButton) ***  Mouse coords: (638, 373) (57547, 50012)
2022-08-11 21:45:07.212 *** Mouse movement (LeftButton) ***  Mouse coords: (640, 373) (57548, 50012)
2022-08-11 21:45:07.228 *** Mouse movement (LeftButton) ***  Mouse coords: (641, 373) (57548, 50012)
2022-08-11 21:45:07.284 *** Mouse movement (LeftButton) ***  Mouse coords: (642, 373) (57549, 50012)
2022-08-11 21:45:09.748 *** Process image overlay spent 0.01 seconds.
2022-08-11 21:45:09.751 *** Get cell color spent 0.00 seconds.
2022-08-11 21:45:09.800 *** Process image overlay spent 0.01 seconds.
2022-08-11 21:45:09.803 *** Get cell color spent 0.00 seconds.
2022-08-11 21:45:09.865 *** Process image overlay spent 0.01 seconds.
2022-08-11 21:45:09.871 *** Get cell color spent 0.01 seconds.
2022-08-11 21:45:10.372 *** Process image overlay spent 0.01 seconds.
2022-08-11 21:45:10.375 *** Get cell color spent 0.00 seconds.
2022-08-11 21:45:10.654 *** Process image overlay spent 0.01 seconds.
2022-08-11 21:45:10.662 *** Get cell color spent 0.01 seconds.
2022-08-11 21:45:10.764 *** Process image overlay spent 0.01 seconds.
2022-08-11 21:45:10.772 *** Get cell color spent 0.01 seconds.
2022-08-11 21:45:11.668 *** Process image overlay spent 0.01 seconds.
2022-08-11 21:45:11.680 *** Get cell color spent 0.01 seconds.
2022-08-11 21:45:11.782 *** Process image overlay spent 0.01 seconds.
2022-08-11 21:45:11.796 *** Get cell color spent 0.01 seconds.
2022-08-11 21:45:12.425 *** Process image overlay spent 0.01 seconds.
2022-08-11 21:45:12.433 *** Get cell color spent 0.01 seconds.
2022-08-11 21:45:12.539 *** Process image overlay spent 0.01 seconds.
2022-08-11 21:45:12.542 *** Get cell color spent 0.00 seconds.
2022-08-11 21:45:12.693 *** Process image overlay spent 0.00 seconds.
2022-08-11 21:45:12.697 *** Get cell color spent 0.00 seconds.
2022-08-11 21:45:12.745 *** Process image overlay spent 0.01 seconds.
2022-08-11 21:45:12.747 *** Get cell color spent 0.00 seconds.
2022-08-11 21:45:13.389 *** Process image overlay spent 0.01 seconds.
2022-08-11 21:45:13.393 *** Get cell color spent 0.00 seconds.
2022-08-11 21:45:13.497 *** Process image overlay spent 0.01 seconds.
2022-08-11 21:45:13.500 *** Get cell color spent 0.00 seconds.
2022-08-11 21:45:14.170 *** Process image overlay spent 0.01 seconds.
2022-08-11 21:45:14.177 *** Get cell color spent 0.01 seconds.
2022-08-11 21:45:14.291 *** Process image overlay spent 0.01 seconds.
2022-08-11 21:45:14.310 *** Get cell color spent 0.02 seconds.
2022-08-11 21:45:14.420 *** Process image overlay spent 0.01 seconds.
2022-08-11 21:45:14.431 *** Get cell color spent 0.01 seconds.
2022-08-11 21:45:14.690 *** Process image overlay spent 0.01 seconds.
2022-08-11 21:45:14.698 *** Get cell color spent 0.01 seconds.
2022-08-11 21:45:14.783 *** Process image overlay spent 0.01 seconds.
2022-08-11 21:45:14.788 *** Get cell color spent 0.00 seconds.
2022-08-11 21:45:15.295 *** Process image overlay spent 0.01 seconds.
2022-08-11 21:45:15.298 *** Get cell color spent 0.00 seconds.
2022-08-11 21:45:15.420 *** Process image overlay spent 0.01 seconds.
2022-08-11 21:45:15.423 *** Get cell color spent 0.00 seconds.
2022-08-11 21:45:15.492 *** Process image overlay spent 0.01 seconds.
2022-08-11 21:45:15.496 *** Get cell color spent 0.00 seconds.
2022-08-11 21:45:15.601 *** Process image overlay spent 0.01 seconds.
2022-08-11 21:45:15.604 *** Get cell color spent 0.00 seconds.
2022-08-11 21:45:16.126 *** Mouse movement (LeftButton) ***  Mouse coords: (501, 49) (57726, 48260)
2022-08-11 21:45:16.134 *** Mouse movement (LeftButton) ***  Mouse coords: (502, 52) (57728, 48265)
2022-08-11 21:45:16.145 *** Mouse movement (LeftButton) ***  Mouse coords: (503, 56) (57730, 48272)
2022-08-11 21:45:16.161 *** Mouse movement (LeftButton) ***  Mouse coords: (507, 68) (57737, 48294)
2022-08-11 21:45:16.178 *** Mouse movement (LeftButton) ***  Mouse coords: (513, 82) (57748, 48320)
2022-08-11 21:45:16.195 *** Mouse movement (LeftButton) ***  Mouse coords: (529, 114) (57777, 48378)
2022-08-11 21:45:16.212 *** Mouse movement (LeftButton) ***  Mouse coords: (544, 136) (57805, 48418)
2022-08-11 21:45:16.228 *** Mouse movement (LeftButton) ***  Mouse coords: (561, 159) (57836, 48460)
2022-08-11 21:45:16.245 *** Mouse movement (LeftButton) ***  Mouse coords: (576, 177) (57863, 48492)
2022-08-11 21:45:16.261 *** Mouse movement (LeftButton) ***  Mouse coords: (600, 200) (57906, 48534)
2022-08-11 21:45:16.278 *** Mouse movement (LeftButton) ***  Mouse coords: (606, 204) (57917, 48542)
2022-08-11 21:45:16.295 *** Mouse movement (LeftButton) ***  Mouse coords: (609, 206) (57923, 48545)
2022-08-11 21:45:16.312 *** Mouse movement (LeftButton) ***  Mouse coords: (610, 206) (57925, 48545)
2022-08-11 21:45:20.912 *** Interactive label *** Apply to case start.
