2022-08-30 21:48:04.747 *** Start program *** Start program
2022-08-30 21:48:06.170 *** Keyboard input *** key pressed: key: 32; text: " "
2022-08-30 21:48:06.414 *** Keyboard input *** key pressed: key: 32; text: " "
2022-08-30 21:48:07.331 *** Keyboard input *** key pressed: key: 32; text: " "
2022-08-30 21:48:07.510 *** Keyboard input *** key pressed: key: 32; text: " "
2022-08-30 21:48:07.705 *** Keyboard input *** key pressed: key: 32; text: " "
2022-08-30 21:48:08.063 *** Keyboard input *** key pressed: key: 77; text: "m"
2022-08-30 21:48:08.334 *** Keyboard input *** key pressed: key: 77; text: "m"
2022-08-30 21:48:08.533 *** Keyboard input *** key pressed: key: 77; text: "m"
2022-08-30 21:48:08.710 *** Keyboard input *** key pressed: key: 77; text: "m"
2022-08-30 21:48:08.877 *** Keyboard input *** key pressed: key: 77; text: "m"
2022-08-30 21:48:09.039 *** Keyboard input *** key pressed: key: 77; text: "m"
2022-08-30 21:48:09.224 *** Keyboard input *** key pressed: key: 77; text: "m"
2022-08-30 21:48:09.399 *** Keyboard input *** key pressed: key: 77; text: "m"
2022-08-30 21:48:09.583 *** Keyboard input *** key pressed: key: 78; text: "n"
2022-08-30 21:48:09.766 *** Keyboard input *** key pressed: key: 78; text: "n"
2022-08-30 21:48:09.930 *** Keyboard input *** key pressed: key: 78; text: "n"
2022-08-30 21:48:10.083 *** Keyboard input *** key pressed: key: 78; text: "n"
2022-08-30 21:48:10.268 *** Keyboard input *** key pressed: key: 78; text: "n"
2022-08-30 21:48:10.439 *** Keyboard input *** key pressed: key: 78; text: "n"
2022-08-30 21:48:10.601 *** Keyboard input *** key pressed: key: 78; text: "n"
2022-08-30 21:48:10.771 *** Keyboard input *** key pressed: key: 78; text: "n"
2022-08-30 21:48:11.475 *** Keyboard input *** key pressed: key: 78; text: "n"
2022-08-30 21:48:11.673 *** Keyboard input *** key pressed: key: 78; text: "n"
2022-08-30 21:48:11.900 *** Keyboard input *** key pressed: key: 77; text: "m"
2022-08-30 21:48:12.237 *** Keyboard input *** key pressed: key: 77; text: "m"
2022-08-30 21:48:12.357 *** Keyboard input *** key pressed: key: 78; text: "n"
2022-08-30 21:48:12.510 *** Keyboard input *** key pressed: key: 77; text: "m"
2022-08-30 21:48:12.634 *** Keyboard input *** key pressed: key: 78; text: "n"
2022-08-30 21:48:12.707 *** Keyboard input *** key pressed: key: 77; text: "m"
2022-08-30 21:48:12.927 *** Keyboard input *** key pressed: key: 78; text: "n"
2022-08-30 21:48:13.065 *** Keyboard input *** key pressed: key: 77; text: "m"
2022-08-30 21:48:13.244 *** Keyboard input *** key pressed: key: 78; text: "n"
2022-08-30 21:48:13.294 *** Keyboard input *** key pressed: key: 77; text: "m"
2022-08-30 21:48:13.506 *** Keyboard input *** key pressed: key: 78; text: "n"
2022-08-30 21:48:13.532 *** Keyboard input *** key pressed: key: 77; text: "m"
2022-08-30 21:48:13.863 *** Keyboard input *** key pressed: key: 77; text: "m"
2022-08-30 21:48:14.265 *** Keyboard input *** key pressed: key: 77; text: "m"
2022-08-30 21:48:14.485 *** Keyboard input *** key pressed: key: 78; text: "n"
2022-08-30 21:48:15.420 *** Keyboard input *** key pressed: key: 77; text: "m"
2022-08-30 21:48:19.102 *** Open case *** /Applications/XAMPP/xamppfiles/htdocs/20220722_Eric_Yang
2022-08-30 21:48:25.346 *** Open processed data
2022-08-30 21:48:25.347 *** Preload all statistics at once.
2022-08-30 21:48:25.632 *** Nuclei stat data loaded, took 0.29 seconds. Total number of nuclei: 350792
2022-08-30 21:48:28.311 *** Mouse movement (LeftButton) ***  Mouse coords: (593, 411) (30484, 28826)
2022-08-30 21:48:32.704 *** Process image overlay spent 0.00 seconds.
2022-08-30 21:48:32.706 *** Get cell color spent 0.00 seconds.
2022-08-30 21:48:32.804 *** Process image overlay spent 0.00 seconds.
2022-08-30 21:48:32.805 *** Get cell color spent 0.00 seconds.
2022-08-30 21:48:33.660 *** Process image overlay spent 0.00 seconds.
2022-08-30 21:48:33.661 *** Get cell color spent 0.00 seconds.
2022-08-30 21:48:34.070 *** Mouse movement (LeftButton) ***  Mouse coords: (730, 349) (14656, 35773)
2022-08-30 21:48:34.505 *** Mouse movement (LeftButton) ***  Mouse coords: (700, 455) (14620, 35900)
2022-08-30 21:48:34.585 *** Mouse movement (LeftButton) ***  Mouse coords: (700, 455) (14621, 35899)
2022-08-30 21:48:34.630 *** Mouse movement (LeftButton) ***  Mouse coords: (700, 433) (14621, 35873)
2022-08-30 21:48:34.651 *** Mouse movement (LeftButton) ***  Mouse coords: (694, 397) (14613, 35855)
2022-08-30 21:48:34.671 *** Mouse movement (LeftButton) ***  Mouse coords: (681, 309) (14606, 35793)
2022-08-30 21:48:34.694 *** Mouse movement (LeftButton) ***  Mouse coords: (680, 276) (14620, 35860)
2022-08-30 21:48:34.714 *** Mouse movement (LeftButton) ***  Mouse coords: (680, 241) (14621, 35857)
2022-08-30 21:48:34.738 *** Mouse movement (LeftButton) ***  Mouse coords: (680, 229) (14621, 35884)
2022-08-30 21:48:34.759 *** Mouse movement (LeftButton) ***  Mouse coords: (680, 225) (14621, 35894)
2022-08-30 21:48:34.801 *** Mouse movement (LeftButton) ***  Mouse coords: (680, 225) (14621, 35899)
2022-08-30 21:48:34.839 *** Mouse movement (LeftButton) ***  Mouse coords: (680, 224) (14621, 35898)
2022-08-30 21:48:34.859 *** Mouse movement (LeftButton) ***  Mouse coords: (680, 223) (14621, 35898)
2022-08-30 21:48:34.881 *** Mouse movement (LeftButton) ***  Mouse coords: (680, 221) (14621, 35897)
2022-08-30 21:48:34.962 *** Process image overlay spent 0.00 seconds.
2022-08-30 21:48:34.963 *** Get cell color spent 0.00 seconds.
2022-08-30 21:48:36.065 *** Keyboard input *** key pressed: key: 77; text: "m"
2022-08-30 21:48:36.067 *** Process image overlay spent 0.00 seconds.
2022-08-30 21:48:36.069 *** Get cell color spent 0.00 seconds.
2022-08-30 21:48:36.537 *** Mouse movement (LeftButton) ***  Mouse coords: (724, 236) (14674, 35917)
2022-08-30 21:48:36.621 *** Process image overlay spent 0.00 seconds.
2022-08-30 21:48:36.623 *** Get cell color spent 0.00 seconds.
2022-08-30 21:48:37.053 *** Mouse movement (LeftButton) ***  Mouse coords: (722, 290) (14671, 35980)
2022-08-30 21:48:37.135 *** Mouse movement (LeftButton) ***  Mouse coords: (722, 290) (14671, 35980)
2022-08-30 21:48:37.166 *** Mouse movement (LeftButton) ***  Mouse coords: (722, 279) (14671, 35966)
2022-08-30 21:48:37.190 *** Mouse movement (LeftButton) ***  Mouse coords: (722, 249) (14671, 35944)
2022-08-30 21:48:37.210 *** Mouse movement (LeftButton) ***  Mouse coords: (722, 216) (14671, 35940)
2022-08-30 21:48:37.235 *** Mouse movement (LeftButton) ***  Mouse coords: (722, 182) (14671, 35940)
2022-08-30 21:48:37.255 *** Mouse movement (LeftButton) ***  Mouse coords: (722, 171) (14671, 35966)
2022-08-30 21:48:37.278 *** Mouse movement (LeftButton) ***  Mouse coords: (722, 170) (14671, 35979)
2022-08-30 21:48:37.373 *** Process image overlay spent 0.00 seconds.
2022-08-30 21:48:37.374 *** Get cell color spent 0.00 seconds.
2022-08-30 21:48:37.657 *** Keyboard input *** key pressed: key: 77; text: "m"
2022-08-30 21:48:37.659 *** Process image overlay spent 0.00 seconds.
2022-08-30 21:48:37.661 *** Get cell color spent 0.00 seconds.
2022-08-30 21:48:38.345 *** Mouse movement (LeftButton) ***  Mouse coords: (780, 436) (14741, 36300)
2022-08-30 21:48:38.384 *** Mouse movement (LeftButton) ***  Mouse coords: (780, 439) (14736, 36290)
2022-08-30 21:48:38.408 *** Mouse movement (LeftButton) ***  Mouse coords: (780, 440) (14736, 36287)
2022-08-30 21:48:38.434 *** Mouse movement (LeftButton) ***  Mouse coords: (780, 441) (14736, 36287)
2022-08-30 21:48:38.455 *** Mouse movement (LeftButton) ***  Mouse coords: (780, 441) (14736, 36286)
2022-08-30 21:48:38.495 *** Mouse movement (LeftButton) ***  Mouse coords: (780, 442) (14736, 36287)
2022-08-30 21:48:38.515 *** Mouse movement (LeftButton) ***  Mouse coords: (787, 448) (14744, 36294)
2022-08-30 21:48:38.557 *** Mouse movement (LeftButton) ***  Mouse coords: (793, 453) (14744, 36292)
2022-08-30 21:48:38.578 *** Mouse movement (LeftButton) ***  Mouse coords: (796, 454) (14739, 36287)
2022-08-30 21:48:38.601 *** Mouse movement (LeftButton) ***  Mouse coords: (797, 455) (14737, 36287)
2022-08-30 21:48:38.665 *** Process image overlay spent 0.00 seconds.
2022-08-30 21:48:38.666 *** Get cell color spent 0.00 seconds.
2022-08-30 21:48:38.686 *** Mouse movement (LeftButton) ***  Mouse coords: (797, 455) (14736, 36286)
2022-08-30 21:48:39.121 *** Mouse movement (LeftButton) ***  Mouse coords: (898, 463) (14858, 36296)
2022-08-30 21:48:39.260 *** Mouse movement (LeftButton) ***  Mouse coords: (898, 463) (14858, 36296)
2022-08-30 21:48:39.303 *** Mouse movement (LeftButton) ***  Mouse coords: (876, 463) (14831, 36296)
2022-08-30 21:48:39.332 *** Mouse movement (LeftButton) ***  Mouse coords: (859, 462) (14838, 36294)
2022-08-30 21:48:39.353 *** Mouse movement (LeftButton) ***  Mouse coords: (851, 462) (14848, 36296)
2022-08-30 21:48:39.392 *** Mouse movement (LeftButton) ***  Mouse coords: (848, 462) (14855, 36296)
2022-08-30 21:48:39.413 *** Mouse movement (LeftButton) ***  Mouse coords: (847, 462) (14856, 36296)
2022-08-30 21:48:39.480 *** Process image overlay spent 0.00 seconds.
2022-08-30 21:48:39.481 *** Get cell color spent 0.00 seconds.
2022-08-30 21:48:39.960 *** Mouse movement (LeftButton) ***  Mouse coords: (992, 462) (15033, 36296)
2022-08-30 21:48:40.043 *** Mouse movement (LeftButton) ***  Mouse coords: (991, 462) (15032, 36296)
2022-08-30 21:48:40.073 *** Mouse movement (LeftButton) ***  Mouse coords: (951, 458) (14985, 36292)
2022-08-30 21:48:40.093 *** Mouse movement (LeftButton) ***  Mouse coords: (850, 413) (14911, 36242)
2022-08-30 21:48:40.136 *** Mouse movement (LeftButton) ***  Mouse coords: (752, 362) (14915, 36234)
2022-08-30 21:48:40.156 *** Mouse movement (LeftButton) ***  Mouse coords: (693, 322) (14962, 36248)
2022-08-30 21:48:40.180 *** Mouse movement (LeftButton) ***  Mouse coords: (672, 307) (15008, 36278)
2022-08-30 21:48:40.200 *** Mouse movement (LeftButton) ***  Mouse coords: (662, 300) (15021, 36288)
2022-08-30 21:48:40.223 *** Mouse movement (LeftButton) ***  Mouse coords: (661, 300) (15032, 36296)
2022-08-30 21:48:40.320 *** Process image overlay spent 0.00 seconds.
2022-08-30 21:48:40.321 *** Get cell color spent 0.00 seconds.
2022-08-30 21:48:40.832 *** Keyboard input *** key pressed: key: 77; text: "m"
2022-08-30 21:48:40.835 *** Process image overlay spent 0.00 seconds.
2022-08-30 21:48:40.836 *** Get cell color spent 0.00 seconds.
2022-08-30 21:48:41.183 *** Keyboard input *** key pressed: key: 77; text: "m"
2022-08-30 21:48:41.185 *** Process image overlay spent 0.00 seconds.
2022-08-30 21:48:41.186 *** Get cell color spent 0.00 seconds.
2022-08-30 21:48:41.588 *** Keyboard input *** key pressed: key: 77; text: "m"
2022-08-30 21:48:41.590 *** Process image overlay spent 0.00 seconds.
2022-08-30 21:48:41.592 *** Get cell color spent 0.00 seconds.
2022-08-30 21:48:41.940 *** Keyboard input *** key pressed: key: 77; text: "m"
2022-08-30 21:48:41.943 *** Process image overlay spent 0.00 seconds.
2022-08-30 21:48:41.945 *** Get cell color spent 0.00 seconds.
2022-08-30 21:48:42.310 *** Keyboard input *** key pressed: key: 77; text: "m"
2022-08-30 21:48:42.312 *** Process image overlay spent 0.00 seconds.
2022-08-30 21:48:42.314 *** Get cell color spent 0.00 seconds.
2022-08-30 21:48:42.675 *** Keyboard input *** key pressed: key: 77; text: "m"
2022-08-30 21:48:42.678 *** Process image overlay spent 0.00 seconds.
2022-08-30 21:48:42.679 *** Get cell color spent 0.00 seconds.
2022-08-30 21:48:43.055 *** Keyboard input *** key pressed: key: 77; text: "m"
2022-08-30 21:48:43.059 *** Process image overlay spent 0.00 seconds.
2022-08-30 21:48:43.061 *** Get cell color spent 0.00 seconds.
2022-08-30 21:48:43.451 *** Keyboard input *** key pressed: key: 77; text: "m"
2022-08-30 21:48:43.454 *** Process image overlay spent 0.00 seconds.
2022-08-30 21:48:43.456 *** Get cell color spent 0.00 seconds.
2022-08-30 21:48:43.880 *** Mouse movement (LeftButton) ***  Mouse coords: (555, 343) (14905, 36347)
2022-08-30 21:48:43.943 *** Mouse movement (LeftButton) ***  Mouse coords: (555, 342) (14906, 36348)
2022-08-30 21:48:43.992 *** Mouse movement (LeftButton) ***  Mouse coords: (575, 345) (14930, 36353)
2022-08-30 21:48:44.014 *** Mouse movement (LeftButton) ***  Mouse coords: (649, 378) (14995, 36388)
2022-08-30 21:48:44.035 *** Mouse movement (LeftButton) ***  Mouse coords: (721, 413) (14993, 36392)
2022-08-30 21:48:44.058 *** Mouse movement (LeftButton) ***  Mouse coords: (816, 455) (15020, 36399)
2022-08-30 21:48:44.079 *** Mouse movement (LeftButton) ***  Mouse coords: (883, 475) (14987, 36373)
2022-08-30 21:48:44.103 *** Mouse movement (LeftButton) ***  Mouse coords: (904, 477) (14931, 36352)
2022-08-30 21:48:44.124 *** Mouse movement (LeftButton) ***  Mouse coords: (914, 477) (14918, 36349)
2022-08-30 21:48:44.150 *** Mouse movement (LeftButton) ***  Mouse coords: (917, 477) (14910, 36349)
2022-08-30 21:48:44.230 *** Process image overlay spent 0.00 seconds.
2022-08-30 21:48:44.231 *** Get cell color spent 0.00 seconds.
2022-08-30 21:48:44.380 *** Keyboard input *** key pressed: key: 77; text: "m"
2022-08-30 21:48:44.382 *** Process image overlay spent 0.00 seconds.
2022-08-30 21:48:44.384 *** Get cell color spent 0.00 seconds.
2022-08-30 21:48:44.763 *** Keyboard input *** key pressed: key: 77; text: "m"
2022-08-30 21:48:44.766 *** Process image overlay spent 0.00 seconds.
2022-08-30 21:48:44.768 *** Get cell color spent 0.00 seconds.
2022-08-30 21:48:45.061 *** Keyboard input *** key pressed: key: 77; text: "m"
2022-08-30 21:48:45.063 *** Process image overlay spent 0.00 seconds.
2022-08-30 21:48:45.065 *** Get cell color spent 0.00 seconds.
2022-08-30 21:48:45.318 *** Keyboard input *** key pressed: key: 77; text: "m"
2022-08-30 21:48:45.320 *** Process image overlay spent 0.00 seconds.
2022-08-30 21:48:45.321 *** Get cell color spent 0.00 seconds.
2022-08-30 21:48:50.478 *** Mouse movement (LeftButton) ***  Mouse coords: (635, -23) (14566, 35747)
2022-08-30 21:48:50.521 *** Mouse movement (LeftButton) ***  Mouse coords: (730, -23) (14680, 35747)
2022-08-30 21:48:50.545 *** Mouse movement (LeftButton) ***  Mouse coords: (753, -23) (14592, 35747)
2022-08-30 21:48:50.573 *** Mouse movement (LeftButton) ***  Mouse coords: (889, -23) (14729, 35747)
2022-08-30 21:48:50.593 *** Mouse movement (LeftButton) ***  Mouse coords: (1010, -23) (14711, 35747)
2022-08-30 21:48:50.618 *** Mouse movement (LeftButton) ***  Mouse coords: (1097, -23) (14669, 35747)
2022-08-30 21:48:50.638 *** Mouse movement (LeftButton) ***  Mouse coords: (1151, -22) (14630, 35748)
2022-08-30 21:48:50.662 *** Mouse movement (LeftButton) ***  Mouse coords: (1168, -22) (14586, 35747)
2022-08-30 21:48:50.683 *** Mouse movement (LeftButton) ***  Mouse coords: (1184, -22) (14584, 35747)
2022-08-30 21:48:50.707 *** Mouse movement (LeftButton) ***  Mouse coords: (1193, -22) (14576, 35747)
2022-08-30 21:48:50.729 *** Mouse movement (LeftButton) ***  Mouse coords: (1198, -23) (14571, 35746)
2022-08-30 21:48:50.753 *** Mouse movement (LeftButton) ***  Mouse coords: (1201, -24) (14568, 35746)
2022-08-30 21:48:50.774 *** Mouse movement (LeftButton) ***  Mouse coords: (1204, -26) (14569, 35744)
2022-08-30 21:48:50.799 *** Mouse movement (LeftButton) ***  Mouse coords: (1207, -27) (14569, 35746)
2022-08-30 21:48:50.818 *** Mouse movement (LeftButton) ***  Mouse coords: (1208, -27) (14566, 35747)
2022-08-30 21:48:50.842 *** Mouse movement (LeftButton) ***  Mouse coords: (1208, -27) (14565, 35747)
2022-08-30 21:48:50.862 *** Mouse movement (LeftButton) ***  Mouse coords: (1208, -27) (14565, 35747)
2022-08-30 21:48:50.899 *** Mouse movement (LeftButton) ***  Mouse coords: (1206, -27) (14562, 35747)
2022-08-30 21:48:50.922 *** Mouse movement (LeftButton) ***  Mouse coords: (1204, -27) (14563, 35747)
2022-08-30 21:48:50.943 *** Mouse movement (LeftButton) ***  Mouse coords: (1201, -27) (14561, 35747)
2022-08-30 21:48:50.966 *** Mouse movement (LeftButton) ***  Mouse coords: (1197, -27) (14561, 35747)
2022-08-30 21:48:50.986 *** Mouse movement (LeftButton) ***  Mouse coords: (1194, -27) (14561, 35747)
2022-08-30 21:48:51.012 *** Mouse movement (LeftButton) ***  Mouse coords: (1182, -27) (14551, 35747)
2022-08-30 21:48:51.037 *** Mouse movement (LeftButton) ***  Mouse coords: (1081, -28) (14443, 35746)
2022-08-30 21:48:51.061 *** Mouse movement (LeftButton) ***  Mouse coords: (1034, -32) (14508, 35742)
2022-08-30 21:48:51.081 *** Mouse movement (LeftButton) ***  Mouse coords: (879, -56) (14379, 35718)
2022-08-30 21:48:51.106 *** Mouse movement (LeftButton) ***  Mouse coords: (798, -74) (14468, 35726)
2022-08-30 21:48:51.127 *** Mouse movement (LeftButton) ***  Mouse coords: (719, -89) (14469, 35729)
2022-08-30 21:48:51.150 *** Mouse movement (LeftButton) ***  Mouse coords: (684, -95) (14523, 35739)
2022-08-30 21:48:51.171 *** Mouse movement (LeftButton) ***  Mouse coords: (674, -95) (14553, 35747)
2022-08-30 21:48:51.195 *** Mouse movement (LeftButton) ***  Mouse coords: (672, -95) (14563, 35747)
2022-08-30 21:48:51.248 *** Mouse movement (LeftButton) ***  Mouse coords: (672, -95) (14565, 35747)
2022-08-30 21:48:52.787 *** Mouse movement (LeftButton) ***  Mouse coords: (555, 328) (14424, 36256)
2022-08-30 21:48:53.376 *** Keyboard input *** key pressed: key: 77; text: "m"
2022-08-30 21:48:53.381 *** Process image overlay spent 0.00 seconds.
2022-08-30 21:48:53.383 *** Get cell color spent 0.00 seconds.
2022-08-30 21:50:11.950 *** Program closed.
