2022-08-13 19:17:15.208 *** Start program *** Start program
2022-08-13 19:17:22.465 *** User Login *** id=640475916; email=zhihuang@stanford.edu; firstname=Zhi; lastname=Huang.
2022-08-13 19:17:27.900 *** Open case *** /media/zhihuang/Drive14/Google_Colon_lnm_pos_2015_slides/slides/S0425
2022-08-13 19:17:29.955 *** Open processed data
2022-08-13 19:17:29.957 *** Preload all statistics at once.
2022-08-13 19:17:30.809 *** Nuclei stat data loaded, took 0.85 seconds. Total number of nuclei: 954361
2022-08-13 19:17:38.385 *** Process image overlay spent 0.00 seconds.
2022-08-13 19:17:38.388 *** Get cell color spent 0.00 seconds.
2022-08-13 19:17:39.632 *** Mouse movement (LeftButton) ***  Mouse coords: (553, 310) (52469, 54525)
2022-08-13 19:17:39.639 *** Mouse movement (LeftButton) ***  Mouse coords: (554, 312) (52471, 54529)
2022-08-13 19:17:39.650 *** Mouse movement (LeftButton) ***  Mouse coords: (557, 317) (52476, 54538)
2022-08-13 19:17:39.666 *** Mouse movement (LeftButton) ***  Mouse coords: (565, 328) (52491, 54558)
2022-08-13 19:17:39.683 *** Mouse movement (LeftButton) ***  Mouse coords: (581, 353) (52520, 54604)
2022-08-13 19:17:39.699 *** Mouse movement (LeftButton) ***  Mouse coords: (611, 392) (52574, 54675)
2022-08-13 19:17:39.716 *** Mouse movement (LeftButton) ***  Mouse coords: (628, 412) (52605, 54711)
2022-08-13 19:17:39.733 *** Mouse movement (LeftButton) ***  Mouse coords: (649, 431) (52644, 54745)
2022-08-13 19:17:39.750 *** Mouse movement (LeftButton) ***  Mouse coords: (670, 446) (52682, 54773)
2022-08-13 19:17:39.767 *** Mouse movement (LeftButton) ***  Mouse coords: (683, 453) (52705, 54785)
2022-08-13 19:17:39.783 *** Mouse movement (LeftButton) ***  Mouse coords: (714, 468) (52762, 54813)
2022-08-13 19:17:39.799 *** Mouse movement (LeftButton) ***  Mouse coords: (729, 474) (52789, 54824)
2022-08-13 19:17:39.816 *** Mouse movement (LeftButton) ***  Mouse coords: (742, 481) (52813, 54836)
2022-08-13 19:17:39.833 *** Mouse movement (LeftButton) ***  Mouse coords: (748, 483) (52824, 54840)
2022-08-13 19:17:39.849 *** Mouse movement (LeftButton) ***  Mouse coords: (756, 486) (52838, 54845)
2022-08-13 19:17:41.949 *** CACHEDIR=/home/zhihuang/.cache/matplotlib
2022-08-13 19:17:41.950 *** Using fontManager instance from /home/zhihuang/.cache/matplotlib/fontlist-v330.json
2022-08-13 19:17:42.209 *** Loaded backend qtagg version unknown.
2022-08-13 19:20:26.941 *** Program closed.
