2022-09-02 14:47:52.488 *** Start program *** Start program
2022-09-02 15:11:21.869 *** Open case *** /Applications/XAMPP/xamppfiles/htdocs/20220722_Eric_Yang
2022-09-02 15:11:30.246 *** Open processed data
2022-09-02 15:11:30.248 *** Preload all statistics at once.
2022-09-02 15:11:31.933 *** Nuclei stat data loaded, took 1.68 seconds. Total number of nuclei: 1097957
2022-09-02 15:11:51.504 *** Mouse movement (LeftButton) ***  Mouse coords: (194, 356) (38986, 25968)
2022-09-02 15:12:02.798 *** Interactive label *** (double click) click on screen. screen: (613, 464); slide: (38642, 26195). case_id: 20220722_Eric_Yang, slide_id: 3BSULE_44652.svs, Nuclei index selected: 305948
2022-09-02 15:12:02.842 *** Interactive label *** Apply to case start.
2022-09-02 15:12:06.317 *** Mouse movement (LeftButton) ***  Mouse coords: (644, 569) (38614, 26409)
2022-09-02 15:12:08.404 *** Mouse movement (LeftButton) ***  Mouse coords: (798, 452) (38764, 26295)
2022-09-02 15:12:08.622 *** Keyboard input *** key pressed: key: 88; text: "x"
2022-09-02 15:12:09.746 *** Keyboard input *** key pressed: key: 90; text: "z"
2022-09-02 15:12:09.750 *** Process image overlay spent 0.00 seconds.
2022-09-02 15:12:09.752 *** Get cell color spent 0.00 seconds.
2022-09-02 15:12:10.235 *** Keyboard input *** key pressed: key: 88; text: "x"
2022-09-02 15:12:10.694 *** Keyboard input *** key pressed: key: 90; text: "z"
2022-09-02 15:12:11.301 *** Keyboard input *** key pressed: key: 88; text: "x"
2022-09-02 15:12:11.803 *** Keyboard input *** key pressed: key: 88; text: "x"
2022-09-02 15:12:12.218 *** Keyboard input *** key pressed: key: 88; text: "x"
2022-09-02 15:12:12.496 *** Keyboard input *** key pressed: key: 88; text: "x"
2022-09-02 15:12:12.728 *** Keyboard input *** key pressed: key: 88; text: "x"
2022-09-02 15:12:12.992 *** Keyboard input *** key pressed: key: 88; text: "x"
2022-09-02 15:12:14.792 *** Keyboard input *** key pressed: key: 88; text: "x"
2022-09-02 15:12:15.071 *** Keyboard input *** key pressed: key: 88; text: "x"
2022-09-02 15:12:15.300 *** Keyboard input *** key pressed: key: 88; text: "x"
2022-09-02 15:12:15.590 *** Keyboard input *** key pressed: key: 88; text: "x"
2022-09-02 15:12:16.650 *** Keyboard input *** key pressed: key: 88; text: "x"
2022-09-02 15:12:16.938 *** Keyboard input *** key pressed: key: 88; text: "x"
2022-09-02 15:12:17.893 *** Keyboard input *** key pressed: key: 88; text: "x"
2022-09-02 15:12:18.176 *** Keyboard input *** key pressed: key: 88; text: "x"
2022-09-02 15:12:19.858 *** Keyboard input *** key pressed: key: 88; text: "x"
2022-09-02 15:12:20.266 *** Keyboard input *** key pressed: key: 88; text: "x"
2022-09-02 15:12:20.527 *** Keyboard input *** key pressed: key: 88; text: "x"
2022-09-02 15:12:20.767 *** Keyboard input *** key pressed: key: 88; text: "x"
2022-09-02 15:12:21.282 *** Keyboard input *** key pressed: key: 88; text: "x"
2022-09-02 15:12:21.595 *** Keyboard input *** key pressed: key: 88; text: "x"
2022-09-02 15:12:21.860 *** Keyboard input *** key pressed: key: 88; text: "x"
2022-09-02 15:12:22.149 *** Keyboard input *** key pressed: key: 88; text: "x"
2022-09-02 15:12:22.610 *** Keyboard input *** key pressed: key: 88; text: "x"
2022-09-02 15:12:22.986 *** Keyboard input *** key pressed: key: 88; text: "x"
2022-09-02 15:12:23.414 *** Keyboard input *** key pressed: key: 88; text: "x"
2022-09-02 15:12:23.598 *** Keyboard input *** key pressed: key: 88; text: "x"
2022-09-02 15:12:23.975 *** Keyboard input *** key pressed: key: 88; text: "x"
2022-09-02 15:12:25.848 *** Keyboard input *** key pressed: key: 88; text: "x"
2022-09-02 15:12:26.125 *** Keyboard input *** key pressed: key: 88; text: "x"
2022-09-02 15:12:26.365 *** Keyboard input *** key pressed: key: 88; text: "x"
2022-09-02 15:12:26.645 *** Keyboard input *** key pressed: key: 88; text: "x"
2022-09-02 15:12:27.038 *** Mouse movement (LeftButton) ***  Mouse coords: (712, 274) (38170, 25239)
2022-09-02 15:12:27.145 *** Mouse movement (LeftButton) ***  Mouse coords: (712, 275) (38170, 25240)
2022-09-02 15:12:27.173 *** Mouse movement (LeftButton) ***  Mouse coords: (724, 280) (38181, 25245)
2022-09-02 15:12:27.196 *** Mouse movement (LeftButton) ***  Mouse coords: (756, 302) (38212, 25266)
2022-09-02 15:12:27.214 *** Mouse movement (LeftButton) ***  Mouse coords: (772, 317) (38228, 25281)
2022-09-02 15:12:27.232 *** Mouse movement (LeftButton) ***  Mouse coords: (786, 329) (38242, 25293)
2022-09-02 15:12:27.248 *** Mouse movement (LeftButton) ***  Mouse coords: (791, 333) (38246, 25296)
2022-09-02 15:12:27.266 *** Mouse movement (LeftButton) ***  Mouse coords: (796, 336) (38251, 25299)
2022-09-02 15:12:27.283 *** Mouse movement (LeftButton) ***  Mouse coords: (799, 337) (38254, 25300)
2022-09-02 15:12:27.300 *** Mouse movement (LeftButton) ***  Mouse coords: (803, 338) (38258, 25301)
2022-09-02 15:12:27.317 *** Mouse movement (LeftButton) ***  Mouse coords: (808, 340) (38263, 25303)
2022-09-02 15:12:27.334 *** Mouse movement (LeftButton) ***  Mouse coords: (813, 342) (38268, 25305)
2022-09-02 15:12:27.351 *** Mouse movement (LeftButton) ***  Mouse coords: (823, 348) (38278, 25311)
2022-09-02 15:12:27.369 *** Mouse movement (LeftButton) ***  Mouse coords: (828, 350) (38282, 25313)
2022-09-02 15:12:27.386 *** Mouse movement (LeftButton) ***  Mouse coords: (830, 352) (38284, 25315)
2022-09-02 15:12:27.403 *** Mouse movement (LeftButton) ***  Mouse coords: (835, 354) (38289, 25317)
2022-09-02 15:12:27.421 *** Mouse movement (LeftButton) ***  Mouse coords: (839, 355) (38293, 25318)
2022-09-02 15:12:27.438 *** Mouse movement (LeftButton) ***  Mouse coords: (845, 357) (38299, 25320)
2022-09-02 15:12:27.455 *** Mouse movement (LeftButton) ***  Mouse coords: (853, 360) (38307, 25323)
2022-09-02 15:12:27.472 *** Mouse movement (LeftButton) ***  Mouse coords: (864, 368) (38317, 25330)
2022-09-02 15:12:27.488 *** Mouse movement (LeftButton) ***  Mouse coords: (876, 377) (38329, 25339)
2022-09-02 15:12:27.505 *** Mouse movement (LeftButton) ***  Mouse coords: (883, 384) (38336, 25346)
2022-09-02 15:12:27.522 *** Mouse movement (LeftButton) ***  Mouse coords: (890, 390) (38343, 25352)
2022-09-02 15:12:27.539 *** Mouse movement (LeftButton) ***  Mouse coords: (892, 393) (38345, 25355)
2022-09-02 15:12:27.556 *** Mouse movement (LeftButton) ***  Mouse coords: (893, 394) (38346, 25356)
2022-09-02 15:12:27.573 *** Mouse movement (LeftButton) ***  Mouse coords: (894, 394) (38347, 25356)
2022-09-02 15:12:27.590 *** Mouse movement (LeftButton) ***  Mouse coords: (894, 394) (38347, 25356)
2022-09-02 15:12:28.953 *** Interactive label *** Apply to case start.
2022-09-02 15:12:32.819 *** Interactive label *** Apply to case done.
2022-09-02 15:12:35.048 *** Interactive label *** Apply to case finish overlay create.
2022-09-02 15:12:38.503 *** Interactive label *** (double click) click on screen. screen: (414, 336); slide: (37650, 25478). case_id: 20220722_Eric_Yang, slide_id: 3BSULE_44652.svs, Nuclei index selected: 302581
2022-09-02 15:12:38.544 *** Interactive label *** Apply to case start.
2022-09-02 15:12:42.184 *** Interactive label *** Apply to case done.
2022-09-02 15:12:42.289 *** Interactive label *** Apply to case finish overlay create.
2022-09-02 15:12:42.318 *** Interactive label *** (double click) click on screen. screen: (551, 468); slide: (37783, 25606). case_id: 20220722_Eric_Yang, slide_id: 3BSULE_44652.svs, Nuclei index selected: 302491
2022-09-02 15:12:42.348 *** Interactive label *** Apply to case start.
2022-09-02 15:12:46.010 *** Interactive label *** Apply to case done.
2022-09-02 15:12:46.639 *** Interactive label *** Apply to case finish overlay create.
2022-09-02 15:12:48.123 *** Mouse movement (LeftButton) ***  Mouse coords: (234, 443) (37335, 25753)
2022-09-02 15:12:48.296 *** Interactive label *** (double click) click on screen. screen: (234, 443); slide: (37335, 25753). case_id: 20220722_Eric_Yang, slide_id: 3BSULE_44652.svs, Nuclei index selected: 303922
2022-09-02 15:12:48.339 *** Interactive label *** Apply to case start.
2022-09-02 15:12:52.101 *** Interactive label *** Apply to case done.
2022-09-02 15:12:54.255 *** Interactive label *** Apply to case finish overlay create.
2022-09-02 15:13:10.440 *** User Login *** id=640475916; email=zhihuang@stanford.edu; firstname=Zhi; lastname=Huang.
2022-09-02 15:13:12.519 *** Interactive label: Sync start.
2022-09-02 15:13:12.544 *** starting thread (client mode): 0x17827790
2022-09-02 15:13:12.545 *** Local version/idstring: SSH-2.0-paramiko_2.11.0
2022-09-02 15:13:12.570 *** Remote version/idstring: SSH-2.0-OpenSSH_5.3
2022-09-02 15:13:12.570 *** Connected (version 2.0, client OpenSSH_5.3)
2022-09-02 15:13:12.592 *** === Key exchange possibilities ===
2022-09-02 15:13:12.592 *** kex algos: diffie-hellman-group-exchange-sha256, diffie-hellman-group-exchange-sha1, diffie-hellman-group14-sha1, diffie-hellman-group1-sha1
2022-09-02 15:13:12.592 *** server key: ssh-rsa, ssh-rsa-cert-v01@openssh.com, ssh-dss
2022-09-02 15:13:12.592 *** client encrypt: aes128-ctr, aes192-ctr, aes256-ctr, arcfour256, arcfour128, aes128-cbc, 3des-cbc, blowfish-cbc, cast128-cbc, aes192-cbc, aes256-cbc, arcfour, rijndael-cbc@lysator.liu.se
2022-09-02 15:13:12.592 *** server encrypt: aes128-ctr, aes192-ctr, aes256-ctr, arcfour256, arcfour128, aes128-cbc, 3des-cbc, blowfish-cbc, cast128-cbc, aes192-cbc, aes256-cbc, arcfour, rijndael-cbc@lysator.liu.se
2022-09-02 15:13:12.592 *** client mac: hmac-md5, hmac-sha1, umac-64@openssh.com, hmac-sha2-256, hmac-sha2-512, hmac-ripemd160, hmac-ripemd160@openssh.com, hmac-sha1-96, hmac-md5-96
2022-09-02 15:13:12.592 *** server mac: hmac-md5, hmac-sha1, umac-64@openssh.com, hmac-sha2-256, hmac-sha2-512, hmac-ripemd160, hmac-ripemd160@openssh.com, hmac-sha1-96, hmac-md5-96
2022-09-02 15:13:12.592 *** client compress: none, zlib@openssh.com
2022-09-02 15:13:12.592 *** server compress: none, zlib@openssh.com
2022-09-02 15:13:12.592 *** client lang: <none>
2022-09-02 15:13:12.592 *** server lang: <none>
2022-09-02 15:13:12.592 *** kex follows: False
2022-09-02 15:13:12.592 *** === Key exchange agreements ===
2022-09-02 15:13:12.592 *** Kex: diffie-hellman-group-exchange-sha256
2022-09-02 15:13:12.592 *** HostKey: ssh-rsa
2022-09-02 15:13:12.592 *** Cipher: aes128-ctr
2022-09-02 15:13:12.592 *** MAC: hmac-sha2-256
2022-09-02 15:13:12.592 *** Compression: none
2022-09-02 15:13:12.592 *** === End of kex handshake ===
2022-09-02 15:13:12.659 *** Got server p (2048 bits)
2022-09-02 15:13:12.749 *** kex engine KexGexSHA256 specified hash_algo <built-in function openssl_sha256>
2022-09-02 15:13:12.750 *** Switch to new keys ...
2022-09-02 15:13:12.750 *** Adding ssh-rsa host key for 173.201.181.247: b'cca345f774a2d98448d0bcc78f04075d'
2022-09-02 15:13:12.833 *** userauth is OK
2022-09-02 15:13:12.862 *** Authentication (password) successful!
2022-09-02 15:13:12.864 *** [chan 0] Max packet in: 32768 bytes
2022-09-02 15:13:12.886 *** [chan 0] Max packet out: 32768 bytes
2022-09-02 15:13:12.886 *** Secsh channel 0 opened.
2022-09-02 15:13:12.912 *** [chan 0] Sesch channel 0 request ok
2022-09-02 15:13:12.918 *** [chan 0] EOF received (0)
2022-09-02 15:13:12.919 *** [chan 0] EOF sent (0)
2022-09-02 15:13:12.919 *** [chan 1] Max packet in: 32768 bytes
2022-09-02 15:13:13.004 *** [chan 1] Max packet out: 32768 bytes
2022-09-02 15:13:13.004 *** Secsh channel 1 opened.
2022-09-02 15:13:13.031 *** [chan 1] Sesch channel 1 request ok
2022-09-02 15:13:13.056 *** [chan 1] Opened sftp connection (server version 3)
2022-09-02 15:13:13.057 *** [chan 1] open(b'/home/b6o162rzivzp/NucFinder_DB/A3E23007EB2108FC/interactive_nuclei_dict.pickle', 'wb')
2022-09-02 15:13:13.082 *** [chan 1] open(b'/home/b6o162rzivzp/NucFinder_DB/A3E23007EB2108FC/interactive_nuclei_dict.pickle', 'wb') -> 00000000
2022-09-02 15:13:13.082 *** [chan 1] close(00000000)
2022-09-02 15:13:13.128 *** [chan 1] stat(b'/home/b6o162rzivzp/NucFinder_DB/A3E23007EB2108FC/interactive_nuclei_dict.pickle')
2022-09-02 15:13:13.149 *** [chan 1] sftp session closed.
2022-09-02 15:13:13.150 *** [chan 1] EOF sent (1)
2022-09-02 15:13:13.249 *** EOF in transport thread
2022-09-02 15:13:13.348 *** Interactive label: Sync finished.
2022-09-02 15:13:36.168 *** starting thread (client mode): 0x81c12520
2022-09-02 15:13:36.168 *** Local version/idstring: SSH-2.0-paramiko_2.11.0
2022-09-02 15:13:36.194 *** Remote version/idstring: SSH-2.0-OpenSSH_5.3
2022-09-02 15:13:36.194 *** Connected (version 2.0, client OpenSSH_5.3)
2022-09-02 15:13:36.214 *** === Key exchange possibilities ===
2022-09-02 15:13:36.214 *** kex algos: diffie-hellman-group-exchange-sha256, diffie-hellman-group-exchange-sha1, diffie-hellman-group14-sha1, diffie-hellman-group1-sha1
2022-09-02 15:13:36.214 *** server key: ssh-rsa, ssh-rsa-cert-v01@openssh.com, ssh-dss
2022-09-02 15:13:36.214 *** client encrypt: aes128-ctr, aes192-ctr, aes256-ctr, arcfour256, arcfour128, aes128-cbc, 3des-cbc, blowfish-cbc, cast128-cbc, aes192-cbc, aes256-cbc, arcfour, rijndael-cbc@lysator.liu.se
2022-09-02 15:13:36.214 *** server encrypt: aes128-ctr, aes192-ctr, aes256-ctr, arcfour256, arcfour128, aes128-cbc, 3des-cbc, blowfish-cbc, cast128-cbc, aes192-cbc, aes256-cbc, arcfour, rijndael-cbc@lysator.liu.se
2022-09-02 15:13:36.214 *** client mac: hmac-md5, hmac-sha1, umac-64@openssh.com, hmac-sha2-256, hmac-sha2-512, hmac-ripemd160, hmac-ripemd160@openssh.com, hmac-sha1-96, hmac-md5-96
2022-09-02 15:13:36.214 *** server mac: hmac-md5, hmac-sha1, umac-64@openssh.com, hmac-sha2-256, hmac-sha2-512, hmac-ripemd160, hmac-ripemd160@openssh.com, hmac-sha1-96, hmac-md5-96
2022-09-02 15:13:36.214 *** client compress: none, zlib@openssh.com
2022-09-02 15:13:36.214 *** server compress: none, zlib@openssh.com
2022-09-02 15:13:36.214 *** client lang: <none>
2022-09-02 15:13:36.214 *** server lang: <none>
2022-09-02 15:13:36.214 *** kex follows: False
2022-09-02 15:13:36.214 *** === Key exchange agreements ===
2022-09-02 15:13:36.214 *** Kex: diffie-hellman-group-exchange-sha256
2022-09-02 15:13:36.214 *** HostKey: ssh-rsa
2022-09-02 15:13:36.214 *** Cipher: aes128-ctr
2022-09-02 15:13:36.215 *** MAC: hmac-sha2-256
2022-09-02 15:13:36.215 *** Compression: none
2022-09-02 15:13:36.215 *** === End of kex handshake ===
2022-09-02 15:13:36.279 *** Got server p (2048 bits)
2022-09-02 15:13:36.379 *** kex engine KexGexSHA256 specified hash_algo <built-in function openssl_sha256>
2022-09-02 15:13:36.380 *** Switch to new keys ...
2022-09-02 15:13:36.380 *** Adding ssh-rsa host key for 173.201.181.247: b'cca345f774a2d98448d0bcc78f04075d'
2022-09-02 15:13:36.459 *** userauth is OK
2022-09-02 15:13:36.485 *** Authentication (password) successful!
2022-09-02 15:13:36.486 *** [chan 0] Max packet in: 32768 bytes
2022-09-02 15:13:36.506 *** [chan 0] Max packet out: 32768 bytes
2022-09-02 15:13:36.507 *** Secsh channel 0 opened.
2022-09-02 15:13:36.528 *** [chan 0] Sesch channel 0 request ok
2022-09-02 15:13:36.550 *** [chan 0] Opened sftp connection (server version 3)
2022-09-02 15:13:36.550 *** [chan 0] stat(b'/home/b6o162rzivzp/NucFinder_DB/A3E23007EB2108FC/interactive_nuclei_dict.pickle')
2022-09-02 15:13:36.571 *** [chan 0] open(b'/home/b6o162rzivzp/NucFinder_DB/A3E23007EB2108FC/interactive_nuclei_dict.pickle', 'rb')
2022-09-02 15:13:36.592 *** [chan 0] open(b'/home/b6o162rzivzp/NucFinder_DB/A3E23007EB2108FC/interactive_nuclei_dict.pickle', 'rb') -> 00000000
2022-09-02 15:13:36.675 *** [chan 0] close(00000000)
2022-09-02 15:16:04.448 *** Program closed.
