2022-08-10 14:32:12.613 *** Start program *** Start program
2022-08-10 14:32:17.174 *** Open processed data
2022-08-10 14:32:18.041 *** Mouse movement ***  Mouse coords: (260, 294) (21176, 5475)
2022-08-10 14:32:18.048 *** Mouse movement ***  Mouse coords: (261, 298) (21336, 6115)
2022-08-10 14:32:18.059 *** Mouse movement ***  Mouse coords: (262, 300) (21496, 6435)
2022-08-10 14:32:18.075 *** Mouse movement ***  Mouse coords: (264, 307) (21816, 7555)
2022-08-10 14:32:18.092 *** Mouse movement ***  Mouse coords: (269, 315) (22616, 8835)
2022-08-10 14:32:18.109 *** Mouse movement ***  Mouse coords: (278, 327) (24056, 10755)
2022-08-10 14:32:18.125 *** Mouse movement ***  Mouse coords: (284, 333) (25016, 11715)
2022-08-10 14:32:18.142 *** Mouse movement ***  Mouse coords: (291, 339) (26136, 12675)
2022-08-10 14:32:18.159 *** Mouse movement ***  Mouse coords: (300, 346) (27576, 13795)
2022-08-10 14:32:18.175 *** Mouse movement ***  Mouse coords: (307, 353) (28696, 14915)
2022-08-10 14:32:18.192 *** Mouse movement ***  Mouse coords: (313, 357) (29656, 15555)
2022-08-10 14:32:18.209 *** Mouse movement ***  Mouse coords: (316, 359) (30136, 15875)
2022-08-10 14:32:18.225 *** Mouse movement ***  Mouse coords: (317, 359) (30296, 15875)
2022-08-10 14:32:18.242 *** Mouse movement ***  Mouse coords: (317, 360) (30296, 16035)
2022-08-10 14:32:18.259 *** Mouse movement ***  Mouse coords: (318, 362) (30456, 16355)
2022-08-10 14:32:18.275 *** Mouse movement ***  Mouse coords: (321, 365) (30936, 16835)
2022-08-10 14:32:18.292 *** Mouse movement ***  Mouse coords: (325, 368) (31576, 17315)
2022-08-10 14:32:18.309 *** Mouse movement ***  Mouse coords: (327, 370) (31896, 17635)
2022-08-10 14:32:18.325 *** Mouse movement ***  Mouse coords: (328, 371) (32056, 17795)
2022-08-10 14:32:19.796 *** Mouse movement ***  Mouse coords: (474, 427) (-19155, -31279)
2022-08-10 14:32:19.803 *** Mouse movement ***  Mouse coords: (475, 428) (-19154, -31278)
2022-08-10 14:32:19.811 *** Mouse movement ***  Mouse coords: (476, 430) (-19153, -31276)
2022-08-10 14:32:19.825 *** Mouse movement ***  Mouse coords: (478, 434) (-19151, -31272)
2022-08-10 14:32:19.841 *** Mouse movement ***  Mouse coords: (491, 449) (-19138, -31257)
2022-08-10 14:32:19.859 *** Mouse movement ***  Mouse coords: (496, 454) (-19133, -31252)
2022-08-10 14:32:19.875 *** Mouse movement ***  Mouse coords: (501, 457) (-19128, -31249)
2022-08-10 14:32:19.891 *** Mouse movement ***  Mouse coords: (505, 461) (-19124, -31245)
2022-08-10 14:32:19.908 *** Mouse movement ***  Mouse coords: (512, 465) (-19117, -31241)
2022-08-10 14:32:19.925 *** Mouse movement ***  Mouse coords: (528, 477) (-19101, -31229)
2022-08-10 14:32:19.941 *** Mouse movement ***  Mouse coords: (537, 484) (-19092, -31222)
2022-08-10 14:32:19.958 *** Mouse movement ***  Mouse coords: (542, 486) (-19087, -31220)
2022-08-10 14:32:19.975 *** Mouse movement ***  Mouse coords: (547, 489) (-19082, -31217)
2022-08-10 14:32:19.991 *** Mouse movement ***  Mouse coords: (548, 490) (-19081, -31216)
2022-08-10 14:32:20.008 *** Mouse movement ***  Mouse coords: (549, 490) (-19080, -31216)
2022-08-10 14:33:00.175 *** Program closed.
