2022-08-09 10:57:10.851 *** Start program *** Start program
2022-08-09 10:57:20.748 *** Open processed data
2022-08-09 10:57:20.750 *** Preload all statistics at once.
2022-08-09 10:57:21.886 *** Nuclei stat data loaded, took 1.14 seconds. Total number of nuclei: 1470268
2022-08-09 10:57:26.183 *** Mouse movement ***  Mouse coords: (334, 530) (36804, 67567)
2022-08-09 10:57:26.212 *** Mouse movement ***  Mouse coords: (344, 526) (38243, 66927)
2022-08-09 10:57:26.229 *** Mouse movement ***  Mouse coords: (363, 520) (39684, 66606)
2022-08-09 10:57:26.245 *** Mouse movement ***  Mouse coords: (391, 515) (41123, 66766)
2022-08-09 10:57:26.262 *** Mouse movement ***  Mouse coords: (414, 508) (40323, 66446)
2022-08-09 10:57:26.279 *** Mouse movement ***  Mouse coords: (441, 499) (40963, 66127)
2022-08-09 10:57:26.295 *** Mouse movement ***  Mouse coords: (474, 491) (41923, 66287)
2022-08-09 10:57:26.312 *** Mouse movement ***  Mouse coords: (488, 487) (38883, 66927)
2022-08-09 10:57:26.329 *** Mouse movement ***  Mouse coords: (492, 486) (37283, 67407)
2022-08-09 10:57:28.425 *** Mouse movement ***  Mouse coords: (582, 457) (38179, 62069)
2022-08-09 10:57:28.451 *** Mouse movement ***  Mouse coords: (582, 462) (38196, 62138)
2022-08-09 10:57:28.467 *** Mouse movement ***  Mouse coords: (582, 467) (38196, 62137)
2022-08-09 10:57:28.479 *** Mouse movement ***  Mouse coords: (582, 470) (38196, 62103)
2022-08-09 10:57:28.496 *** Mouse movement ***  Mouse coords: (582, 474) (38196, 62120)
2022-08-09 10:57:28.512 *** Mouse movement ***  Mouse coords: (583, 476) (38213, 62087)
2022-08-09 10:57:28.529 *** Mouse movement ***  Mouse coords: (583, 479) (38196, 62103)
2022-08-09 10:57:28.545 *** Mouse movement ***  Mouse coords: (583, 481) (38196, 62086)
2022-08-09 10:57:28.562 *** Mouse movement ***  Mouse coords: (583, 482) (38196, 62069)
2022-08-09 10:57:28.579 *** Mouse movement ***  Mouse coords: (583, 483) (38196, 62069)
2022-08-09 10:57:28.595 *** Mouse movement ***  Mouse coords: (583, 484) (38196, 62069)
2022-08-09 10:57:29.226 *** Process image overlay spent 0.02 seconds.
2022-08-09 10:57:29.352 *** Get cell color spent 0.13 seconds.
2022-08-09 10:57:29.824 *** Process image overlay spent 0.01 seconds.
2022-08-09 10:57:29.937 *** Get cell color spent 0.11 seconds.
2022-08-09 10:57:30.480 *** Mouse movement ***  Mouse coords: (607, 449) (37933, 61323)
2022-08-09 10:57:30.512 *** Mouse movement ***  Mouse coords: (607, 456) (37933, 61381)
2022-08-09 10:57:30.529 *** Mouse movement ***  Mouse coords: (607, 463) (37933, 61382)
2022-08-09 10:57:30.547 *** Mouse movement ***  Mouse coords: (609, 473) (37952, 61410)
2022-08-09 10:57:30.562 *** Mouse movement ***  Mouse coords: (609, 490) (37933, 61479)
2022-08-09 10:57:30.578 *** Mouse movement ***  Mouse coords: (609, 495) (37933, 61362)
2022-08-09 10:57:30.595 *** Mouse movement ***  Mouse coords: (609, 501) (37933, 61371)
2022-08-09 10:57:30.612 *** Mouse movement ***  Mouse coords: (609, 506) (37933, 61362)
2022-08-09 10:57:30.628 *** Mouse movement ***  Mouse coords: (609, 509) (37933, 61342)
2022-08-09 10:57:30.645 *** Mouse movement ***  Mouse coords: (609, 514) (37933, 61362)
2022-08-09 10:57:30.662 *** Mouse movement ***  Mouse coords: (609, 516) (37933, 61332)
2022-08-09 10:57:30.683 *** Mouse movement ***  Mouse coords: (608, 516) (37924, 61313)
2022-08-09 10:57:30.707 *** Process image overlay spent 0.01 seconds.
2022-08-09 10:57:30.825 *** Get cell color spent 0.12 seconds.
2022-08-09 10:57:31.306 *** Process image overlay spent 0.01 seconds.
2022-08-09 10:57:31.420 *** Get cell color spent 0.11 seconds.
2022-08-09 10:57:33.068 *** Mouse movement ***  Mouse coords: (742, 263) (39239, 58847)
2022-08-09 10:57:33.097 *** Mouse movement ***  Mouse coords: (733, 281) (39151, 59002)
2022-08-09 10:57:33.113 *** Mouse movement ***  Mouse coords: (720, 316) (39113, 59169)
2022-08-09 10:57:33.129 *** Mouse movement ***  Mouse coords: (707, 350) (39112, 59158)
2022-08-09 10:57:33.145 *** Mouse movement ***  Mouse coords: (689, 389) (39063, 59207)
2022-08-09 10:57:33.162 *** Mouse movement ***  Mouse coords: (667, 424) (39025, 59168)
2022-08-09 10:57:33.178 *** Mouse movement ***  Mouse coords: (655, 442) (39122, 59003)
2022-08-09 10:57:33.195 *** Mouse movement ***  Mouse coords: (627, 480) (38966, 59197)
2022-08-09 10:57:33.212 *** Mouse movement ***  Mouse coords: (606, 508) (39034, 59100)
2022-08-09 10:57:33.229 *** Mouse movement ***  Mouse coords: (599, 517) (39171, 58915)
2022-08-09 10:57:33.245 *** Mouse movement ***  Mouse coords: (589, 534) (39142, 58993)
2022-08-09 10:57:33.262 *** Mouse movement ***  Mouse coords: (584, 542) (39190, 58905)
2022-08-09 10:57:33.279 *** Mouse movement ***  Mouse coords: (583, 544) (39229, 58846)
2022-08-09 10:57:33.296 *** Mouse movement ***  Mouse coords: (583, 545) (39239, 58837)
2022-08-09 10:57:33.341 *** Process image overlay spent 0.02 seconds.
2022-08-09 10:57:33.470 *** Get cell color spent 0.13 seconds.
2022-08-09 10:57:33.973 *** Process image overlay spent 0.01 seconds.
2022-08-09 10:57:34.091 *** Get cell color spent 0.12 seconds.
2022-08-09 10:57:35.362 *** Mouse movement ***  Mouse coords: (553, 182) (38947, 55288)
2022-08-09 10:57:35.380 *** Mouse movement ***  Mouse coords: (560, 195) (39015, 55406)
2022-08-09 10:57:35.408 *** Mouse movement ***  Mouse coords: (589, 250) (39230, 55815)
2022-08-09 10:57:35.429 *** Mouse movement ***  Mouse coords: (607, 289) (39122, 55659)
2022-08-09 10:57:35.445 *** Mouse movement ***  Mouse coords: (635, 345) (39220, 55825)
2022-08-09 10:57:35.462 *** Mouse movement ***  Mouse coords: (652, 377) (39113, 55591)
2022-08-09 10:57:35.479 *** Mouse movement ***  Mouse coords: (674, 412) (39161, 55620)
2022-08-09 10:57:35.495 *** Mouse movement ***  Mouse coords: (691, 443) (39113, 55582)
2022-08-09 10:57:35.512 *** Mouse movement ***  Mouse coords: (709, 476) (39122, 55600)
2022-08-09 10:57:35.529 *** Mouse movement ***  Mouse coords: (720, 499) (39055, 55504)
2022-08-09 10:57:35.545 *** Mouse movement ***  Mouse coords: (727, 515) (39015, 55435)
2022-08-09 10:57:35.562 *** Mouse movement ***  Mouse coords: (730, 523) (38976, 55357)
2022-08-09 10:57:35.579 *** Mouse movement ***  Mouse coords: (731, 529) (38957, 55337)
2022-08-09 10:57:35.595 *** Mouse movement ***  Mouse coords: (732, 532) (38957, 55308)
2022-08-09 10:57:35.621 *** Process image overlay spent 0.01 seconds.
2022-08-09 10:57:35.747 *** Get cell color spent 0.13 seconds.
2022-08-09 10:57:36.279 *** Process image overlay spent 0.01 seconds.
2022-08-09 10:57:36.399 *** Get cell color spent 0.12 seconds.
2022-08-09 10:57:37.044 *** Process image overlay spent 0.01 seconds.
2022-08-09 10:57:37.108 *** Get cell color spent 0.06 seconds.
2022-08-09 10:57:37.256 *** Process image overlay spent 0.01 seconds.
2022-08-09 10:57:37.291 *** Get cell color spent 0.03 seconds.
2022-08-09 10:57:38.258 *** Mouse movement ***  Mouse coords: (584, 301) (37354, 53020)
2022-08-09 10:57:38.282 *** Mouse movement ***  Mouse coords: (592, 315) (37392, 53086)
2022-08-09 10:57:38.299 *** Mouse movement ***  Mouse coords: (600, 332) (37393, 53102)
2022-08-09 10:57:38.312 *** Mouse movement ***  Mouse coords: (610, 351) (37404, 53114)
2022-08-09 10:57:38.329 *** Mouse movement ***  Mouse coords: (616, 367) (37381, 53097)
2022-08-09 10:57:38.345 *** Mouse movement ***  Mouse coords: (627, 392) (37409, 53148)
2022-08-09 10:57:38.363 *** Mouse movement ***  Mouse coords: (644, 432) (37443, 53230)
2022-08-09 10:57:38.379 *** Mouse movement ***  Mouse coords: (652, 448) (37393, 53097)
2022-08-09 10:57:38.396 *** Mouse movement ***  Mouse coords: (663, 467) (37409, 53114)
2022-08-09 10:57:38.413 *** Mouse movement ***  Mouse coords: (672, 486) (37398, 53114)
2022-08-09 10:57:38.433 *** Mouse movement ***  Mouse coords: (678, 499) (37381, 53081)
2022-08-09 10:57:38.448 *** Mouse movement ***  Mouse coords: (681, 505) (37365, 53041)
2022-08-09 10:57:38.462 *** Mouse movement ***  Mouse coords: (681, 507) (37348, 53019)
2022-08-09 10:57:38.514 *** Process image overlay spent 0.02 seconds.
2022-08-09 10:57:38.557 *** Get cell color spent 0.04 seconds.
2022-08-09 10:57:38.746 *** Process image overlay spent 0.01 seconds.
2022-08-09 10:57:38.801 *** Get cell color spent 0.06 seconds.
2022-08-09 10:57:39.578 *** Mouse movement ***  Mouse coords: (601, 342) (36903, 52089)
2022-08-09 10:57:39.600 *** Mouse movement ***  Mouse coords: (612, 356) (36958, 52156)
2022-08-09 10:57:39.613 *** Mouse movement ***  Mouse coords: (619, 367) (36936, 52139)
2022-08-09 10:57:39.629 *** Mouse movement ***  Mouse coords: (628, 385) (36947, 52179)
2022-08-09 10:57:39.645 *** Mouse movement ***  Mouse coords: (649, 421) (37014, 52278)
2022-08-09 10:57:39.663 *** Mouse movement ***  Mouse coords: (663, 446) (36975, 52217)
2022-08-09 10:57:39.679 *** Mouse movement ***  Mouse coords: (671, 461) (36941, 52162)
2022-08-09 10:57:39.695 *** Mouse movement ***  Mouse coords: (685, 484) (36975, 52206)
2022-08-09 10:57:39.712 *** Mouse movement ***  Mouse coords: (704, 513) (37003, 52240)
2022-08-09 10:57:39.729 *** Mouse movement ***  Mouse coords: (709, 520) (36925, 52117)
2022-08-09 10:57:39.749 *** Mouse movement ***  Mouse coords: (716, 529) (36936, 52128)
2022-08-09 10:57:39.764 *** Mouse movement ***  Mouse coords: (719, 533) (36914, 52100)
2022-08-09 10:57:39.779 *** Mouse movement ***  Mouse coords: (719, 534) (36897, 52084)
2022-08-09 10:57:39.803 *** Process image overlay spent 0.01 seconds.
2022-08-09 10:57:39.839 *** Get cell color spent 0.04 seconds.
2022-08-09 10:57:40.026 *** Process image overlay spent 0.01 seconds.
2022-08-09 10:57:40.082 *** Get cell color spent 0.06 seconds.
2022-08-09 10:57:41.668 *** Process image overlay spent 0.02 seconds.
2022-08-09 10:57:41.757 *** Get cell color spent 0.09 seconds.
2022-08-09 10:57:42.181 *** Process image overlay spent 0.01 seconds.
2022-08-09 10:57:42.280 *** Get cell color spent 0.10 seconds.
2022-08-09 10:57:42.840 *** Mouse movement ***  Mouse coords: (823, 533) (37936, 52794)
2022-08-09 10:57:42.862 *** Mouse movement ***  Mouse coords: (821, 527) (37916, 52746)
2022-08-09 10:57:42.879 *** Mouse movement ***  Mouse coords: (819, 522) (37917, 52755)
2022-08-09 10:57:42.895 *** Mouse movement ***  Mouse coords: (813, 512) (37877, 52706)
2022-08-09 10:57:42.912 *** Mouse movement ***  Mouse coords: (797, 492) (37780, 52609)
2022-08-09 10:57:42.929 *** Mouse movement ***  Mouse coords: (782, 474) (37790, 52629)
2022-08-09 10:57:42.946 *** Mouse movement ***  Mouse coords: (756, 442) (37683, 52492)
2022-08-09 10:57:42.964 *** Mouse movement ***  Mouse coords: (740, 421) (37780, 52599)
2022-08-09 10:57:42.979 *** Mouse movement ***  Mouse coords: (718, 395) (37721, 52551)
2022-08-09 10:57:42.995 *** Mouse movement ***  Mouse coords: (709, 383) (37848, 52687)
2022-08-09 10:57:43.013 *** Mouse movement ***  Mouse coords: (686, 361) (37712, 52589)
2022-08-09 10:57:43.032 *** Mouse movement ***  Mouse coords: (679, 355) (37868, 52746)
2022-08-09 10:57:43.045 *** Mouse movement ***  Mouse coords: (677, 353) (37916, 52784)
2022-08-09 10:57:43.062 *** Mouse movement ***  Mouse coords: (676, 352) (37927, 52795)
2022-08-09 10:57:43.087 *** Process image overlay spent 0.01 seconds.
2022-08-09 10:57:43.237 *** Get cell color spent 0.15 seconds.
2022-08-09 10:57:43.771 *** Process image overlay spent 0.01 seconds.
2022-08-09 10:57:43.895 *** Get cell color spent 0.12 seconds.
2022-08-09 10:57:45.405 *** Mouse movement ***  Mouse coords: (648, 550) (37663, 54734)
2022-08-09 10:57:45.430 *** Mouse movement ***  Mouse coords: (644, 543) (37633, 54694)
2022-08-09 10:57:45.447 *** Mouse movement ***  Mouse coords: (641, 536) (37642, 54695)
2022-08-09 10:57:45.462 *** Mouse movement ***  Mouse coords: (638, 527) (37643, 54676)
2022-08-09 10:57:45.479 *** Mouse movement ***  Mouse coords: (634, 521) (37633, 54704)
2022-08-09 10:57:45.495 *** Mouse movement ***  Mouse coords: (628, 502) (37614, 54578)
2022-08-09 10:57:45.513 *** Mouse movement ***  Mouse coords: (622, 486) (37613, 54607)
2022-08-09 10:57:45.529 *** Mouse movement ***  Mouse coords: (620, 475) (37653, 54656)
2022-08-09 10:57:45.546 *** Mouse movement ***  Mouse coords: (617, 463) (37642, 54646)
2022-08-09 10:57:45.566 *** Mouse movement ***  Mouse coords: (609, 445) (37595, 54587)
2022-08-09 10:57:45.580 *** Mouse movement ***  Mouse coords: (605, 436) (37633, 54675)
2022-08-09 10:57:45.595 *** Mouse movement ***  Mouse coords: (604, 434) (37662, 54744)
2022-08-09 10:57:45.612 *** Mouse movement ***  Mouse coords: (604, 432) (37672, 54743)
2022-08-09 10:57:45.636 *** Process image overlay spent 0.01 seconds.
2022-08-09 10:57:45.760 *** Get cell color spent 0.12 seconds.
2022-08-09 10:57:46.288 *** Process image overlay spent 0.01 seconds.
2022-08-09 10:57:46.409 *** Get cell color spent 0.12 seconds.
2022-08-09 10:57:47.857 *** Mouse movement ***  Mouse coords: (619, 551) (37906, 56370)
2022-08-09 10:57:47.882 *** Mouse movement ***  Mouse coords: (622, 540) (37940, 56250)
2022-08-09 10:57:47.899 *** Mouse movement ***  Mouse coords: (624, 532) (37923, 56302)
2022-08-09 10:57:47.912 *** Mouse movement ***  Mouse coords: (627, 520) (37941, 56233)
2022-08-09 10:57:47.929 *** Mouse movement ***  Mouse coords: (631, 508) (37957, 56233)
2022-08-09 10:57:47.945 *** Mouse movement ***  Mouse coords: (637, 494) (37991, 56200)
2022-08-09 10:57:47.962 *** Mouse movement ***  Mouse coords: (641, 484) (37957, 56267)
2022-08-09 10:57:47.979 *** Mouse movement ***  Mouse coords: (642, 480) (37906, 56370)
2022-08-09 10:57:47.999 *** Mouse movement ***  Mouse coords: (643, 477) (37907, 56387)
2022-08-09 10:57:48.012 *** Mouse movement ***  Mouse coords: (644, 475) (37906, 56403)
2022-08-09 10:57:48.505 *** Process image overlay spent 0.01 seconds.
2022-08-09 10:57:48.628 *** Get cell color spent 0.12 seconds.
2022-08-09 10:57:49.154 *** Process image overlay spent 0.01 seconds.
2022-08-09 10:57:49.274 *** Get cell color spent 0.12 seconds.
2022-08-09 10:57:49.631 *** Mouse movement ***  Mouse coords: (593, 564) (37290, 57276)
2022-08-09 10:57:49.646 *** Mouse movement ***  Mouse coords: (597, 557) (37280, 57306)
2022-08-09 10:57:49.663 *** Mouse movement ***  Mouse coords: (604, 550) (37309, 57306)
2022-08-09 10:57:49.680 *** Mouse movement ***  Mouse coords: (625, 521) (37445, 57091)
2022-08-09 10:57:49.697 *** Mouse movement ***  Mouse coords: (640, 500) (37388, 57169)
2022-08-09 10:57:49.718 *** Mouse movement ***  Mouse coords: (668, 468) (37514, 57062)
2022-08-09 10:57:49.731 *** Mouse movement ***  Mouse coords: (679, 457) (37348, 57267)
2022-08-09 10:57:49.745 *** Mouse movement ***  Mouse coords: (704, 432) (37485, 57130)
2022-08-09 10:57:49.762 *** Mouse movement ***  Mouse coords: (727, 407) (37465, 57131)
2022-08-09 10:57:49.779 *** Mouse movement ***  Mouse coords: (750, 389) (37465, 57198)
2022-08-09 10:57:49.795 *** Mouse movement ***  Mouse coords: (764, 379) (37377, 57277)
2022-08-09 10:57:49.812 *** Mouse movement ***  Mouse coords: (768, 376) (37280, 57345)
2022-08-09 10:57:49.829 *** Mouse movement ***  Mouse coords: (768, 375) (37241, 57364)
2022-08-09 10:57:49.855 *** Process image overlay spent 0.01 seconds.
2022-08-09 10:57:49.977 *** Get cell color spent 0.12 seconds.
2022-08-09 10:57:50.488 *** Process image overlay spent 0.01 seconds.
2022-08-09 10:57:50.604 *** Get cell color spent 0.12 seconds.
2022-08-09 10:57:51.038 *** Mouse movement ***  Mouse coords: (383, 576) (33488, 59333)
2022-08-09 10:57:51.063 *** Mouse movement ***  Mouse coords: (389, 570) (33538, 59275)
2022-08-09 10:57:51.080 *** Mouse movement ***  Mouse coords: (394, 566) (33528, 59294)
2022-08-09 10:57:51.095 *** Mouse movement ***  Mouse coords: (408, 553) (33615, 59206)
2022-08-09 10:57:51.113 *** Mouse movement ***  Mouse coords: (434, 525) (33733, 59060)
2022-08-09 10:57:51.130 *** Mouse movement ***  Mouse coords: (455, 504) (33683, 59128)
2022-08-09 10:57:51.152 *** Mouse movement ***  Mouse coords: (493, 460) (33850, 58904)
2022-08-09 10:57:51.162 *** Mouse movement ***  Mouse coords: (506, 448) (33605, 59216)
2022-08-09 10:57:51.179 *** Mouse movement ***  Mouse coords: (533, 421) (33743, 59070)
2022-08-09 10:57:51.196 *** Mouse movement ***  Mouse coords: (563, 397) (33771, 59099)
2022-08-09 10:57:51.212 *** Mouse movement ***  Mouse coords: (578, 386) (33625, 59226)
2022-08-09 10:57:51.229 *** Mouse movement ***  Mouse coords: (589, 378) (33587, 59255)
2022-08-09 10:57:51.245 *** Mouse movement ***  Mouse coords: (592, 377) (33508, 59323)
2022-08-09 10:57:51.262 *** Mouse movement ***  Mouse coords: (593, 376) (33489, 59324)
2022-08-09 10:57:51.287 *** Process image overlay spent 0.01 seconds.
2022-08-09 10:57:51.404 *** Get cell color spent 0.12 seconds.
2022-08-09 10:57:51.912 *** Process image overlay spent 0.01 seconds.
2022-08-09 10:57:52.024 *** Get cell color spent 0.11 seconds.
2022-08-09 10:58:31.208 *** Mouse movement ***  Mouse coords: (804, 531) (35535, 60844)
2022-08-09 10:58:31.231 *** Mouse movement ***  Mouse coords: (804, 533) (35535, 60853)
2022-08-09 10:58:31.246 *** Mouse movement ***  Mouse coords: (803, 535) (35526, 60854)
2022-08-09 10:58:31.262 *** Mouse movement ***  Mouse coords: (802, 536) (35525, 60843)
2022-08-09 10:58:31.279 *** Mouse movement ***  Mouse coords: (799, 538) (35506, 60854)
2022-08-09 10:58:31.296 *** Mouse movement ***  Mouse coords: (794, 539) (35486, 60844)
2022-08-09 10:58:31.313 *** Mouse movement ***  Mouse coords: (786, 542) (35457, 60863)
2022-08-09 10:58:31.332 *** Mouse movement ***  Mouse coords: (762, 548) (35301, 60892)
2022-08-09 10:58:31.346 *** Mouse movement ***  Mouse coords: (744, 552) (35360, 60873)
2022-08-09 10:58:31.362 *** Mouse movement ***  Mouse coords: (730, 556) (35398, 60873)
2022-08-09 10:58:31.379 *** Mouse movement ***  Mouse coords: (717, 558) (35408, 60854)
2022-08-09 10:58:31.396 *** Mouse movement ***  Mouse coords: (705, 559) (35418, 60843)
2022-08-09 10:58:31.412 *** Mouse movement ***  Mouse coords: (703, 560) (35516, 60844)
2022-08-09 10:58:31.436 *** Process image overlay spent 0.01 seconds.
2022-08-09 10:58:31.577 *** Get cell color spent 0.14 seconds.
2022-08-09 10:58:32.081 *** Process image overlay spent 0.01 seconds.
2022-08-09 10:58:32.203 *** Get cell color spent 0.12 seconds.
2022-08-09 10:58:33.166 *** Mouse movement ***  Mouse coords: (903, 431) (37485, 59577)
2022-08-09 10:58:33.180 *** Mouse movement ***  Mouse coords: (902, 432) (37494, 59576)
2022-08-09 10:58:33.196 *** Mouse movement ***  Mouse coords: (880, 441) (37289, 59655)
2022-08-09 10:58:33.212 *** Mouse movement ***  Mouse coords: (845, 452) (37163, 59674)
2022-08-09 10:58:33.229 *** Mouse movement ***  Mouse coords: (802, 463) (37085, 59675)
2022-08-09 10:58:33.246 *** Mouse movement ***  Mouse coords: (764, 474) (37133, 59674)
2022-08-09 10:58:33.262 *** Mouse movement ***  Mouse coords: (705, 489) (36929, 59713)
2022-08-09 10:58:33.279 *** Mouse movement ***  Mouse coords: (631, 507) (36783, 59743)
2022-08-09 10:58:33.296 *** Mouse movement ***  Mouse coords: (593, 513) (37134, 59625)
2022-08-09 10:58:33.312 *** Mouse movement ***  Mouse coords: (555, 517) (37133, 59606)
2022-08-09 10:58:33.329 *** Mouse movement ***  Mouse coords: (520, 519) (37163, 59587)
2022-08-09 10:58:33.349 *** Mouse movement ***  Mouse coords: (505, 517) (37358, 59547)
2022-08-09 10:58:33.374 *** Process image overlay spent 0.01 seconds.
2022-08-09 10:58:33.494 *** Get cell color spent 0.12 seconds.
2022-08-09 10:58:33.979 *** Process image overlay spent 0.01 seconds.
2022-08-09 10:58:34.094 *** Get cell color spent 0.12 seconds.
2022-08-09 10:58:35.956 *** Mouse movement ***  Mouse coords: (727, 445) (39909, 59223)
2022-08-09 10:58:35.981 *** Mouse movement ***  Mouse coords: (724, 454) (39857, 59359)
2022-08-09 10:58:35.998 *** Mouse movement ***  Mouse coords: (723, 458) (39892, 59274)
2022-08-09 10:58:36.012 *** Mouse movement ***  Mouse coords: (722, 464) (39892, 59309)
2022-08-09 10:58:36.030 *** Mouse movement ***  Mouse coords: (721, 477) (39892, 59428)
2022-08-09 10:58:36.046 *** Mouse movement ***  Mouse coords: (720, 494) (39892, 59496)
2022-08-09 10:58:36.063 *** Mouse movement ***  Mouse coords: (719, 502) (39892, 59342)
2022-08-09 10:58:36.081 *** Mouse movement ***  Mouse coords: (719, 507) (39909, 59291)
2022-08-09 10:58:36.096 *** Mouse movement ***  Mouse coords: (718, 511) (39892, 59275)
2022-08-09 10:58:36.112 *** Mouse movement ***  Mouse coords: (718, 513) (39909, 59240)
2022-08-09 10:58:37.096 *** Mouse movement ***  Mouse coords: (773, 498) (40847, 58950)
2022-08-09 10:58:37.113 *** Mouse movement ***  Mouse coords: (793, 517) (41120, 59206)
2022-08-09 10:58:37.131 *** Mouse movement ***  Mouse coords: (814, 535) (41138, 59189)
2022-08-09 10:58:37.146 *** Mouse movement ***  Mouse coords: (841, 557) (41239, 59257)
2022-08-09 10:58:37.163 *** Mouse movement ***  Mouse coords: (872, 581) (41308, 59292)
2022-08-09 10:58:37.179 *** Mouse movement ***  Mouse coords: (895, 598) (41172, 59172)
2022-08-09 10:58:37.196 *** Mouse movement ***  Mouse coords: (911, 608) (41051, 59052)
2022-08-09 10:58:37.216 *** Mouse movement ***  Mouse coords: (924, 618) (41001, 59053)
2022-08-09 10:58:37.229 *** Mouse movement ***  Mouse coords: (927, 620) (40830, 58916)
2022-08-09 10:58:37.246 *** Mouse movement ***  Mouse coords: (931, 623) (40848, 58933)
2022-08-09 10:58:38.296 *** Mouse movement ***  Mouse coords: (859, 594) (39550, 58388)
2022-08-09 10:58:38.312 *** Mouse movement ***  Mouse coords: (858, 591) (39550, 58370)
2022-08-09 10:58:38.333 *** Mouse movement ***  Mouse coords: (857, 583) (39550, 58286)
2022-08-09 10:58:38.347 *** Mouse movement ***  Mouse coords: (857, 582) (39567, 58405)
2022-08-09 10:58:38.362 *** Mouse movement ***  Mouse coords: (855, 576) (39533, 58319)
2022-08-09 10:58:38.379 *** Mouse movement ***  Mouse coords: (854, 567) (39550, 58269)
2022-08-09 10:58:38.396 *** Mouse movement ***  Mouse coords: (853, 562) (39550, 58337)
2022-08-09 10:58:38.412 *** Mouse movement ***  Mouse coords: (853, 559) (39567, 58370)
2022-08-09 10:58:38.429 *** Mouse movement ***  Mouse coords: (853, 558) (39567, 58405)
2022-08-09 10:58:38.902 *** Process image overlay spent 0.01 seconds.
2022-08-09 10:58:39.024 *** Get cell color spent 0.12 seconds.
2022-08-09 10:58:39.537 *** Process image overlay spent 0.01 seconds.
2022-08-09 10:58:39.655 *** Get cell color spent 0.12 seconds.
2022-08-09 10:58:40.171 *** Mouse movement ***  Mouse coords: (849, 506) (39492, 57711)
2022-08-09 10:58:40.197 *** Mouse movement ***  Mouse coords: (849, 505) (39502, 57701)
2022-08-09 10:58:40.235 *** Mouse movement ***  Mouse coords: (841, 499) (39424, 57653)
2022-08-09 10:58:40.245 *** Mouse movement ***  Mouse coords: (835, 496) (39444, 57681)
2022-08-09 10:58:40.262 *** Mouse movement ***  Mouse coords: (812, 487) (39277, 57624)
2022-08-09 10:58:40.279 *** Mouse movement ***  Mouse coords: (792, 477) (39307, 57613)
2022-08-09 10:58:40.296 *** Mouse movement ***  Mouse coords: (760, 465) (39190, 57594)
2022-08-09 10:58:40.312 *** Mouse movement ***  Mouse coords: (746, 459) (39366, 57653)
2022-08-09 10:58:40.329 *** Mouse movement ***  Mouse coords: (709, 450) (39141, 57623)
2022-08-09 10:58:40.346 *** Mouse movement ***  Mouse coords: (687, 446) (39288, 57672)
2022-08-09 10:58:40.363 *** Mouse movement ***  Mouse coords: (677, 444) (39404, 57691)
2022-08-09 10:58:40.385 *** Mouse movement ***  Mouse coords: (672, 443) (39454, 57702)
2022-08-09 10:58:40.412 *** Process image overlay spent 0.01 seconds.
2022-08-09 10:58:40.533 *** Get cell color spent 0.12 seconds.
2022-08-09 10:58:41.034 *** Process image overlay spent 0.01 seconds.
2022-08-09 10:58:41.151 *** Get cell color spent 0.12 seconds.
2022-08-09 10:58:42.781 *** Mouse movement ***  Mouse coords: (764, 430) (40398, 57584)
2022-08-09 10:58:42.796 *** Mouse movement ***  Mouse coords: (762, 435) (40379, 57623)
2022-08-09 10:58:42.814 *** Mouse movement ***  Mouse coords: (758, 445) (40359, 57671)
2022-08-09 10:58:42.835 *** Mouse movement ***  Mouse coords: (729, 489) (40115, 58003)
2022-08-09 10:58:42.848 *** Mouse movement ***  Mouse coords: (706, 519) (40174, 57867)
2022-08-09 10:58:42.862 *** Mouse movement ***  Mouse coords: (690, 540) (40242, 57778)
2022-08-09 10:58:42.879 *** Mouse movement ***  Mouse coords: (627, 614) (39784, 58296)
2022-08-09 10:58:42.896 *** Mouse movement ***  Mouse coords: (596, 650) (40096, 57925)
2022-08-09 10:58:42.912 *** Mouse movement ***  Mouse coords: (574, 677) (40183, 57837)
2022-08-09 10:58:42.929 *** Mouse movement ***  Mouse coords: (552, 699) (40184, 57788)
2022-08-09 10:58:42.946 *** Mouse movement ***  Mouse coords: (533, 713) (40213, 57711)
2022-08-09 10:58:42.962 *** Mouse movement ***  Mouse coords: (532, 714) (40388, 57583)
2022-08-09 10:58:42.986 *** Process image overlay spent 0.01 seconds.
2022-08-09 10:58:43.102 *** Get cell color spent 0.12 seconds.
2022-08-09 10:58:43.592 *** Process image overlay spent 0.01 seconds.
2022-08-09 10:58:43.705 *** Get cell color spent 0.11 seconds.
2022-08-09 10:58:45.412 *** Process image overlay spent 0.01 seconds.
2022-08-09 10:58:45.474 *** Get cell color spent 0.06 seconds.
2022-08-09 10:58:45.616 *** Process image overlay spent 0.01 seconds.
2022-08-09 10:58:45.650 *** Get cell color spent 0.03 seconds.
2022-08-09 10:58:46.579 *** Process image overlay spent 0.01 seconds.
2022-08-09 10:58:46.596 *** Get cell color spent 0.02 seconds.
2022-08-09 10:58:46.795 *** Process image overlay spent 0.01 seconds.
2022-08-09 10:58:46.806 *** Get cell color spent 0.01 seconds.
2022-08-09 10:58:47.558 *** Process image overlay spent 0.01 seconds.
2022-08-09 10:58:47.615 *** Get cell color spent 0.06 seconds.
2022-08-09 10:58:47.769 *** Process image overlay spent 0.01 seconds.
2022-08-09 10:58:47.890 *** Get cell color spent 0.12 seconds.
2022-08-09 10:58:48.383 *** Process image overlay spent 0.01 seconds.
2022-08-09 10:58:48.501 *** Get cell color spent 0.12 seconds.
2022-08-09 10:58:49.658 *** Mouse movement ***  Mouse coords: (599, 467) (40888, 55046)
2022-08-09 10:58:49.679 *** Mouse movement ***  Mouse coords: (611, 459) (40986, 54987)
2022-08-09 10:58:49.705 *** Mouse movement ***  Mouse coords: (641, 438) (41161, 54860)
2022-08-09 10:58:49.715 *** Mouse movement ***  Mouse coords: (654, 429) (40996, 54977)
2022-08-09 10:58:49.729 *** Mouse movement ***  Mouse coords: (686, 404) (41181, 54821)
2022-08-09 10:58:49.746 *** Mouse movement ***  Mouse coords: (705, 388) (41054, 54910)
2022-08-09 10:58:49.762 *** Mouse movement ***  Mouse coords: (732, 365) (41133, 54840)
2022-08-09 10:58:49.779 *** Mouse movement ***  Mouse coords: (777, 330) (41307, 54724)
2022-08-09 10:58:49.796 *** Mouse movement ***  Mouse coords: (788, 322) (40976, 54987)
2022-08-09 10:58:49.812 *** Mouse movement ***  Mouse coords: (793, 319) (40918, 55036)
2022-08-09 10:58:49.829 *** Mouse movement ***  Mouse coords: (794, 318) (40879, 55055)
2022-08-09 10:58:49.853 *** Process image overlay spent 0.01 seconds.
2022-08-09 10:58:49.977 *** Get cell color spent 0.12 seconds.
2022-08-09 10:58:50.494 *** Process image overlay spent 0.01 seconds.
2022-08-09 10:58:50.616 *** Get cell color spent 0.12 seconds.
2022-08-09 10:58:52.756 *** Mouse movement ***  Mouse coords: (577, 628) (38754, 58087)
2022-08-09 10:58:52.778 *** Mouse movement ***  Mouse coords: (577, 626) (38754, 58078)
2022-08-09 10:58:52.796 *** Mouse movement ***  Mouse coords: (581, 621) (38793, 58048)
2022-08-09 10:58:52.812 *** Mouse movement ***  Mouse coords: (587, 609) (38812, 57980)
2022-08-09 10:58:52.829 *** Mouse movement ***  Mouse coords: (596, 592) (38842, 57931)
2022-08-09 10:58:52.846 *** Mouse movement ***  Mouse coords: (610, 558) (38890, 57766)
2022-08-09 10:58:52.862 *** Mouse movement ***  Mouse coords: (619, 533) (38842, 57853)
2022-08-09 10:58:52.880 *** Mouse movement ***  Mouse coords: (625, 514) (38812, 57912)
2022-08-09 10:58:52.901 *** Mouse movement ***  Mouse coords: (632, 494) (38823, 57902)
2022-08-09 10:58:52.912 *** Mouse movement ***  Mouse coords: (632, 492) (38754, 58077)
2022-08-09 10:58:52.929 *** Mouse movement ***  Mouse coords: (634, 486) (38773, 58039)
2022-08-09 10:58:52.955 *** Process image overlay spent 0.01 seconds.
2022-08-09 10:58:53.079 *** Get cell color spent 0.12 seconds.
2022-08-09 10:58:53.599 *** Process image overlay spent 0.01 seconds.
2022-08-09 10:58:53.718 *** Get cell color spent 0.12 seconds.
2022-08-09 10:58:55.418 *** Mouse movement ***  Mouse coords: (818, 639) (40548, 59588)
2022-08-09 10:58:55.447 *** Mouse movement ***  Mouse coords: (815, 632) (40529, 59540)
2022-08-09 10:58:55.463 *** Mouse movement ***  Mouse coords: (810, 624) (40509, 59530)
2022-08-09 10:58:55.479 *** Mouse movement ***  Mouse coords: (798, 604) (40441, 59413)
2022-08-09 10:58:55.496 *** Mouse movement ***  Mouse coords: (783, 581) (40412, 59384)
2022-08-09 10:58:55.512 *** Mouse movement ***  Mouse coords: (771, 563) (40441, 59432)
2022-08-09 10:58:55.529 *** Mouse movement ***  Mouse coords: (750, 528) (40353, 59267)
2022-08-09 10:58:55.546 *** Mouse movement ***  Mouse coords: (721, 480) (40275, 59140)
2022-08-09 10:58:55.562 *** Mouse movement ***  Mouse coords: (703, 446) (40383, 59277)
2022-08-09 10:58:55.580 *** Mouse movement ***  Mouse coords: (686, 414) (40392, 59296)
2022-08-09 10:58:55.599 *** Mouse movement ***  Mouse coords: (671, 381) (40412, 59286)
2022-08-09 10:58:55.612 *** Mouse movement ***  Mouse coords: (666, 369) (40509, 59491)
2022-08-09 10:58:55.629 *** Mouse movement ***  Mouse coords: (660, 357) (40500, 59491)
2022-08-09 10:58:55.646 *** Mouse movement ***  Mouse coords: (658, 353) (40538, 59569)
2022-08-09 10:58:55.670 *** Process image overlay spent 0.01 seconds.
2022-08-09 10:58:55.775 *** Get cell color spent 0.11 seconds.
2022-08-09 10:58:56.210 *** Process image overlay spent 0.01 seconds.
2022-08-09 10:58:56.313 *** Get cell color spent 0.10 seconds.
2022-08-09 10:58:56.813 *** Keyboard input *** key pressed: key: 32; text: " "
2022-08-09 10:58:56.826 *** Process image overlay spent 0.01 seconds.
2022-08-09 10:58:56.930 *** Get cell color spent 0.10 seconds.
2022-08-09 10:58:57.322 *** Keyboard input *** key pressed: key: 32; text: " "
2022-08-09 10:58:57.334 *** Process image overlay spent 0.01 seconds.
2022-08-09 10:58:57.438 *** Get cell color spent 0.10 seconds.
2022-08-09 10:58:57.746 *** Keyboard input *** key pressed: key: 32; text: " "
2022-08-09 10:58:57.754 *** Process image overlay spent 0.01 seconds.
2022-08-09 10:58:57.859 *** Get cell color spent 0.11 seconds.
2022-08-09 10:58:58.160 *** Keyboard input *** key pressed: key: 32; text: " "
2022-08-09 10:58:58.169 *** Process image overlay spent 0.01 seconds.
2022-08-09 10:58:58.273 *** Get cell color spent 0.10 seconds.
2022-08-09 10:58:58.564 *** Keyboard input *** key pressed: key: 32; text: " "
2022-08-09 10:58:58.572 *** Process image overlay spent 0.01 seconds.
2022-08-09 10:58:58.678 *** Get cell color spent 0.11 seconds.
2022-08-09 10:58:58.978 *** Keyboard input *** key pressed: key: 32; text: " "
2022-08-09 10:58:58.986 *** Process image overlay spent 0.01 seconds.
2022-08-09 10:58:59.092 *** Get cell color spent 0.11 seconds.
2022-08-09 10:59:00.433 *** Program closed.
