2022-09-09 18:38:35.711 *** Start program *** Start program
2022-09-09 18:38:41.898 *** starting thread (client mode): 0x49a6ed00
2022-09-09 18:38:41.899 *** Local version/idstring: SSH-2.0-paramiko_2.11.0
2022-09-09 18:38:42.077 *** Remote version/idstring: SSH-2.0-OpenSSH_5.3
2022-09-09 18:38:42.078 *** Connected (version 2.0, client OpenSSH_5.3)
2022-09-09 18:38:42.150 *** === Key exchange possibilities ===
2022-09-09 18:38:42.150 *** kex algos: diffie-hellman-group-exchange-sha256, diffie-hellman-group-exchange-sha1, diffie-hellman-group14-sha1, diffie-hellman-group1-sha1
2022-09-09 18:38:42.150 *** server key: ssh-rsa, ssh-rsa-cert-v01@openssh.com, ssh-dss
2022-09-09 18:38:42.150 *** client encrypt: aes128-ctr, aes192-ctr, aes256-ctr, arcfour256, arcfour128, aes128-cbc, 3des-cbc, blowfish-cbc, cast128-cbc, aes192-cbc, aes256-cbc, arcfour, rijndael-cbc@lysator.liu.se
2022-09-09 18:38:42.150 *** server encrypt: aes128-ctr, aes192-ctr, aes256-ctr, arcfour256, arcfour128, aes128-cbc, 3des-cbc, blowfish-cbc, cast128-cbc, aes192-cbc, aes256-cbc, arcfour, rijndael-cbc@lysator.liu.se
2022-09-09 18:38:42.150 *** client mac: hmac-md5, hmac-sha1, umac-64@openssh.com, hmac-sha2-256, hmac-sha2-512, hmac-ripemd160, hmac-ripemd160@openssh.com, hmac-sha1-96, hmac-md5-96
2022-09-09 18:38:42.150 *** server mac: hmac-md5, hmac-sha1, umac-64@openssh.com, hmac-sha2-256, hmac-sha2-512, hmac-ripemd160, hmac-ripemd160@openssh.com, hmac-sha1-96, hmac-md5-96
2022-09-09 18:38:42.150 *** client compress: none, zlib@openssh.com
2022-09-09 18:38:42.150 *** server compress: none, zlib@openssh.com
2022-09-09 18:38:42.150 *** client lang: <none>
2022-09-09 18:38:42.150 *** server lang: <none>
2022-09-09 18:38:42.150 *** kex follows: False
2022-09-09 18:38:42.150 *** === Key exchange agreements ===
2022-09-09 18:38:42.151 *** Kex: diffie-hellman-group-exchange-sha256
2022-09-09 18:38:42.151 *** HostKey: ssh-rsa
2022-09-09 18:38:42.151 *** Cipher: aes128-ctr
2022-09-09 18:38:42.151 *** MAC: hmac-sha2-256
2022-09-09 18:38:42.151 *** Compression: none
2022-09-09 18:38:42.151 *** === End of kex handshake ===
2022-09-09 18:38:42.169 *** Got server p (2048 bits)
2022-09-09 18:38:42.233 *** kex engine KexGexSHA256 specified hash_algo <built-in function openssl_sha256>
2022-09-09 18:38:42.234 *** Switch to new keys ...
2022-09-09 18:38:42.234 *** Adding ssh-rsa host key for 173.201.181.247: b'cca345f774a2d98448d0bcc78f04075d'
2022-09-09 18:38:42.305 *** userauth is OK
2022-09-09 18:38:42.328 *** Authentication (password) successful!
2022-09-09 18:38:42.331 *** [chan 0] Max packet in: 32768 bytes
2022-09-09 18:38:42.348 *** [chan 0] Max packet out: 32768 bytes
2022-09-09 18:38:42.349 *** Secsh channel 0 opened.
2022-09-09 18:38:42.368 *** [chan 0] Sesch channel 0 request ok
2022-09-09 18:38:42.397 *** [chan 0] Opened sftp connection (server version 3)
2022-09-09 18:38:42.398 *** [chan 0] stat(b'/home/b6o162rzivzp/NucFinder_DB/CFB1B411265361DF/interactive_nuclei_dict.pickle')
2022-09-09 18:38:42.422 *** [chan 0] stat(b'/home/b6o162rzivzp/NucFinder_DB/CFB1B411265361DF/model.pickle')
2022-09-09 18:38:42.444 *** [chan 0] open(b'/home/b6o162rzivzp/NucFinder_DB/CFB1B411265361DF/model.pickle', 'rb')
2022-09-09 18:38:42.469 *** [chan 0] open(b'/home/b6o162rzivzp/NucFinder_DB/CFB1B411265361DF/model.pickle', 'rb') -> 00000000
2022-09-09 18:38:42.840 *** [chan 0] close(00000000)
2022-09-09 18:38:51.568 *** Open case *** /home/zhihuang/Desktop/A14
2022-09-09 18:38:53.606 *** Open processed data
2022-09-09 18:38:53.607 *** Preload all statistics at once.
2022-09-09 18:38:54.776 *** Nuclei stat data loaded, took 1.17 seconds. Total number of nuclei: 1470268
2022-09-09 18:38:57.562 *** Interactive label *** Apply to case start.
2022-09-09 18:39:02.963 *** Interactive label *** Apply to case done.
2022-09-09 18:39:07.481 *** Interactive label *** Apply to case finish overlay create.
2022-09-09 18:39:10.729 *** Mouse movement (LeftButton) ***  Mouse coords: (530, 328) (60324, 35247)
2022-09-09 18:39:10.751 *** Mouse movement (LeftButton) ***  Mouse coords: (531, 330) (60323, 35407)
2022-09-09 18:39:10.768 *** Mouse movement (LeftButton) ***  Mouse coords: (532, 332) (60323, 35406)
2022-09-09 18:39:10.785 *** Mouse movement (LeftButton) ***  Mouse coords: (536, 336) (60803, 35726)
2022-09-09 18:39:10.801 *** Mouse movement (LeftButton) ***  Mouse coords: (541, 341) (60964, 35886)
2022-09-09 18:39:10.818 *** Mouse movement (LeftButton) ***  Mouse coords: (546, 345) (60963, 35726)
2022-09-09 18:39:10.835 *** Mouse movement (LeftButton) ***  Mouse coords: (556, 349) (61763, 35726)
2022-09-09 18:39:10.851 *** Mouse movement (LeftButton) ***  Mouse coords: (558, 350) (60483, 35246)
2022-09-09 18:39:10.868 *** Mouse movement (LeftButton) ***  Mouse coords: (559, 350) (60323, 35087)
2022-09-09 18:39:10.931 *** Mouse movement (LeftButton) ***  Mouse coords: (559, 351) (60163, 35247)
2022-09-09 18:39:10.951 *** Mouse movement (LeftButton) ***  Mouse coords: (561, 351) (60483, 35087)
2022-09-09 18:39:10.970 *** Mouse movement (LeftButton) ***  Mouse coords: (562, 352) (60323, 35247)
2022-09-09 18:39:10.985 *** Mouse movement (LeftButton) ***  Mouse coords: (564, 352) (60484, 35087)
2022-09-09 18:39:11.891 *** Mouse movement (LeftButton) ***  Mouse coords: (455, 446) (34576, 57918)
2022-09-09 18:39:11.901 *** Mouse movement (LeftButton) ***  Mouse coords: (458, 445) (34611, 57901)
2022-09-09 18:39:11.919 *** Mouse movement (LeftButton) ***  Mouse coords: (473, 439) (34814, 57815)
2022-09-09 18:39:11.935 *** Mouse movement (LeftButton) ***  Mouse coords: (487, 435) (34798, 57850)
2022-09-09 18:39:11.951 *** Mouse movement (LeftButton) ***  Mouse coords: (527, 421) (35242, 57679)
2022-09-09 18:39:11.968 *** Mouse movement (LeftButton) ***  Mouse coords: (559, 410) (35105, 57731)
2022-09-09 18:39:11.985 *** Mouse movement (LeftButton) ***  Mouse coords: (578, 403) (34883, 57798)
2022-09-09 18:39:12.001 *** Mouse movement (LeftButton) ***  Mouse coords: (601, 393) (34951, 57748)
2022-09-09 18:39:12.018 *** Mouse movement (LeftButton) ***  Mouse coords: (638, 378) (35190, 57662)
2022-09-09 18:39:12.035 *** Mouse movement (LeftButton) ***  Mouse coords: (652, 373) (34798, 57832)
2022-09-09 18:39:12.051 *** Mouse movement (LeftButton) ***  Mouse coords: (661, 369) (34713, 57850)
2022-09-09 18:39:12.068 *** Mouse movement (LeftButton) ***  Mouse coords: (667, 365) (34661, 57850)
2022-09-09 18:39:14.020 *** Keyboard input *** key pressed: key: 90; text: "z"
2022-09-09 18:39:14.031 *** Process image overlay spent 0.01 seconds.
2022-09-09 18:39:14.034 *** Get cell color spent 0.00 seconds.
2022-09-09 18:39:14.448 *** Keyboard input *** key pressed: key: 90; text: "z"
2022-09-09 18:39:16.766 *** Interactive label *** Review annotations/active learning start.
2022-09-09 18:39:17.563 *** CACHEDIR=/home/zhihuang/.cache/matplotlib
2022-09-09 18:39:17.564 *** Using fontManager instance from /home/zhihuang/.cache/matplotlib/fontlist-v330.json
2022-09-09 18:39:17.824 *** Loaded backend qtagg version unknown.
2022-09-09 18:39:28.611 *** Interactive label *** Apply to case start.
2022-09-09 18:39:28.613 *** Interactive label *** Apply to case finish overlay create.
