2022-08-12 14:44:45.101 *** Start program *** Start program
2022-08-12 14:44:50.167 *** starting thread (client mode): 0xbc428460
2022-08-12 14:44:50.167 *** Local version/idstring: SSH-2.0-paramiko_2.11.0
2022-08-12 14:44:50.191 *** Remote version/idstring: SSH-2.0-OpenSSH_5.3
2022-08-12 14:44:50.191 *** Connected (version 2.0, client OpenSSH_5.3)
2022-08-12 14:44:50.214 *** === Key exchange possibilities ===
2022-08-12 14:44:50.214 *** kex algos: diffie-hellman-group-exchange-sha256, diffie-hellman-group-exchange-sha1, diffie-hellman-group14-sha1, diffie-hellman-group1-sha1
2022-08-12 14:44:50.214 *** server key: ssh-rsa, ssh-rsa-cert-v01@openssh.com, ssh-dss
2022-08-12 14:44:50.215 *** client encrypt: aes128-ctr, aes192-ctr, aes256-ctr, arcfour256, arcfour128, aes128-cbc, 3des-cbc, blowfish-cbc, cast128-cbc, aes192-cbc, aes256-cbc, arcfour, rijndael-cbc@lysator.liu.se
2022-08-12 14:44:50.215 *** server encrypt: aes128-ctr, aes192-ctr, aes256-ctr, arcfour256, arcfour128, aes128-cbc, 3des-cbc, blowfish-cbc, cast128-cbc, aes192-cbc, aes256-cbc, arcfour, rijndael-cbc@lysator.liu.se
2022-08-12 14:44:50.215 *** client mac: hmac-md5, hmac-sha1, umac-64@openssh.com, hmac-sha2-256, hmac-sha2-512, hmac-ripemd160, hmac-ripemd160@openssh.com, hmac-sha1-96, hmac-md5-96
2022-08-12 14:44:50.215 *** server mac: hmac-md5, hmac-sha1, umac-64@openssh.com, hmac-sha2-256, hmac-sha2-512, hmac-ripemd160, hmac-ripemd160@openssh.com, hmac-sha1-96, hmac-md5-96
2022-08-12 14:44:50.215 *** client compress: none, zlib@openssh.com
2022-08-12 14:44:50.215 *** server compress: none, zlib@openssh.com
2022-08-12 14:44:50.215 *** client lang: <none>
2022-08-12 14:44:50.215 *** server lang: <none>
2022-08-12 14:44:50.216 *** kex follows: False
2022-08-12 14:44:50.216 *** === Key exchange agreements ===
2022-08-12 14:44:50.216 *** Kex: diffie-hellman-group-exchange-sha256
2022-08-12 14:44:50.216 *** HostKey: ssh-rsa
2022-08-12 14:44:50.216 *** Cipher: aes128-ctr
2022-08-12 14:44:50.217 *** MAC: hmac-sha2-256
2022-08-12 14:44:50.217 *** Compression: none
2022-08-12 14:44:50.217 *** === End of kex handshake ===
2022-08-12 14:44:50.272 *** Got server p (2048 bits)
2022-08-12 14:44:50.374 *** kex engine KexGexSHA256 specified hash_algo <built-in function openssl_sha256>
2022-08-12 14:44:50.374 *** Switch to new keys ...
2022-08-12 14:44:50.374 *** Adding ssh-rsa host key for 173.201.181.247: b'cca345f774a2d98448d0bcc78f04075d'
2022-08-12 14:44:50.448 *** userauth is OK
2022-08-12 14:44:50.470 *** Authentication (password) successful!
2022-08-12 14:44:50.471 *** [chan 0] Max packet in: 32768 bytes
2022-08-12 14:44:50.489 *** [chan 0] Max packet out: 32768 bytes
2022-08-12 14:44:50.490 *** Secsh channel 0 opened.
2022-08-12 14:44:50.510 *** [chan 0] Sesch channel 0 request ok
2022-08-12 14:44:50.529 *** [chan 0] Opened sftp connection (server version 3)
2022-08-12 14:44:50.536 *** [chan 0] stat(b'/home/b6o162rzivzp/NucFinder_DB/05313943FB3B68B7/interactive_nuclei_dict.pickle')
2022-08-12 14:44:50.555 *** [chan 0] open(b'/home/b6o162rzivzp/NucFinder_DB/05313943FB3B68B7/interactive_nuclei_dict.pickle', 'rb')
2022-08-12 14:44:50.573 *** [chan 0] open(b'/home/b6o162rzivzp/NucFinder_DB/05313943FB3B68B7/interactive_nuclei_dict.pickle', 'rb') -> 00000000
2022-08-12 14:44:51.347 *** [chan 0] close(00000000)
2022-08-12 14:45:25.670 *** Open case *** /media/zhihuang/Drive14/Google_Colon_lnm_pos_2015_slides/slides/S0425
2022-08-12 14:45:29.321 *** Open processed data
2022-08-12 14:45:29.322 *** Preload all statistics at once.
2022-08-12 14:45:30.125 *** Nuclei stat data loaded, took 0.80 seconds. Total number of nuclei: 954361
2022-08-12 14:45:32.180 *** Interactive label *** Apply to case start.
2022-08-12 14:45:35.954 *** Interactive label *** Apply to case done.
2022-08-12 14:45:36.661 *** Interactive label *** Apply to case finish overlay create.
2022-08-12 14:45:36.665 *** Process image overlay spent 0.00 seconds.
2022-08-12 14:45:36.666 *** Get cell color spent 0.00 seconds.
2022-08-12 14:45:38.764 *** Mouse movement (LeftButton) ***  Mouse coords: (410, 342) (40996, 35751)
2022-08-12 14:45:38.775 *** Mouse movement (LeftButton) ***  Mouse coords: (410, 343) (40996, 35750)
2022-08-12 14:45:38.792 *** Mouse movement (LeftButton) ***  Mouse coords: (413, 348) (41476, 36390)
2022-08-12 14:45:38.808 *** Mouse movement (LeftButton) ***  Mouse coords: (419, 354) (41956, 36551)
2022-08-12 14:45:38.825 *** Mouse movement (LeftButton) ***  Mouse coords: (424, 358) (41796, 36230)
2022-08-12 14:45:38.842 *** Mouse movement (LeftButton) ***  Mouse coords: (430, 364) (41956, 36551)
2022-08-12 14:45:38.858 *** Mouse movement (LeftButton) ***  Mouse coords: (438, 370) (42276, 36551)
2022-08-12 14:45:38.875 *** Mouse movement (LeftButton) ***  Mouse coords: (447, 376) (42436, 36551)
2022-08-12 14:45:38.891 *** Mouse movement (LeftButton) ***  Mouse coords: (458, 382) (42756, 36551)
2022-08-12 14:45:38.909 *** Mouse movement (LeftButton) ***  Mouse coords: (462, 383) (41636, 35750)
2022-08-12 14:46:49.849 *** Program closed.
2022-08-12 14:46:49.904 *** EOF in transport thread
