2022-08-12 00:39:56.516 *** Start program *** Start program
2022-08-12 00:40:09.532 *** Open case *** /media/zhihuang/Drive3/Google_Colon_lnm_pos_2015_slides/slides/S0425
2022-08-12 00:40:12.164 *** Open processed data
2022-08-12 00:40:12.165 *** Preload all statistics at once.
2022-08-12 00:40:13.454 *** Nuclei stat data loaded, took 1.29 seconds. Total number of nuclei: 954361
2022-08-12 00:40:23.202 *** Process image overlay spent 0.01 seconds.
2022-08-12 00:40:23.277 *** Get cell color spent 0.07 seconds.
2022-08-12 00:40:23.395 *** Process image overlay spent 0.01 seconds.
2022-08-12 00:40:23.452 *** Get cell color spent 0.06 seconds.
2022-08-12 00:40:25.952 *** Mouse movement (LeftButton) ***  Mouse coords: (462, 184) (30485, 49147)
2022-08-12 00:40:25.987 *** Mouse movement (LeftButton) ***  Mouse coords: (484, 234) (30681, 49595)
2022-08-12 00:40:26.003 *** Mouse movement (LeftButton) ***  Mouse coords: (511, 291) (30729, 49664)
2022-08-12 00:40:26.026 *** Mouse movement (LeftButton) ***  Mouse coords: (543, 351) (30778, 49693)
2022-08-12 00:40:26.043 *** Mouse movement (LeftButton) ***  Mouse coords: (586, 425) (30885, 49829)
2022-08-12 00:40:26.063 *** Mouse movement (LeftButton) ***  Mouse coords: (609, 455) (30691, 49401)
2022-08-12 00:40:26.077 *** Mouse movement (LeftButton) ***  Mouse coords: (626, 474) (30631, 49293)
2022-08-12 00:40:26.092 *** Mouse movement (LeftButton) ***  Mouse coords: (646, 492) (30660, 49283)
2022-08-12 00:40:26.105 *** Mouse movement (LeftButton) ***  Mouse coords: (658, 504) (30582, 49225)
2022-08-12 00:40:26.120 *** Mouse movement (LeftButton) ***  Mouse coords: (664, 511) (30524, 49177)
2022-08-12 00:40:26.137 *** Mouse movement (LeftButton) ***  Mouse coords: (666, 513) (30484, 49127)
2022-08-12 00:40:26.153 *** Mouse movement (LeftButton) ***  Mouse coords: (667, 514) (30475, 49118)
2022-08-12 00:40:26.178 *** Process image overlay spent 0.01 seconds.
2022-08-12 00:40:26.266 *** Get cell color spent 0.09 seconds.
2022-08-12 00:40:26.384 *** Process image overlay spent 0.01 seconds.
2022-08-12 00:40:26.473 *** Get cell color spent 0.09 seconds.
2022-08-12 00:40:30.335 *** Process image overlay spent 0.01 seconds.
2022-08-12 00:40:30.372 *** Get cell color spent 0.04 seconds.
2022-08-12 00:40:30.441 *** Process image overlay spent 0.01 seconds.
2022-08-12 00:40:30.482 *** Get cell color spent 0.04 seconds.
2022-08-12 00:40:31.062 *** Process image overlay spent 0.01 seconds.
2022-08-12 00:40:31.076 *** Get cell color spent 0.01 seconds.
2022-08-12 00:40:31.329 *** Process image overlay spent 0.01 seconds.
2022-08-12 00:40:31.333 *** Get cell color spent 0.00 seconds.
2022-08-12 00:40:32.072 *** Process image overlay spent 0.01 seconds.
2022-08-12 00:40:32.168 *** Get cell color spent 0.10 seconds.
2022-08-12 00:40:32.283 *** Process image overlay spent 0.01 seconds.
2022-08-12 00:40:32.369 *** Get cell color spent 0.09 seconds.
2022-08-12 00:40:32.877 *** Process image overlay spent 0.01 seconds.
2022-08-12 00:40:32.913 *** Get cell color spent 0.04 seconds.
2022-08-12 00:40:32.995 *** Process image overlay spent 0.01 seconds.
2022-08-12 00:40:33.011 *** Get cell color spent 0.02 seconds.
2022-08-12 00:40:33.260 *** Process image overlay spent 0.01 seconds.
2022-08-12 00:40:33.272 *** Get cell color spent 0.01 seconds.
2022-08-12 00:40:34.104 *** Process image overlay spent 0.01 seconds.
2022-08-12 00:40:34.169 *** Get cell color spent 0.06 seconds.
2022-08-12 00:40:34.257 *** Process image overlay spent 0.01 seconds.
2022-08-12 00:40:34.368 *** Get cell color spent 0.11 seconds.
2022-08-12 00:40:34.494 *** Process image overlay spent 0.01 seconds.
2022-08-12 00:40:34.589 *** Get cell color spent 0.09 seconds.
2022-08-12 00:40:35.192 *** Process image overlay spent 0.01 seconds.
2022-08-12 00:40:35.230 *** Get cell color spent 0.04 seconds.
2022-08-12 00:40:35.316 *** Process image overlay spent 0.01 seconds.
2022-08-12 00:40:35.371 *** Get cell color spent 0.06 seconds.
2022-08-12 00:40:36.265 *** Mouse movement (LeftButton) ***  Mouse coords: (614, 452) (29969, 48825)
2022-08-12 00:40:36.289 *** Mouse movement (LeftButton) ***  Mouse coords: (610, 457) (29953, 48847)
2022-08-12 00:40:36.303 *** Mouse movement (LeftButton) ***  Mouse coords: (604, 463) (29941, 48852)
2022-08-12 00:40:36.320 *** Mouse movement (LeftButton) ***  Mouse coords: (591, 475) (29903, 48886)
2022-08-12 00:40:36.337 *** Mouse movement (LeftButton) ***  Mouse coords: (577, 485) (29897, 48875)
2022-08-12 00:40:36.353 *** Mouse movement (LeftButton) ***  Mouse coords: (559, 495) (29875, 48874)
2022-08-12 00:40:36.370 *** Mouse movement (LeftButton) ***  Mouse coords: (535, 508) (29841, 48892)
2022-08-12 00:40:36.386 *** Mouse movement (LeftButton) ***  Mouse coords: (527, 512) (29930, 48841)
2022-08-12 00:40:36.403 *** Mouse movement (LeftButton) ***  Mouse coords: (522, 515) (29947, 48836)
2022-08-12 00:40:36.420 *** Mouse movement (LeftButton) ***  Mouse coords: (520, 516) (29964, 48824)
2022-08-12 00:40:36.443 *** Process image overlay spent 0.00 seconds.
2022-08-12 00:40:36.477 *** Get cell color spent 0.03 seconds.
2022-08-12 00:40:36.543 *** Process image overlay spent 0.01 seconds.
2022-08-12 00:40:36.585 *** Get cell color spent 0.04 seconds.
2022-08-12 00:40:37.847 *** Mouse movement (LeftButton) ***  Mouse coords: (708, 349) (31023, 47889)
2022-08-12 00:40:37.870 *** Mouse movement (LeftButton) ***  Mouse coords: (704, 356) (31000, 47922)
2022-08-12 00:40:37.887 *** Mouse movement (LeftButton) ***  Mouse coords: (697, 367) (30984, 47944)
2022-08-12 00:40:37.903 *** Mouse movement (LeftButton) ***  Mouse coords: (688, 377) (30973, 47939)
2022-08-12 00:40:37.920 *** Mouse movement (LeftButton) ***  Mouse coords: (675, 390) (30951, 47955)
2022-08-12 00:40:37.937 *** Mouse movement (LeftButton) ***  Mouse coords: (663, 400) (30956, 47939)
2022-08-12 00:40:37.954 *** Mouse movement (LeftButton) ***  Mouse coords: (650, 410) (30950, 47939)
2022-08-12 00:40:37.972 *** Mouse movement (LeftButton) ***  Mouse coords: (642, 415) (30979, 47911)
2022-08-12 00:40:37.987 *** Mouse movement (LeftButton) ***  Mouse coords: (637, 418) (30995, 47899)
2022-08-12 00:40:38.003 *** Mouse movement (LeftButton) ***  Mouse coords: (635, 419) (31012, 47889)
2022-08-12 00:40:38.029 *** Process image overlay spent 0.01 seconds.
2022-08-12 00:40:38.066 *** Get cell color spent 0.04 seconds.
2022-08-12 00:40:38.137 *** Process image overlay spent 0.01 seconds.
2022-08-12 00:40:38.198 *** Get cell color spent 0.06 seconds.
2022-08-12 00:40:39.393 *** Mouse movement (LeftButton) ***  Mouse coords: (729, 327) (31547, 47370)
2022-08-12 00:40:39.421 *** Mouse movement (LeftButton) ***  Mouse coords: (727, 330) (31535, 47382)
2022-08-12 00:40:39.437 *** Mouse movement (LeftButton) ***  Mouse coords: (719, 339) (31503, 47415)
2022-08-12 00:40:39.453 *** Mouse movement (LeftButton) ***  Mouse coords: (706, 357) (31474, 47466)
2022-08-12 00:40:39.470 *** Mouse movement (LeftButton) ***  Mouse coords: (689, 378) (31453, 47482)
2022-08-12 00:40:39.487 *** Mouse movement (LeftButton) ***  Mouse coords: (674, 394) (31463, 47454)
2022-08-12 00:40:39.503 *** Mouse movement (LeftButton) ***  Mouse coords: (656, 413) (31447, 47470)
2022-08-12 00:40:39.520 *** Mouse movement (LeftButton) ***  Mouse coords: (626, 438) (31380, 47505)
2022-08-12 00:40:39.537 *** Mouse movement (LeftButton) ***  Mouse coords: (610, 450) (31458, 47432)
2022-08-12 00:40:39.553 *** Mouse movement (LeftButton) ***  Mouse coords: (594, 462) (31458, 47431)
2022-08-12 00:40:39.570 *** Mouse movement (LeftButton) ***  Mouse coords: (578, 476) (31457, 47443)
2022-08-12 00:40:39.587 *** Mouse movement (LeftButton) ***  Mouse coords: (573, 480) (31520, 47388)
2022-08-12 00:40:39.604 *** Mouse movement (LeftButton) ***  Mouse coords: (567, 487) (31513, 47404)
2022-08-12 00:40:39.633 *** Process image overlay spent 0.01 seconds.
2022-08-12 00:40:39.696 *** Get cell color spent 0.06 seconds.
2022-08-12 00:40:39.767 *** Process image overlay spent 0.01 seconds.
2022-08-12 00:40:39.814 *** Get cell color spent 0.05 seconds.
2022-08-12 00:40:41.540 *** Process image overlay spent 0.01 seconds.
2022-08-12 00:40:41.798 *** Get cell color spent 0.26 seconds.
2022-08-12 00:40:42.203 *** Process image overlay spent 0.01 seconds.
2022-08-12 00:40:42.402 *** Get cell color spent 0.20 seconds.
2022-08-12 00:40:44.004 *** Mouse movement (LeftButton) ***  Mouse coords: (1483, 887) (31784, 46187)
2022-08-12 00:40:44.053 *** Mouse movement (LeftButton) ***  Mouse coords: (1537, 964) (32068, 46603)
2022-08-12 00:40:44.103 *** Mouse movement (LeftButton) ***  Mouse coords: (1704, 1138) (32697, 47145)
2022-08-12 00:40:44.170 *** Mouse movement (LeftButton) ***  Mouse coords: (1948, 1272) (33126, 46921)
2022-08-12 00:40:44.212 *** Mouse movement (LeftButton) ***  Mouse coords: (2048, 1305) (32324, 46359)
2022-08-12 00:40:44.251 *** Mouse movement (LeftButton) ***  Mouse coords: (2098, 1324) (32046, 46281)
2022-08-12 00:40:44.292 *** Mouse movement (LeftButton) ***  Mouse coords: (2108, 1328) (31822, 46197)
2022-08-12 00:40:44.406 *** Process image overlay spent 0.01 seconds.
2022-08-12 00:40:44.650 *** Get cell color spent 0.24 seconds.
2022-08-12 00:40:45.336 *** Process image overlay spent 0.01 seconds.
2022-08-12 00:40:45.511 *** Get cell color spent 0.18 seconds.
2022-08-12 00:40:47.582 *** Mouse movement (LeftButton) ***  Mouse coords: (1509, 1177) (28431, 45334)
2022-08-12 00:40:47.637 *** Mouse movement (LeftButton) ***  Mouse coords: (1543, 1160) (28614, 45239)
2022-08-12 00:40:47.687 *** Mouse movement (LeftButton) ***  Mouse coords: (1621, 1130) (28860, 45167)
2022-08-12 00:40:47.751 *** Mouse movement (LeftButton) ***  Mouse coords: (1821, 1033) (29539, 44794)
2022-08-12 00:40:47.791 *** Mouse movement (LeftButton) ***  Mouse coords: (1916, 994) (28954, 45117)
2022-08-12 00:40:47.832 *** Mouse movement (LeftButton) ***  Mouse coords: (1982, 974) (28793, 45222)
2022-08-12 00:40:47.872 *** Mouse movement (LeftButton) ***  Mouse coords: (1986, 974) (28447, 45334)
2022-08-12 00:40:47.958 *** Process image overlay spent 0.01 seconds.
2022-08-12 00:40:48.134 *** Get cell color spent 0.18 seconds.
2022-08-12 00:40:48.485 *** Process image overlay spent 0.01 seconds.
2022-08-12 00:40:48.667 *** Get cell color spent 0.18 seconds.
2022-08-12 00:40:50.020 *** Mouse movement (LeftButton) ***  Mouse coords: (1639, 953) (26492, 45217)
2022-08-12 00:40:50.070 *** Mouse movement (LeftButton) ***  Mouse coords: (1645, 967) (26525, 45290)
2022-08-12 00:40:50.120 *** Mouse movement (LeftButton) ***  Mouse coords: (1658, 988) (26565, 45329)
2022-08-12 00:40:50.187 *** Mouse movement (LeftButton) ***  Mouse coords: (1697, 1035) (26709, 45474)
2022-08-12 00:40:50.229 *** Mouse movement (LeftButton) ***  Mouse coords: (1716, 1056) (26598, 45329)
2022-08-12 00:40:50.272 *** Mouse movement (LeftButton) ***  Mouse coords: (1742, 1080) (26637, 45346)
2022-08-12 00:40:50.338 *** Mouse movement (LeftButton) ***  Mouse coords: (1771, 1103) (26653, 45340)
2022-08-12 00:40:50.381 *** Mouse movement (LeftButton) ***  Mouse coords: (1781, 1112) (26548, 45262)
2022-08-12 00:40:50.424 *** Mouse movement (LeftButton) ***  Mouse coords: (1789, 1119) (26536, 45251)
2022-08-12 00:40:50.466 *** Mouse movement (LeftButton) ***  Mouse coords: (1798, 1128) (26543, 45262)
2022-08-12 00:40:50.509 *** Mouse movement (LeftButton) ***  Mouse coords: (1807, 1137) (26542, 45262)
2022-08-12 00:40:50.554 *** Mouse movement (LeftButton) ***  Mouse coords: (1819, 1149) (26559, 45279)
2022-08-12 00:40:50.596 *** Mouse movement (LeftButton) ***  Mouse coords: (1822, 1152) (26508, 45229)
2022-08-12 00:40:50.687 *** Process image overlay spent 0.01 seconds.
2022-08-12 00:40:50.856 *** Get cell color spent 0.17 seconds.
2022-08-12 00:40:51.160 *** Process image overlay spent 0.01 seconds.
2022-08-12 00:40:51.368 *** Get cell color spent 0.21 seconds.
2022-08-12 00:40:52.080 *** Process image overlay spent 0.01 seconds.
2022-08-12 00:40:52.603 *** Get cell color spent 0.52 seconds.
2022-08-12 00:40:53.506 *** Process image overlay spent 0.00 seconds.
2022-08-12 00:40:53.864 *** Get cell color spent 0.36 seconds.
2022-08-12 00:40:55.457 *** Mouse movement (LeftButton) ***  Mouse coords: (1885, 976) (27448, 43233)
2022-08-12 00:40:55.520 *** Mouse movement (LeftButton) ***  Mouse coords: (1844, 1011) (27049, 43556)
2022-08-12 00:40:55.587 *** Mouse movement (LeftButton) ***  Mouse coords: (1720, 1106) (26239, 44140)
2022-08-12 00:40:55.677 *** Mouse movement (LeftButton) ***  Mouse coords: (1626, 1149) (26531, 43633)
2022-08-12 00:40:55.734 *** Mouse movement (LeftButton) ***  Mouse coords: (1624, 1149) (27429, 43214)
2022-08-12 00:40:55.796 *** Process image overlay spent 0.01 seconds.
2022-08-12 00:40:56.156 *** Get cell color spent 0.36 seconds.
2022-08-12 00:40:57.068 *** Process image overlay spent 0.01 seconds.
2022-08-12 00:40:57.428 *** Get cell color spent 0.36 seconds.
2022-08-12 00:41:52.592 *** Program closed.
