2022-08-13 19:46:01.825 *** Start program *** Start program
2022-08-13 19:46:15.687 *** User Login *** id=640475916; email=zhihuang@stanford.edu; firstname=Zhi; lastname=Huang.
2022-08-13 19:46:20.581 *** Open case *** /media/zhihuang/Drive14/Google_Colon_lnm_pos_2015_slides/slides/S0425
2022-08-13 19:46:23.187 *** Open processed data
2022-08-13 19:46:23.189 *** Preload all statistics at once.
2022-08-13 19:46:24.020 *** Nuclei stat data loaded, took 0.83 seconds. Total number of nuclei: 954361
2022-08-13 19:46:29.038 *** Process image overlay spent 0.00 seconds.
2022-08-13 19:46:29.045 *** Get cell color spent 0.01 seconds.
2022-08-13 19:46:30.636 *** Process image overlay spent 0.00 seconds.
2022-08-13 19:46:30.638 *** Get cell color spent 0.00 seconds.
2022-08-13 19:46:31.075 *** Mouse movement (LeftButton) ***  Mouse coords: (476, 326) (38651, 49107)
2022-08-13 19:46:31.084 *** Mouse movement (LeftButton) ***  Mouse coords: (476, 328) (38651, 49111)
2022-08-13 19:46:31.103 *** Mouse movement (LeftButton) ***  Mouse coords: (486, 341) (38669, 49135)
2022-08-13 19:46:31.121 *** Mouse movement (LeftButton) ***  Mouse coords: (503, 358) (38700, 49166)
2022-08-13 19:46:31.137 *** Mouse movement (LeftButton) ***  Mouse coords: (516, 371) (38724, 49189)
2022-08-13 19:46:31.154 *** Mouse movement (LeftButton) ***  Mouse coords: (534, 389) (38756, 49222)
2022-08-13 19:46:31.170 *** Mouse movement (LeftButton) ***  Mouse coords: (552, 411) (38789, 49262)
2022-08-13 19:46:31.187 *** Mouse movement (LeftButton) ***  Mouse coords: (571, 433) (38824, 49302)
2022-08-13 19:46:31.204 *** Mouse movement (LeftButton) ***  Mouse coords: (578, 442) (38836, 49318)
2022-08-13 19:46:31.220 *** Mouse movement (LeftButton) ***  Mouse coords: (582, 446) (38844, 49326)
2022-08-13 19:46:31.237 *** Mouse movement (LeftButton) ***  Mouse coords: (584, 449) (38847, 49331)
2022-08-13 19:46:31.254 *** Mouse movement (LeftButton) ***  Mouse coords: (585, 452) (38849, 49337)
2022-08-13 19:46:31.270 *** Mouse movement (LeftButton) ***  Mouse coords: (586, 453) (38851, 49338)
2022-08-13 19:46:31.563 *** Mouse movement (LeftButton) ***  Mouse coords: (587, 453) (38853, 49338)
2022-08-13 19:46:32.674 *** Interactive label *** Apply to case start.
2022-08-13 19:46:35.439 *** Interactive label *** Apply to case done.
2022-08-13 19:46:35.558 *** Interactive label *** Apply to case finish overlay create.
2022-08-13 19:46:35.563 *** Process image overlay spent 0.00 seconds.
2022-08-13 19:46:35.565 *** Get cell color spent 0.00 seconds.
2022-08-13 19:46:37.581 *** Process image overlay spent 0.00 seconds.
2022-08-13 19:46:37.584 *** Get cell color spent 0.00 seconds.
2022-08-13 19:46:37.690 *** Process image overlay spent 0.00 seconds.
2022-08-13 19:46:37.694 *** Get cell color spent 0.00 seconds.
2022-08-13 19:46:38.065 *** Mouse movement (LeftButton) ***  Mouse coords: (765, 281) (39275, 48866)
2022-08-13 19:46:38.091 *** Mouse movement (LeftButton) ***  Mouse coords: (759, 290) (39242, 48905)
2022-08-13 19:46:38.106 *** Mouse movement (LeftButton) ***  Mouse coords: (749, 301) (39219, 48917)
2022-08-13 19:46:38.119 *** Mouse movement (LeftButton) ***  Mouse coords: (736, 308) (39203, 48894)
2022-08-13 19:46:38.136 *** Mouse movement (LeftButton) ***  Mouse coords: (714, 318) (39152, 48910)
2022-08-13 19:46:38.152 *** Mouse movement (LeftButton) ***  Mouse coords: (682, 325) (39097, 48894)
2022-08-13 19:46:38.170 *** Mouse movement (LeftButton) ***  Mouse coords: (654, 329) (39119, 48878)
2022-08-13 19:46:38.193 *** Mouse movement (LeftButton) ***  Mouse coords: (599, 336) (38968, 48894)
2022-08-13 19:46:38.205 *** Mouse movement (LeftButton) ***  Mouse coords: (590, 337) (39225, 48860)
2022-08-13 19:46:38.219 *** Mouse movement (LeftButton) ***  Mouse coords: (573, 340) (39181, 48872)
2022-08-13 19:46:38.236 *** Mouse movement (LeftButton) ***  Mouse coords: (568, 341) (39247, 48860)
2022-08-13 19:46:38.257 *** Mouse movement (LeftButton) ***  Mouse coords: (565, 341) (39258, 48855)
2022-08-13 19:46:38.330 *** Process image overlay spent 0.00 seconds.
2022-08-13 19:46:38.336 *** Get cell color spent 0.01 seconds.
2022-08-13 20:01:47.965 *** Program closed.
