2022-08-13 22:07:53.699 *** Start program *** Start program
2022-08-13 22:07:58.507 *** Open case *** /media/zhihuang/Drive14/Google_Colon_lnm_pos_2015_slides/slides/S0425
2022-08-13 22:08:00.899 *** Open processed data
2022-08-13 22:08:00.901 *** Preload all statistics at once.
2022-08-13 22:08:01.729 *** Nuclei stat data loaded, took 0.83 seconds. Total number of nuclei: 954361
2022-08-13 22:08:08.431 *** Keyboard input *** key pressed: key: 66; text: "b"
2022-08-13 22:08:10.562 *** Mouse movement (LeftButton) ***  Mouse coords: (452, 399) (53247, 60248)
2022-08-13 22:08:10.580 *** Mouse movement (LeftButton) ***  Mouse coords: (461, 401) (53254, 60251)
2022-08-13 22:08:10.599 *** Mouse movement (LeftButton) ***  Mouse coords: (504, 420) (53290, 60269)
2022-08-13 22:08:10.614 *** Mouse movement (LeftButton) ***  Mouse coords: (524, 427) (53266, 60256)
2022-08-13 22:08:10.630 *** Mouse movement (LeftButton) ***  Mouse coords: (573, 437) (53296, 60259)
2022-08-13 22:08:10.647 *** Mouse movement (LeftButton) ***  Mouse coords: (608, 439) (53281, 60251)
2022-08-13 22:08:10.664 *** Mouse movement (LeftButton) ***  Mouse coords: (632, 442) (53270, 60252)
2022-08-13 22:08:10.680 *** Mouse movement (LeftButton) ***  Mouse coords: (667, 445) (53281, 60253)
2022-08-13 22:08:10.696 *** Mouse movement (LeftButton) ***  Mouse coords: (689, 448) (53268, 60252)
2022-08-13 22:08:10.713 *** Mouse movement (LeftButton) ***  Mouse coords: (690, 448) (53246, 60249)
2022-08-13 22:08:11.004 *** Keyboard input *** key pressed: key: 66; text: "b"
2022-08-13 22:08:11.657 *** Keyboard input *** key pressed: key: 66; text: "b"
2022-08-13 22:08:12.017 *** Keyboard input *** key pressed: key: 66; text: "b"
2022-08-13 22:08:12.266 *** Keyboard input *** key pressed: key: 66; text: "b"
2022-08-13 22:08:12.524 *** Keyboard input *** key pressed: key: 66; text: "b"
2022-08-13 22:08:12.792 *** Keyboard input *** key pressed: key: 66; text: "b"
2022-08-13 22:08:13.108 *** Keyboard input *** key pressed: key: 66; text: "b"
2022-08-13 22:08:15.139 *** Keyboard input *** key pressed: key: 66; text: "b"
2022-08-13 22:08:15.729 *** Keyboard input *** key pressed: key: 66; text: "b"
2022-08-13 22:08:16.075 *** Keyboard input *** key pressed: key: 66; text: "b"
2022-08-13 22:08:16.338 *** Keyboard input *** key pressed: key: 66; text: "b"
2022-08-13 22:08:16.672 *** Keyboard input *** key pressed: key: 66; text: "b"
2022-08-13 22:08:16.907 *** Keyboard input *** key pressed: key: 66; text: "b"
2022-08-13 22:08:17.105 *** Keyboard input *** key pressed: key: 66; text: "b"
2022-08-13 22:08:17.291 *** Keyboard input *** key pressed: key: 66; text: "b"
2022-08-13 22:08:17.741 *** Keyboard input *** key pressed: key: 66; text: "b"
2022-08-13 22:10:05.754 *** Program closed.
