2022-08-12 14:21:45.630 *** Start program *** Start program
2022-08-12 14:22:02.903 *** Open case *** /media/zhihuang/Drive14/Google_Colon_lnm_pos_2015_slides/slides/S0425
2022-08-12 14:22:05.065 *** Open processed data
2022-08-12 14:22:05.065 *** Preload all statistics at once.
2022-08-12 14:22:05.896 *** Nuclei stat data loaded, took 0.83 seconds. Total number of nuclei: 954361
2022-08-12 14:22:07.936 *** CACHEDIR=/home/zhihuang/.cache/matplotlib
2022-08-12 14:22:07.938 *** Using fontManager instance from /home/zhihuang/.cache/matplotlib/fontlist-v330.json
2022-08-12 14:22:08.194 *** Loaded backend qtagg version unknown.
2022-08-12 14:22:22.402 *** Process image overlay spent 0.00 seconds.
2022-08-12 14:22:22.406 *** Get cell color spent 0.00 seconds.
2022-08-12 14:22:24.742 *** starting thread (client mode): 0x5cc5af10
2022-08-12 14:22:24.742 *** Local version/idstring: SSH-2.0-paramiko_2.11.0
2022-08-12 14:22:24.766 *** Remote version/idstring: SSH-2.0-OpenSSH_5.3
2022-08-12 14:22:24.767 *** Connected (version 2.0, client OpenSSH_5.3)
2022-08-12 14:22:24.784 *** === Key exchange possibilities ===
2022-08-12 14:22:24.784 *** kex algos: diffie-hellman-group-exchange-sha256, diffie-hellman-group-exchange-sha1, diffie-hellman-group14-sha1, diffie-hellman-group1-sha1
2022-08-12 14:22:24.784 *** server key: ssh-rsa, ssh-rsa-cert-v01@openssh.com, ssh-dss
2022-08-12 14:22:24.785 *** client encrypt: aes128-ctr, aes192-ctr, aes256-ctr, arcfour256, arcfour128, aes128-cbc, 3des-cbc, blowfish-cbc, cast128-cbc, aes192-cbc, aes256-cbc, arcfour, rijndael-cbc@lysator.liu.se
2022-08-12 14:22:24.785 *** server encrypt: aes128-ctr, aes192-ctr, aes256-ctr, arcfour256, arcfour128, aes128-cbc, 3des-cbc, blowfish-cbc, cast128-cbc, aes192-cbc, aes256-cbc, arcfour, rijndael-cbc@lysator.liu.se
2022-08-12 14:22:24.785 *** client mac: hmac-md5, hmac-sha1, umac-64@openssh.com, hmac-sha2-256, hmac-sha2-512, hmac-ripemd160, hmac-ripemd160@openssh.com, hmac-sha1-96, hmac-md5-96
2022-08-12 14:22:24.785 *** server mac: hmac-md5, hmac-sha1, umac-64@openssh.com, hmac-sha2-256, hmac-sha2-512, hmac-ripemd160, hmac-ripemd160@openssh.com, hmac-sha1-96, hmac-md5-96
2022-08-12 14:22:24.785 *** client compress: none, zlib@openssh.com
2022-08-12 14:22:24.785 *** server compress: none, zlib@openssh.com
2022-08-12 14:22:24.785 *** client lang: <none>
2022-08-12 14:22:24.785 *** server lang: <none>
2022-08-12 14:22:24.785 *** kex follows: False
2022-08-12 14:22:24.786 *** === Key exchange agreements ===
2022-08-12 14:22:24.786 *** Kex: diffie-hellman-group-exchange-sha256
2022-08-12 14:22:24.786 *** HostKey: ssh-rsa
2022-08-12 14:22:24.786 *** Cipher: aes128-ctr
2022-08-12 14:22:24.786 *** MAC: hmac-sha2-256
2022-08-12 14:22:24.787 *** Compression: none
2022-08-12 14:22:24.787 *** === End of kex handshake ===
2022-08-12 14:22:24.845 *** Got server p (2048 bits)
2022-08-12 14:22:24.933 *** kex engine KexGexSHA256 specified hash_algo <built-in function openssl_sha256>
2022-08-12 14:22:24.934 *** Switch to new keys ...
2022-08-12 14:22:24.935 *** Adding ssh-rsa host key for 173.201.181.247: b'cca345f774a2d98448d0bcc78f04075d'
2022-08-12 14:22:25.009 *** userauth is OK
2022-08-12 14:22:25.032 *** Authentication (password) successful!
2022-08-12 14:22:25.035 *** [chan 0] Max packet in: 32768 bytes
2022-08-12 14:22:25.054 *** [chan 0] Max packet out: 32768 bytes
2022-08-12 14:22:25.054 *** Secsh channel 0 opened.
2022-08-12 14:22:25.075 *** [chan 0] Sesch channel 0 request ok
2022-08-12 14:22:25.096 *** [chan 0] Opened sftp connection (server version 3)
2022-08-12 14:22:25.105 *** [chan 0] stat(b'/home/b6o162rzivzp/NucFinder_DB/05313943FB3B68B7/interactive_nuclei_dict.pickle')
2022-08-12 14:22:25.126 *** [chan 0] open(b'/home/b6o162rzivzp/NucFinder_DB/05313943FB3B68B7/interactive_nuclei_dict.pickle', 'rb')
2022-08-12 14:22:25.145 *** [chan 0] open(b'/home/b6o162rzivzp/NucFinder_DB/05313943FB3B68B7/interactive_nuclei_dict.pickle', 'rb') -> 00000000
2022-08-12 14:22:26.037 *** [chan 0] close(00000000)
