2022-08-12 12:28:20.607 *** Start program *** Start program
2022-08-12 12:28:26.528 *** Open case *** /media/zhihuang/Drive14/Google_Colon_lnm_pos_2015_slides/slides/S0425
2022-08-12 12:28:28.367 *** Open processed data
2022-08-12 12:28:28.368 *** Preload all statistics at once.
2022-08-12 12:28:29.178 *** Nuclei stat data loaded, took 0.81 seconds. Total number of nuclei: 954361
2022-08-12 12:28:33.407 *** Keyboard input *** key pressed: key: 68; text: "d"
2022-08-12 12:28:34.700 *** Mouse movement (LeftButton) ***  Mouse coords: (396, 431) (86756, 49991)
2022-08-12 12:28:34.716 *** Mouse movement (LeftButton) ***  Mouse coords: (399, 430) (87236, 49991)
2022-08-12 12:28:34.733 *** Mouse movement (LeftButton) ***  Mouse coords: (414, 426) (89156, 49511)
2022-08-12 12:28:34.749 *** Mouse movement (LeftButton) ***  Mouse coords: (445, 424) (91716, 49831)
2022-08-12 12:28:34.766 *** Mouse movement (LeftButton) ***  Mouse coords: (482, 421) (92676, 49671)
2022-08-12 12:28:34.782 *** Mouse movement (LeftButton) ***  Mouse coords: (516, 421) (92196, 50151)
2022-08-12 12:28:34.799 *** Mouse movement (LeftButton) ***  Mouse coords: (581, 421) (97156, 50151)
2022-08-12 12:28:34.816 *** Mouse movement (LeftButton) ***  Mouse coords: (620, 421) (92996, 50151)
2022-08-12 12:28:34.832 *** Mouse movement (LeftButton) ***  Mouse coords: (650, 421) (91556, 50151)
2022-08-12 12:28:34.849 *** Mouse movement (LeftButton) ***  Mouse coords: (673, 422) (90436, 50311)
2022-08-12 12:28:34.866 *** Mouse movement (LeftButton) ***  Mouse coords: (685, 422) (88676, 50151)
2022-08-12 12:28:36.216 *** Mouse movement (LeftButton) ***  Mouse coords: (523, 427) (60836, 50951)
2022-08-12 12:28:36.233 *** Mouse movement (LeftButton) ***  Mouse coords: (527, 430) (61476, 51271)
2022-08-12 12:28:36.249 *** Mouse movement (LeftButton) ***  Mouse coords: (534, 434) (61956, 51431)
2022-08-12 12:28:36.266 *** Mouse movement (LeftButton) ***  Mouse coords: (544, 438) (62436, 51431)
2022-08-12 12:28:36.283 *** Mouse movement (LeftButton) ***  Mouse coords: (563, 446) (63876, 52071)
2022-08-12 12:28:36.299 *** Mouse movement (LeftButton) ***  Mouse coords: (570, 448) (61956, 51111)
2022-08-12 12:28:36.316 *** Mouse movement (LeftButton) ***  Mouse coords: (581, 452) (62596, 51431)
2022-08-12 12:28:36.333 *** Mouse movement (LeftButton) ***  Mouse coords: (592, 458) (62596, 51751)
2022-08-12 12:28:36.349 *** Mouse movement (LeftButton) ***  Mouse coords: (600, 461) (62116, 51271)
2022-08-12 12:28:36.366 *** Mouse movement (LeftButton) ***  Mouse coords: (605, 463) (61636, 51111)
2022-08-12 12:28:37.453 *** Mouse movement (LeftButton) ***  Mouse coords: (545, 465) (51236, 51111)
2022-08-12 12:28:37.467 *** Mouse movement (LeftButton) ***  Mouse coords: (545, 466) (51236, 51111)
2022-08-12 12:28:37.482 *** Mouse movement (LeftButton) ***  Mouse coords: (543, 473) (50916, 52071)
2022-08-12 12:28:37.499 *** Mouse movement (LeftButton) ***  Mouse coords: (538, 489) (50436, 53511)
2022-08-12 12:28:37.516 *** Mouse movement (LeftButton) ***  Mouse coords: (532, 509) (50276, 54151)
2022-08-12 12:28:37.533 *** Mouse movement (LeftButton) ***  Mouse coords: (525, 533) (50116, 54791)
2022-08-12 12:28:37.549 *** Mouse movement (LeftButton) ***  Mouse coords: (520, 549) (50436, 53511)
2022-08-12 12:28:37.566 *** Mouse movement (LeftButton) ***  Mouse coords: (516, 564) (50596, 53351)
2022-08-12 12:28:37.583 *** Mouse movement (LeftButton) ***  Mouse coords: (514, 569) (50916, 51751)
2022-08-12 12:28:37.606 *** Mouse movement (LeftButton) ***  Mouse coords: (514, 570) (51236, 51111)
2022-08-12 12:28:38.961 *** Mouse movement (LeftButton) ***  Mouse coords: (372, 552) (28516, 48071)
2022-08-12 12:28:38.984 *** Mouse movement (LeftButton) ***  Mouse coords: (381, 539) (29956, 46151)
2022-08-12 12:28:38.999 *** Mouse movement (LeftButton) ***  Mouse coords: (395, 522) (30756, 45511)
2022-08-12 12:28:39.016 *** Mouse movement (LeftButton) ***  Mouse coords: (404, 508) (29956, 45991)
2022-08-12 12:28:39.032 *** Mouse movement (LeftButton) ***  Mouse coords: (422, 477) (31396, 43271)
2022-08-12 12:28:39.049 *** Mouse movement (LeftButton) ***  Mouse coords: (441, 441) (31556, 42471)
2022-08-12 12:28:39.066 *** Mouse movement (LeftButton) ***  Mouse coords: (461, 405) (31716, 42471)
2022-08-12 12:28:39.083 *** Mouse movement (LeftButton) ***  Mouse coords: (476, 381) (30916, 44391)
2022-08-12 12:28:39.099 *** Mouse movement (LeftButton) ***  Mouse coords: (484, 370) (29796, 46471)
2022-08-12 12:28:39.116 *** Mouse movement (LeftButton) ***  Mouse coords: (485, 368) (28676, 47911)
2022-08-12 12:28:41.818 *** Mouse movement (LeftButton) ***  Mouse coords: (516, 176) (32761, 50674)
2022-08-12 12:28:41.834 *** Mouse movement (LeftButton) ***  Mouse coords: (517, 179) (32778, 50691)
2022-08-12 12:28:41.849 *** Mouse movement (LeftButton) ***  Mouse coords: (522, 197) (32846, 50947)
2022-08-12 12:28:41.866 *** Mouse movement (LeftButton) ***  Mouse coords: (533, 219) (32949, 51015)
2022-08-12 12:28:41.883 *** Mouse movement (LeftButton) ***  Mouse coords: (545, 243) (32966, 51050)
2022-08-12 12:28:41.899 *** Mouse movement (LeftButton) ***  Mouse coords: (556, 263) (32948, 50981)
2022-08-12 12:28:41.916 *** Mouse movement (LeftButton) ***  Mouse coords: (582, 306) (33205, 51373)
2022-08-12 12:28:41.933 *** Mouse movement (LeftButton) ***  Mouse coords: (606, 340) (33170, 51220)
2022-08-12 12:28:41.949 *** Mouse movement (LeftButton) ***  Mouse coords: (624, 362) (33068, 51016)
2022-08-12 12:28:41.966 *** Mouse movement (LeftButton) ***  Mouse coords: (646, 391) (33137, 51134)
2022-08-12 12:28:41.983 *** Mouse movement (LeftButton) ***  Mouse coords: (664, 412) (33068, 50999)
2022-08-12 12:28:41.984 *** Mouse movement (LeftButton) ***  Mouse coords: (675, 426) (32948, 50879)
2022-08-12 12:28:41.999 *** Mouse movement (LeftButton) ***  Mouse coords: (684, 438) (32915, 50844)
2022-08-12 12:28:42.016 *** Mouse movement (LeftButton) ***  Mouse coords: (694, 448) (32932, 50811)
2022-08-12 12:28:42.033 *** Mouse movement (LeftButton) ***  Mouse coords: (701, 457) (32880, 50793)
2022-08-12 12:28:42.049 *** Mouse movement (LeftButton) ***  Mouse coords: (704, 462) (32812, 50726)
2022-08-12 12:28:42.066 *** Mouse movement (LeftButton) ***  Mouse coords: (705, 463) (32778, 50657)
2022-08-12 12:28:42.862 *** Process image overlay spent 0.00 seconds.
2022-08-12 12:28:42.886 *** Get cell color spent 0.02 seconds.
2022-08-12 12:28:43.948 *** Mouse movement (LeftButton) ***  Mouse coords: (630, 263) (31663, 49393)
2022-08-12 12:28:43.968 *** Mouse movement (LeftButton) ***  Mouse coords: (631, 271) (31666, 49415)
2022-08-12 12:28:43.983 *** Mouse movement (LeftButton) ***  Mouse coords: (639, 295) (31688, 49467)
2022-08-12 12:28:43.999 *** Mouse movement (LeftButton) ***  Mouse coords: (650, 318) (31698, 49463)
2022-08-12 12:28:44.016 *** Mouse movement (LeftButton) ***  Mouse coords: (661, 339) (31698, 49457)
2022-08-12 12:28:44.033 *** Mouse movement (LeftButton) ***  Mouse coords: (669, 351) (31689, 49428)
2022-08-12 12:28:44.049 *** Mouse movement (LeftButton) ***  Mouse coords: (673, 358) (31676, 49412)
2022-08-12 12:28:44.066 *** Mouse movement (LeftButton) ***  Mouse coords: (676, 363) (31672, 49406)
2022-08-12 12:28:44.083 *** Mouse movement (LeftButton) ***  Mouse coords: (682, 371) (31682, 49416)
2022-08-12 12:28:44.100 *** Mouse movement (LeftButton) ***  Mouse coords: (685, 375) (31673, 49402)
2022-08-12 12:28:44.122 *** Mouse movement (LeftButton) ***  Mouse coords: (687, 378) (31669, 49400)
2022-08-12 12:28:44.134 *** Mouse movement (LeftButton) ***  Mouse coords: (688, 379) (31666, 49393)
2022-08-12 12:28:44.177 *** Process image overlay spent 0.00 seconds.
2022-08-12 12:28:44.186 *** Get cell color spent 0.01 seconds.
2022-08-12 12:28:44.773 *** Mouse movement (LeftButton) ***  Mouse coords: (680, 219) (31638, 48881)
2022-08-12 12:28:44.784 *** Mouse movement (LeftButton) ***  Mouse coords: (680, 222) (31638, 48883)
2022-08-12 12:28:44.799 *** Mouse movement (LeftButton) ***  Mouse coords: (689, 247) (31666, 48954)
2022-08-12 12:28:44.816 *** Mouse movement (LeftButton) ***  Mouse coords: (705, 289) (31689, 49008)
2022-08-12 12:28:44.833 *** Mouse movement (LeftButton) ***  Mouse coords: (731, 351) (31721, 49071)
2022-08-12 12:28:44.849 *** Mouse movement (LeftButton) ***  Mouse coords: (746, 389) (31686, 48995)
2022-08-12 12:28:44.866 *** Mouse movement (LeftButton) ***  Mouse coords: (761, 424) (31686, 48985)
2022-08-12 12:28:44.883 *** Mouse movement (LeftButton) ***  Mouse coords: (771, 446) (31669, 48944)
2022-08-12 12:28:44.899 *** Mouse movement (LeftButton) ***  Mouse coords: (782, 468) (31674, 48944)
2022-08-12 12:28:44.916 *** Mouse movement (LeftButton) ***  Mouse coords: (792, 489) (31669, 48941)
2022-08-12 12:28:44.933 *** Mouse movement (LeftButton) ***  Mouse coords: (794, 492) (31645, 48884)
2022-08-12 12:28:44.949 *** Mouse movement (LeftButton) ***  Mouse coords: (795, 494) (31641, 48880)
2022-08-12 12:28:44.966 *** Mouse movement (LeftButton) ***  Mouse coords: (795, 495) (31638, 48877)
2022-08-12 12:28:45.009 *** Process image overlay spent 0.00 seconds.
2022-08-12 12:28:45.019 *** Get cell color spent 0.01 seconds.
2022-08-12 12:28:45.666 *** Mouse movement (LeftButton) ***  Mouse coords: (764, 200) (31539, 47935)
2022-08-12 12:28:45.699 *** Mouse movement (LeftButton) ***  Mouse coords: (749, 247) (31491, 48079)
2022-08-12 12:28:45.716 *** Mouse movement (LeftButton) ***  Mouse coords: (736, 293) (31498, 48075)
2022-08-12 12:28:45.732 *** Mouse movement (LeftButton) ***  Mouse coords: (715, 342) (31472, 48085)
2022-08-12 12:28:45.749 *** Mouse movement (LeftButton) ***  Mouse coords: (687, 401) (31450, 48117)
2022-08-12 12:28:45.766 *** Mouse movement (LeftButton) ***  Mouse coords: (662, 447) (31460, 48076)
2022-08-12 12:28:45.783 *** Mouse movement (LeftButton) ***  Mouse coords: (635, 487) (31453, 48056)
2022-08-12 12:28:45.799 *** Mouse movement (LeftButton) ***  Mouse coords: (615, 517) (31475, 48024)
2022-08-12 12:28:45.816 *** Mouse movement (LeftButton) ***  Mouse coords: (587, 548) (31450, 48028)
2022-08-12 12:28:45.833 *** Mouse movement (LeftButton) ***  Mouse coords: (572, 568) (31491, 47993)
2022-08-12 12:28:45.849 *** Mouse movement (LeftButton) ***  Mouse coords: (566, 576) (31520, 47954)
2022-08-12 12:28:45.866 *** Mouse movement (LeftButton) ***  Mouse coords: (565, 579) (31536, 47939)
2022-08-12 12:28:45.883 *** Mouse movement (LeftButton) ***  Mouse coords: (564, 580) (31536, 47932)
2022-08-12 12:28:45.929 *** Process image overlay spent 0.00 seconds.
2022-08-12 12:28:45.942 *** Get cell color spent 0.01 seconds.
2022-08-12 12:28:46.588 *** Process image overlay spent 0.00 seconds.
2022-08-12 12:28:46.590 *** Get cell color spent 0.00 seconds.
2022-08-12 12:28:46.629 *** Process image overlay spent 0.00 seconds.
2022-08-12 12:28:46.630 *** Get cell color spent 0.00 seconds.
2022-08-12 12:28:47.298 *** Process image overlay spent 0.00 seconds.
2022-08-12 12:28:47.301 *** Get cell color spent 0.00 seconds.
2022-08-12 12:28:48.022 *** Process image overlay spent 0.00 seconds.
2022-08-12 12:28:48.034 *** Get cell color spent 0.01 seconds.
2022-08-12 12:28:48.488 *** Process image overlay spent 0.00 seconds.
2022-08-12 12:28:48.490 *** Get cell color spent 0.00 seconds.
2022-08-12 12:28:48.516 *** Process image overlay spent 0.00 seconds.
2022-08-12 12:28:48.518 *** Get cell color spent 0.00 seconds.
2022-08-12 12:28:48.532 *** Process image overlay spent 0.00 seconds.
2022-08-12 12:28:48.533 *** Get cell color spent 0.00 seconds.
2022-08-12 12:28:48.797 *** Process image overlay spent 0.02 seconds.
2022-08-12 12:28:48.802 *** Get cell color spent 0.00 seconds.
2022-08-12 12:28:48.821 *** Process image overlay spent 0.01 seconds.
2022-08-12 12:28:48.823 *** Get cell color spent 0.00 seconds.
2022-08-12 12:28:48.844 *** Process image overlay spent 0.00 seconds.
2022-08-12 12:28:48.845 *** Get cell color spent 0.00 seconds.
2022-08-12 12:28:48.858 *** Process image overlay spent 0.00 seconds.
2022-08-12 12:28:48.859 *** Get cell color spent 0.00 seconds.
2022-08-12 12:28:49.239 *** Process image overlay spent 0.00 seconds.
2022-08-12 12:28:49.240 *** Get cell color spent 0.00 seconds.
2022-08-12 12:28:49.256 *** Process image overlay spent 0.00 seconds.
2022-08-12 12:28:49.257 *** Get cell color spent 0.00 seconds.
2022-08-12 12:28:49.288 *** Process image overlay spent 0.00 seconds.
2022-08-12 12:28:49.289 *** Get cell color spent 0.00 seconds.
2022-08-12 12:28:49.309 *** Process image overlay spent 0.00 seconds.
2022-08-12 12:28:49.310 *** Get cell color spent 0.00 seconds.
2022-08-12 12:28:49.541 *** Process image overlay spent 0.01 seconds.
2022-08-12 12:28:49.542 *** Get cell color spent 0.00 seconds.
2022-08-12 12:28:49.554 *** Process image overlay spent 0.00 seconds.
2022-08-12 12:28:49.555 *** Get cell color spent 0.00 seconds.
2022-08-12 12:28:49.577 *** Process image overlay spent 0.00 seconds.
2022-08-12 12:28:49.579 *** Get cell color spent 0.00 seconds.
2022-08-12 12:28:49.602 *** Process image overlay spent 0.00 seconds.
2022-08-12 12:28:49.604 *** Get cell color spent 0.00 seconds.
2022-08-12 12:28:49.690 *** Process image overlay spent 0.00 seconds.
2022-08-12 12:28:49.693 *** Get cell color spent 0.00 seconds.
2022-08-12 12:28:49.873 *** Process image overlay spent 0.00 seconds.
2022-08-12 12:28:49.875 *** Get cell color spent 0.00 seconds.
2022-08-12 12:28:49.899 *** Process image overlay spent 0.00 seconds.
2022-08-12 12:28:49.900 *** Get cell color spent 0.00 seconds.
2022-08-12 12:28:49.931 *** Process image overlay spent 0.00 seconds.
2022-08-12 12:28:49.933 *** Get cell color spent 0.00 seconds.
2022-08-12 12:28:49.945 *** Process image overlay spent 0.00 seconds.
2022-08-12 12:28:49.946 *** Get cell color spent 0.00 seconds.
2022-08-12 12:28:49.968 *** Process image overlay spent 0.00 seconds.
2022-08-12 12:28:49.969 *** Get cell color spent 0.00 seconds.
2022-08-12 12:28:49.977 *** Process image overlay spent 0.00 seconds.
2022-08-12 12:28:49.979 *** Get cell color spent 0.00 seconds.
2022-08-12 12:28:50.207 *** Process image overlay spent 0.02 seconds.
2022-08-12 12:28:50.211 *** Get cell color spent 0.00 seconds.
2022-08-12 12:28:50.237 *** Process image overlay spent 0.01 seconds.
2022-08-12 12:28:50.238 *** Get cell color spent 0.00 seconds.
2022-08-12 12:28:50.256 *** Process image overlay spent 0.00 seconds.
2022-08-12 12:28:50.257 *** Get cell color spent 0.00 seconds.
2022-08-12 12:28:50.272 *** Process image overlay spent 0.00 seconds.
2022-08-12 12:28:50.273 *** Get cell color spent 0.00 seconds.
2022-08-12 12:28:50.532 *** Keyboard input *** key pressed: key: 68; text: "d"
2022-08-12 12:28:50.545 *** Process image overlay spent 0.00 seconds.
2022-08-12 12:28:50.546 *** Get cell color spent 0.00 seconds.
2022-08-12 12:28:50.554 *** Process image overlay spent 0.00 seconds.
2022-08-12 12:28:50.555 *** Get cell color spent 0.00 seconds.
2022-08-12 12:28:50.934 *** Keyboard input *** key pressed: key: 68; text: "d"
2022-08-12 12:28:50.950 *** Process image overlay spent 0.00 seconds.
2022-08-12 12:28:50.951 *** Get cell color spent 0.00 seconds.
2022-08-12 12:28:50.960 *** Process image overlay spent 0.00 seconds.
2022-08-12 12:28:50.961 *** Get cell color spent 0.00 seconds.
2022-08-12 12:28:51.122 *** Keyboard input *** key pressed: key: 68; text: "d"
2022-08-12 12:28:51.132 *** Process image overlay spent 0.00 seconds.
2022-08-12 12:28:51.133 *** Get cell color spent 0.00 seconds.
2022-08-12 12:28:51.143 *** Process image overlay spent 0.00 seconds.
2022-08-12 12:28:51.144 *** Get cell color spent 0.00 seconds.
2022-08-12 12:28:51.311 *** Keyboard input *** key pressed: key: 68; text: "d"
2022-08-12 12:28:51.344 *** Process image overlay spent 0.02 seconds.
2022-08-12 12:28:51.348 *** Get cell color spent 0.00 seconds.
2022-08-12 12:28:51.365 *** Process image overlay spent 0.01 seconds.
2022-08-12 12:28:51.367 *** Get cell color spent 0.00 seconds.
2022-08-12 12:28:51.512 *** Keyboard input *** key pressed: key: 68; text: "d"
2022-08-12 12:28:51.544 *** Process image overlay spent 0.02 seconds.
2022-08-12 12:28:51.548 *** Get cell color spent 0.00 seconds.
2022-08-12 12:28:51.565 *** Process image overlay spent 0.01 seconds.
2022-08-12 12:28:51.567 *** Get cell color spent 0.00 seconds.
2022-08-12 12:28:52.224 *** Process image overlay spent 0.00 seconds.
2022-08-12 12:28:52.225 *** Get cell color spent 0.00 seconds.
2022-08-12 12:28:52.237 *** Process image overlay spent 0.00 seconds.
2022-08-12 12:28:52.238 *** Get cell color spent 0.00 seconds.
2022-08-12 12:28:52.259 *** Process image overlay spent 0.00 seconds.
2022-08-12 12:28:52.261 *** Get cell color spent 0.00 seconds.
2022-08-12 12:28:52.283 *** Process image overlay spent 0.00 seconds.
2022-08-12 12:28:52.285 *** Get cell color spent 0.00 seconds.
2022-08-12 12:28:52.359 *** Process image overlay spent 0.00 seconds.
2022-08-12 12:28:52.362 *** Get cell color spent 0.00 seconds.
2022-08-12 12:28:52.955 *** Mouse movement (LeftButton) ***  Mouse coords: (568, 446) (32309, 47187)
2022-08-12 12:28:52.967 *** Mouse movement (LeftButton) ***  Mouse coords: (569, 444) (32308, 47185)
2022-08-12 12:28:52.982 *** Mouse movement (LeftButton) ***  Mouse coords: (571, 440) (32310, 47183)
2022-08-12 12:28:53.000 *** Mouse movement (LeftButton) ***  Mouse coords: (574, 434) (32311, 47180)
2022-08-12 12:28:53.016 *** Mouse movement (LeftButton) ***  Mouse coords: (584, 419) (32320, 47168)
2022-08-12 12:28:53.033 *** Mouse movement (LeftButton) ***  Mouse coords: (603, 393) (32333, 47153)
2022-08-12 12:28:53.050 *** Mouse movement (LeftButton) ***  Mouse coords: (624, 365) (32335, 47150)
2022-08-12 12:28:53.071 *** Mouse movement (LeftButton) ***  Mouse coords: (650, 332) (32342, 47144)
2022-08-12 12:28:53.083 *** Mouse movement (LeftButton) ***  Mouse coords: (660, 321) (32320, 47173)
2022-08-12 12:28:53.099 *** Mouse movement (LeftButton) ***  Mouse coords: (681, 294) (32335, 47152)
2022-08-12 12:28:53.116 *** Mouse movement (LeftButton) ***  Mouse coords: (688, 286) (32317, 47177)
2022-08-12 12:28:53.133 *** Mouse movement (LeftButton) ***  Mouse coords: (689, 284) (32308, 47186)
2022-08-12 12:28:53.149 *** Mouse movement (LeftButton) ***  Mouse coords: (690, 284) (32308, 47188)
2022-08-12 12:28:53.205 *** Process image overlay spent 0.00 seconds.
2022-08-12 12:28:53.208 *** Get cell color spent 0.00 seconds.
2022-08-12 12:28:54.035 *** Mouse movement (LeftButton) ***  Mouse coords: (620, 421) (32213, 47371)
2022-08-12 12:28:54.048 *** Mouse movement (LeftButton) ***  Mouse coords: (621, 419) (32215, 47371)
2022-08-12 12:28:54.066 *** Mouse movement (LeftButton) ***  Mouse coords: (625, 410) (32218, 47361)
2022-08-12 12:28:54.082 *** Mouse movement (LeftButton) ***  Mouse coords: (631, 396) (32221, 47354)
2022-08-12 12:28:54.099 *** Mouse movement (LeftButton) ***  Mouse coords: (646, 372) (32233, 47341)
2022-08-12 12:28:54.117 *** Mouse movement (LeftButton) ***  Mouse coords: (654, 359) (32224, 47355)
2022-08-12 12:28:54.137 *** Mouse movement (LeftButton) ***  Mouse coords: (680, 320) (32248, 47321)
2022-08-12 12:28:54.149 *** Mouse movement (LeftButton) ***  Mouse coords: (691, 301) (32228, 47348)
2022-08-12 12:28:54.166 *** Mouse movement (LeftButton) ***  Mouse coords: (700, 287) (32225, 47354)
2022-08-12 12:28:54.182 *** Mouse movement (LeftButton) ***  Mouse coords: (706, 276) (32221, 47358)
2022-08-12 12:28:54.199 *** Mouse movement (LeftButton) ***  Mouse coords: (709, 271) (32217, 47366)
2022-08-12 12:28:54.216 *** Mouse movement (LeftButton) ***  Mouse coords: (709, 270) (32213, 47372)
2022-08-12 12:28:54.275 *** Process image overlay spent 0.00 seconds.
2022-08-12 12:28:54.278 *** Get cell color spent 0.00 seconds.
2022-08-12 12:28:55.408 *** Mouse movement (LeftButton) ***  Mouse coords: (547, 515) (31996, 47701)
2022-08-12 12:28:55.433 *** Mouse movement (LeftButton) ***  Mouse coords: (556, 495) (32008, 47681)
2022-08-12 12:28:55.451 *** Mouse movement (LeftButton) ***  Mouse coords: (576, 467) (32022, 47669)
2022-08-12 12:28:55.466 *** Mouse movement (LeftButton) ***  Mouse coords: (592, 446) (32018, 47679)
2022-08-12 12:28:55.483 *** Mouse movement (LeftButton) ***  Mouse coords: (619, 410) (32032, 47659)
2022-08-12 12:28:55.500 *** Mouse movement (LeftButton) ***  Mouse coords: (655, 357) (32044, 47636)
2022-08-12 12:28:55.523 *** Mouse movement (LeftButton) ***  Mouse coords: (679, 326) (32028, 47665)
2022-08-12 12:28:55.538 *** Mouse movement (LeftButton) ***  Mouse coords: (695, 306) (32018, 47680)
2022-08-12 12:28:55.549 *** Mouse movement (LeftButton) ***  Mouse coords: (700, 298) (32003, 47697)
2022-08-12 12:28:55.566 *** Mouse movement (LeftButton) ***  Mouse coords: (702, 295) (31998, 47703)
2022-08-12 12:28:55.626 *** Process image overlay spent 0.00 seconds.
2022-08-12 12:28:55.629 *** Get cell color spent 0.00 seconds.
2022-08-12 12:28:55.978 *** Mouse movement (LeftButton) ***  Mouse coords: (536, 526) (31774, 48016)
2022-08-12 12:28:56.005 *** Mouse movement (LeftButton) ***  Mouse coords: (552, 506) (31792, 47994)
2022-08-12 12:28:56.020 *** Mouse movement (LeftButton) ***  Mouse coords: (574, 479) (31801, 47985)
2022-08-12 12:28:56.033 *** Mouse movement (LeftButton) ***  Mouse coords: (599, 449) (31804, 47981)
2022-08-12 12:28:56.049 *** Mouse movement (LeftButton) ***  Mouse coords: (632, 410) (31815, 47969)
2022-08-12 12:28:56.067 *** Mouse movement (LeftButton) ***  Mouse coords: (665, 372) (31816, 47970)
2022-08-12 12:28:56.083 *** Mouse movement (LeftButton) ***  Mouse coords: (716, 315) (31839, 47944)
2022-08-12 12:28:56.106 *** Mouse movement (LeftButton) ***  Mouse coords: (755, 269) (31823, 47960)
2022-08-12 12:28:56.116 *** Mouse movement (LeftButton) ***  Mouse coords: (770, 251) (31791, 47997)
2022-08-12 12:28:56.133 *** Mouse movement (LeftButton) ***  Mouse coords: (786, 230) (31793, 47992)
2022-08-12 12:28:56.149 *** Mouse movement (LeftButton) ***  Mouse coords: (790, 227) (31776, 48017)
2022-08-12 12:28:56.209 *** Process image overlay spent 0.00 seconds.
2022-08-12 12:28:56.211 *** Get cell color spent 0.00 seconds.
2022-08-12 12:28:56.473 *** Mouse movement (LeftButton) ***  Mouse coords: (611, 500) (31531, 48387)
2022-08-12 12:28:56.500 *** Mouse movement (LeftButton) ***  Mouse coords: (620, 480) (31543, 48363)
2022-08-12 12:28:56.516 *** Mouse movement (LeftButton) ***  Mouse coords: (632, 459) (31547, 48362)
2022-08-12 12:28:56.533 *** Mouse movement (LeftButton) ***  Mouse coords: (651, 430) (31557, 48351)
2022-08-12 12:28:56.549 *** Mouse movement (LeftButton) ***  Mouse coords: (679, 383) (31568, 48327)
2022-08-12 12:28:56.566 *** Mouse movement (LeftButton) ***  Mouse coords: (701, 347) (31561, 48342)
2022-08-12 12:28:56.583 *** Mouse movement (LeftButton) ***  Mouse coords: (723, 313) (31560, 48345)
2022-08-12 12:28:56.599 *** Mouse movement (LeftButton) ***  Mouse coords: (734, 296) (31546, 48367)
2022-08-12 12:28:56.616 *** Mouse movement (LeftButton) ***  Mouse coords: (748, 278) (31550, 48366)
2022-08-12 12:28:56.633 *** Mouse movement (LeftButton) ***  Mouse coords: (749, 275) (31532, 48386)
2022-08-12 12:28:56.691 *** Process image overlay spent 0.00 seconds.
2022-08-12 12:28:56.694 *** Get cell color spent 0.00 seconds.
2022-08-12 12:28:57.105 *** Process image overlay spent 0.00 seconds.
2022-08-12 12:28:57.111 *** Get cell color spent 0.01 seconds.
2022-08-12 12:28:57.718 *** Mouse movement (LeftButton) ***  Mouse coords: (628, 448) (31267, 48697)
2022-08-12 12:28:57.733 *** Mouse movement (LeftButton) ***  Mouse coords: (631, 446) (31272, 48692)
2022-08-12 12:28:57.750 *** Mouse movement (LeftButton) ***  Mouse coords: (641, 438) (31289, 48678)
2022-08-12 12:28:57.766 *** Mouse movement (LeftButton) ***  Mouse coords: (658, 426) (31304, 48669)
2022-08-12 12:28:57.783 *** Mouse movement (LeftButton) ***  Mouse coords: (679, 411) (31315, 48662)
2022-08-12 12:28:57.799 *** Mouse movement (LeftButton) ***  Mouse coords: (697, 396) (31307, 48662)
2022-08-12 12:28:57.816 *** Mouse movement (LeftButton) ***  Mouse coords: (730, 363) (31342, 48620)
2022-08-12 12:28:57.833 *** Mouse movement (LeftButton) ***  Mouse coords: (747, 344) (31305, 48652)
2022-08-12 12:28:57.849 *** Mouse movement (LeftButton) ***  Mouse coords: (757, 335) (31289, 48676)
2022-08-12 12:28:57.866 *** Mouse movement (LeftButton) ***  Mouse coords: (764, 328) (31281, 48680)
2022-08-12 12:28:57.883 *** Mouse movement (LeftButton) ***  Mouse coords: (767, 324) (31272, 48688)
2022-08-12 12:28:57.899 *** Mouse movement (LeftButton) ***  Mouse coords: (768, 324) (31267, 48697)
2022-08-12 12:28:58.020 *** Process image overlay spent 0.00 seconds.
2022-08-12 12:28:58.026 *** Get cell color spent 0.01 seconds.
2022-08-12 12:28:58.568 *** Process image overlay spent 0.00 seconds.
2022-08-12 12:28:58.582 *** Get cell color spent 0.01 seconds.
2022-08-12 12:28:59.173 *** Mouse movement (LeftButton) ***  Mouse coords: (561, 518) (30498, 49242)
2022-08-12 12:28:59.201 *** Mouse movement (LeftButton) ***  Mouse coords: (569, 503) (30531, 49184)
2022-08-12 12:28:59.236 *** Mouse movement (LeftButton) ***  Mouse coords: (594, 460) (30601, 49070)
2022-08-12 12:28:59.249 *** Mouse movement (LeftButton) ***  Mouse coords: (612, 428) (30572, 49114)
2022-08-12 12:28:59.266 *** Mouse movement (LeftButton) ***  Mouse coords: (625, 406) (30551, 49156)
2022-08-12 12:28:59.283 *** Mouse movement (LeftButton) ***  Mouse coords: (650, 370) (30601, 49098)
2022-08-12 12:28:59.300 *** Mouse movement (LeftButton) ***  Mouse coords: (672, 339) (30588, 49119)
2022-08-12 12:28:59.316 *** Mouse movement (LeftButton) ***  Mouse coords: (684, 323) (30547, 49180)
2022-08-12 12:28:59.333 *** Mouse movement (LeftButton) ***  Mouse coords: (688, 319) (30514, 49230)
2022-08-12 12:28:59.392 *** Process image overlay spent 0.00 seconds.
2022-08-12 12:28:59.405 *** Get cell color spent 0.01 seconds.
2022-08-12 12:29:00.214 *** Process image overlay spent 0.00 seconds.
2022-08-12 12:29:00.247 *** Get cell color spent 0.03 seconds.
2022-08-12 12:29:00.741 *** Mouse movement (LeftButton) ***  Mouse coords: (551, 461) (29699, 49782)
2022-08-12 12:29:00.768 *** Mouse movement (LeftButton) ***  Mouse coords: (561, 450) (29771, 49710)
2022-08-12 12:29:00.783 *** Mouse movement (LeftButton) ***  Mouse coords: (572, 441) (29778, 49724)
2022-08-12 12:29:00.799 *** Mouse movement (LeftButton) ***  Mouse coords: (594, 424) (29857, 49667)
2022-08-12 12:29:00.816 *** Mouse movement (LeftButton) ***  Mouse coords: (627, 393) (29936, 49567)
2022-08-12 12:29:00.833 *** Mouse movement (LeftButton) ***  Mouse coords: (647, 379) (29843, 49688)
2022-08-12 12:29:00.849 *** Mouse movement (LeftButton) ***  Mouse coords: (668, 368) (29849, 49710)
2022-08-12 12:29:00.866 *** Mouse movement (LeftButton) ***  Mouse coords: (681, 360) (29793, 49732)
2022-08-12 12:29:00.884 *** Mouse movement (LeftButton) ***  Mouse coords: (684, 358) (29720, 49774)
2022-08-12 12:29:00.982 *** Process image overlay spent 0.00 seconds.
2022-08-12 12:29:01.012 *** Get cell color spent 0.03 seconds.
2022-08-12 12:29:01.468 *** Mouse movement (LeftButton) ***  Mouse coords: (509, 486) (28443, 50708)
2022-08-12 12:29:01.484 *** Mouse movement (LeftButton) ***  Mouse coords: (516, 481) (28493, 50681)
2022-08-12 12:29:01.499 *** Mouse movement (LeftButton) ***  Mouse coords: (525, 471) (28507, 50644)
2022-08-12 12:29:01.516 *** Mouse movement (LeftButton) ***  Mouse coords: (559, 440) (28688, 50493)
2022-08-12 12:29:01.533 *** Mouse movement (LeftButton) ***  Mouse coords: (591, 410) (28672, 50501)
2022-08-12 12:29:01.549 *** Mouse movement (LeftButton) ***  Mouse coords: (618, 385) (28637, 50536)
2022-08-12 12:29:01.566 *** Mouse movement (LeftButton) ***  Mouse coords: (660, 343) (28745, 50415)
2022-08-12 12:29:01.583 *** Mouse movement (LeftButton) ***  Mouse coords: (687, 311) (28637, 50486)
2022-08-12 12:29:01.599 *** Mouse movement (LeftButton) ***  Mouse coords: (698, 298) (28522, 50623)
2022-08-12 12:29:01.616 *** Mouse movement (LeftButton) ***  Mouse coords: (713, 280) (28550, 50586)
2022-08-12 12:29:01.633 *** Mouse movement (LeftButton) ***  Mouse coords: (720, 271) (28494, 50652)
2022-08-12 12:29:01.649 *** Mouse movement (LeftButton) ***  Mouse coords: (722, 269) (28457, 50701)
2022-08-12 12:29:01.752 *** Process image overlay spent 0.00 seconds.
2022-08-12 12:29:01.777 *** Get cell color spent 0.02 seconds.
2022-08-12 12:29:02.169 *** Process image overlay spent 0.00 seconds.
2022-08-12 12:29:02.232 *** Get cell color spent 0.06 seconds.
2022-08-12 12:29:02.646 *** Mouse movement (LeftButton) ***  Mouse coords: (596, 236) (27022, 49726)
2022-08-12 12:29:02.666 *** Mouse movement (LeftButton) ***  Mouse coords: (598, 244) (27047, 49802)
2022-08-12 12:29:02.683 *** Mouse movement (LeftButton) ***  Mouse coords: (608, 279) (27148, 50141)
2022-08-12 12:29:02.700 *** Mouse movement (LeftButton) ***  Mouse coords: (622, 315) (27198, 50153)
2022-08-12 12:29:02.723 *** Mouse movement (LeftButton) ***  Mouse coords: (653, 375) (27411, 50455)
2022-08-12 12:29:02.737 *** Mouse movement (LeftButton) ***  Mouse coords: (668, 398) (27211, 49990)
2022-08-12 12:29:02.749 *** Mouse movement (LeftButton) ***  Mouse coords: (680, 414) (27172, 49902)
2022-08-12 12:29:02.766 *** Mouse movement (LeftButton) ***  Mouse coords: (713, 453) (27437, 50191)
2022-08-12 12:29:02.783 *** Mouse movement (LeftButton) ***  Mouse coords: (734, 474) (27286, 49965)
2022-08-12 12:29:02.799 *** Mouse movement (LeftButton) ***  Mouse coords: (742, 483) (27123, 49814)
2022-08-12 12:29:02.816 *** Mouse movement (LeftButton) ***  Mouse coords: (752, 491) (27147, 49802)
2022-08-12 12:29:02.833 *** Mouse movement (LeftButton) ***  Mouse coords: (758, 496) (27098, 49763)
2022-08-12 12:29:02.850 *** Mouse movement (LeftButton) ***  Mouse coords: (759, 497) (27034, 49714)
2022-08-12 12:29:02.924 *** Process image overlay spent 0.00 seconds.
2022-08-12 12:29:03.006 *** Get cell color spent 0.08 seconds.
2022-08-12 12:29:03.403 *** Mouse movement (LeftButton) ***  Mouse coords: (596, 327) (24974, 47565)
2022-08-12 12:29:03.418 *** Mouse movement (LeftButton) ***  Mouse coords: (599, 336) (25012, 47653)
2022-08-12 12:29:03.433 *** Mouse movement (LeftButton) ***  Mouse coords: (605, 351) (25049, 47728)
2022-08-12 12:29:03.449 *** Mouse movement (LeftButton) ***  Mouse coords: (616, 376) (25112, 47854)
2022-08-12 12:29:03.466 *** Mouse movement (LeftButton) ***  Mouse coords: (632, 405) (25175, 47905)
2022-08-12 12:29:03.483 *** Mouse movement (LeftButton) ***  Mouse coords: (651, 436) (25213, 47929)
2022-08-12 12:29:03.507 *** Mouse movement (LeftButton) ***  Mouse coords: (671, 468) (25225, 47943)
2022-08-12 12:29:03.520 *** Mouse movement (LeftButton) ***  Mouse coords: (688, 489) (25188, 47803)
2022-08-12 12:29:03.532 *** Mouse movement (LeftButton) ***  Mouse coords: (695, 500) (25062, 47679)
2022-08-12 12:29:03.550 *** Mouse movement (LeftButton) ***  Mouse coords: (705, 509) (25100, 47653)
2022-08-12 12:29:03.566 *** Mouse movement (LeftButton) ***  Mouse coords: (711, 516) (25049, 47628)
2022-08-12 12:29:03.583 *** Mouse movement (LeftButton) ***  Mouse coords: (715, 520) (25024, 47590)
2022-08-12 12:29:03.584 *** Mouse movement (LeftButton) ***  Mouse coords: (716, 521) (24987, 47553)
2022-08-12 12:29:03.630 *** Process image overlay spent 0.00 seconds.
2022-08-12 12:29:03.717 *** Get cell color spent 0.09 seconds.
2022-08-12 12:29:04.071 *** Mouse movement (LeftButton) ***  Mouse coords: (674, 221) (24446, 43770)
2022-08-12 12:29:04.100 *** Mouse movement (LeftButton) ***  Mouse coords: (682, 246) (24547, 44071)
2022-08-12 12:29:04.118 *** Mouse movement (LeftButton) ***  Mouse coords: (700, 292) (24672, 44335)
2022-08-12 12:29:04.142 *** Mouse movement (LeftButton) ***  Mouse coords: (724, 345) (24747, 44423)
2022-08-12 12:29:04.152 *** Mouse movement (LeftButton) ***  Mouse coords: (731, 361) (24534, 43958)
2022-08-12 12:29:04.166 *** Mouse movement (LeftButton) ***  Mouse coords: (747, 395) (24647, 44184)
2022-08-12 12:29:04.183 *** Mouse movement (LeftButton) ***  Mouse coords: (756, 415) (24559, 44009)
2022-08-12 12:29:04.200 *** Mouse movement (LeftButton) ***  Mouse coords: (764, 432) (24547, 43970)
2022-08-12 12:29:04.224 *** Mouse movement (LeftButton) ***  Mouse coords: (767, 436) (24484, 43807)
2022-08-12 12:29:04.286 *** Process image overlay spent 0.00 seconds.
2022-08-12 12:29:04.365 *** Get cell color spent 0.08 seconds.
2022-08-12 12:29:05.323 *** Mouse movement (LeftButton) ***  Mouse coords: (776, 315) (24634, 40587)
2022-08-12 12:29:05.334 *** Mouse movement (LeftButton) ***  Mouse coords: (774, 317) (24612, 40587)
2022-08-12 12:29:05.349 *** Mouse movement (LeftButton) ***  Mouse coords: (764, 329) (24436, 40807)
2022-08-12 12:29:05.366 *** Mouse movement (LeftButton) ***  Mouse coords: (742, 348) (24173, 40961)
2022-08-12 12:29:05.383 *** Mouse movement (LeftButton) ***  Mouse coords: (689, 377) (23490, 41181)
2022-08-12 12:29:05.399 *** Mouse movement (LeftButton) ***  Mouse coords: (665, 387) (24128, 40763)
2022-08-12 12:29:05.416 *** Mouse movement (LeftButton) ***  Mouse coords: (637, 395) (24041, 40718)
2022-08-12 12:29:05.433 *** Mouse movement (LeftButton) ***  Mouse coords: (609, 402) (24040, 40697)
2022-08-12 12:29:05.449 *** Mouse movement (LeftButton) ***  Mouse coords: (601, 403) (24480, 40565)
2022-08-12 12:29:05.466 *** Mouse movement (LeftButton) ***  Mouse coords: (595, 404) (24524, 40565)
2022-08-12 12:29:05.976 *** Mouse movement (LeftButton) ***  Mouse coords: (721, 474) (27427, 42083)
2022-08-12 12:29:06.000 *** Mouse movement (LeftButton) ***  Mouse coords: (720, 464) (27405, 41907)
2022-08-12 12:29:06.016 *** Mouse movement (LeftButton) ***  Mouse coords: (713, 443) (27273, 41665)
2022-08-12 12:29:06.032 *** Mouse movement (LeftButton) ***  Mouse coords: (702, 418) (27185, 41577)
2022-08-12 12:29:06.049 *** Mouse movement (LeftButton) ***  Mouse coords: (692, 400) (27207, 41731)
2022-08-12 12:29:06.066 *** Mouse movement (LeftButton) ***  Mouse coords: (667, 367) (26877, 41402)
2022-08-12 12:29:06.083 *** Mouse movement (LeftButton) ***  Mouse coords: (655, 354) (27163, 41841)
2022-08-12 12:29:06.100 *** Mouse movement (LeftButton) ***  Mouse coords: (644, 341) (27186, 41841)
2022-08-12 12:29:06.123 *** Mouse movement (LeftButton) ***  Mouse coords: (636, 335) (27251, 41995)
2022-08-12 12:29:06.658 *** Process image overlay spent 0.00 seconds.
2022-08-12 12:29:06.758 *** Get cell color spent 0.10 seconds.
2022-08-12 12:29:07.528 *** Mouse movement (LeftButton) ***  Mouse coords: (716, 436) (29026, 44819)
2022-08-12 12:29:07.551 *** Mouse movement (LeftButton) ***  Mouse coords: (703, 415) (28862, 44582)
2022-08-12 12:29:07.583 *** Mouse movement (LeftButton) ***  Mouse coords: (671, 373) (28624, 44317)
2022-08-12 12:29:07.600 *** Mouse movement (LeftButton) ***  Mouse coords: (655, 346) (28825, 44505)
2022-08-12 12:29:07.622 *** Mouse movement (LeftButton) ***  Mouse coords: (644, 322) (28888, 44544)
2022-08-12 12:29:07.633 *** Mouse movement (LeftButton) ***  Mouse coords: (641, 316) (28988, 44769)
2022-08-12 12:29:07.649 *** Mouse movement (LeftButton) ***  Mouse coords: (638, 303) (28989, 44682)
2022-08-12 12:29:07.666 *** Mouse movement (LeftButton) ***  Mouse coords: (637, 300) (29013, 44807)
2022-08-12 12:29:07.683 *** Mouse movement (LeftButton) ***  Mouse coords: (637, 298) (29026, 44820)
2022-08-12 12:29:07.769 *** Process image overlay spent 0.00 seconds.
2022-08-12 12:29:07.869 *** Get cell color spent 0.10 seconds.
2022-08-12 12:29:10.537 *** Process image overlay spent 0.00 seconds.
2022-08-12 12:29:10.574 *** Get cell color spent 0.04 seconds.
2022-08-12 12:29:11.235 *** Process image overlay spent 0.00 seconds.
2022-08-12 12:29:11.247 *** Get cell color spent 0.01 seconds.
2022-08-12 12:29:13.138 *** Process image overlay spent 0.00 seconds.
2022-08-12 12:29:13.155 *** Get cell color spent 0.02 seconds.
2022-08-12 12:29:14.847 *** Process image overlay spent 0.00 seconds.
2022-08-12 12:29:14.872 *** Get cell color spent 0.02 seconds.
2022-08-12 12:29:15.861 *** Mouse movement (LeftButton) ***  Mouse coords: (1239, 311) (30297, 45256)
2022-08-12 12:29:15.899 *** Mouse movement (LeftButton) ***  Mouse coords: (1203, 349) (30149, 45408)
2022-08-12 12:29:15.933 *** Mouse movement (LeftButton) ***  Mouse coords: (1125, 414) (29977, 45518)
2022-08-12 12:29:15.949 *** Mouse movement (LeftButton) ***  Mouse coords: (1073, 453) (30083, 45412)
2022-08-12 12:29:15.966 *** Mouse movement (LeftButton) ***  Mouse coords: (1009, 495) (30035, 45425)
2022-08-12 12:29:15.983 *** Mouse movement (LeftButton) ***  Mouse coords: (988, 509) (30211, 45309)
2022-08-12 12:29:15.999 *** Mouse movement (LeftButton) ***  Mouse coords: (965, 521) (30202, 45301)
2022-08-12 12:29:16.016 *** Mouse movement (LeftButton) ***  Mouse coords: (957, 527) (30264, 45277)
2022-08-12 12:29:16.033 *** Mouse movement (LeftButton) ***  Mouse coords: (956, 527) (30293, 45252)
2022-08-12 12:29:16.148 *** Process image overlay spent 0.00 seconds.
2022-08-12 12:29:16.179 *** Get cell color spent 0.03 seconds.
2022-08-12 12:29:17.368 *** Mouse movement (LeftButton) ***  Mouse coords: (1128, 187) (31003, 43857)
2022-08-12 12:29:17.382 *** Mouse movement (LeftButton) ***  Mouse coords: (1128, 188) (31003, 43857)
2022-08-12 12:29:17.400 *** Mouse movement (LeftButton) ***  Mouse coords: (1112, 218) (30937, 43976)
2022-08-12 12:29:17.417 *** Mouse movement (LeftButton) ***  Mouse coords: (1092, 256) (30921, 44009)
2022-08-12 12:29:17.433 *** Mouse movement (LeftButton) ***  Mouse coords: (1067, 303) (30901, 44046)
2022-08-12 12:29:17.449 *** Mouse movement (LeftButton) ***  Mouse coords: (1038, 352) (30884, 44054)
2022-08-12 12:29:17.466 *** Mouse movement (LeftButton) ***  Mouse coords: (978, 438) (30757, 44206)
2022-08-12 12:29:17.483 *** Mouse movement (LeftButton) ***  Mouse coords: (945, 481) (30867, 44029)
2022-08-12 12:29:17.500 *** Mouse movement (LeftButton) ***  Mouse coords: (910, 523) (30860, 44026)
2022-08-12 12:29:17.525 *** Mouse movement (LeftButton) ***  Mouse coords: (857, 582) (30785, 44095)
2022-08-12 12:29:17.536 *** Mouse movement (LeftButton) ***  Mouse coords: (832, 607) (30901, 43955)
2022-08-12 12:29:17.549 *** Mouse movement (LeftButton) ***  Mouse coords: (817, 622) (30941, 43915)
2022-08-12 12:29:17.566 *** Mouse movement (LeftButton) ***  Mouse coords: (807, 631) (30962, 43890)
2022-08-12 12:29:17.583 *** Mouse movement (LeftButton) ***  Mouse coords: (802, 641) (30982, 43894)
2022-08-12 12:29:17.600 *** Mouse movement (LeftButton) ***  Mouse coords: (800, 643) (30995, 43861)
2022-08-12 12:29:17.688 *** Process image overlay spent 0.00 seconds.
2022-08-12 12:29:17.723 *** Get cell color spent 0.03 seconds.
2022-08-12 12:29:18.950 *** Mouse movement (LeftButton) ***  Mouse coords: (1090, 153) (32193, 41842)
2022-08-12 12:29:18.967 *** Mouse movement (LeftButton) ***  Mouse coords: (1087, 160) (32185, 41863)
2022-08-12 12:29:18.983 *** Mouse movement (LeftButton) ***  Mouse coords: (1078, 180) (32160, 41916)
2022-08-12 12:29:19.000 *** Mouse movement (LeftButton) ***  Mouse coords: (1064, 206) (32139, 41941)
2022-08-12 12:29:19.016 *** Mouse movement (LeftButton) ***  Mouse coords: (1045, 243) (32120, 41986)
2022-08-12 12:29:19.033 *** Mouse movement (LeftButton) ***  Mouse coords: (1000, 325) (32012, 42170)
2022-08-12 12:29:19.049 *** Mouse movement (LeftButton) ***  Mouse coords: (967, 378) (32061, 42052)
2022-08-12 12:29:19.066 *** Mouse movement (LeftButton) ***  Mouse coords: (932, 429) (32054, 42043)
2022-08-12 12:29:19.083 *** Mouse movement (LeftButton) ***  Mouse coords: (909, 461) (32102, 41965)
2022-08-12 12:29:19.100 *** Mouse movement (LeftButton) ***  Mouse coords: (886, 496) (32103, 41978)
2022-08-12 12:29:19.116 *** Mouse movement (LeftButton) ***  Mouse coords: (864, 535) (32107, 41994)
2022-08-12 12:29:19.133 *** Mouse movement (LeftButton) ***  Mouse coords: (858, 547) (32172, 41883)
2022-08-12 12:29:19.150 *** Mouse movement (LeftButton) ***  Mouse coords: (854, 559) (32181, 41883)
2022-08-12 12:29:19.168 *** Mouse movement (LeftButton) ***  Mouse coords: (852, 564) (32189, 41855)
2022-08-12 12:29:19.250 *** Process image overlay spent 0.00 seconds.
2022-08-12 12:29:19.279 *** Get cell color spent 0.03 seconds.
2022-08-12 12:29:20.270 *** Mouse movement (LeftButton) ***  Mouse coords: (1074, 210) (33108, 40381)
2022-08-12 12:29:20.300 *** Mouse movement (LeftButton) ***  Mouse coords: (1076, 232) (33116, 40464)
2022-08-12 12:29:20.334 *** Mouse movement (LeftButton) ***  Mouse coords: (1081, 319) (33128, 40730)
2022-08-12 12:29:20.349 *** Mouse movement (LeftButton) ***  Mouse coords: (1084, 362) (33121, 40549)
2022-08-12 12:29:20.366 *** Mouse movement (LeftButton) ***  Mouse coords: (1091, 412) (33136, 40578)
2022-08-12 12:29:20.383 *** Mouse movement (LeftButton) ***  Mouse coords: (1103, 476) (33158, 40636)
2022-08-12 12:29:20.399 *** Mouse movement (LeftButton) ***  Mouse coords: (1112, 519) (33144, 40549)
2022-08-12 12:29:20.416 *** Mouse movement (LeftButton) ***  Mouse coords: (1122, 564) (33149, 40558)
2022-08-12 12:29:20.433 *** Mouse movement (LeftButton) ***  Mouse coords: (1127, 594) (33129, 40496)
2022-08-12 12:29:20.449 *** Mouse movement (LeftButton) ***  Mouse coords: (1132, 619) (33128, 40476)
2022-08-12 12:29:20.466 *** Mouse movement (LeftButton) ***  Mouse coords: (1138, 651) (33133, 40504)
2022-08-12 12:29:20.483 *** Mouse movement (LeftButton) ***  Mouse coords: (1139, 656) (33112, 40393)
2022-08-12 12:29:20.500 *** Mouse movement (LeftButton) ***  Mouse coords: (1140, 660) (33112, 40390)
2022-08-12 12:29:20.525 *** Mouse movement (LeftButton) ***  Mouse coords: (1140, 661) (33108, 40377)
2022-08-12 12:29:20.625 *** Process image overlay spent 0.00 seconds.
2022-08-12 12:29:20.647 *** Get cell color spent 0.02 seconds.
2022-08-12 12:29:21.411 *** Mouse movement (LeftButton) ***  Mouse coords: (759, 420) (31545, 39384)
2022-08-12 12:29:21.432 *** Mouse movement (LeftButton) ***  Mouse coords: (764, 425) (31561, 39405)
2022-08-12 12:29:21.449 *** Mouse movement (LeftButton) ***  Mouse coords: (791, 452) (31652, 39494)
2022-08-12 12:29:21.466 *** Mouse movement (LeftButton) ***  Mouse coords: (819, 476) (31656, 39483)
2022-08-12 12:29:21.483 *** Mouse movement (LeftButton) ***  Mouse coords: (855, 504) (31689, 39499)
2022-08-12 12:29:21.500 *** Mouse movement (LeftButton) ***  Mouse coords: (897, 533) (31713, 39503)
2022-08-12 12:29:21.519 *** Mouse movement (LeftButton) ***  Mouse coords: (951, 568) (31763, 39527)
2022-08-12 12:29:21.533 *** Mouse movement (LeftButton) ***  Mouse coords: (986, 589) (31684, 39470)
2022-08-12 12:29:21.549 *** Mouse movement (LeftButton) ***  Mouse coords: (1031, 616) (31726, 39495)
2022-08-12 12:29:21.566 *** Mouse movement (LeftButton) ***  Mouse coords: (1055, 632) (31640, 39450)
2022-08-12 12:29:21.583 *** Mouse movement (LeftButton) ***  Mouse coords: (1082, 648) (31651, 39450)
2022-08-12 12:29:21.600 *** Mouse movement (LeftButton) ***  Mouse coords: (1110, 664) (31656, 39449)
2022-08-12 12:29:21.616 *** Mouse movement (LeftButton) ***  Mouse coords: (1117, 667) (31570, 39397)
2022-08-12 12:29:21.633 *** Mouse movement (LeftButton) ***  Mouse coords: (1118, 668) (31545, 39388)
2022-08-12 12:29:21.708 *** Process image overlay spent 0.00 seconds.
2022-08-12 12:29:21.728 *** Get cell color spent 0.02 seconds.
2022-08-12 12:29:22.446 *** Mouse movement (LeftButton) ***  Mouse coords: (660, 167) (29662, 37328)
2022-08-12 12:29:22.482 *** Mouse movement (LeftButton) ***  Mouse coords: (727, 204) (29908, 37480)
2022-08-12 12:29:22.500 *** Mouse movement (LeftButton) ***  Mouse coords: (777, 241) (29838, 37480)
2022-08-12 12:29:22.516 *** Mouse movement (LeftButton) ***  Mouse coords: (819, 273) (29805, 37459)
2022-08-12 12:29:22.533 *** Mouse movement (LeftButton) ***  Mouse coords: (869, 312) (29838, 37488)
2022-08-12 12:29:22.549 *** Mouse movement (LeftButton) ***  Mouse coords: (915, 348) (29822, 37476)
2022-08-12 12:29:22.566 *** Mouse movement (LeftButton) ***  Mouse coords: (983, 404) (29912, 37557)
2022-08-12 12:29:22.583 *** Mouse movement (LeftButton) ***  Mouse coords: (1037, 447) (29855, 37505)
2022-08-12 12:29:22.600 *** Mouse movement (LeftButton) ***  Mouse coords: (1079, 483) (29805, 37476)
2022-08-12 12:29:22.625 *** Mouse movement (LeftButton) ***  Mouse coords: (1139, 532) (29879, 37529)
2022-08-12 12:29:22.635 *** Mouse movement (LeftButton) ***  Mouse coords: (1175, 560) (29781, 37442)
2022-08-12 12:29:22.649 *** Mouse movement (LeftButton) ***  Mouse coords: (1200, 579) (29736, 37406)
2022-08-12 12:29:22.666 *** Mouse movement (LeftButton) ***  Mouse coords: (1231, 604) (29760, 37431)
2022-08-12 12:29:22.683 *** Mouse movement (LeftButton) ***  Mouse coords: (1256, 624) (29735, 37410)
2022-08-12 12:29:22.700 *** Mouse movement (LeftButton) ***  Mouse coords: (1272, 636) (29699, 37377)
2022-08-12 12:29:22.716 *** Mouse movement (LeftButton) ***  Mouse coords: (1279, 640) (29662, 37345)
2022-08-12 12:29:22.733 *** Mouse movement (LeftButton) ***  Mouse coords: (1279, 641) (29633, 37332)
2022-08-12 12:29:22.811 *** Process image overlay spent 0.00 seconds.
2022-08-12 12:29:22.831 *** Get cell color spent 0.02 seconds.
2022-08-12 12:29:23.481 *** Mouse movement (LeftButton) ***  Mouse coords: (759, 190) (27499, 35477)
2022-08-12 12:29:23.500 *** Mouse movement (LeftButton) ***  Mouse coords: (761, 194) (27507, 35482)
2022-08-12 12:29:23.517 *** Mouse movement (LeftButton) ***  Mouse coords: (767, 210) (27524, 35530)
2022-08-12 12:29:23.533 *** Mouse movement (LeftButton) ***  Mouse coords: (771, 224) (27515, 35523)
2022-08-12 12:29:23.550 *** Mouse movement (LeftButton) ***  Mouse coords: (780, 261) (27536, 35617)
2022-08-12 12:29:23.568 *** Mouse movement (LeftButton) ***  Mouse coords: (789, 296) (27536, 35608)
2022-08-12 12:29:23.582 *** Mouse movement (LeftButton) ***  Mouse coords: (795, 322) (27524, 35572)
2022-08-12 12:29:23.600 *** Mouse movement (LeftButton) ***  Mouse coords: (812, 366) (27568, 35645)
2022-08-12 12:29:23.619 *** Mouse movement (LeftButton) ***  Mouse coords: (851, 440) (27659, 35769)
2022-08-12 12:29:23.632 *** Mouse movement (LeftButton) ***  Mouse coords: (871, 470) (27582, 35588)
2022-08-12 12:29:23.649 *** Mouse movement (LeftButton) ***  Mouse coords: (900, 513) (27618, 35642)
2022-08-12 12:29:23.666 *** Mouse movement (LeftButton) ***  Mouse coords: (924, 542) (27597, 35584)
2022-08-12 12:29:23.683 *** Mouse movement (LeftButton) ***  Mouse coords: (952, 571) (27614, 35584)
2022-08-12 12:29:23.700 *** Mouse movement (LeftButton) ***  Mouse coords: (970, 588) (27573, 35534)
2022-08-12 12:29:23.718 *** Mouse movement (LeftButton) ***  Mouse coords: (985, 600) (27560, 35515)
2022-08-12 12:29:23.732 *** Mouse movement (LeftButton) ***  Mouse coords: (993, 606) (27532, 35489)
2022-08-12 12:29:23.749 *** Mouse movement (LeftButton) ***  Mouse coords: (994, 608) (27503, 35473)
2022-08-12 12:29:23.853 *** Process image overlay spent 0.00 seconds.
2022-08-12 12:29:23.878 *** Get cell color spent 0.02 seconds.
2022-08-12 12:29:24.717 *** Process image overlay spent 0.00 seconds.
2022-08-12 12:29:24.719 *** Get cell color spent 0.00 seconds.
2022-08-12 12:29:24.764 *** Process image overlay spent 0.00 seconds.
2022-08-12 12:29:24.765 *** Get cell color spent 0.00 seconds.
2022-08-12 12:29:24.799 *** Process image overlay spent 0.00 seconds.
2022-08-12 12:29:24.800 *** Get cell color spent 0.00 seconds.
2022-08-12 12:29:24.945 *** Process image overlay spent 0.01 seconds.
2022-08-12 12:29:24.947 *** Get cell color spent 0.00 seconds.
2022-08-12 12:29:25.290 *** Process image overlay spent 0.01 seconds.
2022-08-12 12:29:25.291 *** Get cell color spent 0.00 seconds.
2022-08-12 12:29:25.311 *** Process image overlay spent 0.00 seconds.
2022-08-12 12:29:25.312 *** Get cell color spent 0.00 seconds.
2022-08-12 12:29:25.357 *** Process image overlay spent 0.00 seconds.
2022-08-12 12:29:25.358 *** Get cell color spent 0.00 seconds.
2022-08-12 12:29:25.570 *** Process image overlay spent 0.00 seconds.
2022-08-12 12:29:25.572 *** Get cell color spent 0.00 seconds.
2022-08-12 12:29:25.593 *** Process image overlay spent 0.00 seconds.
2022-08-12 12:29:25.595 *** Get cell color spent 0.00 seconds.
2022-08-12 12:29:25.639 *** Process image overlay spent 0.00 seconds.
2022-08-12 12:29:25.642 *** Get cell color spent 0.00 seconds.
2022-08-12 12:29:25.683 *** Process image overlay spent 0.00 seconds.
2022-08-12 12:29:25.685 *** Get cell color spent 0.00 seconds.
2022-08-12 12:29:26.630 *** Process image overlay spent 0.00 seconds.
2022-08-12 12:29:26.653 *** Get cell color spent 0.02 seconds.
2022-08-12 12:29:27.282 *** Process image overlay spent 0.00 seconds.
2022-08-12 12:29:27.333 *** Get cell color spent 0.05 seconds.
2022-08-12 12:29:28.114 *** Process image overlay spent 0.00 seconds.
2022-08-12 12:29:28.137 *** Get cell color spent 0.02 seconds.
2022-08-12 12:29:29.475 *** Process image overlay spent 0.00 seconds.
2022-08-12 12:29:29.486 *** Get cell color spent 0.01 seconds.
2022-08-12 12:29:30.553 *** Process image overlay spent 0.00 seconds.
2022-08-12 12:29:30.559 *** Get cell color spent 0.01 seconds.
2022-08-12 12:29:31.060 *** Keyboard input *** key pressed: key: 65; text: "a"
2022-08-12 12:29:31.159 *** Process image overlay spent 0.00 seconds.
2022-08-12 12:29:31.164 *** Get cell color spent 0.00 seconds.
2022-08-12 12:29:31.266 *** Keyboard input *** key pressed: key: 65; text: "a"
2022-08-12 12:29:31.348 *** Process image overlay spent 0.00 seconds.
2022-08-12 12:29:31.354 *** Get cell color spent 0.01 seconds.
2022-08-12 12:29:31.464 *** Keyboard input *** key pressed: key: 65; text: "a"
2022-08-12 12:29:31.559 *** Process image overlay spent 0.00 seconds.
2022-08-12 12:29:31.565 *** Get cell color spent 0.01 seconds.
2022-08-12 12:29:31.671 *** Keyboard input *** key pressed: key: 65; text: "a"
2022-08-12 12:29:31.770 *** Process image overlay spent 0.00 seconds.
2022-08-12 12:29:31.776 *** Get cell color spent 0.01 seconds.
2022-08-12 12:29:32.466 *** Keyboard input *** key pressed: key: 68; text: "d"
2022-08-12 12:29:32.574 *** Process image overlay spent 0.00 seconds.
2022-08-12 12:29:32.580 *** Get cell color spent 0.01 seconds.
2022-08-12 12:29:33.094 *** Keyboard input *** key pressed: key: 83; text: "s"
2022-08-12 12:29:33.204 *** Process image overlay spent 0.00 seconds.
2022-08-12 12:29:33.209 *** Get cell color spent 0.01 seconds.
2022-08-12 12:29:33.311 *** Keyboard input *** key pressed: key: 83; text: "s"
2022-08-12 12:29:33.403 *** Process image overlay spent 0.00 seconds.
2022-08-12 12:29:33.408 *** Get cell color spent 0.01 seconds.
2022-08-12 12:29:33.768 *** Keyboard input *** key pressed: key: 83; text: "s"
2022-08-12 12:29:33.801 *** Keyboard input *** key pressed: key: 83; text: "s"
2022-08-12 12:29:33.835 *** Keyboard input *** key pressed: key: 83; text: "s"
2022-08-12 12:29:33.883 *** Keyboard input *** key pressed: key: 83; text: "s"
2022-08-12 12:29:33.903 *** Keyboard input *** key pressed: key: 83; text: "s"
2022-08-12 12:29:33.920 *** Keyboard input *** key pressed: key: 83; text: "s"
2022-08-12 12:29:33.950 *** Keyboard input *** key pressed: key: 83; text: "s"
2022-08-12 12:29:33.987 *** Keyboard input *** key pressed: key: 83; text: "s"
2022-08-12 12:29:34.010 *** Keyboard input *** key pressed: key: 83; text: "s"
2022-08-12 12:29:34.040 *** Keyboard input *** key pressed: key: 83; text: "s"
2022-08-12 12:29:34.084 *** Keyboard input *** key pressed: key: 83; text: "s"
2022-08-12 12:29:34.101 *** Keyboard input *** key pressed: key: 83; text: "s"
2022-08-12 12:29:34.130 *** Keyboard input *** key pressed: key: 83; text: "s"
2022-08-12 12:29:34.182 *** Keyboard input *** key pressed: key: 83; text: "s"
2022-08-12 12:29:34.199 *** Keyboard input *** key pressed: key: 83; text: "s"
2022-08-12 12:29:34.221 *** Keyboard input *** key pressed: key: 83; text: "s"
2022-08-12 12:29:34.315 *** Process image overlay spent 0.00 seconds.
2022-08-12 12:29:34.320 *** Get cell color spent 0.00 seconds.
2022-08-12 12:29:35.360 *** Keyboard input *** key pressed: key: 83; text: "s"
2022-08-12 12:29:35.455 *** Process image overlay spent 0.00 seconds.
2022-08-12 12:29:35.459 *** Get cell color spent 0.00 seconds.
2022-08-12 12:29:35.848 *** Keyboard input *** key pressed: key: 83; text: "s"
2022-08-12 12:29:35.988 *** Process image overlay spent 0.00 seconds.
2022-08-12 12:29:35.992 *** Get cell color spent 0.00 seconds.
2022-08-12 12:29:36.168 *** Keyboard input *** key pressed: key: 68; text: "d"
2022-08-12 12:29:36.290 *** Process image overlay spent 0.00 seconds.
2022-08-12 12:29:36.295 *** Get cell color spent 0.00 seconds.
2022-08-12 12:29:36.666 *** Keyboard input *** key pressed: key: 68; text: "d"
2022-08-12 12:29:36.694 *** Keyboard input *** key pressed: key: 68; text: "d"
2022-08-12 12:29:36.725 *** Keyboard input *** key pressed: key: 68; text: "d"
2022-08-12 12:29:36.755 *** Keyboard input *** key pressed: key: 68; text: "d"
2022-08-12 12:29:36.800 *** Keyboard input *** key pressed: key: 68; text: "d"
2022-08-12 12:29:36.817 *** Keyboard input *** key pressed: key: 68; text: "d"
2022-08-12 12:29:36.846 *** Keyboard input *** key pressed: key: 68; text: "d"
2022-08-12 12:29:36.876 *** Keyboard input *** key pressed: key: 68; text: "d"
2022-08-12 12:29:36.919 *** Keyboard input *** key pressed: key: 68; text: "d"
2022-08-12 12:29:36.937 *** Keyboard input *** key pressed: key: 68; text: "d"
2022-08-12 12:29:36.967 *** Keyboard input *** key pressed: key: 68; text: "d"
2022-08-12 12:29:36.997 *** Keyboard input *** key pressed: key: 68; text: "d"
2022-08-12 12:29:37.028 *** Keyboard input *** key pressed: key: 68; text: "d"
2022-08-12 12:29:37.066 *** Keyboard input *** key pressed: key: 68; text: "d"
2022-08-12 12:29:37.285 *** Process image overlay spent 0.00 seconds.
2022-08-12 12:29:37.291 *** Get cell color spent 0.01 seconds.
2022-08-12 12:29:38.165 *** Process image overlay spent 0.00 seconds.
2022-08-12 12:29:38.234 *** Get cell color spent 0.07 seconds.
2022-08-12 12:29:39.509 *** Mouse movement (LeftButton) ***  Mouse coords: (898, 354) (31948, 42044)
2022-08-12 12:29:39.534 *** Mouse movement (LeftButton) ***  Mouse coords: (943, 348) (32156, 42008)
2022-08-12 12:29:39.551 *** Mouse movement (LeftButton) ***  Mouse coords: (976, 341) (32070, 42001)
2022-08-12 12:29:39.566 *** Mouse movement (LeftButton) ***  Mouse coords: (1012, 329) (32091, 41965)
2022-08-12 12:29:39.583 *** Mouse movement (LeftButton) ***  Mouse coords: (1046, 314) (32077, 41943)
2022-08-12 12:29:39.600 *** Mouse movement (LeftButton) ***  Mouse coords: (1087, 290) (32128, 41879)
2022-08-12 12:29:39.616 *** Mouse movement (LeftButton) ***  Mouse coords: (1112, 275) (32012, 41943)
2022-08-12 12:29:39.633 *** Mouse movement (LeftButton) ***  Mouse coords: (1128, 267) (31948, 41993)
2022-08-12 12:29:39.649 *** Mouse movement (LeftButton) ***  Mouse coords: (1136, 263) (31891, 42023)
2022-08-12 12:29:39.666 *** Mouse movement (LeftButton) ***  Mouse coords: (1140, 261) (31861, 42036)
2022-08-12 12:29:39.683 *** Mouse movement (LeftButton) ***  Mouse coords: (1141, 261) (31841, 42051)
2022-08-12 12:29:39.856 *** Process image overlay spent 0.00 seconds.
2022-08-12 12:29:39.933 *** Get cell color spent 0.08 seconds.
2022-08-12 12:29:40.847 *** Process image overlay spent 0.00 seconds.
2022-08-12 12:29:41.003 *** Get cell color spent 0.16 seconds.
2022-08-12 12:29:41.661 *** Mouse movement (LeftButton) ***  Mouse coords: (985, 347) (30357, 42373)
2022-08-12 12:29:41.684 *** Mouse movement (LeftButton) ***  Mouse coords: (992, 365) (30445, 42561)
2022-08-12 12:29:41.701 *** Mouse movement (LeftButton) ***  Mouse coords: (1001, 376) (30470, 42473)
2022-08-12 12:29:41.716 *** Mouse movement (LeftButton) ***  Mouse coords: (1023, 397) (30633, 42599)
2022-08-12 12:29:41.733 *** Mouse movement (LeftButton) ***  Mouse coords: (1052, 418) (30722, 42599)
2022-08-12 12:29:41.749 *** Mouse movement (LeftButton) ***  Mouse coords: (1080, 436) (30709, 42561)
2022-08-12 12:29:41.766 *** Mouse movement (LeftButton) ***  Mouse coords: (1126, 458) (30935, 42611)
2022-08-12 12:29:41.783 *** Mouse movement (LeftButton) ***  Mouse coords: (1161, 473) (30796, 42524)
2022-08-12 12:29:41.799 *** Mouse movement (LeftButton) ***  Mouse coords: (1189, 483) (30709, 42461)
2022-08-12 12:29:41.816 *** Mouse movement (LeftButton) ***  Mouse coords: (1220, 493) (30747, 42460)
2022-08-12 12:29:41.833 *** Mouse movement (LeftButton) ***  Mouse coords: (1250, 501) (30734, 42436)
2022-08-12 12:29:41.849 *** Mouse movement (LeftButton) ***  Mouse coords: (1291, 514) (30872, 42498)
2022-08-12 12:29:41.866 *** Mouse movement (LeftButton) ***  Mouse coords: (1305, 519) (30533, 42398)
2022-08-12 12:29:41.883 *** Mouse movement (LeftButton) ***  Mouse coords: (1317, 523) (30508, 42385)
2022-08-12 12:29:41.899 *** Mouse movement (LeftButton) ***  Mouse coords: (1319, 523) (30382, 42335)
2022-08-12 12:29:41.981 *** Process image overlay spent 0.00 seconds.
2022-08-12 12:29:42.149 *** Get cell color spent 0.17 seconds.
2022-08-12 12:29:43.468 *** Mouse movement (LeftButton) ***  Mouse coords: (1194, 527) (29182, 42291)
2022-08-12 12:29:43.484 *** Mouse movement (LeftButton) ***  Mouse coords: (1190, 520) (29094, 42181)
2022-08-12 12:29:43.500 *** Mouse movement (LeftButton) ***  Mouse coords: (1180, 509) (28962, 42093)
2022-08-12 12:29:43.520 *** Mouse movement (LeftButton) ***  Mouse coords: (1159, 484) (28720, 41785)
2022-08-12 12:29:43.533 *** Mouse movement (LeftButton) ***  Mouse coords: (1124, 446) (28413, 41500)
2022-08-12 12:29:43.549 *** Mouse movement (LeftButton) ***  Mouse coords: (1105, 427) (28764, 41917)
2022-08-12 12:29:43.566 *** Mouse movement (LeftButton) ***  Mouse coords: (1055, 379) (28082, 41279)
2022-08-12 12:29:43.583 *** Mouse movement (LeftButton) ***  Mouse coords: (1032, 363) (28676, 41983)
2022-08-12 12:29:43.599 *** Mouse movement (LeftButton) ***  Mouse coords: (1001, 339) (28501, 41808)
2022-08-12 12:29:43.616 *** Mouse movement (LeftButton) ***  Mouse coords: (982, 326) (28764, 42049)
2022-08-12 12:29:43.633 *** Mouse movement (LeftButton) ***  Mouse coords: (969, 318) (28896, 42159)
2022-08-12 12:29:43.649 *** Mouse movement (LeftButton) ***  Mouse coords: (963, 314) (29050, 42247)
2022-08-12 12:29:43.666 *** Mouse movement (LeftButton) ***  Mouse coords: (962, 314) (29160, 42335)
2022-08-12 12:29:44.104 *** Process image overlay spent 0.00 seconds.
2022-08-12 12:29:44.266 *** Get cell color spent 0.16 seconds.
2022-08-12 12:29:45.201 *** Mouse movement (LeftButton) ***  Mouse coords: (1178, 300) (31943, 42743)
2022-08-12 12:29:45.217 *** Mouse movement (LeftButton) ***  Mouse coords: (1197, 307) (32056, 42781)
2022-08-12 12:29:45.234 *** Mouse movement (LeftButton) ***  Mouse coords: (1209, 312) (31968, 42756)
2022-08-12 12:29:45.249 *** Mouse movement (LeftButton) ***  Mouse coords: (1231, 320) (32093, 42793)
2022-08-12 12:29:45.266 *** Mouse movement (LeftButton) ***  Mouse coords: (1245, 328) (31993, 42794)
2022-08-12 12:29:45.283 *** Mouse movement (LeftButton) ***  Mouse coords: (1251, 330) (31892, 42718)
2022-08-12 12:29:45.299 *** Mouse movement (LeftButton) ***  Mouse coords: (1256, 333) (31880, 42731)
2022-08-12 12:29:45.362 *** Process image overlay spent 0.00 seconds.
2022-08-12 12:29:45.533 *** Get cell color spent 0.17 seconds.
2022-08-12 12:29:45.723 *** Mouse movement (LeftButton) ***  Mouse coords: (1257, 336) (31830, 42730)
2022-08-12 12:29:45.810 *** Process image overlay spent 0.00 seconds.
2022-08-12 12:29:45.982 *** Get cell color spent 0.17 seconds.
2022-08-12 12:29:47.144 *** Mouse movement (LeftButton) ***  Mouse coords: (1150, 264) (30472, 41789)
2022-08-12 12:29:47.165 *** Mouse movement (LeftButton) ***  Mouse coords: (1161, 264) (30598, 41789)
2022-08-12 12:29:47.183 *** Mouse movement (LeftButton) ***  Mouse coords: (1192, 260) (30850, 41738)
2022-08-12 12:29:47.200 *** Mouse movement (LeftButton) ***  Mouse coords: (1220, 253) (30812, 41701)
2022-08-12 12:29:47.216 *** Mouse movement (LeftButton) ***  Mouse coords: (1260, 243) (30963, 41664)
2022-08-12 12:29:47.233 *** Mouse movement (LeftButton) ***  Mouse coords: (1291, 237) (30849, 41713)
2022-08-12 12:29:47.249 *** Mouse movement (LeftButton) ***  Mouse coords: (1324, 231) (30875, 41714)
2022-08-12 12:29:47.266 *** Mouse movement (LeftButton) ***  Mouse coords: (1341, 228) (30673, 41751)
2022-08-12 12:29:47.283 *** Mouse movement (LeftButton) ***  Mouse coords: (1347, 227) (30536, 41777)
2022-08-12 12:29:47.300 *** Mouse movement (LeftButton) ***  Mouse coords: (1348, 227) (30472, 41789)
2022-08-12 12:29:47.363 *** Process image overlay spent 0.00 seconds.
2022-08-12 12:29:47.534 *** Get cell color spent 0.17 seconds.
2022-08-12 12:29:50.955 *** Program closed.
