2022-08-13 20:37:18.833 *** Start program *** Start program
2022-08-13 20:37:23.406 *** Open case *** /media/zhihuang/Drive14/Google_Colon_lnm_pos_2015_slides/slides/S0425
2022-08-13 20:37:25.391 *** Open processed data
2022-08-13 20:37:25.393 *** Preload all statistics at once.
2022-08-13 20:37:26.227 *** Nuclei stat data loaded, took 0.83 seconds. Total number of nuclei: 954361
2022-08-13 20:37:31.592 *** Process image overlay spent 0.00 seconds.
2022-08-13 20:37:31.598 *** Get cell color spent 0.00 seconds.
2022-08-13 20:37:32.066 *** Process image overlay spent 0.00 seconds.
2022-08-13 20:37:32.069 *** Get cell color spent 0.00 seconds.
2022-08-13 20:37:32.105 *** Process image overlay spent 0.00 seconds.
2022-08-13 20:37:32.106 *** Get cell color spent 0.00 seconds.
2022-08-13 20:37:32.127 *** Process image overlay spent 0.00 seconds.
2022-08-13 20:37:32.128 *** Get cell color spent 0.00 seconds.
2022-08-13 20:37:33.997 *** Mouse movement (LeftButton) ***  Mouse coords: (363, 457) (31957, 47304)
2022-08-13 20:37:34.013 *** Mouse movement (LeftButton) ***  Mouse coords: (364, 460) (31958, 47306)
2022-08-13 20:37:34.030 *** Mouse movement (LeftButton) ***  Mouse coords: (364, 461) (31958, 47306)
2022-08-13 20:37:34.090 *** Mouse movement (LeftButton) ***  Mouse coords: (365, 462) (31958, 47307)
2022-08-13 20:37:34.263 *** Mouse movement (LeftButton) ***  Mouse coords: (533, 491) (32058, 47324)
2022-08-13 20:37:34.279 *** Mouse movement (LeftButton) ***  Mouse coords: (535, 491) (32059, 47324)
2022-08-13 20:37:34.296 *** Mouse movement (LeftButton) ***  Mouse coords: (537, 489) (32061, 47323)
2022-08-13 20:37:34.312 *** Mouse movement (LeftButton) ***  Mouse coords: (541, 486) (32063, 47321)
2022-08-13 20:37:34.479 *** Mouse movement (LeftButton) ***  Mouse coords: (673, 259) (32141, 47187)
2022-08-13 20:37:34.525 *** Mouse movement (LeftButton) ***  Mouse coords: (673, 258) (32141, 47186)
2022-08-13 20:37:41.612 *** Mouse movement (LeftButton) ***  Mouse coords: (717, 344) (32167, 47237)
2022-08-13 20:37:41.623 *** Process image overlay spent 0.00 seconds.
2022-08-13 20:37:41.626 *** Get cell color spent 0.00 seconds.
2022-08-13 20:37:41.654 *** Process image overlay spent 0.00 seconds.
2022-08-13 20:37:41.656 *** Get cell color spent 0.00 seconds.
2022-08-13 20:37:41.673 *** Mouse movement (LeftButton) ***  Mouse coords: (724, 358) (32172, 47244)
2022-08-13 20:37:41.680 *** Process image overlay spent 0.01 seconds.
2022-08-13 20:37:41.682 *** Get cell color spent 0.00 seconds.
2022-08-13 20:37:41.703 *** Process image overlay spent 0.00 seconds.
2022-08-13 20:37:41.704 *** Get cell color spent 0.00 seconds.
2022-08-13 20:37:41.719 *** Mouse movement (LeftButton) ***  Mouse coords: (746, 395) (32180, 47258)
2022-08-13 20:37:41.725 *** Process image overlay spent 0.00 seconds.
2022-08-13 20:37:41.726 *** Get cell color spent 0.00 seconds.
2022-08-13 20:37:41.748 *** Process image overlay spent 0.00 seconds.
2022-08-13 20:37:41.750 *** Get cell color spent 0.00 seconds.
2022-08-13 20:37:41.765 *** Mouse movement (LeftButton) ***  Mouse coords: (758, 408) (32174, 47244)
2022-08-13 20:37:41.770 *** Process image overlay spent 0.00 seconds.
2022-08-13 20:37:41.772 *** Get cell color spent 0.00 seconds.
2022-08-13 20:37:41.792 *** Process image overlay spent 0.00 seconds.
2022-08-13 20:37:41.794 *** Get cell color spent 0.00 seconds.
2022-08-13 20:37:41.808 *** Mouse movement (LeftButton) ***  Mouse coords: (759, 409) (32167, 47237)
2022-08-13 20:37:41.815 *** Process image overlay spent 0.00 seconds.
2022-08-13 20:37:41.816 *** Get cell color spent 0.00 seconds.
2022-08-13 20:37:41.837 *** Process image overlay spent 0.00 seconds.
2022-08-13 20:37:41.838 *** Get cell color spent 0.00 seconds.
2022-08-13 20:37:42.331 *** Process image overlay spent 0.00 seconds.
2022-08-13 20:37:42.334 *** Get cell color spent 0.00 seconds.
2022-08-13 20:37:42.449 *** Process image overlay spent 0.00 seconds.
2022-08-13 20:37:42.453 *** Get cell color spent 0.00 seconds.
2022-08-13 20:37:50.770 *** Mouse movement (LeftButton) ***  Mouse coords: (584, 278) (31920, 46950)
2022-08-13 20:37:50.790 *** Mouse movement (LeftButton) ***  Mouse coords: (585, 280) (31922, 46954)
2022-08-13 20:37:50.806 *** Mouse movement (LeftButton) ***  Mouse coords: (587, 282) (31926, 46957)
2022-08-13 20:37:51.002 *** Mouse movement (LeftButton) ***  Mouse coords: (690, 312) (32113, 47012)
2022-08-13 20:37:51.012 *** Mouse movement (LeftButton) ***  Mouse coords: (690, 311) (32113, 47010)
2022-08-13 20:40:47.937 *** Program closed.
