2022-09-07 21:30:05.468 *** Start program *** Start program
2022-09-07 21:30:12.041 *** starting thread (client mode): 0x364d0880
2022-09-07 21:30:12.041 *** Local version/idstring: SSH-2.0-paramiko_2.11.0
2022-09-07 21:30:12.071 *** Remote version/idstring: SSH-2.0-OpenSSH_5.3
2022-09-07 21:30:12.071 *** Connected (version 2.0, client OpenSSH_5.3)
2022-09-07 21:30:12.091 *** === Key exchange possibilities ===
2022-09-07 21:30:12.091 *** kex algos: diffie-hellman-group-exchange-sha256, diffie-hellman-group-exchange-sha1, diffie-hellman-group14-sha1, diffie-hellman-group1-sha1
2022-09-07 21:30:12.091 *** server key: ssh-rsa, ssh-rsa-cert-v01@openssh.com, ssh-dss
2022-09-07 21:30:12.091 *** client encrypt: aes128-ctr, aes192-ctr, aes256-ctr, arcfour256, arcfour128, aes128-cbc, 3des-cbc, blowfish-cbc, cast128-cbc, aes192-cbc, aes256-cbc, arcfour, rijndael-cbc@lysator.liu.se
2022-09-07 21:30:12.091 *** server encrypt: aes128-ctr, aes192-ctr, aes256-ctr, arcfour256, arcfour128, aes128-cbc, 3des-cbc, blowfish-cbc, cast128-cbc, aes192-cbc, aes256-cbc, arcfour, rijndael-cbc@lysator.liu.se
2022-09-07 21:30:12.091 *** client mac: hmac-md5, hmac-sha1, umac-64@openssh.com, hmac-sha2-256, hmac-sha2-512, hmac-ripemd160, hmac-ripemd160@openssh.com, hmac-sha1-96, hmac-md5-96
2022-09-07 21:30:12.091 *** server mac: hmac-md5, hmac-sha1, umac-64@openssh.com, hmac-sha2-256, hmac-sha2-512, hmac-ripemd160, hmac-ripemd160@openssh.com, hmac-sha1-96, hmac-md5-96
2022-09-07 21:30:12.091 *** client compress: none, zlib@openssh.com
2022-09-07 21:30:12.091 *** server compress: none, zlib@openssh.com
2022-09-07 21:30:12.091 *** client lang: <none>
2022-09-07 21:30:12.091 *** server lang: <none>
2022-09-07 21:30:12.091 *** kex follows: False
2022-09-07 21:30:12.091 *** === Key exchange agreements ===
2022-09-07 21:30:12.091 *** Kex: diffie-hellman-group-exchange-sha256
2022-09-07 21:30:12.091 *** HostKey: ssh-rsa
2022-09-07 21:30:12.091 *** Cipher: aes128-ctr
2022-09-07 21:30:12.091 *** MAC: hmac-sha2-256
2022-09-07 21:30:12.092 *** Compression: none
2022-09-07 21:30:12.092 *** === End of kex handshake ===
2022-09-07 21:30:12.152 *** Got server p (2048 bits)
2022-09-07 21:30:12.227 *** kex engine KexGexSHA256 specified hash_algo <built-in function openssl_sha256>
2022-09-07 21:30:12.227 *** Switch to new keys ...
2022-09-07 21:30:12.227 *** Adding ssh-rsa host key for 173.201.181.247: b'cca345f774a2d98448d0bcc78f04075d'
2022-09-07 21:30:12.307 *** userauth is OK
2022-09-07 21:30:12.332 *** Authentication (password) successful!
2022-09-07 21:30:12.332 *** [chan 0] Max packet in: 32768 bytes
2022-09-07 21:30:12.353 *** [chan 0] Max packet out: 32768 bytes
2022-09-07 21:30:12.353 *** Secsh channel 0 opened.
2022-09-07 21:30:12.375 *** [chan 0] Sesch channel 0 request ok
2022-09-07 21:30:12.395 *** [chan 0] Opened sftp connection (server version 3)
2022-09-07 21:30:12.395 *** [chan 0] stat(b'/home/b6o162rzivzp/NucFinder_DB/E7F814D2456CF381/interactive_nuclei_dict.pickle')
2022-09-07 21:30:12.416 *** [chan 0] stat(b'/home/b6o162rzivzp/NucFinder_DB/E7F814D2456CF381/model.pickle')
2022-09-07 21:30:12.437 *** [chan 0] open(b'/home/b6o162rzivzp/NucFinder_DB/E7F814D2456CF381/model.pickle', 'rb')
2022-09-07 21:30:12.458 *** [chan 0] open(b'/home/b6o162rzivzp/NucFinder_DB/E7F814D2456CF381/model.pickle', 'rb') -> 00000000
2022-09-07 21:30:13.065 *** [chan 0] close(00000000)
2022-09-07 21:30:16.527 *** Interactive label *** Review annotations/active learning start.
2022-09-07 21:30:47.528 *** Interactive label *** Review annotations/active learning start.
2022-09-07 21:32:00.025 *** Program closed.
2022-09-07 21:32:00.057 *** EOF in transport thread
