2022-08-12 11:45:04.549 *** Start program *** Start program
2022-08-12 11:45:12.718 *** Open case *** /media/zhihuang/Drive14/Google_Colon_lnm_pos_2015_slides/slides/S0425
2022-08-12 11:45:14.720 *** Open processed data
2022-08-12 11:45:14.720 *** Preload all statistics at once.
2022-08-12 11:45:15.525 *** Nuclei stat data loaded, took 0.80 seconds. Total number of nuclei: 954361
2022-08-12 11:45:19.130 *** Process image overlay spent 0.00 seconds.
2022-08-12 11:45:19.180 *** Get cell color spent 0.05 seconds.
2022-08-12 11:45:19.271 *** Process image overlay spent 0.00 seconds.
2022-08-12 11:45:19.306 *** Get cell color spent 0.04 seconds.
2022-08-12 11:45:19.868 *** Process image overlay spent 0.00 seconds.
2022-08-12 11:45:19.884 *** Get cell color spent 0.01 seconds.
2022-08-12 11:45:19.948 *** Process image overlay spent 0.00 seconds.
2022-08-12 11:45:19.951 *** Get cell color spent 0.00 seconds.
2022-08-12 11:45:20.939 *** Process image overlay spent 0.01 seconds.
2022-08-12 11:45:20.946 *** Get cell color spent 0.01 seconds.
2022-08-12 11:45:21.071 *** Process image overlay spent 0.00 seconds.
2022-08-12 11:45:21.077 *** Get cell color spent 0.01 seconds.
2022-08-12 11:45:25.824 *** Process image overlay spent 0.00 seconds.
2022-08-12 11:45:25.842 *** Get cell color spent 0.02 seconds.
2022-08-12 11:45:25.884 *** Process image overlay spent 0.00 seconds.
2022-08-12 11:45:25.902 *** Get cell color spent 0.02 seconds.
2022-08-12 11:45:26.963 *** Process image overlay spent 0.00 seconds.
2022-08-12 11:45:27.011 *** Get cell color spent 0.05 seconds.
2022-08-12 11:45:27.101 *** Process image overlay spent 0.00 seconds.
2022-08-12 11:45:27.147 *** Get cell color spent 0.05 seconds.
2022-08-12 11:45:28.264 *** Process image overlay spent 0.00 seconds.
2022-08-12 11:45:28.314 *** Get cell color spent 0.05 seconds.
2022-08-12 11:45:28.405 *** Process image overlay spent 0.00 seconds.
2022-08-12 11:45:28.425 *** Get cell color spent 0.02 seconds.
2022-08-12 11:45:28.486 *** Process image overlay spent 0.01 seconds.
2022-08-12 11:45:28.499 *** Get cell color spent 0.01 seconds.
2022-08-12 11:45:28.654 *** Process image overlay spent 0.00 seconds.
2022-08-12 11:45:28.662 *** Get cell color spent 0.01 seconds.
2022-08-12 11:45:28.885 *** Process image overlay spent 0.01 seconds.
2022-08-12 11:45:28.894 *** Get cell color spent 0.01 seconds.
2022-08-12 11:45:28.976 *** Process image overlay spent 0.00 seconds.
2022-08-12 11:45:28.980 *** Get cell color spent 0.00 seconds.
2022-08-12 11:45:29.785 *** Mouse movement (LeftButton) ***  Mouse coords: (234, 228) (28559, 50468)
2022-08-12 11:45:29.795 *** Mouse movement (LeftButton) ***  Mouse coords: (236, 229) (28562, 50470)
2022-08-12 11:45:29.810 *** Mouse movement (LeftButton) ***  Mouse coords: (240, 231) (28570, 50474)
2022-08-12 11:45:29.826 *** Mouse movement (LeftButton) ***  Mouse coords: (245, 232) (28579, 50475)
2022-08-12 11:45:29.843 *** Mouse movement (LeftButton) ***  Mouse coords: (250, 234) (28588, 50479)
2022-08-12 11:45:29.860 *** Mouse movement (LeftButton) ***  Mouse coords: (252, 234) (28591, 50479)
2022-08-12 11:45:29.875 *** Mouse movement (LeftButton) ***  Mouse coords: (253, 235) (28593, 50481)
2022-08-12 11:45:29.892 *** Mouse movement (LeftButton) ***  Mouse coords: (256, 237) (28599, 50485)
2022-08-12 11:45:29.908 *** Mouse movement (LeftButton) ***  Mouse coords: (261, 242) (28608, 50494)
2022-08-12 11:45:29.925 *** Mouse movement (LeftButton) ***  Mouse coords: (266, 245) (28617, 50499)
2022-08-12 11:45:29.942 *** Mouse movement (LeftButton) ***  Mouse coords: (276, 249) (28635, 50506)
2022-08-12 11:45:29.958 *** Mouse movement (LeftButton) ***  Mouse coords: (288, 255) (28657, 50517)
2022-08-12 11:45:29.975 *** Mouse movement (LeftButton) ***  Mouse coords: (294, 257) (28668, 50521)
2022-08-12 11:45:29.992 *** Mouse movement (LeftButton) ***  Mouse coords: (301, 259) (28681, 50525)
2022-08-12 11:45:30.009 *** Mouse movement (LeftButton) ***  Mouse coords: (306, 261) (28690, 50528)
2022-08-12 11:45:30.025 *** Mouse movement (LeftButton) ***  Mouse coords: (312, 263) (28701, 50532)
2022-08-12 11:45:30.206 *** Mouse movement (LeftButton) ***  Mouse coords: (313, 264) (28702, 50534)
2022-08-12 11:45:30.223 *** Mouse movement (LeftButton) ***  Mouse coords: (314, 268) (28704, 50541)
2022-08-12 11:45:30.242 *** Mouse movement (LeftButton) ***  Mouse coords: (315, 270) (28706, 50545)
2022-08-12 11:45:30.348 *** Mouse movement (LeftButton) ***  Mouse coords: (316, 270) (28708, 50545)
2022-08-12 11:45:30.491 *** Mouse movement (LeftButton) ***  Mouse coords: (316, 271) (28708, 50546)
2022-08-12 11:45:30.507 *** Mouse movement (LeftButton) ***  Mouse coords: (316, 274) (28708, 50552)
2022-08-12 11:45:31.694 *** Interactive label *** Apply to case start.
2022-08-12 11:45:32.133 *** Mouse movement (LeftButton) ***  Mouse coords: (397, 292) (28855, 50585)
2022-08-12 11:45:32.142 *** Mouse movement (LeftButton) ***  Mouse coords: (399, 295) (28859, 50590)
2022-08-12 11:45:32.158 *** Mouse movement (LeftButton) ***  Mouse coords: (410, 309) (28879, 50616)
2022-08-12 11:45:32.176 *** Mouse movement (LeftButton) ***  Mouse coords: (420, 318) (28897, 50632)
2022-08-12 11:45:32.194 *** Mouse movement (LeftButton) ***  Mouse coords: (432, 330) (28919, 50654)
2022-08-12 11:45:32.209 *** Mouse movement (LeftButton) ***  Mouse coords: (438, 335) (28930, 50663)
2022-08-12 11:45:32.225 *** Mouse movement (LeftButton) ***  Mouse coords: (450, 347) (28952, 50685)
2022-08-12 11:45:32.242 *** Mouse movement (LeftButton) ***  Mouse coords: (459, 354) (28968, 50697)
2022-08-12 11:45:32.259 *** Mouse movement (LeftButton) ***  Mouse coords: (465, 358) (28979, 50705)
2022-08-12 11:45:32.275 *** Mouse movement (LeftButton) ***  Mouse coords: (468, 360) (28984, 50708)
2022-08-12 11:45:33.289 *** Interactive label *** Apply to case start.
2022-08-12 11:45:35.239 *** Process image overlay spent 0.01 seconds.
2022-08-12 11:45:35.261 *** Get cell color spent 0.02 seconds.
2022-08-12 11:45:35.420 *** Process image overlay spent 0.00 seconds.
2022-08-12 11:45:35.426 *** Get cell color spent 0.01 seconds.
2022-08-12 11:45:36.512 *** Process image overlay spent 0.02 seconds.
2022-08-12 11:45:36.539 *** Get cell color spent 0.03 seconds.
2022-08-12 11:45:36.613 *** Process image overlay spent 0.00 seconds.
2022-08-12 11:45:36.650 *** Get cell color spent 0.04 seconds.
2022-08-12 11:45:36.753 *** Process image overlay spent 0.00 seconds.
2022-08-12 11:45:36.787 *** Get cell color spent 0.03 seconds.
2022-08-12 11:45:41.793 *** Mouse movement (LeftButton) ***  Mouse coords: (480, 292) (27278, 44219)
2022-08-12 11:45:41.809 *** Mouse movement (LeftButton) ***  Mouse coords: (485, 299) (27488, 44533)
2022-08-12 11:45:41.824 *** Mouse movement (LeftButton) ***  Mouse coords: (486, 301) (27278, 44271)
2022-08-12 11:45:41.842 *** Mouse movement (LeftButton) ***  Mouse coords: (501, 326) (28010, 45473)
2022-08-12 11:45:41.864 *** Mouse movement (LeftButton) ***  Mouse coords: (510, 339) (27696, 44847)
2022-08-12 11:45:41.877 *** Mouse movement (LeftButton) ***  Mouse coords: (524, 360) (27957, 45264)
2022-08-12 11:45:41.891 *** Mouse movement (LeftButton) ***  Mouse coords: (529, 365) (27487, 44428)
2022-08-12 11:45:41.908 *** Mouse movement (LeftButton) ***  Mouse coords: (541, 378) (27853, 44846)
2022-08-12 11:45:41.924 *** Mouse movement (LeftButton) ***  Mouse coords: (544, 382) (27383, 44376)
2022-08-12 11:45:41.941 *** Mouse movement (LeftButton) ***  Mouse coords: (546, 384) (27331, 44272)
2022-08-12 11:45:41.958 *** Mouse movement (LeftButton) ***  Mouse coords: (549, 389) (27382, 44428)
2022-08-12 11:45:41.983 *** Mouse movement (LeftButton) ***  Mouse coords: (551, 390) (27331, 44219)
2022-08-12 11:45:42.006 *** Mouse movement (LeftButton) ***  Mouse coords: (551, 391) (27226, 44219)
2022-08-12 11:45:42.903 *** Mouse movement (LeftButton) ***  Mouse coords: (548, 380) (27069, 43593)
2022-08-12 11:45:42.925 *** Mouse movement (LeftButton) ***  Mouse coords: (549, 384) (27121, 43749)
2022-08-12 11:45:42.941 *** Mouse movement (LeftButton) ***  Mouse coords: (552, 393) (27226, 44010)
2022-08-12 11:45:42.958 *** Mouse movement (LeftButton) ***  Mouse coords: (556, 400) (27278, 43905)
2022-08-12 11:45:42.974 *** Mouse movement (LeftButton) ***  Mouse coords: (560, 406) (27278, 43854)
2022-08-12 11:45:42.991 *** Mouse movement (LeftButton) ***  Mouse coords: (563, 410) (27226, 43749)
2022-08-12 11:45:43.008 *** Mouse movement (LeftButton) ***  Mouse coords: (568, 418) (27330, 43958)
2022-08-12 11:45:43.024 *** Mouse movement (LeftButton) ***  Mouse coords: (572, 422) (27278, 43749)
2022-08-12 11:45:43.041 *** Mouse movement (LeftButton) ***  Mouse coords: (577, 428) (27330, 43853)
2022-08-12 11:45:43.059 *** Mouse movement (LeftButton) ***  Mouse coords: (580, 431) (27226, 43697)
2022-08-12 11:45:43.074 *** Mouse movement (LeftButton) ***  Mouse coords: (581, 432) (27121, 43592)
2022-08-12 11:45:44.058 *** Mouse movement (LeftButton) ***  Mouse coords: (569, 398) (26442, 41764)
2022-08-12 11:45:44.074 *** Mouse movement (LeftButton) ***  Mouse coords: (568, 401) (26390, 41869)
2022-08-12 11:45:44.092 *** Mouse movement (LeftButton) ***  Mouse coords: (567, 405) (26390, 41921)
2022-08-12 11:45:44.108 *** Mouse movement (LeftButton) ***  Mouse coords: (565, 408) (26337, 41868)
2022-08-12 11:45:44.124 *** Mouse movement (LeftButton) ***  Mouse coords: (563, 413) (26338, 41974)
2022-08-12 11:45:44.142 *** Mouse movement (LeftButton) ***  Mouse coords: (559, 421) (26233, 42130)
2022-08-12 11:45:44.158 *** Mouse movement (LeftButton) ***  Mouse coords: (557, 425) (26337, 41921)
2022-08-12 11:45:44.175 *** Mouse movement (LeftButton) ***  Mouse coords: (555, 428) (26338, 41868)
2022-08-12 11:45:44.192 *** Mouse movement (LeftButton) ***  Mouse coords: (554, 430) (26390, 41817)
2022-08-12 11:45:44.208 *** Mouse movement (LeftButton) ***  Mouse coords: (553, 431) (26389, 41764)
2022-08-12 11:45:45.161 *** Mouse movement (LeftButton) ***  Mouse coords: (595, 377) (28637, 38891)
2022-08-12 11:45:45.192 *** Mouse movement (LeftButton) ***  Mouse coords: (593, 386) (28532, 39309)
2022-08-12 11:45:45.208 *** Mouse movement (LeftButton) ***  Mouse coords: (588, 396) (28376, 39361)
2022-08-12 11:45:45.242 *** Mouse movement (LeftButton) ***  Mouse coords: (585, 401) (28480, 39101)
2022-08-12 11:45:45.258 *** Mouse movement (LeftButton) ***  Mouse coords: (571, 419) (27906, 39779)
2022-08-12 11:45:45.274 *** Mouse movement (LeftButton) ***  Mouse coords: (560, 436) (28062, 39727)
2022-08-12 11:45:45.291 *** Mouse movement (LeftButton) ***  Mouse coords: (559, 438) (28585, 38944)
2022-08-12 11:45:45.308 *** Mouse movement (LeftButton) ***  Mouse coords: (557, 440) (28532, 38943)
2022-08-12 11:45:46.135 *** Mouse movement (LeftButton) ***  Mouse coords: (653, 352) (33653, 34242)
2022-08-12 11:45:46.158 *** Mouse movement (LeftButton) ***  Mouse coords: (632, 376) (32608, 35443)
2022-08-12 11:45:46.174 *** Mouse movement (LeftButton) ***  Mouse coords: (609, 395) (32503, 35181)
2022-08-12 11:45:46.191 *** Mouse movement (LeftButton) ***  Mouse coords: (588, 410) (32608, 34973)
2022-08-12 11:45:46.208 *** Mouse movement (LeftButton) ***  Mouse coords: (569, 424) (32712, 34920)
2022-08-12 11:45:46.224 *** Mouse movement (LeftButton) ***  Mouse coords: (555, 434) (32974, 34712)
2022-08-12 11:45:46.241 *** Mouse movement (LeftButton) ***  Mouse coords: (538, 446) (32817, 34816)
2022-08-12 11:45:46.258 *** Mouse movement (LeftButton) ***  Mouse coords: (532, 449) (33391, 34345)
2022-08-12 11:45:46.274 *** Mouse movement (LeftButton) ***  Mouse coords: (529, 450) (33548, 34242)
2022-08-12 11:45:46.291 *** Mouse movement (LeftButton) ***  Mouse coords: (529, 451) (33705, 34241)
2022-08-12 11:45:47.201 *** Mouse movement (LeftButton) ***  Mouse coords: (542, 517) (34385, 37637)
2022-08-12 11:45:47.224 *** Mouse movement (LeftButton) ***  Mouse coords: (545, 507) (34541, 37167)
2022-08-12 11:45:47.241 *** Mouse movement (LeftButton) ***  Mouse coords: (547, 503) (34490, 37480)
2022-08-12 11:45:47.258 *** Mouse movement (LeftButton) ***  Mouse coords: (554, 488) (34751, 36905)
2022-08-12 11:45:47.274 *** Mouse movement (LeftButton) ***  Mouse coords: (567, 463) (35064, 36383)
2022-08-12 11:45:47.291 *** Mouse movement (LeftButton) ***  Mouse coords: (578, 434) (34959, 36174)
2022-08-12 11:45:47.308 *** Mouse movement (LeftButton) ***  Mouse coords: (587, 410) (34856, 36435)
2022-08-12 11:45:47.324 *** Mouse movement (LeftButton) ***  Mouse coords: (594, 387) (34750, 36487)
2022-08-12 11:45:47.341 *** Mouse movement (LeftButton) ***  Mouse coords: (599, 370) (34647, 36801)
2022-08-12 11:45:47.358 *** Mouse movement (LeftButton) ***  Mouse coords: (603, 355) (34594, 36905)
2022-08-12 11:45:47.374 *** Mouse movement (LeftButton) ***  Mouse coords: (604, 348) (34437, 37324)
2022-08-12 11:45:47.392 *** Mouse movement (LeftButton) ***  Mouse coords: (604, 345) (34385, 37532)
2022-08-12 11:45:48.356 *** Mouse movement (LeftButton) ***  Mouse coords: (577, 418) (32974, 41503)
2022-08-12 11:45:48.374 *** Mouse movement (LeftButton) ***  Mouse coords: (577, 413) (32974, 41346)
2022-08-12 11:45:48.391 *** Mouse movement (LeftButton) ***  Mouse coords: (580, 401) (33131, 40980)
2022-08-12 11:45:48.408 *** Mouse movement (LeftButton) ***  Mouse coords: (582, 388) (33078, 40928)
2022-08-12 11:45:48.424 *** Mouse movement (LeftButton) ***  Mouse coords: (587, 364) (33236, 40353)
2022-08-12 11:45:48.441 *** Mouse movement (LeftButton) ***  Mouse coords: (590, 345) (33130, 40614)
2022-08-12 11:45:48.458 *** Mouse movement (LeftButton) ***  Mouse coords: (592, 329) (33079, 40771)
2022-08-12 11:45:48.474 *** Mouse movement (LeftButton) ***  Mouse coords: (593, 314) (33026, 40823)
2022-08-12 11:45:48.491 *** Mouse movement (LeftButton) ***  Mouse coords: (593, 297) (32974, 40719)
2022-08-12 11:45:48.508 *** Mouse movement (LeftButton) ***  Mouse coords: (593, 290) (32974, 41242)
2022-08-12 11:45:48.524 *** Mouse movement (LeftButton) ***  Mouse coords: (593, 288) (32974, 41502)
2022-08-12 11:45:48.541 *** Mouse movement (LeftButton) ***  Mouse coords: (593, 286) (32974, 41503)
2022-08-12 11:45:49.308 *** Mouse movement (LeftButton) ***  Mouse coords: (593, 285) (32974, 41554)
2022-08-12 11:45:49.325 *** Mouse movement (LeftButton) ***  Mouse coords: (594, 281) (33026, 41398)
2022-08-12 11:45:49.341 *** Mouse movement (LeftButton) ***  Mouse coords: (596, 278) (33079, 41451)
2022-08-12 11:45:49.358 *** Mouse movement (LeftButton) ***  Mouse coords: (598, 275) (33078, 41450)
2022-08-12 11:45:49.374 *** Mouse movement (LeftButton) ***  Mouse coords: (600, 270) (33079, 41346)
2022-08-12 11:45:49.391 *** Mouse movement (LeftButton) ***  Mouse coords: (603, 264) (33131, 41293)
2022-08-12 11:45:49.408 *** Mouse movement (LeftButton) ***  Mouse coords: (604, 261) (33026, 41450)
2022-08-12 11:45:49.424 *** Mouse movement (LeftButton) ***  Mouse coords: (605, 259) (33026, 41503)
2022-08-12 11:45:49.442 *** Mouse movement (LeftButton) ***  Mouse coords: (606, 257) (33026, 41502)
2022-08-12 11:45:56.017 *** Process image overlay spent 0.01 seconds.
2022-08-12 11:45:56.079 *** Get cell color spent 0.06 seconds.
2022-08-12 11:45:56.184 *** Process image overlay spent 0.00 seconds.
2022-08-12 11:45:56.224 *** Get cell color spent 0.04 seconds.
2022-08-12 11:45:58.173 *** Mouse movement (LeftButton) ***  Mouse coords: (693, 462) (32759, 49300)
2022-08-12 11:45:58.193 *** Mouse movement (LeftButton) ***  Mouse coords: (693, 465) (32750, 49329)
2022-08-12 11:45:58.210 *** Mouse movement (LeftButton) ***  Mouse coords: (693, 470) (32750, 49349)
2022-08-12 11:45:58.226 *** Mouse movement (LeftButton) ***  Mouse coords: (693, 481) (32750, 49407)
2022-08-12 11:45:58.242 *** Mouse movement (LeftButton) ***  Mouse coords: (691, 493) (32731, 49417)
2022-08-12 11:45:58.259 *** Mouse movement (LeftButton) ***  Mouse coords: (686, 504) (32701, 49407)
2022-08-12 11:45:58.275 *** Mouse movement (LeftButton) ***  Mouse coords: (675, 520) (32643, 49456)
2022-08-12 11:45:58.292 *** Mouse movement (LeftButton) ***  Mouse coords: (665, 532) (32652, 49417)
2022-08-12 11:45:58.308 *** Mouse movement (LeftButton) ***  Mouse coords: (641, 545) (32516, 49427)
2022-08-12 11:45:58.325 *** Mouse movement (LeftButton) ***  Mouse coords: (626, 549) (32604, 49339)
2022-08-12 11:45:58.343 *** Mouse movement (LeftButton) ***  Mouse coords: (607, 549) (32565, 49300)
2022-08-12 11:45:58.365 *** Mouse movement (LeftButton) ***  Mouse coords: (591, 543) (32594, 49241)
2022-08-12 11:45:58.377 *** Mouse movement (LeftButton) ***  Mouse coords: (575, 530) (32594, 49174)
2022-08-12 11:45:58.392 *** Mouse movement (LeftButton) ***  Mouse coords: (559, 512) (32594, 49124)
2022-08-12 11:45:58.409 *** Mouse movement (LeftButton) ***  Mouse coords: (538, 490) (32545, 49086)
2022-08-12 11:45:58.425 *** Mouse movement (LeftButton) ***  Mouse coords: (524, 472) (32614, 49124)
2022-08-12 11:45:58.442 *** Mouse movement (LeftButton) ***  Mouse coords: (506, 450) (32574, 49086)
2022-08-12 11:45:58.459 *** Mouse movement (LeftButton) ***  Mouse coords: (485, 412) (32546, 48929)
2022-08-12 11:45:58.482 *** Mouse movement (LeftButton) ***  Mouse coords: (468, 379) (32584, 48979)
2022-08-12 11:45:58.494 *** Mouse movement (LeftButton) ***  Mouse coords: (464, 363) (32711, 49144)
2022-08-12 11:45:58.509 *** Mouse movement (LeftButton) ***  Mouse coords: (456, 343) (32672, 49105)
2022-08-12 11:45:58.525 *** Mouse movement (LeftButton) ***  Mouse coords: (451, 326) (32701, 49134)
2022-08-12 11:45:58.542 *** Mouse movement (LeftButton) ***  Mouse coords: (450, 322) (32741, 49261)
2022-08-12 11:45:58.558 *** Mouse movement (LeftButton) ***  Mouse coords: (450, 321) (32750, 49290)
2022-08-12 11:45:58.596 *** Process image overlay spent 0.02 seconds.
2022-08-12 11:45:58.640 *** Get cell color spent 0.04 seconds.
2022-08-12 11:45:58.744 *** Process image overlay spent 0.00 seconds.
2022-08-12 11:45:58.773 *** Get cell color spent 0.03 seconds.
2022-08-12 11:46:32.673 *** Mouse movement (LeftButton) ***  Mouse coords: (288, 235) (31690, 45742)
2022-08-12 11:46:32.692 *** Mouse movement (LeftButton) ***  Mouse coords: (307, 254) (32123, 46125)
2022-08-12 11:46:32.709 *** Mouse movement (LeftButton) ***  Mouse coords: (332, 275) (32276, 46175)
2022-08-12 11:46:32.725 *** Mouse movement (LeftButton) ***  Mouse coords: (364, 302) (32455, 46329)
2022-08-12 11:46:32.742 *** Mouse movement (LeftButton) ***  Mouse coords: (391, 321) (32328, 46124)
2022-08-12 11:46:32.759 *** Mouse movement (LeftButton) ***  Mouse coords: (419, 341) (32353, 46150)
2022-08-12 11:46:32.775 *** Mouse movement (LeftButton) ***  Mouse coords: (438, 355) (32123, 45997)
2022-08-12 11:46:32.792 *** Mouse movement (LeftButton) ***  Mouse coords: (454, 365) (32047, 45895)
2022-08-12 11:46:32.809 *** Mouse movement (LeftButton) ***  Mouse coords: (509, 398) (33042, 46481)
2022-08-12 11:46:32.825 *** Mouse movement (LeftButton) ***  Mouse coords: (533, 412) (32251, 45997)
2022-08-12 11:46:32.842 *** Mouse movement (LeftButton) ***  Mouse coords: (556, 424) (32225, 45946)
2022-08-12 11:46:32.859 *** Mouse movement (LeftButton) ***  Mouse coords: (578, 436) (32200, 45946)
2022-08-12 11:46:32.875 *** Mouse movement (LeftButton) ***  Mouse coords: (603, 448) (32277, 45946)
2022-08-12 11:46:32.892 *** Mouse movement (LeftButton) ***  Mouse coords: (617, 455) (31996, 45819)
2022-08-12 11:46:32.909 *** Mouse movement (LeftButton) ***  Mouse coords: (621, 457) (31741, 45691)
2022-08-12 11:46:32.925 *** Mouse movement (LeftButton) ***  Mouse coords: (622, 457) (31664, 45640)
2022-08-12 11:46:33.213 *** Process image overlay spent 0.00 seconds.
2022-08-12 11:46:33.304 *** Get cell color spent 0.09 seconds.
2022-08-12 11:46:33.498 *** Process image overlay spent 0.00 seconds.
2022-08-12 11:46:33.540 *** Get cell color spent 0.04 seconds.
2022-08-12 11:46:33.645 *** Process image overlay spent 0.00 seconds.
2022-08-12 11:46:33.687 *** Get cell color spent 0.04 seconds.
2022-08-12 11:46:34.363 *** Process image overlay spent 0.00 seconds.
2022-08-12 11:46:34.380 *** Get cell color spent 0.02 seconds.
2022-08-12 11:46:34.775 *** Process image overlay spent 0.00 seconds.
2022-08-12 11:46:34.791 *** Get cell color spent 0.02 seconds.
2022-08-12 11:46:35.950 *** Interactive label *** Apply to case start.
2022-08-12 11:46:54.947 *** Program closed.
