2022-08-09 10:45:13.914 *** Start program *** Start program
2022-08-09 10:45:21.948 *** Open processed data
2022-08-09 10:45:21.948 *** Preload all statistics at once.
2022-08-09 10:45:23.070 *** Nuclei stat data loaded, took 1.12 seconds. Total number of nuclei: 1470268
2022-08-09 10:45:26.606 *** Process image overlay spent 0.01 seconds.
2022-08-09 10:45:26.732 *** Get cell color spent 0.13 seconds.
2022-08-09 10:45:27.815 *** Process image overlay spent 0.01 seconds.
2022-08-09 10:45:27.929 *** Get cell color spent 0.11 seconds.
2022-08-09 10:45:29.103 *** Mouse movement ***  Mouse coords: (419, 446) (38905, 57101)
2022-08-09 10:45:29.125 *** Mouse movement ***  Mouse coords: (423, 455) (38934, 57179)
2022-08-09 10:45:29.143 *** Mouse movement ***  Mouse coords: (428, 465) (38944, 57188)
2022-08-09 10:45:29.159 *** Mouse movement ***  Mouse coords: (434, 473) (38953, 57169)
2022-08-09 10:45:29.176 *** Mouse movement ***  Mouse coords: (438, 479) (38934, 57150)
2022-08-09 10:45:29.193 *** Mouse movement ***  Mouse coords: (442, 485) (38934, 57149)
2022-08-09 10:45:29.209 *** Mouse movement ***  Mouse coords: (446, 490) (38934, 57140)
2022-08-09 10:45:29.227 *** Mouse movement ***  Mouse coords: (449, 494) (38925, 57130)
2022-08-09 10:45:29.243 *** Mouse movement ***  Mouse coords: (451, 497) (38914, 57120)
2022-08-09 10:45:29.263 *** Mouse movement ***  Mouse coords: (452, 497) (38905, 57091)
2022-08-09 10:45:29.294 *** Process image overlay spent 0.01 seconds.
2022-08-09 10:45:29.415 *** Get cell color spent 0.12 seconds.
2022-08-09 10:45:30.517 *** Process image overlay spent 0.01 seconds.
2022-08-09 10:45:30.634 *** Get cell color spent 0.12 seconds.
2022-08-09 10:45:31.650 *** Process image overlay spent 0.01 seconds.
2022-08-09 10:45:31.683 *** Get cell color spent 0.03 seconds.
2022-08-09 10:45:32.067 *** Process image overlay spent 0.01 seconds.
2022-08-09 10:45:32.183 *** Get cell color spent 0.12 seconds.
2022-08-09 10:45:33.299 *** Process image overlay spent 0.01 seconds.
2022-08-09 10:45:33.436 *** Get cell color spent 0.14 seconds.
2022-08-09 10:45:34.252 *** Mouse movement ***  Mouse coords: (533, 506) (39684, 57179)
2022-08-09 10:45:34.284 *** Process image overlay spent 0.01 seconds.
2022-08-09 10:45:34.408 *** Get cell color spent 0.12 seconds.
2022-08-09 10:45:35.536 *** Process image overlay spent 0.01 seconds.
2022-08-09 10:45:35.656 *** Get cell color spent 0.12 seconds.
2022-08-09 10:45:36.494 *** Mouse movement ***  Mouse coords: (626, 488) (40279, 56623)
2022-08-09 10:45:36.510 *** Mouse movement ***  Mouse coords: (637, 488) (40045, 56653)
2022-08-09 10:45:36.527 *** Mouse movement ***  Mouse coords: (649, 488) (40055, 56653)
2022-08-09 10:45:36.544 *** Mouse movement ***  Mouse coords: (657, 489) (40016, 56663)
2022-08-09 10:45:36.559 *** Mouse movement ***  Mouse coords: (668, 490) (40045, 56663)
2022-08-09 10:45:36.576 *** Mouse movement ***  Mouse coords: (673, 490) (39987, 56653)
2022-08-09 10:45:36.593 *** Mouse movement ***  Mouse coords: (682, 491) (40026, 56663)
2022-08-09 10:45:36.609 *** Mouse movement ***  Mouse coords: (691, 491) (40026, 56653)
2022-08-09 10:45:36.626 *** Mouse movement ***  Mouse coords: (695, 491) (39977, 56653)
2022-08-09 10:45:36.643 *** Mouse movement ***  Mouse coords: (699, 491) (39977, 56653)
2022-08-09 10:45:36.659 *** Mouse movement ***  Mouse coords: (702, 491) (39967, 56653)
2022-08-09 10:45:36.687 *** Process image overlay spent 0.01 seconds.
2022-08-09 10:45:36.811 *** Get cell color spent 0.12 seconds.
2022-08-09 10:45:37.937 *** Process image overlay spent 0.01 seconds.
2022-08-09 10:45:38.057 *** Get cell color spent 0.12 seconds.
2022-08-09 10:45:43.480 *** Mouse movement ***  Mouse coords: (601, 547) (37677, 58365)
2022-08-09 10:45:43.493 *** Mouse movement ***  Mouse coords: (601, 549) (37694, 58382)
2022-08-09 10:45:43.510 *** Mouse movement ***  Mouse coords: (600, 553) (37677, 58416)
2022-08-09 10:45:43.526 *** Mouse movement ***  Mouse coords: (599, 556) (37677, 58399)
2022-08-09 10:45:43.543 *** Mouse movement ***  Mouse coords: (597, 560) (37660, 58417)
2022-08-09 10:45:43.560 *** Mouse movement ***  Mouse coords: (597, 563) (37694, 58399)
2022-08-09 10:45:43.580 *** Mouse movement ***  Mouse coords: (595, 571) (37660, 58484)
2022-08-09 10:45:43.595 *** Mouse movement ***  Mouse coords: (594, 574) (37677, 58399)
2022-08-09 10:45:43.609 *** Mouse movement ***  Mouse coords: (593, 578) (37677, 58417)
2022-08-09 10:45:43.626 *** Mouse movement ***  Mouse coords: (592, 580) (37677, 58382)
2022-08-09 10:45:44.217 *** Process image overlay spent 0.01 seconds.
2022-08-09 10:45:44.338 *** Get cell color spent 0.12 seconds.
2022-08-09 10:45:45.462 *** Process image overlay spent 0.01 seconds.
2022-08-09 10:45:45.579 *** Get cell color spent 0.12 seconds.
2022-08-09 10:46:01.996 *** Process image overlay spent 0.02 seconds.
2022-08-09 10:46:02.110 *** Get cell color spent 0.11 seconds.
2022-08-09 10:46:03.095 *** Process image overlay spent 0.01 seconds.
2022-08-09 10:46:03.202 *** Get cell color spent 0.11 seconds.
2022-08-09 10:46:10.749 *** Process image overlay spent 0.01 seconds.
2022-08-09 10:46:10.816 *** Get cell color spent 0.07 seconds.
2022-08-09 10:46:11.330 *** Process image overlay spent 0.01 seconds.
2022-08-09 10:46:11.374 *** Get cell color spent 0.04 seconds.
2022-08-09 10:46:38.618 *** Program closed.
