2022-08-12 11:01:20.925 *** Start program *** Start program
2022-08-12 11:01:30.875 *** Open case *** /media/zhihuang/Drive14/Google_Colon_lnm_pos_2015_slides/slides/S0425
2022-08-12 11:01:32.784 *** Open processed data
2022-08-12 11:01:32.785 *** Preload all statistics at once.
2022-08-12 11:01:33.591 *** Nuclei stat data loaded, took 0.81 seconds. Total number of nuclei: 954361
2022-08-12 11:01:37.227 *** Process image overlay spent 0.00 seconds.
2022-08-12 11:01:37.284 *** Get cell color spent 0.06 seconds.
2022-08-12 11:01:37.369 *** Process image overlay spent 0.00 seconds.
2022-08-12 11:01:37.415 *** Get cell color spent 0.05 seconds.
2022-08-12 11:01:37.839 *** Process image overlay spent 0.00 seconds.
2022-08-12 11:01:37.853 *** Get cell color spent 0.01 seconds.
2022-08-12 11:01:37.908 *** Process image overlay spent 0.00 seconds.
2022-08-12 11:01:37.913 *** Get cell color spent 0.00 seconds.
2022-08-12 11:01:37.994 *** Process image overlay spent 0.00 seconds.
2022-08-12 11:01:37.998 *** Get cell color spent 0.00 seconds.
2022-08-12 11:01:44.607 *** Mouse movement (LeftButton) ***  Mouse coords: (404, 131) (21092, 46953)
2022-08-12 11:01:44.615 *** Mouse movement (LeftButton) ***  Mouse coords: (405, 132) (21095, 46956)
2022-08-12 11:01:44.622 *** Mouse movement (LeftButton) ***  Mouse coords: (405, 133) (21095, 46959)
2022-08-12 11:01:44.635 *** Mouse movement (LeftButton) ***  Mouse coords: (408, 135) (21105, 46965)
2022-08-12 11:01:44.651 *** Mouse movement (LeftButton) ***  Mouse coords: (412, 138) (21118, 46975)
2022-08-12 11:01:44.668 *** Mouse movement (LeftButton) ***  Mouse coords: (441, 148) (21210, 47007)
2022-08-12 11:01:44.685 *** Mouse movement (LeftButton) ***  Mouse coords: (450, 151) (21239, 47016)
2022-08-12 11:01:44.702 *** Mouse movement (LeftButton) ***  Mouse coords: (463, 155) (21280, 47029)
2022-08-12 11:01:44.718 *** Mouse movement (LeftButton) ***  Mouse coords: (471, 158) (21306, 47039)
2022-08-12 11:01:44.735 *** Mouse movement (LeftButton) ***  Mouse coords: (475, 160) (21318, 47045)
2022-08-12 11:01:44.751 *** Mouse movement (LeftButton) ***  Mouse coords: (477, 163) (21325, 47055)
2022-08-12 11:01:44.768 *** Mouse movement (LeftButton) ***  Mouse coords: (481, 166) (21337, 47064)
2022-08-12 11:01:44.785 *** Mouse movement (LeftButton) ***  Mouse coords: (486, 169) (21353, 47074)
2022-08-12 11:01:44.801 *** Mouse movement (LeftButton) ***  Mouse coords: (490, 171) (21366, 47080)
2022-08-12 11:01:44.818 *** Mouse movement (LeftButton) ***  Mouse coords: (499, 174) (21395, 47090)
2022-08-12 11:01:44.835 *** Mouse movement (LeftButton) ***  Mouse coords: (501, 175) (21401, 47093)
2022-08-12 11:01:44.851 *** Mouse movement (LeftButton) ***  Mouse coords: (502, 176) (21404, 47096)
2022-08-12 11:01:46.209 *** Interactive label *** Apply to case start.
2022-08-12 11:01:46.678 *** Mouse movement (LeftButton) ***  Mouse coords: (707, 141) (22057, 46985)
2022-08-12 11:01:46.704 *** Mouse movement (LeftButton) ***  Mouse coords: (712, 152) (22073, 47020)
2022-08-12 11:01:46.720 *** Mouse movement (LeftButton) ***  Mouse coords: (723, 168) (22108, 47070)
2022-08-12 11:01:46.735 *** Mouse movement (LeftButton) ***  Mouse coords: (736, 181) (22149, 47112)
2022-08-12 11:01:46.751 *** Mouse movement (LeftButton) ***  Mouse coords: (744, 188) (22175, 47134)
2022-08-12 11:01:46.768 *** Mouse movement (LeftButton) ***  Mouse coords: (754, 196) (22206, 47160)
2022-08-12 11:01:46.784 *** Mouse movement (LeftButton) ***  Mouse coords: (758, 199) (22219, 47169)
2022-08-12 11:01:46.805 *** Mouse movement (LeftButton) ***  Mouse coords: (760, 200) (22225, 47172)
2022-08-12 11:01:46.818 *** Mouse movement (LeftButton) ***  Mouse coords: (762, 204) (22232, 47185)
2022-08-12 11:01:46.835 *** Mouse movement (LeftButton) ***  Mouse coords: (763, 205) (22235, 47188)
2022-08-12 11:01:46.851 *** Mouse movement (LeftButton) ***  Mouse coords: (764, 207) (22238, 47195)
2022-08-12 11:01:46.872 *** Mouse movement (LeftButton) ***  Mouse coords: (764, 208) (22238, 47198)
2022-08-12 11:01:46.910 *** Mouse movement (LeftButton) ***  Mouse coords: (765, 208) (22241, 47198)
2022-08-12 11:01:46.927 *** Mouse movement (LeftButton) ***  Mouse coords: (765, 210) (22241, 47204)
2022-08-12 11:01:46.942 *** Mouse movement (LeftButton) ***  Mouse coords: (767, 211) (22248, 47207)
2022-08-12 11:01:46.951 *** Mouse movement (LeftButton) ***  Mouse coords: (767, 212) (22248, 47211)
2022-08-12 11:01:47.000 *** Mouse movement (LeftButton) ***  Mouse coords: (768, 213) (22251, 47214)
2022-08-12 11:01:47.017 *** Mouse movement (LeftButton) ***  Mouse coords: (769, 214) (22254, 47217)
2022-08-12 11:01:47.034 *** Mouse movement (LeftButton) ***  Mouse coords: (770, 215) (22257, 47220)
2022-08-12 11:01:47.051 *** Mouse movement (LeftButton) ***  Mouse coords: (770, 216) (22257, 47223)
2022-08-12 11:01:48.950 *** Interactive label *** Apply to case start.
