2022-08-09 10:46:56.927 *** Start program *** Start program
2022-08-09 10:47:05.344 *** Open processed data
2022-08-09 10:47:05.345 *** Preload all statistics at once.
2022-08-09 10:47:06.471 *** Nuclei stat data loaded, took 1.13 seconds. Total number of nuclei: 1470268
2022-08-09 10:47:11.297 *** Mouse movement ***  Mouse coords: (896, 248) (38225, 59798)
2022-08-09 10:47:11.311 *** Mouse movement ***  Mouse coords: (896, 249) (38225, 59799)
2022-08-09 10:47:11.326 *** Mouse movement ***  Mouse coords: (895, 258) (38195, 60038)
2022-08-09 10:47:11.343 *** Mouse movement ***  Mouse coords: (890, 286) (38076, 60605)
2022-08-09 10:47:11.359 *** Mouse movement ***  Mouse coords: (884, 322) (38045, 60844)
2022-08-09 10:47:11.376 *** Mouse movement ***  Mouse coords: (882, 343) (38166, 60396)
2022-08-09 10:47:11.393 *** Mouse movement ***  Mouse coords: (876, 378) (38046, 60814)
2022-08-09 10:47:11.410 *** Mouse movement ***  Mouse coords: (869, 407) (38016, 60634)
2022-08-09 10:47:11.430 *** Mouse movement ***  Mouse coords: (863, 427) (38045, 60366)
2022-08-09 10:47:11.443 *** Mouse movement ***  Mouse coords: (859, 436) (38106, 60038)
2022-08-09 10:47:11.460 *** Mouse movement ***  Mouse coords: (857, 442) (38165, 59948)
2022-08-09 10:47:11.476 *** Mouse movement ***  Mouse coords: (856, 443) (38195, 59799)
2022-08-09 10:47:12.032 *** Process image overlay spent 0.01 seconds.
2022-08-09 10:47:12.161 *** Get cell color spent 0.13 seconds.
2022-08-09 10:47:12.189 *** Process image overlay spent 0.01 seconds.
2022-08-09 10:47:12.308 *** Get cell color spent 0.12 seconds.
