2022-08-11 21:02:35.135 *** Start program *** Start program
2022-08-11 21:02:47.712 *** Open case *** /media/zhihuang/Drive3/Google_Colon_lnm_pos_2015_slides/slides/S1054
2022-08-11 21:02:51.029 *** Open processed data
2022-08-11 21:02:51.030 *** Preload all statistics at once.
2022-08-11 21:02:51.367 *** Nuclei stat data loaded, took 0.34 seconds. Total number of nuclei: 230851
2022-08-11 21:02:58.419 *** Process image overlay spent 0.00 seconds.
2022-08-11 21:02:58.470 *** Get cell color spent 0.05 seconds.
2022-08-11 21:02:58.647 *** Process image overlay spent 0.00 seconds.
2022-08-11 21:02:58.668 *** Get cell color spent 0.02 seconds.
2022-08-11 21:02:59.507 *** Process image overlay spent 0.00 seconds.
2022-08-11 21:02:59.518 *** Get cell color spent 0.01 seconds.
2022-08-11 21:02:59.646 *** Process image overlay spent 0.00 seconds.
2022-08-11 21:02:59.654 *** Get cell color spent 0.01 seconds.
2022-08-11 21:03:00.087 *** Process image overlay spent 0.00 seconds.
2022-08-11 21:03:00.093 *** Get cell color spent 0.01 seconds.
2022-08-11 21:03:00.284 *** Process image overlay spent 0.00 seconds.
2022-08-11 21:03:00.286 *** Get cell color spent 0.00 seconds.
2022-08-11 21:03:00.330 *** Process image overlay spent 0.00 seconds.
2022-08-11 21:03:00.332 *** Get cell color spent 0.00 seconds.
2022-08-11 21:03:01.926 *** Mouse movement (LeftButton) ***  Mouse coords: (640, 180) (72687, 51841)
2022-08-11 21:03:01.933 *** Mouse movement (LeftButton) ***  Mouse coords: (640, 181) (72687, 51842)
2022-08-11 21:03:01.950 *** Mouse movement (LeftButton) ***  Mouse coords: (647, 189) (72694, 51851)
2022-08-11 21:03:01.967 *** Mouse movement (LeftButton) ***  Mouse coords: (666, 205) (72714, 51867)
2022-08-11 21:03:01.984 *** Mouse movement (LeftButton) ***  Mouse coords: (695, 225) (72744, 51888)
2022-08-11 21:03:02.001 *** Mouse movement (LeftButton) ***  Mouse coords: (728, 241) (72779, 51905)
2022-08-11 21:03:02.017 *** Mouse movement (LeftButton) ***  Mouse coords: (753, 252) (72805, 51916)
2022-08-11 21:03:02.033 *** Mouse movement (LeftButton) ***  Mouse coords: (773, 261) (72825, 51925)
2022-08-11 21:03:02.050 *** Mouse movement (LeftButton) ***  Mouse coords: (781, 265) (72834, 51929)
2022-08-11 21:03:02.067 *** Mouse movement (LeftButton) ***  Mouse coords: (784, 267) (72837, 51932)
2022-08-11 21:03:02.083 *** Mouse movement (LeftButton) ***  Mouse coords: (787, 274) (72840, 51939)
2022-08-11 21:03:02.100 *** Mouse movement (LeftButton) ***  Mouse coords: (790, 282) (72843, 51947)
2022-08-11 21:03:02.117 *** Mouse movement (LeftButton) ***  Mouse coords: (793, 287) (72846, 51952)
2022-08-11 21:03:02.134 *** Mouse movement (LeftButton) ***  Mouse coords: (795, 290) (72848, 51955)
2022-08-11 21:03:02.150 *** Mouse movement (LeftButton) ***  Mouse coords: (795, 291) (72848, 51957)
2022-08-11 21:03:02.196 *** Mouse movement (LeftButton) ***  Mouse coords: (795, 292) (72848, 51958)
2022-08-11 21:03:02.203 *** Mouse movement (LeftButton) ***  Mouse coords: (796, 292) (72849, 51958)
2022-08-11 21:03:02.217 *** Mouse movement (LeftButton) ***  Mouse coords: (796, 297) (72849, 51963)
2022-08-11 21:03:02.234 *** Mouse movement (LeftButton) ***  Mouse coords: (797, 300) (72850, 51966)
2022-08-11 21:03:08.736 *** Mouse movement (LeftButton) ***  Mouse coords: (643, 168) (72690, 51829)
2022-08-11 21:03:08.743 *** Mouse movement (LeftButton) ***  Mouse coords: (644, 170) (72691, 51831)
2022-08-11 21:03:08.751 *** Mouse movement (LeftButton) ***  Mouse coords: (648, 180) (72696, 51841)
2022-08-11 21:03:08.767 *** Mouse movement (LeftButton) ***  Mouse coords: (665, 205) (72713, 51867)
2022-08-11 21:03:08.784 *** Mouse movement (LeftButton) ***  Mouse coords: (676, 219) (72725, 51882)
2022-08-11 21:03:08.800 *** Mouse movement (LeftButton) ***  Mouse coords: (691, 235) (72740, 51898)
2022-08-11 21:03:08.817 *** Mouse movement (LeftButton) ***  Mouse coords: (709, 250) (72759, 51914)
2022-08-11 21:03:08.833 *** Mouse movement (LeftButton) ***  Mouse coords: (725, 260) (72776, 51924)
2022-08-11 21:03:08.850 *** Mouse movement (LeftButton) ***  Mouse coords: (731, 263) (72782, 51927)
2022-08-11 21:03:08.867 *** Mouse movement (LeftButton) ***  Mouse coords: (736, 267) (72787, 51932)
2022-08-11 21:03:08.884 *** Mouse movement (LeftButton) ***  Mouse coords: (742, 274) (72793, 51939)
2022-08-11 21:03:08.900 *** Mouse movement (LeftButton) ***  Mouse coords: (747, 278) (72798, 51943)
2022-08-11 21:03:08.917 *** Mouse movement (LeftButton) ***  Mouse coords: (757, 281) (72809, 51946)
2022-08-11 21:03:08.934 *** Mouse movement (LeftButton) ***  Mouse coords: (761, 282) (72813, 51947)
2022-08-11 21:03:08.950 *** Mouse movement (LeftButton) ***  Mouse coords: (764, 282) (72816, 51947)
2022-08-11 21:03:08.967 *** Mouse movement (LeftButton) ***  Mouse coords: (765, 282) (72817, 51947)
2022-08-11 21:03:09.058 *** Mouse movement (LeftButton) ***  Mouse coords: (766, 282) (72818, 51947)
2022-08-11 21:03:09.069 *** Mouse movement (LeftButton) ***  Mouse coords: (767, 282) (72819, 51947)
2022-08-11 21:03:09.084 *** Mouse movement (LeftButton) ***  Mouse coords: (771, 283) (72823, 51948)
2022-08-11 21:03:09.100 *** Mouse movement (LeftButton) ***  Mouse coords: (777, 285) (72830, 51950)
2022-08-11 21:03:09.117 *** Mouse movement (LeftButton) ***  Mouse coords: (782, 287) (72835, 51952)
2022-08-11 21:03:09.134 *** Mouse movement (LeftButton) ***  Mouse coords: (800, 294) (72853, 51960)
2022-08-11 21:03:09.150 *** Mouse movement (LeftButton) ***  Mouse coords: (809, 296) (72863, 51962)
2022-08-11 21:03:09.167 *** Mouse movement (LeftButton) ***  Mouse coords: (811, 296) (72865, 51962)
2022-08-11 21:03:11.906 *** Process image overlay spent 0.00 seconds.
2022-08-11 21:03:11.911 *** Get cell color spent 0.01 seconds.
2022-08-11 21:03:12.029 *** Process image overlay spent 0.00 seconds.
2022-08-11 21:03:12.032 *** Get cell color spent 0.00 seconds.
2022-08-11 21:03:12.993 *** Process image overlay spent 0.00 seconds.
2022-08-11 21:03:12.997 *** Get cell color spent 0.00 seconds.
2022-08-11 21:03:13.048 *** Process image overlay spent 0.00 seconds.
2022-08-11 21:03:13.050 *** Get cell color spent 0.00 seconds.
2022-08-11 21:03:13.581 *** Mouse movement (LeftButton) ***  Mouse coords: (207, 548) (71969, 52317)
2022-08-11 21:03:13.588 *** Mouse movement (LeftButton) ***  Mouse coords: (207, 550) (71969, 52319)
2022-08-11 21:03:13.600 *** Mouse movement (LeftButton) ***  Mouse coords: (210, 557) (71972, 52326)
2022-08-11 21:03:13.617 *** Mouse movement (LeftButton) ***  Mouse coords: (215, 565) (71977, 52334)
2022-08-11 21:03:13.633 *** Mouse movement (LeftButton) ***  Mouse coords: (233, 584) (71996, 52354)
2022-08-11 21:03:13.650 *** Mouse movement (LeftButton) ***  Mouse coords: (248, 598) (72012, 52369)
2022-08-11 21:03:13.667 *** Mouse movement (LeftButton) ***  Mouse coords: (263, 610) (72027, 52381)
2022-08-11 21:03:13.683 *** Mouse movement (LeftButton) ***  Mouse coords: (274, 620) (72039, 52391)
2022-08-11 21:03:13.700 *** Mouse movement (LeftButton) ***  Mouse coords: (291, 634) (72056, 52406)
2022-08-11 21:03:13.717 *** Mouse movement (LeftButton) ***  Mouse coords: (304, 645) (72070, 52417)
2022-08-11 21:03:13.733 *** Mouse movement (LeftButton) ***  Mouse coords: (309, 649) (72075, 52422)
2022-08-11 21:03:13.750 *** Mouse movement (LeftButton) ***  Mouse coords: (315, 654) (72081, 52427)
2022-08-11 21:03:13.767 *** Mouse movement (LeftButton) ***  Mouse coords: (322, 660) (72089, 52433)
2022-08-11 21:03:13.783 *** Mouse movement (LeftButton) ***  Mouse coords: (328, 666) (72095, 52439)
2022-08-11 21:03:13.800 *** Mouse movement (LeftButton) ***  Mouse coords: (331, 668) (72098, 52441)
2022-08-11 21:03:13.817 *** Mouse movement (LeftButton) ***  Mouse coords: (331, 669) (72098, 52442)
2022-08-11 21:03:13.858 *** Mouse movement (LeftButton) ***  Mouse coords: (331, 670) (72098, 52443)
2022-08-11 21:03:13.866 *** Mouse movement (LeftButton) ***  Mouse coords: (332, 671) (72099, 52444)
2022-08-11 21:03:13.884 *** Mouse movement (LeftButton) ***  Mouse coords: (334, 673) (72101, 52447)
2022-08-11 21:03:13.900 *** Mouse movement (LeftButton) ***  Mouse coords: (336, 676) (72103, 52450)
2022-08-11 21:03:13.917 *** Mouse movement (LeftButton) ***  Mouse coords: (339, 679) (72106, 52453)
2022-08-11 21:03:13.933 *** Mouse movement (LeftButton) ***  Mouse coords: (342, 681) (72109, 52455)
2022-08-11 21:03:13.951 *** Mouse movement (LeftButton) ***  Mouse coords: (343, 683) (72110, 52457)
2022-08-11 21:03:13.967 *** Mouse movement (LeftButton) ***  Mouse coords: (347, 686) (72115, 52460)
2022-08-11 21:03:13.984 *** Mouse movement (LeftButton) ***  Mouse coords: (350, 688) (72118, 52462)
2022-08-11 21:03:14.001 *** Mouse movement (LeftButton) ***  Mouse coords: (352, 690) (72120, 52464)
2022-08-11 21:03:14.017 *** Mouse movement (LeftButton) ***  Mouse coords: (353, 690) (72121, 52464)
2022-08-11 21:03:16.212 *** Mouse movement (LeftButton) ***  Mouse coords: (447, 606) (72219, 52377)
2022-08-11 21:03:16.225 *** Mouse movement (LeftButton) ***  Mouse coords: (466, 619) (72238, 52390)
2022-08-11 21:03:16.235 *** Mouse movement (LeftButton) ***  Mouse coords: (479, 630) (72252, 52402)
2022-08-11 21:03:16.251 *** Mouse movement (LeftButton) ***  Mouse coords: (502, 642) (72276, 52414)
2022-08-11 21:03:16.267 *** Mouse movement (LeftButton) ***  Mouse coords: (525, 658) (72300, 52431)
2022-08-11 21:03:16.283 *** Mouse movement (LeftButton) ***  Mouse coords: (537, 668) (72312, 52441)
2022-08-11 21:03:16.300 *** Mouse movement (LeftButton) ***  Mouse coords: (544, 674) (72319, 52448)
2022-08-11 21:03:16.317 *** Mouse movement (LeftButton) ***  Mouse coords: (547, 678) (72323, 52452)
2022-08-11 21:03:16.333 *** Mouse movement (LeftButton) ***  Mouse coords: (549, 681) (72325, 52455)
2022-08-11 21:03:20.774 *** CACHEDIR=/home/zhihuang/.cache/matplotlib
2022-08-11 21:03:20.776 *** Using fontManager instance from /home/zhihuang/.cache/matplotlib/fontlist-v330.json
2022-08-11 21:03:21.224 *** Loaded backend qtagg version unknown.
2022-08-11 21:05:37.932 *** Program closed.
2022-08-11 21:05:37.935 *** Program closed.
