2022-09-09 02:09:22.557 *** Start program *** Start program
2022-09-09 02:09:32.038 *** starting thread (client mode): 0xceb78bb0
2022-09-09 02:09:32.039 *** Local version/idstring: SSH-2.0-paramiko_2.11.0
2022-09-09 02:09:32.058 *** Remote version/idstring: SSH-2.0-OpenSSH_5.3
2022-09-09 02:09:32.058 *** Connected (version 2.0, client OpenSSH_5.3)
2022-09-09 02:09:32.079 *** === Key exchange possibilities ===
2022-09-09 02:09:32.079 *** kex algos: diffie-hellman-group-exchange-sha256, diffie-hellman-group-exchange-sha1, diffie-hellman-group14-sha1, diffie-hellman-group1-sha1
2022-09-09 02:09:32.079 *** server key: ssh-rsa, ssh-rsa-cert-v01@openssh.com, ssh-dss
2022-09-09 02:09:32.079 *** client encrypt: aes128-ctr, aes192-ctr, aes256-ctr, arcfour256, arcfour128, aes128-cbc, 3des-cbc, blowfish-cbc, cast128-cbc, aes192-cbc, aes256-cbc, arcfour, rijndael-cbc@lysator.liu.se
2022-09-09 02:09:32.079 *** server encrypt: aes128-ctr, aes192-ctr, aes256-ctr, arcfour256, arcfour128, aes128-cbc, 3des-cbc, blowfish-cbc, cast128-cbc, aes192-cbc, aes256-cbc, arcfour, rijndael-cbc@lysator.liu.se
2022-09-09 02:09:32.079 *** client mac: hmac-md5, hmac-sha1, umac-64@openssh.com, hmac-sha2-256, hmac-sha2-512, hmac-ripemd160, hmac-ripemd160@openssh.com, hmac-sha1-96, hmac-md5-96
2022-09-09 02:09:32.079 *** server mac: hmac-md5, hmac-sha1, umac-64@openssh.com, hmac-sha2-256, hmac-sha2-512, hmac-ripemd160, hmac-ripemd160@openssh.com, hmac-sha1-96, hmac-md5-96
2022-09-09 02:09:32.079 *** client compress: none, zlib@openssh.com
2022-09-09 02:09:32.079 *** server compress: none, zlib@openssh.com
2022-09-09 02:09:32.079 *** client lang: <none>
2022-09-09 02:09:32.080 *** server lang: <none>
2022-09-09 02:09:32.080 *** kex follows: False
2022-09-09 02:09:32.080 *** === Key exchange agreements ===
2022-09-09 02:09:32.080 *** Kex: diffie-hellman-group-exchange-sha256
2022-09-09 02:09:32.080 *** HostKey: ssh-rsa
2022-09-09 02:09:32.080 *** Cipher: aes128-ctr
2022-09-09 02:09:32.080 *** MAC: hmac-sha2-256
2022-09-09 02:09:32.080 *** Compression: none
2022-09-09 02:09:32.081 *** === End of kex handshake ===
2022-09-09 02:09:32.142 *** Got server p (2048 bits)
2022-09-09 02:09:32.222 *** kex engine KexGexSHA256 specified hash_algo <built-in function openssl_sha256>
2022-09-09 02:09:32.223 *** Switch to new keys ...
2022-09-09 02:09:32.223 *** Adding ssh-rsa host key for 173.201.181.247: b'cca345f774a2d98448d0bcc78f04075d'
2022-09-09 02:09:32.303 *** userauth is OK
2022-09-09 02:09:32.329 *** Authentication (password) successful!
2022-09-09 02:09:32.331 *** [chan 0] Max packet in: 32768 bytes
2022-09-09 02:09:32.353 *** [chan 0] Max packet out: 32768 bytes
2022-09-09 02:09:32.354 *** Secsh channel 0 opened.
2022-09-09 02:09:32.378 *** [chan 0] Sesch channel 0 request ok
2022-09-09 02:09:32.399 *** [chan 0] Opened sftp connection (server version 3)
2022-09-09 02:09:32.400 *** [chan 0] stat(b'/home/b6o162rzivzp/NucFinder_DB/CFB1B411265361DF/interactive_nuclei_dict.pickle')
2022-09-09 02:09:32.420 *** [chan 0] stat(b'/home/b6o162rzivzp/NucFinder_DB/CFB1B411265361DF/model.pickle')
2022-09-09 02:09:32.442 *** [chan 0] open(b'/home/b6o162rzivzp/NucFinder_DB/CFB1B411265361DF/model.pickle', 'rb')
2022-09-09 02:09:32.463 *** [chan 0] open(b'/home/b6o162rzivzp/NucFinder_DB/CFB1B411265361DF/model.pickle', 'rb') -> 00000000
2022-09-09 02:09:32.710 *** [chan 0] close(00000000)
2022-09-09 02:09:34.666 *** Interactive label *** Review annotations/active learning start.
2022-09-09 02:09:36.583 *** CACHEDIR=/home/zhihuang/.cache/matplotlib
2022-09-09 02:09:36.584 *** Using fontManager instance from /home/zhihuang/.cache/matplotlib/fontlist-v330.json
2022-09-09 02:09:36.965 *** Loaded backend qtagg version unknown.
