2022-09-07 21:59:00.409 *** Start program *** Start program
2022-09-07 21:59:10.825 *** starting thread (client mode): 0x35dc3880
2022-09-07 21:59:10.826 *** Local version/idstring: SSH-2.0-paramiko_2.11.0
2022-09-07 21:59:10.850 *** Remote version/idstring: SSH-2.0-OpenSSH_5.3
2022-09-07 21:59:10.850 *** Connected (version 2.0, client OpenSSH_5.3)
2022-09-07 21:59:10.869 *** === Key exchange possibilities ===
2022-09-07 21:59:10.870 *** kex algos: diffie-hellman-group-exchange-sha256, diffie-hellman-group-exchange-sha1, diffie-hellman-group14-sha1, diffie-hellman-group1-sha1
2022-09-07 21:59:10.870 *** server key: ssh-rsa, ssh-rsa-cert-v01@openssh.com, ssh-dss
2022-09-07 21:59:10.870 *** client encrypt: aes128-ctr, aes192-ctr, aes256-ctr, arcfour256, arcfour128, aes128-cbc, 3des-cbc, blowfish-cbc, cast128-cbc, aes192-cbc, aes256-cbc, arcfour, rijndael-cbc@lysator.liu.se
2022-09-07 21:59:10.870 *** server encrypt: aes128-ctr, aes192-ctr, aes256-ctr, arcfour256, arcfour128, aes128-cbc, 3des-cbc, blowfish-cbc, cast128-cbc, aes192-cbc, aes256-cbc, arcfour, rijndael-cbc@lysator.liu.se
2022-09-07 21:59:10.870 *** client mac: hmac-md5, hmac-sha1, umac-64@openssh.com, hmac-sha2-256, hmac-sha2-512, hmac-ripemd160, hmac-ripemd160@openssh.com, hmac-sha1-96, hmac-md5-96
2022-09-07 21:59:10.870 *** server mac: hmac-md5, hmac-sha1, umac-64@openssh.com, hmac-sha2-256, hmac-sha2-512, hmac-ripemd160, hmac-ripemd160@openssh.com, hmac-sha1-96, hmac-md5-96
2022-09-07 21:59:10.871 *** client compress: none, zlib@openssh.com
2022-09-07 21:59:10.871 *** server compress: none, zlib@openssh.com
2022-09-07 21:59:10.871 *** client lang: <none>
2022-09-07 21:59:10.871 *** server lang: <none>
2022-09-07 21:59:10.871 *** kex follows: False
2022-09-07 21:59:10.871 *** === Key exchange agreements ===
2022-09-07 21:59:10.871 *** Kex: diffie-hellman-group-exchange-sha256
2022-09-07 21:59:10.872 *** HostKey: ssh-rsa
2022-09-07 21:59:10.872 *** Cipher: aes128-ctr
2022-09-07 21:59:10.872 *** MAC: hmac-sha2-256
2022-09-07 21:59:10.872 *** Compression: none
2022-09-07 21:59:10.872 *** === End of kex handshake ===
2022-09-07 21:59:10.928 *** Got server p (2048 bits)
2022-09-07 21:59:11.016 *** kex engine KexGexSHA256 specified hash_algo <built-in function openssl_sha256>
2022-09-07 21:59:11.016 *** Switch to new keys ...
2022-09-07 21:59:11.017 *** Adding ssh-rsa host key for 173.201.181.247: b'cca345f774a2d98448d0bcc78f04075d'
2022-09-07 21:59:11.094 *** userauth is OK
2022-09-07 21:59:11.118 *** Authentication (password) successful!
2022-09-07 21:59:11.118 *** [chan 0] Max packet in: 32768 bytes
2022-09-07 21:59:11.137 *** [chan 0] Max packet out: 32768 bytes
2022-09-07 21:59:11.138 *** Secsh channel 0 opened.
2022-09-07 21:59:11.159 *** [chan 0] Sesch channel 0 request ok
2022-09-07 21:59:11.180 *** [chan 0] Opened sftp connection (server version 3)
2022-09-07 21:59:11.180 *** [chan 0] stat(b'/home/b6o162rzivzp/NucFinder_DB/E7F814D2456CF381/interactive_nuclei_dict.pickle')
2022-09-07 21:59:11.201 *** [chan 0] stat(b'/home/b6o162rzivzp/NucFinder_DB/E7F814D2456CF381/model.pickle')
2022-09-07 21:59:11.220 *** [chan 0] open(b'/home/b6o162rzivzp/NucFinder_DB/E7F814D2456CF381/model.pickle', 'rb')
2022-09-07 21:59:11.240 *** [chan 0] open(b'/home/b6o162rzivzp/NucFinder_DB/E7F814D2456CF381/model.pickle', 'rb') -> 00000000
2022-09-07 21:59:11.779 *** [chan 0] close(00000000)
2022-09-07 21:59:16.222 *** Interactive label *** Review annotations/active learning start.
2022-09-07 22:00:00.220 *** Program closed.
2022-09-07 22:00:00.259 *** EOF in transport thread
