2022-08-10 13:25:18.699 *** Start program *** Start program
2022-08-10 13:25:27.158 *** Open processed data
2022-08-10 13:25:28.393 *** Mouse movement ***  Mouse coords: (164, 287) (5816, 4355)
2022-08-10 13:25:28.411 *** Mouse movement ***  Mouse coords: (172, 298) (6776, 5475)
2022-08-10 13:25:28.429 *** Mouse movement ***  Mouse coords: (193, 324) (8855, 7875)
2022-08-10 13:25:28.445 *** Mouse movement ***  Mouse coords: (208, 344) (7896, 6915)
2022-08-10 13:25:28.461 *** Mouse movement ***  Mouse coords: (233, 376) (9495, 8835)
2022-08-10 13:25:28.478 *** Mouse movement ***  Mouse coords: (245, 391) (7416, 6115)
2022-08-10 13:25:28.495 *** Mouse movement ***  Mouse coords: (252, 399) (6616, 4995)
2022-08-10 13:25:28.512 *** Mouse movement ***  Mouse coords: (258, 404) (6455, 4515)
2022-08-10 13:25:28.528 *** Mouse movement ***  Mouse coords: (272, 417) (7736, 5795)
2022-08-10 13:25:28.545 *** Mouse movement ***  Mouse coords: (285, 426) (7575, 5155)
2022-08-10 13:25:28.562 *** Mouse movement ***  Mouse coords: (291, 430) (6455, 4355)
2022-08-10 13:25:28.578 *** Mouse movement ***  Mouse coords: (304, 438) (7575, 4995)
2022-08-10 13:25:28.595 *** Mouse movement ***  Mouse coords: (315, 442) (7255, 4355)
2022-08-10 13:25:28.612 *** Mouse movement ***  Mouse coords: (326, 446) (7255, 4355)
2022-08-10 13:25:28.628 *** Mouse movement ***  Mouse coords: (331, 447) (6295, 3875)
2022-08-10 13:25:28.645 *** Mouse movement ***  Mouse coords: (336, 451) (6295, 4355)
2022-08-10 13:25:28.662 *** Mouse movement ***  Mouse coords: (341, 456) (6295, 4515)
2022-08-10 13:25:28.678 *** Mouse movement ***  Mouse coords: (349, 463) (6775, 4835)
2022-08-10 13:25:28.695 *** Mouse movement ***  Mouse coords: (349, 464) (5495, 3875)
2022-08-10 13:25:34.761 *** Mouse movement ***  Mouse coords: (488, 190) (0, 0)
2022-08-10 13:25:34.770 *** Mouse movement ***  Mouse coords: (488, 191) (0, 0)
2022-08-10 13:25:34.779 *** Mouse movement ***  Mouse coords: (493, 196) (1, 0)
2022-08-10 13:25:34.796 *** Mouse movement ***  Mouse coords: (497, 200) (2, 1)
2022-08-10 13:25:34.813 *** Mouse movement ***  Mouse coords: (503, 205) (4, 3)
2022-08-10 13:25:34.829 *** Mouse movement ***  Mouse coords: (519, 221) (8, 7)
2022-08-10 13:25:34.846 *** Mouse movement ***  Mouse coords: (531, 231) (11, 9)
2022-08-10 13:25:34.863 *** Mouse movement ***  Mouse coords: (546, 245) (14, 13)
2022-08-10 13:25:34.880 *** Mouse movement ***  Mouse coords: (558, 255) (17, 15)
2022-08-10 13:25:34.896 *** Mouse movement ***  Mouse coords: (564, 261) (19, 17)
2022-08-10 13:25:34.913 *** Mouse movement ***  Mouse coords: (566, 264) (19, 17)
2022-08-10 13:25:34.930 *** Mouse movement ***  Mouse coords: (569, 269) (20, 19)
2022-08-10 13:25:34.946 *** Mouse movement ***  Mouse coords: (572, 274) (21, 20)
2022-08-10 13:25:34.963 *** Mouse movement ***  Mouse coords: (574, 277) (21, 21)
2022-08-10 13:25:34.979 *** Mouse movement ***  Mouse coords: (578, 282) (22, 22)
2022-08-10 13:25:34.996 *** Mouse movement ***  Mouse coords: (580, 286) (23, 23)
2022-08-10 13:25:35.013 *** Mouse movement ***  Mouse coords: (580, 287) (23, 23)
2022-08-10 13:25:37.581 *** Mouse movement ***  Mouse coords: (615, 309) (32, 29)
2022-08-10 13:25:37.589 *** Mouse movement ***  Mouse coords: (614, 308) (31, 28)
2022-08-10 13:25:37.613 *** Mouse movement ***  Mouse coords: (597, 296) (27, 25)
2022-08-10 13:25:37.630 *** Mouse movement ***  Mouse coords: (588, 290) (25, 24)
2022-08-10 13:25:37.646 *** Mouse movement ***  Mouse coords: (572, 280) (21, 21)
2022-08-10 13:25:37.663 *** Mouse movement ***  Mouse coords: (558, 268) (17, 18)
2022-08-10 13:25:37.680 *** Mouse movement ***  Mouse coords: (550, 259) (15, 16)
2022-08-10 13:25:37.696 *** Mouse movement ***  Mouse coords: (543, 248) (14, 13)
2022-08-10 13:25:37.713 *** Mouse movement ***  Mouse coords: (536, 235) (12, 10)
2022-08-10 13:25:37.730 *** Mouse movement ***  Mouse coords: (530, 224) (10, 7)
2022-08-10 13:25:37.746 *** Mouse movement ***  Mouse coords: (524, 215) (9, 5)
2022-08-10 13:25:37.763 *** Mouse movement ***  Mouse coords: (522, 211) (8, 4)
2022-08-10 13:25:37.780 *** Mouse movement ***  Mouse coords: (521, 210) (8, 4)
2022-08-10 13:25:37.796 *** Mouse movement ***  Mouse coords: (518, 207) (7, 3)
2022-08-10 13:25:37.813 *** Mouse movement ***  Mouse coords: (516, 204) (7, 2)
2022-08-10 13:25:37.830 *** Mouse movement ***  Mouse coords: (513, 200) (6, 1)
2022-08-10 13:25:37.846 *** Mouse movement ***  Mouse coords: (511, 198) (6, 1)
2022-08-10 13:25:37.863 *** Mouse movement ***  Mouse coords: (509, 196) (5, 0)
2022-08-10 13:25:37.879 *** Mouse movement ***  Mouse coords: (505, 192) (4, 0)
2022-08-10 13:25:37.896 *** Mouse movement ***  Mouse coords: (503, 190) (4, 0)
2022-08-10 13:25:37.913 *** Mouse movement ***  Mouse coords: (502, 190) (3, 0)
2022-08-10 13:25:37.933 *** Mouse movement ***  Mouse coords: (501, 190) (3, 0)
2022-08-10 13:25:37.946 *** Mouse movement ***  Mouse coords: (501, 189) (3, 0)
2022-08-10 13:25:37.963 *** Mouse movement ***  Mouse coords: (499, 188) (3, -1)
2022-08-10 13:25:37.979 *** Mouse movement ***  Mouse coords: (497, 187) (2, -1)
2022-08-10 13:25:37.996 *** Mouse movement ***  Mouse coords: (496, 187) (2, -1)
2022-08-10 13:25:38.016 *** Mouse movement ***  Mouse coords: (495, 187) (2, -1)
2022-08-10 13:25:38.031 *** Mouse movement ***  Mouse coords: (494, 187) (1, -1)
2022-08-10 13:25:38.046 *** Mouse movement ***  Mouse coords: (493, 187) (1, -1)
2022-08-10 13:25:38.136 *** Mouse movement ***  Mouse coords: (493, 188) (1, -1)
2022-08-10 13:25:38.151 *** Mouse movement ***  Mouse coords: (493, 189) (1, 0)
2022-08-10 13:25:38.166 *** Mouse movement ***  Mouse coords: (492, 189) (1, 0)
2022-08-10 13:25:38.181 *** Mouse movement ***  Mouse coords: (492, 190) (1, 0)
2022-08-10 13:25:38.203 *** Mouse movement ***  Mouse coords: (491, 190) (1, 0)
2022-08-10 13:25:38.263 *** Mouse movement ***  Mouse coords: (491, 191) (1, 0)
2022-08-10 13:25:38.293 *** Mouse movement ***  Mouse coords: (490, 192) (0, 0)
2022-08-10 13:25:38.316 *** Mouse movement ***  Mouse coords: (489, 192) (0, 0)
2022-08-10 13:25:40.416 *** Mouse movement ***  Mouse coords: (488, 191) (0, 0)
2022-08-10 13:25:40.425 *** Mouse movement ***  Mouse coords: (490, 194) (0, 0)
2022-08-10 13:25:40.446 *** Mouse movement ***  Mouse coords: (500, 202) (3, 2)
2022-08-10 13:25:40.463 *** Mouse movement ***  Mouse coords: (507, 208) (5, 3)
2022-08-10 13:25:40.479 *** Mouse movement ***  Mouse coords: (513, 213) (6, 5)
2022-08-10 13:25:40.496 *** Mouse movement ***  Mouse coords: (519, 216) (8, 5)
2022-08-10 13:25:40.513 *** Mouse movement ***  Mouse coords: (526, 222) (9, 7)
2022-08-10 13:25:40.529 *** Mouse movement ***  Mouse coords: (538, 231) (12, 9)
2022-08-10 13:25:40.546 *** Mouse movement ***  Mouse coords: (542, 235) (13, 10)
2022-08-10 13:25:40.563 *** Mouse movement ***  Mouse coords: (546, 238) (14, 11)
2022-08-10 13:25:40.579 *** Mouse movement ***  Mouse coords: (549, 242) (15, 12)
2022-08-10 13:25:40.596 *** Mouse movement ***  Mouse coords: (562, 256) (18, 15)
2022-08-10 13:25:40.613 *** Mouse movement ***  Mouse coords: (568, 264) (20, 17)
2022-08-10 13:25:40.629 *** Mouse movement ***  Mouse coords: (577, 273) (22, 20)
2022-08-10 13:25:40.646 *** Mouse movement ***  Mouse coords: (585, 280) (24, 21)
2022-08-10 13:25:40.663 *** Mouse movement ***  Mouse coords: (588, 284) (25, 22)
2022-08-10 13:25:40.679 *** Mouse movement ***  Mouse coords: (593, 290) (26, 24)
2022-08-10 13:25:40.696 *** Mouse movement ***  Mouse coords: (597, 294) (27, 25)
2022-08-10 13:25:40.712 *** Mouse movement ***  Mouse coords: (600, 297) (28, 26)
2022-08-10 13:25:40.729 *** Mouse movement ***  Mouse coords: (602, 300) (28, 26)
2022-08-10 13:25:40.746 *** Mouse movement ***  Mouse coords: (607, 307) (30, 28)
2022-08-10 13:25:40.762 *** Mouse movement ***  Mouse coords: (610, 311) (30, 29)
2022-08-10 13:25:40.779 *** Mouse movement ***  Mouse coords: (612, 313) (31, 30)
2022-08-10 13:25:40.796 *** Mouse movement ***  Mouse coords: (612, 314) (31, 30)
2022-08-10 13:25:44.046 *** Mouse movement ***  Mouse coords: (489, 191) (0, 0)
2022-08-10 13:25:44.055 *** Mouse movement ***  Mouse coords: (489, 192) (0, 0)
2022-08-10 13:25:44.063 *** Mouse movement ***  Mouse coords: (491, 195) (1, 0)
2022-08-10 13:25:44.080 *** Mouse movement ***  Mouse coords: (494, 199) (1, 1)
2022-08-10 13:25:44.097 *** Mouse movement ***  Mouse coords: (498, 203) (2, 2)
2022-08-10 13:25:44.114 *** Mouse movement ***  Mouse coords: (505, 211) (4, 4)
2022-08-10 13:25:44.130 *** Mouse movement ***  Mouse coords: (510, 217) (5, 6)
2022-08-10 13:25:44.146 *** Mouse movement ***  Mouse coords: (517, 223) (7, 7)
2022-08-10 13:25:44.163 *** Mouse movement ***  Mouse coords: (523, 228) (9, 8)
2022-08-10 13:25:44.180 *** Mouse movement ***  Mouse coords: (531, 235) (11, 10)
2022-08-10 13:25:44.196 *** Mouse movement ***  Mouse coords: (543, 246) (14, 13)
2022-08-10 13:25:44.213 *** Mouse movement ***  Mouse coords: (553, 256) (16, 15)
2022-08-10 13:25:44.230 *** Mouse movement ***  Mouse coords: (559, 263) (18, 17)
2022-08-10 13:25:44.246 *** Mouse movement ***  Mouse coords: (566, 269) (19, 19)
2022-08-10 13:25:44.263 *** Mouse movement ***  Mouse coords: (575, 277) (22, 21)
2022-08-10 13:25:44.279 *** Mouse movement ***  Mouse coords: (589, 290) (25, 24)
2022-08-10 13:25:44.296 *** Mouse movement ***  Mouse coords: (596, 296) (27, 25)
2022-08-10 13:25:44.313 *** Mouse movement ***  Mouse coords: (608, 308) (30, 28)
2022-08-10 13:25:44.330 *** Mouse movement ***  Mouse coords: (620, 320) (33, 31)
2022-08-10 13:25:44.348 *** Mouse movement ***  Mouse coords: (629, 326) (35, 33)
2022-08-10 13:25:44.363 *** Mouse movement ***  Mouse coords: (635, 331) (37, 34)
2022-08-10 13:25:44.379 *** Mouse movement ***  Mouse coords: (638, 334) (37, 35)
2022-08-10 13:25:44.396 *** Mouse movement ***  Mouse coords: (640, 336) (38, 35)
2022-08-10 13:25:44.413 *** Mouse movement ***  Mouse coords: (642, 338) (38, 36)
2022-08-10 13:25:44.429 *** Mouse movement ***  Mouse coords: (644, 342) (39, 37)
2022-08-10 13:25:44.446 *** Mouse movement ***  Mouse coords: (646, 344) (39, 37)
2022-08-10 13:25:44.463 *** Mouse movement ***  Mouse coords: (647, 346) (40, 38)
2022-08-10 13:25:44.482 *** Mouse movement ***  Mouse coords: (649, 349) (40, 39)
2022-08-10 13:25:44.495 *** Mouse movement ***  Mouse coords: (651, 352) (41, 39)
2022-08-10 13:25:44.512 *** Mouse movement ***  Mouse coords: (655, 356) (42, 40)
2022-08-10 13:25:44.529 *** Mouse movement ***  Mouse coords: (657, 361) (42, 42)
2022-08-10 13:25:44.545 *** Mouse movement ***  Mouse coords: (659, 363) (43, 42)
2022-08-10 13:25:44.563 *** Mouse movement ***  Mouse coords: (661, 365) (43, 43)
2022-08-10 13:25:44.579 *** Mouse movement ***  Mouse coords: (661, 366) (43, 43)
2022-08-10 13:25:46.551 *** Mouse movement ***  Mouse coords: (482, 185) (-1, -1)
2022-08-10 13:25:46.560 *** Mouse movement ***  Mouse coords: (483, 187) (0, -1)
2022-08-10 13:25:46.579 *** Mouse movement ***  Mouse coords: (490, 199) (0, 1)
2022-08-10 13:25:46.596 *** Mouse movement ***  Mouse coords: (509, 224) (5, 7)
2022-08-10 13:25:46.613 *** Mouse movement ***  Mouse coords: (524, 244) (9, 12)
2022-08-10 13:25:46.629 *** Mouse movement ***  Mouse coords: (536, 255) (12, 15)
2022-08-10 13:25:46.646 *** Mouse movement ***  Mouse coords: (554, 271) (16, 19)
2022-08-10 13:25:46.664 *** Mouse movement ***  Mouse coords: (573, 287) (21, 23)
2022-08-10 13:25:46.679 *** Mouse movement ***  Mouse coords: (578, 292) (22, 24)
2022-08-10 13:25:46.696 *** Mouse movement ***  Mouse coords: (583, 296) (24, 25)
2022-08-10 13:25:46.713 *** Mouse movement ***  Mouse coords: (585, 299) (24, 26)
2022-08-10 13:25:46.729 *** Mouse movement ***  Mouse coords: (586, 301) (24, 27)
2022-08-10 13:25:46.746 *** Mouse movement ***  Mouse coords: (587, 302) (25, 27)
2022-08-10 13:25:48.508 *** Mouse movement ***  Mouse coords: (433, 138) (-13, -13)
2022-08-10 13:25:48.516 *** Mouse movement ***  Mouse coords: (434, 139) (-13, -13)
2022-08-10 13:25:48.529 *** Mouse movement ***  Mouse coords: (435, 140) (-12, -13)
2022-08-10 13:25:48.546 *** Mouse movement ***  Mouse coords: (439, 145) (-11, -11)
2022-08-10 13:25:48.563 *** Mouse movement ***  Mouse coords: (442, 148) (-11, -11)
2022-08-10 13:25:48.579 *** Mouse movement ***  Mouse coords: (445, 152) (-10, -10)
2022-08-10 13:25:48.596 *** Mouse movement ***  Mouse coords: (449, 154) (-9, -9)
2022-08-10 13:25:48.613 *** Mouse movement ***  Mouse coords: (454, 159) (-8, -8)
2022-08-10 13:25:48.629 *** Mouse movement ***  Mouse coords: (459, 164) (-6, -7)
2022-08-10 13:25:48.646 *** Mouse movement ***  Mouse coords: (462, 168) (-6, -6)
2022-08-10 13:25:48.663 *** Mouse movement ***  Mouse coords: (469, 176) (-4, -4)
2022-08-10 13:25:48.679 *** Mouse movement ***  Mouse coords: (477, 185) (-2, -1)
2022-08-10 13:25:48.696 *** Mouse movement ***  Mouse coords: (482, 191) (-1, 0)
2022-08-10 13:25:48.712 *** Mouse movement ***  Mouse coords: (485, 195) (0, 0)
2022-08-10 13:25:48.729 *** Mouse movement ***  Mouse coords: (486, 196) (0, 0)
2022-08-10 13:25:48.786 *** Mouse movement ***  Mouse coords: (486, 197) (0, 1)
2022-08-10 13:25:49.011 *** Mouse movement ***  Mouse coords: (486, 196) (0, 0)
2022-08-10 13:25:49.184 *** Mouse movement ***  Mouse coords: (486, 195) (0, 0)
2022-08-10 13:25:49.326 *** Mouse movement ***  Mouse coords: (486, 194) (0, 0)
2022-08-10 13:25:49.394 *** Mouse movement ***  Mouse coords: (486, 193) (0, 0)
2022-08-10 13:25:49.589 *** Mouse movement ***  Mouse coords: (486, 192) (0, 0)
2022-08-10 13:25:49.753 *** Mouse movement ***  Mouse coords: (486, 191) (0, 0)
2022-08-10 13:25:52.753 *** Mouse movement ***  Mouse coords: (406, 130) (-20, -15)
2022-08-10 13:25:52.761 *** Mouse movement ***  Mouse coords: (407, 131) (-19, -15)
2022-08-10 13:25:52.779 *** Mouse movement ***  Mouse coords: (409, 134) (-19, -14)
2022-08-10 13:25:52.796 *** Mouse movement ***  Mouse coords: (414, 137) (-18, -13)
2022-08-10 13:25:52.813 *** Mouse movement ***  Mouse coords: (417, 138) (-17, -13)
2022-08-10 13:25:52.829 *** Mouse movement ***  Mouse coords: (423, 142) (-15, -12)
2022-08-10 13:25:52.846 *** Mouse movement ***  Mouse coords: (426, 144) (-15, -12)
2022-08-10 13:25:52.863 *** Mouse movement ***  Mouse coords: (432, 149) (-13, -10)
2022-08-10 13:25:52.879 *** Mouse movement ***  Mouse coords: (438, 154) (-12, -9)
2022-08-10 13:25:52.896 *** Mouse movement ***  Mouse coords: (454, 165) (-8, -6)
2022-08-10 13:25:52.913 *** Mouse movement ***  Mouse coords: (462, 169) (-6, -5)
2022-08-10 13:25:52.929 *** Mouse movement ***  Mouse coords: (469, 173) (-4, -4)
2022-08-10 13:25:52.946 *** Mouse movement ***  Mouse coords: (475, 175) (-2, -4)
2022-08-10 13:25:52.963 *** Mouse movement ***  Mouse coords: (476, 176) (-2, -4)
2022-08-10 13:25:53.076 *** Mouse movement ***  Mouse coords: (476, 177) (-2, -3)
2022-08-10 13:25:53.083 *** Mouse movement ***  Mouse coords: (477, 177) (-2, -3)
2022-08-10 13:25:53.095 *** Mouse movement ***  Mouse coords: (477, 178) (-2, -3)
2022-08-10 13:25:53.113 *** Mouse movement ***  Mouse coords: (478, 179) (-2, -3)
2022-08-10 13:25:53.129 *** Mouse movement ***  Mouse coords: (480, 181) (-1, -2)
2022-08-10 13:25:53.146 *** Mouse movement ***  Mouse coords: (481, 183) (-1, -2)
2022-08-10 13:25:53.163 *** Mouse movement ***  Mouse coords: (482, 184) (-1, -2)
2022-08-10 13:25:53.179 *** Mouse movement ***  Mouse coords: (485, 187) (0, -1)
2022-08-10 13:25:53.196 *** Mouse movement ***  Mouse coords: (488, 189) (0, 0)
2022-08-10 13:25:53.213 *** Mouse movement ***  Mouse coords: (489, 190) (0, 0)
2022-08-10 13:25:53.699 *** Mouse movement ***  Mouse coords: (489, 191) (0, 0)
2022-08-10 13:25:56.616 *** Mouse movement ***  Mouse coords: (396, 120) (-22, -18)
2022-08-10 13:25:56.631 *** Mouse movement ***  Mouse coords: (399, 123) (-21, -17)
2022-08-10 13:25:56.647 *** Mouse movement ***  Mouse coords: (403, 131) (-20, -15)
2022-08-10 13:25:56.663 *** Mouse movement ***  Mouse coords: (407, 137) (-19, -13)
2022-08-10 13:25:56.679 *** Mouse movement ***  Mouse coords: (411, 142) (-18, -12)
2022-08-10 13:25:56.696 *** Mouse movement ***  Mouse coords: (417, 150) (-17, -10)
2022-08-10 13:25:56.713 *** Mouse movement ***  Mouse coords: (422, 157) (-16, -8)
2022-08-10 13:25:56.729 *** Mouse movement ***  Mouse coords: (433, 172) (-13, -5)
2022-08-10 13:25:56.746 *** Mouse movement ***  Mouse coords: (445, 183) (-10, -2)
2022-08-10 13:25:56.763 *** Mouse movement ***  Mouse coords: (453, 192) (-8, 0)
2022-08-10 13:25:56.779 *** Mouse movement ***  Mouse coords: (459, 197) (-6, 1)
2022-08-10 13:25:56.796 *** Mouse movement ***  Mouse coords: (467, 205) (-4, 3)
2022-08-10 13:25:56.813 *** Mouse movement ***  Mouse coords: (470, 208) (-4, 3)
2022-08-10 13:25:56.829 *** Mouse movement ***  Mouse coords: (472, 210) (-3, 4)
2022-08-10 13:25:56.846 *** Mouse movement ***  Mouse coords: (472, 211) (-3, 4)
2022-08-10 13:25:56.901 *** Mouse movement ***  Mouse coords: (473, 211) (-3, 4)
2022-08-10 13:25:56.931 *** Mouse movement ***  Mouse coords: (474, 211) (-3, 4)
2022-08-10 13:25:56.938 *** Mouse movement ***  Mouse coords: (475, 211) (-2, 4)
2022-08-10 13:25:56.946 *** Mouse movement ***  Mouse coords: (476, 211) (-2, 4)
2022-08-10 13:25:56.962 *** Mouse movement ***  Mouse coords: (479, 211) (-1, 4)
2022-08-10 13:25:56.979 *** Mouse movement ***  Mouse coords: (482, 210) (-1, 4)
2022-08-10 13:25:56.996 *** Mouse movement ***  Mouse coords: (483, 209) (0, 4)
2022-08-10 13:25:57.012 *** Mouse movement ***  Mouse coords: (484, 208) (0, 3)
2022-08-10 13:25:57.029 *** Mouse movement ***  Mouse coords: (485, 207) (0, 3)
2022-08-10 13:25:57.046 *** Mouse movement ***  Mouse coords: (486, 206) (0, 3)
2022-08-10 13:25:57.062 *** Mouse movement ***  Mouse coords: (487, 205) (0, 3)
2022-08-10 13:25:57.078 *** Mouse movement ***  Mouse coords: (487, 204) (0, 2)
2022-08-10 13:25:57.095 *** Mouse movement ***  Mouse coords: (488, 203) (0, 2)
2022-08-10 13:25:57.112 *** Mouse movement ***  Mouse coords: (489, 201) (0, 2)
2022-08-10 13:25:57.148 *** Mouse movement ***  Mouse coords: (489, 200) (0, 1)
2022-08-10 13:25:57.155 *** Mouse movement ***  Mouse coords: (490, 200) (0, 1)
2022-08-10 13:25:57.163 *** Mouse movement ***  Mouse coords: (490, 199) (0, 1)
2022-08-10 13:25:57.186 *** Mouse movement ***  Mouse coords: (490, 198) (0, 1)
2022-08-10 13:25:57.291 *** Mouse movement ***  Mouse coords: (490, 197) (0, 1)
2022-08-10 13:25:57.306 *** Mouse movement ***  Mouse coords: (490, 195) (0, 0)
2022-08-10 13:25:57.321 *** Mouse movement ***  Mouse coords: (489, 194) (0, 0)
2022-08-10 13:25:57.366 *** Mouse movement ***  Mouse coords: (489, 193) (0, 0)
2022-08-10 13:25:57.373 *** Mouse movement ***  Mouse coords: (488, 193) (0, 0)
2022-08-10 13:25:57.381 *** Mouse movement ***  Mouse coords: (488, 192) (0, 0)
2022-08-10 13:25:57.395 *** Mouse movement ***  Mouse coords: (487, 191) (0, 0)
2022-08-10 13:25:57.412 *** Mouse movement ***  Mouse coords: (485, 188) (0, -1)
2022-08-10 13:25:57.429 *** Mouse movement ***  Mouse coords: (485, 187) (0, -1)
2022-08-10 13:25:57.996 *** Mouse movement ***  Mouse coords: (485, 188) (0, -1)
2022-08-10 13:25:58.034 *** Mouse movement ***  Mouse coords: (486, 188) (0, -1)
2022-08-10 13:25:58.042 *** Mouse movement ***  Mouse coords: (486, 189) (0, 0)
2022-08-10 13:25:58.063 *** Mouse movement ***  Mouse coords: (487, 189) (0, 0)
2022-08-10 13:25:58.078 *** Mouse movement ***  Mouse coords: (487, 190) (0, 0)
2022-08-10 13:26:03.584 *** Mouse movement ***  Mouse coords: (398, 119) (-22, -18)
2022-08-10 13:26:03.592 *** Mouse movement ***  Mouse coords: (399, 120) (-21, -18)
2022-08-10 13:26:03.613 *** Mouse movement ***  Mouse coords: (405, 128) (-20, -16)
2022-08-10 13:26:03.629 *** Mouse movement ***  Mouse coords: (414, 139) (-18, -13)
2022-08-10 13:26:03.646 *** Mouse movement ***  Mouse coords: (422, 147) (-16, -11)
2022-08-10 13:26:03.663 *** Mouse movement ***  Mouse coords: (431, 157) (-13, -8)
2022-08-10 13:26:03.679 *** Mouse movement ***  Mouse coords: (438, 165) (-12, -6)
2022-08-10 13:26:03.696 *** Mouse movement ***  Mouse coords: (449, 178) (-9, -3)
2022-08-10 13:26:03.713 *** Mouse movement ***  Mouse coords: (458, 186) (-7, -1)
2022-08-10 13:26:03.729 *** Mouse movement ***  Mouse coords: (463, 191) (-5, 0)
2022-08-10 13:26:03.746 *** Mouse movement ***  Mouse coords: (469, 195) (-4, 0)
2022-08-10 13:26:03.763 *** Mouse movement ***  Mouse coords: (474, 200) (-3, 1)
2022-08-10 13:26:03.779 *** Mouse movement ***  Mouse coords: (480, 206) (-1, 3)
2022-08-10 13:26:03.796 *** Mouse movement ***  Mouse coords: (482, 208) (-1, 3)
2022-08-10 13:26:03.813 *** Mouse movement ***  Mouse coords: (483, 210) (0, 4)
2022-08-10 13:26:03.829 *** Mouse movement ***  Mouse coords: (484, 211) (0, 4)
2022-08-10 13:26:03.958 *** Mouse movement ***  Mouse coords: (485, 211) (0, 4)
2022-08-10 13:26:03.974 *** Mouse movement ***  Mouse coords: (486, 211) (0, 4)
2022-08-10 13:26:03.989 *** Mouse movement ***  Mouse coords: (486, 210) (0, 4)
2022-08-10 13:26:04.018 *** Mouse movement ***  Mouse coords: (486, 209) (0, 4)
2022-08-10 13:26:04.033 *** Mouse movement ***  Mouse coords: (486, 208) (0, 3)
2022-08-10 13:26:04.056 *** Mouse movement ***  Mouse coords: (486, 207) (0, 3)
2022-08-10 13:26:04.063 *** Mouse movement ***  Mouse coords: (486, 206) (0, 3)
2022-08-10 13:26:04.079 *** Mouse movement ***  Mouse coords: (486, 205) (0, 3)
2022-08-10 13:26:04.108 *** Mouse movement ***  Mouse coords: (486, 204) (0, 2)
2022-08-10 13:26:04.116 *** Mouse movement ***  Mouse coords: (486, 203) (0, 2)
2022-08-10 13:26:04.129 *** Mouse movement ***  Mouse coords: (486, 202) (0, 2)
2022-08-10 13:26:04.146 *** Mouse movement ***  Mouse coords: (486, 199) (0, 1)
2022-08-10 13:26:04.163 *** Mouse movement ***  Mouse coords: (485, 199) (0, 1)
2022-08-10 13:26:04.179 *** Mouse movement ***  Mouse coords: (485, 198) (0, 1)
2022-08-10 13:26:04.198 *** Mouse movement ***  Mouse coords: (485, 197) (0, 1)
2022-08-10 13:26:04.266 *** Mouse movement ***  Mouse coords: (485, 196) (0, 0)
2022-08-10 13:26:04.273 *** Mouse movement ***  Mouse coords: (485, 195) (0, 0)
2022-08-10 13:26:04.288 *** Mouse movement ***  Mouse coords: (485, 194) (0, 0)
2022-08-10 13:26:04.311 *** Mouse movement ***  Mouse coords: (485, 193) (0, 0)
2022-08-10 13:26:04.364 *** Mouse movement ***  Mouse coords: (485, 192) (0, 0)
2022-08-10 13:26:04.386 *** Mouse movement ***  Mouse coords: (485, 191) (0, 0)
2022-08-10 13:26:04.401 *** Mouse movement ***  Mouse coords: (485, 190) (0, 0)
2022-08-10 13:26:04.454 *** Mouse movement ***  Mouse coords: (485, 189) (0, 0)
2022-08-10 13:26:11.796 *** Mouse movement ***  Mouse coords: (401, 132) (-21, -15)
2022-08-10 13:26:11.805 *** Mouse movement ***  Mouse coords: (402, 134) (-21, -14)
2022-08-10 13:26:11.811 *** Mouse movement ***  Mouse coords: (403, 136) (-20, -14)
2022-08-10 13:26:11.830 *** Mouse movement ***  Mouse coords: (406, 139) (-20, -13)
2022-08-10 13:26:11.847 *** Mouse movement ***  Mouse coords: (410, 144) (-19, -12)
2022-08-10 13:26:11.863 *** Mouse movement ***  Mouse coords: (416, 150) (-17, -10)
2022-08-10 13:26:11.880 *** Mouse movement ***  Mouse coords: (424, 158) (-15, -8)
2022-08-10 13:26:11.896 *** Mouse movement ***  Mouse coords: (430, 163) (-14, -7)
2022-08-10 13:26:11.914 *** Mouse movement ***  Mouse coords: (434, 166) (-13, -6)
2022-08-10 13:26:11.930 *** Mouse movement ***  Mouse coords: (437, 168) (-12, -6)
2022-08-10 13:26:11.946 *** Mouse movement ***  Mouse coords: (445, 174) (-10, -4)
2022-08-10 13:26:11.963 *** Mouse movement ***  Mouse coords: (454, 181) (-8, -2)
2022-08-10 13:26:11.980 *** Mouse movement ***  Mouse coords: (459, 184) (-6, -2)
2022-08-10 13:26:11.996 *** Mouse movement ***  Mouse coords: (463, 187) (-5, -1)
2022-08-10 13:26:12.013 *** Mouse movement ***  Mouse coords: (467, 189) (-4, 0)
2022-08-10 13:26:12.029 *** Mouse movement ***  Mouse coords: (469, 191) (-4, 0)
2022-08-10 13:26:12.046 *** Mouse movement ***  Mouse coords: (470, 191) (-4, 0)
2022-08-10 13:26:12.063 *** Mouse movement ***  Mouse coords: (471, 192) (-3, 0)
2022-08-10 13:26:12.079 *** Mouse movement ***  Mouse coords: (472, 192) (-3, 0)
2022-08-10 13:26:12.096 *** Mouse movement ***  Mouse coords: (473, 193) (-3, 0)
2022-08-10 13:26:12.112 *** Mouse movement ***  Mouse coords: (474, 193) (-3, 0)
2022-08-10 13:26:12.129 *** Mouse movement ***  Mouse coords: (475, 194) (-2, 0)
2022-08-10 13:26:12.146 *** Mouse movement ***  Mouse coords: (477, 194) (-2, 0)
2022-08-10 13:26:12.162 *** Mouse movement ***  Mouse coords: (479, 194) (-1, 0)
2022-08-10 13:26:12.179 *** Mouse movement ***  Mouse coords: (483, 194) (0, 0)
2022-08-10 13:26:12.196 *** Mouse movement ***  Mouse coords: (485, 194) (0, 0)
2022-08-10 13:26:12.212 *** Mouse movement ***  Mouse coords: (486, 194) (0, 0)
2022-08-10 13:26:12.298 *** Mouse movement ***  Mouse coords: (486, 193) (0, 0)
2022-08-10 13:26:12.343 *** Mouse movement ***  Mouse coords: (486, 192) (0, 0)
2022-08-10 13:26:12.734 *** Mouse movement ***  Mouse coords: (486, 191) (0, 0)
2022-08-10 13:26:15.449 *** Mouse movement ***  Mouse coords: (487, 188) (0, -1)
2022-08-10 13:26:15.457 *** Mouse movement ***  Mouse coords: (486, 186) (0, -1)
2022-08-10 13:26:15.480 *** Mouse movement ***  Mouse coords: (468, 173) (-4, -4)
2022-08-10 13:26:15.496 *** Mouse movement ***  Mouse coords: (452, 164) (-8, -7)
2022-08-10 13:26:15.513 *** Mouse movement ***  Mouse coords: (435, 155) (-12, -9)
2022-08-10 13:26:15.530 *** Mouse movement ***  Mouse coords: (407, 141) (-19, -12)
2022-08-10 13:26:15.546 *** Mouse movement ***  Mouse coords: (374, 121) (-28, -17)
2022-08-10 13:26:15.563 *** Mouse movement ***  Mouse coords: (364, 114) (-30, -19)
2022-08-10 13:26:15.580 *** Mouse movement ***  Mouse coords: (356, 106) (-32, -21)
2022-08-10 13:26:15.596 *** Mouse movement ***  Mouse coords: (349, 96) (-34, -24)
2022-08-10 13:26:15.613 *** Mouse movement ***  Mouse coords: (347, 92) (-34, -25)
2022-08-10 13:26:15.630 *** Mouse movement ***  Mouse coords: (343, 85) (-35, -26)
2022-08-10 13:26:15.647 *** Mouse movement ***  Mouse coords: (343, 84) (-35, -27)
2022-08-10 13:26:20.902 *** Mouse movement ***  Mouse coords: (343, 80) (-35, -28)
2022-08-10 13:26:20.910 *** Mouse movement ***  Mouse coords: (343, 81) (-35, -27)
2022-08-10 13:26:20.929 *** Mouse movement ***  Mouse coords: (344, 88) (-35, -26)
2022-08-10 13:26:20.946 *** Mouse movement ***  Mouse coords: (347, 94) (-34, -24)
2022-08-10 13:26:20.963 *** Mouse movement ***  Mouse coords: (350, 99) (-34, -23)
2022-08-10 13:26:20.979 *** Mouse movement ***  Mouse coords: (353, 104) (-33, -22)
2022-08-10 13:26:20.996 *** Mouse movement ***  Mouse coords: (355, 107) (-32, -21)
2022-08-10 13:26:21.013 *** Mouse movement ***  Mouse coords: (357, 111) (-32, -20)
2022-08-10 13:26:21.029 *** Mouse movement ***  Mouse coords: (361, 118) (-31, -18)
2022-08-10 13:26:21.046 *** Mouse movement ***  Mouse coords: (362, 119) (-31, -18)
2022-08-10 13:26:21.063 *** Mouse movement ***  Mouse coords: (363, 121) (-30, -17)
2022-08-10 13:26:21.079 *** Mouse movement ***  Mouse coords: (364, 122) (-30, -17)
2022-08-10 13:26:21.096 *** Mouse movement ***  Mouse coords: (364, 123) (-30, -17)
2022-08-10 13:26:21.113 *** Mouse movement ***  Mouse coords: (365, 124) (-30, -17)
2022-08-10 13:26:21.129 *** Mouse movement ***  Mouse coords: (365, 125) (-30, -16)
2022-08-10 13:26:21.146 *** Mouse movement ***  Mouse coords: (366, 126) (-30, -16)
2022-08-10 13:26:21.163 *** Mouse movement ***  Mouse coords: (367, 128) (-29, -16)
2022-08-10 13:26:21.179 *** Mouse movement ***  Mouse coords: (369, 131) (-29, -15)
2022-08-10 13:26:21.196 *** Mouse movement ***  Mouse coords: (372, 134) (-28, -14)
2022-08-10 13:26:21.213 *** Mouse movement ***  Mouse coords: (374, 136) (-28, -14)
2022-08-10 13:26:21.230 *** Mouse movement ***  Mouse coords: (377, 139) (-27, -13)
2022-08-10 13:26:21.246 *** Mouse movement ***  Mouse coords: (382, 145) (-26, -11)
2022-08-10 13:26:21.263 *** Mouse movement ***  Mouse coords: (386, 148) (-25, -11)
2022-08-10 13:26:21.279 *** Mouse movement ***  Mouse coords: (391, 154) (-23, -9)
2022-08-10 13:26:21.296 *** Mouse movement ***  Mouse coords: (397, 159) (-22, -8)
2022-08-10 13:26:21.312 *** Mouse movement ***  Mouse coords: (404, 162) (-20, -7)
2022-08-10 13:26:21.329 *** Mouse movement ***  Mouse coords: (412, 167) (-18, -6)
2022-08-10 13:26:21.346 *** Mouse movement ***  Mouse coords: (418, 169) (-17, -5)
2022-08-10 13:26:21.362 *** Mouse movement ***  Mouse coords: (422, 171) (-16, -5)
2022-08-10 13:26:21.379 *** Mouse movement ***  Mouse coords: (429, 173) (-14, -4)
2022-08-10 13:26:21.396 *** Mouse movement ***  Mouse coords: (439, 177) (-11, -3)
2022-08-10 13:26:21.413 *** Mouse movement ***  Mouse coords: (446, 179) (-10, -3)
2022-08-10 13:26:21.429 *** Mouse movement ***  Mouse coords: (452, 180) (-8, -3)
2022-08-10 13:26:21.446 *** Mouse movement ***  Mouse coords: (460, 182) (-6, -2)
2022-08-10 13:26:21.463 *** Mouse movement ***  Mouse coords: (466, 183) (-5, -2)
2022-08-10 13:26:21.478 *** Mouse movement ***  Mouse coords: (471, 184) (-3, -2)
2022-08-10 13:26:21.495 *** Mouse movement ***  Mouse coords: (474, 185) (-3, -1)
2022-08-10 13:26:21.568 *** Mouse movement ***  Mouse coords: (475, 185) (-2, -1)
2022-08-10 13:26:21.583 *** Mouse movement ***  Mouse coords: (477, 185) (-2, -1)
2022-08-10 13:26:21.591 *** Mouse movement ***  Mouse coords: (478, 185) (-2, -1)
2022-08-10 13:26:21.598 *** Mouse movement ***  Mouse coords: (479, 186) (-1, -1)
2022-08-10 13:26:21.612 *** Mouse movement ***  Mouse coords: (481, 186) (-1, -1)
2022-08-10 13:26:21.629 *** Mouse movement ***  Mouse coords: (483, 187) (0, -1)
2022-08-10 13:26:21.749 *** Mouse movement ***  Mouse coords: (484, 188) (0, -1)
2022-08-10 13:26:21.764 *** Mouse movement ***  Mouse coords: (486, 189) (0, 0)
2022-08-10 13:26:21.779 *** Mouse movement ***  Mouse coords: (487, 190) (0, 0)
2022-08-10 13:26:22.417 *** Mouse movement ***  Mouse coords: (487, 191) (0, 0)
2022-08-10 13:26:22.425 *** Mouse movement ***  Mouse coords: (486, 191) (0, 0)
2022-08-10 13:26:22.445 *** Mouse movement ***  Mouse coords: (484, 191) (0, 0)
2022-08-10 13:26:22.462 *** Mouse movement ***  Mouse coords: (481, 191) (-1, 0)
2022-08-10 13:26:22.479 *** Mouse movement ***  Mouse coords: (479, 191) (-1, 0)
2022-08-10 13:26:22.495 *** Mouse movement ***  Mouse coords: (478, 190) (-2, 0)
2022-08-10 13:26:22.649 *** Mouse movement ***  Mouse coords: (478, 189) (-2, 0)
2022-08-10 13:26:22.686 *** Mouse movement ***  Mouse coords: (478, 188) (-2, -1)
2022-08-10 13:26:22.701 *** Mouse movement ***  Mouse coords: (478, 187) (-2, -1)
2022-08-10 13:26:22.716 *** Mouse movement ***  Mouse coords: (478, 186) (-2, -1)
2022-08-10 13:26:22.723 *** Mouse movement ***  Mouse coords: (479, 185) (-1, -1)
2022-08-10 13:26:22.927 *** Mouse movement ***  Mouse coords: (480, 184) (-1, -2)
2022-08-10 13:26:22.994 *** Mouse movement ***  Mouse coords: (481, 184) (-1, -2)
2022-08-10 13:26:23.005 *** Mouse movement ***  Mouse coords: (482, 185) (-1, -1)
2022-08-10 13:26:23.012 *** Mouse movement ***  Mouse coords: (483, 185) (0, -1)
2022-08-10 13:26:23.029 *** Mouse movement ***  Mouse coords: (485, 186) (0, -1)
2022-08-10 13:26:23.167 *** Mouse movement ***  Mouse coords: (485, 187) (0, -1)
2022-08-10 13:26:25.139 *** Mouse movement ***  Mouse coords: (485, 188) (0, -1)
2022-08-10 13:26:25.147 *** Mouse movement ***  Mouse coords: (487, 193) (0, 0)
2022-08-10 13:26:25.163 *** Mouse movement ***  Mouse coords: (492, 200) (1, 1)
2022-08-10 13:26:25.179 *** Mouse movement ***  Mouse coords: (499, 212) (3, 4)
2022-08-10 13:26:25.196 *** Mouse movement ***  Mouse coords: (506, 222) (4, 7)
2022-08-10 13:26:25.213 *** Mouse movement ***  Mouse coords: (511, 230) (6, 9)
2022-08-10 13:26:25.230 *** Mouse movement ***  Mouse coords: (517, 238) (7, 11)
2022-08-10 13:26:25.246 *** Mouse movement ***  Mouse coords: (522, 243) (8, 12)
2022-08-10 13:26:25.263 *** Mouse movement ***  Mouse coords: (525, 247) (9, 13)
2022-08-10 13:26:25.279 *** Mouse movement ***  Mouse coords: (527, 249) (10, 14)
2022-08-10 13:26:25.296 *** Mouse movement ***  Mouse coords: (529, 254) (10, 15)
2022-08-10 13:26:25.313 *** Mouse movement ***  Mouse coords: (530, 256) (10, 15)
2022-08-10 13:26:25.330 *** Mouse movement ***  Mouse coords: (531, 257) (11, 16)
2022-08-10 13:27:11.384 *** Mouse movement ***  Mouse coords: (470, 199) (-4, 1)
2022-08-10 13:27:11.392 *** Mouse movement ***  Mouse coords: (471, 200) (-3, 1)
2022-08-10 13:27:11.413 *** Mouse movement ***  Mouse coords: (473, 202) (-3, 2)
2022-08-10 13:27:11.430 *** Mouse movement ***  Mouse coords: (476, 205) (-2, 3)
2022-08-10 13:27:11.446 *** Mouse movement ***  Mouse coords: (478, 207) (-2, 3)
2022-08-10 13:27:11.463 *** Mouse movement ***  Mouse coords: (479, 208) (-1, 3)
2022-08-10 13:27:14.099 *** Mouse movement ***  Mouse coords: (489, 193) (0, 0)
2022-08-10 13:29:59.542 *** Program closed.
