2022-08-31 11:55:53.342 *** Start program *** Start program
2022-08-31 11:56:00.868 *** Open case *** /Applications/XAMPP/xamppfiles/htdocs/20220722_Eric_Yang
2022-08-31 11:56:05.146 *** Open processed data
2022-08-31 11:56:05.147 *** Preload all statistics at once.
2022-08-31 11:56:05.705 *** Nuclei stat data loaded, took 0.56 seconds. Total number of nuclei: 670699
2022-08-31 11:56:09.752 *** Mouse movement (LeftButton) ***  Mouse coords: (518, 423) (76252, 43624)
2022-08-31 11:56:17.280 *** Mouse movement (LeftButton) ***  Mouse coords: (988, 470) (115025, 40386)
2022-08-31 11:56:17.360 *** Mouse movement (LeftButton) ***  Mouse coords: (988, 470) (115025, 40386)
2022-08-31 11:56:17.397 *** Mouse movement (LeftButton) ***  Mouse coords: (934, 417) (114989, 40351)
2022-08-31 11:56:17.439 *** Mouse movement (LeftButton) ***  Mouse coords: (864, 343) (114978, 40336)
2022-08-31 11:56:17.467 *** Mouse movement (LeftButton) ***  Mouse coords: (821, 303) (114997, 40360)
2022-08-31 11:56:17.512 *** Mouse movement (LeftButton) ***  Mouse coords: (784, 264) (115000, 40360)
2022-08-31 11:56:17.554 *** Mouse movement (LeftButton) ***  Mouse coords: (782, 263) (115023, 40385)
2022-08-31 11:56:17.616 *** Mouse movement (LeftButton) ***  Mouse coords: (784, 262) (115027, 40385)
2022-08-31 11:56:18.206 *** Mouse movement (LeftButton) ***  Mouse coords: (783, 316) (115024, 40422)
2022-08-31 11:56:18.356 *** Interactive label *** (double click) click on screen. screen: (783, 316); slide: (115024, 40422). case_id: 20220722_Eric_Yang, slide_id: 3BQMJY_44661.svs, Nuclei index selected: 415197
2022-08-31 11:56:18.370 *** Interactive label *** Apply to case start.
2022-08-31 11:56:19.074 *** Mouse movement (LeftButton) ***  Mouse coords: (801, 341) (115036, 40439)
2022-08-31 11:56:19.229 *** Interactive label *** (double click) click on screen. screen: (801, 341); slide: (115036, 40438). case_id: 20220722_Eric_Yang, slide_id: 3BQMJY_44661.svs, Nuclei index selected: 415197
2022-08-31 11:56:19.235 *** Interactive label *** Apply to case start.
2022-08-31 11:56:20.018 *** Interactive label *** (double click) click on screen. screen: (800, 330); slide: (115036, 40431). case_id: 20220722_Eric_Yang, slide_id: 3BQMJY_44661.svs, Nuclei index selected: 415197
2022-08-31 11:56:20.037 *** Interactive label *** Apply to case start.
2022-08-31 11:56:21.022 *** Mouse movement (LeftButton) ***  Mouse coords: (791, 333) (115029, 40433)
2022-08-31 11:56:21.179 *** Interactive label *** (double click) click on screen. screen: (791, 332); slide: (115029, 40432). case_id: 20220722_Eric_Yang, slide_id: 3BQMJY_44661.svs, Nuclei index selected: 415197
2022-08-31 11:56:21.187 *** Interactive label *** Apply to case start.
2022-08-31 11:56:21.888 *** Interactive label *** (double click) click on screen. screen: (795, 332); slide: (115032, 40432). case_id: 20220722_Eric_Yang, slide_id: 3BQMJY_44661.svs, Nuclei index selected: 415197
2022-08-31 11:56:21.903 *** Interactive label *** Apply to case start.
2022-08-31 11:56:22.575 *** Interactive label *** (double click) click on screen. screen: (795, 332); slide: (115032, 40432). case_id: 20220722_Eric_Yang, slide_id: 3BQMJY_44661.svs, Nuclei index selected: 415197
2022-08-31 11:56:22.587 *** Interactive label *** Apply to case start.
2022-08-31 11:56:23.384 *** Interactive label *** (double click) click on screen. screen: (795, 332); slide: (115032, 40432). case_id: 20220722_Eric_Yang, slide_id: 3BQMJY_44661.svs, Nuclei index selected: 415197
2022-08-31 11:56:23.399 *** Interactive label *** Apply to case start.
2022-08-31 11:56:24.042 *** Interactive label *** (double click) click on screen. screen: (795, 332); slide: (115032, 40432). case_id: 20220722_Eric_Yang, slide_id: 3BQMJY_44661.svs, Nuclei index selected: 415197
2022-08-31 11:56:24.053 *** Interactive label *** Apply to case start.
2022-08-31 11:56:25.218 *** Interactive label *** (double click) click on screen. screen: (800, 337); slide: (115036, 40435). case_id: 20220722_Eric_Yang, slide_id: 3BQMJY_44661.svs, Nuclei index selected: 415197
2022-08-31 11:56:25.234 *** Interactive label *** Apply to case start.
2022-08-31 11:56:25.956 *** Mouse movement (LeftButton) ***  Mouse coords: (832, 273) (115057, 40393)
2022-08-31 11:56:26.821 *** Interactive label *** (double click) click on screen. screen: (885, 197); slide: (115092, 40342). case_id: 20220722_Eric_Yang, slide_id: 3BQMJY_44661.svs, Nuclei index selected: 413967
2022-08-31 11:56:26.834 *** Interactive label *** Apply to case start.
2022-08-31 11:56:28.426 *** Interactive label *** (double click) click on screen. screen: (834, 213); slide: (115138, 40312). case_id: 20220722_Eric_Yang, slide_id: 3BQMJY_44661.svs, Nuclei index selected: 416010
2022-08-31 11:56:28.449 *** Interactive label *** Apply to case start.
2022-08-31 11:56:29.598 *** Mouse movement (LeftButton) ***  Mouse coords: (973, 388) (115231, 40429)
2022-08-31 11:56:29.746 *** Interactive label *** (double click) click on screen. screen: (974, 388); slide: (115232, 40429). case_id: 20220722_Eric_Yang, slide_id: 3BQMJY_44661.svs, Nuclei index selected: 413750
2022-08-31 11:56:29.758 *** Interactive label *** Apply to case start.
2022-08-31 11:56:30.624 *** Mouse movement (LeftButton) ***  Mouse coords: (1035, 373) (115272, 40419)
2022-08-31 11:56:30.788 *** Interactive label *** (double click) click on screen. screen: (1036, 373); slide: (115273, 40419). case_id: 20220722_Eric_Yang, slide_id: 3BQMJY_44661.svs, Nuclei index selected: 413698
2022-08-31 11:56:30.805 *** Interactive label *** Apply to case start.
2022-08-31 11:56:32.384 *** Interactive label *** (double click) click on screen. screen: (691, 254); slide: (115412, 40353). case_id: 20220722_Eric_Yang, slide_id: 3BQMJY_44661.svs, Nuclei index selected: 417577
2022-08-31 11:56:32.405 *** Interactive label *** Apply to case start.
2022-08-31 11:56:33.057 *** Mouse movement (LeftButton) ***  Mouse coords: (681, 271) (115405, 40364)
2022-08-31 11:56:33.213 *** Interactive label *** (double click) click on screen. screen: (681, 271); slide: (115405, 40364). case_id: 20220722_Eric_Yang, slide_id: 3BQMJY_44661.svs, Nuclei index selected: 417577
2022-08-31 11:56:33.221 *** Interactive label *** Apply to case start.
2022-08-31 11:56:34.290 *** Mouse movement (LeftButton) ***  Mouse coords: (669, 268) (115397, 40362)
2022-08-31 11:56:34.454 *** Interactive label *** (double click) click on screen. screen: (669, 268); slide: (115397, 40362). case_id: 20220722_Eric_Yang, slide_id: 3BQMJY_44661.svs, Nuclei index selected: 417577
2022-08-31 11:56:34.471 *** Interactive label *** Apply to case start.
2022-08-31 11:56:36.313 *** Program closed.
