2022-08-31 15:20:45.861 *** Start program *** Start program
2022-08-31 15:20:49.744 *** Open case *** /Applications/XAMPP/xamppfiles/htdocs/20220722_Eric_Yang
2022-08-31 15:20:53.931 *** Open processed data
2022-08-31 15:20:53.932 *** Preload all statistics at once.
2022-08-31 15:20:54.627 *** Nuclei stat data loaded, took 0.70 seconds. Total number of nuclei: 843996
2022-08-31 15:21:09.559 *** Interactive label *** (double click) click on screen. screen: (698, 238); slide: (103694, 23719). case_id: 20220722_Eric_Yang, slide_id: 3BNI3N_44662.svs, Nuclei index selected: 304835
2022-08-31 15:21:09.586 *** Interactive label *** Apply to case start.
2022-08-31 15:21:09.615 *** Mouse movement (LeftButton) ***  Mouse coords: (698, 238) (103694, 23719)
2022-08-31 15:21:09.624 *** Mouse movement (LeftButton) ***  Mouse coords: (701, 239) (103695, 23720)
2022-08-31 15:21:09.633 *** Mouse movement (LeftButton) ***  Mouse coords: (708, 242) (103700, 23722)
2022-08-31 15:21:09.641 *** Mouse movement (LeftButton) ***  Mouse coords: (727, 250) (103712, 23727)
2022-08-31 15:21:09.649 *** Mouse movement (LeftButton) ***  Mouse coords: (746, 259) (103724, 23733)
2022-08-31 15:21:09.657 *** Mouse movement (LeftButton) ***  Mouse coords: (761, 265) (103734, 23737)
2022-08-31 15:21:09.665 *** Mouse movement (LeftButton) ***  Mouse coords: (775, 271) (103743, 23741)
2022-08-31 15:21:09.675 *** Mouse movement (LeftButton) ***  Mouse coords: (786, 275) (103750, 23743)
2022-08-31 15:21:09.682 *** Mouse movement (LeftButton) ***  Mouse coords: (800, 281) (103759, 23747)
2022-08-31 15:21:09.696 *** Mouse movement (LeftButton) ***  Mouse coords: (818, 288) (103770, 23751)
2022-08-31 15:21:09.707 *** Mouse movement (LeftButton) ***  Mouse coords: (833, 296) (103780, 23757)
2022-08-31 15:21:09.721 *** Mouse movement (LeftButton) ***  Mouse coords: (841, 301) (103785, 23760)
2022-08-31 15:21:09.731 *** Mouse movement (LeftButton) ***  Mouse coords: (849, 306) (103790, 23763)
2022-08-31 15:21:09.746 *** Mouse movement (LeftButton) ***  Mouse coords: (857, 311) (103795, 23766)
2022-08-31 15:21:09.757 *** Mouse movement (LeftButton) ***  Mouse coords: (865, 315) (103800, 23769)
2022-08-31 15:21:09.771 *** Mouse movement (LeftButton) ***  Mouse coords: (881, 325) (103811, 23775)
2022-08-31 15:21:09.781 *** Mouse movement (LeftButton) ***  Mouse coords: (899, 335) (103822, 23781)
2022-08-31 15:21:09.796 *** Mouse movement (LeftButton) ***  Mouse coords: (907, 337) (103827, 23783)
2022-08-31 15:21:09.806 *** Mouse movement (LeftButton) ***  Mouse coords: (914, 339) (103832, 23784)
2022-08-31 15:21:09.821 *** Mouse movement (LeftButton) ***  Mouse coords: (917, 339) (103834, 23784)
2022-08-31 15:21:09.832 *** Mouse movement (LeftButton) ***  Mouse coords: (924, 339) (103838, 23784)
2022-08-31 15:21:09.846 *** Mouse movement (LeftButton) ***  Mouse coords: (927, 339) (103840, 23784)
2022-08-31 15:21:09.857 *** Mouse movement (LeftButton) ***  Mouse coords: (927, 339) (103840, 23784)
2022-08-31 15:21:09.857 *** Mouse movement (LeftButton) ***  Mouse coords: (927, 339) (103840, 23784)
2022-08-31 15:21:10.327 *** Mouse movement (LeftButton) ***  Mouse coords: (689, 352) (103688, 23792)
2022-08-31 15:21:10.423 *** Mouse movement (LeftButton) ***  Mouse coords: (689, 352) (103688, 23792)
2022-08-31 15:21:10.462 *** Mouse movement (LeftButton) ***  Mouse coords: (708, 352) (103700, 23792)
2022-08-31 15:21:10.490 *** Mouse movement (LeftButton) ***  Mouse coords: (717, 352) (103694, 23792)
2022-08-31 15:21:10.534 *** Mouse movement (LeftButton) ***  Mouse coords: (797, 354) (103739, 23794)
2022-08-31 15:21:10.574 *** Mouse movement (LeftButton) ***  Mouse coords: (858, 354) (103727, 23792)
2022-08-31 15:21:10.600 *** Mouse movement (LeftButton) ***  Mouse coords: (875, 354) (103699, 23792)
2022-08-31 15:21:10.626 *** Mouse movement (LeftButton) ***  Mouse coords: (880, 354) (103691, 23792)
2022-08-31 15:21:10.666 *** Mouse movement (LeftButton) ***  Mouse coords: (881, 354) (103689, 23792)
2022-08-31 15:21:10.709 *** Mouse movement (LeftButton) ***  Mouse coords: (879, 354) (103686, 23792)
2022-08-31 15:21:11.406 *** Keyboard input *** key pressed: key: 77; text: "m"
2022-08-31 15:21:11.412 *** Process image overlay spent 0.00 seconds.
2022-08-31 15:21:11.414 *** Get cell color spent 0.00 seconds.
2022-08-31 15:21:11.777 *** Mouse movement (LeftButton) ***  Mouse coords: (745, 367) (103603, 23800)
2022-08-31 15:21:11.814 *** Process image overlay spent 0.00 seconds.
2022-08-31 15:21:11.816 *** Get cell color spent 0.00 seconds.
2022-08-31 15:21:11.866 *** Mouse movement (LeftButton) ***  Mouse coords: (744, 367) (103602, 23800)
2022-08-31 15:21:11.885 *** Process image overlay spent 0.00 seconds.
2022-08-31 15:21:11.886 *** Get cell color spent 0.00 seconds.
2022-08-31 15:21:11.919 *** Process image overlay spent 0.00 seconds.
2022-08-31 15:21:11.920 *** Get cell color spent 0.00 seconds.
2022-08-31 15:21:11.927 *** Mouse movement (LeftButton) ***  Mouse coords: (750, 373) (103607, 23804)
2022-08-31 15:21:11.947 *** Process image overlay spent 0.00 seconds.
2022-08-31 15:21:11.948 *** Get cell color spent 0.00 seconds.
2022-08-31 15:21:11.981 *** Process image overlay spent 0.00 seconds.
2022-08-31 15:21:11.983 *** Get cell color spent 0.00 seconds.
2022-08-31 15:21:11.990 *** Mouse movement (LeftButton) ***  Mouse coords: (794, 423) (103631, 23832)
2022-08-31 15:21:12.010 *** Process image overlay spent 0.00 seconds.
2022-08-31 15:21:12.012 *** Get cell color spent 0.00 seconds.
2022-08-31 15:21:12.037 *** Mouse movement (LeftButton) ***  Mouse coords: (811, 439) (103614, 23810)
2022-08-31 15:21:12.041 *** Process image overlay spent 0.00 seconds.
2022-08-31 15:21:12.042 *** Get cell color spent 0.00 seconds.
2022-08-31 15:21:12.070 *** Mouse movement (LeftButton) ***  Mouse coords: (821, 446) (103609, 23805)
2022-08-31 15:21:12.073 *** Process image overlay spent 0.00 seconds.
2022-08-31 15:21:12.075 *** Get cell color spent 0.00 seconds.
2022-08-31 15:21:12.110 *** Process image overlay spent 0.00 seconds.
2022-08-31 15:21:12.112 *** Get cell color spent 0.00 seconds.
2022-08-31 15:21:12.410 *** Keyboard input *** key pressed: key: 77; text: "m"
2022-08-31 15:21:12.716 *** Keyboard input *** key pressed: key: 77; text: "m"
2022-08-31 15:21:12.724 *** Process image overlay spent 0.01 seconds.
2022-08-31 15:21:12.727 *** Get cell color spent 0.00 seconds.
2022-08-31 15:21:12.959 *** Keyboard input *** key pressed: key: 77; text: "m"
2022-08-31 15:21:13.206 *** Keyboard input *** key pressed: key: 77; text: "m"
2022-08-31 15:21:13.214 *** Process image overlay spent 0.01 seconds.
2022-08-31 15:21:13.218 *** Get cell color spent 0.00 seconds.
2022-08-31 15:21:13.438 *** Keyboard input *** key pressed: key: 77; text: "m"
2022-08-31 15:21:13.709 *** Keyboard input *** key pressed: key: 78; text: "n"
2022-08-31 15:21:14.066 *** Keyboard input *** key pressed: key: 78; text: "n"
2022-08-31 15:21:14.340 *** Keyboard input *** key pressed: key: 78; text: "n"
2022-08-31 15:21:14.624 *** Keyboard input *** key pressed: key: 78; text: "n"
2022-08-31 15:21:15.833 *** Keyboard input *** key pressed: key: 78; text: "n"
2022-08-31 15:21:16.087 *** Keyboard input *** key pressed: key: 78; text: "n"
2022-08-31 15:21:16.321 *** Keyboard input *** key pressed: key: 78; text: "n"
2022-08-31 15:21:16.541 *** Keyboard input *** key pressed: key: 78; text: "n"
2022-08-31 15:21:16.742 *** Keyboard input *** key pressed: key: 78; text: "n"
2022-08-31 15:21:17.245 *** Keyboard input *** key pressed: key: 78; text: "n"
2022-08-31 15:21:17.321 *** Keyboard input *** key pressed: key: 78; text: "n"
2022-08-31 15:21:17.403 *** Keyboard input *** key pressed: key: 78; text: "n"
2022-08-31 15:21:17.487 *** Keyboard input *** key pressed: key: 78; text: "n"
2022-08-31 15:21:17.570 *** Keyboard input *** key pressed: key: 78; text: "n"
2022-08-31 15:21:17.653 *** Keyboard input *** key pressed: key: 78; text: "n"
2022-08-31 15:21:17.737 *** Keyboard input *** key pressed: key: 78; text: "n"
2022-08-31 15:21:17.820 *** Keyboard input *** key pressed: key: 78; text: "n"
2022-08-31 15:21:17.903 *** Keyboard input *** key pressed: key: 78; text: "n"
2022-08-31 15:21:17.987 *** Keyboard input *** key pressed: key: 78; text: "n"
2022-08-31 15:21:18.070 *** Keyboard input *** key pressed: key: 78; text: "n"
2022-08-31 15:21:18.154 *** Keyboard input *** key pressed: key: 78; text: "n"
2022-08-31 15:21:18.381 *** Keyboard input *** key pressed: key: 78; text: "n"
2022-08-31 15:21:18.633 *** Keyboard input *** key pressed: key: 78; text: "n"
2022-08-31 15:21:18.840 *** Keyboard input *** key pressed: key: 78; text: "n"
2022-08-31 15:21:19.021 *** Keyboard input *** key pressed: key: 78; text: "n"
2022-08-31 15:21:19.893 *** Keyboard input *** key pressed: key: 78; text: "n"
2022-08-31 15:21:20.229 *** Keyboard input *** key pressed: key: 78; text: "n"
2022-08-31 15:21:20.487 *** Keyboard input *** key pressed: key: 78; text: "n"
2022-08-31 15:21:20.705 *** Keyboard input *** key pressed: key: 78; text: "n"
2022-08-31 15:21:20.926 *** Keyboard input *** key pressed: key: 78; text: "n"
2022-08-31 15:21:21.250 *** Keyboard input *** key pressed: key: 78; text: "n"
2022-08-31 15:21:21.522 *** Keyboard input *** key pressed: key: 78; text: "n"
2022-08-31 15:21:21.763 *** Keyboard input *** key pressed: key: 78; text: "n"
2022-08-31 15:21:22.101 *** Keyboard input *** key pressed: key: 78; text: "n"
2022-08-31 15:21:22.754 *** Keyboard input *** key pressed: key: 78; text: "n"
2022-08-31 15:21:51.741 *** Mouse movement (LeftButton) ***  Mouse coords: (593, 564) (103120, 24252)
2022-08-31 15:21:52.427 *** Keyboard input *** key pressed: key: 77; text: "m"
2022-08-31 15:21:52.433 *** Process image overlay spent 0.01 seconds.
2022-08-31 15:21:52.443 *** Get cell color spent 0.01 seconds.
2022-08-31 15:21:52.688 *** Keyboard input *** key pressed: key: 77; text: "m"
2022-08-31 15:21:52.975 *** Keyboard input *** key pressed: key: 77; text: "m"
2022-08-31 15:21:52.982 *** Process image overlay spent 0.01 seconds.
2022-08-31 15:21:52.991 *** Get cell color spent 0.01 seconds.
2022-08-31 15:21:53.353 *** Keyboard input *** key pressed: key: 77; text: "m"
2022-08-31 15:21:53.620 *** Keyboard input *** key pressed: key: 78; text: "n"
2022-08-31 15:21:53.990 *** Keyboard input *** key pressed: key: 78; text: "n"
2022-08-31 15:21:54.230 *** Keyboard input *** key pressed: key: 78; text: "n"
2022-08-31 15:21:54.472 *** Keyboard input *** key pressed: key: 78; text: "n"
2022-08-31 15:21:54.751 *** Keyboard input *** key pressed: key: 78; text: "n"
2022-08-31 15:21:54.971 *** Keyboard input *** key pressed: key: 78; text: "n"
2022-08-31 15:21:55.170 *** Keyboard input *** key pressed: key: 78; text: "n"
2022-08-31 15:21:55.353 *** Keyboard input *** key pressed: key: 78; text: "n"
2022-08-31 15:21:55.505 *** Keyboard input *** key pressed: key: 78; text: "n"
2022-08-31 15:21:58.650 *** Program closed.
