2022-08-30 21:44:13.429 *** Start program *** Start program
2022-08-30 21:44:20.581 *** Open case *** /Applications/XAMPP/xamppfiles/htdocs/20220722_Eric_Yang
2022-08-30 21:44:42.058 *** Open processed data
2022-08-30 21:44:42.059 *** Preload all statistics at once.
2022-08-30 21:46:13.897 *** Open processed data
2022-08-30 21:46:13.898 *** Preload all statistics at once.
2022-08-30 21:46:15.014 *** Nuclei stat data loaded, took 1.12 seconds. Total number of nuclei: 1063036
2022-08-30 21:46:28.177 *** Mouse movement (LeftButton) ***  Mouse coords: (591, 494) (46100, 50244)
2022-08-30 21:46:30.692 *** Process image overlay spent 0.01 seconds.
2022-08-30 21:46:30.742 *** Get cell color spent 0.05 seconds.
2022-08-30 21:46:31.740 *** Process image overlay spent 0.00 seconds.
2022-08-30 21:46:31.746 *** Get cell color spent 0.01 seconds.
2022-08-30 21:46:32.004 *** Process image overlay spent 0.00 seconds.
2022-08-30 21:46:32.006 *** Get cell color spent 0.00 seconds.
2022-08-30 21:46:32.178 *** Process image overlay spent 0.00 seconds.
2022-08-30 21:46:32.180 *** Get cell color spent 0.00 seconds.
2022-08-30 21:46:32.224 *** Process image overlay spent 0.00 seconds.
2022-08-30 21:46:32.226 *** Get cell color spent 0.00 seconds.
2022-08-30 21:46:32.293 *** Process image overlay spent 0.00 seconds.
2022-08-30 21:46:32.294 *** Get cell color spent 0.00 seconds.
2022-08-30 21:46:32.329 *** Process image overlay spent 0.00 seconds.
2022-08-30 21:46:32.331 *** Get cell color spent 0.00 seconds.
2022-08-30 21:46:32.359 *** Process image overlay spent 0.00 seconds.
2022-08-30 21:46:32.360 *** Get cell color spent 0.00 seconds.
2022-08-30 21:46:32.858 *** Process image overlay spent 0.00 seconds.
2022-08-30 21:46:32.860 *** Get cell color spent 0.00 seconds.
2022-08-30 21:46:32.906 *** Process image overlay spent 0.00 seconds.
2022-08-30 21:46:32.908 *** Get cell color spent 0.00 seconds.
2022-08-30 21:46:33.075 *** Process image overlay spent 0.00 seconds.
2022-08-30 21:46:33.077 *** Get cell color spent 0.00 seconds.
2022-08-30 21:46:33.812 *** Mouse movement (LeftButton) ***  Mouse coords: (615, 195) (47089, 37289)
2022-08-30 21:46:33.909 *** Mouse movement (LeftButton) ***  Mouse coords: (615, 195) (47089, 37289)
2022-08-30 21:46:33.940 *** Mouse movement (LeftButton) ***  Mouse coords: (615, 219) (47089, 37317)
2022-08-30 21:46:33.964 *** Mouse movement (LeftButton) ***  Mouse coords: (615, 287) (47089, 37368)
2022-08-30 21:46:33.985 *** Mouse movement (LeftButton) ***  Mouse coords: (615, 381) (47089, 37397)
2022-08-30 21:46:34.025 *** Mouse movement (LeftButton) ***  Mouse coords: (615, 470) (47089, 37392)
2022-08-30 21:46:34.065 *** Mouse movement (LeftButton) ***  Mouse coords: (615, 513) (47089, 37339)
2022-08-30 21:46:34.086 *** Mouse movement (LeftButton) ***  Mouse coords: (615, 518) (47089, 37295)
2022-08-30 21:46:34.126 *** Mouse movement (LeftButton) ***  Mouse coords: (615, 519) (47089, 37290)
2022-08-30 21:46:34.168 *** Mouse movement (LeftButton) ***  Mouse coords: (615, 519) (47089, 37289)
2022-08-30 21:46:35.212 *** Process image overlay spent 0.00 seconds.
2022-08-30 21:46:35.215 *** Get cell color spent 0.00 seconds.
2022-08-30 21:46:35.928 *** Mouse movement (LeftButton) ***  Mouse coords: (738, 335) (47314, 36924)
2022-08-30 21:46:35.970 *** Mouse movement (LeftButton) ***  Mouse coords: (740, 310) (47315, 36888)
2022-08-30 21:46:36.015 *** Mouse movement (LeftButton) ***  Mouse coords: (739, 306) (47309, 36928)
2022-08-30 21:46:36.035 *** Mouse movement (LeftButton) ***  Mouse coords: (739, 306) (47311, 36935)
2022-08-30 21:46:36.143 *** Mouse movement (LeftButton) ***  Mouse coords: (739, 307) (47311, 36937)
2022-08-30 21:46:36.172 *** Mouse movement (LeftButton) ***  Mouse coords: (739, 318) (47311, 36955)
2022-08-30 21:46:36.197 *** Mouse movement (LeftButton) ***  Mouse coords: (746, 356) (47324, 37006)
2022-08-30 21:46:36.246 *** Mouse movement (LeftButton) ***  Mouse coords: (786, 457) (47385, 37122)
2022-08-30 21:46:36.266 *** Mouse movement (LeftButton) ***  Mouse coords: (800, 484) (47337, 36985)
2022-08-30 21:46:36.287 *** Mouse movement (LeftButton) ***  Mouse coords: (811, 503) (47332, 36970)
2022-08-30 21:46:36.308 *** Mouse movement (LeftButton) ***  Mouse coords: (816, 510) (47320, 36948)
2022-08-30 21:46:36.357 *** Mouse movement (LeftButton) ***  Mouse coords: (819, 514) (47316, 36942)
2022-08-30 21:46:36.379 *** Mouse movement (LeftButton) ***  Mouse coords: (820, 514) (47313, 36935)
2022-08-30 21:46:36.547 *** Process image overlay spent 0.00 seconds.
2022-08-30 21:46:36.550 *** Get cell color spent 0.00 seconds.
2022-08-30 21:46:37.454 *** Process image overlay spent 0.00 seconds.
2022-08-30 21:46:37.463 *** Get cell color spent 0.01 seconds.
2022-08-30 21:46:38.078 *** Mouse movement (LeftButton) ***  Mouse coords: (704, 210) (47666, 35507)
2022-08-30 21:46:38.166 *** Process image overlay spent 0.00 seconds.
2022-08-30 21:46:38.175 *** Get cell color spent 0.01 seconds.
2022-08-30 21:46:38.367 *** Mouse movement (LeftButton) ***  Mouse coords: (410, 428) (46441, 36412)
2022-08-30 21:46:38.392 *** Mouse movement (LeftButton) ***  Mouse coords: (408, 428) (47654, 35507)
2022-08-30 21:46:38.413 *** Mouse movement (LeftButton) ***  Mouse coords: (406, 427) (47654, 35503)
2022-08-30 21:46:38.484 *** Process image overlay spent 0.00 seconds.
2022-08-30 21:46:38.493 *** Get cell color spent 0.01 seconds.
2022-08-30 21:46:39.220 *** Mouse movement (LeftButton) ***  Mouse coords: (778, 401) (49206, 35399)
2022-08-30 21:46:39.309 *** Mouse movement (LeftButton) ***  Mouse coords: (778, 401) (49206, 35399)
2022-08-30 21:46:39.344 *** Mouse movement (LeftButton) ***  Mouse coords: (745, 389) (49069, 35349)
2022-08-30 21:46:39.367 *** Mouse movement (LeftButton) ***  Mouse coords: (688, 349) (48969, 35233)
2022-08-30 21:46:39.387 *** Mouse movement (LeftButton) ***  Mouse coords: (555, 241) (48654, 34951)
2022-08-30 21:46:39.428 *** Mouse movement (LeftButton) ***  Mouse coords: (411, 96) (48609, 34797)
2022-08-30 21:46:39.450 *** Mouse movement (LeftButton) ***  Mouse coords: (395, 76) (49139, 35316)
2022-08-30 21:46:39.491 *** Mouse movement (LeftButton) ***  Mouse coords: (386, 63) (49169, 35345)
2022-08-30 21:46:39.511 *** Mouse movement (LeftButton) ***  Mouse coords: (385, 62) (49202, 35395)
2022-08-30 21:46:39.553 *** Mouse movement (LeftButton) ***  Mouse coords: (385, 61) (49206, 35395)
2022-08-30 21:46:39.644 *** Process image overlay spent 0.00 seconds.
2022-08-30 21:46:39.654 *** Get cell color spent 0.01 seconds.
2022-08-30 21:46:40.162 *** Mouse movement (LeftButton) ***  Mouse coords: (645, 354) (50285, 36615)
2022-08-30 21:46:40.251 *** Mouse movement (LeftButton) ***  Mouse coords: (645, 354) (50285, 36615)
2022-08-30 21:46:40.279 *** Mouse movement (LeftButton) ***  Mouse coords: (610, 325) (50140, 36495)
2022-08-30 21:46:40.300 *** Mouse movement (LeftButton) ***  Mouse coords: (562, 280) (50085, 36428)
2022-08-30 21:46:40.320 *** Mouse movement (LeftButton) ***  Mouse coords: (487, 204) (49974, 36299)
2022-08-30 21:46:40.359 *** Mouse movement (LeftButton) ***  Mouse coords: (444, 154) (50107, 36408)
2022-08-30 21:46:40.380 *** Mouse movement (LeftButton) ***  Mouse coords: (437, 143) (50256, 36569)
2022-08-30 21:46:40.420 *** Mouse movement (LeftButton) ***  Mouse coords: (436, 142) (50280, 36611)
2022-08-30 21:46:40.443 *** Mouse movement (LeftButton) ***  Mouse coords: (436, 142) (50285, 36615)
2022-08-30 21:46:40.513 *** Process image overlay spent 0.00 seconds.
2022-08-30 21:46:40.521 *** Get cell color spent 0.01 seconds.
2022-08-30 21:46:41.353 *** Mouse movement (LeftButton) ***  Mouse coords: (522, 420) (50642, 37769)
2022-08-30 21:46:41.447 *** Process image overlay spent 0.00 seconds.
2022-08-30 21:46:41.455 *** Get cell color spent 0.01 seconds.
2022-08-30 21:46:45.163 *** Mouse movement (LeftButton) ***  Mouse coords: (635, 504) (51111, 38122)
2022-08-30 21:46:45.326 *** Mouse movement (LeftButton) ***  Mouse coords: (634, 504) (51107, 38122)
2022-08-30 21:46:45.364 *** Mouse movement (LeftButton) ***  Mouse coords: (611, 504) (51016, 38122)
2022-08-30 21:46:45.390 *** Mouse movement (LeftButton) ***  Mouse coords: (562, 504) (50907, 38122)
2022-08-30 21:46:45.411 *** Mouse movement (LeftButton) ***  Mouse coords: (487, 504) (50800, 38122)
2022-08-30 21:46:45.452 *** Mouse movement (LeftButton) ***  Mouse coords: (407, 505) (50779, 38126)
2022-08-30 21:46:45.472 *** Mouse movement (LeftButton) ***  Mouse coords: (373, 511) (50970, 38147)
2022-08-30 21:46:45.511 *** Mouse movement (LeftButton) ***  Mouse coords: (351, 517) (51020, 38147)
2022-08-30 21:46:45.531 *** Mouse movement (LeftButton) ***  Mouse coords: (347, 517) (51094, 38122)
2022-08-30 21:46:45.570 *** Mouse movement (LeftButton) ***  Mouse coords: (347, 517) (51111, 38122)
2022-08-30 21:46:46.045 *** Mouse movement (LeftButton) ***  Mouse coords: (597, 506) (52149, 38076)
2022-08-30 21:46:46.135 *** Mouse movement (LeftButton) ***  Mouse coords: (597, 506) (52149, 38076)
2022-08-30 21:46:46.165 *** Mouse movement (LeftButton) ***  Mouse coords: (574, 506) (52053, 38076)
2022-08-30 21:46:46.189 *** Mouse movement (LeftButton) ***  Mouse coords: (515, 506) (51904, 38076)
2022-08-30 21:46:46.210 *** Mouse movement (LeftButton) ***  Mouse coords: (437, 506) (51826, 38076)
2022-08-30 21:46:46.250 *** Mouse movement (LeftButton) ***  Mouse coords: (384, 506) (51929, 38076)
2022-08-30 21:46:46.271 *** Mouse movement (LeftButton) ***  Mouse coords: (368, 506) (52082, 38076)
2022-08-30 21:46:46.313 *** Mouse movement (LeftButton) ***  Mouse coords: (365, 506) (52137, 38076)
2022-08-30 21:46:46.381 *** Process image overlay spent 0.00 seconds.
2022-08-30 21:46:46.390 *** Get cell color spent 0.01 seconds.
2022-08-30 21:46:48.203 *** Mouse movement (LeftButton) ***  Mouse coords: (552, 554) (52925, 38275)
2022-08-30 21:46:48.293 *** Mouse movement (LeftButton) ***  Mouse coords: (552, 554) (52925, 38275)
2022-08-30 21:46:48.322 *** Mouse movement (LeftButton) ***  Mouse coords: (530, 554) (52834, 38275)
2022-08-30 21:46:48.345 *** Mouse movement (LeftButton) ***  Mouse coords: (472, 554) (52684, 38275)
2022-08-30 21:46:48.365 *** Mouse movement (LeftButton) ***  Mouse coords: (421, 556) (52713, 38283)
2022-08-30 21:46:48.404 *** Mouse movement (LeftButton) ***  Mouse coords: (354, 564) (52647, 38309)
2022-08-30 21:46:48.445 *** Mouse movement (LeftButton) ***  Mouse coords: (340, 564) (52867, 38275)
2022-08-30 21:46:48.476 *** Mouse movement (LeftButton) ***  Mouse coords: (340, 563) (52925, 38271)
2022-08-30 21:46:48.523 *** Mouse movement (LeftButton) ***  Mouse coords: (343, 555) (52937, 38241)
2022-08-30 21:46:48.565 *** Mouse movement (LeftButton) ***  Mouse coords: (348, 548) (52946, 38246)
2022-08-30 21:46:48.631 *** Process image overlay spent 0.00 seconds.
2022-08-30 21:46:48.641 *** Get cell color spent 0.01 seconds.
2022-08-30 21:46:48.854 *** Keyboard input *** key pressed: key: 66; text: "b"
2022-08-30 21:46:49.197 *** Keyboard input *** key pressed: key: 66; text: "b"
2022-08-30 21:46:49.462 *** Keyboard input *** key pressed: key: 66; text: "b"
2022-08-30 21:46:49.771 *** Keyboard input *** key pressed: key: 66; text: "b"
2022-08-30 21:46:50.496 *** Mouse movement (LeftButton) ***  Mouse coords: (504, 518) (53573, 38151)
2022-08-30 21:46:50.585 *** Mouse movement (LeftButton) ***  Mouse coords: (504, 518) (53573, 38151)
2022-08-30 21:46:50.617 *** Mouse movement (LeftButton) ***  Mouse coords: (491, 523) (53519, 38171)
2022-08-30 21:46:50.639 *** Mouse movement (LeftButton) ***  Mouse coords: (469, 537) (53481, 38210)
2022-08-30 21:46:50.661 *** Mouse movement (LeftButton) ***  Mouse coords: (449, 551) (53490, 38209)
2022-08-30 21:46:50.701 *** Mouse movement (LeftButton) ***  Mouse coords: (435, 564) (53515, 38205)
2022-08-30 21:46:50.742 *** Mouse movement (LeftButton) ***  Mouse coords: (433, 565) (53565, 38155)
2022-08-30 21:46:50.823 *** Process image overlay spent 0.00 seconds.
2022-08-30 21:46:50.834 *** Get cell color spent 0.01 seconds.
2022-08-30 21:46:51.473 *** Process image overlay spent 0.00 seconds.
2022-08-30 21:46:51.480 *** Get cell color spent 0.01 seconds.
2022-08-30 21:46:52.905 *** Keyboard input *** key pressed: key: 66; text: "b"
2022-08-30 21:46:53.351 *** Keyboard input *** key pressed: key: 66; text: "b"
2022-08-30 21:46:53.587 *** Keyboard input *** key pressed: key: 66; text: "b"
2022-08-30 21:46:53.800 *** Keyboard input *** key pressed: key: 66; text: "b"
2022-08-30 21:46:56.045 *** Keyboard input *** key pressed: key: 66; text: "b"
2022-08-30 21:46:56.330 *** Keyboard input *** key pressed: key: 66; text: "b"
2022-08-30 21:46:56.636 *** Keyboard input *** key pressed: key: 66; text: "b"
2022-08-30 21:46:56.846 *** Keyboard input *** key pressed: key: 66; text: "b"
2022-08-30 21:46:59.242 *** Keyboard input *** key pressed: key: 67; text: "c"
2022-08-30 21:46:59.514 *** Keyboard input *** key pressed: key: 67; text: "c"
2022-08-30 21:46:59.565 *** Keyboard input *** key pressed: key: 86; text: "v"
2022-08-30 21:46:59.859 *** Keyboard input *** key pressed: key: 86; text: "v"
2022-08-30 21:47:00.076 *** Keyboard input *** key pressed: key: 86; text: "v"
2022-08-30 21:47:00.411 *** Keyboard input *** key pressed: key: 66; text: "b"
2022-08-30 21:47:00.621 *** Keyboard input *** key pressed: key: 66; text: "b"
2022-08-30 21:47:00.877 *** Keyboard input *** key pressed: key: 66; text: "b"
2022-08-30 21:47:01.091 *** Keyboard input *** key pressed: key: 66; text: "b"
2022-08-30 21:47:02.410 *** Mouse movement (LeftButton) ***  Mouse coords: (892, 243) (54319, 37530)
2022-08-30 21:47:02.459 *** Mouse movement (LeftButton) ***  Mouse coords: (864, 263) (54282, 37557)
2022-08-30 21:47:02.487 *** Mouse movement (LeftButton) ***  Mouse coords: (842, 282) (54290, 37555)
2022-08-30 21:47:02.508 *** Mouse movement (LeftButton) ***  Mouse coords: (831, 294) (54304, 37546)
2022-08-30 21:47:02.529 *** Mouse movement (LeftButton) ***  Mouse coords: (819, 309) (54303, 37550)
2022-08-30 21:47:02.570 *** Mouse movement (LeftButton) ***  Mouse coords: (813, 319) (54311, 37543)
2022-08-30 21:47:02.591 *** Mouse movement (LeftButton) ***  Mouse coords: (812, 320) (54318, 37531)
2022-08-30 21:47:02.633 *** Mouse movement (LeftButton) ***  Mouse coords: (812, 320) (54319, 37530)
2022-08-30 21:47:02.655 *** Mouse movement (LeftButton) ***  Mouse coords: (812, 320) (54319, 37530)
2022-08-30 21:47:02.694 *** Mouse movement (LeftButton) ***  Mouse coords: (811, 319) (54318, 37529)
2022-08-30 21:47:02.773 *** Process image overlay spent 0.00 seconds.
2022-08-30 21:47:02.776 *** Get cell color spent 0.00 seconds.
2022-08-30 21:47:03.892 *** Keyboard input *** key pressed: key: 66; text: "b"
2022-08-30 21:47:04.154 *** Keyboard input *** key pressed: key: 66; text: "b"
2022-08-30 21:47:04.390 *** Keyboard input *** key pressed: key: 86; text: "v"
2022-08-30 21:47:04.844 *** Keyboard input *** key pressed: key: 66; text: "b"
2022-08-30 21:47:05.021 *** Keyboard input *** key pressed: key: 86; text: "v"
2022-08-30 21:47:05.140 *** Keyboard input *** key pressed: key: 66; text: "b"
2022-08-30 21:47:05.389 *** Keyboard input *** key pressed: key: 66; text: "b"
2022-08-30 21:47:05.896 *** Keyboard input *** key pressed: key: 66; text: "b"
2022-08-30 21:47:06.113 *** Keyboard input *** key pressed: key: 66; text: "b"
2022-08-30 21:47:06.358 *** Keyboard input *** key pressed: key: 66; text: "b"
2022-08-30 21:47:06.570 *** Keyboard input *** key pressed: key: 66; text: "b"
2022-08-30 21:47:06.753 *** Keyboard input *** key pressed: key: 66; text: "b"
2022-08-30 21:47:06.942 *** Keyboard input *** key pressed: key: 66; text: "b"
2022-08-30 21:47:07.139 *** Keyboard input *** key pressed: key: 66; text: "b"
2022-08-30 21:47:07.342 *** Keyboard input *** key pressed: key: 66; text: "b"
2022-08-30 21:47:07.582 *** Keyboard input *** key pressed: key: 66; text: "b"
2022-08-30 21:47:07.887 *** Keyboard input *** key pressed: key: 66; text: "b"
2022-08-30 21:47:08.092 *** Keyboard input *** key pressed: key: 66; text: "b"
2022-08-30 21:47:08.354 *** Keyboard input *** key pressed: key: 77; text: "m"
2022-08-30 21:47:08.553 *** Keyboard input *** key pressed: key: 77; text: "m"
2022-08-30 21:47:08.891 *** Keyboard input *** key pressed: key: 66; text: "b"
2022-08-30 21:47:09.112 *** Keyboard input *** key pressed: key: 66; text: "b"
2022-08-30 21:47:09.380 *** Keyboard input *** key pressed: key: 66; text: "b"
2022-08-30 21:47:09.594 *** Keyboard input *** key pressed: key: 66; text: "b"
2022-08-30 21:47:09.905 *** Keyboard input *** key pressed: key: 78; text: "n"
2022-08-30 21:47:10.302 *** Keyboard input *** key pressed: key: 77; text: "m"
2022-08-30 21:47:10.694 *** Keyboard input *** key pressed: key: 78; text: "n"
2022-08-30 21:47:11.001 *** Keyboard input *** key pressed: key: 78; text: "n"
2022-08-30 21:47:11.440 *** Keyboard input *** key pressed: key: 78; text: "n"
2022-08-30 21:47:11.691 *** Keyboard input *** key pressed: key: 78; text: "n"
2022-08-30 21:47:12.291 *** Keyboard input *** key pressed: key: 78; text: "n"
2022-08-30 21:47:12.398 *** Keyboard input *** key pressed: key: 77; text: "m"
2022-08-30 21:47:12.601 *** Keyboard input *** key pressed: key: 78; text: "n"
2022-08-30 21:47:12.658 *** Keyboard input *** key pressed: key: 77; text: "m"
2022-08-30 21:47:12.844 *** Keyboard input *** key pressed: key: 78; text: "n"
2022-08-30 21:47:13.053 *** Mouse movement (LeftButton) ***  Mouse coords: (707, 489) (54181, 37755)
2022-08-30 21:47:13.336 *** Keyboard input *** key pressed: key: 78; text: "n"
2022-08-30 21:47:13.436 *** Keyboard input *** key pressed: key: 77; text: "m"
2022-08-30 21:47:13.636 *** Keyboard input *** key pressed: key: 78; text: "n"
2022-08-30 21:47:13.778 *** Keyboard input *** key pressed: key: 77; text: "m"
2022-08-30 21:47:13.856 *** Keyboard input *** key pressed: key: 78; text: "n"
2022-08-30 21:47:14.019 *** Keyboard input *** key pressed: key: 77; text: "m"
2022-08-30 21:47:14.183 *** Keyboard input *** key pressed: key: 78; text: "n"
2022-08-30 21:47:14.403 *** Keyboard input *** key pressed: key: 77; text: "m"
2022-08-30 21:47:14.541 *** Keyboard input *** key pressed: key: 78; text: "n"
2022-08-30 21:47:14.707 *** Keyboard input *** key pressed: key: 77; text: "m"
2022-08-30 21:47:14.847 *** Keyboard input *** key pressed: key: 78; text: "n"
2022-08-30 21:47:14.970 *** Keyboard input *** key pressed: key: 77; text: "m"
2022-08-30 21:47:15.140 *** Keyboard input *** key pressed: key: 78; text: "n"
2022-08-30 21:47:15.233 *** Keyboard input *** key pressed: key: 77; text: "m"
2022-08-30 21:47:15.391 *** Keyboard input *** key pressed: key: 78; text: "n"
2022-08-30 21:47:15.564 *** Keyboard input *** key pressed: key: 77; text: "m"
2022-08-30 21:47:15.781 *** Keyboard input *** key pressed: key: 78; text: "n"
2022-08-30 21:47:15.902 *** Keyboard input *** key pressed: key: 77; text: "m"
2022-08-30 21:47:16.087 *** Keyboard input *** key pressed: key: 78; text: "n"
2022-08-30 21:47:16.166 *** Keyboard input *** key pressed: key: 77; text: "m"
2022-08-30 21:47:16.481 *** Keyboard input *** key pressed: key: 78; text: "n"
2022-08-30 21:47:16.592 *** Keyboard input *** key pressed: key: 77; text: "m"
2022-08-30 21:47:17.170 *** Mouse movement (LeftButton) ***  Mouse coords: (642, 603) (54095, 37905)
2022-08-30 21:47:17.367 *** Keyboard input *** key pressed: key: 78; text: "n"
2022-08-30 21:47:17.465 *** Keyboard input *** key pressed: key: 77; text: "m"
2022-08-30 21:47:17.657 *** Keyboard input *** key pressed: key: 78; text: "n"
2022-08-30 21:48:01.530 *** Program closed.
