2022-08-30 22:11:17.668 *** Start program *** Start program
2022-08-30 22:11:24.661 *** Open case *** /Applications/XAMPP/xamppfiles/htdocs/20220722_Eric_Yang
2022-08-30 22:11:29.289 *** Open processed data
2022-08-30 22:11:29.290 *** Preload all statistics at once.
2022-08-30 22:11:30.759 *** Nuclei stat data loaded, took 1.47 seconds. Total number of nuclei: 1781303
2022-08-30 22:11:41.710 *** Mouse movement (LeftButton) ***  Mouse coords: (517, 324) (31585, 35230)
2022-08-30 22:11:46.821 *** Mouse movement (LeftButton) ***  Mouse coords: (970, 88) (32142, 32880)
2022-08-30 22:11:46.940 *** Mouse movement (LeftButton) ***  Mouse coords: (970, 88) (32142, 32880)
2022-08-30 22:11:46.976 *** Mouse movement (LeftButton) ***  Mouse coords: (944, 97) (32049, 32912)
2022-08-30 22:11:46.998 *** Mouse movement (LeftButton) ***  Mouse coords: (928, 105) (32086, 32908)
2022-08-30 22:11:47.016 *** Mouse movement (LeftButton) ***  Mouse coords: (845, 156) (31848, 33061)
2022-08-30 22:11:47.037 *** Mouse movement (LeftButton) ***  Mouse coords: (800, 192) (31982, 33008)
2022-08-30 22:11:47.059 *** Mouse movement (LeftButton) ***  Mouse coords: (750, 237) (31965, 33039)
2022-08-30 22:11:47.079 *** Mouse movement (LeftButton) ***  Mouse coords: (720, 267) (32036, 32986)
2022-08-30 22:11:47.100 *** Mouse movement (LeftButton) ***  Mouse coords: (701, 291) (32074, 32965)
2022-08-30 22:11:47.118 *** Mouse movement (LeftButton) ***  Mouse coords: (686, 317) (32089, 32973)
2022-08-30 22:11:47.155 *** Mouse movement (LeftButton) ***  Mouse coords: (679, 332) (32117, 32933)
2022-08-30 22:11:47.175 *** Mouse movement (LeftButton) ***  Mouse coords: (677, 335) (32135, 32890)
2022-08-30 22:11:47.194 *** Mouse movement (LeftButton) ***  Mouse coords: (677, 336) (32142, 32884)
2022-08-30 22:11:47.230 *** Mouse movement (LeftButton) ***  Mouse coords: (677, 335) (32142, 32876)
2022-08-30 22:11:47.253 *** Mouse movement (LeftButton) ***  Mouse coords: (677, 334) (32142, 32877)
2022-08-30 22:12:03.010 *** Mouse movement (LeftButton) ***  Mouse coords: (686, 270) (32635, 32447)
2022-08-30 22:12:03.131 *** Mouse movement (LeftButton) ***  Mouse coords: (686, 270) (32635, 32447)
2022-08-30 22:12:03.156 *** Mouse movement (LeftButton) ***  Mouse coords: (689, 276) (32640, 32457)
2022-08-30 22:12:03.176 *** Mouse movement (LeftButton) ***  Mouse coords: (692, 282) (32644, 32466)
2022-08-30 22:12:03.195 *** Mouse movement (LeftButton) ***  Mouse coords: (705, 313) (32665, 32514)
2022-08-30 22:12:03.213 *** Mouse movement (LeftButton) ***  Mouse coords: (710, 328) (32673, 32538)
2022-08-30 22:12:03.230 *** Mouse movement (LeftButton) ***  Mouse coords: (714, 341) (32679, 32558)
2022-08-30 22:12:03.247 *** Mouse movement (LeftButton) ***  Mouse coords: (718, 351) (32685, 32573)
2022-08-30 22:12:03.265 *** Mouse movement (LeftButton) ***  Mouse coords: (720, 354) (32688, 32578)
2022-08-30 22:12:03.282 *** Mouse movement (LeftButton) ***  Mouse coords: (723, 360) (32693, 32587)
2022-08-30 22:12:03.299 *** Mouse movement (LeftButton) ***  Mouse coords: (727, 366) (32699, 32597)
2022-08-30 22:12:03.316 *** Mouse movement (LeftButton) ***  Mouse coords: (730, 371) (32704, 32605)
2022-08-30 22:12:03.333 *** Mouse movement (LeftButton) ***  Mouse coords: (733, 375) (32708, 32611)
2022-08-30 22:12:03.351 *** Mouse movement (LeftButton) ***  Mouse coords: (736, 378) (32713, 32616)
2022-08-30 22:12:03.368 *** Mouse movement (LeftButton) ***  Mouse coords: (738, 381) (32716, 32620)
2022-08-30 22:12:03.386 *** Mouse movement (LeftButton) ***  Mouse coords: (740, 383) (32719, 32623)
2022-08-30 22:12:03.403 *** Mouse movement (LeftButton) ***  Mouse coords: (741, 384) (32721, 32625)
2022-08-30 22:12:03.421 *** Mouse movement (LeftButton) ***  Mouse coords: (742, 385) (32722, 32626)
2022-08-30 22:12:03.438 *** Mouse movement (LeftButton) ***  Mouse coords: (742, 385) (32722, 32626)
2022-08-30 22:12:03.453 *** Mouse movement (LeftButton) ***  Mouse coords: (743, 386) (32724, 32628)
2022-08-30 22:12:03.470 *** Mouse movement (LeftButton) ***  Mouse coords: (745, 390) (32727, 32634)
2022-08-30 22:12:03.487 *** Mouse movement (LeftButton) ***  Mouse coords: (749, 395) (32733, 32642)
2022-08-30 22:12:03.505 *** Mouse movement (LeftButton) ***  Mouse coords: (752, 401) (32738, 32651)
2022-08-30 22:12:03.521 *** Mouse movement (LeftButton) ***  Mouse coords: (755, 406) (32743, 32659)
2022-08-30 22:12:03.539 *** Mouse movement (LeftButton) ***  Mouse coords: (757, 408) (32746, 32662)
2022-08-30 22:12:03.556 *** Mouse movement (LeftButton) ***  Mouse coords: (758, 410) (32747, 32665)
2022-08-30 22:12:03.573 *** Mouse movement (LeftButton) ***  Mouse coords: (758, 411) (32747, 32667)
2022-08-30 22:12:03.589 *** Mouse movement (LeftButton) ***  Mouse coords: (758, 411) (32747, 32667)
2022-08-30 22:12:03.614 *** Mouse movement (LeftButton) ***  Mouse coords: (759, 411) (32749, 32667)
2022-08-30 22:12:03.632 *** Mouse movement (LeftButton) ***  Mouse coords: (759, 411) (32749, 32667)
2022-08-30 22:12:03.765 *** Mouse movement (LeftButton) ***  Mouse coords: (759, 411) (32749, 32667)
2022-08-30 22:12:03.788 *** Mouse movement (LeftButton) ***  Mouse coords: (761, 411) (32752, 32667)
2022-08-30 22:12:03.808 *** Mouse movement (LeftButton) ***  Mouse coords: (769, 415) (32764, 32673)
2022-08-30 22:12:03.826 *** Mouse movement (LeftButton) ***  Mouse coords: (777, 423) (32777, 32686)
2022-08-30 22:12:03.843 *** Mouse movement (LeftButton) ***  Mouse coords: (786, 434) (32791, 32703)
2022-08-30 22:12:03.861 *** Mouse movement (LeftButton) ***  Mouse coords: (792, 444) (32800, 32718)
2022-08-30 22:12:03.878 *** Mouse movement (LeftButton) ***  Mouse coords: (798, 453) (32810, 32732)
2022-08-30 22:12:03.896 *** Mouse movement (LeftButton) ***  Mouse coords: (801, 457) (32814, 32739)
2022-08-30 22:12:03.913 *** Mouse movement (LeftButton) ***  Mouse coords: (802, 459) (32816, 32742)
2022-08-30 22:12:03.930 *** Mouse movement (LeftButton) ***  Mouse coords: (803, 460) (32817, 32743)
2022-08-30 22:12:03.947 *** Mouse movement (LeftButton) ***  Mouse coords: (803, 460) (32817, 32743)
2022-08-30 22:12:04.056 *** Mouse movement (LeftButton) ***  Mouse coords: (803, 460) (32817, 32743)
2022-08-30 22:12:04.076 *** Mouse movement (LeftButton) ***  Mouse coords: (802, 458) (32816, 32740)
2022-08-30 22:12:04.096 *** Mouse movement (LeftButton) ***  Mouse coords: (800, 457) (32813, 32739)
2022-08-30 22:12:04.113 *** Mouse movement (LeftButton) ***  Mouse coords: (799, 456) (32811, 32737)
2022-08-30 22:12:04.130 *** Mouse movement (LeftButton) ***  Mouse coords: (799, 456) (32811, 32737)
2022-08-30 22:12:04.145 *** Mouse movement (LeftButton) ***  Mouse coords: (799, 455) (32811, 32736)
2022-08-30 22:12:04.163 *** Mouse movement (LeftButton) ***  Mouse coords: (798, 455) (32810, 32736)
2022-08-30 22:12:04.180 *** Mouse movement (LeftButton) ***  Mouse coords: (798, 455) (32810, 32736)
2022-08-30 22:12:04.195 *** Mouse movement (LeftButton) ***  Mouse coords: (798, 455) (32810, 32736)
2022-08-30 22:12:04.210 *** Mouse movement (LeftButton) ***  Mouse coords: (798, 455) (32810, 32736)
2022-08-30 22:12:04.226 *** Mouse movement (LeftButton) ***  Mouse coords: (798, 454) (32810, 32734)
2022-08-30 22:12:04.243 *** Mouse movement (LeftButton) ***  Mouse coords: (798, 453) (32810, 32732)
2022-08-30 22:12:04.260 *** Mouse movement (LeftButton) ***  Mouse coords: (797, 451) (32808, 32729)
2022-08-30 22:12:04.278 *** Mouse movement (LeftButton) ***  Mouse coords: (796, 448) (32807, 32725)
2022-08-30 22:12:04.295 *** Mouse movement (LeftButton) ***  Mouse coords: (795, 444) (32805, 32718)
2022-08-30 22:12:04.312 *** Mouse movement (LeftButton) ***  Mouse coords: (794, 441) (32803, 32714)
2022-08-30 22:12:04.329 *** Mouse movement (LeftButton) ***  Mouse coords: (793, 441) (32802, 32714)
2022-08-30 22:12:04.346 *** Mouse movement (LeftButton) ***  Mouse coords: (793, 441) (32802, 32714)
2022-08-30 22:12:04.361 *** Mouse movement (LeftButton) ***  Mouse coords: (793, 441) (32802, 32714)
2022-08-30 22:12:05.531 *** Interactive label *** Apply to case start.
2022-08-30 22:12:07.769 *** Keyboard input *** key pressed: key: 78; text: "n"
2022-08-30 22:12:12.703 *** Keyboard input *** key pressed: key: 78; text: "n"
2022-08-30 22:12:13.331 *** Keyboard input *** key pressed: key: 78; text: "n"
2022-08-30 22:12:13.840 *** Keyboard input *** key pressed: key: 78; text: "n"
2022-08-30 22:12:14.291 *** Keyboard input *** key pressed: key: 78; text: "n"
2022-08-30 22:12:14.678 *** Keyboard input *** key pressed: key: 78; text: "n"
2022-08-30 22:12:16.008 *** Keyboard input *** key pressed: key: 78; text: "n"
2022-08-30 22:12:16.351 *** Keyboard input *** key pressed: key: 78; text: "n"
2022-08-30 22:12:16.775 *** Mouse movement (LeftButton) ***  Mouse coords: (393, 413) (32051, 32582)
2022-08-30 22:12:16.805 *** Mouse movement (LeftButton) ***  Mouse coords: (397, 423) (32057, 32597)
2022-08-30 22:12:16.826 *** Mouse movement (LeftButton) ***  Mouse coords: (415, 452) (32085, 32643)
2022-08-30 22:12:16.845 *** Mouse movement (LeftButton) ***  Mouse coords: (427, 468) (32104, 32667)
2022-08-30 22:12:16.863 *** Mouse movement (LeftButton) ***  Mouse coords: (440, 485) (32124, 32694)
2022-08-30 22:12:16.881 *** Mouse movement (LeftButton) ***  Mouse coords: (449, 497) (32138, 32713)
2022-08-30 22:12:16.898 *** Mouse movement (LeftButton) ***  Mouse coords: (451, 500) (32141, 32717)
2022-08-30 22:12:16.915 *** Mouse movement (LeftButton) ***  Mouse coords: (456, 506) (32149, 32727)
2022-08-30 22:12:16.933 *** Mouse movement (LeftButton) ***  Mouse coords: (458, 511) (32152, 32734)
2022-08-30 22:12:16.950 *** Mouse movement (LeftButton) ***  Mouse coords: (461, 517) (32157, 32744)
2022-08-30 22:12:16.967 *** Mouse movement (LeftButton) ***  Mouse coords: (464, 522) (32161, 32752)
2022-08-30 22:12:16.985 *** Mouse movement (LeftButton) ***  Mouse coords: (468, 529) (32168, 32763)
2022-08-30 22:12:17.003 *** Mouse movement (LeftButton) ***  Mouse coords: (475, 539) (32179, 32778)
2022-08-30 22:12:17.021 *** Mouse movement (LeftButton) ***  Mouse coords: (480, 547) (32186, 32791)
2022-08-30 22:12:17.038 *** Mouse movement (LeftButton) ***  Mouse coords: (485, 554) (32194, 32801)
2022-08-30 22:12:17.057 *** Mouse movement (LeftButton) ***  Mouse coords: (490, 560) (32202, 32811)
2022-08-30 22:12:17.074 *** Mouse movement (LeftButton) ***  Mouse coords: (491, 562) (32204, 32814)
2022-08-30 22:12:17.091 *** Mouse movement (LeftButton) ***  Mouse coords: (491, 562) (32204, 32814)
2022-08-30 22:12:17.107 *** Mouse movement (LeftButton) ***  Mouse coords: (492, 563) (32205, 32816)
2022-08-30 22:12:17.124 *** Mouse movement (LeftButton) ***  Mouse coords: (493, 564) (32207, 32817)
2022-08-30 22:12:17.141 *** Mouse movement (LeftButton) ***  Mouse coords: (496, 566) (32211, 32820)
2022-08-30 22:12:17.159 *** Mouse movement (LeftButton) ***  Mouse coords: (502, 571) (32221, 32828)
2022-08-30 22:12:17.176 *** Mouse movement (LeftButton) ***  Mouse coords: (510, 578) (32233, 32839)
2022-08-30 22:12:17.193 *** Mouse movement (LeftButton) ***  Mouse coords: (518, 584) (32246, 32848)
2022-08-30 22:12:17.211 *** Mouse movement (LeftButton) ***  Mouse coords: (523, 589) (32253, 32856)
2022-08-30 22:12:17.229 *** Mouse movement (LeftButton) ***  Mouse coords: (527, 591) (32260, 32859)
2022-08-30 22:12:17.246 *** Mouse movement (LeftButton) ***  Mouse coords: (528, 592) (32261, 32861)
2022-08-30 22:12:17.263 *** Mouse movement (LeftButton) ***  Mouse coords: (529, 593) (32263, 32862)
2022-08-30 22:12:17.280 *** Mouse movement (LeftButton) ***  Mouse coords: (529, 593) (32263, 32862)
2022-08-30 22:12:18.566 *** Interactive label *** Apply to case start.
2022-08-30 22:12:23.736 *** Interactive label *** Apply to case done.
2022-08-30 22:12:29.668 *** Interactive label *** Apply to case finish overlay create.
2022-08-30 22:12:32.047 *** Keyboard input *** key pressed: key: 77; text: "m"
2022-08-30 22:12:32.059 *** Process image overlay spent 0.01 seconds.
2022-08-30 22:12:32.063 *** Get cell color spent 0.00 seconds.
2022-08-30 22:12:32.860 *** Process image overlay spent 0.00 seconds.
2022-08-30 22:12:32.865 *** Get cell color spent 0.00 seconds.
2022-08-30 22:12:33.054 *** Process image overlay spent 0.01 seconds.
2022-08-30 22:12:33.059 *** Get cell color spent 0.00 seconds.
2022-08-30 22:12:34.202 *** Process image overlay spent 0.00 seconds.
2022-08-30 22:12:34.218 *** Get cell color spent 0.02 seconds.
2022-08-30 22:12:35.418 *** Process image overlay spent 0.00 seconds.
2022-08-30 22:12:35.427 *** Get cell color spent 0.01 seconds.
2022-08-30 22:12:36.769 *** Mouse movement (LeftButton) ***  Mouse coords: (837, 416) (33893, 31995)
2022-08-30 22:12:36.898 *** Mouse movement (LeftButton) ***  Mouse coords: (838, 416) (33898, 31995)
2022-08-30 22:12:36.932 *** Mouse movement (LeftButton) ***  Mouse coords: (850, 430) (33956, 32063)
2022-08-30 22:12:36.956 *** Mouse movement (LeftButton) ***  Mouse coords: (868, 448) (34043, 32150)
2022-08-30 22:12:36.977 *** Mouse movement (LeftButton) ***  Mouse coords: (882, 460) (34111, 32209)
2022-08-30 22:12:36.998 *** Mouse movement (LeftButton) ***  Mouse coords: (893, 469) (34165, 32252)
2022-08-30 22:12:37.018 *** Mouse movement (LeftButton) ***  Mouse coords: (897, 472) (34184, 32267)
2022-08-30 22:12:37.039 *** Mouse movement (LeftButton) ***  Mouse coords: (905, 478) (34223, 32296)
2022-08-30 22:12:37.059 *** Mouse movement (LeftButton) ***  Mouse coords: (909, 481) (34243, 32311)
2022-08-30 22:12:37.080 *** Mouse movement (LeftButton) ***  Mouse coords: (912, 483) (34257, 32320)
2022-08-30 22:12:37.100 *** Mouse movement (LeftButton) ***  Mouse coords: (913, 483) (34262, 32320)
2022-08-30 22:12:37.120 *** Mouse movement (LeftButton) ***  Mouse coords: (913, 483) (34262, 32320)
2022-08-30 22:12:37.332 *** Mouse movement (LeftButton) ***  Mouse coords: (913, 483) (34262, 32320)
2022-08-30 22:12:37.369 *** Mouse movement (LeftButton) ***  Mouse coords: (911, 483) (34252, 32320)
2022-08-30 22:12:37.393 *** Mouse movement (LeftButton) ***  Mouse coords: (908, 484) (34238, 32325)
2022-08-30 22:12:37.414 *** Mouse movement (LeftButton) ***  Mouse coords: (907, 485) (34233, 32330)
2022-08-30 22:12:37.434 *** Mouse movement (LeftButton) ***  Mouse coords: (906, 485) (34228, 32330)
2022-08-30 22:12:37.454 *** Mouse movement (LeftButton) ***  Mouse coords: (905, 486) (34223, 32335)
2022-08-30 22:12:37.474 *** Mouse movement (LeftButton) ***  Mouse coords: (905, 486) (34223, 32335)
2022-08-30 22:12:37.493 *** Mouse movement (LeftButton) ***  Mouse coords: (905, 486) (34223, 32335)
2022-08-30 22:12:37.531 *** Mouse movement (LeftButton) ***  Mouse coords: (905, 486) (34223, 32335)
2022-08-30 22:12:37.550 *** Mouse movement (LeftButton) ***  Mouse coords: (905, 487) (34223, 32340)
2022-08-30 22:12:37.570 *** Mouse movement (LeftButton) ***  Mouse coords: (905, 491) (34223, 32359)
2022-08-30 22:12:37.591 *** Mouse movement (LeftButton) ***  Mouse coords: (906, 499) (34228, 32398)
2022-08-30 22:12:37.611 *** Mouse movement (LeftButton) ***  Mouse coords: (907, 505) (34233, 32427)
2022-08-30 22:12:37.632 *** Mouse movement (LeftButton) ***  Mouse coords: (908, 513) (34238, 32466)
2022-08-30 22:12:37.652 *** Mouse movement (LeftButton) ***  Mouse coords: (909, 514) (34243, 32471)
2022-08-30 22:12:37.673 *** Mouse movement (LeftButton) ***  Mouse coords: (909, 515) (34243, 32476)
2022-08-30 22:12:37.693 *** Mouse movement (LeftButton) ***  Mouse coords: (909, 516) (34243, 32481)
2022-08-30 22:12:37.714 *** Mouse movement (LeftButton) ***  Mouse coords: (909, 516) (34243, 32481)
2022-08-30 22:12:37.823 *** Mouse movement (LeftButton) ***  Mouse coords: (909, 516) (34243, 32481)
2022-08-30 22:12:37.846 *** Mouse movement (LeftButton) ***  Mouse coords: (910, 515) (34247, 32476)
2022-08-30 22:12:37.868 *** Mouse movement (LeftButton) ***  Mouse coords: (912, 513) (34257, 32466)
2022-08-30 22:12:37.889 *** Mouse movement (LeftButton) ***  Mouse coords: (913, 512) (34262, 32461)
2022-08-30 22:12:37.910 *** Mouse movement (LeftButton) ***  Mouse coords: (913, 511) (34262, 32456)
2022-08-30 22:12:37.930 *** Mouse movement (LeftButton) ***  Mouse coords: (914, 511) (34267, 32456)
2022-08-30 22:12:39.620 *** Interactive label *** Apply to case start.
2022-08-30 22:12:45.096 *** Interactive label *** Apply to case done.
2022-08-30 22:12:48.941 *** Interactive label *** Apply to case finish overlay create.
2022-08-30 22:12:48.948 *** Process image overlay spent 0.01 seconds.
2022-08-30 22:12:48.958 *** Get cell color spent 0.01 seconds.
2022-08-30 22:12:50.826 *** Process image overlay spent 0.00 seconds.
2022-08-30 22:12:50.830 *** Get cell color spent 0.00 seconds.
2022-08-30 22:12:51.184 *** Process image overlay spent 0.01 seconds.
2022-08-30 22:12:51.187 *** Get cell color spent 0.00 seconds.
2022-08-30 22:12:52.051 *** Process image overlay spent 0.01 seconds.
2022-08-30 22:12:52.064 *** Get cell color spent 0.01 seconds.
2022-08-30 22:12:52.442 *** Process image overlay spent 0.00 seconds.
2022-08-30 22:12:52.522 *** Get cell color spent 0.08 seconds.
2022-08-30 22:13:00.321 *** Keyboard input *** key pressed: key: 77; text: "m"
2022-08-30 22:13:00.721 *** Keyboard input *** key pressed: key: 77; text: "m"
2022-08-30 22:13:01.115 *** Keyboard input *** key pressed: key: 77; text: "m"
2022-08-30 22:13:01.420 *** Keyboard input *** key pressed: key: 77; text: "m"
2022-08-30 22:13:01.736 *** Keyboard input *** key pressed: key: 77; text: "m"
2022-08-30 22:13:02.001 *** Keyboard input *** key pressed: key: 77; text: "m"
2022-08-30 22:13:02.318 *** Keyboard input *** key pressed: key: 77; text: "m"
2022-08-30 22:13:02.575 *** Keyboard input *** key pressed: key: 77; text: "m"
2022-08-30 22:13:02.885 *** Keyboard input *** key pressed: key: 77; text: "m"
2022-08-30 22:13:03.237 *** Keyboard input *** key pressed: key: 77; text: "m"
2022-08-30 22:13:03.632 *** Keyboard input *** key pressed: key: 77; text: "m"
2022-08-30 22:13:04.040 *** Keyboard input *** key pressed: key: 77; text: "m"
2022-08-30 22:13:04.416 *** Keyboard input *** key pressed: key: 77; text: "m"
2022-08-30 22:13:04.705 *** Keyboard input *** key pressed: key: 77; text: "m"
2022-08-30 22:13:05.200 *** Keyboard input *** key pressed: key: 77; text: "m"
2022-08-30 22:13:06.136 *** Keyboard input *** key pressed: key: 77; text: "m"
2022-08-30 22:13:06.542 *** Keyboard input *** key pressed: key: 77; text: "m"
2022-08-30 22:13:06.749 *** Keyboard input *** key pressed: key: 77; text: "m"
2022-08-30 22:13:07.019 *** Keyboard input *** key pressed: key: 77; text: "m"
2022-08-30 22:13:07.308 *** Keyboard input *** key pressed: key: 77; text: "m"
2022-08-30 22:13:07.573 *** Keyboard input *** key pressed: key: 77; text: "m"
2022-08-30 22:13:07.814 *** Keyboard input *** key pressed: key: 77; text: "m"
2022-08-30 22:13:08.318 *** Keyboard input *** key pressed: key: 77; text: "m"
2022-08-30 22:13:08.393 *** Keyboard input *** key pressed: key: 77; text: "m"
2022-08-30 22:13:08.478 *** Keyboard input *** key pressed: key: 77; text: "m"
2022-08-30 22:13:08.561 *** Keyboard input *** key pressed: key: 77; text: "m"
2022-08-30 22:13:08.645 *** Keyboard input *** key pressed: key: 77; text: "m"
2022-08-30 22:13:08.727 *** Keyboard input *** key pressed: key: 77; text: "m"
2022-08-30 22:13:08.811 *** Keyboard input *** key pressed: key: 77; text: "m"
2022-08-30 22:13:08.894 *** Keyboard input *** key pressed: key: 77; text: "m"
2022-08-30 22:13:08.978 *** Keyboard input *** key pressed: key: 77; text: "m"
2022-08-30 22:13:09.061 *** Keyboard input *** key pressed: key: 77; text: "m"
2022-08-30 22:13:09.144 *** Keyboard input *** key pressed: key: 77; text: "m"
2022-08-30 22:13:09.227 *** Keyboard input *** key pressed: key: 77; text: "m"
2022-08-30 22:13:09.311 *** Keyboard input *** key pressed: key: 77; text: "m"
2022-08-30 22:13:09.393 *** Keyboard input *** key pressed: key: 77; text: "m"
2022-08-30 22:13:09.794 *** Keyboard input *** key pressed: key: 77; text: "m"
2022-08-30 22:13:10.186 *** Keyboard input *** key pressed: key: 77; text: "m"
2022-08-30 22:13:10.898 *** Keyboard input *** key pressed: key: 77; text: "m"
2022-08-30 22:13:11.166 *** Keyboard input *** key pressed: key: 77; text: "m"
2022-08-30 22:13:19.475 *** Interactive label *** Apply to case done.
2022-08-30 22:13:27.493 *** Mouse movement (LeftButton) ***  Mouse coords: (548, 434) (46138, 48021)
2022-08-30 22:13:27.597 *** Mouse movement (LeftButton) ***  Mouse coords: (549, 434) (46218, 47942)
2022-08-30 22:13:27.621 *** Mouse movement (LeftButton) ***  Mouse coords: (556, 439) (46695, 48340)
2022-08-30 22:13:27.640 *** Mouse movement (LeftButton) ***  Mouse coords: (561, 442) (46536, 48181)
2022-08-30 22:13:27.658 *** Mouse movement (LeftButton) ***  Mouse coords: (571, 451) (46934, 48658)
2022-08-30 22:13:27.677 *** Mouse movement (LeftButton) ***  Mouse coords: (583, 461) (47093, 48738)
2022-08-30 22:13:27.697 *** Mouse movement (LeftButton) ***  Mouse coords: (588, 466) (46536, 48340)
2022-08-30 22:13:27.717 *** Mouse movement (LeftButton) ***  Mouse coords: (592, 469) (46457, 48181)
2022-08-30 22:13:27.743 *** Mouse movement (LeftButton) ***  Mouse coords: (594, 470) (46297, 48022)
2022-08-30 22:13:27.762 *** Mouse movement (LeftButton) ***  Mouse coords: (594, 470) (46138, 47942)
2022-08-30 22:13:27.831 *** Mouse movement (LeftButton) ***  Mouse coords: (594, 470) (46138, 47942)
2022-08-30 22:13:29.016 *** Mouse movement (LeftButton) ***  Mouse coords: (607, 471) (47173, 48021)
2022-08-30 22:13:29.052 *** Mouse movement (LeftButton) ***  Mouse coords: (613, 471) (47650, 48021)
2022-08-30 22:13:29.074 *** Mouse movement (LeftButton) ***  Mouse coords: (618, 471) (47571, 48021)
2022-08-30 22:13:29.093 *** Mouse movement (LeftButton) ***  Mouse coords: (621, 471) (47412, 48021)
2022-08-30 22:13:29.112 *** Mouse movement (LeftButton) ***  Mouse coords: (631, 471) (47969, 48021)
2022-08-30 22:13:29.131 *** Mouse movement (LeftButton) ***  Mouse coords: (643, 471) (48128, 48021)
2022-08-30 22:13:29.150 *** Mouse movement (LeftButton) ***  Mouse coords: (667, 471) (49084, 48021)
2022-08-30 22:13:29.168 *** Mouse movement (LeftButton) ***  Mouse coords: (679, 471) (48128, 48021)
2022-08-30 22:13:29.187 *** Mouse movement (LeftButton) ***  Mouse coords: (687, 471) (47810, 48021)
2022-08-30 22:13:29.205 *** Mouse movement (LeftButton) ***  Mouse coords: (696, 471) (47889, 48021)
2022-08-30 22:13:29.225 *** Mouse movement (LeftButton) ***  Mouse coords: (704, 471) (47810, 48021)
2022-08-30 22:13:29.255 *** Mouse movement (LeftButton) ***  Mouse coords: (708, 471) (47491, 48021)
2022-08-30 22:13:29.273 *** Mouse movement (LeftButton) ***  Mouse coords: (711, 471) (47412, 48021)
2022-08-30 22:13:29.292 *** Mouse movement (LeftButton) ***  Mouse coords: (711, 471) (47173, 48021)
2022-08-30 22:13:29.310 *** Mouse movement (LeftButton) ***  Mouse coords: (712, 471) (47253, 48021)
2022-08-30 22:13:29.329 *** Mouse movement (LeftButton) ***  Mouse coords: (712, 471) (47173, 48021)
2022-08-30 22:13:30.599 *** Mouse movement (LeftButton) ***  Mouse coords: (738, 486) (49242, 49215)
2022-08-30 22:13:30.649 *** Mouse movement (LeftButton) ***  Mouse coords: (760, 486) (50993, 49215)
2022-08-30 22:13:30.672 *** Mouse movement (LeftButton) ***  Mouse coords: (774, 486) (50357, 49215)
2022-08-30 22:13:30.692 *** Mouse movement (LeftButton) ***  Mouse coords: (781, 485) (49799, 49136)
2022-08-30 22:13:30.711 *** Mouse movement (LeftButton) ***  Mouse coords: (796, 483) (50436, 49055)
2022-08-30 22:13:30.729 *** Mouse movement (LeftButton) ***  Mouse coords: (811, 479) (50436, 48897)
2022-08-30 22:13:30.747 *** Mouse movement (LeftButton) ***  Mouse coords: (820, 476) (49958, 48976)
2022-08-30 22:13:30.766 *** Mouse movement (LeftButton) ***  Mouse coords: (834, 471) (50357, 48817)
2022-08-30 22:13:30.788 *** Mouse movement (LeftButton) ***  Mouse coords: (839, 469) (49640, 49056)
2022-08-30 22:13:30.805 *** Mouse movement (LeftButton) ***  Mouse coords: (841, 468) (49401, 49135)
2022-08-30 22:13:30.835 *** Mouse movement (LeftButton) ***  Mouse coords: (842, 468) (49321, 49215)
2022-08-30 22:13:30.875 *** Mouse movement (LeftButton) ***  Mouse coords: (843, 467) (49322, 49136)
2022-08-30 22:13:30.894 *** Mouse movement (LeftButton) ***  Mouse coords: (843, 466) (49242, 49135)
2022-08-30 22:13:31.413 *** Keyboard input *** key pressed: key: 77; text: "m"
2022-08-30 22:13:31.830 *** Keyboard input *** key pressed: key: 77; text: "m"
2022-08-30 22:13:42.285 *** Interactive label *** Apply to case done.
2022-08-30 22:13:55.761 *** Mouse movement (LeftButton) ***  Mouse coords: (862, 345) (50754, 39584)
2022-08-30 22:13:55.806 *** Mouse movement (LeftButton) ***  Mouse coords: (861, 346) (50755, 39583)
2022-08-30 22:13:55.830 *** Mouse movement (LeftButton) ***  Mouse coords: (859, 346) (50675, 39504)
2022-08-30 22:13:55.850 *** Mouse movement (LeftButton) ***  Mouse coords: (858, 346) (50754, 39504)
2022-08-30 22:13:55.870 *** Mouse movement (LeftButton) ***  Mouse coords: (855, 346) (50595, 39504)
2022-08-30 22:13:55.891 *** Mouse movement (LeftButton) ***  Mouse coords: (850, 346) (50436, 39504)
2022-08-30 22:13:55.911 *** Mouse movement (LeftButton) ***  Mouse coords: (847, 346) (50595, 39504)
2022-08-30 22:13:55.930 *** Mouse movement (LeftButton) ***  Mouse coords: (845, 346) (50675, 39504)
2022-08-30 22:13:55.954 *** Mouse movement (LeftButton) ***  Mouse coords: (841, 346) (50516, 39504)
2022-08-30 22:13:55.982 *** Mouse movement (LeftButton) ***  Mouse coords: (836, 346) (50436, 39504)
2022-08-30 22:13:56.000 *** Mouse movement (LeftButton) ***  Mouse coords: (831, 346) (50436, 39504)
2022-08-30 22:13:56.019 *** Mouse movement (LeftButton) ***  Mouse coords: (827, 346) (50515, 39504)
2022-08-30 22:13:56.037 *** Mouse movement (LeftButton) ***  Mouse coords: (823, 346) (50516, 39504)
2022-08-30 22:13:56.056 *** Mouse movement (LeftButton) ***  Mouse coords: (818, 346) (50436, 39504)
2022-08-30 22:13:56.075 *** Mouse movement (LeftButton) ***  Mouse coords: (816, 346) (50675, 39504)
2022-08-30 22:13:56.094 *** Mouse movement (LeftButton) ***  Mouse coords: (814, 346) (50675, 39504)
2022-08-30 22:13:56.114 *** Mouse movement (LeftButton) ***  Mouse coords: (811, 347) (50595, 39584)
2022-08-30 22:13:56.138 *** Mouse movement (LeftButton) ***  Mouse coords: (805, 349) (50356, 39663)
2022-08-30 22:13:56.162 *** Mouse movement (LeftButton) ***  Mouse coords: (797, 350) (50197, 39584)
2022-08-30 22:13:56.182 *** Mouse movement (LeftButton) ***  Mouse coords: (791, 350) (50357, 39504)
2022-08-30 22:13:56.201 *** Mouse movement (LeftButton) ***  Mouse coords: (789, 349) (50675, 39424)
2022-08-30 22:13:56.220 *** Mouse movement (LeftButton) ***  Mouse coords: (787, 347) (50674, 39345)
2022-08-30 22:13:56.238 *** Mouse movement (LeftButton) ***  Mouse coords: (787, 346) (50834, 39424)
2022-08-30 22:13:57.433 *** Mouse movement (LeftButton) ***  Mouse coords: (833, 359) (54496, 40539)
2022-08-30 22:13:57.483 *** Mouse movement (LeftButton) ***  Mouse coords: (815, 359) (53063, 40539)
2022-08-30 22:13:57.506 *** Mouse movement (LeftButton) ***  Mouse coords: (803, 359) (53541, 40539)
2022-08-30 22:13:57.526 *** Mouse movement (LeftButton) ***  Mouse coords: (797, 359) (54018, 40539)
2022-08-30 22:13:57.545 *** Mouse movement (LeftButton) ***  Mouse coords: (789, 359) (53860, 40539)
2022-08-30 22:13:57.563 *** Mouse movement (LeftButton) ***  Mouse coords: (781, 359) (53859, 40539)
2022-08-30 22:13:57.582 *** Mouse movement (LeftButton) ***  Mouse coords: (773, 359) (53859, 40539)
2022-08-30 22:13:57.601 *** Mouse movement (LeftButton) ***  Mouse coords: (770, 359) (54257, 40539)
2022-08-30 22:13:57.619 *** Mouse movement (LeftButton) ***  Mouse coords: (769, 359) (54417, 40539)
2022-08-30 22:13:57.638 *** Mouse movement (LeftButton) ***  Mouse coords: (769, 359) (54496, 40539)
2022-08-31 11:24:40.505 *** Mouse movement (LeftButton) ***  Mouse coords: (507, 463) (33641, 48817)
2022-08-31 11:24:40.560 *** Mouse movement (LeftButton) ***  Mouse coords: (508, 462) (33760, 48778)
2022-08-31 11:24:40.597 *** Mouse movement (LeftButton) ***  Mouse coords: (508, 463) (33681, 48936)
2022-08-31 11:24:40.623 *** Mouse movement (LeftButton) ***  Mouse coords: (509, 463) (33761, 48857)
2022-08-31 11:24:40.646 *** Mouse movement (LeftButton) ***  Mouse coords: (517, 465) (34318, 49016)
2022-08-31 11:24:40.670 *** Mouse movement (LeftButton) ***  Mouse coords: (536, 468) (35193, 49096)
2022-08-31 11:24:40.697 *** Mouse movement (LeftButton) ***  Mouse coords: (566, 476) (36069, 49494)
2022-08-31 11:24:40.725 *** Mouse movement (LeftButton) ***  Mouse coords: (595, 488) (35989, 49812)
2022-08-31 11:24:40.770 *** Mouse movement (LeftButton) ***  Mouse coords: (619, 500) (35592, 49812)
2022-08-31 11:24:40.804 *** Mouse movement (LeftButton) ***  Mouse coords: (653, 521) (36387, 50529)
2022-08-31 11:24:40.829 *** Mouse movement (LeftButton) ***  Mouse coords: (664, 528) (34557, 49414)
2022-08-31 11:24:40.857 *** Mouse movement (LeftButton) ***  Mouse coords: (665, 529) (33760, 48937)
2022-08-31 11:24:40.880 *** Mouse movement (LeftButton) ***  Mouse coords: (666, 529) (33761, 48857)
2022-08-31 11:24:46.527 *** Program closed.
