2022-08-12 10:44:50.682 *** Start program *** Start program
2022-08-12 10:44:59.756 *** Open case *** /media/zhihuang/Drive14/Google_Colon_lnm_pos_2015_slides/slides/S0425
2022-08-12 10:45:02.837 *** Open processed data
2022-08-12 10:45:02.837 *** Preload all statistics at once.
2022-08-12 10:45:03.647 *** Nuclei stat data loaded, took 0.81 seconds. Total number of nuclei: 954361
2022-08-12 10:45:07.170 *** Process image overlay spent 0.00 seconds.
2022-08-12 10:45:07.226 *** Get cell color spent 0.06 seconds.
2022-08-12 10:45:07.281 *** Process image overlay spent 0.00 seconds.
2022-08-12 10:45:07.325 *** Get cell color spent 0.04 seconds.
2022-08-12 10:45:07.447 *** Process image overlay spent 0.00 seconds.
2022-08-12 10:45:07.490 *** Get cell color spent 0.04 seconds.
2022-08-12 10:45:07.583 *** Process image overlay spent 0.00 seconds.
2022-08-12 10:45:07.595 *** Get cell color spent 0.01 seconds.
2022-08-12 10:45:07.617 *** Process image overlay spent 0.00 seconds.
2022-08-12 10:45:07.629 *** Get cell color spent 0.01 seconds.
2022-08-12 10:45:07.662 *** Process image overlay spent 0.01 seconds.
2022-08-12 10:45:07.666 *** Get cell color spent 0.00 seconds.
2022-08-12 10:45:07.725 *** Process image overlay spent 0.00 seconds.
2022-08-12 10:45:07.729 *** Get cell color spent 0.00 seconds.
2022-08-12 10:45:07.794 *** Process image overlay spent 0.00 seconds.
2022-08-12 10:45:07.796 *** Get cell color spent 0.00 seconds.
2022-08-12 10:45:07.819 *** Process image overlay spent 0.00 seconds.
2022-08-12 10:45:07.821 *** Get cell color spent 0.00 seconds.
2022-08-12 10:45:08.003 *** Process image overlay spent 0.00 seconds.
2022-08-12 10:45:08.005 *** Get cell color spent 0.00 seconds.
2022-08-12 10:45:08.607 *** Process image overlay spent 0.00 seconds.
2022-08-12 10:45:08.609 *** Get cell color spent 0.00 seconds.
2022-08-12 10:45:08.621 *** Process image overlay spent 0.00 seconds.
2022-08-12 10:45:08.622 *** Get cell color spent 0.00 seconds.
2022-08-12 10:45:08.672 *** Process image overlay spent 0.00 seconds.
2022-08-12 10:45:08.673 *** Get cell color spent 0.00 seconds.
2022-08-12 10:45:08.721 *** Process image overlay spent 0.00 seconds.
2022-08-12 10:45:08.722 *** Get cell color spent 0.00 seconds.
2022-08-12 10:45:08.836 *** Process image overlay spent 0.00 seconds.
2022-08-12 10:45:08.837 *** Get cell color spent 0.00 seconds.
2022-08-12 10:45:08.940 *** Process image overlay spent 0.01 seconds.
2022-08-12 10:45:08.942 *** Get cell color spent 0.00 seconds.
2022-08-12 10:45:09.319 *** Process image overlay spent 0.00 seconds.
2022-08-12 10:45:09.320 *** Get cell color spent 0.00 seconds.
2022-08-12 10:45:11.107 *** Process image overlay spent 0.00 seconds.
2022-08-12 10:45:11.108 *** Get cell color spent 0.00 seconds.
2022-08-12 10:45:11.770 *** Process image overlay spent 0.00 seconds.
2022-08-12 10:45:11.771 *** Get cell color spent 0.00 seconds.
2022-08-12 10:45:12.735 *** Process image overlay spent 0.00 seconds.
2022-08-12 10:45:12.737 *** Get cell color spent 0.00 seconds.
2022-08-12 10:45:13.406 *** Process image overlay spent 0.00 seconds.
2022-08-12 10:45:13.407 *** Get cell color spent 0.00 seconds.
2022-08-12 10:45:14.856 *** Process image overlay spent 0.00 seconds.
2022-08-12 10:45:14.857 *** Get cell color spent 0.00 seconds.
2022-08-12 10:45:15.237 *** Process image overlay spent 0.00 seconds.
2022-08-12 10:45:15.238 *** Get cell color spent 0.00 seconds.
2022-08-12 10:45:17.219 *** Process image overlay spent 0.00 seconds.
2022-08-12 10:45:17.220 *** Get cell color spent 0.00 seconds.
2022-08-12 10:45:17.701 *** Mouse movement (LeftButton) ***  Mouse coords: (882, 250) (24539, 49744)
2022-08-12 10:45:17.717 *** Mouse movement (LeftButton) ***  Mouse coords: (876, 253) (24536, 49746)
2022-08-12 10:45:17.732 *** Mouse movement (LeftButton) ***  Mouse coords: (859, 259) (24532, 49746)
2022-08-12 10:45:17.748 *** Mouse movement (LeftButton) ***  Mouse coords: (844, 264) (24532, 49746)
2022-08-12 10:45:17.765 *** Mouse movement (LeftButton) ***  Mouse coords: (811, 275) (24525, 49749)
2022-08-12 10:45:17.782 *** Mouse movement (LeftButton) ***  Mouse coords: (775, 288) (24523, 49750)
2022-08-12 10:45:17.805 *** Mouse movement (LeftButton) ***  Mouse coords: (724, 306) (24517, 49752)
2022-08-12 10:45:17.816 *** Mouse movement (LeftButton) ***  Mouse coords: (678, 327) (24519, 49753)
2022-08-12 10:45:17.832 *** Mouse movement (LeftButton) ***  Mouse coords: (637, 344) (24521, 49751)
2022-08-12 10:45:17.848 *** Mouse movement (LeftButton) ***  Mouse coords: (592, 359) (24519, 49751)
2022-08-12 10:45:17.866 *** Mouse movement (LeftButton) ***  Mouse coords: (556, 370) (24523, 49749)
2022-08-12 10:45:17.885 *** Mouse movement (LeftButton) ***  Mouse coords: (496, 384) (24513, 49750)
2022-08-12 10:45:17.898 *** Mouse movement (LeftButton) ***  Mouse coords: (467, 391) (24526, 49747)
2022-08-12 10:45:17.915 *** Mouse movement (LeftButton) ***  Mouse coords: (449, 394) (24532, 49745)
2022-08-12 10:45:17.932 *** Mouse movement (LeftButton) ***  Mouse coords: (438, 396) (24534, 49745)
2022-08-12 10:45:17.948 *** Mouse movement (LeftButton) ***  Mouse coords: (437, 396) (24538, 49744)
2022-08-12 10:45:17.984 *** Process image overlay spent 0.02 seconds.
2022-08-12 10:45:17.987 *** Get cell color spent 0.00 seconds.
2022-08-12 10:45:18.460 *** Process image overlay spent 0.00 seconds.
2022-08-12 10:45:18.462 *** Get cell color spent 0.00 seconds.
2022-08-12 10:45:19.097 *** Mouse movement (LeftButton) ***  Mouse coords: (950, 169) (24726, 49690)
2022-08-12 10:45:19.116 *** Mouse movement (LeftButton) ***  Mouse coords: (947, 173) (24725, 49690)
2022-08-12 10:45:19.134 *** Mouse movement (LeftButton) ***  Mouse coords: (938, 185) (24724, 49692)
2022-08-12 10:45:19.150 *** Mouse movement (LeftButton) ***  Mouse coords: (911, 217) (24719, 49697)
2022-08-12 10:45:19.165 *** Mouse movement (LeftButton) ***  Mouse coords: (890, 238) (24721, 49694)
2022-08-12 10:45:19.183 *** Mouse movement (LeftButton) ***  Mouse coords: (860, 267) (24718, 49696)
2022-08-12 10:45:19.199 *** Mouse movement (LeftButton) ***  Mouse coords: (828, 297) (24718, 49697)
2022-08-12 10:45:19.215 *** Mouse movement (LeftButton) ***  Mouse coords: (804, 319) (24720, 49694)
2022-08-12 10:45:19.232 *** Mouse movement (LeftButton) ***  Mouse coords: (753, 369) (24713, 49702)
2022-08-12 10:45:19.249 *** Mouse movement (LeftButton) ***  Mouse coords: (720, 399) (24718, 49696)
2022-08-12 10:45:19.265 *** Mouse movement (LeftButton) ***  Mouse coords: (695, 421) (24720, 49695)
2022-08-12 10:45:19.282 *** Mouse movement (LeftButton) ***  Mouse coords: (666, 442) (24719, 49694)
2022-08-12 10:45:19.299 *** Mouse movement (LeftButton) ***  Mouse coords: (645, 457) (24720, 49693)
2022-08-12 10:45:19.315 *** Mouse movement (LeftButton) ***  Mouse coords: (626, 471) (24722, 49692)
2022-08-12 10:45:19.332 *** Mouse movement (LeftButton) ***  Mouse coords: (617, 476) (24723, 49691)
2022-08-12 10:45:19.349 *** Mouse movement (LeftButton) ***  Mouse coords: (613, 480) (24725, 49690)
2022-08-12 10:45:19.370 *** Process image overlay spent 0.00 seconds.
2022-08-12 10:45:19.371 *** Get cell color spent 0.00 seconds.
2022-08-12 10:45:19.831 *** Mouse movement (LeftButton) ***  Mouse coords: (900, 182) (24798, 49614)
2022-08-12 10:45:19.850 *** Mouse movement (LeftButton) ***  Mouse coords: (894, 192) (24797, 49617)
2022-08-12 10:45:19.865 *** Mouse movement (LeftButton) ***  Mouse coords: (881, 212) (24794, 49618)
2022-08-12 10:45:19.882 *** Mouse movement (LeftButton) ***  Mouse coords: (858, 248) (24793, 49623)
2022-08-12 10:45:19.898 *** Mouse movement (LeftButton) ***  Mouse coords: (826, 289) (24790, 49624)
2022-08-12 10:45:19.915 *** Mouse movement (LeftButton) ***  Mouse coords: (777, 344) (24785, 49627)
2022-08-12 10:45:19.932 *** Mouse movement (LeftButton) ***  Mouse coords: (739, 380) (24789, 49624)
2022-08-12 10:45:19.948 *** Mouse movement (LeftButton) ***  Mouse coords: (705, 409) (24789, 49622)
2022-08-12 10:45:19.965 *** Mouse movement (LeftButton) ***  Mouse coords: (681, 426) (24792, 49619)
2022-08-12 10:45:19.982 *** Mouse movement (LeftButton) ***  Mouse coords: (668, 434) (24795, 49617)
2022-08-12 10:45:19.998 *** Mouse movement (LeftButton) ***  Mouse coords: (667, 434) (24798, 49615)
2022-08-12 10:45:20.664 *** Mouse movement (LeftButton) ***  Mouse coords: (811, 186) (24834, 49553)
2022-08-12 10:45:20.684 *** Mouse movement (LeftButton) ***  Mouse coords: (808, 189) (24833, 49553)
2022-08-12 10:45:20.716 *** Mouse movement (LeftButton) ***  Mouse coords: (784, 219) (24828, 49559)
2022-08-12 10:45:20.732 *** Mouse movement (LeftButton) ***  Mouse coords: (760, 244) (24828, 49558)
2022-08-12 10:45:20.749 *** Mouse movement (LeftButton) ***  Mouse coords: (740, 262) (24829, 49557)
2022-08-12 10:45:20.765 *** Mouse movement (LeftButton) ***  Mouse coords: (718, 282) (24829, 49557)
2022-08-12 10:45:20.782 *** Mouse movement (LeftButton) ***  Mouse coords: (696, 297) (24828, 49556)
2022-08-12 10:45:20.799 *** Mouse movement (LeftButton) ***  Mouse coords: (680, 308) (24830, 49555)
2022-08-12 10:45:20.816 *** Mouse movement (LeftButton) ***  Mouse coords: (675, 311) (24833, 49552)
2022-08-12 10:45:20.833 *** Mouse movement (LeftButton) ***  Mouse coords: (674, 312) (24834, 49551)
2022-08-12 10:45:22.069 *** Program closed.
