2022-08-31 12:11:12.071 *** Start program *** Start program
2022-08-31 12:11:20.359 *** Open case *** /Applications/XAMPP/xamppfiles/htdocs/20220722_Eric_Yang
2022-08-31 12:11:25.135 *** Open processed data
2022-08-31 12:11:25.136 *** Preload all statistics at once.
2022-08-31 12:11:25.683 *** Nuclei stat data loaded, took 0.55 seconds. Total number of nuclei: 670699
2022-08-31 12:11:29.685 *** Mouse movement (LeftButton) ***  Mouse coords: (556, 345) (82252, 31064)
2022-08-31 12:11:32.755 *** Mouse movement (LeftButton) ***  Mouse coords: (833, 312) (95443, 42143)
2022-08-31 12:11:32.851 *** Mouse movement (LeftButton) ***  Mouse coords: (833, 312) (95443, 42143)
2022-08-31 12:11:32.882 *** Mouse movement (LeftButton) ***  Mouse coords: (827, 313) (95436, 42144)
2022-08-31 12:11:32.909 *** Mouse movement (LeftButton) ***  Mouse coords: (824, 314) (95439, 42144)
2022-08-31 12:11:32.928 *** Mouse movement (LeftButton) ***  Mouse coords: (815, 318) (95433, 42148)
2022-08-31 12:11:32.947 *** Mouse movement (LeftButton) ***  Mouse coords: (809, 322) (95435, 42148)
2022-08-31 12:11:32.973 *** Mouse movement (LeftButton) ***  Mouse coords: (804, 325) (95438, 42146)
2022-08-31 12:11:32.992 *** Mouse movement (LeftButton) ***  Mouse coords: (797, 330) (95434, 42149)
2022-08-31 12:11:33.017 *** Mouse movement (LeftButton) ***  Mouse coords: (785, 337) (95429, 42151)
2022-08-31 12:11:33.042 *** Mouse movement (LeftButton) ***  Mouse coords: (755, 358) (95408, 42168)
2022-08-31 12:11:33.070 *** Mouse movement (LeftButton) ***  Mouse coords: (749, 362) (95436, 42148)
2022-08-31 12:11:33.089 *** Mouse movement (LeftButton) ***  Mouse coords: (730, 376) (95420, 42159)
2022-08-31 12:11:33.109 *** Mouse movement (LeftButton) ***  Mouse coords: (715, 389) (95426, 42159)
2022-08-31 12:11:33.129 *** Mouse movement (LeftButton) ***  Mouse coords: (703, 400) (95428, 42156)
2022-08-31 12:11:33.155 *** Mouse movement (LeftButton) ***  Mouse coords: (690, 411) (95428, 42156)
2022-08-31 12:11:33.174 *** Mouse movement (LeftButton) ***  Mouse coords: (684, 416) (95436, 42149)
2022-08-31 12:11:33.196 *** Mouse movement (LeftButton) ***  Mouse coords: (682, 417) (95441, 42144)
2022-08-31 12:11:33.219 *** Mouse movement (LeftButton) ***  Mouse coords: (682, 418) (95443, 42144)
2022-08-31 12:11:33.238 *** Mouse movement (LeftButton) ***  Mouse coords: (682, 418) (95443, 42143)
2022-08-31 12:11:33.260 *** Mouse movement (LeftButton) ***  Mouse coords: (681, 418) (95441, 42143)
2022-08-31 12:11:33.286 *** Mouse movement (LeftButton) ***  Mouse coords: (678, 420) (95440, 42145)
2022-08-31 12:11:33.310 *** Mouse movement (LeftButton) ***  Mouse coords: (645, 445) (95404, 42173)
2022-08-31 12:11:33.331 *** Mouse movement (LeftButton) ***  Mouse coords: (633, 456) (95429, 42156)
2022-08-31 12:11:33.353 *** Mouse movement (LeftButton) ***  Mouse coords: (600, 490) (95404, 42183)
2022-08-31 12:11:33.372 *** Mouse movement (LeftButton) ***  Mouse coords: (566, 531) (95403, 42191)
2022-08-31 12:11:33.394 *** Mouse movement (LeftButton) ***  Mouse coords: (543, 559) (95416, 42176)
2022-08-31 12:11:33.419 *** Mouse movement (LeftButton) ***  Mouse coords: (518, 588) (95413, 42177)
2022-08-31 12:11:33.439 *** Mouse movement (LeftButton) ***  Mouse coords: (504, 602) (95427, 42160)
2022-08-31 12:11:33.462 *** Mouse movement (LeftButton) ***  Mouse coords: (498, 608) (95436, 42150)
2022-08-31 12:11:33.480 *** Mouse movement (LeftButton) ***  Mouse coords: (495, 611) (95439, 42147)
2022-08-31 12:11:33.502 *** Mouse movement (LeftButton) ***  Mouse coords: (494, 612) (95442, 42144)
2022-08-31 12:11:33.526 *** Mouse movement (LeftButton) ***  Mouse coords: (494, 612) (95443, 42143)
2022-08-31 12:11:33.545 *** Mouse movement (LeftButton) ***  Mouse coords: (494, 611) (95443, 42142)
2022-08-31 12:11:33.566 *** Mouse movement (LeftButton) ***  Mouse coords: (496, 610) (95445, 42141)
2022-08-31 12:11:41.440 *** Mouse movement (LeftButton) ***  Mouse coords: (728, 549) (95717, 42072)
2022-08-31 12:11:41.584 *** Mouse movement (LeftButton) ***  Mouse coords: (728, 549) (95718, 42072)
2022-08-31 12:11:41.609 *** Mouse movement (LeftButton) ***  Mouse coords: (727, 549) (95717, 42072)
2022-08-31 12:11:41.631 *** Mouse movement (LeftButton) ***  Mouse coords: (725, 548) (95715, 42070)
2022-08-31 12:11:41.649 *** Mouse movement (LeftButton) ***  Mouse coords: (723, 546) (95716, 42070)
2022-08-31 12:11:41.669 *** Mouse movement (LeftButton) ***  Mouse coords: (719, 543) (95713, 42068)
2022-08-31 12:11:41.692 *** Mouse movement (LeftButton) ***  Mouse coords: (717, 541) (95716, 42070)
2022-08-31 12:11:41.710 *** Mouse movement (LeftButton) ***  Mouse coords: (715, 539) (95716, 42070)
2022-08-31 12:11:41.732 *** Mouse movement (LeftButton) ***  Mouse coords: (711, 537) (95713, 42069)
2022-08-31 12:11:41.757 *** Mouse movement (LeftButton) ***  Mouse coords: (707, 534) (95713, 42069)
2022-08-31 12:11:41.776 *** Mouse movement (LeftButton) ***  Mouse coords: (704, 532) (95715, 42069)
2022-08-31 12:11:41.797 *** Mouse movement (LeftButton) ***  Mouse coords: (701, 529) (95714, 42069)
2022-08-31 12:11:41.822 *** Mouse movement (LeftButton) ***  Mouse coords: (700, 529) (95717, 42072)
2022-08-31 12:11:41.841 *** Mouse movement (LeftButton) ***  Mouse coords: (700, 528) (95718, 42071)
2022-08-31 12:11:41.860 *** Mouse movement (LeftButton) ***  Mouse coords: (699, 528) (95717, 42072)
2022-08-31 12:11:41.881 *** Mouse movement (LeftButton) ***  Mouse coords: (699, 528) (95718, 42072)
2022-08-31 12:11:42.732 *** Mouse movement (LeftButton) ***  Mouse coords: (552, 455) (95544, 41986)
2022-08-31 12:11:42.888 *** Interactive label *** (double click) click on screen. screen: (552, 456); slide: (95544, 41987). case_id: 20220722_Eric_Yang, slide_id: 3BQMJY_44661.svs, Nuclei index selected: 402466
2022-08-31 12:11:43.120 *** Interactive label *** Apply to case start.
2022-08-31 12:11:44.205 *** Mouse movement (LeftButton) ***  Mouse coords: (624, 479) (95629, 42014)
2022-08-31 12:11:44.384 *** Mouse movement (LeftButton) ***  Mouse coords: (628, 480) (95631, 42013)
2022-08-31 12:11:44.412 *** Mouse movement (LeftButton) ***  Mouse coords: (630, 480) (95628, 42012)
2022-08-31 12:11:44.449 *** Mouse movement (LeftButton) ***  Mouse coords: (634, 480) (95631, 42012)
2022-08-31 12:11:44.468 *** Mouse movement (LeftButton) ***  Mouse coords: (638, 480) (95631, 42012)
2022-08-31 12:11:44.491 *** Mouse movement (LeftButton) ***  Mouse coords: (647, 480) (95636, 42012)
2022-08-31 12:11:44.511 *** Mouse movement (LeftButton) ***  Mouse coords: (656, 480) (95637, 42012)
2022-08-31 12:11:44.532 *** Mouse movement (LeftButton) ***  Mouse coords: (660, 478) (95631, 42010)
2022-08-31 12:11:44.552 *** Mouse movement (LeftButton) ***  Mouse coords: (663, 477) (95629, 42011)
2022-08-31 12:11:44.576 *** Mouse movement (LeftButton) ***  Mouse coords: (666, 476) (95630, 42010)
2022-08-31 12:11:44.594 *** Mouse movement (LeftButton) ***  Mouse coords: (666, 475) (95626, 42011)
2022-08-31 12:11:44.634 *** Mouse movement (LeftButton) ***  Mouse coords: (667, 475) (95627, 42012)
2022-08-31 12:11:44.653 *** Mouse movement (LeftButton) ***  Mouse coords: (667, 475) (95626, 42012)
2022-08-31 12:11:44.693 *** Mouse movement (LeftButton) ***  Mouse coords: (667, 474) (95626, 42011)
2022-08-31 12:12:13.154 *** Mouse movement (LeftButton) ***  Mouse coords: (627, 860) (95579, 42467)
2022-08-31 12:12:13.202 *** Mouse movement (LeftButton) ***  Mouse coords: (630, 844) (95582, 42448)
2022-08-31 12:12:13.227 *** Mouse movement (LeftButton) ***  Mouse coords: (636, 827) (95586, 42447)
2022-08-31 12:12:13.246 *** Mouse movement (LeftButton) ***  Mouse coords: (644, 797) (95589, 42432)
2022-08-31 12:12:13.268 *** Mouse movement (LeftButton) ***  Mouse coords: (647, 785) (95582, 42453)
2022-08-31 12:12:13.291 *** Mouse movement (LeftButton) ***  Mouse coords: (651, 767) (95584, 42446)
2022-08-31 12:12:13.311 *** Mouse movement (LeftButton) ***  Mouse coords: (653, 761) (95581, 42460)
2022-08-31 12:12:13.333 *** Mouse movement (LeftButton) ***  Mouse coords: (653, 755) (95579, 42459)
2022-08-31 12:12:13.355 *** Mouse movement (LeftButton) ***  Mouse coords: (653, 751) (95579, 42463)
2022-08-31 12:12:13.375 *** Mouse movement (LeftButton) ***  Mouse coords: (653, 749) (95579, 42464)
2022-08-31 12:12:13.396 *** Mouse movement (LeftButton) ***  Mouse coords: (654, 747) (95581, 42465)
2022-08-31 12:12:13.419 *** Mouse movement (LeftButton) ***  Mouse coords: (654, 746) (95579, 42466)
2022-08-31 12:12:13.438 *** Mouse movement (LeftButton) ***  Mouse coords: (654, 745) (95579, 42466)
2022-08-31 12:12:13.462 *** Mouse movement (LeftButton) ***  Mouse coords: (654, 743) (95579, 42464)
2022-08-31 12:12:13.485 *** Mouse movement (LeftButton) ***  Mouse coords: (654, 742) (95579, 42466)
2022-08-31 12:12:13.504 *** Mouse movement (LeftButton) ***  Mouse coords: (654, 742) (95579, 42467)
2022-08-31 12:12:15.920 *** Mouse movement (LeftButton) ***  Mouse coords: (582, 647) (95494, 42471)
2022-08-31 12:12:15.964 *** Mouse movement (LeftButton) ***  Mouse coords: (582, 640) (95494, 42463)
2022-08-31 12:12:15.997 *** Mouse movement (LeftButton) ***  Mouse coords: (582, 638) (95494, 42470)
2022-08-31 12:12:16.015 *** Mouse movement (LeftButton) ***  Mouse coords: (582, 637) (95494, 42471)
2022-08-31 12:12:16.201 *** Mouse movement (LeftButton) ***  Mouse coords: (582, 637) (95494, 42472)
2022-08-31 12:12:16.227 *** Mouse movement (LeftButton) ***  Mouse coords: (582, 635) (95494, 42470)
2022-08-31 12:12:16.245 *** Mouse movement (LeftButton) ***  Mouse coords: (583, 632) (95495, 42468)
2022-08-31 12:12:16.261 *** Mouse movement (LeftButton) ***  Mouse coords: (584, 627) (95495, 42466)
2022-08-31 12:12:16.290 *** Mouse movement (LeftButton) ***  Mouse coords: (585, 623) (95495, 42467)
2022-08-31 12:12:16.308 *** Mouse movement (LeftButton) ***  Mouse coords: (585, 621) (95494, 42470)
2022-08-31 12:12:16.325 *** Mouse movement (LeftButton) ***  Mouse coords: (585, 619) (95494, 42470)
2022-08-31 12:12:16.342 *** Mouse movement (LeftButton) ***  Mouse coords: (585, 618) (95494, 42470)
2022-08-31 12:12:16.358 *** Mouse movement (LeftButton) ***  Mouse coords: (585, 618) (95494, 42472)
2022-08-31 12:12:16.468 *** Mouse movement (LeftButton) ***  Mouse coords: (585, 618) (95494, 42472)
2022-08-31 12:12:16.494 *** Mouse movement (LeftButton) ***  Mouse coords: (586, 616) (95495, 42470)
2022-08-31 12:12:16.511 *** Mouse movement (LeftButton) ***  Mouse coords: (587, 610) (95496, 42465)
2022-08-31 12:12:16.527 *** Mouse movement (LeftButton) ***  Mouse coords: (589, 603) (95496, 42464)
2022-08-31 12:12:16.558 *** Mouse movement (LeftButton) ***  Mouse coords: (590, 595) (95495, 42462)
2022-08-31 12:12:16.574 *** Mouse movement (LeftButton) ***  Mouse coords: (591, 591) (95495, 42468)
2022-08-31 12:12:16.593 *** Mouse movement (LeftButton) ***  Mouse coords: (592, 583) (95496, 42462)
2022-08-31 12:12:16.610 *** Mouse movement (LeftButton) ***  Mouse coords: (593, 578) (95495, 42466)
2022-08-31 12:12:16.628 *** Mouse movement (LeftButton) ***  Mouse coords: (593, 574) (95494, 42468)
2022-08-31 12:12:16.645 *** Mouse movement (LeftButton) ***  Mouse coords: (593, 572) (95494, 42469)
2022-08-31 12:12:16.662 *** Mouse movement (LeftButton) ***  Mouse coords: (593, 571) (95494, 42471)
2022-08-31 12:12:16.691 *** Mouse movement (LeftButton) ***  Mouse coords: (593, 571) (95494, 42472)
2022-08-31 12:12:17.751 *** Mouse movement (LeftButton) ***  Mouse coords: (685, 270) (95602, 42117)
2022-08-31 12:12:17.776 *** Mouse movement (LeftButton) ***  Mouse coords: (683, 272) (95600, 42118)
2022-08-31 12:12:17.796 *** Mouse movement (LeftButton) ***  Mouse coords: (680, 274) (95598, 42119)
2022-08-31 12:12:17.813 *** Mouse movement (LeftButton) ***  Mouse coords: (674, 278) (95595, 42120)
2022-08-31 12:12:17.828 *** Mouse movement (LeftButton) ***  Mouse coords: (666, 282) (95593, 42121)
2022-08-31 12:12:17.845 *** Mouse movement (LeftButton) ***  Mouse coords: (660, 285) (95595, 42120)
2022-08-31 12:12:17.867 *** Mouse movement (LeftButton) ***  Mouse coords: (656, 286) (95597, 42117)
2022-08-31 12:12:17.883 *** Mouse movement (LeftButton) ***  Mouse coords: (650, 286) (95595, 42116)
2022-08-31 12:12:17.902 *** Mouse movement (LeftButton) ***  Mouse coords: (648, 287) (95600, 42117)
2022-08-31 12:12:17.920 *** Mouse movement (LeftButton) ***  Mouse coords: (646, 287) (95599, 42116)
2022-08-31 12:12:17.935 *** Mouse movement (LeftButton) ***  Mouse coords: (644, 287) (95600, 42116)
2022-08-31 12:12:17.953 *** Mouse movement (LeftButton) ***  Mouse coords: (642, 287) (95599, 42116)
2022-08-31 12:12:17.971 *** Mouse movement (LeftButton) ***  Mouse coords: (640, 287) (95600, 42116)
2022-08-31 12:12:17.987 *** Mouse movement (LeftButton) ***  Mouse coords: (639, 287) (95601, 42116)
2022-08-31 12:12:18.004 *** Mouse movement (LeftButton) ***  Mouse coords: (638, 287) (95601, 42116)
2022-08-31 12:12:18.021 *** Mouse movement (LeftButton) ***  Mouse coords: (636, 287) (95599, 42116)
2022-08-31 12:12:18.039 *** Mouse movement (LeftButton) ***  Mouse coords: (636, 287) (95602, 42116)
2022-08-31 12:12:18.055 *** Mouse movement (LeftButton) ***  Mouse coords: (635, 287) (95601, 42116)
2022-08-31 12:12:18.911 *** Mouse movement (LeftButton) ***  Mouse coords: (779, 205) (95772, 42019)
2022-08-31 12:12:19.071 *** Interactive label *** (double click) click on screen. screen: (778, 205); slide: (95771, 42019). case_id: 20220722_Eric_Yang, slide_id: 3BQMJY_44661.svs, Nuclei index selected: 401402
2022-08-31 12:12:19.305 *** Interactive label *** Apply to case start.
2022-08-31 12:12:20.904 *** Mouse movement (LeftButton) ***  Mouse coords: (839, 346) (95843, 42186)
2022-08-31 12:12:20.968 *** Mouse movement (LeftButton) ***  Mouse coords: (839, 337) (95843, 42176)
2022-08-31 12:12:20.985 *** Mouse movement (LeftButton) ***  Mouse coords: (839, 334) (95843, 42184)
2022-08-31 12:12:21.004 *** Mouse movement (LeftButton) ***  Mouse coords: (838, 329) (95842, 42181)
2022-08-31 12:12:21.021 *** Mouse movement (LeftButton) ***  Mouse coords: (835, 322) (95839, 42178)
2022-08-31 12:12:21.040 *** Mouse movement (LeftButton) ***  Mouse coords: (831, 314) (95838, 42178)
2022-08-31 12:12:21.056 *** Mouse movement (LeftButton) ***  Mouse coords: (827, 305) (95839, 42176)
2022-08-31 12:12:21.076 *** Mouse movement (LeftButton) ***  Mouse coords: (823, 299) (95838, 42180)
2022-08-31 12:12:21.093 *** Mouse movement (LeftButton) ***  Mouse coords: (820, 293) (95839, 42180)
2022-08-31 12:12:21.110 *** Mouse movement (LeftButton) ***  Mouse coords: (819, 292) (95842, 42186)
2022-08-31 12:12:21.127 *** Mouse movement (LeftButton) ***  Mouse coords: (819, 291) (95843, 42186)
2022-08-31 12:12:21.144 *** Mouse movement (LeftButton) ***  Mouse coords: (819, 291) (95843, 42187)
2022-08-31 12:12:31.747 *** Mouse movement (LeftButton) ***  Mouse coords: (954, 175) (96002, 42050)
2022-08-31 12:12:31.835 *** Mouse movement (LeftButton) ***  Mouse coords: (954, 175) (96002, 42050)
2022-08-31 12:12:31.856 *** Mouse movement (LeftButton) ***  Mouse coords: (952, 175) (96000, 42050)
2022-08-31 12:12:31.873 *** Mouse movement (LeftButton) ***  Mouse coords: (946, 175) (95995, 42050)
2022-08-31 12:12:31.890 *** Mouse movement (LeftButton) ***  Mouse coords: (938, 175) (95993, 42050)
2022-08-31 12:12:31.919 *** Mouse movement (LeftButton) ***  Mouse coords: (926, 175) (95987, 42050)
2022-08-31 12:12:31.937 *** Mouse movement (LeftButton) ***  Mouse coords: (910, 175) (95984, 42050)
2022-08-31 12:12:31.954 *** Mouse movement (LeftButton) ***  Mouse coords: (890, 175) (95978, 42050)
2022-08-31 12:12:31.969 *** Mouse movement (LeftButton) ***  Mouse coords: (865, 175) (95972, 42050)
2022-08-31 12:12:31.988 *** Mouse movement (LeftButton) ***  Mouse coords: (842, 175) (95975, 42050)
2022-08-31 12:12:32.004 *** Mouse movement (LeftButton) ***  Mouse coords: (830, 175) (95988, 42050)
2022-08-31 12:12:32.022 *** Mouse movement (LeftButton) ***  Mouse coords: (818, 175) (95988, 42050)
2022-08-31 12:12:32.041 *** Mouse movement (LeftButton) ***  Mouse coords: (810, 175) (95993, 42050)
2022-08-31 12:12:32.057 *** Mouse movement (LeftButton) ***  Mouse coords: (805, 175) (95996, 42050)
2022-08-31 12:12:32.076 *** Mouse movement (LeftButton) ***  Mouse coords: (804, 175) (96001, 42050)
2022-08-31 12:12:32.095 *** Mouse movement (LeftButton) ***  Mouse coords: (804, 175) (96002, 42050)
2022-08-31 12:12:32.118 *** Mouse movement (LeftButton) ***  Mouse coords: (803, 175) (96000, 42050)
2022-08-31 12:12:32.142 *** Mouse movement (LeftButton) ***  Mouse coords: (803, 175) (96002, 42050)
2022-08-31 12:12:32.972 *** Interactive label *** (double click) click on screen. screen: (915, 330); slide: (96134, 42233). case_id: 20220722_Eric_Yang, slide_id: 3BQMJY_44661.svs, Nuclei index selected: 405442
2022-08-31 12:12:33.186 *** Interactive label *** Apply to case start.
2022-08-31 12:12:33.897 *** Mouse movement (LeftButton) ***  Mouse coords: (892, 664) (96107, 42627)
2022-08-31 12:12:41.085 *** Program closed.
