2022-08-12 11:48:00.051 *** Start program *** Start program
2022-08-12 11:48:05.183 *** Open case *** /media/zhihuang/Drive14/Google_Colon_lnm_pos_2015_slides/slides/S0425
2022-08-12 11:48:07.333 *** Open processed data
2022-08-12 11:48:07.334 *** Preload all statistics at once.
2022-08-12 11:48:08.131 *** Nuclei stat data loaded, took 0.80 seconds. Total number of nuclei: 954361
2022-08-12 11:48:13.079 *** Process image overlay spent 0.02 seconds.
2022-08-12 11:48:13.133 *** Get cell color spent 0.05 seconds.
2022-08-12 11:48:13.233 *** Process image overlay spent 0.00 seconds.
2022-08-12 11:48:13.253 *** Get cell color spent 0.02 seconds.
2022-08-12 11:48:16.842 *** Mouse movement (LeftButton) ***  Mouse coords: (202, 376) (44653, 50226)
2022-08-12 11:48:16.852 *** Mouse movement (LeftButton) ***  Mouse coords: (203, 377) (44663, 50235)
2022-08-12 11:48:16.858 *** Mouse movement (LeftButton) ***  Mouse coords: (205, 378) (44682, 50245)
2022-08-12 11:48:16.876 *** Mouse movement (LeftButton) ***  Mouse coords: (209, 380) (44721, 50265)
2022-08-12 11:48:16.892 *** Mouse movement (LeftButton) ***  Mouse coords: (215, 384) (44780, 50304)
2022-08-12 11:48:16.909 *** Mouse movement (LeftButton) ***  Mouse coords: (223, 391) (44858, 50372)
2022-08-12 11:48:16.926 *** Mouse movement (LeftButton) ***  Mouse coords: (234, 402) (44965, 50479)
2022-08-12 11:48:16.942 *** Mouse movement (LeftButton) ***  Mouse coords: (241, 408) (45033, 50537)
2022-08-12 11:48:16.959 *** Mouse movement (LeftButton) ***  Mouse coords: (246, 415) (45082, 50606)
2022-08-12 11:48:16.976 *** Mouse movement (LeftButton) ***  Mouse coords: (248, 417) (45101, 50625)
2022-08-12 11:48:16.992 *** Mouse movement (LeftButton) ***  Mouse coords: (248, 418) (45101, 50635)
2022-08-12 11:48:18.112 *** Interactive label *** Apply to case start.
2022-08-12 11:48:32.262 *** Mouse movement (LeftButton) ***  Mouse coords: (387, 250) (46456, 48997)
2022-08-12 11:48:32.271 *** Mouse movement (LeftButton) ***  Mouse coords: (388, 251) (46466, 49007)
2022-08-12 11:48:32.276 *** Mouse movement (LeftButton) ***  Mouse coords: (390, 252) (46486, 49017)
2022-08-12 11:48:32.292 *** Mouse movement (LeftButton) ***  Mouse coords: (392, 253) (46505, 49026)
2022-08-12 11:48:32.309 *** Mouse movement (LeftButton) ***  Mouse coords: (395, 255) (46534, 49046)
2022-08-12 11:48:32.325 *** Mouse movement (LeftButton) ***  Mouse coords: (396, 255) (46544, 49046)
2022-08-12 11:48:32.342 *** Mouse movement (LeftButton) ***  Mouse coords: (400, 260) (46583, 49095)
2022-08-12 11:48:32.359 *** Mouse movement (LeftButton) ***  Mouse coords: (406, 266) (46642, 49153)
2022-08-12 11:48:32.375 *** Mouse movement (LeftButton) ***  Mouse coords: (411, 271) (46690, 49202)
2022-08-12 11:48:32.392 *** Mouse movement (LeftButton) ***  Mouse coords: (416, 276) (46739, 49251)
2022-08-12 11:48:32.409 *** Mouse movement (LeftButton) ***  Mouse coords: (421, 280) (46788, 49290)
2022-08-12 11:48:32.426 *** Mouse movement (LeftButton) ***  Mouse coords: (422, 282) (46798, 49309)
2022-08-12 11:48:32.442 *** Mouse movement (LeftButton) ***  Mouse coords: (423, 283) (46807, 49319)
2022-08-12 11:48:32.459 *** Mouse movement (LeftButton) ***  Mouse coords: (424, 285) (46817, 49338)
2022-08-12 11:48:32.477 *** Mouse movement (LeftButton) ***  Mouse coords: (424, 286) (46817, 49348)
2022-08-12 11:48:32.492 *** Mouse movement (LeftButton) ***  Mouse coords: (425, 287) (46827, 49358)
2022-08-12 11:48:33.540 *** Interactive label *** Apply to case start.
2022-08-12 11:48:35.393 *** Interactive label *** Apply to case done.
2022-08-12 11:48:42.573 *** Interactive label *** Apply to case finish overlay create.
2022-08-12 11:48:42.577 *** Process image overlay spent 0.00 seconds.
2022-08-12 11:48:42.593 *** Get cell color spent 0.02 seconds.
2022-08-12 11:49:07.879 *** Program closed.
