2022-09-09 18:36:30.109 *** Start program *** Start program
2022-09-09 18:36:34.347 *** Open case *** /home/zhihuang/Desktop/A14
2022-09-09 18:36:36.266 *** Open processed data
2022-09-09 18:36:36.267 *** Preload all statistics at once.
2022-09-09 18:36:37.460 *** Nuclei stat data loaded, took 1.19 seconds. Total number of nuclei: 1470268
2022-09-09 18:36:45.456 *** starting thread (client mode): 0x760e9fd0
2022-09-09 18:36:45.456 *** Local version/idstring: SSH-2.0-paramiko_2.11.0
2022-09-09 18:36:45.477 *** Remote version/idstring: SSH-2.0-OpenSSH_5.3
2022-09-09 18:36:45.477 *** Connected (version 2.0, client OpenSSH_5.3)
2022-09-09 18:36:45.493 *** === Key exchange possibilities ===
2022-09-09 18:36:45.493 *** kex algos: diffie-hellman-group-exchange-sha256, diffie-hellman-group-exchange-sha1, diffie-hellman-group14-sha1, diffie-hellman-group1-sha1
2022-09-09 18:36:45.493 *** server key: ssh-rsa, ssh-rsa-cert-v01@openssh.com, ssh-dss
2022-09-09 18:36:45.493 *** client encrypt: aes128-ctr, aes192-ctr, aes256-ctr, arcfour256, arcfour128, aes128-cbc, 3des-cbc, blowfish-cbc, cast128-cbc, aes192-cbc, aes256-cbc, arcfour, rijndael-cbc@lysator.liu.se
2022-09-09 18:36:45.493 *** server encrypt: aes128-ctr, aes192-ctr, aes256-ctr, arcfour256, arcfour128, aes128-cbc, 3des-cbc, blowfish-cbc, cast128-cbc, aes192-cbc, aes256-cbc, arcfour, rijndael-cbc@lysator.liu.se
2022-09-09 18:36:45.493 *** client mac: hmac-md5, hmac-sha1, umac-64@openssh.com, hmac-sha2-256, hmac-sha2-512, hmac-ripemd160, hmac-ripemd160@openssh.com, hmac-sha1-96, hmac-md5-96
2022-09-09 18:36:45.493 *** server mac: hmac-md5, hmac-sha1, umac-64@openssh.com, hmac-sha2-256, hmac-sha2-512, hmac-ripemd160, hmac-ripemd160@openssh.com, hmac-sha1-96, hmac-md5-96
2022-09-09 18:36:45.493 *** client compress: none, zlib@openssh.com
2022-09-09 18:36:45.493 *** server compress: none, zlib@openssh.com
2022-09-09 18:36:45.494 *** client lang: <none>
2022-09-09 18:36:45.494 *** server lang: <none>
2022-09-09 18:36:45.494 *** kex follows: False
2022-09-09 18:36:45.494 *** === Key exchange agreements ===
2022-09-09 18:36:45.494 *** Kex: diffie-hellman-group-exchange-sha256
2022-09-09 18:36:45.494 *** HostKey: ssh-rsa
2022-09-09 18:36:45.494 *** Cipher: aes128-ctr
2022-09-09 18:36:45.494 *** MAC: hmac-sha2-256
2022-09-09 18:36:45.494 *** Compression: none
2022-09-09 18:36:45.494 *** === End of kex handshake ===
2022-09-09 18:36:45.553 *** Got server p (2048 bits)
2022-09-09 18:36:45.653 *** kex engine KexGexSHA256 specified hash_algo <built-in function openssl_sha256>
2022-09-09 18:36:45.653 *** Switch to new keys ...
2022-09-09 18:36:45.654 *** Adding ssh-rsa host key for 173.201.181.247: b'cca345f774a2d98448d0bcc78f04075d'
2022-09-09 18:36:45.726 *** userauth is OK
2022-09-09 18:36:45.748 *** Authentication (password) successful!
2022-09-09 18:36:45.750 *** [chan 0] Max packet in: 32768 bytes
2022-09-09 18:36:45.767 *** [chan 0] Max packet out: 32768 bytes
2022-09-09 18:36:45.767 *** Secsh channel 0 opened.
2022-09-09 18:36:45.786 *** [chan 0] Sesch channel 0 request ok
2022-09-09 18:36:45.803 *** [chan 0] Opened sftp connection (server version 3)
2022-09-09 18:36:45.803 *** [chan 0] stat(b'/home/b6o162rzivzp/NucFinder_DB/CFB1B411265361DF/interactive_nuclei_dict.pickle')
2022-09-09 18:36:45.819 *** [chan 0] stat(b'/home/b6o162rzivzp/NucFinder_DB/CFB1B411265361DF/model.pickle')
2022-09-09 18:36:45.836 *** [chan 0] open(b'/home/b6o162rzivzp/NucFinder_DB/CFB1B411265361DF/model.pickle', 'rb')
2022-09-09 18:36:45.853 *** [chan 0] open(b'/home/b6o162rzivzp/NucFinder_DB/CFB1B411265361DF/model.pickle', 'rb') -> 00000000
2022-09-09 18:36:45.982 *** [chan 0] close(00000000)
2022-09-09 18:36:46.008 *** Interactive label *** Apply to case start.
2022-09-09 18:36:50.116 *** Interactive label *** Apply to case done.
2022-09-09 18:36:52.495 *** Interactive label *** Apply to case finish overlay create.
2022-09-09 18:36:55.955 *** Interactive label *** Review annotations/active learning start.
2022-09-09 19:50:18.197 *** Program closed.
2022-09-09 19:50:18.218 *** EOF in transport thread
