2022-09-07 21:03:53.270 *** Start program *** Start program
2022-09-07 21:04:01.659 *** starting thread (client mode): 0x8d070880
2022-09-07 21:04:01.659 *** Local version/idstring: SSH-2.0-paramiko_2.11.0
2022-09-07 21:04:01.689 *** Remote version/idstring: SSH-2.0-OpenSSH_5.3
2022-09-07 21:04:01.689 *** Connected (version 2.0, client OpenSSH_5.3)
2022-09-07 21:04:01.709 *** === Key exchange possibilities ===
2022-09-07 21:04:01.709 *** kex algos: diffie-hellman-group-exchange-sha256, diffie-hellman-group-exchange-sha1, diffie-hellman-group14-sha1, diffie-hellman-group1-sha1
2022-09-07 21:04:01.709 *** server key: ssh-rsa, ssh-rsa-cert-v01@openssh.com, ssh-dss
2022-09-07 21:04:01.709 *** client encrypt: aes128-ctr, aes192-ctr, aes256-ctr, arcfour256, arcfour128, aes128-cbc, 3des-cbc, blowfish-cbc, cast128-cbc, aes192-cbc, aes256-cbc, arcfour, rijndael-cbc@lysator.liu.se
2022-09-07 21:04:01.709 *** server encrypt: aes128-ctr, aes192-ctr, aes256-ctr, arcfour256, arcfour128, aes128-cbc, 3des-cbc, blowfish-cbc, cast128-cbc, aes192-cbc, aes256-cbc, arcfour, rijndael-cbc@lysator.liu.se
2022-09-07 21:04:01.709 *** client mac: hmac-md5, hmac-sha1, umac-64@openssh.com, hmac-sha2-256, hmac-sha2-512, hmac-ripemd160, hmac-ripemd160@openssh.com, hmac-sha1-96, hmac-md5-96
2022-09-07 21:04:01.709 *** server mac: hmac-md5, hmac-sha1, umac-64@openssh.com, hmac-sha2-256, hmac-sha2-512, hmac-ripemd160, hmac-ripemd160@openssh.com, hmac-sha1-96, hmac-md5-96
2022-09-07 21:04:01.709 *** client compress: none, zlib@openssh.com
2022-09-07 21:04:01.709 *** server compress: none, zlib@openssh.com
2022-09-07 21:04:01.709 *** client lang: <none>
2022-09-07 21:04:01.709 *** server lang: <none>
2022-09-07 21:04:01.709 *** kex follows: False
2022-09-07 21:04:01.709 *** === Key exchange agreements ===
2022-09-07 21:04:01.709 *** Kex: diffie-hellman-group-exchange-sha256
2022-09-07 21:04:01.709 *** HostKey: ssh-rsa
2022-09-07 21:04:01.709 *** Cipher: aes128-ctr
2022-09-07 21:04:01.709 *** MAC: hmac-sha2-256
2022-09-07 21:04:01.710 *** Compression: none
2022-09-07 21:04:01.710 *** === End of kex handshake ===
2022-09-07 21:04:01.769 *** Got server p (2048 bits)
2022-09-07 21:04:01.871 *** kex engine KexGexSHA256 specified hash_algo <built-in function openssl_sha256>
2022-09-07 21:04:01.872 *** Switch to new keys ...
2022-09-07 21:04:01.872 *** Adding ssh-rsa host key for 173.201.181.247: b'cca345f774a2d98448d0bcc78f04075d'
2022-09-07 21:04:01.951 *** userauth is OK
2022-09-07 21:04:01.977 *** Authentication (password) successful!
2022-09-07 21:04:01.977 *** [chan 0] Max packet in: 32768 bytes
2022-09-07 21:04:01.997 *** [chan 0] Max packet out: 32768 bytes
2022-09-07 21:04:01.997 *** Secsh channel 0 opened.
2022-09-07 21:04:02.019 *** [chan 0] Sesch channel 0 request ok
2022-09-07 21:04:02.039 *** [chan 0] Opened sftp connection (server version 3)
2022-09-07 21:04:02.040 *** [chan 0] stat(b'/home/b6o162rzivzp/NucFinder_DB/E7F814D2456CF381/interactive_nuclei_dict.pickle')
2022-09-07 21:04:02.060 *** [chan 0] stat(b'/home/b6o162rzivzp/NucFinder_DB/E7F814D2456CF381/model.pickle')
2022-09-07 21:04:02.081 *** [chan 0] open(b'/home/b6o162rzivzp/NucFinder_DB/E7F814D2456CF381/model.pickle', 'rb')
2022-09-07 21:04:02.100 *** [chan 0] open(b'/home/b6o162rzivzp/NucFinder_DB/E7F814D2456CF381/model.pickle', 'rb') -> 00000000
2022-09-07 21:04:02.662 *** [chan 0] close(00000000)
2022-09-07 21:04:05.243 *** Interactive label *** Review annotations/active learning start.
2022-09-07 21:04:10.644 *** Program closed.
2022-09-07 21:04:10.703 *** EOF in transport thread
