2022-08-12 11:52:35.635 *** Start program *** Start program
2022-08-12 11:52:40.437 *** Open case *** /media/zhihuang/Drive14/Google_Colon_lnm_pos_2015_slides/slides/S0425
2022-08-12 11:52:42.381 *** Open processed data
2022-08-12 11:52:42.382 *** Preload all statistics at once.
2022-08-12 11:52:43.215 *** Nuclei stat data loaded, took 0.83 seconds. Total number of nuclei: 954361
2022-08-12 11:52:52.183 *** Process image overlay spent 0.00 seconds.
2022-08-12 11:52:52.234 *** Get cell color spent 0.05 seconds.
2022-08-12 11:52:52.323 *** Process image overlay spent 0.00 seconds.
2022-08-12 11:52:52.357 *** Get cell color spent 0.03 seconds.
2022-08-12 11:52:52.757 *** Process image overlay spent 0.00 seconds.
2022-08-12 11:52:52.769 *** Get cell color spent 0.01 seconds.
2022-08-12 11:52:52.820 *** Process image overlay spent 0.00 seconds.
2022-08-12 11:52:52.824 *** Get cell color spent 0.00 seconds.
2022-08-12 11:52:52.900 *** Process image overlay spent 0.00 seconds.
2022-08-12 11:52:52.904 *** Get cell color spent 0.00 seconds.
2022-08-12 11:52:53.141 *** Process image overlay spent 0.00 seconds.
2022-08-12 11:52:53.143 *** Get cell color spent 0.00 seconds.
2022-08-12 11:52:53.313 *** Process image overlay spent 0.00 seconds.
2022-08-12 11:52:53.314 *** Get cell color spent 0.00 seconds.
2022-08-12 11:52:53.339 *** Process image overlay spent 0.00 seconds.
2022-08-12 11:52:53.340 *** Get cell color spent 0.00 seconds.
2022-08-12 11:52:54.494 *** Mouse movement (LeftButton) ***  Mouse coords: (484, 214) (17845, 39020)
2022-08-12 11:52:54.502 *** Mouse movement (LeftButton) ***  Mouse coords: (486, 217) (17847, 39024)
2022-08-12 11:52:54.511 *** Mouse movement (LeftButton) ***  Mouse coords: (489, 221) (17850, 39028)
2022-08-12 11:52:54.528 *** Mouse movement (LeftButton) ***  Mouse coords: (501, 237) (17863, 39044)
2022-08-12 11:52:54.544 *** Mouse movement (LeftButton) ***  Mouse coords: (511, 250) (17873, 39058)
2022-08-12 11:52:54.560 *** Mouse movement (LeftButton) ***  Mouse coords: (516, 257) (17878, 39065)
2022-08-12 11:52:54.577 *** Mouse movement (LeftButton) ***  Mouse coords: (522, 264) (17885, 39072)
2022-08-12 11:52:54.594 *** Mouse movement (LeftButton) ***  Mouse coords: (529, 277) (17892, 39086)
2022-08-12 11:52:54.610 *** Mouse movement (LeftButton) ***  Mouse coords: (537, 292) (17900, 39102)
2022-08-12 11:52:54.627 *** Mouse movement (LeftButton) ***  Mouse coords: (550, 315) (17914, 39125)
2022-08-12 11:52:54.644 *** Mouse movement (LeftButton) ***  Mouse coords: (566, 348) (17930, 39160)
2022-08-12 11:52:54.660 *** Mouse movement (LeftButton) ***  Mouse coords: (573, 359) (17938, 39171)
2022-08-12 11:52:54.678 *** Mouse movement (LeftButton) ***  Mouse coords: (577, 365) (17942, 39177)
2022-08-12 11:52:54.694 *** Mouse movement (LeftButton) ***  Mouse coords: (579, 368) (17944, 39181)
2022-08-12 11:52:54.710 *** Mouse movement (LeftButton) ***  Mouse coords: (582, 372) (17947, 39185)
2022-08-12 11:52:54.727 *** Mouse movement (LeftButton) ***  Mouse coords: (587, 380) (17952, 39193)
2022-08-12 11:52:54.744 *** Mouse movement (LeftButton) ***  Mouse coords: (592, 388) (17957, 39201)
2022-08-12 11:52:54.760 *** Mouse movement (LeftButton) ***  Mouse coords: (597, 396) (17962, 39210)
2022-08-12 11:52:54.777 *** Mouse movement (LeftButton) ***  Mouse coords: (599, 397) (17965, 39211)
2022-08-12 11:52:54.794 *** Mouse movement (LeftButton) ***  Mouse coords: (599, 398) (17965, 39212)
2022-08-12 11:52:55.964 *** Interactive label *** Apply to case start.
2022-08-12 11:52:56.398 *** Mouse movement (LeftButton) ***  Mouse coords: (732, 221) (18103, 39028)
2022-08-12 11:52:56.406 *** Mouse movement (LeftButton) ***  Mouse coords: (733, 223) (18104, 39030)
2022-08-12 11:52:56.426 *** Mouse movement (LeftButton) ***  Mouse coords: (743, 241) (18114, 39049)
2022-08-12 11:52:56.444 *** Mouse movement (LeftButton) ***  Mouse coords: (772, 284) (18144, 39093)
2022-08-12 11:52:56.460 *** Mouse movement (LeftButton) ***  Mouse coords: (784, 305) (18157, 39115)
2022-08-12 11:52:56.477 *** Mouse movement (LeftButton) ***  Mouse coords: (801, 328) (18175, 39139)
2022-08-12 11:52:56.494 *** Mouse movement (LeftButton) ***  Mouse coords: (812, 346) (18186, 39158)
2022-08-12 11:52:56.510 *** Mouse movement (LeftButton) ***  Mouse coords: (820, 358) (18194, 39170)
2022-08-12 11:52:56.527 *** Mouse movement (LeftButton) ***  Mouse coords: (835, 383) (18210, 39196)
2022-08-12 11:52:56.544 *** Mouse movement (LeftButton) ***  Mouse coords: (845, 398) (18220, 39212)
2022-08-12 11:52:56.560 *** Mouse movement (LeftButton) ***  Mouse coords: (847, 402) (18222, 39216)
2022-08-12 11:52:56.577 *** Mouse movement (LeftButton) ***  Mouse coords: (848, 404) (18223, 39218)
2022-08-12 11:52:56.594 *** Mouse movement (LeftButton) ***  Mouse coords: (848, 405) (18223, 39219)
2022-08-12 11:52:57.339 *** Interactive label *** Apply to case start.
2022-08-12 11:52:59.240 *** Interactive label *** Apply to case done.
2022-08-12 11:53:00.978 *** Interactive label *** Apply to case finish overlay create.
2022-08-12 11:53:00.982 *** Process image overlay spent 0.00 seconds.
2022-08-12 11:53:00.984 *** Get cell color spent 0.00 seconds.
2022-08-12 11:53:02.632 *** Process image overlay spent 0.00 seconds.
2022-08-12 11:53:02.634 *** Get cell color spent 0.00 seconds.
2022-08-12 11:53:02.703 *** Process image overlay spent 0.00 seconds.
2022-08-12 11:53:02.712 *** Get cell color spent 0.01 seconds.
2022-08-12 11:53:02.756 *** Process image overlay spent 0.00 seconds.
2022-08-12 11:53:02.764 *** Get cell color spent 0.01 seconds.
2022-08-12 11:53:03.319 *** Process image overlay spent 0.00 seconds.
2022-08-12 11:53:03.344 *** Get cell color spent 0.02 seconds.
2022-08-12 11:54:42.973 *** Program closed.
