2022-09-09 03:15:26.664 *** Start program *** Start program
2022-09-09 03:15:43.222 *** starting thread (client mode): 0x78078880
2022-09-09 03:15:43.223 *** Local version/idstring: SSH-2.0-paramiko_2.11.0
2022-09-09 03:15:44.407 *** Remote version/idstring: SSH-2.0-OpenSSH_5.3
2022-09-09 03:15:44.407 *** Connected (version 2.0, client OpenSSH_5.3)
2022-09-09 03:15:45.683 *** === Key exchange possibilities ===
2022-09-09 03:15:45.683 *** kex algos: diffie-hellman-group-exchange-sha256, diffie-hellman-group-exchange-sha1, diffie-hellman-group14-sha1, diffie-hellman-group1-sha1
2022-09-09 03:15:45.683 *** server key: ssh-rsa, ssh-rsa-cert-v01@openssh.com, ssh-dss
2022-09-09 03:15:45.684 *** client encrypt: aes128-ctr, aes192-ctr, aes256-ctr, arcfour256, arcfour128, aes128-cbc, 3des-cbc, blowfish-cbc, cast128-cbc, aes192-cbc, aes256-cbc, arcfour, rijndael-cbc@lysator.liu.se
2022-09-09 03:15:45.684 *** server encrypt: aes128-ctr, aes192-ctr, aes256-ctr, arcfour256, arcfour128, aes128-cbc, 3des-cbc, blowfish-cbc, cast128-cbc, aes192-cbc, aes256-cbc, arcfour, rijndael-cbc@lysator.liu.se
2022-09-09 03:15:45.684 *** client mac: hmac-md5, hmac-sha1, umac-64@openssh.com, hmac-sha2-256, hmac-sha2-512, hmac-ripemd160, hmac-ripemd160@openssh.com, hmac-sha1-96, hmac-md5-96
2022-09-09 03:15:45.684 *** server mac: hmac-md5, hmac-sha1, umac-64@openssh.com, hmac-sha2-256, hmac-sha2-512, hmac-ripemd160, hmac-ripemd160@openssh.com, hmac-sha1-96, hmac-md5-96
2022-09-09 03:15:45.684 *** client compress: none, zlib@openssh.com
2022-09-09 03:15:45.684 *** server compress: none, zlib@openssh.com
2022-09-09 03:15:45.684 *** client lang: <none>
2022-09-09 03:15:45.684 *** server lang: <none>
2022-09-09 03:15:45.684 *** kex follows: False
2022-09-09 03:15:45.684 *** === Key exchange agreements ===
2022-09-09 03:15:45.684 *** Kex: diffie-hellman-group-exchange-sha256
2022-09-09 03:15:45.684 *** HostKey: ssh-rsa
2022-09-09 03:15:45.684 *** Cipher: aes128-ctr
2022-09-09 03:15:45.684 *** MAC: hmac-sha2-256
2022-09-09 03:15:45.685 *** Compression: none
2022-09-09 03:15:45.685 *** === End of kex handshake ===
2022-09-09 03:15:47.106 *** Got server p (2048 bits)
2022-09-09 03:15:48.474 *** kex engine KexGexSHA256 specified hash_algo <built-in function openssl_sha256>
2022-09-09 03:15:48.475 *** Switch to new keys ...
2022-09-09 03:15:48.475 *** Adding ssh-rsa host key for 173.201.181.247: b'cca345f774a2d98448d0bcc78f04075d'
2022-09-09 03:15:52.376 *** userauth is OK
2022-09-09 03:15:54.732 *** Authentication (password) successful!
2022-09-09 03:15:54.733 *** [chan 0] Max packet in: 32768 bytes
2022-09-09 03:15:57.556 *** [chan 0] Max packet out: 32768 bytes
2022-09-09 03:15:57.557 *** Secsh channel 0 opened.
2022-09-09 03:16:00.386 *** [chan 0] Sesch channel 0 request ok
2022-09-09 03:16:03.368 *** [chan 0] Opened sftp connection (server version 3)
2022-09-09 03:16:03.369 *** [chan 0] stat(b'/home/b6o162rzivzp/NucFinder_DB/CFB1B411265361DF/interactive_nuclei_dict.pickle')
2022-09-09 03:16:06.377 *** [chan 0] stat(b'/home/b6o162rzivzp/NucFinder_DB/CFB1B411265361DF/model.pickle')
2022-09-09 03:16:08.410 *** [chan 0] open(b'/home/b6o162rzivzp/NucFinder_DB/CFB1B411265361DF/model.pickle', 'rb')
2022-09-09 03:16:10.382 *** [chan 0] open(b'/home/b6o162rzivzp/NucFinder_DB/CFB1B411265361DF/model.pickle', 'rb') -> 00000000
2022-09-09 03:16:21.520 *** [chan 0] close(00000000)
2022-09-09 03:17:37.063 *** Interactive label *** Review annotations/active learning start.
2022-09-09 03:17:45.261 *** Interactive label: Review annotations finished.
2022-09-09 03:24:28.043 *** Program closed.
2022-09-09 03:24:28.061 *** EOF in transport thread
