2022-09-09 20:16:52.089 *** Start program *** Start program
2022-09-09 20:17:31.979 *** Open case *** /home/zhihuang/Desktop/A14
2022-09-09 20:17:33.994 *** Open processed data
2022-09-09 20:17:33.995 *** Preload all statistics at once.
2022-09-09 20:17:35.166 *** Nuclei stat data loaded, took 1.17 seconds. Total number of nuclei: 1470268
2022-09-09 20:17:40.462 *** Mouse movement (LeftButton) ***  Mouse coords: (570, 470) (66724, 57967)
2022-09-09 20:17:40.491 *** Mouse movement (LeftButton) ***  Mouse coords: (561, 452) (65764, 56047)
2022-09-09 20:17:40.505 *** Mouse movement (LeftButton) ***  Mouse coords: (560, 436) (67044, 56367)
2022-09-09 20:17:40.520 *** Mouse movement (LeftButton) ***  Mouse coords: (560, 423) (67204, 56847)
2022-09-09 20:17:40.537 *** Mouse movement (LeftButton) ***  Mouse coords: (575, 391) (69604, 53807)
2022-09-09 20:17:40.554 *** Mouse movement (LeftButton) ***  Mouse coords: (588, 376) (69284, 56527)
2022-09-09 20:17:40.570 *** Mouse movement (LeftButton) ***  Mouse coords: (597, 365) (68643, 57167)
2022-09-09 20:17:40.587 *** Mouse movement (LeftButton) ***  Mouse coords: (607, 356) (68803, 57487)
2022-09-09 20:17:40.604 *** Mouse movement (LeftButton) ***  Mouse coords: (618, 349) (68963, 57807)
2022-09-09 20:17:40.621 *** Mouse movement (LeftButton) ***  Mouse coords: (620, 348) (67523, 58767)
2022-09-09 20:17:40.637 *** Mouse movement (LeftButton) ***  Mouse coords: (621, 347) (67363, 58767)
2022-09-09 20:17:41.557 *** Mouse movement (LeftButton) ***  Mouse coords: (461, 252) (28681, 74153)
2022-09-09 20:17:41.587 *** Mouse movement (LeftButton) ***  Mouse coords: (480, 315) (28856, 74728)
2022-09-09 20:17:41.604 *** Mouse movement (LeftButton) ***  Mouse coords: (501, 398) (28876, 74923)
2022-09-09 20:17:41.620 *** Mouse movement (LeftButton) ***  Mouse coords: (515, 464) (28807, 74757)
2022-09-09 20:17:41.637 *** Mouse movement (LeftButton) ***  Mouse coords: (523, 508) (28749, 74543)
2022-09-09 20:17:41.654 *** Mouse movement (LeftButton) ***  Mouse coords: (531, 551) (28749, 74533)
2022-09-09 20:17:41.671 *** Mouse movement (LeftButton) ***  Mouse coords: (541, 600) (28769, 74592)
2022-09-09 20:17:41.687 *** Mouse movement (LeftButton) ***  Mouse coords: (547, 629) (28729, 74397)
2022-09-09 20:17:41.704 *** Mouse movement (LeftButton) ***  Mouse coords: (552, 659) (28720, 74406)
2022-09-09 20:17:41.721 *** Mouse movement (LeftButton) ***  Mouse coords: (553, 671) (28681, 74231)
2022-09-09 20:17:41.737 *** Mouse movement (LeftButton) ***  Mouse coords: (558, 701) (28720, 74407)
2022-09-09 20:17:41.754 *** Mouse movement (LeftButton) ***  Mouse coords: (559, 715) (28680, 74250)
2022-09-09 20:17:41.770 *** Mouse movement (LeftButton) ***  Mouse coords: (560, 723) (28681, 74192)
2022-09-09 20:17:41.787 *** Mouse movement (LeftButton) ***  Mouse coords: (561, 729) (28681, 74173)
2022-09-09 20:17:41.804 *** Mouse movement (LeftButton) ***  Mouse coords: (561, 733) (28671, 74153)
2022-09-09 20:17:41.821 *** Mouse movement (LeftButton) ***  Mouse coords: (562, 734) (28681, 74123)
2022-09-09 20:17:41.844 *** Mouse movement (LeftButton) ***  Mouse coords: (562, 736) (28671, 74134)
2022-09-09 20:17:42.165 *** Mouse movement (LeftButton) ***  Mouse coords: (635, 198) (29382, 68869)
2022-09-09 20:17:42.191 *** Mouse movement (LeftButton) ***  Mouse coords: (634, 223) (29373, 69094)
2022-09-09 20:17:42.205 *** Mouse movement (LeftButton) ***  Mouse coords: (631, 249) (29352, 69103)
2022-09-09 20:17:42.220 *** Mouse movement (LeftButton) ***  Mouse coords: (628, 294) (29353, 69289)
2022-09-09 20:17:42.237 *** Mouse movement (LeftButton) ***  Mouse coords: (624, 331) (29343, 69211)
2022-09-09 20:17:42.254 *** Mouse movement (LeftButton) ***  Mouse coords: (620, 360) (29343, 69133)
2022-09-09 20:17:42.271 *** Mouse movement (LeftButton) ***  Mouse coords: (609, 407) (29275, 69308)
2022-09-09 20:17:42.287 *** Mouse movement (LeftButton) ***  Mouse coords: (599, 440) (29284, 69171)
2022-09-09 20:17:42.304 *** Mouse movement (LeftButton) ***  Mouse coords: (590, 467) (29295, 69114)
2022-09-09 20:17:42.321 *** Mouse movement (LeftButton) ***  Mouse coords: (580, 486) (29284, 69035)
2022-09-09 20:17:42.337 *** Mouse movement (LeftButton) ***  Mouse coords: (567, 509) (29255, 69074)
2022-09-09 20:17:42.354 *** Mouse movement (LeftButton) ***  Mouse coords: (564, 514) (29353, 68899)
2022-09-09 20:17:42.371 *** Mouse movement (LeftButton) ***  Mouse coords: (563, 515) (29372, 68860)
2022-09-09 20:17:42.387 *** Mouse movement (LeftButton) ***  Mouse coords: (562, 515) (29373, 68850)
2022-09-09 20:17:49.800 *** Mouse movement (LeftButton) ***  Mouse coords: (462, 193) (31063, 66499)
2022-09-09 20:17:49.808 *** Mouse movement (LeftButton) ***  Mouse coords: (464, 196) (31065, 66502)
2022-09-09 20:17:49.821 *** Mouse movement (LeftButton) ***  Mouse coords: (470, 206) (31072, 66512)
2022-09-09 20:17:49.837 *** Mouse movement (LeftButton) ***  Mouse coords: (506, 268) (31109, 66577)
2022-09-09 20:17:49.854 *** Mouse movement (LeftButton) ***  Mouse coords: (529, 307) (31133, 66617)
2022-09-09 20:17:49.871 *** Mouse movement (LeftButton) ***  Mouse coords: (552, 357) (31157, 66669)
2022-09-09 20:17:49.887 *** Mouse movement (LeftButton) ***  Mouse coords: (568, 394) (31173, 66708)
2022-09-09 20:17:49.904 *** Mouse movement (LeftButton) ***  Mouse coords: (584, 440) (31190, 66755)
2022-09-09 20:17:49.920 *** Mouse movement (LeftButton) ***  Mouse coords: (592, 469) (31198, 66786)
2022-09-09 20:17:49.937 *** Mouse movement (LeftButton) ***  Mouse coords: (599, 499) (31206, 66817)
2022-09-09 20:17:49.954 *** Mouse movement (LeftButton) ***  Mouse coords: (602, 515) (31209, 66833)
2022-09-09 20:17:49.970 *** Mouse movement (LeftButton) ***  Mouse coords: (603, 525) (31210, 66844)
2022-09-09 20:17:49.987 *** Mouse movement (LeftButton) ***  Mouse coords: (604, 535) (31211, 66854)
2022-09-09 20:17:50.004 *** Mouse movement (LeftButton) ***  Mouse coords: (604, 539) (31211, 66858)
2022-09-09 20:17:50.020 *** Mouse movement (LeftButton) ***  Mouse coords: (605, 543) (31212, 66862)
2022-09-09 20:17:50.037 *** Mouse movement (LeftButton) ***  Mouse coords: (607, 553) (31214, 66873)
2022-09-09 20:17:50.054 *** Mouse movement (LeftButton) ***  Mouse coords: (612, 568) (31219, 66888)
2022-09-09 20:17:50.070 *** Mouse movement (LeftButton) ***  Mouse coords: (614, 574) (31221, 66895)
2022-09-09 20:17:50.087 *** Mouse movement (LeftButton) ***  Mouse coords: (615, 579) (31222, 66900)
2022-09-09 20:17:50.104 *** Mouse movement (LeftButton) ***  Mouse coords: (615, 582) (31222, 66903)
2022-09-09 20:17:50.120 *** Mouse movement (LeftButton) ***  Mouse coords: (616, 585) (31223, 66906)
2022-09-09 20:17:50.137 *** Mouse movement (LeftButton) ***  Mouse coords: (617, 586) (31224, 66907)
2022-09-09 20:17:50.154 *** Mouse movement (LeftButton) ***  Mouse coords: (617, 587) (31224, 66908)
2022-09-09 20:17:52.202 *** Interactive label *** Apply to case start.
2022-09-09 20:18:00.577 *** Mouse movement (LeftButton) ***  Mouse coords: (344, 364) (22241, 55846)
2022-09-09 20:18:00.594 *** Mouse movement (LeftButton) ***  Mouse coords: (345, 367) (22246, 55861)
2022-09-09 20:18:00.608 *** Mouse movement (LeftButton) ***  Mouse coords: (351, 385) (22275, 55950)
2022-09-09 20:18:00.621 *** Mouse movement (LeftButton) ***  Mouse coords: (359, 404) (22315, 56044)
2022-09-09 20:18:00.637 *** Mouse movement (LeftButton) ***  Mouse coords: (385, 460) (22443, 56320)
2022-09-09 20:18:00.654 *** Mouse movement (LeftButton) ***  Mouse coords: (398, 486) (22507, 56448)
2022-09-09 20:18:00.671 *** Mouse movement (LeftButton) ***  Mouse coords: (414, 517) (22586, 56601)
2022-09-09 20:18:00.687 *** Mouse movement (LeftButton) ***  Mouse coords: (429, 545) (22660, 56739)
2022-09-09 20:18:00.704 *** Mouse movement (LeftButton) ***  Mouse coords: (437, 555) (22699, 56788)
2022-09-09 20:18:00.721 *** Mouse movement (LeftButton) ***  Mouse coords: (442, 564) (22724, 56832)
2022-09-09 20:18:02.463 *** Interactive label *** Apply to case start.
2022-09-09 20:18:06.555 *** Interactive label *** Apply to case done.
2022-09-09 20:18:07.420 *** Interactive label *** Apply to case finish overlay create.
2022-09-09 20:18:09.868 *** Interactive label *** Review annotations/active learning start.
2022-09-09 20:18:23.985 *** Interactive label: Review annotations finished.
2022-09-09 20:18:24.022 *** Interactive label *** Apply to case start.
2022-09-09 20:18:24.022 *** Interactive label *** Apply to case finish overlay create.
2022-09-09 20:18:26.309 *** Mouse movement (LeftButton) ***  Mouse coords: (939, 394) (24535, 54250)
2022-09-09 20:18:26.317 *** Mouse movement (LeftButton) ***  Mouse coords: (939, 395) (24535, 54255)
2022-09-09 20:18:26.324 *** Mouse movement (LeftButton) ***  Mouse coords: (941, 396) (24545, 54260)
2022-09-09 20:18:26.338 *** Mouse movement (LeftButton) ***  Mouse coords: (944, 400) (24559, 54280)
2022-09-09 20:18:26.354 *** Mouse movement (LeftButton) ***  Mouse coords: (952, 409) (24599, 54324)
2022-09-09 20:18:26.371 *** Mouse movement (LeftButton) ***  Mouse coords: (969, 426) (24683, 54408)
2022-09-09 20:18:26.387 *** Mouse movement (LeftButton) ***  Mouse coords: (974, 430) (24707, 54428)
2022-09-09 20:18:26.404 *** Mouse movement (LeftButton) ***  Mouse coords: (979, 435) (24732, 54452)
2022-09-09 20:18:26.421 *** Mouse movement (LeftButton) ***  Mouse coords: (985, 439) (24761, 54472)
2022-09-09 20:18:26.437 *** Mouse movement (LeftButton) ***  Mouse coords: (991, 445) (24791, 54502)
2022-09-09 20:18:26.455 *** Mouse movement (LeftButton) ***  Mouse coords: (995, 448) (24811, 54517)
2022-09-09 20:18:26.472 *** Mouse movement (LeftButton) ***  Mouse coords: (996, 449) (24816, 54521)
2022-09-09 20:18:27.603 *** Interactive label *** Apply to case start.
2022-09-09 20:18:31.449 *** Interactive label *** Apply to case done.
2022-09-09 20:18:33.906 *** Interactive label *** Apply to case finish overlay create.
2022-09-09 20:18:34.636 *** Interactive label *** Review annotations/active learning start.
2022-09-09 20:19:34.297 *** Program closed.
