2022-08-31 12:07:02.303 *** Start program *** Start program
2022-08-31 12:07:08.260 *** Open case *** /Applications/XAMPP/xamppfiles/htdocs/20220722_Eric_Yang
2022-08-31 12:07:12.675 *** Open processed data
2022-08-31 12:07:12.675 *** Preload all statistics at once.
2022-08-31 12:07:13.396 *** Nuclei stat data loaded, took 0.72 seconds. Total number of nuclei: 670699
2022-08-31 12:07:17.938 *** Mouse movement (LeftButton) ***  Mouse coords: (581, 256) (86252, 16824)
2022-08-31 12:07:29.324 *** Mouse movement (LeftButton) ***  Mouse coords: (710, 288) (84215, 22159)
2022-08-31 12:07:29.371 *** Mouse movement (LeftButton) ***  Mouse coords: (666, 324) (84139, 22221)
2022-08-31 12:07:29.396 *** Mouse movement (LeftButton) ***  Mouse coords: (585, 384) (84075, 22263)
2022-08-31 12:07:29.416 *** Mouse movement (LeftButton) ***  Mouse coords: (520, 425) (84103, 22230)
2022-08-31 12:07:29.435 *** Mouse movement (LeftButton) ***  Mouse coords: (481, 446) (84148, 22195)
2022-08-31 12:07:29.456 *** Mouse movement (LeftButton) ***  Mouse coords: (457, 457) (84173, 22178)
2022-08-31 12:07:29.497 *** Mouse movement (LeftButton) ***  Mouse coords: (443, 464) (84191, 22171)
2022-08-31 12:07:29.518 *** Mouse movement (LeftButton) ***  Mouse coords: (438, 466) (84207, 22162)
2022-08-31 12:07:29.549 *** Mouse movement (LeftButton) ***  Mouse coords: (438, 466) (84215, 22159)
2022-08-31 12:07:29.578 *** Mouse movement (LeftButton) ***  Mouse coords: (438, 465) (84215, 22158)
2022-08-31 12:07:29.970 *** Mouse movement (LeftButton) ***  Mouse coords: (630, 341) (84546, 21945)
2022-08-31 12:07:30.099 *** Mouse movement (LeftButton) ***  Mouse coords: (630, 341) (84546, 21945)
2022-08-31 12:07:30.137 *** Mouse movement (LeftButton) ***  Mouse coords: (629, 352) (84544, 21964)
2022-08-31 12:07:30.161 *** Mouse movement (LeftButton) ***  Mouse coords: (629, 369) (84546, 21974)
2022-08-31 12:07:30.180 *** Mouse movement (LeftButton) ***  Mouse coords: (629, 379) (84546, 21962)
2022-08-31 12:07:30.199 *** Mouse movement (LeftButton) ***  Mouse coords: (629, 391) (84546, 21966)
2022-08-31 12:07:30.219 *** Mouse movement (LeftButton) ***  Mouse coords: (637, 399) (84560, 21959)
2022-08-31 12:07:30.261 *** Mouse movement (LeftButton) ***  Mouse coords: (660, 409) (84586, 21962)
2022-08-31 12:07:30.280 *** Mouse movement (LeftButton) ***  Mouse coords: (714, 417) (84639, 21959)
2022-08-31 12:07:30.302 *** Mouse movement (LeftButton) ***  Mouse coords: (743, 419) (84596, 21948)
2022-08-31 12:07:30.328 *** Mouse movement (LeftButton) ***  Mouse coords: (769, 419) (84591, 21945)
2022-08-31 12:07:30.365 *** Mouse movement (LeftButton) ***  Mouse coords: (811, 419) (84618, 21945)
2022-08-31 12:07:30.385 *** Mouse movement (LeftButton) ***  Mouse coords: (830, 418) (84579, 21944)
2022-08-31 12:07:30.404 *** Mouse movement (LeftButton) ***  Mouse coords: (836, 418) (84557, 21945)
2022-08-31 12:07:30.424 *** Mouse movement (LeftButton) ***  Mouse coords: (839, 418) (84551, 21945)
2022-08-31 12:07:30.464 *** Mouse movement (LeftButton) ***  Mouse coords: (842, 418) (84551, 21945)
2022-08-31 12:07:30.484 *** Mouse movement (LeftButton) ***  Mouse coords: (843, 416) (84548, 21941)
2022-08-31 12:07:31.059 *** Mouse movement (LeftButton) ***  Mouse coords: (492, 362) (83940, 21852)
2022-08-31 12:07:31.110 *** Mouse movement (LeftButton) ***  Mouse coords: (561, 362) (84057, 21852)
2022-08-31 12:07:31.151 *** Mouse movement (LeftButton) ***  Mouse coords: (661, 348) (84111, 21828)
2022-08-31 12:07:31.173 *** Mouse movement (LeftButton) ***  Mouse coords: (690, 340) (83988, 21838)
2022-08-31 12:07:31.192 *** Mouse movement (LeftButton) ***  Mouse coords: (712, 334) (83976, 21842)
2022-08-31 12:07:31.235 *** Mouse movement (LeftButton) ***  Mouse coords: (723, 331) (83957, 21846)
2022-08-31 12:07:31.256 *** Mouse movement (LeftButton) ***  Mouse coords: (725, 331) (83941, 21852)
2022-08-31 12:07:31.275 *** Mouse movement (LeftButton) ***  Mouse coords: (725, 331) (83938, 21852)
2022-08-31 12:07:31.319 *** Mouse movement (LeftButton) ***  Mouse coords: (725, 331) (83938, 21852)
2022-08-31 12:07:31.339 *** Mouse movement (LeftButton) ***  Mouse coords: (725, 331) (83938, 21852)
2022-08-31 12:07:32.394 *** Interactive label *** (double click) click on screen. screen: (836, 311); slide: (84130, 21818). case_id: 20220722_Eric_Yang, slide_id: 3BQMJY_44661.svs, Nuclei index selected: 128677
2022-08-31 12:07:44.961 *** Program closed.
