2022-08-12 12:10:08.379 *** Start program *** Start program
2022-08-12 12:10:13.708 *** Open case *** /media/zhihuang/Drive14/Google_Colon_lnm_pos_2015_slides/slides/S0425
2022-08-12 12:10:16.048 *** Open processed data
2022-08-12 12:10:16.049 *** Preload all statistics at once.
2022-08-12 12:10:16.847 *** Nuclei stat data loaded, took 0.80 seconds. Total number of nuclei: 954361
2022-08-12 12:10:20.671 *** Mouse movement (LeftButton) ***  Mouse coords: (133, 141) (45012, 41494)
2022-08-12 12:10:20.679 *** Mouse movement (LeftButton) ***  Mouse coords: (133, 142) (45012, 41511)
2022-08-12 12:10:20.696 *** Mouse movement (LeftButton) ***  Mouse coords: (134, 150) (45029, 41648)
2022-08-12 12:10:20.714 *** Mouse movement (LeftButton) ***  Mouse coords: (137, 156) (45081, 41750)
2022-08-12 12:10:20.731 *** Mouse movement (LeftButton) ***  Mouse coords: (142, 163) (45166, 41869)
2022-08-12 12:10:20.747 *** Mouse movement (LeftButton) ***  Mouse coords: (162, 185) (45507, 42245)
2022-08-12 12:10:20.764 *** Mouse movement (LeftButton) ***  Mouse coords: (178, 200) (45780, 42501)
2022-08-12 12:10:20.781 *** Mouse movement (LeftButton) ***  Mouse coords: (195, 213) (46070, 42722)
2022-08-12 12:10:20.798 *** Mouse movement (LeftButton) ***  Mouse coords: (216, 227) (46428, 42961)
2022-08-12 12:10:20.815 *** Mouse movement (LeftButton) ***  Mouse coords: (252, 250) (47042, 43354)
2022-08-12 12:10:20.831 *** Mouse movement (LeftButton) ***  Mouse coords: (264, 257) (47247, 43473)
2022-08-12 12:10:20.848 *** Mouse movement (LeftButton) ***  Mouse coords: (285, 267) (47605, 43644)
2022-08-12 12:10:20.864 *** Mouse movement (LeftButton) ***  Mouse coords: (296, 272) (47793, 43729)
2022-08-12 12:10:20.880 *** Mouse movement (LeftButton) ***  Mouse coords: (301, 274) (47878, 43763)
2022-08-12 12:10:20.897 *** Mouse movement (LeftButton) ***  Mouse coords: (306, 276) (47964, 43797)
2022-08-12 12:10:20.914 *** Mouse movement (LeftButton) ***  Mouse coords: (308, 278) (47998, 43831)
2022-08-12 12:10:20.931 *** Mouse movement (LeftButton) ***  Mouse coords: (310, 281) (48032, 43882)
2022-08-12 12:10:20.947 *** Mouse movement (LeftButton) ***  Mouse coords: (312, 282) (48066, 43899)
2022-08-12 12:10:20.964 *** Mouse movement (LeftButton) ***  Mouse coords: (313, 283) (48083, 43917)
2022-08-12 12:10:23.024 *** Program closed.
