2022-08-12 13:10:16.065 *** Start program *** Start program
2022-08-12 13:10:31.304 *** Open case *** /media/zhihuang/Drive14/Google_Colon_lnm_pos_2015_slides/slides/S0425
2022-08-12 13:10:33.366 *** Open processed data
2022-08-12 13:10:33.367 *** Preload all statistics at once.
2022-08-12 13:10:34.177 *** Nuclei stat data loaded, took 0.81 seconds. Total number of nuclei: 954361
2022-08-12 13:10:42.428 *** Process image overlay spent 0.00 seconds.
2022-08-12 13:10:42.463 *** Get cell color spent 0.03 seconds.
2022-08-12 13:10:43.067 *** Process image overlay spent 0.00 seconds.
2022-08-12 13:10:43.077 *** Get cell color spent 0.01 seconds.
2022-08-12 13:10:50.108 *** Process image overlay spent 0.00 seconds.
2022-08-12 13:10:50.112 *** Get cell color spent 0.00 seconds.
2022-08-12 13:10:50.331 *** Process image overlay spent 0.00 seconds.
2022-08-12 13:10:50.333 *** Get cell color spent 0.00 seconds.
2022-08-12 13:10:50.938 *** Mouse movement (LeftButton) ***  Mouse coords: (537, 153) (40584, 49153)
2022-08-12 13:10:50.947 *** Mouse movement (LeftButton) ***  Mouse coords: (538, 155) (40586, 49156)
2022-08-12 13:10:50.957 *** Mouse movement (LeftButton) ***  Mouse coords: (539, 157) (40588, 49160)
2022-08-12 13:10:50.975 *** Mouse movement (LeftButton) ***  Mouse coords: (543, 164) (40595, 49173)
2022-08-12 13:10:50.991 *** Mouse movement (LeftButton) ***  Mouse coords: (553, 182) (40613, 49206)
2022-08-12 13:10:51.008 *** Mouse movement (LeftButton) ***  Mouse coords: (562, 194) (40629, 49227)
2022-08-12 13:10:51.025 *** Mouse movement (LeftButton) ***  Mouse coords: (575, 209) (40653, 49255)
2022-08-12 13:10:51.041 *** Mouse movement (LeftButton) ***  Mouse coords: (589, 223) (40678, 49280)
2022-08-12 13:10:51.058 *** Mouse movement (LeftButton) ***  Mouse coords: (603, 236) (40704, 49304)
2022-08-12 13:10:51.075 *** Mouse movement (LeftButton) ***  Mouse coords: (609, 243) (40715, 49316)
2022-08-12 13:10:51.091 *** Mouse movement (LeftButton) ***  Mouse coords: (612, 245) (40720, 49320)
2022-08-12 13:10:51.108 *** Mouse movement (LeftButton) ***  Mouse coords: (613, 247) (40722, 49324)
2022-08-12 13:10:52.540 *** Interactive label *** Apply to case start.
2022-08-12 13:10:54.569 *** Mouse movement (LeftButton) ***  Mouse coords: (280, 300) (40116, 49420)
2022-08-12 13:10:54.578 *** Mouse movement (LeftButton) ***  Mouse coords: (280, 303) (40116, 49426)
2022-08-12 13:10:54.590 *** Mouse movement (LeftButton) ***  Mouse coords: (283, 317) (40122, 49451)
2022-08-12 13:10:54.608 *** Mouse movement (LeftButton) ***  Mouse coords: (292, 339) (40138, 49491)
2022-08-12 13:10:54.625 *** Mouse movement (LeftButton) ***  Mouse coords: (299, 364) (40151, 49537)
2022-08-12 13:10:54.641 *** Mouse movement (LeftButton) ***  Mouse coords: (306, 390) (40164, 49584)
2022-08-12 13:10:54.659 *** Mouse movement (LeftButton) ***  Mouse coords: (312, 421) (40175, 49640)
2022-08-12 13:10:54.675 *** Mouse movement (LeftButton) ***  Mouse coords: (318, 441) (40186, 49677)
2022-08-12 13:10:54.692 *** Mouse movement (LeftButton) ***  Mouse coords: (322, 458) (40193, 49708)
2022-08-12 13:10:54.708 *** Mouse movement (LeftButton) ***  Mouse coords: (324, 465) (40196, 49720)
2022-08-12 13:10:54.725 *** Mouse movement (LeftButton) ***  Mouse coords: (327, 473) (40202, 49735)
2022-08-12 13:10:54.741 *** Mouse movement (LeftButton) ***  Mouse coords: (329, 477) (40206, 49742)
2022-08-12 13:10:54.758 *** Mouse movement (LeftButton) ***  Mouse coords: (329, 478) (40206, 49744)
2022-08-12 13:10:54.775 *** Mouse movement (LeftButton) ***  Mouse coords: (329, 479) (40206, 49746)
2022-08-12 13:10:54.846 *** Mouse movement (LeftButton) ***  Mouse coords: (330, 481) (40207, 49749)
2022-08-12 13:10:54.862 *** Mouse movement (LeftButton) ***  Mouse coords: (332, 488) (40211, 49762)
2022-08-12 13:10:54.878 *** Mouse movement (LeftButton) ***  Mouse coords: (336, 497) (40218, 49778)
2022-08-12 13:10:54.892 *** Mouse movement (LeftButton) ***  Mouse coords: (340, 503) (40226, 49789)
2022-08-12 13:10:54.908 *** Mouse movement (LeftButton) ***  Mouse coords: (341, 506) (40227, 49795)
2022-08-12 13:10:54.925 *** Mouse movement (LeftButton) ***  Mouse coords: (342, 507) (40229, 49797)
2022-08-12 13:10:54.941 *** Mouse movement (LeftButton) ***  Mouse coords: (342, 508) (40229, 49798)
2022-08-12 13:10:55.034 *** Mouse movement (LeftButton) ***  Mouse coords: (343, 508) (40231, 49798)
2022-08-12 13:10:55.056 *** Mouse movement (LeftButton) ***  Mouse coords: (343, 507) (40231, 49797)
2022-08-12 13:10:55.072 *** Mouse movement (LeftButton) ***  Mouse coords: (344, 505) (40233, 49793)
2022-08-12 13:10:55.091 *** Mouse movement (LeftButton) ***  Mouse coords: (345, 503) (40235, 49789)
2022-08-12 13:10:55.109 *** Mouse movement (LeftButton) ***  Mouse coords: (347, 499) (40238, 49782)
2022-08-12 13:10:55.125 *** Mouse movement (LeftButton) ***  Mouse coords: (349, 494) (40242, 49773)
2022-08-12 13:10:55.141 *** Mouse movement (LeftButton) ***  Mouse coords: (351, 491) (40246, 49768)
2022-08-12 13:10:55.158 *** Mouse movement (LeftButton) ***  Mouse coords: (353, 486) (40249, 49758)
2022-08-12 13:10:55.175 *** Mouse movement (LeftButton) ***  Mouse coords: (355, 483) (40253, 49753)
2022-08-12 13:10:55.191 *** Mouse movement (LeftButton) ***  Mouse coords: (355, 481) (40253, 49749)
2022-08-12 13:10:55.973 *** Interactive label *** Apply to case start.
2022-08-12 13:12:01.985 *** Program closed.
