2022-08-31 11:40:42.950 *** Start program *** Start program
2022-08-31 11:42:54.647 *** Open case *** /Applications/XAMPP/xamppfiles/htdocs/20220722_Eric_Yang
2022-08-31 11:43:02.022 *** Open processed data
2022-08-31 11:43:02.023 *** Preload all statistics at once.
2022-08-31 11:43:02.914 *** Nuclei stat data loaded, took 0.89 seconds. Total number of nuclei: 1063036
2022-08-31 11:43:29.641 *** Interactive label *** (double click) click on screen. screen: (875, 323); slide: (47686, 35794). case_id: 20220722_Eric_Yang, slide_id: 3BT560_44659.svs, Nuclei index selected: 565255
2022-08-31 11:43:29.659 *** Interactive label *** Apply to case start.
2022-08-31 11:43:31.489 *** Interactive label *** (double click) click on screen. screen: (865, 321); slide: (47681, 35793). case_id: 20220722_Eric_Yang, slide_id: 3BT560_44659.svs, Nuclei index selected: 565255
2022-08-31 11:43:31.515 *** Interactive label *** Apply to case start.
2022-08-31 11:43:32.237 *** Interactive label *** (double click) click on screen. screen: (865, 321); slide: (47681, 35793). case_id: 20220722_Eric_Yang, slide_id: 3BT560_44659.svs, Nuclei index selected: 565255
2022-08-31 11:43:32.258 *** Interactive label *** Apply to case start.
2022-08-31 11:43:32.910 *** Interactive label *** (double click) click on screen. screen: (865, 321); slide: (47681, 35793). case_id: 20220722_Eric_Yang, slide_id: 3BT560_44659.svs, Nuclei index selected: 565255
2022-08-31 11:43:32.917 *** Interactive label *** Apply to case start.
2022-08-31 11:43:33.713 *** Interactive label *** (double click) click on screen. screen: (865, 321); slide: (47681, 35793). case_id: 20220722_Eric_Yang, slide_id: 3BT560_44659.svs, Nuclei index selected: 565255
2022-08-31 11:43:33.735 *** Interactive label *** Apply to case start.
2022-08-31 11:43:35.122 *** Interactive label *** (double click) click on screen. screen: (864, 326); slide: (47681, 35795). case_id: 20220722_Eric_Yang, slide_id: 3BT560_44659.svs, Nuclei index selected: 565255
2022-08-31 11:43:35.149 *** Interactive label *** Apply to case start.
2022-08-31 11:43:36.096 *** Mouse movement (LeftButton) ***  Mouse coords: (892, 435) (47695, 35851)
2022-08-31 11:43:36.157 *** Mouse movement (LeftButton) ***  Mouse coords: (855, 432) (47676, 35849)
2022-08-31 11:43:36.206 *** Mouse movement (LeftButton) ***  Mouse coords: (835, 430) (47685, 35850)
2022-08-31 11:43:36.236 *** Mouse movement (LeftButton) ***  Mouse coords: (823, 430) (47689, 35851)
2022-08-31 11:43:36.282 *** Mouse movement (LeftButton) ***  Mouse coords: (810, 430) (47688, 35851)
2022-08-31 11:43:36.329 *** Mouse movement (LeftButton) ***  Mouse coords: (806, 430) (47693, 35851)
2022-08-31 11:43:36.385 *** Mouse movement (LeftButton) ***  Mouse coords: (805, 430) (47695, 35851)
2022-08-31 11:43:45.339 *** Mouse movement (LeftButton) ***  Mouse coords: (891, 528) (47738, 35901)
2022-08-31 11:43:45.490 *** Interactive label *** (double click) click on screen. screen: (891, 529); slide: (47738, 35902). case_id: 20220722_Eric_Yang, slide_id: 3BT560_44659.svs, Nuclei index selected: 568035
2022-08-31 11:43:45.506 *** Interactive label *** Apply to case start.
2022-08-31 11:43:50.609 *** Interactive label *** (double click) click on screen. screen: (929, 515); slide: (47758, 35894). case_id: 20220722_Eric_Yang, slide_id: 3BT560_44659.svs, Nuclei index selected: 563209
2022-08-31 11:43:50.626 *** Interactive label *** Apply to case start.
2022-08-31 11:43:53.109 *** Mouse movement (LeftButton) ***  Mouse coords: (949, 502) (47768, 35888)
2022-08-31 11:43:53.265 *** Interactive label *** (double click) click on screen. screen: (949, 502); slide: (47768, 35887). case_id: 20220722_Eric_Yang, slide_id: 3BT560_44659.svs, Nuclei index selected: 563209
2022-08-31 11:43:53.272 *** Interactive label *** Apply to case start.
2022-08-31 11:44:01.791 *** Program closed.
