2022-08-31 12:12:43.552 *** Start program *** Start program
2022-08-31 12:12:59.695 *** Open case *** /Applications/XAMPP/xamppfiles/htdocs/20220722_Eric_Yang
2022-08-31 12:13:03.557 *** Open processed data
2022-08-31 12:13:03.557 *** Preload all statistics at once.
2022-08-31 12:13:04.122 *** Nuclei stat data loaded, took 0.56 seconds. Total number of nuclei: 670699
2022-08-31 12:13:08.036 *** Mouse movement (LeftButton) ***  Mouse coords: (517, 373) (76012, 35544)
2022-08-31 12:13:11.896 *** Mouse movement (LeftButton) ***  Mouse coords: (131, 95) (72114, 51616)
2022-08-31 12:13:15.554 *** Mouse movement (LeftButton) ***  Mouse coords: (996, 370) (71846, 58026)
2022-08-31 12:13:15.728 *** Mouse movement (LeftButton) ***  Mouse coords: (996, 370) (71846, 58026)
2022-08-31 12:13:15.771 *** Mouse movement (LeftButton) ***  Mouse coords: (981, 370) (71823, 58026)
2022-08-31 12:13:15.793 *** Mouse movement (LeftButton) ***  Mouse coords: (960, 370) (71815, 58026)
2022-08-31 12:13:15.813 *** Mouse movement (LeftButton) ***  Mouse coords: (942, 367) (71819, 58021)
2022-08-31 12:13:15.831 *** Mouse movement (LeftButton) ***  Mouse coords: (924, 363) (71820, 58020)
2022-08-31 12:13:15.852 *** Mouse movement (LeftButton) ***  Mouse coords: (906, 358) (71819, 58019)
2022-08-31 12:13:15.877 *** Mouse movement (LeftButton) ***  Mouse coords: (897, 355) (71832, 58021)
2022-08-31 12:13:15.896 *** Mouse movement (LeftButton) ***  Mouse coords: (872, 344) (71809, 58010)
2022-08-31 12:13:15.914 *** Mouse movement (LeftButton) ***  Mouse coords: (861, 338) (71830, 58017)
2022-08-31 12:13:15.935 *** Mouse movement (LeftButton) ***  Mouse coords: (849, 332) (71828, 58017)
2022-08-31 12:13:15.959 *** Mouse movement (LeftButton) ***  Mouse coords: (838, 324) (71830, 58014)
2022-08-31 12:13:15.978 *** Mouse movement (LeftButton) ***  Mouse coords: (832, 320) (71837, 58020)
2022-08-31 12:13:15.997 *** Mouse movement (LeftButton) ***  Mouse coords: (831, 318) (71844, 58023)
2022-08-31 12:13:16.018 *** Mouse movement (LeftButton) ***  Mouse coords: (830, 318) (71845, 58026)
2022-08-31 12:13:16.049 *** Mouse movement (LeftButton) ***  Mouse coords: (829, 317) (71844, 58025)
2022-08-31 12:13:16.067 *** Mouse movement (LeftButton) ***  Mouse coords: (829, 316) (71846, 58024)
2022-08-31 12:13:18.574 *** Mouse movement (LeftButton) ***  Mouse coords: (1043, 488) (72167, 58112)
2022-08-31 12:13:18.677 *** Mouse movement (LeftButton) ***  Mouse coords: (1043, 488) (72166, 58112)
2022-08-31 12:13:18.712 *** Mouse movement (LeftButton) ***  Mouse coords: (1019, 447) (72150, 58084)
2022-08-31 12:13:18.733 *** Mouse movement (LeftButton) ***  Mouse coords: (995, 403) (72150, 58083)
2022-08-31 12:13:18.779 *** Mouse movement (LeftButton) ***  Mouse coords: (958, 334) (72141, 58065)
2022-08-31 12:13:18.808 *** Mouse movement (LeftButton) ***  Mouse coords: (934, 291) (72150, 58083)
2022-08-31 12:13:18.852 *** Mouse movement (LeftButton) ***  Mouse coords: (918, 268) (72155, 58097)
2022-08-31 12:13:18.898 *** Mouse movement (LeftButton) ***  Mouse coords: (918, 268) (72166, 58112)
2022-08-31 12:13:19.822 *** Interactive label *** (double click) click on screen. screen: (933, 467); slide: (72176, 58245). case_id: 20220722_Eric_Yang, slide_id: 3BQMJY_44661.svs, Nuclei index selected: 542040
2022-08-31 12:13:19.853 *** Interactive label *** Apply to case start.
2022-08-31 12:14:49.423 *** Program closed.
