2022-08-12 14:34:58.942 *** Start program *** Start program
2022-08-12 14:35:24.672 *** Open case *** /media/zhihuang/Drive14/Google_Colon_lnm_pos_2015_slides/slides/S0425
2022-08-12 14:35:28.016 *** starting thread (client mode): 0xda422790
2022-08-12 14:35:28.017 *** Local version/idstring: SSH-2.0-paramiko_2.11.0
2022-08-12 14:35:28.036 *** Remote version/idstring: SSH-2.0-OpenSSH_5.3
2022-08-12 14:35:28.037 *** Connected (version 2.0, client OpenSSH_5.3)
2022-08-12 14:35:28.055 *** === Key exchange possibilities ===
2022-08-12 14:35:28.055 *** kex algos: diffie-hellman-group-exchange-sha256, diffie-hellman-group-exchange-sha1, diffie-hellman-group14-sha1, diffie-hellman-group1-sha1
2022-08-12 14:35:28.056 *** server key: ssh-rsa, ssh-rsa-cert-v01@openssh.com, ssh-dss
2022-08-12 14:35:28.056 *** client encrypt: aes128-ctr, aes192-ctr, aes256-ctr, arcfour256, arcfour128, aes128-cbc, 3des-cbc, blowfish-cbc, cast128-cbc, aes192-cbc, aes256-cbc, arcfour, rijndael-cbc@lysator.liu.se
2022-08-12 14:35:28.056 *** server encrypt: aes128-ctr, aes192-ctr, aes256-ctr, arcfour256, arcfour128, aes128-cbc, 3des-cbc, blowfish-cbc, cast128-cbc, aes192-cbc, aes256-cbc, arcfour, rijndael-cbc@lysator.liu.se
2022-08-12 14:35:28.056 *** client mac: hmac-md5, hmac-sha1, umac-64@openssh.com, hmac-sha2-256, hmac-sha2-512, hmac-ripemd160, hmac-ripemd160@openssh.com, hmac-sha1-96, hmac-md5-96
2022-08-12 14:35:28.057 *** server mac: hmac-md5, hmac-sha1, umac-64@openssh.com, hmac-sha2-256, hmac-sha2-512, hmac-ripemd160, hmac-ripemd160@openssh.com, hmac-sha1-96, hmac-md5-96
2022-08-12 14:35:28.057 *** client compress: none, zlib@openssh.com
2022-08-12 14:35:28.057 *** server compress: none, zlib@openssh.com
2022-08-12 14:35:28.058 *** client lang: <none>
2022-08-12 14:35:28.058 *** server lang: <none>
2022-08-12 14:35:28.058 *** kex follows: False
2022-08-12 14:35:28.058 *** === Key exchange agreements ===
2022-08-12 14:35:28.059 *** Kex: diffie-hellman-group-exchange-sha256
2022-08-12 14:35:28.059 *** HostKey: ssh-rsa
2022-08-12 14:35:28.060 *** Cipher: aes128-ctr
2022-08-12 14:35:28.060 *** MAC: hmac-sha2-256
2022-08-12 14:35:28.061 *** Compression: none
2022-08-12 14:35:28.061 *** === End of kex handshake ===
2022-08-12 14:35:28.121 *** Got server p (2048 bits)
2022-08-12 14:35:28.222 *** kex engine KexGexSHA256 specified hash_algo <built-in function openssl_sha256>
2022-08-12 14:35:28.222 *** Switch to new keys ...
2022-08-12 14:35:28.223 *** Adding ssh-rsa host key for 173.201.181.247: b'cca345f774a2d98448d0bcc78f04075d'
2022-08-12 14:35:28.298 *** userauth is OK
2022-08-12 14:35:28.322 *** Authentication (password) successful!
2022-08-12 14:35:28.324 *** [chan 0] Max packet in: 32768 bytes
2022-08-12 14:35:28.343 *** [chan 0] Max packet out: 32768 bytes
2022-08-12 14:35:28.343 *** Secsh channel 0 opened.
2022-08-12 14:35:28.362 *** [chan 0] Sesch channel 0 request ok
2022-08-12 14:35:28.381 *** [chan 0] Opened sftp connection (server version 3)
2022-08-12 14:35:28.383 *** [chan 0] stat(b'/home/b6o162rzivzp/NucFinder_DB/05313943FB3B68B7/interactive_nuclei_dict.pickle')
2022-08-12 14:35:28.402 *** [chan 0] open(b'/home/b6o162rzivzp/NucFinder_DB/05313943FB3B68B7/interactive_nuclei_dict.pickle', 'rb')
2022-08-12 14:35:28.422 *** [chan 0] open(b'/home/b6o162rzivzp/NucFinder_DB/05313943FB3B68B7/interactive_nuclei_dict.pickle', 'rb') -> 00000000
2022-08-12 14:35:29.278 *** [chan 0] close(00000000)
2022-08-12 14:35:29.543 *** CACHEDIR=/home/zhihuang/.cache/matplotlib
2022-08-12 14:35:29.544 *** Using fontManager instance from /home/zhihuang/.cache/matplotlib/fontlist-v330.json
2022-08-12 14:35:29.809 *** Loaded backend qtagg version unknown.
2022-08-12 14:36:16.466 *** Program closed.
2022-08-12 14:36:16.961 *** EOF in transport thread
