2022-08-30 22:01:03.846 *** Start program *** Start program
2022-08-30 22:01:22.295 *** Open case *** /Applications/XAMPP/xamppfiles/htdocs/20220722_Eric_Yang
2022-08-30 22:01:28.338 *** Open processed data
2022-08-30 22:01:28.338 *** Preload all statistics at once.
2022-08-30 22:01:29.053 *** Nuclei stat data loaded, took 0.71 seconds. Total number of nuclei: 843996
2022-08-30 22:01:33.538 *** Mouse movement (LeftButton) ***  Mouse coords: (165, 135) (39758, 28593)
2022-08-30 22:01:34.238 *** Mouse movement (LeftButton) ***  Mouse coords: (658, 247) (118638, 46513)
2022-08-30 22:01:34.329 *** Mouse movement (LeftButton) ***  Mouse coords: (657, 248) (118638, 46673)
2022-08-30 22:01:34.356 *** Mouse movement (LeftButton) ***  Mouse coords: (668, 263) (120558, 48913)
2022-08-30 22:01:34.380 *** Mouse movement (LeftButton) ***  Mouse coords: (699, 308) (123758, 53713)
2022-08-30 22:01:34.435 *** Mouse movement (LeftButton) ***  Mouse coords: (769, 412) (129998, 63153)
2022-08-30 22:01:34.456 *** Mouse movement (LeftButton) ***  Mouse coords: (800, 455) (123758, 53393)
2022-08-30 22:01:34.478 *** Mouse movement (LeftButton) ***  Mouse coords: (819, 476) (121838, 49873)
2022-08-30 22:01:34.498 *** Mouse movement (LeftButton) ***  Mouse coords: (830, 487) (120558, 48273)
2022-08-30 22:01:34.520 *** Mouse movement (LeftButton) ***  Mouse coords: (834, 490) (119438, 46993)
2022-08-30 22:01:34.552 *** Mouse movement (LeftButton) ***  Mouse coords: (836, 491) (119118, 46673)
2022-08-30 22:01:34.579 *** Mouse movement (LeftButton) ***  Mouse coords: (837, 491) (118958, 46513)
2022-08-30 22:01:36.529 *** Mouse movement (LeftButton) ***  Mouse coords: (964, 329) (96064, 31571)
2022-08-30 22:01:36.629 *** Mouse movement (LeftButton) ***  Mouse coords: (959, 329) (95960, 31571)
2022-08-30 22:01:36.652 *** Mouse movement (LeftButton) ***  Mouse coords: (921, 330) (95385, 31588)
2022-08-30 22:01:36.672 *** Mouse movement (LeftButton) ***  Mouse coords: (891, 336) (95523, 31676)
2022-08-30 22:01:36.697 *** Mouse movement (LeftButton) ***  Mouse coords: (798, 364) (94425, 32059)
2022-08-30 22:01:36.716 *** Mouse movement (LeftButton) ***  Mouse coords: (683, 409) (94042, 32356)
2022-08-30 22:01:36.741 *** Mouse movement (LeftButton) ***  Mouse coords: (559, 470) (93884, 32635)
2022-08-30 22:01:36.761 *** Mouse movement (LeftButton) ***  Mouse coords: (495, 508) (94931, 32233)
2022-08-30 22:01:36.789 *** Mouse movement (LeftButton) ***  Mouse coords: (472, 522) (95646, 31815)
2022-08-30 22:01:36.814 *** Mouse movement (LeftButton) ***  Mouse coords: (467, 524) (95960, 31606)
2022-08-30 22:01:38.097 *** Mouse movement (LeftButton) ***  Mouse coords: (179, 123) (109424, 66732)
2022-08-30 22:01:39.158 *** Mouse movement (LeftButton) ***  Mouse coords: (155, 58) (93388, 31735)
2022-08-30 22:01:39.873 *** Mouse movement (LeftButton) ***  Mouse coords: (571, 219) (100643, 34543)
2022-08-30 22:01:43.013 *** Mouse movement (LeftButton) ***  Mouse coords: (661, 325) (98823, 34379)
2022-08-30 22:01:44.410 *** Keyboard input *** key pressed: key: 77; text: "m"
2022-08-30 22:01:44.416 *** Process image overlay spent 0.00 seconds.
2022-08-30 22:01:44.419 *** Get cell color spent 0.00 seconds.
2022-08-30 22:01:44.876 *** Keyboard input *** key pressed: key: 77; text: "m"
2022-08-30 22:01:45.156 *** Keyboard input *** key pressed: key: 77; text: "m"
2022-08-30 22:01:45.160 *** Process image overlay spent 0.00 seconds.
2022-08-30 22:01:45.162 *** Get cell color spent 0.00 seconds.
2022-08-30 22:01:45.402 *** Keyboard input *** key pressed: key: 77; text: "m"
2022-08-30 22:01:55.663 *** Mouse movement (LeftButton) ***  Mouse coords: (969, 636) (99089, 33051)
2022-08-30 22:01:55.744 *** Mouse movement (LeftButton) ***  Mouse coords: (969, 637) (99091, 33053)
2022-08-30 22:01:55.777 *** Mouse movement (LeftButton) ***  Mouse coords: (951, 601) (99067, 33002)
2022-08-30 22:01:55.845 *** Mouse movement (LeftButton) ***  Mouse coords: (843, 422) (98947, 32812)
2022-08-30 22:01:55.870 *** Mouse movement (LeftButton) ***  Mouse coords: (797, 338) (99029, 32938)
2022-08-30 22:01:55.901 *** Mouse movement (LeftButton) ***  Mouse coords: (775, 305) (99062, 33007)
2022-08-30 22:01:55.930 *** Mouse movement (LeftButton) ***  Mouse coords: (757, 282) (99066, 33020)
2022-08-30 22:01:55.954 *** Mouse movement (LeftButton) ***  Mouse coords: (756, 281) (99090, 33050)
2022-08-30 22:01:55.981 *** Mouse movement (LeftButton) ***  Mouse coords: (756, 280) (99091, 33050)
2022-08-30 22:01:56.353 *** Mouse movement (LeftButton) ***  Mouse coords: (785, 490) (99130, 33332)
2022-08-30 22:01:56.469 *** Mouse movement (LeftButton) ***  Mouse coords: (785, 490) (99130, 33332)
2022-08-30 22:01:56.504 *** Mouse movement (LeftButton) ***  Mouse coords: (765, 451) (99103, 33280)
2022-08-30 22:01:56.531 *** Mouse movement (LeftButton) ***  Mouse coords: (740, 410) (99097, 33277)
2022-08-30 22:01:56.553 *** Mouse movement (LeftButton) ***  Mouse coords: (730, 390) (99116, 33305)
2022-08-30 22:01:56.575 *** Mouse movement (LeftButton) ***  Mouse coords: (713, 362) (99107, 33294)
2022-08-30 22:01:56.605 *** Mouse movement (LeftButton) ***  Mouse coords: (709, 353) (99125, 33320)
2022-08-30 22:01:59.296 *** Mouse movement (LeftButton) ***  Mouse coords: (811, 412) (99267, 33411)
2022-08-30 22:01:59.386 *** Mouse movement (LeftButton) ***  Mouse coords: (810, 412) (99265, 33411)
2022-08-30 22:01:59.421 *** Mouse movement (LeftButton) ***  Mouse coords: (764, 404) (99206, 33401)
2022-08-30 22:01:59.444 *** Mouse movement (LeftButton) ***  Mouse coords: (687, 380) (99164, 33378)
2022-08-30 22:01:59.466 *** Mouse movement (LeftButton) ***  Mouse coords: (639, 361) (99202, 33386)
2022-08-30 22:01:59.495 *** Mouse movement (LeftButton) ***  Mouse coords: (578, 336) (99186, 33378)
2022-08-30 22:01:59.522 *** Mouse movement (LeftButton) ***  Mouse coords: (536, 316) (99210, 33384)
2022-08-30 22:01:59.546 *** Mouse movement (LeftButton) ***  Mouse coords: (513, 303) (99237, 33393)
2022-08-30 22:01:59.577 *** Mouse movement (LeftButton) ***  Mouse coords: (513, 303) (99267, 33411)
2022-08-30 22:01:59.599 *** Mouse movement (LeftButton) ***  Mouse coords: (513, 302) (99267, 33410)
2022-08-30 22:01:59.622 *** Mouse movement (LeftButton) ***  Mouse coords: (513, 302) (99267, 33411)
2022-08-30 22:02:00.230 *** Mouse movement (LeftButton) ***  Mouse coords: (762, 564) (99600, 33762)
2022-08-30 22:02:00.271 *** Mouse movement (LeftButton) ***  Mouse coords: (762, 563) (99600, 33761)
2022-08-30 22:02:00.299 *** Mouse movement (LeftButton) ***  Mouse coords: (760, 541) (99597, 33732)
2022-08-30 22:02:00.323 *** Mouse movement (LeftButton) ***  Mouse coords: (758, 527) (99598, 33743)
2022-08-30 22:02:00.346 *** Mouse movement (LeftButton) ***  Mouse coords: (757, 509) (99598, 33738)
2022-08-30 22:02:00.367 *** Mouse movement (LeftButton) ***  Mouse coords: (757, 485) (99600, 33730)
2022-08-30 22:02:00.403 *** Mouse movement (LeftButton) ***  Mouse coords: (757, 470) (99600, 33742)
2022-08-30 22:02:00.425 *** Mouse movement (LeftButton) ***  Mouse coords: (757, 447) (99600, 33731)
2022-08-30 22:02:00.448 *** Mouse movement (LeftButton) ***  Mouse coords: (757, 434) (99600, 33745)
2022-08-30 22:02:00.475 *** Mouse movement (LeftButton) ***  Mouse coords: (757, 428) (99600, 33754)
2022-08-30 22:02:00.496 *** Mouse movement (LeftButton) ***  Mouse coords: (757, 423) (99600, 33755)
2022-08-30 22:02:00.517 *** Mouse movement (LeftButton) ***  Mouse coords: (757, 422) (99600, 33761)
2022-08-30 22:02:00.669 *** Mouse movement (LeftButton) ***  Mouse coords: (756, 422) (99599, 33762)
2022-08-30 22:02:01.196 *** Mouse movement (LeftButton) ***  Mouse coords: (1005, 542) (99933, 33922)
2022-08-30 22:02:01.261 *** Mouse movement (LeftButton) ***  Mouse coords: (1005, 541) (99933, 33920)
2022-08-30 22:02:01.291 *** Mouse movement (LeftButton) ***  Mouse coords: (1005, 522) (99933, 33896)
2022-08-30 22:02:01.337 *** Mouse movement (LeftButton) ***  Mouse coords: (1005, 467) (99933, 33847)
2022-08-30 22:02:01.361 *** Mouse movement (LeftButton) ***  Mouse coords: (1005, 389) (99933, 33817)
2022-08-30 22:02:01.391 *** Mouse movement (LeftButton) ***  Mouse coords: (1005, 350) (99933, 33868)
2022-08-30 22:02:01.422 *** Mouse movement (LeftButton) ***  Mouse coords: (1005, 327) (99933, 33890)
2022-08-30 22:02:01.503 *** Mouse movement (LeftButton) ***  Mouse coords: (1005, 327) (99933, 33921)
2022-08-30 22:02:01.536 *** Mouse movement (LeftButton) ***  Mouse coords: (1005, 327) (99933, 33921)
2022-08-30 22:02:03.321 *** Mouse movement (LeftButton) ***  Mouse coords: (549, 415) (99972, 33918)
2022-08-30 22:02:03.411 *** Mouse movement (LeftButton) ***  Mouse coords: (549, 415) (99972, 33918)
2022-08-30 22:02:03.456 *** Mouse movement (LeftButton) ***  Mouse coords: (603, 397) (100015, 33903)
2022-08-30 22:02:03.505 *** Mouse movement (LeftButton) ***  Mouse coords: (706, 363) (100053, 33891)
2022-08-30 22:02:03.534 *** Mouse movement (LeftButton) ***  Mouse coords: (814, 333) (100058, 33895)
2022-08-30 22:02:03.576 *** Mouse movement (LeftButton) ***  Mouse coords: (913, 312) (100050, 33901)
2022-08-30 22:02:03.607 *** Mouse movement (LeftButton) ***  Mouse coords: (923, 311) (99980, 33917)
2022-08-30 22:02:03.661 *** Mouse movement (LeftButton) ***  Mouse coords: (924, 310) (99973, 33917)
2022-08-30 22:02:05.646 *** Mouse movement (LeftButton) ***  Mouse coords: (444, 519) (99916, 34017)
2022-08-30 22:02:05.736 *** Mouse movement (LeftButton) ***  Mouse coords: (444, 519) (99916, 34017)
2022-08-30 22:02:05.784 *** Mouse movement (LeftButton) ***  Mouse coords: (549, 506) (100022, 34004)
2022-08-30 22:02:05.816 *** Mouse movement (LeftButton) ***  Mouse coords: (730, 484) (100099, 33995)
2022-08-30 22:02:05.838 *** Mouse movement (LeftButton) ***  Mouse coords: (740, 484) (99926, 34017)
2022-08-30 22:02:05.863 *** Mouse movement (LeftButton) ***  Mouse coords: (840, 482) (100017, 34015)
2022-08-30 22:02:05.886 *** Mouse movement (LeftButton) ***  Mouse coords: (884, 482) (99960, 34017)
2022-08-30 22:02:05.913 *** Mouse movement (LeftButton) ***  Mouse coords: (907, 482) (99939, 34017)
2022-08-30 22:02:05.941 *** Mouse movement (LeftButton) ***  Mouse coords: (911, 482) (99920, 34017)
2022-08-30 22:02:05.986 *** Mouse movement (LeftButton) ***  Mouse coords: (910, 481) (99915, 34016)
2022-08-30 22:02:13.732 *** Keyboard input *** key pressed: key: 78; text: "n"
2022-08-30 22:02:14.096 *** Keyboard input *** key pressed: key: 77; text: "m"
2022-08-30 22:02:14.099 *** Process image overlay spent 0.00 seconds.
2022-08-30 22:02:14.101 *** Get cell color spent 0.00 seconds.
2022-08-30 22:02:14.559 *** Keyboard input *** key pressed: key: 78; text: "n"
2022-08-30 22:02:17.317 *** Process image overlay spent 0.00 seconds.
2022-08-30 22:02:17.319 *** Get cell color spent 0.00 seconds.
2022-08-30 22:02:17.362 *** Process image overlay spent 0.00 seconds.
2022-08-30 22:02:17.364 *** Get cell color spent 0.00 seconds.
2022-08-30 22:02:17.636 *** Process image overlay spent 0.00 seconds.
2022-08-30 22:02:17.638 *** Get cell color spent 0.00 seconds.
2022-08-30 22:02:18.037 *** Mouse movement (LeftButton) ***  Mouse coords: (656, 433) (99650, 33953)
2022-08-30 22:02:18.174 *** Process image overlay spent 0.00 seconds.
2022-08-30 22:02:18.176 *** Get cell color spent 0.00 seconds.
2022-08-30 22:02:19.870 *** Keyboard input *** key pressed: key: 77; text: "m"
2022-08-30 22:02:20.154 *** Keyboard input *** key pressed: key: 77; text: "m"
2022-08-30 22:02:20.161 *** Process image overlay spent 0.00 seconds.
2022-08-30 22:02:20.164 *** Get cell color spent 0.00 seconds.
2022-08-30 22:02:21.050 *** Process image overlay spent 0.00 seconds.
2022-08-30 22:02:21.052 *** Get cell color spent 0.00 seconds.
2022-08-30 22:02:22.520 *** Process image overlay spent 0.00 seconds.
2022-08-30 22:02:22.522 *** Get cell color spent 0.00 seconds.
2022-08-30 22:02:23.532 *** Process image overlay spent 0.00 seconds.
2022-08-30 22:02:23.533 *** Get cell color spent 0.00 seconds.
2022-08-30 22:02:24.290 *** Process image overlay spent 0.00 seconds.
2022-08-30 22:02:24.293 *** Get cell color spent 0.00 seconds.
2022-08-30 22:02:24.907 *** Process image overlay spent 0.00 seconds.
2022-08-30 22:02:24.916 *** Get cell color spent 0.01 seconds.
2022-08-30 22:02:25.954 *** Process image overlay spent 0.00 seconds.
2022-08-30 22:02:25.967 *** Get cell color spent 0.01 seconds.
2022-08-30 22:02:28.542 *** Process image overlay spent 0.00 seconds.
2022-08-30 22:02:28.553 *** Get cell color spent 0.01 seconds.
2022-08-30 22:02:29.325 *** Process image overlay spent 0.00 seconds.
2022-08-30 22:02:29.329 *** Get cell color spent 0.00 seconds.
2022-08-30 22:02:30.184 *** Process image overlay spent 0.00 seconds.
2022-08-30 22:02:30.189 *** Get cell color spent 0.01 seconds.
2022-08-30 22:02:30.440 *** Process image overlay spent 0.00 seconds.
2022-08-30 22:02:30.447 *** Get cell color spent 0.01 seconds.
2022-08-30 22:02:32.298 *** Process image overlay spent 0.00 seconds.
2022-08-30 22:02:32.300 *** Get cell color spent 0.00 seconds.
2022-08-30 22:02:32.394 *** Process image overlay spent 0.00 seconds.
2022-08-30 22:02:32.396 *** Get cell color spent 0.00 seconds.
2022-08-30 22:02:32.502 *** Process image overlay spent 0.00 seconds.
2022-08-30 22:02:32.504 *** Get cell color spent 0.00 seconds.
2022-08-30 22:02:32.854 *** Mouse movement (LeftButton) ***  Mouse coords: (778, 223) (102187, 35688)
2022-08-30 22:02:32.928 *** Mouse movement (LeftButton) ***  Mouse coords: (778, 223) (102187, 35688)
2022-08-30 22:02:32.962 *** Mouse movement (LeftButton) ***  Mouse coords: (774, 241) (102173, 35751)
2022-08-30 22:02:32.986 *** Mouse movement (LeftButton) ***  Mouse coords: (771, 261) (102176, 35758)
2022-08-30 22:02:33.010 *** Mouse movement (LeftButton) ***  Mouse coords: (770, 269) (102184, 35715)
2022-08-30 22:02:33.037 *** Mouse movement (LeftButton) ***  Mouse coords: (769, 305) (102183, 35814)
2022-08-30 22:02:33.064 *** Mouse movement (LeftButton) ***  Mouse coords: (769, 322) (102187, 35748)
2022-08-30 22:02:33.104 *** Mouse movement (LeftButton) ***  Mouse coords: (769, 339) (102187, 35747)
2022-08-30 22:02:33.135 *** Mouse movement (LeftButton) ***  Mouse coords: (769, 341) (102187, 35695)
2022-08-30 22:02:33.157 *** Mouse movement (LeftButton) ***  Mouse coords: (770, 341) (102191, 35688)
2022-08-30 22:02:33.179 *** Mouse movement (LeftButton) ***  Mouse coords: (770, 341) (102187, 35688)
2022-08-30 22:02:33.240 *** Process image overlay spent 0.00 seconds.
2022-08-30 22:02:33.242 *** Get cell color spent 0.00 seconds.
2022-08-30 22:02:33.541 *** Process image overlay spent 0.00 seconds.
2022-08-30 22:02:33.542 *** Get cell color spent 0.00 seconds.
2022-08-30 22:02:33.919 *** Process image overlay spent 0.00 seconds.
2022-08-30 22:02:33.920 *** Get cell color spent 0.00 seconds.
2022-08-30 22:02:34.280 *** Process image overlay spent 0.00 seconds.
2022-08-30 22:02:34.281 *** Get cell color spent 0.00 seconds.
2022-08-30 22:02:34.516 *** Process image overlay spent 0.00 seconds.
2022-08-30 22:02:34.521 *** Get cell color spent 0.00 seconds.
2022-08-30 22:02:34.863 *** Process image overlay spent 0.00 seconds.
2022-08-30 22:02:34.875 *** Get cell color spent 0.01 seconds.
2022-08-30 22:02:41.555 *** Open processed data
2022-08-30 22:02:41.556 *** Preload all statistics at once.
2022-08-30 22:02:43.824 *** Nuclei stat data loaded, took 2.27 seconds. Total number of nuclei: 1781303
2022-08-30 22:02:55.106 *** Mouse movement (LeftButton) ***  Mouse coords: (484, 304) (83466, 20995)
2022-08-30 22:02:55.246 *** Mouse movement (LeftButton) ***  Mouse coords: (485, 305) (83570, 21100)
2022-08-30 22:02:55.283 *** Mouse movement (LeftButton) ***  Mouse coords: (576, 289) (92996, 19319)
2022-08-30 22:02:55.315 *** Mouse movement (LeftButton) ***  Mouse coords: (671, 268) (93414, 18796)
2022-08-30 22:02:55.346 *** Mouse movement (LeftButton) ***  Mouse coords: (1138, 229) (132369, 16911)
2022-08-30 22:02:55.372 *** Mouse movement (LeftButton) ***  Mouse coords: (1170, 229) (86817, 20995)
2022-08-30 22:02:55.395 *** Mouse movement (LeftButton) ***  Mouse coords: (1224, 229) (89121, 20995)
2022-08-30 22:02:55.419 *** Mouse movement (LeftButton) ***  Mouse coords: (1249, 229) (86084, 20995)
2022-08-30 22:02:55.443 *** Mouse movement (LeftButton) ***  Mouse coords: (1255, 229) (84095, 20995)
2022-08-30 22:02:55.465 *** Mouse movement (LeftButton) ***  Mouse coords: (1256, 229) (83570, 20995)
2022-08-30 22:02:55.490 *** Mouse movement (LeftButton) ***  Mouse coords: (1256, 229) (83466, 20995)
2022-08-30 22:02:55.530 *** Mouse movement (LeftButton) ***  Mouse coords: (1257, 229) (83571, 20995)
2022-08-30 22:02:56.163 *** Mouse movement (LeftButton) ***  Mouse coords: (873, 290) (43254, 27383)
2022-08-30 22:02:56.286 *** Mouse movement (LeftButton) ***  Mouse coords: (874, 290) (43359, 27383)
2022-08-30 22:02:56.324 *** Mouse movement (LeftButton) ***  Mouse coords: (869, 302) (42730, 28640)
2022-08-30 22:02:56.356 *** Mouse movement (LeftButton) ***  Mouse coords: (866, 307) (42940, 27906)
2022-08-30 22:02:56.379 *** Mouse movement (LeftButton) ***  Mouse coords: (856, 323) (42207, 29059)
2022-08-30 22:02:56.402 *** Mouse movement (LeftButton) ***  Mouse coords: (848, 334) (42416, 28535)
2022-08-30 22:02:56.424 *** Mouse movement (LeftButton) ***  Mouse coords: (844, 340) (42835, 28011)
2022-08-30 22:02:56.448 *** Mouse movement (LeftButton) ***  Mouse coords: (844, 341) (43254, 27488)
2022-08-30 22:02:56.471 *** Mouse movement (LeftButton) ***  Mouse coords: (843, 342) (43149, 27487)
2022-08-30 22:02:56.519 *** Mouse movement (LeftButton) ***  Mouse coords: (843, 342) (43254, 27383)
2022-08-30 22:03:41.889 *** Mouse movement (LeftButton) ***  Mouse coords: (668, 407) (20639, 16377)
2022-08-30 22:03:42.220 *** Mouse movement (LeftButton) ***  Mouse coords: (923, 474) (47239, 23498)
2022-08-30 22:03:42.319 *** Mouse movement (LeftButton) ***  Mouse coords: (924, 474) (47343, 23498)
2022-08-30 22:03:42.355 *** Mouse movement (LeftButton) ***  Mouse coords: (911, 451) (45878, 21090)
2022-08-30 22:03:42.380 *** Mouse movement (LeftButton) ***  Mouse coords: (878, 407) (43783, 18890)
2022-08-30 22:03:42.401 *** Mouse movement (LeftButton) ***  Mouse coords: (861, 391) (45459, 21823)
2022-08-30 22:03:42.427 *** Mouse movement (LeftButton) ***  Mouse coords: (856, 386) (46715, 22974)
2022-08-30 22:03:42.448 *** Mouse movement (LeftButton) ***  Mouse coords: (842, 377) (45773, 22556)
2022-08-30 22:03:42.470 *** Mouse movement (LeftButton) ***  Mouse coords: (839, 376) (46925, 23393)
2022-08-30 22:03:42.492 *** Mouse movement (LeftButton) ***  Mouse coords: (839, 376) (47239, 23498)
2022-08-30 22:03:42.536 *** Mouse movement (LeftButton) ***  Mouse coords: (838, 376) (47135, 23498)
2022-08-30 22:03:42.566 *** Mouse movement (LeftButton) ***  Mouse coords: (838, 376) (47239, 23498)
2022-08-30 22:03:44.555 *** Process image overlay spent 0.01 seconds.
2022-08-30 22:03:44.601 *** Get cell color spent 0.05 seconds.
2022-08-30 22:03:44.786 *** Process image overlay spent 0.01 seconds.
2022-08-30 22:03:44.796 *** Get cell color spent 0.01 seconds.
2022-08-30 22:03:45.086 *** Process image overlay spent 0.00 seconds.
2022-08-30 22:03:45.096 *** Get cell color spent 0.01 seconds.
2022-08-30 22:03:45.765 *** Process image overlay spent 0.00 seconds.
2022-08-30 22:03:45.768 *** Get cell color spent 0.00 seconds.
2022-08-30 22:03:46.672 *** Process image overlay spent 0.00 seconds.
2022-08-30 22:03:46.675 *** Get cell color spent 0.00 seconds.
2022-08-30 22:03:46.921 *** Mouse movement (LeftButton) ***  Mouse coords: (985, 536) (36842, 27564)
2022-08-30 22:03:47.019 *** Mouse movement (LeftButton) ***  Mouse coords: (985, 536) (36842, 27564)
2022-08-30 22:03:47.052 *** Mouse movement (LeftButton) ***  Mouse coords: (969, 522) (36817, 27543)
2022-08-30 22:03:47.076 *** Mouse movement (LeftButton) ***  Mouse coords: (950, 503) (36813, 27534)
2022-08-30 22:03:47.098 *** Mouse movement (LeftButton) ***  Mouse coords: (866, 416) (36711, 27429)
2022-08-30 22:03:47.119 *** Mouse movement (LeftButton) ***  Mouse coords: (818, 367) (36767, 27487)
2022-08-30 22:03:47.142 *** Mouse movement (LeftButton) ***  Mouse coords: (786, 334) (36793, 27513)
2022-08-30 22:03:47.169 *** Mouse movement (LeftButton) ***  Mouse coords: (758, 305) (36798, 27519)
2022-08-30 22:03:47.191 *** Mouse movement (LeftButton) ***  Mouse coords: (748, 294) (36826, 27547)
2022-08-30 22:03:47.212 *** Mouse movement (LeftButton) ***  Mouse coords: (747, 292) (36841, 27561)
2022-08-30 22:03:47.235 *** Mouse movement (LeftButton) ***  Mouse coords: (747, 292) (36842, 27564)
2022-08-30 22:03:47.352 *** Process image overlay spent 0.00 seconds.
2022-08-30 22:03:47.355 *** Get cell color spent 0.00 seconds.
2022-08-30 22:03:47.893 *** Mouse movement (LeftButton) ***  Mouse coords: (97, 108) (29440, 33140)
2022-08-30 22:03:48.014 *** Process image overlay spent 0.01 seconds.
2022-08-30 22:03:48.016 *** Get cell color spent 0.00 seconds.
2022-08-30 22:03:48.479 *** Mouse movement (LeftButton) ***  Mouse coords: (111, 116) (33830, 35647)
2022-08-30 22:03:48.596 *** Process image overlay spent 0.00 seconds.
2022-08-30 22:03:48.598 *** Get cell color spent 0.00 seconds.
2022-08-30 22:03:48.911 *** Mouse movement (LeftButton) ***  Mouse coords: (134, 125) (41044, 38467)
2022-08-30 22:03:49.027 *** Process image overlay spent 0.00 seconds.
2022-08-30 22:03:49.029 *** Get cell color spent 0.00 seconds.
2022-08-30 22:03:50.224 *** Mouse movement (LeftButton) ***  Mouse coords: (92, 117) (27871, 35960)
2022-08-30 22:03:50.333 *** Process image overlay spent 0.00 seconds.
2022-08-30 22:03:50.336 *** Get cell color spent 0.00 seconds.
2022-08-30 22:03:50.828 *** Process image overlay spent 0.01 seconds.
2022-08-30 22:03:50.831 *** Get cell color spent 0.00 seconds.
2022-08-30 22:03:51.240 *** Mouse movement (LeftButton) ***  Mouse coords: (109, 118) (33203, 36273)
2022-08-30 22:03:51.342 *** Process image overlay spent 0.00 seconds.
2022-08-30 22:03:51.344 *** Get cell color spent 0.00 seconds.
2022-08-30 22:03:51.772 *** Mouse movement (LeftButton) ***  Mouse coords: (109, 137) (33203, 42227)
2022-08-30 22:03:51.883 *** Process image overlay spent 0.00 seconds.
2022-08-30 22:03:51.901 *** Get cell color spent 0.00 seconds.
2022-08-30 22:03:52.574 *** Mouse movement (LeftButton) ***  Mouse coords: (609, 311) (33981, 42498)
2022-08-30 22:03:52.615 *** Mouse movement (LeftButton) ***  Mouse coords: (609, 318) (33981, 42508)
2022-08-30 22:03:52.658 *** Mouse movement (LeftButton) ***  Mouse coords: (609, 320) (33981, 42500)
2022-08-30 22:03:52.680 *** Mouse movement (LeftButton) ***  Mouse coords: (609, 321) (33981, 42499)
2022-08-30 22:03:52.702 *** Mouse movement (LeftButton) ***  Mouse coords: (609, 322) (33981, 42498)
2022-08-30 22:03:52.821 *** Process image overlay spent 0.01 seconds.
2022-08-30 22:03:52.823 *** Get cell color spent 0.00 seconds.
2022-08-30 22:03:53.448 *** Process image overlay spent 0.00 seconds.
2022-08-30 22:03:53.462 *** Get cell color spent 0.01 seconds.
2022-08-30 22:03:54.279 *** Process image overlay spent 0.00 seconds.
2022-08-30 22:03:54.296 *** Get cell color spent 0.02 seconds.
2022-08-30 22:03:55.114 *** Process image overlay spent 0.00 seconds.
2022-08-30 22:03:55.126 *** Get cell color spent 0.01 seconds.
2022-08-30 22:03:55.444 *** Process image overlay spent 0.00 seconds.
2022-08-30 22:03:55.463 *** Get cell color spent 0.01 seconds.
2022-08-30 22:04:01.203 *** Process image overlay spent 0.00 seconds.
2022-08-30 22:04:01.205 *** Get cell color spent 0.00 seconds.
2022-08-30 22:04:02.105 *** Process image overlay spent 0.00 seconds.
2022-08-30 22:04:02.106 *** Get cell color spent 0.00 seconds.
2022-08-30 22:04:02.148 *** Process image overlay spent 0.00 seconds.
2022-08-30 22:04:02.150 *** Get cell color spent 0.00 seconds.
2022-08-30 22:04:02.204 *** Process image overlay spent 0.00 seconds.
2022-08-30 22:04:02.206 *** Get cell color spent 0.00 seconds.
2022-08-30 22:04:02.246 *** Process image overlay spent 0.00 seconds.
2022-08-30 22:04:02.248 *** Get cell color spent 0.00 seconds.
2022-08-30 22:04:02.280 *** Process image overlay spent 0.00 seconds.
2022-08-30 22:04:02.282 *** Get cell color spent 0.00 seconds.
2022-08-30 22:04:02.319 *** Process image overlay spent 0.00 seconds.
2022-08-30 22:04:02.321 *** Get cell color spent 0.00 seconds.
2022-08-30 22:04:02.795 *** Process image overlay spent 0.01 seconds.
2022-08-30 22:04:02.797 *** Get cell color spent 0.00 seconds.
2022-08-30 22:04:02.845 *** Process image overlay spent 0.00 seconds.
2022-08-30 22:04:02.847 *** Get cell color spent 0.00 seconds.
2022-08-30 22:04:02.998 *** Process image overlay spent 0.00 seconds.
2022-08-30 22:04:03.001 *** Get cell color spent 0.00 seconds.
2022-08-30 22:04:03.737 *** Mouse movement (LeftButton) ***  Mouse coords: (849, 507) (33632, 42323)
2022-08-30 22:04:03.785 *** Mouse movement (LeftButton) ***  Mouse coords: (848, 507) (33630, 42323)
2022-08-30 22:04:03.811 *** Mouse movement (LeftButton) ***  Mouse coords: (848, 507) (33632, 42323)
2022-08-30 22:04:03.833 *** Mouse movement (LeftButton) ***  Mouse coords: (847, 507) (33631, 42323)
2022-08-30 22:04:03.854 *** Mouse movement (LeftButton) ***  Mouse coords: (846, 507) (33630, 42323)
2022-08-30 22:04:03.880 *** Mouse movement (LeftButton) ***  Mouse coords: (845, 507) (33631, 42323)
2022-08-30 22:04:03.906 *** Mouse movement (LeftButton) ***  Mouse coords: (838, 507) (33621, 42323)
2022-08-30 22:04:03.927 *** Mouse movement (LeftButton) ***  Mouse coords: (825, 507) (33613, 42323)
2022-08-30 22:04:03.948 *** Mouse movement (LeftButton) ***  Mouse coords: (804, 509) (33600, 42326)
2022-08-30 22:04:03.975 *** Mouse movement (LeftButton) ***  Mouse coords: (789, 513) (33610, 42329)
2022-08-30 22:04:03.997 *** Mouse movement (LeftButton) ***  Mouse coords: (770, 518) (33603, 42331)
2022-08-30 22:04:04.024 *** Mouse movement (LeftButton) ***  Mouse coords: (757, 522) (33613, 42329)
2022-08-30 22:04:04.045 *** Mouse movement (LeftButton) ***  Mouse coords: (756, 522) (33630, 42323)
2022-08-30 22:04:04.169 *** Process image overlay spent 0.00 seconds.
2022-08-30 22:04:04.172 *** Get cell color spent 0.00 seconds.
2022-08-30 22:04:05.466 *** Mouse movement (LeftButton) ***  Mouse coords: (899, 564) (33847, 42386)
2022-08-30 22:04:05.628 *** Mouse movement (LeftButton) ***  Mouse coords: (899, 564) (33847, 42386)
2022-08-30 22:04:05.674 *** Mouse movement (LeftButton) ***  Mouse coords: (874, 542) (33809, 42353)
2022-08-30 22:04:05.703 *** Mouse movement (LeftButton) ***  Mouse coords: (854, 524) (33817, 42359)
2022-08-30 22:04:05.728 *** Mouse movement (LeftButton) ***  Mouse coords: (847, 518) (33837, 42377)
2022-08-30 22:04:05.749 *** Mouse movement (LeftButton) ***  Mouse coords: (835, 509) (33829, 42372)
2022-08-30 22:04:05.771 *** Mouse movement (LeftButton) ***  Mouse coords: (829, 503) (33838, 42377)
2022-08-30 22:04:05.796 *** Mouse movement (LeftButton) ***  Mouse coords: (825, 499) (33841, 42380)
2022-08-30 22:04:05.824 *** Mouse movement (LeftButton) ***  Mouse coords: (824, 498) (33845, 42385)
2022-08-30 22:04:05.846 *** Mouse movement (LeftButton) ***  Mouse coords: (823, 498) (33846, 42386)
2022-08-30 22:04:05.866 *** Mouse movement (LeftButton) ***  Mouse coords: (823, 498) (33847, 42386)
2022-08-30 22:04:05.978 *** Process image overlay spent 0.00 seconds.
2022-08-30 22:04:05.981 *** Get cell color spent 0.00 seconds.
2022-08-30 22:04:06.455 *** Mouse movement (LeftButton) ***  Mouse coords: (915, 539) (33985, 42447)
2022-08-30 22:04:06.496 *** Mouse movement (LeftButton) ***  Mouse coords: (885, 535) (33940, 42441)
2022-08-30 22:04:06.522 *** Mouse movement (LeftButton) ***  Mouse coords: (875, 533) (33970, 42444)
2022-08-30 22:04:06.544 *** Mouse movement (LeftButton) ***  Mouse coords: (816, 510) (33896, 42413)
2022-08-30 22:04:06.565 *** Mouse movement (LeftButton) ***  Mouse coords: (773, 492) (33921, 42420)
2022-08-30 22:04:06.593 *** Mouse movement (LeftButton) ***  Mouse coords: (744, 480) (33941, 42429)
2022-08-30 22:04:06.635 *** Mouse movement (LeftButton) ***  Mouse coords: (724, 468) (33955, 42429)
2022-08-30 22:04:06.659 *** Mouse movement (LeftButton) ***  Mouse coords: (723, 467) (33984, 42445)
2022-08-30 22:04:06.680 *** Mouse movement (LeftButton) ***  Mouse coords: (723, 467) (33985, 42447)
2022-08-30 22:04:06.703 *** Mouse movement (LeftButton) ***  Mouse coords: (723, 467) (33985, 42447)
2022-08-30 22:04:06.733 *** Mouse movement (LeftButton) ***  Mouse coords: (723, 467) (33985, 42447)
2022-08-30 22:04:10.648 *** Mouse movement (LeftButton) ***  Mouse coords: (857, 475) (34186, 42459)
2022-08-30 22:04:10.906 *** Keyboard input *** key pressed: key: 77; text: "m"
2022-08-30 22:04:11.873 *** Mouse movement (LeftButton) ***  Mouse coords: (791, 470) (34087, 42452)
2022-08-30 22:04:11.977 *** Mouse movement (LeftButton) ***  Mouse coords: (791, 470) (34088, 42453)
2022-08-30 22:04:12.010 *** Mouse movement (LeftButton) ***  Mouse coords: (804, 482) (34107, 42471)
2022-08-30 22:04:12.035 *** Mouse movement (LeftButton) ***  Mouse coords: (842, 508) (34145, 42492)
2022-08-30 22:04:12.057 *** Mouse movement (LeftButton) ***  Mouse coords: (856, 515) (34109, 42463)
2022-08-30 22:04:12.080 *** Mouse movement (LeftButton) ***  Mouse coords: (874, 525) (34115, 42468)
2022-08-30 22:04:12.104 *** Mouse movement (LeftButton) ***  Mouse coords: (889, 534) (34111, 42467)
2022-08-30 22:04:12.132 *** Mouse movement (LeftButton) ***  Mouse coords: (895, 536) (34097, 42456)
2022-08-30 22:04:12.154 *** Mouse movement (LeftButton) ***  Mouse coords: (895, 537) (34088, 42454)
2022-08-30 22:04:12.205 *** Mouse movement (LeftButton) ***  Mouse coords: (895, 537) (34088, 42453)
2022-08-30 22:04:12.266 *** Mouse movement (LeftButton) ***  Mouse coords: (895, 534) (34088, 42449)
2022-08-30 22:04:14.456 *** Mouse movement (LeftButton) ***  Mouse coords: (1031, 576) (34220, 42512)
2022-08-30 22:04:14.569 *** Mouse movement (LeftButton) ***  Mouse coords: (1031, 576) (34220, 42512)
2022-08-30 22:04:14.613 *** Mouse movement (LeftButton) ***  Mouse coords: (997, 575) (34188, 42511)
2022-08-30 22:04:14.638 *** Mouse movement (LeftButton) ***  Mouse coords: (936, 547) (34162, 42486)
2022-08-30 22:04:14.682 *** Mouse movement (LeftButton) ***  Mouse coords: (870, 500) (34157, 42467)
2022-08-30 22:04:14.707 *** Mouse movement (LeftButton) ***  Mouse coords: (846, 479) (34197, 42492)
2022-08-30 22:04:14.732 *** Mouse movement (LeftButton) ***  Mouse coords: (820, 450) (34195, 42485)
2022-08-30 22:04:14.757 *** Mouse movement (LeftButton) ***  Mouse coords: (810, 438) (34211, 42500)
2022-08-30 22:04:14.784 *** Mouse movement (LeftButton) ***  Mouse coords: (807, 434) (34217, 42508)
2022-08-30 22:04:14.831 *** Mouse movement (LeftButton) ***  Mouse coords: (807, 433) (34220, 42511)
2022-08-30 22:04:14.855 *** Mouse movement (LeftButton) ***  Mouse coords: (806, 433) (34219, 42512)
2022-08-30 22:04:21.096 *** Mouse movement (LeftButton) ***  Mouse coords: (1045, 307) (34575, 42305)
2022-08-30 22:04:21.129 *** Mouse movement (LeftButton) ***  Mouse coords: (1049, 325) (34581, 42332)
2022-08-30 22:04:21.149 *** Mouse movement (LeftButton) ***  Mouse coords: (1058, 348) (34594, 42366)
2022-08-30 22:04:21.170 *** Mouse movement (LeftButton) ***  Mouse coords: (1072, 379) (34615, 42412)
2022-08-30 22:04:21.189 *** Mouse movement (LeftButton) ***  Mouse coords: (1081, 396) (34629, 42438)
2022-08-30 22:04:21.209 *** Mouse movement (LeftButton) ***  Mouse coords: (1092, 422) (34645, 42477)
2022-08-30 22:04:21.228 *** Mouse movement (LeftButton) ***  Mouse coords: (1101, 445) (34659, 42511)
2022-08-30 22:04:21.247 *** Mouse movement (LeftButton) ***  Mouse coords: (1109, 463) (34671, 42538)
2022-08-30 22:04:21.267 *** Mouse movement (LeftButton) ***  Mouse coords: (1116, 475) (34681, 42556)
2022-08-30 22:04:21.287 *** Mouse movement (LeftButton) ***  Mouse coords: (1117, 477) (34682, 42559)
2022-08-30 22:04:21.306 *** Mouse movement (LeftButton) ***  Mouse coords: (1118, 478) (34684, 42560)
2022-08-30 22:04:21.326 *** Mouse movement (LeftButton) ***  Mouse coords: (1119, 478) (34685, 42560)
2022-08-30 22:04:21.345 *** Mouse movement (LeftButton) ***  Mouse coords: (1119, 478) (34685, 42560)
2022-08-30 22:04:21.378 *** Mouse movement (LeftButton) ***  Mouse coords: (1119, 478) (34685, 42560)
2022-08-30 22:04:21.411 *** Mouse movement (LeftButton) ***  Mouse coords: (1119, 478) (34685, 42560)
2022-08-30 22:04:21.430 *** Mouse movement (LeftButton) ***  Mouse coords: (1119, 477) (34685, 42559)
2022-08-30 22:04:21.449 *** Mouse movement (LeftButton) ***  Mouse coords: (1119, 474) (34685, 42554)
2022-08-30 22:04:21.469 *** Mouse movement (LeftButton) ***  Mouse coords: (1119, 471) (34685, 42550)
2022-08-30 22:04:21.488 *** Mouse movement (LeftButton) ***  Mouse coords: (1119, 469) (34685, 42547)
2022-08-30 22:04:21.508 *** Mouse movement (LeftButton) ***  Mouse coords: (1119, 468) (34685, 42545)
2022-08-30 22:04:21.528 *** Mouse movement (LeftButton) ***  Mouse coords: (1119, 467) (34685, 42544)
2022-08-30 22:04:21.546 *** Mouse movement (LeftButton) ***  Mouse coords: (1119, 467) (34685, 42544)
2022-08-30 22:04:21.564 *** Mouse movement (LeftButton) ***  Mouse coords: (1119, 467) (34685, 42544)
2022-08-30 22:04:22.986 *** Interactive label *** Apply to case start.
2022-08-30 22:04:29.446 *** Mouse movement (LeftButton) ***  Mouse coords: (554, 374) (33840, 42405)
2022-08-30 22:04:29.474 *** Mouse movement (LeftButton) ***  Mouse coords: (560, 388) (33849, 42426)
2022-08-30 22:04:29.498 *** Mouse movement (LeftButton) ***  Mouse coords: (582, 417) (33882, 42469)
2022-08-30 22:04:29.521 *** Mouse movement (LeftButton) ***  Mouse coords: (604, 446) (33915, 42513)
2022-08-30 22:04:29.542 *** Mouse movement (LeftButton) ***  Mouse coords: (613, 457) (33929, 42529)
2022-08-30 22:04:29.564 *** Mouse movement (LeftButton) ***  Mouse coords: (620, 467) (33939, 42544)
2022-08-30 22:04:29.584 *** Mouse movement (LeftButton) ***  Mouse coords: (620, 468) (33939, 42545)
2022-08-30 22:04:29.805 *** Mouse movement (LeftButton) ***  Mouse coords: (620, 468) (33939, 42545)
2022-08-30 22:04:29.828 *** Mouse movement (LeftButton) ***  Mouse coords: (621, 471) (33941, 42550)
2022-08-30 22:04:29.849 *** Mouse movement (LeftButton) ***  Mouse coords: (623, 473) (33944, 42553)
2022-08-30 22:04:29.869 *** Mouse movement (LeftButton) ***  Mouse coords: (628, 482) (33951, 42566)
2022-08-30 22:04:29.888 *** Mouse movement (LeftButton) ***  Mouse coords: (634, 491) (33960, 42580)
2022-08-30 22:04:29.908 *** Mouse movement (LeftButton) ***  Mouse coords: (641, 502) (33970, 42596)
2022-08-30 22:04:29.928 *** Mouse movement (LeftButton) ***  Mouse coords: (643, 506) (33973, 42602)
2022-08-30 22:04:29.949 *** Mouse movement (LeftButton) ***  Mouse coords: (645, 508) (33976, 42605)
2022-08-30 22:04:29.969 *** Mouse movement (LeftButton) ***  Mouse coords: (645, 508) (33976, 42605)
2022-08-30 22:04:30.069 *** Mouse movement (LeftButton) ***  Mouse coords: (645, 508) (33976, 42605)
2022-08-30 22:04:30.091 *** Mouse movement (LeftButton) ***  Mouse coords: (646, 508) (33978, 42605)
2022-08-30 22:04:30.113 *** Mouse movement (LeftButton) ***  Mouse coords: (646, 509) (33978, 42607)
2022-08-30 22:04:30.132 *** Mouse movement (LeftButton) ***  Mouse coords: (647, 510) (33979, 42608)
2022-08-30 22:04:30.153 *** Mouse movement (LeftButton) ***  Mouse coords: (647, 512) (33979, 42611)
2022-08-30 22:04:30.172 *** Mouse movement (LeftButton) ***  Mouse coords: (648, 512) (33981, 42611)
2022-08-30 22:04:30.192 *** Mouse movement (LeftButton) ***  Mouse coords: (649, 513) (33982, 42613)
2022-08-30 22:04:30.211 *** Mouse movement (LeftButton) ***  Mouse coords: (650, 514) (33984, 42614)
2022-08-30 22:04:30.230 *** Mouse movement (LeftButton) ***  Mouse coords: (650, 515) (33984, 42616)
2022-08-30 22:04:30.286 *** Mouse movement (LeftButton) ***  Mouse coords: (650, 515) (33984, 42616)
2022-08-30 22:04:30.307 *** Mouse movement (LeftButton) ***  Mouse coords: (650, 516) (33984, 42617)
2022-08-30 22:04:30.328 *** Mouse movement (LeftButton) ***  Mouse coords: (651, 520) (33985, 42623)
2022-08-30 22:04:30.348 *** Mouse movement (LeftButton) ***  Mouse coords: (651, 521) (33985, 42625)
2022-08-30 22:04:31.337 *** Interactive label *** Apply to case start.
2022-08-30 22:04:36.680 *** Interactive label *** Apply to case done.
2022-08-30 22:04:37.331 *** Interactive label *** Apply to case finish overlay create.
2022-08-30 22:04:39.185 *** Keyboard input *** key pressed: key: 77; text: "m"
2022-08-30 22:04:39.198 *** Process image overlay spent 0.01 seconds.
2022-08-30 22:04:39.203 *** Get cell color spent 0.00 seconds.
2022-08-30 22:04:40.280 *** Process image overlay spent 0.01 seconds.
2022-08-30 22:04:40.286 *** Get cell color spent 0.01 seconds.
2022-08-30 22:04:41.297 *** Process image overlay spent 0.00 seconds.
2022-08-30 22:04:41.308 *** Get cell color spent 0.01 seconds.
2022-08-30 22:04:43.755 *** Mouse movement (LeftButton) ***  Mouse coords: (666, 100) (33492, 40921)
2022-08-30 22:04:43.801 *** Mouse movement (LeftButton) ***  Mouse coords: (682, 137) (33562, 41083)
2022-08-30 22:04:43.830 *** Mouse movement (LeftButton) ***  Mouse coords: (703, 174) (33654, 41244)
2022-08-30 22:04:43.855 *** Mouse movement (LeftButton) ***  Mouse coords: (713, 191) (33697, 41318)
2022-08-30 22:04:43.879 *** Mouse movement (LeftButton) ***  Mouse coords: (716, 198) (33710, 41348)
2022-08-30 22:04:43.904 *** Mouse movement (LeftButton) ***  Mouse coords: (717, 199) (33715, 41353)
2022-08-30 22:04:44.028 *** Mouse movement (LeftButton) ***  Mouse coords: (717, 199) (33715, 41353)
2022-08-30 22:04:44.052 *** Mouse movement (LeftButton) ***  Mouse coords: (717, 199) (33715, 41353)
2022-08-30 22:04:44.076 *** Mouse movement (LeftButton) ***  Mouse coords: (717, 199) (33715, 41353)
2022-08-30 22:04:46.084 *** Interactive label *** Apply to case start.
2022-08-30 22:04:51.075 *** Interactive label *** Apply to case done.
2022-08-30 22:04:52.101 *** Interactive label *** Apply to case finish overlay create.
2022-08-30 22:04:52.108 *** Process image overlay spent 0.01 seconds.
2022-08-30 22:04:52.204 *** Get cell color spent 0.10 seconds.
2022-08-30 22:04:54.574 *** Process image overlay spent 0.00 seconds.
2022-08-30 22:04:54.601 *** Get cell color spent 0.03 seconds.
2022-08-30 22:04:55.293 *** Process image overlay spent 0.00 seconds.
2022-08-30 22:04:55.346 *** Get cell color spent 0.05 seconds.
2022-08-30 22:05:01.895 *** Process image overlay spent 0.00 seconds.
2022-08-30 22:05:01.962 *** Get cell color spent 0.07 seconds.
2022-08-30 22:05:02.335 *** Process image overlay spent 0.00 seconds.
2022-08-30 22:05:02.370 *** Get cell color spent 0.03 seconds.
2022-08-30 22:05:03.123 *** Process image overlay spent 0.00 seconds.
2022-08-30 22:05:03.131 *** Get cell color spent 0.01 seconds.
2022-08-30 22:05:04.490 *** Process image overlay spent 0.00 seconds.
2022-08-30 22:05:04.493 *** Get cell color spent 0.00 seconds.
2022-08-30 22:05:05.252 *** Process image overlay spent 0.01 seconds.
2022-08-30 22:05:05.255 *** Get cell color spent 0.00 seconds.
2022-08-30 22:05:06.354 *** Mouse movement (LeftButton) ***  Mouse coords: (481, 135) (34404, 42964)
2022-08-30 22:05:06.399 *** Mouse movement (LeftButton) ***  Mouse coords: (513, 160) (34462, 43009)
2022-08-30 22:05:06.424 *** Mouse movement (LeftButton) ***  Mouse coords: (535, 177) (34502, 43040)
2022-08-30 22:05:06.447 *** Mouse movement (LeftButton) ***  Mouse coords: (550, 188) (34529, 43060)
2022-08-30 22:05:06.470 *** Mouse movement (LeftButton) ***  Mouse coords: (551, 189) (34531, 43062)
2022-08-30 22:05:06.491 *** Mouse movement (LeftButton) ***  Mouse coords: (551, 189) (34531, 43062)
2022-08-30 22:05:06.652 *** Mouse movement (LeftButton) ***  Mouse coords: (552, 190) (34533, 43064)
2022-08-30 22:05:06.685 *** Mouse movement (LeftButton) ***  Mouse coords: (555, 194) (34538, 43071)
2022-08-30 22:05:06.708 *** Mouse movement (LeftButton) ***  Mouse coords: (558, 196) (34544, 43075)
2022-08-30 22:05:06.731 *** Mouse movement (LeftButton) ***  Mouse coords: (569, 204) (34564, 43089)
2022-08-30 22:05:06.754 *** Mouse movement (LeftButton) ***  Mouse coords: (575, 206) (34575, 43093)
2022-08-30 22:05:06.776 *** Mouse movement (LeftButton) ***  Mouse coords: (579, 207) (34582, 43095)
2022-08-30 22:05:06.798 *** Mouse movement (LeftButton) ***  Mouse coords: (581, 207) (34586, 43095)
2022-08-30 22:05:06.820 *** Mouse movement (LeftButton) ***  Mouse coords: (584, 208) (34591, 43097)
2022-08-30 22:05:06.843 *** Mouse movement (LeftButton) ***  Mouse coords: (587, 209) (34597, 43098)
2022-08-30 22:05:06.864 *** Mouse movement (LeftButton) ***  Mouse coords: (588, 209) (34598, 43098)
2022-08-30 22:05:06.887 *** Mouse movement (LeftButton) ***  Mouse coords: (588, 210) (34598, 43100)
2022-08-30 22:05:06.909 *** Mouse movement (LeftButton) ***  Mouse coords: (588, 210) (34598, 43100)
2022-08-30 22:05:06.928 *** Mouse movement (LeftButton) ***  Mouse coords: (588, 210) (34598, 43100)
2022-08-30 22:05:06.948 *** Mouse movement (LeftButton) ***  Mouse coords: (589, 210) (34600, 43100)
2022-08-30 22:05:06.971 *** Mouse movement (LeftButton) ***  Mouse coords: (590, 211) (34602, 43102)
2022-08-30 22:05:06.993 *** Mouse movement (LeftButton) ***  Mouse coords: (591, 212) (34604, 43104)
2022-08-30 22:05:07.015 *** Mouse movement (LeftButton) ***  Mouse coords: (591, 213) (34604, 43106)
2022-08-30 22:05:07.038 *** Mouse movement (LeftButton) ***  Mouse coords: (593, 215) (34608, 43109)
2022-08-30 22:05:07.060 *** Mouse movement (LeftButton) ***  Mouse coords: (594, 216) (34609, 43111)
2022-08-30 22:05:07.082 *** Mouse movement (LeftButton) ***  Mouse coords: (594, 217) (34609, 43113)
2022-08-30 22:05:07.104 *** Mouse movement (LeftButton) ***  Mouse coords: (594, 217) (34609, 43113)
2022-08-30 22:05:07.134 *** Mouse movement (LeftButton) ***  Mouse coords: (594, 217) (34609, 43113)
2022-08-30 22:05:07.201 *** Mouse movement (LeftButton) ***  Mouse coords: (594, 217) (34609, 43113)
2022-08-30 22:05:07.223 *** Mouse movement (LeftButton) ***  Mouse coords: (594, 218) (34609, 43115)
2022-08-30 22:05:07.245 *** Mouse movement (LeftButton) ***  Mouse coords: (594, 218) (34609, 43115)
2022-08-30 22:05:07.265 *** Mouse movement (LeftButton) ***  Mouse coords: (594, 218) (34609, 43115)
2022-08-30 22:05:07.285 *** Mouse movement (LeftButton) ***  Mouse coords: (594, 218) (34609, 43115)
2022-08-30 22:05:07.305 *** Mouse movement (LeftButton) ***  Mouse coords: (594, 219) (34609, 43117)
2022-08-30 22:05:07.328 *** Mouse movement (LeftButton) ***  Mouse coords: (594, 219) (34609, 43117)
2022-08-30 22:05:07.348 *** Mouse movement (LeftButton) ***  Mouse coords: (595, 219) (34611, 43117)
2022-08-30 22:05:07.370 *** Mouse movement (LeftButton) ***  Mouse coords: (595, 220) (34611, 43118)
2022-08-30 22:05:07.392 *** Mouse movement (LeftButton) ***  Mouse coords: (596, 221) (34613, 43120)
2022-08-30 22:05:07.413 *** Mouse movement (LeftButton) ***  Mouse coords: (596, 221) (34613, 43120)
2022-08-30 22:05:07.434 *** Mouse movement (LeftButton) ***  Mouse coords: (596, 221) (34613, 43120)
2022-08-30 22:05:07.453 *** Mouse movement (LeftButton) ***  Mouse coords: (596, 221) (34613, 43120)
2022-08-30 22:05:09.162 *** Interactive label *** Apply to case start.
2022-08-30 22:05:14.625 *** Interactive label *** Apply to case done.
2022-08-30 22:05:15.456 *** Interactive label *** Apply to case finish overlay create.
2022-08-30 22:05:15.462 *** Process image overlay spent 0.00 seconds.
2022-08-30 22:05:15.465 *** Get cell color spent 0.00 seconds.
2022-08-30 22:05:16.548 *** Process image overlay spent 0.00 seconds.
2022-08-30 22:05:16.557 *** Get cell color spent 0.01 seconds.
2022-08-30 22:05:17.654 *** Process image overlay spent 0.01 seconds.
2022-08-30 22:05:17.684 *** Get cell color spent 0.03 seconds.
2022-08-30 22:05:18.388 *** Process image overlay spent 0.00 seconds.
2022-08-30 22:05:18.444 *** Get cell color spent 0.06 seconds.
2022-08-30 22:05:23.893 *** Process image overlay spent 0.01 seconds.
2022-08-30 22:05:23.983 *** Get cell color spent 0.09 seconds.
2022-08-30 22:05:24.769 *** Process image overlay spent 0.00 seconds.
2022-08-30 22:05:24.785 *** Get cell color spent 0.02 seconds.
2022-08-30 22:05:30.030 *** Program closed.
