2022-08-11 15:15:07.047 *** Start program *** Start program
2022-08-11 15:15:17.221 *** Open case *** /media/zhihuang/Drive14/Google_Colon_lnm_pos_2015_slides/slides/S0425
2022-08-11 15:15:22.154 *** Open processed data
2022-08-11 15:15:22.154 *** Preload all statistics at once.
2022-08-11 15:15:22.959 *** Nuclei stat data loaded, took 0.81 seconds. Total number of nuclei: 954361
2022-08-11 15:15:26.816 *** Process image overlay spent 0.00 seconds.
2022-08-11 15:15:26.820 *** Get cell color spent 0.00 seconds.
2022-08-11 15:15:26.864 *** Process image overlay spent 0.00 seconds.
2022-08-11 15:15:26.866 *** Get cell color spent 0.00 seconds.
2022-08-11 15:15:26.892 *** Process image overlay spent 0.00 seconds.
2022-08-11 15:15:26.894 *** Get cell color spent 0.00 seconds.
2022-08-11 15:15:27.531 *** Process image overlay spent 0.00 seconds.
2022-08-11 15:15:27.532 *** Get cell color spent 0.00 seconds.
2022-08-11 15:15:27.774 *** Process image overlay spent 0.00 seconds.
2022-08-11 15:15:27.775 *** Get cell color spent 0.00 seconds.
2022-08-11 15:15:27.792 *** Process image overlay spent 0.00 seconds.
2022-08-11 15:15:27.794 *** Get cell color spent 0.00 seconds.
2022-08-11 15:15:31.587 *** Interactive label *** (double click) click on screen. screen: (516, 247); slide: (50815, 53827). case_id: S0425, slide_id: A9, Nuclei index selected: 614060
2022-08-11 15:15:32.511 *** Interactive label *** (double click) click on screen. screen: (506, 207); slide: (50805, 53786). case_id: S0425, slide_id: A9, Nuclei index selected: 615167
2022-08-11 15:15:36.424 *** Interactive label *** (double click) click on screen. screen: (517, 248); slide: (50816, 53828). case_id: S0425, slide_id: A9, Nuclei index selected: 614060
2022-08-11 15:15:38.299 *** Interactive label *** (double click) click on screen. screen: (646, 263); slide: (50950, 53844). case_id: S0425, slide_id: A9, Nuclei index selected: 614731
2022-08-11 15:15:46.182 *** Interactive label *** (double click) click on screen. screen: (646, 254); slide: (50950, 53835). case_id: S0425, slide_id: A9, Nuclei index selected: 614731
2022-08-11 15:15:47.104 *** Interactive label *** (double click) click on screen. screen: (669, 287); slide: (50974, 53869). case_id: S0425, slide_id: A9, Nuclei index selected: 615009
2022-08-11 15:15:47.801 *** Interactive label *** (double click) click on screen. screen: (684, 314); slide: (50990, 53897). case_id: S0425, slide_id: A9, Nuclei index selected: 676643
2022-08-11 15:15:49.752 *** Interactive label *** (double click) click on screen. screen: (688, 317); slide: (50994, 53900). case_id: S0425, slide_id: A9, Nuclei index selected: 676643
2022-08-11 15:15:56.724 *** Program closed.
