2022-09-09 03:06:49.848 *** Start program *** Start program
2022-09-09 03:07:20.587 *** starting thread (client mode): 0xfbfc4bb0
2022-09-09 03:07:20.587 *** Local version/idstring: SSH-2.0-paramiko_2.11.0
2022-09-09 03:07:20.610 *** Remote version/idstring: SSH-2.0-OpenSSH_5.3
2022-09-09 03:07:20.610 *** Connected (version 2.0, client OpenSSH_5.3)
2022-09-09 03:07:20.629 *** === Key exchange possibilities ===
2022-09-09 03:07:20.630 *** kex algos: diffie-hellman-group-exchange-sha256, diffie-hellman-group-exchange-sha1, diffie-hellman-group14-sha1, diffie-hellman-group1-sha1
2022-09-09 03:07:20.630 *** server key: ssh-rsa, ssh-rsa-cert-v01@openssh.com, ssh-dss
2022-09-09 03:07:20.630 *** client encrypt: aes128-ctr, aes192-ctr, aes256-ctr, arcfour256, arcfour128, aes128-cbc, 3des-cbc, blowfish-cbc, cast128-cbc, aes192-cbc, aes256-cbc, arcfour, rijndael-cbc@lysator.liu.se
2022-09-09 03:07:20.630 *** server encrypt: aes128-ctr, aes192-ctr, aes256-ctr, arcfour256, arcfour128, aes128-cbc, 3des-cbc, blowfish-cbc, cast128-cbc, aes192-cbc, aes256-cbc, arcfour, rijndael-cbc@lysator.liu.se
2022-09-09 03:07:20.630 *** client mac: hmac-md5, hmac-sha1, umac-64@openssh.com, hmac-sha2-256, hmac-sha2-512, hmac-ripemd160, hmac-ripemd160@openssh.com, hmac-sha1-96, hmac-md5-96
2022-09-09 03:07:20.631 *** server mac: hmac-md5, hmac-sha1, umac-64@openssh.com, hmac-sha2-256, hmac-sha2-512, hmac-ripemd160, hmac-ripemd160@openssh.com, hmac-sha1-96, hmac-md5-96
2022-09-09 03:07:20.631 *** client compress: none, zlib@openssh.com
2022-09-09 03:07:20.631 *** server compress: none, zlib@openssh.com
2022-09-09 03:07:20.632 *** client lang: <none>
2022-09-09 03:07:20.632 *** server lang: <none>
2022-09-09 03:07:20.632 *** kex follows: False
2022-09-09 03:07:20.633 *** === Key exchange agreements ===
2022-09-09 03:07:20.633 *** Kex: diffie-hellman-group-exchange-sha256
2022-09-09 03:07:20.634 *** HostKey: ssh-rsa
2022-09-09 03:07:20.635 *** Cipher: aes128-ctr
2022-09-09 03:07:20.636 *** MAC: hmac-sha2-256
2022-09-09 03:07:20.637 *** Compression: none
2022-09-09 03:07:20.637 *** === End of kex handshake ===
2022-09-09 03:07:20.695 *** Got server p (2048 bits)
2022-09-09 03:07:20.806 *** kex engine KexGexSHA256 specified hash_algo <built-in function openssl_sha256>
2022-09-09 03:07:20.806 *** Switch to new keys ...
2022-09-09 03:07:20.807 *** Adding ssh-rsa host key for 173.201.181.247: b'cca345f774a2d98448d0bcc78f04075d'
2022-09-09 03:07:20.885 *** userauth is OK
2022-09-09 03:07:20.909 *** Authentication (password) successful!
2022-09-09 03:07:20.912 *** [chan 0] Max packet in: 32768 bytes
2022-09-09 03:07:20.931 *** [chan 0] Max packet out: 32768 bytes
2022-09-09 03:07:20.932 *** Secsh channel 0 opened.
2022-09-09 03:07:20.953 *** [chan 0] Sesch channel 0 request ok
2022-09-09 03:07:20.972 *** [chan 0] Opened sftp connection (server version 3)
2022-09-09 03:07:20.972 *** [chan 0] stat(b'/home/b6o162rzivzp/NucFinder_DB/CFB1B411265361DF/interactive_nuclei_dict.pickle')
2022-09-09 03:07:20.992 *** [chan 0] stat(b'/home/b6o162rzivzp/NucFinder_DB/CFB1B411265361DF/model.pickle')
2022-09-09 03:07:21.011 *** [chan 0] open(b'/home/b6o162rzivzp/NucFinder_DB/CFB1B411265361DF/model.pickle', 'rb')
2022-09-09 03:07:21.030 *** [chan 0] open(b'/home/b6o162rzivzp/NucFinder_DB/CFB1B411265361DF/model.pickle', 'rb') -> 00000000
2022-09-09 03:07:21.165 *** [chan 0] close(00000000)
2022-09-09 03:09:07.169 *** Interactive label *** Review annotations/active learning start.
2022-09-09 03:09:13.447 *** Interactive label: Review annotations finished.
2022-09-09 03:09:13.528 *** CACHEDIR=/home/zhihuang/.cache/matplotlib
2022-09-09 03:09:13.530 *** Using fontManager instance from /home/zhihuang/.cache/matplotlib/fontlist-v330.json
2022-09-09 03:09:13.953 *** Loaded backend qtagg version unknown.
2022-09-09 03:09:18.433 *** Interactive label *** Apply to case start.
